[2024-07-02T19:55:09.979+0000] {processor.py:161} INFO - Started process (PID=26277) to work on /workspaces/Basic-ETL-aiflow/airflow/dags/ETL_dag.py
[2024-07-02T19:55:09.979+0000] {processor.py:830} INFO - Processing file /workspaces/Basic-ETL-aiflow/airflow/dags/ETL_dag.py for tasks to queue
[2024-07-02T19:55:09.980+0000] {logging_mixin.py:188} INFO - [2024-07-02T19:55:09.980+0000] {dagbag.py:545} INFO - Filling up the DagBag from /workspaces/Basic-ETL-aiflow/airflow/dags/ETL_dag.py
[2024-07-02T19:55:10.315+0000] {processor.py:840} INFO - DAG(s) 'ETL_dag' retrieved from /workspaces/Basic-ETL-aiflow/airflow/dags/ETL_dag.py
[2024-07-02T19:55:10.383+0000] {logging_mixin.py:188} INFO - [2024-07-02T19:55:10.383+0000] {dag.py:3096} INFO - Sync 1 DAGs
[2024-07-02T19:55:10.390+0000] {logging_mixin.py:188} INFO - [2024-07-02T19:55:10.390+0000] {dag.py:3954} INFO - Setting next_dagrun for ETL_dag to None, run_after=None
[2024-07-02T19:55:10.440+0000] {processor.py:183} INFO - Processing /workspaces/Basic-ETL-aiflow/airflow/dags/ETL_dag.py took 0.466 seconds
[2024-07-02T19:56:02.466+0000] {processor.py:161} INFO - Started process (PID=26717) to work on /workspaces/Basic-ETL-aiflow/airflow/dags/ETL_dag.py
[2024-07-02T19:56:02.467+0000] {processor.py:830} INFO - Processing file /workspaces/Basic-ETL-aiflow/airflow/dags/ETL_dag.py for tasks to queue
[2024-07-02T19:56:02.468+0000] {logging_mixin.py:188} INFO - [2024-07-02T19:56:02.467+0000] {dagbag.py:545} INFO - Filling up the DagBag from /workspaces/Basic-ETL-aiflow/airflow/dags/ETL_dag.py
[2024-07-02T19:56:02.820+0000] {processor.py:840} INFO - DAG(s) 'ETL_dag' retrieved from /workspaces/Basic-ETL-aiflow/airflow/dags/ETL_dag.py
[2024-07-02T19:56:02.829+0000] {logging_mixin.py:188} INFO - [2024-07-02T19:56:02.829+0000] {dag.py:3096} INFO - Sync 1 DAGs
[2024-07-02T19:56:02.836+0000] {logging_mixin.py:188} INFO - [2024-07-02T19:56:02.836+0000] {dag.py:3954} INFO - Setting next_dagrun for ETL_dag to None, run_after=None
[2024-07-02T19:56:02.875+0000] {processor.py:183} INFO - Processing /workspaces/Basic-ETL-aiflow/airflow/dags/ETL_dag.py took 0.413 seconds
[2024-07-02T19:56:25.191+0000] {processor.py:161} INFO - Started process (PID=26914) to work on /workspaces/Basic-ETL-aiflow/airflow/dags/ETL_dag.py
[2024-07-02T19:56:25.192+0000] {processor.py:830} INFO - Processing file /workspaces/Basic-ETL-aiflow/airflow/dags/ETL_dag.py for tasks to queue
[2024-07-02T19:56:25.193+0000] {logging_mixin.py:188} INFO - [2024-07-02T19:56:25.192+0000] {dagbag.py:545} INFO - Filling up the DagBag from /workspaces/Basic-ETL-aiflow/airflow/dags/ETL_dag.py
[2024-07-02T19:56:25.520+0000] {processor.py:840} INFO - DAG(s) 'ETL_dag' retrieved from /workspaces/Basic-ETL-aiflow/airflow/dags/ETL_dag.py
[2024-07-02T19:56:25.529+0000] {logging_mixin.py:188} INFO - [2024-07-02T19:56:25.529+0000] {dag.py:3096} INFO - Sync 1 DAGs
[2024-07-02T19:56:25.536+0000] {logging_mixin.py:188} INFO - [2024-07-02T19:56:25.536+0000] {dag.py:3954} INFO - Setting next_dagrun for ETL_dag to None, run_after=None
[2024-07-02T19:56:25.576+0000] {processor.py:183} INFO - Processing /workspaces/Basic-ETL-aiflow/airflow/dags/ETL_dag.py took 0.389 seconds
[2024-07-02T19:57:19.144+0000] {processor.py:161} INFO - Started process (PID=27391) to work on /workspaces/Basic-ETL-aiflow/airflow/dags/ETL_dag.py
[2024-07-02T19:57:19.145+0000] {processor.py:830} INFO - Processing file /workspaces/Basic-ETL-aiflow/airflow/dags/ETL_dag.py for tasks to queue
[2024-07-02T19:57:19.145+0000] {logging_mixin.py:188} INFO - [2024-07-02T19:57:19.145+0000] {dagbag.py:545} INFO - Filling up the DagBag from /workspaces/Basic-ETL-aiflow/airflow/dags/ETL_dag.py
[2024-07-02T19:57:19.494+0000] {processor.py:840} INFO - DAG(s) 'ETL_dag' retrieved from /workspaces/Basic-ETL-aiflow/airflow/dags/ETL_dag.py
[2024-07-02T19:57:19.514+0000] {logging_mixin.py:188} INFO - [2024-07-02T19:57:19.513+0000] {dag.py:3096} INFO - Sync 1 DAGs
[2024-07-02T19:57:19.528+0000] {logging_mixin.py:188} INFO - [2024-07-02T19:57:19.528+0000] {dag.py:3954} INFO - Setting next_dagrun for ETL_dag to None, run_after=None
[2024-07-02T19:57:19.579+0000] {processor.py:183} INFO - Processing /workspaces/Basic-ETL-aiflow/airflow/dags/ETL_dag.py took 0.441 seconds
