[2024-07-02T19:15:08.070+0000] {processor.py:161} INFO - Started process (PID=7749) to work on /workspaces/Basic-ETL-aiflow/airflow/dags/Top_sector_dag.py
[2024-07-02T19:15:08.071+0000] {processor.py:830} INFO - Processing file /workspaces/Basic-ETL-aiflow/airflow/dags/Top_sector_dag.py for tasks to queue
[2024-07-02T19:15:08.071+0000] {logging_mixin.py:188} INFO - [2024-07-02T19:15:08.071+0000] {dagbag.py:545} INFO - Filling up the DagBag from /workspaces/Basic-ETL-aiflow/airflow/dags/Top_sector_dag.py
[2024-07-02T19:15:08.330+0000] {processor.py:840} INFO - DAG(s) 'ETL_dag' retrieved from /workspaces/Basic-ETL-aiflow/airflow/dags/Top_sector_dag.py
[2024-07-02T19:15:08.464+0000] {logging_mixin.py:188} INFO - [2024-07-02T19:15:08.464+0000] {override.py:1829} INFO - Created Permission View: can edit on DAG:ETL_dag
[2024-07-02T19:15:08.496+0000] {logging_mixin.py:188} INFO - [2024-07-02T19:15:08.495+0000] {override.py:1829} INFO - Created Permission View: can read on DAG:ETL_dag
[2024-07-02T19:15:08.524+0000] {logging_mixin.py:188} INFO - [2024-07-02T19:15:08.524+0000] {override.py:1829} INFO - Created Permission View: can delete on DAG:ETL_dag
[2024-07-02T19:15:08.525+0000] {logging_mixin.py:188} INFO - [2024-07-02T19:15:08.525+0000] {dag.py:3096} INFO - Sync 1 DAGs
[2024-07-02T19:15:08.535+0000] {logging_mixin.py:188} INFO - [2024-07-02T19:15:08.535+0000] {dag.py:3118} INFO - Creating ORM DAG for ETL_dag
[2024-07-02T19:15:08.536+0000] {logging_mixin.py:188} INFO - [2024-07-02T19:15:08.536+0000] {dag.py:3954} INFO - Setting next_dagrun for ETL_dag to None, run_after=None
[2024-07-02T19:15:08.575+0000] {processor.py:183} INFO - Processing /workspaces/Basic-ETL-aiflow/airflow/dags/Top_sector_dag.py took 0.509 seconds
[2024-07-02T19:15:51.715+0000] {processor.py:161} INFO - Started process (PID=8077) to work on /workspaces/Basic-ETL-aiflow/airflow/dags/Top_sector_dag.py
[2024-07-02T19:15:51.716+0000] {processor.py:830} INFO - Processing file /workspaces/Basic-ETL-aiflow/airflow/dags/Top_sector_dag.py for tasks to queue
[2024-07-02T19:15:51.716+0000] {logging_mixin.py:188} INFO - [2024-07-02T19:15:51.716+0000] {dagbag.py:545} INFO - Filling up the DagBag from /workspaces/Basic-ETL-aiflow/airflow/dags/Top_sector_dag.py
[2024-07-02T19:15:51.978+0000] {processor.py:840} INFO - DAG(s) 'ETL_dag' retrieved from /workspaces/Basic-ETL-aiflow/airflow/dags/Top_sector_dag.py
[2024-07-02T19:15:51.995+0000] {logging_mixin.py:188} INFO - [2024-07-02T19:15:51.995+0000] {dag.py:3096} INFO - Sync 1 DAGs
[2024-07-02T19:15:52.009+0000] {logging_mixin.py:188} INFO - [2024-07-02T19:15:52.009+0000] {dag.py:3954} INFO - Setting next_dagrun for ETL_dag to None, run_after=None
[2024-07-02T19:15:52.054+0000] {processor.py:183} INFO - Processing /workspaces/Basic-ETL-aiflow/airflow/dags/Top_sector_dag.py took 0.345 seconds
[2024-07-02T19:16:35.034+0000] {processor.py:161} INFO - Started process (PID=8410) to work on /workspaces/Basic-ETL-aiflow/airflow/dags/Top_sector_dag.py
[2024-07-02T19:16:35.035+0000] {processor.py:830} INFO - Processing file /workspaces/Basic-ETL-aiflow/airflow/dags/Top_sector_dag.py for tasks to queue
[2024-07-02T19:16:35.035+0000] {logging_mixin.py:188} INFO - [2024-07-02T19:16:35.035+0000] {dagbag.py:545} INFO - Filling up the DagBag from /workspaces/Basic-ETL-aiflow/airflow/dags/Top_sector_dag.py
[2024-07-02T19:16:35.296+0000] {processor.py:840} INFO - DAG(s) 'ETL_dag' retrieved from /workspaces/Basic-ETL-aiflow/airflow/dags/Top_sector_dag.py
[2024-07-02T19:16:35.370+0000] {logging_mixin.py:188} INFO - [2024-07-02T19:16:35.370+0000] {dag.py:3096} INFO - Sync 1 DAGs
[2024-07-02T19:16:35.377+0000] {logging_mixin.py:188} INFO - [2024-07-02T19:16:35.377+0000] {dag.py:3954} INFO - Setting next_dagrun for ETL_dag to None, run_after=None
[2024-07-02T19:16:35.429+0000] {processor.py:183} INFO - Processing /workspaces/Basic-ETL-aiflow/airflow/dags/Top_sector_dag.py took 0.399 seconds
[2024-07-02T19:17:23.499+0000] {processor.py:161} INFO - Started process (PID=8773) to work on /workspaces/Basic-ETL-aiflow/airflow/dags/Top_sector_dag.py
[2024-07-02T19:17:23.500+0000] {processor.py:830} INFO - Processing file /workspaces/Basic-ETL-aiflow/airflow/dags/Top_sector_dag.py for tasks to queue
[2024-07-02T19:17:23.501+0000] {logging_mixin.py:188} INFO - [2024-07-02T19:17:23.501+0000] {dagbag.py:545} INFO - Filling up the DagBag from /workspaces/Basic-ETL-aiflow/airflow/dags/Top_sector_dag.py
[2024-07-02T19:17:23.770+0000] {processor.py:840} INFO - DAG(s) 'ETL_dag' retrieved from /workspaces/Basic-ETL-aiflow/airflow/dags/Top_sector_dag.py
[2024-07-02T19:17:23.780+0000] {logging_mixin.py:188} INFO - [2024-07-02T19:17:23.780+0000] {dag.py:3096} INFO - Sync 1 DAGs
[2024-07-02T19:17:23.789+0000] {logging_mixin.py:188} INFO - [2024-07-02T19:17:23.788+0000] {dag.py:3954} INFO - Setting next_dagrun for ETL_dag to None, run_after=None
[2024-07-02T19:17:23.829+0000] {processor.py:183} INFO - Processing /workspaces/Basic-ETL-aiflow/airflow/dags/Top_sector_dag.py took 0.335 seconds
[2024-07-02T19:18:06.842+0000] {processor.py:161} INFO - Started process (PID=9105) to work on /workspaces/Basic-ETL-aiflow/airflow/dags/Top_sector_dag.py
[2024-07-02T19:18:06.842+0000] {processor.py:830} INFO - Processing file /workspaces/Basic-ETL-aiflow/airflow/dags/Top_sector_dag.py for tasks to queue
[2024-07-02T19:18:06.843+0000] {logging_mixin.py:188} INFO - [2024-07-02T19:18:06.843+0000] {dagbag.py:545} INFO - Filling up the DagBag from /workspaces/Basic-ETL-aiflow/airflow/dags/Top_sector_dag.py
[2024-07-02T19:18:07.107+0000] {processor.py:840} INFO - DAG(s) 'ETL_dag' retrieved from /workspaces/Basic-ETL-aiflow/airflow/dags/Top_sector_dag.py
[2024-07-02T19:18:07.117+0000] {logging_mixin.py:188} INFO - [2024-07-02T19:18:07.117+0000] {dag.py:3096} INFO - Sync 1 DAGs
[2024-07-02T19:18:07.126+0000] {logging_mixin.py:188} INFO - [2024-07-02T19:18:07.126+0000] {dag.py:3954} INFO - Setting next_dagrun for ETL_dag to None, run_after=None
[2024-07-02T19:18:07.165+0000] {processor.py:183} INFO - Processing /workspaces/Basic-ETL-aiflow/airflow/dags/Top_sector_dag.py took 0.328 seconds
[2024-07-02T19:18:48.019+0000] {processor.py:161} INFO - Started process (PID=9415) to work on /workspaces/Basic-ETL-aiflow/airflow/dags/Top_sector_dag.py
[2024-07-02T19:18:48.020+0000] {processor.py:830} INFO - Processing file /workspaces/Basic-ETL-aiflow/airflow/dags/Top_sector_dag.py for tasks to queue
[2024-07-02T19:18:48.020+0000] {logging_mixin.py:188} INFO - [2024-07-02T19:18:48.020+0000] {dagbag.py:545} INFO - Filling up the DagBag from /workspaces/Basic-ETL-aiflow/airflow/dags/Top_sector_dag.py
[2024-07-02T19:18:48.280+0000] {processor.py:840} INFO - DAG(s) 'ETL_dag' retrieved from /workspaces/Basic-ETL-aiflow/airflow/dags/Top_sector_dag.py
[2024-07-02T19:18:48.290+0000] {logging_mixin.py:188} INFO - [2024-07-02T19:18:48.290+0000] {dag.py:3096} INFO - Sync 1 DAGs
[2024-07-02T19:18:48.298+0000] {logging_mixin.py:188} INFO - [2024-07-02T19:18:48.298+0000] {dag.py:3954} INFO - Setting next_dagrun for ETL_dag to None, run_after=None
[2024-07-02T19:18:48.338+0000] {processor.py:183} INFO - Processing /workspaces/Basic-ETL-aiflow/airflow/dags/Top_sector_dag.py took 0.323 seconds
[2024-07-02T19:19:31.544+0000] {processor.py:161} INFO - Started process (PID=9756) to work on /workspaces/Basic-ETL-aiflow/airflow/dags/Top_sector_dag.py
[2024-07-02T19:19:31.545+0000] {processor.py:830} INFO - Processing file /workspaces/Basic-ETL-aiflow/airflow/dags/Top_sector_dag.py for tasks to queue
[2024-07-02T19:19:31.545+0000] {logging_mixin.py:188} INFO - [2024-07-02T19:19:31.545+0000] {dagbag.py:545} INFO - Filling up the DagBag from /workspaces/Basic-ETL-aiflow/airflow/dags/Top_sector_dag.py
[2024-07-02T19:19:31.803+0000] {logging_mixin.py:188} INFO - [2024-07-02T19:19:31.802+0000] {dagbag.py:355} ERROR - Failed to import: /workspaces/Basic-ETL-aiflow/airflow/dags/Top_sector_dag.py
Traceback (most recent call last):
  File "/usr/local/python/3.10.13/lib/python3.10/site-packages/airflow/models/dagbag.py", line 351, in parse
    loader.exec_module(new_module)
  File "<frozen importlib._bootstrap_external>", line 883, in exec_module
  File "<frozen importlib._bootstrap>", line 241, in _call_with_frames_removed
  File "/workspaces/Basic-ETL-aiflow/airflow/dags/Top_sector_dag.py", line 33, in <module>
    agg_df = df.groupby('Sector').size().reset_index(name='count of companies')
NameError: name 'df' is not defined
[2024-07-02T19:19:31.803+0000] {processor.py:842} WARNING - No viable dags retrieved from /workspaces/Basic-ETL-aiflow/airflow/dags/Top_sector_dag.py
[2024-07-02T19:19:31.847+0000] {processor.py:183} INFO - Processing /workspaces/Basic-ETL-aiflow/airflow/dags/Top_sector_dag.py took 0.307 seconds
[2024-07-02T19:19:55.841+0000] {processor.py:161} INFO - Started process (PID=9930) to work on /workspaces/Basic-ETL-aiflow/airflow/dags/Top_sector_dag.py
[2024-07-02T19:19:55.841+0000] {processor.py:830} INFO - Processing file /workspaces/Basic-ETL-aiflow/airflow/dags/Top_sector_dag.py for tasks to queue
[2024-07-02T19:19:55.842+0000] {logging_mixin.py:188} INFO - [2024-07-02T19:19:55.842+0000] {dagbag.py:545} INFO - Filling up the DagBag from /workspaces/Basic-ETL-aiflow/airflow/dags/Top_sector_dag.py
[2024-07-02T19:19:56.099+0000] {logging_mixin.py:188} INFO - [2024-07-02T19:19:56.099+0000] {dagbag.py:355} ERROR - Failed to import: /workspaces/Basic-ETL-aiflow/airflow/dags/Top_sector_dag.py
Traceback (most recent call last):
  File "/usr/local/python/3.10.13/lib/python3.10/site-packages/airflow/models/dagbag.py", line 351, in parse
    loader.exec_module(new_module)
  File "<frozen importlib._bootstrap_external>", line 883, in exec_module
  File "<frozen importlib._bootstrap>", line 241, in _call_with_frames_removed
  File "/workspaces/Basic-ETL-aiflow/airflow/dags/Top_sector_dag.py", line 33, in <module>
    agg_df = df.groupby('Sector').size().reset_index(name='count of companies')
NameError: name 'df' is not defined
[2024-07-02T19:19:56.100+0000] {processor.py:842} WARNING - No viable dags retrieved from /workspaces/Basic-ETL-aiflow/airflow/dags/Top_sector_dag.py
[2024-07-02T19:19:56.136+0000] {processor.py:183} INFO - Processing /workspaces/Basic-ETL-aiflow/airflow/dags/Top_sector_dag.py took 0.300 seconds
[2024-07-02T19:20:20.084+0000] {processor.py:161} INFO - Started process (PID=10103) to work on /workspaces/Basic-ETL-aiflow/airflow/dags/Top_sector_dag.py
[2024-07-02T19:20:20.084+0000] {processor.py:830} INFO - Processing file /workspaces/Basic-ETL-aiflow/airflow/dags/Top_sector_dag.py for tasks to queue
[2024-07-02T19:20:20.085+0000] {logging_mixin.py:188} INFO - [2024-07-02T19:20:20.085+0000] {dagbag.py:545} INFO - Filling up the DagBag from /workspaces/Basic-ETL-aiflow/airflow/dags/Top_sector_dag.py
[2024-07-02T19:20:20.389+0000] {logging_mixin.py:188} INFO - [2024-07-02T19:20:20.389+0000] {dagbag.py:355} ERROR - Failed to import: /workspaces/Basic-ETL-aiflow/airflow/dags/Top_sector_dag.py
Traceback (most recent call last):
  File "/usr/local/python/3.10.13/lib/python3.10/site-packages/airflow/models/dagbag.py", line 351, in parse
    loader.exec_module(new_module)
  File "<frozen importlib._bootstrap_external>", line 883, in exec_module
  File "<frozen importlib._bootstrap>", line 241, in _call_with_frames_removed
  File "/workspaces/Basic-ETL-aiflow/airflow/dags/Top_sector_dag.py", line 33, in <module>
    agg_df = df.groupby('Sector').size().reset_index(name='count of companies')
NameError: name 'df' is not defined
[2024-07-02T19:20:20.390+0000] {processor.py:842} WARNING - No viable dags retrieved from /workspaces/Basic-ETL-aiflow/airflow/dags/Top_sector_dag.py
[2024-07-02T19:20:20.432+0000] {processor.py:183} INFO - Processing /workspaces/Basic-ETL-aiflow/airflow/dags/Top_sector_dag.py took 0.353 seconds
[2024-07-02T19:20:43.994+0000] {processor.py:161} INFO - Started process (PID=10295) to work on /workspaces/Basic-ETL-aiflow/airflow/dags/Top_sector_dag.py
[2024-07-02T19:20:43.995+0000] {processor.py:830} INFO - Processing file /workspaces/Basic-ETL-aiflow/airflow/dags/Top_sector_dag.py for tasks to queue
[2024-07-02T19:20:43.996+0000] {logging_mixin.py:188} INFO - [2024-07-02T19:20:43.996+0000] {dagbag.py:545} INFO - Filling up the DagBag from /workspaces/Basic-ETL-aiflow/airflow/dags/Top_sector_dag.py
[2024-07-02T19:20:44.259+0000] {logging_mixin.py:188} INFO - [2024-07-02T19:20:44.258+0000] {dagbag.py:355} ERROR - Failed to import: /workspaces/Basic-ETL-aiflow/airflow/dags/Top_sector_dag.py
Traceback (most recent call last):
  File "/usr/local/python/3.10.13/lib/python3.10/site-packages/airflow/models/dagbag.py", line 351, in parse
    loader.exec_module(new_module)
  File "<frozen importlib._bootstrap_external>", line 883, in exec_module
  File "<frozen importlib._bootstrap>", line 241, in _call_with_frames_removed
  File "/workspaces/Basic-ETL-aiflow/airflow/dags/Top_sector_dag.py", line 33, in <module>
    agg_df = df.groupby('Sector').size().reset_index(name='count of companies')
NameError: name 'df' is not defined
[2024-07-02T19:20:44.259+0000] {processor.py:842} WARNING - No viable dags retrieved from /workspaces/Basic-ETL-aiflow/airflow/dags/Top_sector_dag.py
[2024-07-02T19:20:44.297+0000] {processor.py:183} INFO - Processing /workspaces/Basic-ETL-aiflow/airflow/dags/Top_sector_dag.py took 0.307 seconds
[2024-07-02T19:21:07.122+0000] {processor.py:161} INFO - Started process (PID=10464) to work on /workspaces/Basic-ETL-aiflow/airflow/dags/Top_sector_dag.py
[2024-07-02T19:21:07.123+0000] {processor.py:830} INFO - Processing file /workspaces/Basic-ETL-aiflow/airflow/dags/Top_sector_dag.py for tasks to queue
[2024-07-02T19:21:07.124+0000] {logging_mixin.py:188} INFO - [2024-07-02T19:21:07.123+0000] {dagbag.py:545} INFO - Filling up the DagBag from /workspaces/Basic-ETL-aiflow/airflow/dags/Top_sector_dag.py
[2024-07-02T19:21:07.405+0000] {logging_mixin.py:188} INFO - [2024-07-02T19:21:07.404+0000] {dagbag.py:355} ERROR - Failed to import: /workspaces/Basic-ETL-aiflow/airflow/dags/Top_sector_dag.py
Traceback (most recent call last):
  File "/usr/local/python/3.10.13/lib/python3.10/site-packages/airflow/models/dagbag.py", line 351, in parse
    loader.exec_module(new_module)
  File "<frozen importlib._bootstrap_external>", line 883, in exec_module
  File "<frozen importlib._bootstrap>", line 241, in _call_with_frames_removed
  File "/workspaces/Basic-ETL-aiflow/airflow/dags/Top_sector_dag.py", line 35, in <module>
    agg_df.to_csv('/workspaces/Basic-ETL-aiflow/airflow/lab/agg_data.csv', index=False)
NameError: name 'agg_df' is not defined
[2024-07-02T19:21:07.405+0000] {processor.py:842} WARNING - No viable dags retrieved from /workspaces/Basic-ETL-aiflow/airflow/dags/Top_sector_dag.py
[2024-07-02T19:21:07.442+0000] {processor.py:183} INFO - Processing /workspaces/Basic-ETL-aiflow/airflow/dags/Top_sector_dag.py took 0.329 seconds
[2024-07-02T19:21:30.200+0000] {processor.py:161} INFO - Started process (PID=10642) to work on /workspaces/Basic-ETL-aiflow/airflow/dags/Top_sector_dag.py
[2024-07-02T19:21:30.200+0000] {processor.py:830} INFO - Processing file /workspaces/Basic-ETL-aiflow/airflow/dags/Top_sector_dag.py for tasks to queue
[2024-07-02T19:21:30.201+0000] {logging_mixin.py:188} INFO - [2024-07-02T19:21:30.201+0000] {dagbag.py:545} INFO - Filling up the DagBag from /workspaces/Basic-ETL-aiflow/airflow/dags/Top_sector_dag.py
[2024-07-02T19:21:30.456+0000] {logging_mixin.py:188} INFO - [2024-07-02T19:21:30.455+0000] {dagbag.py:355} ERROR - Failed to import: /workspaces/Basic-ETL-aiflow/airflow/dags/Top_sector_dag.py
Traceback (most recent call last):
  File "/usr/local/python/3.10.13/lib/python3.10/site-packages/airflow/models/dagbag.py", line 351, in parse
    loader.exec_module(new_module)
  File "<frozen importlib._bootstrap_external>", line 883, in exec_module
  File "<frozen importlib._bootstrap>", line 241, in _call_with_frames_removed
  File "/workspaces/Basic-ETL-aiflow/airflow/dags/Top_sector_dag.py", line 35, in <module>
    agg_df.to_csv('/workspaces/Basic-ETL-aiflow/airflow/lab/agg_data.csv', index=False)
NameError: name 'agg_df' is not defined
[2024-07-02T19:21:30.456+0000] {processor.py:842} WARNING - No viable dags retrieved from /workspaces/Basic-ETL-aiflow/airflow/dags/Top_sector_dag.py
[2024-07-02T19:21:30.492+0000] {processor.py:183} INFO - Processing /workspaces/Basic-ETL-aiflow/airflow/dags/Top_sector_dag.py took 0.297 seconds
[2024-07-02T19:22:17.051+0000] {processor.py:161} INFO - Started process (PID=11002) to work on /workspaces/Basic-ETL-aiflow/airflow/dags/Top_sector_dag.py
[2024-07-02T19:22:17.052+0000] {processor.py:830} INFO - Processing file /workspaces/Basic-ETL-aiflow/airflow/dags/Top_sector_dag.py for tasks to queue
[2024-07-02T19:22:17.052+0000] {logging_mixin.py:188} INFO - [2024-07-02T19:22:17.052+0000] {dagbag.py:545} INFO - Filling up the DagBag from /workspaces/Basic-ETL-aiflow/airflow/dags/Top_sector_dag.py
[2024-07-02T19:22:17.307+0000] {logging_mixin.py:188} INFO - [2024-07-02T19:22:17.307+0000] {dagbag.py:355} ERROR - Failed to import: /workspaces/Basic-ETL-aiflow/airflow/dags/Top_sector_dag.py
Traceback (most recent call last):
  File "/usr/local/python/3.10.13/lib/python3.10/site-packages/airflow/models/dagbag.py", line 351, in parse
    loader.exec_module(new_module)
  File "<frozen importlib._bootstrap_external>", line 883, in exec_module
  File "<frozen importlib._bootstrap>", line 241, in _call_with_frames_removed
  File "/workspaces/Basic-ETL-aiflow/airflow/dags/Top_sector_dag.py", line 35, in <module>
    agg_df.to_csv('/workspaces/Basic-ETL-aiflow/airflow/lab/agg_data.csv', index=False)
NameError: name 'agg_df' is not defined
[2024-07-02T19:22:17.308+0000] {processor.py:842} WARNING - No viable dags retrieved from /workspaces/Basic-ETL-aiflow/airflow/dags/Top_sector_dag.py
[2024-07-02T19:22:17.363+0000] {processor.py:183} INFO - Processing /workspaces/Basic-ETL-aiflow/airflow/dags/Top_sector_dag.py took 0.316 seconds
[2024-07-02T19:23:00.497+0000] {processor.py:161} INFO - Started process (PID=11323) to work on /workspaces/Basic-ETL-aiflow/airflow/dags/Top_sector_dag.py
[2024-07-02T19:23:00.498+0000] {processor.py:830} INFO - Processing file /workspaces/Basic-ETL-aiflow/airflow/dags/Top_sector_dag.py for tasks to queue
[2024-07-02T19:23:00.498+0000] {logging_mixin.py:188} INFO - [2024-07-02T19:23:00.498+0000] {dagbag.py:545} INFO - Filling up the DagBag from /workspaces/Basic-ETL-aiflow/airflow/dags/Top_sector_dag.py
[2024-07-02T19:23:00.790+0000] {logging_mixin.py:188} INFO - [2024-07-02T19:23:00.789+0000] {dagbag.py:355} ERROR - Failed to import: /workspaces/Basic-ETL-aiflow/airflow/dags/Top_sector_dag.py
Traceback (most recent call last):
  File "/usr/local/python/3.10.13/lib/python3.10/site-packages/airflow/models/dagbag.py", line 351, in parse
    loader.exec_module(new_module)
  File "<frozen importlib._bootstrap_external>", line 883, in exec_module
  File "<frozen importlib._bootstrap>", line 241, in _call_with_frames_removed
  File "/workspaces/Basic-ETL-aiflow/airflow/dags/Top_sector_dag.py", line 35, in <module>
    agg_df.to_csv('/workspaces/Basic-ETL-aiflow/airflow/lab/agg_data.csv', index=False)
NameError: name 'agg_df' is not defined
[2024-07-02T19:23:00.790+0000] {processor.py:842} WARNING - No viable dags retrieved from /workspaces/Basic-ETL-aiflow/airflow/dags/Top_sector_dag.py
[2024-07-02T19:23:00.833+0000] {processor.py:183} INFO - Processing /workspaces/Basic-ETL-aiflow/airflow/dags/Top_sector_dag.py took 0.341 seconds
[2024-07-02T19:23:40.895+0000] {processor.py:161} INFO - Started process (PID=11633) to work on /workspaces/Basic-ETL-aiflow/airflow/dags/Top_sector_dag.py
[2024-07-02T19:23:40.895+0000] {processor.py:830} INFO - Processing file /workspaces/Basic-ETL-aiflow/airflow/dags/Top_sector_dag.py for tasks to queue
[2024-07-02T19:23:40.896+0000] {logging_mixin.py:188} INFO - [2024-07-02T19:23:40.896+0000] {dagbag.py:545} INFO - Filling up the DagBag from /workspaces/Basic-ETL-aiflow/airflow/dags/Top_sector_dag.py
[2024-07-02T19:23:41.177+0000] {logging_mixin.py:188} INFO - [2024-07-02T19:23:41.176+0000] {dagbag.py:355} ERROR - Failed to import: /workspaces/Basic-ETL-aiflow/airflow/dags/Top_sector_dag.py
Traceback (most recent call last):
  File "/usr/local/python/3.10.13/lib/python3.10/site-packages/airflow/models/dagbag.py", line 351, in parse
    loader.exec_module(new_module)
  File "<frozen importlib._bootstrap_external>", line 883, in exec_module
  File "<frozen importlib._bootstrap>", line 241, in _call_with_frames_removed
  File "/workspaces/Basic-ETL-aiflow/airflow/dags/Top_sector_dag.py", line 35, in <module>
    agg_df.to_csv('/workspaces/Basic-ETL-aiflow/airflow/lab/agg_data.csv', index=False)
NameError: name 'agg_df' is not defined
[2024-07-02T19:23:41.177+0000] {processor.py:842} WARNING - No viable dags retrieved from /workspaces/Basic-ETL-aiflow/airflow/dags/Top_sector_dag.py
[2024-07-02T19:23:41.219+0000] {processor.py:183} INFO - Processing /workspaces/Basic-ETL-aiflow/airflow/dags/Top_sector_dag.py took 0.328 seconds
[2024-07-02T19:24:23.338+0000] {processor.py:161} INFO - Started process (PID=11957) to work on /workspaces/Basic-ETL-aiflow/airflow/dags/Top_sector_dag.py
[2024-07-02T19:24:23.339+0000] {processor.py:830} INFO - Processing file /workspaces/Basic-ETL-aiflow/airflow/dags/Top_sector_dag.py for tasks to queue
[2024-07-02T19:24:23.340+0000] {logging_mixin.py:188} INFO - [2024-07-02T19:24:23.340+0000] {dagbag.py:545} INFO - Filling up the DagBag from /workspaces/Basic-ETL-aiflow/airflow/dags/Top_sector_dag.py
[2024-07-02T19:24:23.601+0000] {logging_mixin.py:188} INFO - [2024-07-02T19:24:23.600+0000] {dagbag.py:355} ERROR - Failed to import: /workspaces/Basic-ETL-aiflow/airflow/dags/Top_sector_dag.py
Traceback (most recent call last):
  File "/usr/local/python/3.10.13/lib/python3.10/site-packages/airflow/models/dagbag.py", line 351, in parse
    loader.exec_module(new_module)
  File "<frozen importlib._bootstrap_external>", line 883, in exec_module
  File "<frozen importlib._bootstrap>", line 241, in _call_with_frames_removed
  File "/workspaces/Basic-ETL-aiflow/airflow/dags/Top_sector_dag.py", line 35, in <module>
    agg_df.to_csv('/workspaces/Basic-ETL-aiflow/airflow/lab/agg_data.csv', index=False)
NameError: name 'agg_df' is not defined
[2024-07-02T19:24:23.601+0000] {processor.py:842} WARNING - No viable dags retrieved from /workspaces/Basic-ETL-aiflow/airflow/dags/Top_sector_dag.py
[2024-07-02T19:24:23.638+0000] {processor.py:183} INFO - Processing /workspaces/Basic-ETL-aiflow/airflow/dags/Top_sector_dag.py took 0.304 seconds
[2024-07-02T19:25:06.937+0000] {processor.py:161} INFO - Started process (PID=12300) to work on /workspaces/Basic-ETL-aiflow/airflow/dags/Top_sector_dag.py
[2024-07-02T19:25:06.938+0000] {processor.py:830} INFO - Processing file /workspaces/Basic-ETL-aiflow/airflow/dags/Top_sector_dag.py for tasks to queue
[2024-07-02T19:25:06.939+0000] {logging_mixin.py:188} INFO - [2024-07-02T19:25:06.938+0000] {dagbag.py:545} INFO - Filling up the DagBag from /workspaces/Basic-ETL-aiflow/airflow/dags/Top_sector_dag.py
[2024-07-02T19:25:07.190+0000] {logging_mixin.py:188} INFO - [2024-07-02T19:25:07.190+0000] {dagbag.py:355} ERROR - Failed to import: /workspaces/Basic-ETL-aiflow/airflow/dags/Top_sector_dag.py
Traceback (most recent call last):
  File "/usr/local/python/3.10.13/lib/python3.10/site-packages/airflow/models/dagbag.py", line 351, in parse
    loader.exec_module(new_module)
  File "<frozen importlib._bootstrap_external>", line 883, in exec_module
  File "<frozen importlib._bootstrap>", line 241, in _call_with_frames_removed
  File "/workspaces/Basic-ETL-aiflow/airflow/dags/Top_sector_dag.py", line 35, in <module>
    agg_df.to_csv('/workspaces/Basic-ETL-aiflow/airflow/lab/agg_data.csv', index=False)
NameError: name 'agg_df' is not defined
[2024-07-02T19:25:07.191+0000] {processor.py:842} WARNING - No viable dags retrieved from /workspaces/Basic-ETL-aiflow/airflow/dags/Top_sector_dag.py
[2024-07-02T19:25:07.228+0000] {processor.py:183} INFO - Processing /workspaces/Basic-ETL-aiflow/airflow/dags/Top_sector_dag.py took 0.295 seconds
[2024-07-02T19:25:49.411+0000] {processor.py:161} INFO - Started process (PID=12624) to work on /workspaces/Basic-ETL-aiflow/airflow/dags/Top_sector_dag.py
[2024-07-02T19:25:49.411+0000] {processor.py:830} INFO - Processing file /workspaces/Basic-ETL-aiflow/airflow/dags/Top_sector_dag.py for tasks to queue
[2024-07-02T19:25:49.412+0000] {logging_mixin.py:188} INFO - [2024-07-02T19:25:49.412+0000] {dagbag.py:545} INFO - Filling up the DagBag from /workspaces/Basic-ETL-aiflow/airflow/dags/Top_sector_dag.py
[2024-07-02T19:25:49.676+0000] {logging_mixin.py:188} INFO - [2024-07-02T19:25:49.676+0000] {dagbag.py:355} ERROR - Failed to import: /workspaces/Basic-ETL-aiflow/airflow/dags/Top_sector_dag.py
Traceback (most recent call last):
  File "/usr/local/python/3.10.13/lib/python3.10/site-packages/airflow/models/dagbag.py", line 351, in parse
    loader.exec_module(new_module)
  File "<frozen importlib._bootstrap_external>", line 883, in exec_module
  File "<frozen importlib._bootstrap>", line 241, in _call_with_frames_removed
  File "/workspaces/Basic-ETL-aiflow/airflow/dags/Top_sector_dag.py", line 35, in <module>
    agg_df.to_csv('/workspaces/Basic-ETL-aiflow/airflow/lab/agg_data.csv', index=False)
NameError: name 'agg_df' is not defined
[2024-07-02T19:25:49.676+0000] {processor.py:842} WARNING - No viable dags retrieved from /workspaces/Basic-ETL-aiflow/airflow/dags/Top_sector_dag.py
[2024-07-02T19:25:49.717+0000] {processor.py:183} INFO - Processing /workspaces/Basic-ETL-aiflow/airflow/dags/Top_sector_dag.py took 0.311 seconds
[2024-07-02T19:26:33.332+0000] {processor.py:161} INFO - Started process (PID=12942) to work on /workspaces/Basic-ETL-aiflow/airflow/dags/Top_sector_dag.py
[2024-07-02T19:26:33.333+0000] {processor.py:830} INFO - Processing file /workspaces/Basic-ETL-aiflow/airflow/dags/Top_sector_dag.py for tasks to queue
[2024-07-02T19:26:33.333+0000] {logging_mixin.py:188} INFO - [2024-07-02T19:26:33.333+0000] {dagbag.py:545} INFO - Filling up the DagBag from /workspaces/Basic-ETL-aiflow/airflow/dags/Top_sector_dag.py
[2024-07-02T19:26:33.600+0000] {logging_mixin.py:188} INFO - [2024-07-02T19:26:33.600+0000] {dagbag.py:355} ERROR - Failed to import: /workspaces/Basic-ETL-aiflow/airflow/dags/Top_sector_dag.py
Traceback (most recent call last):
  File "/usr/local/python/3.10.13/lib/python3.10/site-packages/airflow/models/dagbag.py", line 351, in parse
    loader.exec_module(new_module)
  File "<frozen importlib._bootstrap_external>", line 883, in exec_module
  File "<frozen importlib._bootstrap>", line 241, in _call_with_frames_removed
  File "/workspaces/Basic-ETL-aiflow/airflow/dags/Top_sector_dag.py", line 35, in <module>
    agg_df.to_csv('/workspaces/Basic-ETL-aiflow/airflow/lab/agg_data.csv', index=False)
NameError: name 'agg_df' is not defined
[2024-07-02T19:26:33.601+0000] {processor.py:842} WARNING - No viable dags retrieved from /workspaces/Basic-ETL-aiflow/airflow/dags/Top_sector_dag.py
[2024-07-02T19:26:33.640+0000] {processor.py:183} INFO - Processing /workspaces/Basic-ETL-aiflow/airflow/dags/Top_sector_dag.py took 0.313 seconds
[2024-07-02T19:27:17.505+0000] {processor.py:161} INFO - Started process (PID=13278) to work on /workspaces/Basic-ETL-aiflow/airflow/dags/Top_sector_dag.py
[2024-07-02T19:27:17.505+0000] {processor.py:830} INFO - Processing file /workspaces/Basic-ETL-aiflow/airflow/dags/Top_sector_dag.py for tasks to queue
[2024-07-02T19:27:17.506+0000] {logging_mixin.py:188} INFO - [2024-07-02T19:27:17.506+0000] {dagbag.py:545} INFO - Filling up the DagBag from /workspaces/Basic-ETL-aiflow/airflow/dags/Top_sector_dag.py
[2024-07-02T19:27:17.855+0000] {logging_mixin.py:188} INFO - [2024-07-02T19:27:17.854+0000] {dagbag.py:355} ERROR - Failed to import: /workspaces/Basic-ETL-aiflow/airflow/dags/Top_sector_dag.py
Traceback (most recent call last):
  File "/usr/local/python/3.10.13/lib/python3.10/site-packages/airflow/models/dagbag.py", line 351, in parse
    loader.exec_module(new_module)
  File "<frozen importlib._bootstrap_external>", line 883, in exec_module
  File "<frozen importlib._bootstrap>", line 241, in _call_with_frames_removed
  File "/workspaces/Basic-ETL-aiflow/airflow/dags/Top_sector_dag.py", line 35, in <module>
    agg_df.to_csv('/workspaces/Basic-ETL-aiflow/airflow/lab/agg_data.csv', index=False)
NameError: name 'agg_df' is not defined
[2024-07-02T19:27:17.855+0000] {processor.py:842} WARNING - No viable dags retrieved from /workspaces/Basic-ETL-aiflow/airflow/dags/Top_sector_dag.py
[2024-07-02T19:27:17.899+0000] {processor.py:183} INFO - Processing /workspaces/Basic-ETL-aiflow/airflow/dags/Top_sector_dag.py took 0.399 seconds
[2024-07-02T19:27:58.758+0000] {processor.py:161} INFO - Started process (PID=13711) to work on /workspaces/Basic-ETL-aiflow/airflow/dags/Top_sector_dag.py
[2024-07-02T19:27:58.759+0000] {processor.py:830} INFO - Processing file /workspaces/Basic-ETL-aiflow/airflow/dags/Top_sector_dag.py for tasks to queue
[2024-07-02T19:27:58.759+0000] {logging_mixin.py:188} INFO - [2024-07-02T19:27:58.759+0000] {dagbag.py:545} INFO - Filling up the DagBag from /workspaces/Basic-ETL-aiflow/airflow/dags/Top_sector_dag.py
[2024-07-02T19:27:59.025+0000] {logging_mixin.py:188} INFO - [2024-07-02T19:27:59.024+0000] {dagbag.py:355} ERROR - Failed to import: /workspaces/Basic-ETL-aiflow/airflow/dags/Top_sector_dag.py
Traceback (most recent call last):
  File "/usr/local/python/3.10.13/lib/python3.10/site-packages/airflow/models/dagbag.py", line 351, in parse
    loader.exec_module(new_module)
  File "<frozen importlib._bootstrap_external>", line 883, in exec_module
  File "<frozen importlib._bootstrap>", line 241, in _call_with_frames_removed
  File "/workspaces/Basic-ETL-aiflow/airflow/dags/Top_sector_dag.py", line 35, in <module>
    agg_df.to_csv('/workspaces/Basic-ETL-aiflow/airflow/lab/agg_data.csv', index=False)
NameError: name 'agg_df' is not defined
[2024-07-02T19:27:59.026+0000] {processor.py:842} WARNING - No viable dags retrieved from /workspaces/Basic-ETL-aiflow/airflow/dags/Top_sector_dag.py
[2024-07-02T19:27:59.067+0000] {processor.py:183} INFO - Processing /workspaces/Basic-ETL-aiflow/airflow/dags/Top_sector_dag.py took 0.313 seconds
[2024-07-02T19:28:41.479+0000] {processor.py:161} INFO - Started process (PID=14051) to work on /workspaces/Basic-ETL-aiflow/airflow/dags/Top_sector_dag.py
[2024-07-02T19:28:41.480+0000] {processor.py:830} INFO - Processing file /workspaces/Basic-ETL-aiflow/airflow/dags/Top_sector_dag.py for tasks to queue
[2024-07-02T19:28:41.481+0000] {logging_mixin.py:188} INFO - [2024-07-02T19:28:41.481+0000] {dagbag.py:545} INFO - Filling up the DagBag from /workspaces/Basic-ETL-aiflow/airflow/dags/Top_sector_dag.py
[2024-07-02T19:28:41.753+0000] {logging_mixin.py:188} INFO - [2024-07-02T19:28:41.753+0000] {dagbag.py:355} ERROR - Failed to import: /workspaces/Basic-ETL-aiflow/airflow/dags/Top_sector_dag.py
Traceback (most recent call last):
  File "/usr/local/python/3.10.13/lib/python3.10/site-packages/airflow/models/dagbag.py", line 351, in parse
    loader.exec_module(new_module)
  File "<frozen importlib._bootstrap_external>", line 883, in exec_module
  File "<frozen importlib._bootstrap>", line 241, in _call_with_frames_removed
  File "/workspaces/Basic-ETL-aiflow/airflow/dags/Top_sector_dag.py", line 35, in <module>
    agg_df.to_csv('/workspaces/Basic-ETL-aiflow/airflow/lab/agg_data.csv', index=False)
NameError: name 'agg_df' is not defined
[2024-07-02T19:28:41.754+0000] {processor.py:842} WARNING - No viable dags retrieved from /workspaces/Basic-ETL-aiflow/airflow/dags/Top_sector_dag.py
[2024-07-02T19:28:41.791+0000] {processor.py:183} INFO - Processing /workspaces/Basic-ETL-aiflow/airflow/dags/Top_sector_dag.py took 0.317 seconds
[2024-07-02T19:29:05.000+0000] {processor.py:161} INFO - Started process (PID=14271) to work on /workspaces/Basic-ETL-aiflow/airflow/dags/Top_sector_dag.py
[2024-07-02T19:29:05.000+0000] {processor.py:830} INFO - Processing file /workspaces/Basic-ETL-aiflow/airflow/dags/Top_sector_dag.py for tasks to queue
[2024-07-02T19:29:05.001+0000] {logging_mixin.py:188} INFO - [2024-07-02T19:29:05.001+0000] {dagbag.py:545} INFO - Filling up the DagBag from /workspaces/Basic-ETL-aiflow/airflow/dags/Top_sector_dag.py
[2024-07-02T19:29:05.260+0000] {logging_mixin.py:188} INFO - [2024-07-02T19:29:05.260+0000] {dagbag.py:355} ERROR - Failed to import: /workspaces/Basic-ETL-aiflow/airflow/dags/Top_sector_dag.py
Traceback (most recent call last):
  File "/usr/local/python/3.10.13/lib/python3.10/site-packages/airflow/models/dagbag.py", line 351, in parse
    loader.exec_module(new_module)
  File "<frozen importlib._bootstrap_external>", line 883, in exec_module
  File "<frozen importlib._bootstrap>", line 241, in _call_with_frames_removed
  File "/workspaces/Basic-ETL-aiflow/airflow/dags/Top_sector_dag.py", line 35, in <module>
    agg_df.to_csv('/workspaces/Basic-ETL-aiflow/airflow/lab/agg_data.csv', index=False)
NameError: name 'agg_df' is not defined
[2024-07-02T19:29:05.261+0000] {processor.py:842} WARNING - No viable dags retrieved from /workspaces/Basic-ETL-aiflow/airflow/dags/Top_sector_dag.py
[2024-07-02T19:29:05.300+0000] {processor.py:183} INFO - Processing /workspaces/Basic-ETL-aiflow/airflow/dags/Top_sector_dag.py took 0.305 seconds
[2024-07-02T19:29:28.248+0000] {processor.py:161} INFO - Started process (PID=14443) to work on /workspaces/Basic-ETL-aiflow/airflow/dags/Top_sector_dag.py
[2024-07-02T19:29:28.249+0000] {processor.py:830} INFO - Processing file /workspaces/Basic-ETL-aiflow/airflow/dags/Top_sector_dag.py for tasks to queue
[2024-07-02T19:29:28.250+0000] {logging_mixin.py:188} INFO - [2024-07-02T19:29:28.249+0000] {dagbag.py:545} INFO - Filling up the DagBag from /workspaces/Basic-ETL-aiflow/airflow/dags/Top_sector_dag.py
[2024-07-02T19:29:28.503+0000] {logging_mixin.py:188} INFO - [2024-07-02T19:29:28.502+0000] {dagbag.py:355} ERROR - Failed to import: /workspaces/Basic-ETL-aiflow/airflow/dags/Top_sector_dag.py
Traceback (most recent call last):
  File "/usr/local/python/3.10.13/lib/python3.10/site-packages/airflow/models/dagbag.py", line 351, in parse
    loader.exec_module(new_module)
  File "<frozen importlib._bootstrap_external>", line 883, in exec_module
  File "<frozen importlib._bootstrap>", line 241, in _call_with_frames_removed
  File "/workspaces/Basic-ETL-aiflow/airflow/dags/Top_sector_dag.py", line 35, in <module>
    agg_df.to_csv('/workspaces/Basic-ETL-aiflow/airflow/lab/agg_data.csv', index=False)
NameError: name 'agg_df' is not defined
[2024-07-02T19:29:28.503+0000] {processor.py:842} WARNING - No viable dags retrieved from /workspaces/Basic-ETL-aiflow/airflow/dags/Top_sector_dag.py
[2024-07-02T19:29:28.543+0000] {processor.py:183} INFO - Processing /workspaces/Basic-ETL-aiflow/airflow/dags/Top_sector_dag.py took 0.300 seconds
[2024-07-02T19:29:51.782+0000] {processor.py:161} INFO - Started process (PID=14641) to work on /workspaces/Basic-ETL-aiflow/airflow/dags/Top_sector_dag.py
[2024-07-02T19:29:51.783+0000] {processor.py:830} INFO - Processing file /workspaces/Basic-ETL-aiflow/airflow/dags/Top_sector_dag.py for tasks to queue
[2024-07-02T19:29:51.783+0000] {logging_mixin.py:188} INFO - [2024-07-02T19:29:51.783+0000] {dagbag.py:545} INFO - Filling up the DagBag from /workspaces/Basic-ETL-aiflow/airflow/dags/Top_sector_dag.py
[2024-07-02T19:29:52.080+0000] {logging_mixin.py:188} INFO - [2024-07-02T19:29:52.079+0000] {dagbag.py:355} ERROR - Failed to import: /workspaces/Basic-ETL-aiflow/airflow/dags/Top_sector_dag.py
Traceback (most recent call last):
  File "/usr/local/python/3.10.13/lib/python3.10/site-packages/airflow/models/dagbag.py", line 351, in parse
    loader.exec_module(new_module)
  File "<frozen importlib._bootstrap_external>", line 883, in exec_module
  File "<frozen importlib._bootstrap>", line 241, in _call_with_frames_removed
  File "/workspaces/Basic-ETL-aiflow/airflow/dags/Top_sector_dag.py", line 35, in <module>
    agg_df.to_csv('/workspaces/Basic-ETL-aiflow/airflow/lab/agg_data.csv', index=False)
NameError: name 'agg_df' is not defined
[2024-07-02T19:29:52.080+0000] {processor.py:842} WARNING - No viable dags retrieved from /workspaces/Basic-ETL-aiflow/airflow/dags/Top_sector_dag.py
[2024-07-02T19:29:52.118+0000] {processor.py:183} INFO - Processing /workspaces/Basic-ETL-aiflow/airflow/dags/Top_sector_dag.py took 0.342 seconds
[2024-07-02T19:30:15.023+0000] {processor.py:161} INFO - Started process (PID=14854) to work on /workspaces/Basic-ETL-aiflow/airflow/dags/Top_sector_dag.py
[2024-07-02T19:30:15.024+0000] {processor.py:830} INFO - Processing file /workspaces/Basic-ETL-aiflow/airflow/dags/Top_sector_dag.py for tasks to queue
[2024-07-02T19:30:15.025+0000] {logging_mixin.py:188} INFO - [2024-07-02T19:30:15.025+0000] {dagbag.py:545} INFO - Filling up the DagBag from /workspaces/Basic-ETL-aiflow/airflow/dags/Top_sector_dag.py
[2024-07-02T19:30:15.278+0000] {logging_mixin.py:188} INFO - [2024-07-02T19:30:15.277+0000] {dagbag.py:355} ERROR - Failed to import: /workspaces/Basic-ETL-aiflow/airflow/dags/Top_sector_dag.py
Traceback (most recent call last):
  File "/usr/local/python/3.10.13/lib/python3.10/site-packages/airflow/models/dagbag.py", line 351, in parse
    loader.exec_module(new_module)
  File "<frozen importlib._bootstrap_external>", line 883, in exec_module
  File "<frozen importlib._bootstrap>", line 241, in _call_with_frames_removed
  File "/workspaces/Basic-ETL-aiflow/airflow/dags/Top_sector_dag.py", line 35, in <module>
    agg_df.to_csv('/workspaces/Basic-ETL-aiflow/airflow/lab/agg_data.csv', index=False)
NameError: name 'agg_df' is not defined
[2024-07-02T19:30:15.278+0000] {processor.py:842} WARNING - No viable dags retrieved from /workspaces/Basic-ETL-aiflow/airflow/dags/Top_sector_dag.py
[2024-07-02T19:30:15.313+0000] {processor.py:183} INFO - Processing /workspaces/Basic-ETL-aiflow/airflow/dags/Top_sector_dag.py took 0.295 seconds
[2024-07-02T19:30:59.887+0000] {processor.py:161} INFO - Started process (PID=15184) to work on /workspaces/Basic-ETL-aiflow/airflow/dags/Top_sector_dag.py
[2024-07-02T19:30:59.887+0000] {processor.py:830} INFO - Processing file /workspaces/Basic-ETL-aiflow/airflow/dags/Top_sector_dag.py for tasks to queue
[2024-07-02T19:30:59.888+0000] {logging_mixin.py:188} INFO - [2024-07-02T19:30:59.888+0000] {dagbag.py:545} INFO - Filling up the DagBag from /workspaces/Basic-ETL-aiflow/airflow/dags/Top_sector_dag.py
[2024-07-02T19:31:00.139+0000] {logging_mixin.py:188} INFO - [2024-07-02T19:31:00.138+0000] {dagbag.py:355} ERROR - Failed to import: /workspaces/Basic-ETL-aiflow/airflow/dags/Top_sector_dag.py
Traceback (most recent call last):
  File "/usr/local/python/3.10.13/lib/python3.10/site-packages/airflow/models/dagbag.py", line 351, in parse
    loader.exec_module(new_module)
  File "<frozen importlib._bootstrap_external>", line 883, in exec_module
  File "<frozen importlib._bootstrap>", line 241, in _call_with_frames_removed
  File "/workspaces/Basic-ETL-aiflow/airflow/dags/Top_sector_dag.py", line 35, in <module>
    agg_df.to_csv('/workspaces/Basic-ETL-aiflow/airflow/lab/agg_data.csv', index=False)
NameError: name 'agg_df' is not defined
[2024-07-02T19:31:00.139+0000] {processor.py:842} WARNING - No viable dags retrieved from /workspaces/Basic-ETL-aiflow/airflow/dags/Top_sector_dag.py
[2024-07-02T19:31:00.175+0000] {processor.py:183} INFO - Processing /workspaces/Basic-ETL-aiflow/airflow/dags/Top_sector_dag.py took 0.293 seconds
[2024-07-02T19:31:50.681+0000] {processor.py:161} INFO - Started process (PID=15567) to work on /workspaces/Basic-ETL-aiflow/airflow/dags/Top_sector_dag.py
[2024-07-02T19:31:50.681+0000] {processor.py:830} INFO - Processing file /workspaces/Basic-ETL-aiflow/airflow/dags/Top_sector_dag.py for tasks to queue
[2024-07-02T19:31:50.682+0000] {logging_mixin.py:188} INFO - [2024-07-02T19:31:50.682+0000] {dagbag.py:545} INFO - Filling up the DagBag from /workspaces/Basic-ETL-aiflow/airflow/dags/Top_sector_dag.py
[2024-07-02T19:31:50.961+0000] {logging_mixin.py:188} INFO - [2024-07-02T19:31:50.961+0000] {dagbag.py:355} ERROR - Failed to import: /workspaces/Basic-ETL-aiflow/airflow/dags/Top_sector_dag.py
Traceback (most recent call last):
  File "/usr/local/python/3.10.13/lib/python3.10/site-packages/airflow/models/dagbag.py", line 351, in parse
    loader.exec_module(new_module)
  File "<frozen importlib._bootstrap_external>", line 883, in exec_module
  File "<frozen importlib._bootstrap>", line 241, in _call_with_frames_removed
  File "/workspaces/Basic-ETL-aiflow/airflow/dags/Top_sector_dag.py", line 35, in <module>
    agg_df.to_csv('/workspaces/Basic-ETL-aiflow/airflow/lab/agg_data.csv', index=False)
NameError: name 'agg_df' is not defined
[2024-07-02T19:31:50.962+0000] {processor.py:842} WARNING - No viable dags retrieved from /workspaces/Basic-ETL-aiflow/airflow/dags/Top_sector_dag.py
[2024-07-02T19:31:51.008+0000] {processor.py:183} INFO - Processing /workspaces/Basic-ETL-aiflow/airflow/dags/Top_sector_dag.py took 0.335 seconds
[2024-07-02T19:32:12.038+0000] {processor.py:161} INFO - Started process (PID=15723) to work on /workspaces/Basic-ETL-aiflow/airflow/dags/Top_sector_dag.py
[2024-07-02T19:32:12.038+0000] {processor.py:830} INFO - Processing file /workspaces/Basic-ETL-aiflow/airflow/dags/Top_sector_dag.py for tasks to queue
[2024-07-02T19:32:12.039+0000] {logging_mixin.py:188} INFO - [2024-07-02T19:32:12.039+0000] {dagbag.py:545} INFO - Filling up the DagBag from /workspaces/Basic-ETL-aiflow/airflow/dags/Top_sector_dag.py
[2024-07-02T19:32:12.319+0000] {logging_mixin.py:188} INFO - [2024-07-02T19:32:12.319+0000] {dagbag.py:355} ERROR - Failed to import: /workspaces/Basic-ETL-aiflow/airflow/dags/Top_sector_dag.py
Traceback (most recent call last):
  File "/usr/local/python/3.10.13/lib/python3.10/site-packages/airflow/models/dagbag.py", line 351, in parse
    loader.exec_module(new_module)
  File "<frozen importlib._bootstrap_external>", line 883, in exec_module
  File "<frozen importlib._bootstrap>", line 241, in _call_with_frames_removed
  File "/workspaces/Basic-ETL-aiflow/airflow/dags/Top_sector_dag.py", line 35, in <module>
    agg_df.to_csv('/workspaces/Basic-ETL-aiflow/airflow/lab/agg_data.csv', index=False)
NameError: name 'agg_df' is not defined
[2024-07-02T19:32:12.320+0000] {processor.py:842} WARNING - No viable dags retrieved from /workspaces/Basic-ETL-aiflow/airflow/dags/Top_sector_dag.py
[2024-07-02T19:32:12.357+0000] {processor.py:183} INFO - Processing /workspaces/Basic-ETL-aiflow/airflow/dags/Top_sector_dag.py took 0.323 seconds
[2024-07-02T19:32:34.226+0000] {processor.py:161} INFO - Started process (PID=15914) to work on /workspaces/Basic-ETL-aiflow/airflow/dags/Top_sector_dag.py
[2024-07-02T19:32:34.227+0000] {processor.py:830} INFO - Processing file /workspaces/Basic-ETL-aiflow/airflow/dags/Top_sector_dag.py for tasks to queue
[2024-07-02T19:32:34.227+0000] {logging_mixin.py:188} INFO - [2024-07-02T19:32:34.227+0000] {dagbag.py:545} INFO - Filling up the DagBag from /workspaces/Basic-ETL-aiflow/airflow/dags/Top_sector_dag.py
[2024-07-02T19:32:34.482+0000] {logging_mixin.py:188} INFO - [2024-07-02T19:32:34.481+0000] {dagbag.py:355} ERROR - Failed to import: /workspaces/Basic-ETL-aiflow/airflow/dags/Top_sector_dag.py
Traceback (most recent call last):
  File "/usr/local/python/3.10.13/lib/python3.10/site-packages/airflow/models/dagbag.py", line 351, in parse
    loader.exec_module(new_module)
  File "<frozen importlib._bootstrap_external>", line 883, in exec_module
  File "<frozen importlib._bootstrap>", line 241, in _call_with_frames_removed
  File "/workspaces/Basic-ETL-aiflow/airflow/dags/Top_sector_dag.py", line 35, in <module>
    agg_df.to_csv('/workspaces/Basic-ETL-aiflow/airflow/lab/agg_data.csv', index=False)
NameError: name 'agg_df' is not defined
[2024-07-02T19:32:34.482+0000] {processor.py:842} WARNING - No viable dags retrieved from /workspaces/Basic-ETL-aiflow/airflow/dags/Top_sector_dag.py
[2024-07-02T19:32:34.518+0000] {processor.py:183} INFO - Processing /workspaces/Basic-ETL-aiflow/airflow/dags/Top_sector_dag.py took 0.297 seconds
[2024-07-02T19:33:17.859+0000] {processor.py:161} INFO - Started process (PID=16297) to work on /workspaces/Basic-ETL-aiflow/airflow/dags/Top_sector_dag.py
[2024-07-02T19:33:17.859+0000] {processor.py:830} INFO - Processing file /workspaces/Basic-ETL-aiflow/airflow/dags/Top_sector_dag.py for tasks to queue
[2024-07-02T19:33:17.860+0000] {logging_mixin.py:188} INFO - [2024-07-02T19:33:17.860+0000] {dagbag.py:545} INFO - Filling up the DagBag from /workspaces/Basic-ETL-aiflow/airflow/dags/Top_sector_dag.py
[2024-07-02T19:33:18.113+0000] {logging_mixin.py:188} INFO - [2024-07-02T19:33:18.112+0000] {dagbag.py:355} ERROR - Failed to import: /workspaces/Basic-ETL-aiflow/airflow/dags/Top_sector_dag.py
Traceback (most recent call last):
  File "/usr/local/python/3.10.13/lib/python3.10/site-packages/airflow/models/dagbag.py", line 351, in parse
    loader.exec_module(new_module)
  File "<frozen importlib._bootstrap_external>", line 883, in exec_module
  File "<frozen importlib._bootstrap>", line 241, in _call_with_frames_removed
  File "/workspaces/Basic-ETL-aiflow/airflow/dags/Top_sector_dag.py", line 35, in <module>
    agg_df.to_csv('/workspaces/Basic-ETL-aiflow/airflow/lab/agg_data.csv', index=False)
NameError: name 'agg_df' is not defined
[2024-07-02T19:33:18.113+0000] {processor.py:842} WARNING - No viable dags retrieved from /workspaces/Basic-ETL-aiflow/airflow/dags/Top_sector_dag.py
[2024-07-02T19:33:18.152+0000] {processor.py:183} INFO - Processing /workspaces/Basic-ETL-aiflow/airflow/dags/Top_sector_dag.py took 0.298 seconds
[2024-07-02T19:34:02.242+0000] {processor.py:161} INFO - Started process (PID=16636) to work on /workspaces/Basic-ETL-aiflow/airflow/dags/Top_sector_dag.py
[2024-07-02T19:34:02.243+0000] {processor.py:830} INFO - Processing file /workspaces/Basic-ETL-aiflow/airflow/dags/Top_sector_dag.py for tasks to queue
[2024-07-02T19:34:02.243+0000] {logging_mixin.py:188} INFO - [2024-07-02T19:34:02.243+0000] {dagbag.py:545} INFO - Filling up the DagBag from /workspaces/Basic-ETL-aiflow/airflow/dags/Top_sector_dag.py
[2024-07-02T19:34:02.569+0000] {logging_mixin.py:188} INFO - [2024-07-02T19:34:02.568+0000] {dagbag.py:355} ERROR - Failed to import: /workspaces/Basic-ETL-aiflow/airflow/dags/Top_sector_dag.py
Traceback (most recent call last):
  File "/usr/local/python/3.10.13/lib/python3.10/site-packages/airflow/models/dagbag.py", line 351, in parse
    loader.exec_module(new_module)
  File "<frozen importlib._bootstrap_external>", line 883, in exec_module
  File "<frozen importlib._bootstrap>", line 241, in _call_with_frames_removed
  File "/workspaces/Basic-ETL-aiflow/airflow/dags/Top_sector_dag.py", line 35, in <module>
    agg_df.to_csv('/workspaces/Basic-ETL-aiflow/airflow/lab/agg_data.csv', index=False)
NameError: name 'agg_df' is not defined
[2024-07-02T19:34:02.569+0000] {processor.py:842} WARNING - No viable dags retrieved from /workspaces/Basic-ETL-aiflow/airflow/dags/Top_sector_dag.py
[2024-07-02T19:34:02.604+0000] {processor.py:183} INFO - Processing /workspaces/Basic-ETL-aiflow/airflow/dags/Top_sector_dag.py took 0.367 seconds
[2024-07-02T19:34:24.398+0000] {processor.py:161} INFO - Started process (PID=16853) to work on /workspaces/Basic-ETL-aiflow/airflow/dags/Top_sector_dag.py
[2024-07-02T19:34:24.398+0000] {processor.py:830} INFO - Processing file /workspaces/Basic-ETL-aiflow/airflow/dags/Top_sector_dag.py for tasks to queue
[2024-07-02T19:34:24.399+0000] {logging_mixin.py:188} INFO - [2024-07-02T19:34:24.399+0000] {dagbag.py:545} INFO - Filling up the DagBag from /workspaces/Basic-ETL-aiflow/airflow/dags/Top_sector_dag.py
[2024-07-02T19:34:24.684+0000] {processor.py:840} INFO - DAG(s) 'ETL_dag' retrieved from /workspaces/Basic-ETL-aiflow/airflow/dags/Top_sector_dag.py
[2024-07-02T19:34:24.877+0000] {logging_mixin.py:188} INFO - [2024-07-02T19:34:24.877+0000] {dag.py:3096} INFO - Sync 1 DAGs
[2024-07-02T19:34:24.883+0000] {logging_mixin.py:188} INFO - [2024-07-02T19:34:24.883+0000] {dag.py:3954} INFO - Setting next_dagrun for ETL_dag to None, run_after=None
[2024-07-02T19:34:24.952+0000] {processor.py:183} INFO - Processing /workspaces/Basic-ETL-aiflow/airflow/dags/Top_sector_dag.py took 0.561 seconds
[2024-07-02T19:35:11.477+0000] {processor.py:161} INFO - Started process (PID=17206) to work on /workspaces/Basic-ETL-aiflow/airflow/dags/Top_sector_dag.py
[2024-07-02T19:35:11.477+0000] {processor.py:830} INFO - Processing file /workspaces/Basic-ETL-aiflow/airflow/dags/Top_sector_dag.py for tasks to queue
[2024-07-02T19:35:11.478+0000] {logging_mixin.py:188} INFO - [2024-07-02T19:35:11.478+0000] {dagbag.py:545} INFO - Filling up the DagBag from /workspaces/Basic-ETL-aiflow/airflow/dags/Top_sector_dag.py
[2024-07-02T19:35:11.856+0000] {processor.py:840} INFO - DAG(s) 'Sectorwise_countdag' retrieved from /workspaces/Basic-ETL-aiflow/airflow/dags/Top_sector_dag.py
[2024-07-02T19:35:11.984+0000] {logging_mixin.py:188} INFO - [2024-07-02T19:35:11.984+0000] {override.py:1829} INFO - Created Permission View: can edit on DAG:Sectorwise_countdag
[2024-07-02T19:35:12.018+0000] {logging_mixin.py:188} INFO - [2024-07-02T19:35:12.018+0000] {override.py:1829} INFO - Created Permission View: can read on DAG:Sectorwise_countdag
[2024-07-02T19:35:12.050+0000] {logging_mixin.py:188} INFO - [2024-07-02T19:35:12.049+0000] {override.py:1829} INFO - Created Permission View: can delete on DAG:Sectorwise_countdag
[2024-07-02T19:35:12.050+0000] {logging_mixin.py:188} INFO - [2024-07-02T19:35:12.050+0000] {dag.py:3096} INFO - Sync 1 DAGs
[2024-07-02T19:35:12.058+0000] {logging_mixin.py:188} INFO - [2024-07-02T19:35:12.058+0000] {dag.py:3118} INFO - Creating ORM DAG for Sectorwise_countdag
[2024-07-02T19:35:12.059+0000] {logging_mixin.py:188} INFO - [2024-07-02T19:35:12.059+0000] {dag.py:3954} INFO - Setting next_dagrun for Sectorwise_countdag to None, run_after=None
[2024-07-02T19:35:12.095+0000] {processor.py:183} INFO - Processing /workspaces/Basic-ETL-aiflow/airflow/dags/Top_sector_dag.py took 0.623 seconds
[2024-07-02T19:35:34.154+0000] {processor.py:161} INFO - Started process (PID=17419) to work on /workspaces/Basic-ETL-aiflow/airflow/dags/Top_sector_dag.py
[2024-07-02T19:35:34.155+0000] {processor.py:830} INFO - Processing file /workspaces/Basic-ETL-aiflow/airflow/dags/Top_sector_dag.py for tasks to queue
[2024-07-02T19:35:34.155+0000] {logging_mixin.py:188} INFO - [2024-07-02T19:35:34.155+0000] {dagbag.py:545} INFO - Filling up the DagBag from /workspaces/Basic-ETL-aiflow/airflow/dags/Top_sector_dag.py
[2024-07-02T19:35:34.410+0000] {processor.py:840} INFO - DAG(s) 'Sectorwise_count_dag' retrieved from /workspaces/Basic-ETL-aiflow/airflow/dags/Top_sector_dag.py
[2024-07-02T19:35:34.615+0000] {logging_mixin.py:188} INFO - [2024-07-02T19:35:34.615+0000] {override.py:1829} INFO - Created Permission View: can edit on DAG:Sectorwise_count_dag
[2024-07-02T19:35:34.646+0000] {logging_mixin.py:188} INFO - [2024-07-02T19:35:34.646+0000] {override.py:1829} INFO - Created Permission View: can read on DAG:Sectorwise_count_dag
[2024-07-02T19:35:34.677+0000] {logging_mixin.py:188} INFO - [2024-07-02T19:35:34.677+0000] {override.py:1829} INFO - Created Permission View: can delete on DAG:Sectorwise_count_dag
[2024-07-02T19:35:34.677+0000] {logging_mixin.py:188} INFO - [2024-07-02T19:35:34.677+0000] {dag.py:3096} INFO - Sync 1 DAGs
[2024-07-02T19:35:34.685+0000] {logging_mixin.py:188} INFO - [2024-07-02T19:35:34.684+0000] {dag.py:3118} INFO - Creating ORM DAG for Sectorwise_count_dag
[2024-07-02T19:35:34.685+0000] {logging_mixin.py:188} INFO - [2024-07-02T19:35:34.685+0000] {dag.py:3954} INFO - Setting next_dagrun for Sectorwise_count_dag to None, run_after=None
[2024-07-02T19:35:34.722+0000] {processor.py:183} INFO - Processing /workspaces/Basic-ETL-aiflow/airflow/dags/Top_sector_dag.py took 0.572 seconds
[2024-07-02T19:35:56.876+0000] {processor.py:161} INFO - Started process (PID=17663) to work on /workspaces/Basic-ETL-aiflow/airflow/dags/Top_sector_dag.py
[2024-07-02T19:35:56.877+0000] {processor.py:830} INFO - Processing file /workspaces/Basic-ETL-aiflow/airflow/dags/Top_sector_dag.py for tasks to queue
[2024-07-02T19:35:56.877+0000] {logging_mixin.py:188} INFO - [2024-07-02T19:35:56.877+0000] {dagbag.py:545} INFO - Filling up the DagBag from /workspaces/Basic-ETL-aiflow/airflow/dags/Top_sector_dag.py
[2024-07-02T19:35:57.246+0000] {processor.py:840} INFO - DAG(s) 'Sectorwise_count_dag' retrieved from /workspaces/Basic-ETL-aiflow/airflow/dags/Top_sector_dag.py
[2024-07-02T19:35:57.251+0000] {logging_mixin.py:188} INFO - [2024-07-02T19:35:57.250+0000] {dag.py:3096} INFO - Sync 1 DAGs
[2024-07-02T19:35:57.262+0000] {logging_mixin.py:188} INFO - [2024-07-02T19:35:57.261+0000] {dag.py:3954} INFO - Setting next_dagrun for Sectorwise_count_dag to None, run_after=None
[2024-07-02T19:35:57.312+0000] {processor.py:183} INFO - Processing /workspaces/Basic-ETL-aiflow/airflow/dags/Top_sector_dag.py took 0.440 seconds
[2024-07-02T19:36:27.550+0000] {processor.py:161} INFO - Started process (PID=17883) to work on /workspaces/Basic-ETL-aiflow/airflow/dags/Top_sector_dag.py
[2024-07-02T19:36:27.551+0000] {processor.py:830} INFO - Processing file /workspaces/Basic-ETL-aiflow/airflow/dags/Top_sector_dag.py for tasks to queue
[2024-07-02T19:36:27.552+0000] {logging_mixin.py:188} INFO - [2024-07-02T19:36:27.552+0000] {dagbag.py:545} INFO - Filling up the DagBag from /workspaces/Basic-ETL-aiflow/airflow/dags/Top_sector_dag.py
[2024-07-02T19:36:27.902+0000] {processor.py:840} INFO - DAG(s) 'Sectorwise_count_dag' retrieved from /workspaces/Basic-ETL-aiflow/airflow/dags/Top_sector_dag.py
[2024-07-02T19:36:27.910+0000] {logging_mixin.py:188} INFO - [2024-07-02T19:36:27.910+0000] {dag.py:3096} INFO - Sync 1 DAGs
[2024-07-02T19:36:27.918+0000] {logging_mixin.py:188} INFO - [2024-07-02T19:36:27.918+0000] {dag.py:3954} INFO - Setting next_dagrun for Sectorwise_count_dag to None, run_after=None
[2024-07-02T19:36:27.957+0000] {processor.py:183} INFO - Processing /workspaces/Basic-ETL-aiflow/airflow/dags/Top_sector_dag.py took 0.411 seconds
[2024-07-02T19:37:19.659+0000] {processor.py:161} INFO - Started process (PID=18248) to work on /workspaces/Basic-ETL-aiflow/airflow/dags/Top_sector_dag.py
[2024-07-02T19:37:19.660+0000] {processor.py:830} INFO - Processing file /workspaces/Basic-ETL-aiflow/airflow/dags/Top_sector_dag.py for tasks to queue
[2024-07-02T19:37:19.661+0000] {logging_mixin.py:188} INFO - [2024-07-02T19:37:19.660+0000] {dagbag.py:545} INFO - Filling up the DagBag from /workspaces/Basic-ETL-aiflow/airflow/dags/Top_sector_dag.py
[2024-07-02T19:37:20.010+0000] {processor.py:840} INFO - DAG(s) 'Sectorwise_count_dag' retrieved from /workspaces/Basic-ETL-aiflow/airflow/dags/Top_sector_dag.py
[2024-07-02T19:37:20.018+0000] {logging_mixin.py:188} INFO - [2024-07-02T19:37:20.018+0000] {dag.py:3096} INFO - Sync 1 DAGs
[2024-07-02T19:37:20.026+0000] {logging_mixin.py:188} INFO - [2024-07-02T19:37:20.026+0000] {dag.py:3954} INFO - Setting next_dagrun for Sectorwise_count_dag to None, run_after=None
[2024-07-02T19:37:20.065+0000] {processor.py:183} INFO - Processing /workspaces/Basic-ETL-aiflow/airflow/dags/Top_sector_dag.py took 0.410 seconds
[2024-07-02T19:38:03.663+0000] {processor.py:161} INFO - Started process (PID=18568) to work on /workspaces/Basic-ETL-aiflow/airflow/dags/Top_sector_dag.py
[2024-07-02T19:38:03.664+0000] {processor.py:830} INFO - Processing file /workspaces/Basic-ETL-aiflow/airflow/dags/Top_sector_dag.py for tasks to queue
[2024-07-02T19:38:03.664+0000] {logging_mixin.py:188} INFO - [2024-07-02T19:38:03.664+0000] {dagbag.py:545} INFO - Filling up the DagBag from /workspaces/Basic-ETL-aiflow/airflow/dags/Top_sector_dag.py
[2024-07-02T19:38:04.023+0000] {processor.py:840} INFO - DAG(s) 'Sectorwise_count_dag' retrieved from /workspaces/Basic-ETL-aiflow/airflow/dags/Top_sector_dag.py
[2024-07-02T19:38:04.031+0000] {logging_mixin.py:188} INFO - [2024-07-02T19:38:04.031+0000] {dag.py:3096} INFO - Sync 1 DAGs
[2024-07-02T19:38:04.038+0000] {logging_mixin.py:188} INFO - [2024-07-02T19:38:04.038+0000] {dag.py:3954} INFO - Setting next_dagrun for Sectorwise_count_dag to None, run_after=None
[2024-07-02T19:38:04.079+0000] {processor.py:183} INFO - Processing /workspaces/Basic-ETL-aiflow/airflow/dags/Top_sector_dag.py took 0.421 seconds
[2024-07-02T19:38:46.955+0000] {processor.py:161} INFO - Started process (PID=18863) to work on /workspaces/Basic-ETL-aiflow/airflow/dags/Top_sector_dag.py
[2024-07-02T19:38:46.956+0000] {processor.py:830} INFO - Processing file /workspaces/Basic-ETL-aiflow/airflow/dags/Top_sector_dag.py for tasks to queue
[2024-07-02T19:38:46.956+0000] {logging_mixin.py:188} INFO - [2024-07-02T19:38:46.956+0000] {dagbag.py:545} INFO - Filling up the DagBag from /workspaces/Basic-ETL-aiflow/airflow/dags/Top_sector_dag.py
[2024-07-02T19:38:47.370+0000] {processor.py:840} INFO - DAG(s) 'Sectorwise_count_dag' retrieved from /workspaces/Basic-ETL-aiflow/airflow/dags/Top_sector_dag.py
[2024-07-02T19:38:47.383+0000] {logging_mixin.py:188} INFO - [2024-07-02T19:38:47.382+0000] {dag.py:3096} INFO - Sync 1 DAGs
[2024-07-02T19:38:47.395+0000] {logging_mixin.py:188} INFO - [2024-07-02T19:38:47.395+0000] {dag.py:3954} INFO - Setting next_dagrun for Sectorwise_count_dag to None, run_after=None
[2024-07-02T19:38:47.439+0000] {processor.py:183} INFO - Processing /workspaces/Basic-ETL-aiflow/airflow/dags/Top_sector_dag.py took 0.488 seconds
[2024-07-02T19:39:29.954+0000] {processor.py:161} INFO - Started process (PID=19202) to work on /workspaces/Basic-ETL-aiflow/airflow/dags/Top_sector_dag.py
[2024-07-02T19:39:29.955+0000] {processor.py:830} INFO - Processing file /workspaces/Basic-ETL-aiflow/airflow/dags/Top_sector_dag.py for tasks to queue
[2024-07-02T19:39:29.956+0000] {logging_mixin.py:188} INFO - [2024-07-02T19:39:29.955+0000] {dagbag.py:545} INFO - Filling up the DagBag from /workspaces/Basic-ETL-aiflow/airflow/dags/Top_sector_dag.py
[2024-07-02T19:39:30.318+0000] {processor.py:840} INFO - DAG(s) 'Sectorwise_count_dag' retrieved from /workspaces/Basic-ETL-aiflow/airflow/dags/Top_sector_dag.py
[2024-07-02T19:39:30.326+0000] {logging_mixin.py:188} INFO - [2024-07-02T19:39:30.326+0000] {dag.py:3096} INFO - Sync 1 DAGs
[2024-07-02T19:39:30.334+0000] {logging_mixin.py:188} INFO - [2024-07-02T19:39:30.333+0000] {dag.py:3954} INFO - Setting next_dagrun for Sectorwise_count_dag to None, run_after=None
[2024-07-02T19:39:30.375+0000] {processor.py:183} INFO - Processing /workspaces/Basic-ETL-aiflow/airflow/dags/Top_sector_dag.py took 0.425 seconds
[2024-07-02T19:40:00.390+0000] {processor.py:161} INFO - Started process (PID=19430) to work on /workspaces/Basic-ETL-aiflow/airflow/dags/Top_sector_dag.py
[2024-07-02T19:40:00.391+0000] {processor.py:830} INFO - Processing file /workspaces/Basic-ETL-aiflow/airflow/dags/Top_sector_dag.py for tasks to queue
[2024-07-02T19:40:00.392+0000] {logging_mixin.py:188} INFO - [2024-07-02T19:40:00.392+0000] {dagbag.py:545} INFO - Filling up the DagBag from /workspaces/Basic-ETL-aiflow/airflow/dags/Top_sector_dag.py
[2024-07-02T19:40:00.738+0000] {processor.py:840} INFO - DAG(s) 'Sectorwise_count_dag' retrieved from /workspaces/Basic-ETL-aiflow/airflow/dags/Top_sector_dag.py
[2024-07-02T19:40:00.746+0000] {logging_mixin.py:188} INFO - [2024-07-02T19:40:00.746+0000] {dag.py:3096} INFO - Sync 1 DAGs
[2024-07-02T19:40:00.754+0000] {logging_mixin.py:188} INFO - [2024-07-02T19:40:00.753+0000] {dag.py:3954} INFO - Setting next_dagrun for Sectorwise_count_dag to None, run_after=None
[2024-07-02T19:40:00.796+0000] {processor.py:183} INFO - Processing /workspaces/Basic-ETL-aiflow/airflow/dags/Top_sector_dag.py took 0.411 seconds
[2024-07-02T19:40:50.683+0000] {processor.py:161} INFO - Started process (PID=19799) to work on /workspaces/Basic-ETL-aiflow/airflow/dags/Top_sector_dag.py
[2024-07-02T19:40:50.684+0000] {processor.py:830} INFO - Processing file /workspaces/Basic-ETL-aiflow/airflow/dags/Top_sector_dag.py for tasks to queue
[2024-07-02T19:40:50.684+0000] {logging_mixin.py:188} INFO - [2024-07-02T19:40:50.684+0000] {dagbag.py:545} INFO - Filling up the DagBag from /workspaces/Basic-ETL-aiflow/airflow/dags/Top_sector_dag.py
[2024-07-02T19:40:51.022+0000] {processor.py:840} INFO - DAG(s) 'Sectorwise_count_dag' retrieved from /workspaces/Basic-ETL-aiflow/airflow/dags/Top_sector_dag.py
[2024-07-02T19:40:51.030+0000] {logging_mixin.py:188} INFO - [2024-07-02T19:40:51.030+0000] {dag.py:3096} INFO - Sync 1 DAGs
[2024-07-02T19:40:51.038+0000] {logging_mixin.py:188} INFO - [2024-07-02T19:40:51.038+0000] {dag.py:3954} INFO - Setting next_dagrun for Sectorwise_count_dag to None, run_after=None
[2024-07-02T19:40:51.082+0000] {processor.py:183} INFO - Processing /workspaces/Basic-ETL-aiflow/airflow/dags/Top_sector_dag.py took 0.404 seconds
[2024-07-02T19:41:35.393+0000] {processor.py:161} INFO - Started process (PID=20156) to work on /workspaces/Basic-ETL-aiflow/airflow/dags/Top_sector_dag.py
[2024-07-02T19:41:35.394+0000] {processor.py:830} INFO - Processing file /workspaces/Basic-ETL-aiflow/airflow/dags/Top_sector_dag.py for tasks to queue
[2024-07-02T19:41:35.395+0000] {logging_mixin.py:188} INFO - [2024-07-02T19:41:35.394+0000] {dagbag.py:545} INFO - Filling up the DagBag from /workspaces/Basic-ETL-aiflow/airflow/dags/Top_sector_dag.py
[2024-07-02T19:41:35.757+0000] {processor.py:840} INFO - DAG(s) 'Sectorwise_count_dag' retrieved from /workspaces/Basic-ETL-aiflow/airflow/dags/Top_sector_dag.py
[2024-07-02T19:41:35.766+0000] {logging_mixin.py:188} INFO - [2024-07-02T19:41:35.765+0000] {dag.py:3096} INFO - Sync 1 DAGs
[2024-07-02T19:41:35.773+0000] {logging_mixin.py:188} INFO - [2024-07-02T19:41:35.773+0000] {dag.py:3954} INFO - Setting next_dagrun for Sectorwise_count_dag to None, run_after=None
[2024-07-02T19:41:35.812+0000] {processor.py:183} INFO - Processing /workspaces/Basic-ETL-aiflow/airflow/dags/Top_sector_dag.py took 0.424 seconds
[2024-07-02T19:42:15.950+0000] {processor.py:161} INFO - Started process (PID=20466) to work on /workspaces/Basic-ETL-aiflow/airflow/dags/Top_sector_dag.py
[2024-07-02T19:42:15.951+0000] {processor.py:830} INFO - Processing file /workspaces/Basic-ETL-aiflow/airflow/dags/Top_sector_dag.py for tasks to queue
[2024-07-02T19:42:15.952+0000] {logging_mixin.py:188} INFO - [2024-07-02T19:42:15.951+0000] {dagbag.py:545} INFO - Filling up the DagBag from /workspaces/Basic-ETL-aiflow/airflow/dags/Top_sector_dag.py
[2024-07-02T19:42:16.299+0000] {processor.py:840} INFO - DAG(s) 'Sectorwise_count_dag' retrieved from /workspaces/Basic-ETL-aiflow/airflow/dags/Top_sector_dag.py
[2024-07-02T19:42:16.308+0000] {logging_mixin.py:188} INFO - [2024-07-02T19:42:16.308+0000] {dag.py:3096} INFO - Sync 1 DAGs
[2024-07-02T19:42:16.316+0000] {logging_mixin.py:188} INFO - [2024-07-02T19:42:16.316+0000] {dag.py:3954} INFO - Setting next_dagrun for Sectorwise_count_dag to None, run_after=None
[2024-07-02T19:42:16.356+0000] {processor.py:183} INFO - Processing /workspaces/Basic-ETL-aiflow/airflow/dags/Top_sector_dag.py took 0.410 seconds
[2024-07-02T19:42:57.866+0000] {processor.py:161} INFO - Started process (PID=20840) to work on /workspaces/Basic-ETL-aiflow/airflow/dags/Top_sector_dag.py
[2024-07-02T19:42:57.867+0000] {processor.py:830} INFO - Processing file /workspaces/Basic-ETL-aiflow/airflow/dags/Top_sector_dag.py for tasks to queue
[2024-07-02T19:42:57.868+0000] {logging_mixin.py:188} INFO - [2024-07-02T19:42:57.867+0000] {dagbag.py:545} INFO - Filling up the DagBag from /workspaces/Basic-ETL-aiflow/airflow/dags/Top_sector_dag.py
[2024-07-02T19:42:58.211+0000] {processor.py:840} INFO - DAG(s) 'Sectorwise_count_dag' retrieved from /workspaces/Basic-ETL-aiflow/airflow/dags/Top_sector_dag.py
[2024-07-02T19:42:58.219+0000] {logging_mixin.py:188} INFO - [2024-07-02T19:42:58.219+0000] {dag.py:3096} INFO - Sync 1 DAGs
[2024-07-02T19:42:58.227+0000] {logging_mixin.py:188} INFO - [2024-07-02T19:42:58.227+0000] {dag.py:3954} INFO - Setting next_dagrun for Sectorwise_count_dag to None, run_after=None
[2024-07-02T19:42:58.268+0000] {processor.py:183} INFO - Processing /workspaces/Basic-ETL-aiflow/airflow/dags/Top_sector_dag.py took 0.406 seconds
[2024-07-02T19:43:57.238+0000] {processor.py:161} INFO - Started process (PID=21290) to work on /workspaces/Basic-ETL-aiflow/airflow/dags/Top_sector_dag.py
[2024-07-02T19:43:57.239+0000] {processor.py:830} INFO - Processing file /workspaces/Basic-ETL-aiflow/airflow/dags/Top_sector_dag.py for tasks to queue
[2024-07-02T19:43:57.240+0000] {logging_mixin.py:188} INFO - [2024-07-02T19:43:57.240+0000] {dagbag.py:545} INFO - Filling up the DagBag from /workspaces/Basic-ETL-aiflow/airflow/dags/Top_sector_dag.py
[2024-07-02T19:43:57.580+0000] {processor.py:840} INFO - DAG(s) 'Sectorwise_count_dag' retrieved from /workspaces/Basic-ETL-aiflow/airflow/dags/Top_sector_dag.py
[2024-07-02T19:43:57.588+0000] {logging_mixin.py:188} INFO - [2024-07-02T19:43:57.588+0000] {dag.py:3096} INFO - Sync 1 DAGs
[2024-07-02T19:43:57.595+0000] {logging_mixin.py:188} INFO - [2024-07-02T19:43:57.595+0000] {dag.py:3954} INFO - Setting next_dagrun for Sectorwise_count_dag to None, run_after=None
[2024-07-02T19:43:57.634+0000] {processor.py:183} INFO - Processing /workspaces/Basic-ETL-aiflow/airflow/dags/Top_sector_dag.py took 0.403 seconds
[2024-07-02T19:44:41.319+0000] {processor.py:161} INFO - Started process (PID=21618) to work on /workspaces/Basic-ETL-aiflow/airflow/dags/Top_sector_dag.py
[2024-07-02T19:44:41.320+0000] {processor.py:830} INFO - Processing file /workspaces/Basic-ETL-aiflow/airflow/dags/Top_sector_dag.py for tasks to queue
[2024-07-02T19:44:41.321+0000] {logging_mixin.py:188} INFO - [2024-07-02T19:44:41.320+0000] {dagbag.py:545} INFO - Filling up the DagBag from /workspaces/Basic-ETL-aiflow/airflow/dags/Top_sector_dag.py
[2024-07-02T19:44:41.668+0000] {processor.py:840} INFO - DAG(s) 'Sectorwise_count_dag' retrieved from /workspaces/Basic-ETL-aiflow/airflow/dags/Top_sector_dag.py
[2024-07-02T19:44:41.676+0000] {logging_mixin.py:188} INFO - [2024-07-02T19:44:41.676+0000] {dag.py:3096} INFO - Sync 1 DAGs
[2024-07-02T19:44:41.684+0000] {logging_mixin.py:188} INFO - [2024-07-02T19:44:41.684+0000] {dag.py:3954} INFO - Setting next_dagrun for Sectorwise_count_dag to None, run_after=None
[2024-07-02T19:44:41.724+0000] {processor.py:183} INFO - Processing /workspaces/Basic-ETL-aiflow/airflow/dags/Top_sector_dag.py took 0.409 seconds
[2024-07-02T19:45:21.430+0000] {processor.py:161} INFO - Started process (PID=21918) to work on /workspaces/Basic-ETL-aiflow/airflow/dags/Top_sector_dag.py
[2024-07-02T19:45:21.431+0000] {processor.py:830} INFO - Processing file /workspaces/Basic-ETL-aiflow/airflow/dags/Top_sector_dag.py for tasks to queue
[2024-07-02T19:45:21.431+0000] {logging_mixin.py:188} INFO - [2024-07-02T19:45:21.431+0000] {dagbag.py:545} INFO - Filling up the DagBag from /workspaces/Basic-ETL-aiflow/airflow/dags/Top_sector_dag.py
[2024-07-02T19:45:21.761+0000] {processor.py:840} INFO - DAG(s) 'Sectorwise_count_dag' retrieved from /workspaces/Basic-ETL-aiflow/airflow/dags/Top_sector_dag.py
[2024-07-02T19:45:21.770+0000] {logging_mixin.py:188} INFO - [2024-07-02T19:45:21.770+0000] {dag.py:3096} INFO - Sync 1 DAGs
[2024-07-02T19:45:21.778+0000] {logging_mixin.py:188} INFO - [2024-07-02T19:45:21.778+0000] {dag.py:3954} INFO - Setting next_dagrun for Sectorwise_count_dag to None, run_after=None
[2024-07-02T19:45:21.819+0000] {processor.py:183} INFO - Processing /workspaces/Basic-ETL-aiflow/airflow/dags/Top_sector_dag.py took 0.393 seconds
[2024-07-02T19:46:04.177+0000] {processor.py:161} INFO - Started process (PID=22212) to work on /workspaces/Basic-ETL-aiflow/airflow/dags/Top_sector_dag.py
[2024-07-02T19:46:04.177+0000] {processor.py:830} INFO - Processing file /workspaces/Basic-ETL-aiflow/airflow/dags/Top_sector_dag.py for tasks to queue
[2024-07-02T19:46:04.178+0000] {logging_mixin.py:188} INFO - [2024-07-02T19:46:04.178+0000] {dagbag.py:545} INFO - Filling up the DagBag from /workspaces/Basic-ETL-aiflow/airflow/dags/Top_sector_dag.py
[2024-07-02T19:46:04.505+0000] {processor.py:840} INFO - DAG(s) 'Sectorwise_count_dag' retrieved from /workspaces/Basic-ETL-aiflow/airflow/dags/Top_sector_dag.py
[2024-07-02T19:46:04.513+0000] {logging_mixin.py:188} INFO - [2024-07-02T19:46:04.513+0000] {dag.py:3096} INFO - Sync 1 DAGs
[2024-07-02T19:46:04.520+0000] {logging_mixin.py:188} INFO - [2024-07-02T19:46:04.520+0000] {dag.py:3954} INFO - Setting next_dagrun for Sectorwise_count_dag to None, run_after=None
[2024-07-02T19:46:04.558+0000] {processor.py:183} INFO - Processing /workspaces/Basic-ETL-aiflow/airflow/dags/Top_sector_dag.py took 0.386 seconds
[2024-07-02T19:46:49.481+0000] {processor.py:161} INFO - Started process (PID=22540) to work on /workspaces/Basic-ETL-aiflow/airflow/dags/Top_sector_dag.py
[2024-07-02T19:46:49.482+0000] {processor.py:830} INFO - Processing file /workspaces/Basic-ETL-aiflow/airflow/dags/Top_sector_dag.py for tasks to queue
[2024-07-02T19:46:49.482+0000] {logging_mixin.py:188} INFO - [2024-07-02T19:46:49.482+0000] {dagbag.py:545} INFO - Filling up the DagBag from /workspaces/Basic-ETL-aiflow/airflow/dags/Top_sector_dag.py
[2024-07-02T19:46:49.816+0000] {processor.py:840} INFO - DAG(s) 'Sectorwise_count_dag' retrieved from /workspaces/Basic-ETL-aiflow/airflow/dags/Top_sector_dag.py
[2024-07-02T19:46:49.825+0000] {logging_mixin.py:188} INFO - [2024-07-02T19:46:49.825+0000] {dag.py:3096} INFO - Sync 1 DAGs
[2024-07-02T19:46:49.833+0000] {logging_mixin.py:188} INFO - [2024-07-02T19:46:49.832+0000] {dag.py:3954} INFO - Setting next_dagrun for Sectorwise_count_dag to None, run_after=None
[2024-07-02T19:46:49.872+0000] {processor.py:183} INFO - Processing /workspaces/Basic-ETL-aiflow/airflow/dags/Top_sector_dag.py took 0.395 seconds
[2024-07-02T19:47:37.233+0000] {processor.py:161} INFO - Started process (PID=22855) to work on /workspaces/Basic-ETL-aiflow/airflow/dags/Top_sector_dag.py
[2024-07-02T19:47:37.233+0000] {processor.py:830} INFO - Processing file /workspaces/Basic-ETL-aiflow/airflow/dags/Top_sector_dag.py for tasks to queue
[2024-07-02T19:47:37.234+0000] {logging_mixin.py:188} INFO - [2024-07-02T19:47:37.234+0000] {dagbag.py:545} INFO - Filling up the DagBag from /workspaces/Basic-ETL-aiflow/airflow/dags/Top_sector_dag.py
[2024-07-02T19:47:37.602+0000] {processor.py:840} INFO - DAG(s) 'Sectorwise_count_dag' retrieved from /workspaces/Basic-ETL-aiflow/airflow/dags/Top_sector_dag.py
[2024-07-02T19:47:37.611+0000] {logging_mixin.py:188} INFO - [2024-07-02T19:47:37.611+0000] {dag.py:3096} INFO - Sync 1 DAGs
[2024-07-02T19:47:37.618+0000] {logging_mixin.py:188} INFO - [2024-07-02T19:47:37.618+0000] {dag.py:3954} INFO - Setting next_dagrun for Sectorwise_count_dag to None, run_after=None
[2024-07-02T19:47:37.657+0000] {processor.py:183} INFO - Processing /workspaces/Basic-ETL-aiflow/airflow/dags/Top_sector_dag.py took 0.429 seconds
[2024-07-02T19:48:17.661+0000] {processor.py:161} INFO - Started process (PID=23137) to work on /workspaces/Basic-ETL-aiflow/airflow/dags/Top_sector_dag.py
[2024-07-02T19:48:17.662+0000] {processor.py:830} INFO - Processing file /workspaces/Basic-ETL-aiflow/airflow/dags/Top_sector_dag.py for tasks to queue
[2024-07-02T19:48:17.663+0000] {logging_mixin.py:188} INFO - [2024-07-02T19:48:17.663+0000] {dagbag.py:545} INFO - Filling up the DagBag from /workspaces/Basic-ETL-aiflow/airflow/dags/Top_sector_dag.py
[2024-07-02T19:48:17.995+0000] {processor.py:840} INFO - DAG(s) 'Sectorwise_count_dag' retrieved from /workspaces/Basic-ETL-aiflow/airflow/dags/Top_sector_dag.py
[2024-07-02T19:48:18.003+0000] {logging_mixin.py:188} INFO - [2024-07-02T19:48:18.003+0000] {dag.py:3096} INFO - Sync 1 DAGs
[2024-07-02T19:48:18.010+0000] {logging_mixin.py:188} INFO - [2024-07-02T19:48:18.010+0000] {dag.py:3954} INFO - Setting next_dagrun for Sectorwise_count_dag to None, run_after=None
[2024-07-02T19:48:18.051+0000] {processor.py:183} INFO - Processing /workspaces/Basic-ETL-aiflow/airflow/dags/Top_sector_dag.py took 0.394 seconds
[2024-07-02T19:49:00.388+0000] {processor.py:161} INFO - Started process (PID=23475) to work on /workspaces/Basic-ETL-aiflow/airflow/dags/Top_sector_dag.py
[2024-07-02T19:49:00.389+0000] {processor.py:830} INFO - Processing file /workspaces/Basic-ETL-aiflow/airflow/dags/Top_sector_dag.py for tasks to queue
[2024-07-02T19:49:00.390+0000] {logging_mixin.py:188} INFO - [2024-07-02T19:49:00.390+0000] {dagbag.py:545} INFO - Filling up the DagBag from /workspaces/Basic-ETL-aiflow/airflow/dags/Top_sector_dag.py
[2024-07-02T19:49:00.720+0000] {processor.py:840} INFO - DAG(s) 'Sectorwise_count_dag' retrieved from /workspaces/Basic-ETL-aiflow/airflow/dags/Top_sector_dag.py
[2024-07-02T19:49:00.729+0000] {logging_mixin.py:188} INFO - [2024-07-02T19:49:00.728+0000] {dag.py:3096} INFO - Sync 1 DAGs
[2024-07-02T19:49:00.737+0000] {logging_mixin.py:188} INFO - [2024-07-02T19:49:00.737+0000] {dag.py:3954} INFO - Setting next_dagrun for Sectorwise_count_dag to None, run_after=None
[2024-07-02T19:49:00.775+0000] {processor.py:183} INFO - Processing /workspaces/Basic-ETL-aiflow/airflow/dags/Top_sector_dag.py took 0.391 seconds
[2024-07-02T19:49:46.188+0000] {processor.py:161} INFO - Started process (PID=23814) to work on /workspaces/Basic-ETL-aiflow/airflow/dags/Top_sector_dag.py
[2024-07-02T19:49:46.188+0000] {processor.py:830} INFO - Processing file /workspaces/Basic-ETL-aiflow/airflow/dags/Top_sector_dag.py for tasks to queue
[2024-07-02T19:49:46.189+0000] {logging_mixin.py:188} INFO - [2024-07-02T19:49:46.189+0000] {dagbag.py:545} INFO - Filling up the DagBag from /workspaces/Basic-ETL-aiflow/airflow/dags/Top_sector_dag.py
[2024-07-02T19:49:46.520+0000] {processor.py:840} INFO - DAG(s) 'Sectorwise_count_dag' retrieved from /workspaces/Basic-ETL-aiflow/airflow/dags/Top_sector_dag.py
[2024-07-02T19:49:46.529+0000] {logging_mixin.py:188} INFO - [2024-07-02T19:49:46.529+0000] {dag.py:3096} INFO - Sync 1 DAGs
[2024-07-02T19:49:46.537+0000] {logging_mixin.py:188} INFO - [2024-07-02T19:49:46.536+0000] {dag.py:3954} INFO - Setting next_dagrun for Sectorwise_count_dag to None, run_after=None
[2024-07-02T19:49:46.575+0000] {processor.py:183} INFO - Processing /workspaces/Basic-ETL-aiflow/airflow/dags/Top_sector_dag.py took 0.391 seconds
[2024-07-02T19:50:30.843+0000] {processor.py:161} INFO - Started process (PID=24173) to work on /workspaces/Basic-ETL-aiflow/airflow/dags/Top_sector_dag.py
[2024-07-02T19:50:30.844+0000] {processor.py:830} INFO - Processing file /workspaces/Basic-ETL-aiflow/airflow/dags/Top_sector_dag.py for tasks to queue
[2024-07-02T19:50:30.844+0000] {logging_mixin.py:188} INFO - [2024-07-02T19:50:30.844+0000] {dagbag.py:545} INFO - Filling up the DagBag from /workspaces/Basic-ETL-aiflow/airflow/dags/Top_sector_dag.py
[2024-07-02T19:50:31.171+0000] {processor.py:840} INFO - DAG(s) 'Sectorwise_count_dag' retrieved from /workspaces/Basic-ETL-aiflow/airflow/dags/Top_sector_dag.py
[2024-07-02T19:50:31.179+0000] {logging_mixin.py:188} INFO - [2024-07-02T19:50:31.179+0000] {dag.py:3096} INFO - Sync 1 DAGs
[2024-07-02T19:50:31.186+0000] {logging_mixin.py:188} INFO - [2024-07-02T19:50:31.186+0000] {dag.py:3954} INFO - Setting next_dagrun for Sectorwise_count_dag to None, run_after=None
[2024-07-02T19:50:31.227+0000] {processor.py:183} INFO - Processing /workspaces/Basic-ETL-aiflow/airflow/dags/Top_sector_dag.py took 0.389 seconds
[2024-07-02T19:51:14.992+0000] {processor.py:161} INFO - Started process (PID=24493) to work on /workspaces/Basic-ETL-aiflow/airflow/dags/Top_sector_dag.py
[2024-07-02T19:51:14.993+0000] {processor.py:830} INFO - Processing file /workspaces/Basic-ETL-aiflow/airflow/dags/Top_sector_dag.py for tasks to queue
[2024-07-02T19:51:14.994+0000] {logging_mixin.py:188} INFO - [2024-07-02T19:51:14.993+0000] {dagbag.py:545} INFO - Filling up the DagBag from /workspaces/Basic-ETL-aiflow/airflow/dags/Top_sector_dag.py
[2024-07-02T19:51:15.350+0000] {processor.py:840} INFO - DAG(s) 'Sectorwise_count_dag' retrieved from /workspaces/Basic-ETL-aiflow/airflow/dags/Top_sector_dag.py
[2024-07-02T19:51:15.362+0000] {logging_mixin.py:188} INFO - [2024-07-02T19:51:15.362+0000] {dag.py:3096} INFO - Sync 1 DAGs
[2024-07-02T19:51:15.378+0000] {logging_mixin.py:188} INFO - [2024-07-02T19:51:15.375+0000] {dag.py:3954} INFO - Setting next_dagrun for Sectorwise_count_dag to None, run_after=None
[2024-07-02T19:51:15.438+0000] {processor.py:183} INFO - Processing /workspaces/Basic-ETL-aiflow/airflow/dags/Top_sector_dag.py took 0.452 seconds
[2024-07-02T19:52:00.080+0000] {processor.py:161} INFO - Started process (PID=24829) to work on /workspaces/Basic-ETL-aiflow/airflow/dags/Top_sector_dag.py
[2024-07-02T19:52:00.081+0000] {processor.py:830} INFO - Processing file /workspaces/Basic-ETL-aiflow/airflow/dags/Top_sector_dag.py for tasks to queue
[2024-07-02T19:52:00.081+0000] {logging_mixin.py:188} INFO - [2024-07-02T19:52:00.081+0000] {dagbag.py:545} INFO - Filling up the DagBag from /workspaces/Basic-ETL-aiflow/airflow/dags/Top_sector_dag.py
[2024-07-02T19:52:00.415+0000] {processor.py:840} INFO - DAG(s) 'Sectorwise_count_dag' retrieved from /workspaces/Basic-ETL-aiflow/airflow/dags/Top_sector_dag.py
[2024-07-02T19:52:00.424+0000] {logging_mixin.py:188} INFO - [2024-07-02T19:52:00.424+0000] {dag.py:3096} INFO - Sync 1 DAGs
[2024-07-02T19:52:00.431+0000] {logging_mixin.py:188} INFO - [2024-07-02T19:52:00.431+0000] {dag.py:3954} INFO - Setting next_dagrun for Sectorwise_count_dag to None, run_after=None
[2024-07-02T19:52:00.471+0000] {processor.py:183} INFO - Processing /workspaces/Basic-ETL-aiflow/airflow/dags/Top_sector_dag.py took 0.395 seconds
[2024-07-02T19:52:44.294+0000] {processor.py:161} INFO - Started process (PID=25174) to work on /workspaces/Basic-ETL-aiflow/airflow/dags/Top_sector_dag.py
[2024-07-02T19:52:44.294+0000] {processor.py:830} INFO - Processing file /workspaces/Basic-ETL-aiflow/airflow/dags/Top_sector_dag.py for tasks to queue
[2024-07-02T19:52:44.295+0000] {logging_mixin.py:188} INFO - [2024-07-02T19:52:44.295+0000] {dagbag.py:545} INFO - Filling up the DagBag from /workspaces/Basic-ETL-aiflow/airflow/dags/Top_sector_dag.py
[2024-07-02T19:52:44.623+0000] {processor.py:840} INFO - DAG(s) 'Sectorwise_count_dag' retrieved from /workspaces/Basic-ETL-aiflow/airflow/dags/Top_sector_dag.py
[2024-07-02T19:52:44.631+0000] {logging_mixin.py:188} INFO - [2024-07-02T19:52:44.631+0000] {dag.py:3096} INFO - Sync 1 DAGs
[2024-07-02T19:52:44.639+0000] {logging_mixin.py:188} INFO - [2024-07-02T19:52:44.638+0000] {dag.py:3954} INFO - Setting next_dagrun for Sectorwise_count_dag to None, run_after=None
[2024-07-02T19:52:44.679+0000] {processor.py:183} INFO - Processing /workspaces/Basic-ETL-aiflow/airflow/dags/Top_sector_dag.py took 0.389 seconds
[2024-07-02T19:53:28.357+0000] {processor.py:161} INFO - Started process (PID=25508) to work on /workspaces/Basic-ETL-aiflow/airflow/dags/Top_sector_dag.py
[2024-07-02T19:53:28.358+0000] {processor.py:830} INFO - Processing file /workspaces/Basic-ETL-aiflow/airflow/dags/Top_sector_dag.py for tasks to queue
[2024-07-02T19:53:28.359+0000] {logging_mixin.py:188} INFO - [2024-07-02T19:53:28.358+0000] {dagbag.py:545} INFO - Filling up the DagBag from /workspaces/Basic-ETL-aiflow/airflow/dags/Top_sector_dag.py
[2024-07-02T19:53:28.715+0000] {processor.py:840} INFO - DAG(s) 'Sectorwise_count_dag' retrieved from /workspaces/Basic-ETL-aiflow/airflow/dags/Top_sector_dag.py
[2024-07-02T19:53:28.723+0000] {logging_mixin.py:188} INFO - [2024-07-02T19:53:28.723+0000] {dag.py:3096} INFO - Sync 1 DAGs
[2024-07-02T19:53:28.730+0000] {logging_mixin.py:188} INFO - [2024-07-02T19:53:28.730+0000] {dag.py:3954} INFO - Setting next_dagrun for Sectorwise_count_dag to None, run_after=None
[2024-07-02T19:53:28.771+0000] {processor.py:183} INFO - Processing /workspaces/Basic-ETL-aiflow/airflow/dags/Top_sector_dag.py took 0.418 seconds
[2024-07-02T19:54:12.890+0000] {processor.py:161} INFO - Started process (PID=25834) to work on /workspaces/Basic-ETL-aiflow/airflow/dags/Top_sector_dag.py
[2024-07-02T19:54:12.891+0000] {processor.py:830} INFO - Processing file /workspaces/Basic-ETL-aiflow/airflow/dags/Top_sector_dag.py for tasks to queue
[2024-07-02T19:54:12.891+0000] {logging_mixin.py:188} INFO - [2024-07-02T19:54:12.891+0000] {dagbag.py:545} INFO - Filling up the DagBag from /workspaces/Basic-ETL-aiflow/airflow/dags/Top_sector_dag.py
[2024-07-02T19:54:13.218+0000] {processor.py:840} INFO - DAG(s) 'Sectorwise_count_dag' retrieved from /workspaces/Basic-ETL-aiflow/airflow/dags/Top_sector_dag.py
[2024-07-02T19:54:13.227+0000] {logging_mixin.py:188} INFO - [2024-07-02T19:54:13.227+0000] {dag.py:3096} INFO - Sync 1 DAGs
[2024-07-02T19:54:13.234+0000] {logging_mixin.py:188} INFO - [2024-07-02T19:54:13.234+0000] {dag.py:3954} INFO - Setting next_dagrun for Sectorwise_count_dag to None, run_after=None
[2024-07-02T19:54:13.273+0000] {processor.py:183} INFO - Processing /workspaces/Basic-ETL-aiflow/airflow/dags/Top_sector_dag.py took 0.388 seconds
[2024-07-02T19:54:56.031+0000] {processor.py:161} INFO - Started process (PID=26178) to work on /workspaces/Basic-ETL-aiflow/airflow/dags/Top_sector_dag.py
[2024-07-02T19:54:56.031+0000] {processor.py:830} INFO - Processing file /workspaces/Basic-ETL-aiflow/airflow/dags/Top_sector_dag.py for tasks to queue
[2024-07-02T19:54:56.032+0000] {logging_mixin.py:188} INFO - [2024-07-02T19:54:56.032+0000] {dagbag.py:545} INFO - Filling up the DagBag from /workspaces/Basic-ETL-aiflow/airflow/dags/Top_sector_dag.py
[2024-07-02T19:54:56.355+0000] {processor.py:840} INFO - DAG(s) 'Sectorwise_count_dag' retrieved from /workspaces/Basic-ETL-aiflow/airflow/dags/Top_sector_dag.py
[2024-07-02T19:54:56.365+0000] {logging_mixin.py:188} INFO - [2024-07-02T19:54:56.365+0000] {dag.py:3096} INFO - Sync 1 DAGs
[2024-07-02T19:54:56.372+0000] {logging_mixin.py:188} INFO - [2024-07-02T19:54:56.372+0000] {dag.py:3954} INFO - Setting next_dagrun for Sectorwise_count_dag to None, run_after=None
[2024-07-02T19:54:56.411+0000] {processor.py:183} INFO - Processing /workspaces/Basic-ETL-aiflow/airflow/dags/Top_sector_dag.py took 0.385 seconds
[2024-07-02T19:55:40.368+0000] {processor.py:161} INFO - Started process (PID=26508) to work on /workspaces/Basic-ETL-aiflow/airflow/dags/Top_sector_dag.py
[2024-07-02T19:55:40.368+0000] {processor.py:830} INFO - Processing file /workspaces/Basic-ETL-aiflow/airflow/dags/Top_sector_dag.py for tasks to queue
[2024-07-02T19:55:40.369+0000] {logging_mixin.py:188} INFO - [2024-07-02T19:55:40.369+0000] {dagbag.py:545} INFO - Filling up the DagBag from /workspaces/Basic-ETL-aiflow/airflow/dags/Top_sector_dag.py
[2024-07-02T19:55:40.702+0000] {processor.py:840} INFO - DAG(s) 'Sectorwise_count_dag' retrieved from /workspaces/Basic-ETL-aiflow/airflow/dags/Top_sector_dag.py
[2024-07-02T19:55:40.711+0000] {logging_mixin.py:188} INFO - [2024-07-02T19:55:40.711+0000] {dag.py:3096} INFO - Sync 1 DAGs
[2024-07-02T19:55:40.718+0000] {logging_mixin.py:188} INFO - [2024-07-02T19:55:40.718+0000] {dag.py:3954} INFO - Setting next_dagrun for Sectorwise_count_dag to None, run_after=None
[2024-07-02T19:55:40.758+0000] {processor.py:183} INFO - Processing /workspaces/Basic-ETL-aiflow/airflow/dags/Top_sector_dag.py took 0.395 seconds
[2024-07-02T19:56:25.793+0000] {processor.py:161} INFO - Started process (PID=26916) to work on /workspaces/Basic-ETL-aiflow/airflow/dags/Top_sector_dag.py
[2024-07-02T19:56:25.793+0000] {processor.py:830} INFO - Processing file /workspaces/Basic-ETL-aiflow/airflow/dags/Top_sector_dag.py for tasks to queue
[2024-07-02T19:56:25.794+0000] {logging_mixin.py:188} INFO - [2024-07-02T19:56:25.794+0000] {dagbag.py:545} INFO - Filling up the DagBag from /workspaces/Basic-ETL-aiflow/airflow/dags/Top_sector_dag.py
[2024-07-02T19:56:26.127+0000] {processor.py:840} INFO - DAG(s) 'Sectorwise_count_dag' retrieved from /workspaces/Basic-ETL-aiflow/airflow/dags/Top_sector_dag.py
[2024-07-02T19:56:26.136+0000] {logging_mixin.py:188} INFO - [2024-07-02T19:56:26.136+0000] {dag.py:3096} INFO - Sync 1 DAGs
[2024-07-02T19:56:26.144+0000] {logging_mixin.py:188} INFO - [2024-07-02T19:56:26.143+0000] {dag.py:3954} INFO - Setting next_dagrun for Sectorwise_count_dag to None, run_after=None
[2024-07-02T19:56:26.186+0000] {processor.py:183} INFO - Processing /workspaces/Basic-ETL-aiflow/airflow/dags/Top_sector_dag.py took 0.398 seconds
[2024-07-02T19:57:20.706+0000] {processor.py:161} INFO - Started process (PID=27402) to work on /workspaces/Basic-ETL-aiflow/airflow/dags/Top_sector_dag.py
[2024-07-02T19:57:20.707+0000] {processor.py:830} INFO - Processing file /workspaces/Basic-ETL-aiflow/airflow/dags/Top_sector_dag.py for tasks to queue
[2024-07-02T19:57:20.708+0000] {logging_mixin.py:188} INFO - [2024-07-02T19:57:20.707+0000] {dagbag.py:545} INFO - Filling up the DagBag from /workspaces/Basic-ETL-aiflow/airflow/dags/Top_sector_dag.py
[2024-07-02T19:57:21.056+0000] {processor.py:840} INFO - DAG(s) 'Sectorwise_count_dag' retrieved from /workspaces/Basic-ETL-aiflow/airflow/dags/Top_sector_dag.py
[2024-07-02T19:57:21.065+0000] {logging_mixin.py:188} INFO - [2024-07-02T19:57:21.064+0000] {dag.py:3096} INFO - Sync 1 DAGs
[2024-07-02T19:57:21.072+0000] {logging_mixin.py:188} INFO - [2024-07-02T19:57:21.072+0000] {dag.py:3954} INFO - Setting next_dagrun for Sectorwise_count_dag to None, run_after=None
[2024-07-02T19:57:21.111+0000] {processor.py:183} INFO - Processing /workspaces/Basic-ETL-aiflow/airflow/dags/Top_sector_dag.py took 0.409 seconds
