[2024-07-02T19:09:27.757+0000] {processor.py:161} INFO - Started process (PID=4891) to work on /usr/local/python/3.10.13/lib/python3.10/site-packages/airflow/example_dags/plugins/decreasing_priority_weight_strategy.py
[2024-07-02T19:09:27.758+0000] {processor.py:830} INFO - Processing file /usr/local/python/3.10.13/lib/python3.10/site-packages/airflow/example_dags/plugins/decreasing_priority_weight_strategy.py for tasks to queue
[2024-07-02T19:09:27.759+0000] {logging_mixin.py:188} INFO - [2024-07-02T19:09:27.758+0000] {dagbag.py:545} INFO - Filling up the DagBag from /usr/local/python/3.10.13/lib/python3.10/site-packages/airflow/example_dags/plugins/decreasing_priority_weight_strategy.py
[2024-07-02T19:09:27.760+0000] {processor.py:842} WARNING - No viable dags retrieved from /usr/local/python/3.10.13/lib/python3.10/site-packages/airflow/example_dags/plugins/decreasing_priority_weight_strategy.py
[2024-07-02T19:09:27.768+0000] {processor.py:183} INFO - Processing /usr/local/python/3.10.13/lib/python3.10/site-packages/airflow/example_dags/plugins/decreasing_priority_weight_strategy.py took 0.017 seconds
[2024-07-02T19:10:22.223+0000] {processor.py:161} INFO - Started process (PID=5595) to work on /usr/local/python/3.10.13/lib/python3.10/site-packages/airflow/example_dags/plugins/decreasing_priority_weight_strategy.py
[2024-07-02T19:10:22.224+0000] {processor.py:830} INFO - Processing file /usr/local/python/3.10.13/lib/python3.10/site-packages/airflow/example_dags/plugins/decreasing_priority_weight_strategy.py for tasks to queue
[2024-07-02T19:10:22.225+0000] {logging_mixin.py:188} INFO - [2024-07-02T19:10:22.225+0000] {dagbag.py:545} INFO - Filling up the DagBag from /usr/local/python/3.10.13/lib/python3.10/site-packages/airflow/example_dags/plugins/decreasing_priority_weight_strategy.py
[2024-07-02T19:10:22.227+0000] {processor.py:842} WARNING - No viable dags retrieved from /usr/local/python/3.10.13/lib/python3.10/site-packages/airflow/example_dags/plugins/decreasing_priority_weight_strategy.py
[2024-07-02T19:10:22.234+0000] {processor.py:183} INFO - Processing /usr/local/python/3.10.13/lib/python3.10/site-packages/airflow/example_dags/plugins/decreasing_priority_weight_strategy.py took 0.015 seconds
[2024-07-02T19:11:24.968+0000] {processor.py:161} INFO - Started process (PID=6051) to work on /usr/local/python/3.10.13/lib/python3.10/site-packages/airflow/example_dags/plugins/decreasing_priority_weight_strategy.py
[2024-07-02T19:11:24.968+0000] {processor.py:830} INFO - Processing file /usr/local/python/3.10.13/lib/python3.10/site-packages/airflow/example_dags/plugins/decreasing_priority_weight_strategy.py for tasks to queue
[2024-07-02T19:11:24.969+0000] {logging_mixin.py:188} INFO - [2024-07-02T19:11:24.969+0000] {dagbag.py:545} INFO - Filling up the DagBag from /usr/local/python/3.10.13/lib/python3.10/site-packages/airflow/example_dags/plugins/decreasing_priority_weight_strategy.py
[2024-07-02T19:11:24.971+0000] {processor.py:842} WARNING - No viable dags retrieved from /usr/local/python/3.10.13/lib/python3.10/site-packages/airflow/example_dags/plugins/decreasing_priority_weight_strategy.py
[2024-07-02T19:11:24.978+0000] {processor.py:183} INFO - Processing /usr/local/python/3.10.13/lib/python3.10/site-packages/airflow/example_dags/plugins/decreasing_priority_weight_strategy.py took 0.015 seconds
[2024-07-02T19:12:14.133+0000] {processor.py:161} INFO - Started process (PID=6432) to work on /usr/local/python/3.10.13/lib/python3.10/site-packages/airflow/example_dags/plugins/decreasing_priority_weight_strategy.py
[2024-07-02T19:12:14.133+0000] {processor.py:830} INFO - Processing file /usr/local/python/3.10.13/lib/python3.10/site-packages/airflow/example_dags/plugins/decreasing_priority_weight_strategy.py for tasks to queue
[2024-07-02T19:12:14.134+0000] {logging_mixin.py:188} INFO - [2024-07-02T19:12:14.134+0000] {dagbag.py:545} INFO - Filling up the DagBag from /usr/local/python/3.10.13/lib/python3.10/site-packages/airflow/example_dags/plugins/decreasing_priority_weight_strategy.py
[2024-07-02T19:12:14.136+0000] {processor.py:842} WARNING - No viable dags retrieved from /usr/local/python/3.10.13/lib/python3.10/site-packages/airflow/example_dags/plugins/decreasing_priority_weight_strategy.py
[2024-07-02T19:12:14.143+0000] {processor.py:183} INFO - Processing /usr/local/python/3.10.13/lib/python3.10/site-packages/airflow/example_dags/plugins/decreasing_priority_weight_strategy.py took 0.015 seconds
[2024-07-02T19:12:56.685+0000] {processor.py:161} INFO - Started process (PID=6751) to work on /usr/local/python/3.10.13/lib/python3.10/site-packages/airflow/example_dags/plugins/decreasing_priority_weight_strategy.py
[2024-07-02T19:12:56.686+0000] {processor.py:830} INFO - Processing file /usr/local/python/3.10.13/lib/python3.10/site-packages/airflow/example_dags/plugins/decreasing_priority_weight_strategy.py for tasks to queue
[2024-07-02T19:12:56.687+0000] {logging_mixin.py:188} INFO - [2024-07-02T19:12:56.687+0000] {dagbag.py:545} INFO - Filling up the DagBag from /usr/local/python/3.10.13/lib/python3.10/site-packages/airflow/example_dags/plugins/decreasing_priority_weight_strategy.py
[2024-07-02T19:12:56.689+0000] {processor.py:842} WARNING - No viable dags retrieved from /usr/local/python/3.10.13/lib/python3.10/site-packages/airflow/example_dags/plugins/decreasing_priority_weight_strategy.py
[2024-07-02T19:12:56.696+0000] {processor.py:183} INFO - Processing /usr/local/python/3.10.13/lib/python3.10/site-packages/airflow/example_dags/plugins/decreasing_priority_weight_strategy.py took 0.015 seconds
[2024-07-02T19:13:46.188+0000] {processor.py:161} INFO - Started process (PID=7136) to work on /usr/local/python/3.10.13/lib/python3.10/site-packages/airflow/example_dags/plugins/decreasing_priority_weight_strategy.py
[2024-07-02T19:13:46.189+0000] {processor.py:830} INFO - Processing file /usr/local/python/3.10.13/lib/python3.10/site-packages/airflow/example_dags/plugins/decreasing_priority_weight_strategy.py for tasks to queue
[2024-07-02T19:13:46.190+0000] {logging_mixin.py:188} INFO - [2024-07-02T19:13:46.190+0000] {dagbag.py:545} INFO - Filling up the DagBag from /usr/local/python/3.10.13/lib/python3.10/site-packages/airflow/example_dags/plugins/decreasing_priority_weight_strategy.py
[2024-07-02T19:13:46.192+0000] {processor.py:842} WARNING - No viable dags retrieved from /usr/local/python/3.10.13/lib/python3.10/site-packages/airflow/example_dags/plugins/decreasing_priority_weight_strategy.py
[2024-07-02T19:13:46.199+0000] {processor.py:183} INFO - Processing /usr/local/python/3.10.13/lib/python3.10/site-packages/airflow/example_dags/plugins/decreasing_priority_weight_strategy.py took 0.015 seconds
[2024-07-02T19:14:27.162+0000] {processor.py:161} INFO - Started process (PID=7441) to work on /usr/local/python/3.10.13/lib/python3.10/site-packages/airflow/example_dags/plugins/decreasing_priority_weight_strategy.py
[2024-07-02T19:14:27.163+0000] {processor.py:830} INFO - Processing file /usr/local/python/3.10.13/lib/python3.10/site-packages/airflow/example_dags/plugins/decreasing_priority_weight_strategy.py for tasks to queue
[2024-07-02T19:14:27.164+0000] {logging_mixin.py:188} INFO - [2024-07-02T19:14:27.164+0000] {dagbag.py:545} INFO - Filling up the DagBag from /usr/local/python/3.10.13/lib/python3.10/site-packages/airflow/example_dags/plugins/decreasing_priority_weight_strategy.py
[2024-07-02T19:14:27.165+0000] {processor.py:842} WARNING - No viable dags retrieved from /usr/local/python/3.10.13/lib/python3.10/site-packages/airflow/example_dags/plugins/decreasing_priority_weight_strategy.py
[2024-07-02T19:14:27.172+0000] {processor.py:183} INFO - Processing /usr/local/python/3.10.13/lib/python3.10/site-packages/airflow/example_dags/plugins/decreasing_priority_weight_strategy.py took 0.015 seconds
[2024-07-02T19:15:10.344+0000] {processor.py:161} INFO - Started process (PID=7762) to work on /usr/local/python/3.10.13/lib/python3.10/site-packages/airflow/example_dags/plugins/decreasing_priority_weight_strategy.py
[2024-07-02T19:15:10.345+0000] {processor.py:830} INFO - Processing file /usr/local/python/3.10.13/lib/python3.10/site-packages/airflow/example_dags/plugins/decreasing_priority_weight_strategy.py for tasks to queue
[2024-07-02T19:15:10.345+0000] {logging_mixin.py:188} INFO - [2024-07-02T19:15:10.345+0000] {dagbag.py:545} INFO - Filling up the DagBag from /usr/local/python/3.10.13/lib/python3.10/site-packages/airflow/example_dags/plugins/decreasing_priority_weight_strategy.py
[2024-07-02T19:15:10.347+0000] {processor.py:842} WARNING - No viable dags retrieved from /usr/local/python/3.10.13/lib/python3.10/site-packages/airflow/example_dags/plugins/decreasing_priority_weight_strategy.py
[2024-07-02T19:15:10.354+0000] {processor.py:183} INFO - Processing /usr/local/python/3.10.13/lib/python3.10/site-packages/airflow/example_dags/plugins/decreasing_priority_weight_strategy.py took 0.015 seconds
[2024-07-02T19:15:53.177+0000] {processor.py:161} INFO - Started process (PID=8085) to work on /usr/local/python/3.10.13/lib/python3.10/site-packages/airflow/example_dags/plugins/decreasing_priority_weight_strategy.py
[2024-07-02T19:15:53.178+0000] {processor.py:830} INFO - Processing file /usr/local/python/3.10.13/lib/python3.10/site-packages/airflow/example_dags/plugins/decreasing_priority_weight_strategy.py for tasks to queue
[2024-07-02T19:15:53.178+0000] {logging_mixin.py:188} INFO - [2024-07-02T19:15:53.178+0000] {dagbag.py:545} INFO - Filling up the DagBag from /usr/local/python/3.10.13/lib/python3.10/site-packages/airflow/example_dags/plugins/decreasing_priority_weight_strategy.py
[2024-07-02T19:15:53.180+0000] {processor.py:842} WARNING - No viable dags retrieved from /usr/local/python/3.10.13/lib/python3.10/site-packages/airflow/example_dags/plugins/decreasing_priority_weight_strategy.py
[2024-07-02T19:15:53.187+0000] {processor.py:183} INFO - Processing /usr/local/python/3.10.13/lib/python3.10/site-packages/airflow/example_dags/plugins/decreasing_priority_weight_strategy.py took 0.015 seconds
[2024-07-02T19:16:37.700+0000] {processor.py:161} INFO - Started process (PID=8445) to work on /usr/local/python/3.10.13/lib/python3.10/site-packages/airflow/example_dags/plugins/decreasing_priority_weight_strategy.py
[2024-07-02T19:16:37.701+0000] {processor.py:830} INFO - Processing file /usr/local/python/3.10.13/lib/python3.10/site-packages/airflow/example_dags/plugins/decreasing_priority_weight_strategy.py for tasks to queue
[2024-07-02T19:16:37.702+0000] {logging_mixin.py:188} INFO - [2024-07-02T19:16:37.701+0000] {dagbag.py:545} INFO - Filling up the DagBag from /usr/local/python/3.10.13/lib/python3.10/site-packages/airflow/example_dags/plugins/decreasing_priority_weight_strategy.py
[2024-07-02T19:16:37.703+0000] {processor.py:842} WARNING - No viable dags retrieved from /usr/local/python/3.10.13/lib/python3.10/site-packages/airflow/example_dags/plugins/decreasing_priority_weight_strategy.py
[2024-07-02T19:16:37.711+0000] {processor.py:183} INFO - Processing /usr/local/python/3.10.13/lib/python3.10/site-packages/airflow/example_dags/plugins/decreasing_priority_weight_strategy.py took 0.015 seconds
[2024-07-02T19:17:25.233+0000] {processor.py:161} INFO - Started process (PID=8785) to work on /usr/local/python/3.10.13/lib/python3.10/site-packages/airflow/example_dags/plugins/decreasing_priority_weight_strategy.py
[2024-07-02T19:17:25.233+0000] {processor.py:830} INFO - Processing file /usr/local/python/3.10.13/lib/python3.10/site-packages/airflow/example_dags/plugins/decreasing_priority_weight_strategy.py for tasks to queue
[2024-07-02T19:17:25.234+0000] {logging_mixin.py:188} INFO - [2024-07-02T19:17:25.234+0000] {dagbag.py:545} INFO - Filling up the DagBag from /usr/local/python/3.10.13/lib/python3.10/site-packages/airflow/example_dags/plugins/decreasing_priority_weight_strategy.py
[2024-07-02T19:17:25.236+0000] {processor.py:842} WARNING - No viable dags retrieved from /usr/local/python/3.10.13/lib/python3.10/site-packages/airflow/example_dags/plugins/decreasing_priority_weight_strategy.py
[2024-07-02T19:17:25.243+0000] {processor.py:183} INFO - Processing /usr/local/python/3.10.13/lib/python3.10/site-packages/airflow/example_dags/plugins/decreasing_priority_weight_strategy.py took 0.015 seconds
[2024-07-02T19:18:08.540+0000] {processor.py:161} INFO - Started process (PID=9114) to work on /usr/local/python/3.10.13/lib/python3.10/site-packages/airflow/example_dags/plugins/decreasing_priority_weight_strategy.py
[2024-07-02T19:18:08.540+0000] {processor.py:830} INFO - Processing file /usr/local/python/3.10.13/lib/python3.10/site-packages/airflow/example_dags/plugins/decreasing_priority_weight_strategy.py for tasks to queue
[2024-07-02T19:18:08.541+0000] {logging_mixin.py:188} INFO - [2024-07-02T19:18:08.541+0000] {dagbag.py:545} INFO - Filling up the DagBag from /usr/local/python/3.10.13/lib/python3.10/site-packages/airflow/example_dags/plugins/decreasing_priority_weight_strategy.py
[2024-07-02T19:18:08.543+0000] {processor.py:842} WARNING - No viable dags retrieved from /usr/local/python/3.10.13/lib/python3.10/site-packages/airflow/example_dags/plugins/decreasing_priority_weight_strategy.py
[2024-07-02T19:18:08.550+0000] {processor.py:183} INFO - Processing /usr/local/python/3.10.13/lib/python3.10/site-packages/airflow/example_dags/plugins/decreasing_priority_weight_strategy.py took 0.015 seconds
[2024-07-02T19:18:50.615+0000] {processor.py:161} INFO - Started process (PID=9446) to work on /usr/local/python/3.10.13/lib/python3.10/site-packages/airflow/example_dags/plugins/decreasing_priority_weight_strategy.py
[2024-07-02T19:18:50.616+0000] {processor.py:830} INFO - Processing file /usr/local/python/3.10.13/lib/python3.10/site-packages/airflow/example_dags/plugins/decreasing_priority_weight_strategy.py for tasks to queue
[2024-07-02T19:18:50.617+0000] {logging_mixin.py:188} INFO - [2024-07-02T19:18:50.616+0000] {dagbag.py:545} INFO - Filling up the DagBag from /usr/local/python/3.10.13/lib/python3.10/site-packages/airflow/example_dags/plugins/decreasing_priority_weight_strategy.py
[2024-07-02T19:18:50.618+0000] {processor.py:842} WARNING - No viable dags retrieved from /usr/local/python/3.10.13/lib/python3.10/site-packages/airflow/example_dags/plugins/decreasing_priority_weight_strategy.py
[2024-07-02T19:18:50.626+0000] {processor.py:183} INFO - Processing /usr/local/python/3.10.13/lib/python3.10/site-packages/airflow/example_dags/plugins/decreasing_priority_weight_strategy.py took 0.015 seconds
[2024-07-02T19:19:34.108+0000] {processor.py:161} INFO - Started process (PID=9771) to work on /usr/local/python/3.10.13/lib/python3.10/site-packages/airflow/example_dags/plugins/decreasing_priority_weight_strategy.py
[2024-07-02T19:19:34.109+0000] {processor.py:830} INFO - Processing file /usr/local/python/3.10.13/lib/python3.10/site-packages/airflow/example_dags/plugins/decreasing_priority_weight_strategy.py for tasks to queue
[2024-07-02T19:19:34.110+0000] {logging_mixin.py:188} INFO - [2024-07-02T19:19:34.109+0000] {dagbag.py:545} INFO - Filling up the DagBag from /usr/local/python/3.10.13/lib/python3.10/site-packages/airflow/example_dags/plugins/decreasing_priority_weight_strategy.py
[2024-07-02T19:19:34.111+0000] {processor.py:842} WARNING - No viable dags retrieved from /usr/local/python/3.10.13/lib/python3.10/site-packages/airflow/example_dags/plugins/decreasing_priority_weight_strategy.py
[2024-07-02T19:19:34.119+0000] {processor.py:183} INFO - Processing /usr/local/python/3.10.13/lib/python3.10/site-packages/airflow/example_dags/plugins/decreasing_priority_weight_strategy.py took 0.015 seconds
[2024-07-02T19:20:22.081+0000] {processor.py:161} INFO - Started process (PID=10133) to work on /usr/local/python/3.10.13/lib/python3.10/site-packages/airflow/example_dags/plugins/decreasing_priority_weight_strategy.py
[2024-07-02T19:20:22.081+0000] {processor.py:830} INFO - Processing file /usr/local/python/3.10.13/lib/python3.10/site-packages/airflow/example_dags/plugins/decreasing_priority_weight_strategy.py for tasks to queue
[2024-07-02T19:20:22.082+0000] {logging_mixin.py:188} INFO - [2024-07-02T19:20:22.082+0000] {dagbag.py:545} INFO - Filling up the DagBag from /usr/local/python/3.10.13/lib/python3.10/site-packages/airflow/example_dags/plugins/decreasing_priority_weight_strategy.py
[2024-07-02T19:20:22.084+0000] {processor.py:842} WARNING - No viable dags retrieved from /usr/local/python/3.10.13/lib/python3.10/site-packages/airflow/example_dags/plugins/decreasing_priority_weight_strategy.py
[2024-07-02T19:20:22.091+0000] {processor.py:183} INFO - Processing /usr/local/python/3.10.13/lib/python3.10/site-packages/airflow/example_dags/plugins/decreasing_priority_weight_strategy.py took 0.015 seconds
[2024-07-02T19:21:08.744+0000] {processor.py:161} INFO - Started process (PID=10479) to work on /usr/local/python/3.10.13/lib/python3.10/site-packages/airflow/example_dags/plugins/decreasing_priority_weight_strategy.py
[2024-07-02T19:21:08.744+0000] {processor.py:830} INFO - Processing file /usr/local/python/3.10.13/lib/python3.10/site-packages/airflow/example_dags/plugins/decreasing_priority_weight_strategy.py for tasks to queue
[2024-07-02T19:21:08.745+0000] {logging_mixin.py:188} INFO - [2024-07-02T19:21:08.745+0000] {dagbag.py:545} INFO - Filling up the DagBag from /usr/local/python/3.10.13/lib/python3.10/site-packages/airflow/example_dags/plugins/decreasing_priority_weight_strategy.py
[2024-07-02T19:21:08.747+0000] {processor.py:842} WARNING - No viable dags retrieved from /usr/local/python/3.10.13/lib/python3.10/site-packages/airflow/example_dags/plugins/decreasing_priority_weight_strategy.py
[2024-07-02T19:21:08.754+0000] {processor.py:183} INFO - Processing /usr/local/python/3.10.13/lib/python3.10/site-packages/airflow/example_dags/plugins/decreasing_priority_weight_strategy.py took 0.015 seconds
[2024-07-02T19:21:55.211+0000] {processor.py:161} INFO - Started process (PID=10834) to work on /usr/local/python/3.10.13/lib/python3.10/site-packages/airflow/example_dags/plugins/decreasing_priority_weight_strategy.py
[2024-07-02T19:21:55.212+0000] {processor.py:830} INFO - Processing file /usr/local/python/3.10.13/lib/python3.10/site-packages/airflow/example_dags/plugins/decreasing_priority_weight_strategy.py for tasks to queue
[2024-07-02T19:21:55.213+0000] {logging_mixin.py:188} INFO - [2024-07-02T19:21:55.213+0000] {dagbag.py:545} INFO - Filling up the DagBag from /usr/local/python/3.10.13/lib/python3.10/site-packages/airflow/example_dags/plugins/decreasing_priority_weight_strategy.py
[2024-07-02T19:21:55.214+0000] {processor.py:842} WARNING - No viable dags retrieved from /usr/local/python/3.10.13/lib/python3.10/site-packages/airflow/example_dags/plugins/decreasing_priority_weight_strategy.py
[2024-07-02T19:21:55.222+0000] {processor.py:183} INFO - Processing /usr/local/python/3.10.13/lib/python3.10/site-packages/airflow/example_dags/plugins/decreasing_priority_weight_strategy.py took 0.015 seconds
[2024-07-02T19:22:40.814+0000] {processor.py:161} INFO - Started process (PID=11173) to work on /usr/local/python/3.10.13/lib/python3.10/site-packages/airflow/example_dags/plugins/decreasing_priority_weight_strategy.py
[2024-07-02T19:22:40.815+0000] {processor.py:830} INFO - Processing file /usr/local/python/3.10.13/lib/python3.10/site-packages/airflow/example_dags/plugins/decreasing_priority_weight_strategy.py for tasks to queue
[2024-07-02T19:22:40.816+0000] {logging_mixin.py:188} INFO - [2024-07-02T19:22:40.816+0000] {dagbag.py:545} INFO - Filling up the DagBag from /usr/local/python/3.10.13/lib/python3.10/site-packages/airflow/example_dags/plugins/decreasing_priority_weight_strategy.py
[2024-07-02T19:22:40.818+0000] {processor.py:842} WARNING - No viable dags retrieved from /usr/local/python/3.10.13/lib/python3.10/site-packages/airflow/example_dags/plugins/decreasing_priority_weight_strategy.py
[2024-07-02T19:22:40.828+0000] {processor.py:183} INFO - Processing /usr/local/python/3.10.13/lib/python3.10/site-packages/airflow/example_dags/plugins/decreasing_priority_weight_strategy.py took 0.020 seconds
[2024-07-02T19:23:21.497+0000] {processor.py:161} INFO - Started process (PID=11483) to work on /usr/local/python/3.10.13/lib/python3.10/site-packages/airflow/example_dags/plugins/decreasing_priority_weight_strategy.py
[2024-07-02T19:23:21.498+0000] {processor.py:830} INFO - Processing file /usr/local/python/3.10.13/lib/python3.10/site-packages/airflow/example_dags/plugins/decreasing_priority_weight_strategy.py for tasks to queue
[2024-07-02T19:23:21.499+0000] {logging_mixin.py:188} INFO - [2024-07-02T19:23:21.498+0000] {dagbag.py:545} INFO - Filling up the DagBag from /usr/local/python/3.10.13/lib/python3.10/site-packages/airflow/example_dags/plugins/decreasing_priority_weight_strategy.py
[2024-07-02T19:23:21.500+0000] {processor.py:842} WARNING - No viable dags retrieved from /usr/local/python/3.10.13/lib/python3.10/site-packages/airflow/example_dags/plugins/decreasing_priority_weight_strategy.py
[2024-07-02T19:23:21.508+0000] {processor.py:183} INFO - Processing /usr/local/python/3.10.13/lib/python3.10/site-packages/airflow/example_dags/plugins/decreasing_priority_weight_strategy.py took 0.015 seconds
[2024-07-02T19:24:03.481+0000] {processor.py:161} INFO - Started process (PID=11802) to work on /usr/local/python/3.10.13/lib/python3.10/site-packages/airflow/example_dags/plugins/decreasing_priority_weight_strategy.py
[2024-07-02T19:24:03.481+0000] {processor.py:830} INFO - Processing file /usr/local/python/3.10.13/lib/python3.10/site-packages/airflow/example_dags/plugins/decreasing_priority_weight_strategy.py for tasks to queue
[2024-07-02T19:24:03.482+0000] {logging_mixin.py:188} INFO - [2024-07-02T19:24:03.482+0000] {dagbag.py:545} INFO - Filling up the DagBag from /usr/local/python/3.10.13/lib/python3.10/site-packages/airflow/example_dags/plugins/decreasing_priority_weight_strategy.py
[2024-07-02T19:24:03.484+0000] {processor.py:842} WARNING - No viable dags retrieved from /usr/local/python/3.10.13/lib/python3.10/site-packages/airflow/example_dags/plugins/decreasing_priority_weight_strategy.py
[2024-07-02T19:24:03.491+0000] {processor.py:183} INFO - Processing /usr/local/python/3.10.13/lib/python3.10/site-packages/airflow/example_dags/plugins/decreasing_priority_weight_strategy.py took 0.014 seconds
[2024-07-02T19:24:47.278+0000] {processor.py:161} INFO - Started process (PID=12143) to work on /usr/local/python/3.10.13/lib/python3.10/site-packages/airflow/example_dags/plugins/decreasing_priority_weight_strategy.py
[2024-07-02T19:24:47.279+0000] {processor.py:830} INFO - Processing file /usr/local/python/3.10.13/lib/python3.10/site-packages/airflow/example_dags/plugins/decreasing_priority_weight_strategy.py for tasks to queue
[2024-07-02T19:24:47.279+0000] {logging_mixin.py:188} INFO - [2024-07-02T19:24:47.279+0000] {dagbag.py:545} INFO - Filling up the DagBag from /usr/local/python/3.10.13/lib/python3.10/site-packages/airflow/example_dags/plugins/decreasing_priority_weight_strategy.py
[2024-07-02T19:24:47.281+0000] {processor.py:842} WARNING - No viable dags retrieved from /usr/local/python/3.10.13/lib/python3.10/site-packages/airflow/example_dags/plugins/decreasing_priority_weight_strategy.py
[2024-07-02T19:24:47.288+0000] {processor.py:183} INFO - Processing /usr/local/python/3.10.13/lib/python3.10/site-packages/airflow/example_dags/plugins/decreasing_priority_weight_strategy.py took 0.014 seconds
[2024-07-02T19:25:31.134+0000] {processor.py:161} INFO - Started process (PID=12470) to work on /usr/local/python/3.10.13/lib/python3.10/site-packages/airflow/example_dags/plugins/decreasing_priority_weight_strategy.py
[2024-07-02T19:25:31.135+0000] {processor.py:830} INFO - Processing file /usr/local/python/3.10.13/lib/python3.10/site-packages/airflow/example_dags/plugins/decreasing_priority_weight_strategy.py for tasks to queue
[2024-07-02T19:25:31.135+0000] {logging_mixin.py:188} INFO - [2024-07-02T19:25:31.135+0000] {dagbag.py:545} INFO - Filling up the DagBag from /usr/local/python/3.10.13/lib/python3.10/site-packages/airflow/example_dags/plugins/decreasing_priority_weight_strategy.py
[2024-07-02T19:25:31.137+0000] {processor.py:842} WARNING - No viable dags retrieved from /usr/local/python/3.10.13/lib/python3.10/site-packages/airflow/example_dags/plugins/decreasing_priority_weight_strategy.py
[2024-07-02T19:25:31.144+0000] {processor.py:183} INFO - Processing /usr/local/python/3.10.13/lib/python3.10/site-packages/airflow/example_dags/plugins/decreasing_priority_weight_strategy.py took 0.015 seconds
[2024-07-02T19:26:12.874+0000] {processor.py:161} INFO - Started process (PID=12789) to work on /usr/local/python/3.10.13/lib/python3.10/site-packages/airflow/example_dags/plugins/decreasing_priority_weight_strategy.py
[2024-07-02T19:26:12.874+0000] {processor.py:830} INFO - Processing file /usr/local/python/3.10.13/lib/python3.10/site-packages/airflow/example_dags/plugins/decreasing_priority_weight_strategy.py for tasks to queue
[2024-07-02T19:26:12.875+0000] {logging_mixin.py:188} INFO - [2024-07-02T19:26:12.875+0000] {dagbag.py:545} INFO - Filling up the DagBag from /usr/local/python/3.10.13/lib/python3.10/site-packages/airflow/example_dags/plugins/decreasing_priority_weight_strategy.py
[2024-07-02T19:26:12.876+0000] {processor.py:842} WARNING - No viable dags retrieved from /usr/local/python/3.10.13/lib/python3.10/site-packages/airflow/example_dags/plugins/decreasing_priority_weight_strategy.py
[2024-07-02T19:26:12.884+0000] {processor.py:183} INFO - Processing /usr/local/python/3.10.13/lib/python3.10/site-packages/airflow/example_dags/plugins/decreasing_priority_weight_strategy.py took 0.015 seconds
[2024-07-02T19:26:56.991+0000] {processor.py:161} INFO - Started process (PID=13115) to work on /usr/local/python/3.10.13/lib/python3.10/site-packages/airflow/example_dags/plugins/decreasing_priority_weight_strategy.py
[2024-07-02T19:26:56.992+0000] {processor.py:830} INFO - Processing file /usr/local/python/3.10.13/lib/python3.10/site-packages/airflow/example_dags/plugins/decreasing_priority_weight_strategy.py for tasks to queue
[2024-07-02T19:26:56.992+0000] {logging_mixin.py:188} INFO - [2024-07-02T19:26:56.992+0000] {dagbag.py:545} INFO - Filling up the DagBag from /usr/local/python/3.10.13/lib/python3.10/site-packages/airflow/example_dags/plugins/decreasing_priority_weight_strategy.py
[2024-07-02T19:26:56.994+0000] {processor.py:842} WARNING - No viable dags retrieved from /usr/local/python/3.10.13/lib/python3.10/site-packages/airflow/example_dags/plugins/decreasing_priority_weight_strategy.py
[2024-07-02T19:26:57.001+0000] {processor.py:183} INFO - Processing /usr/local/python/3.10.13/lib/python3.10/site-packages/airflow/example_dags/plugins/decreasing_priority_weight_strategy.py took 0.015 seconds
[2024-07-02T19:27:40.428+0000] {processor.py:161} INFO - Started process (PID=13514) to work on /usr/local/python/3.10.13/lib/python3.10/site-packages/airflow/example_dags/plugins/decreasing_priority_weight_strategy.py
[2024-07-02T19:27:40.429+0000] {processor.py:830} INFO - Processing file /usr/local/python/3.10.13/lib/python3.10/site-packages/airflow/example_dags/plugins/decreasing_priority_weight_strategy.py for tasks to queue
[2024-07-02T19:27:40.429+0000] {logging_mixin.py:188} INFO - [2024-07-02T19:27:40.429+0000] {dagbag.py:545} INFO - Filling up the DagBag from /usr/local/python/3.10.13/lib/python3.10/site-packages/airflow/example_dags/plugins/decreasing_priority_weight_strategy.py
[2024-07-02T19:27:40.431+0000] {processor.py:842} WARNING - No viable dags retrieved from /usr/local/python/3.10.13/lib/python3.10/site-packages/airflow/example_dags/plugins/decreasing_priority_weight_strategy.py
[2024-07-02T19:27:40.438+0000] {processor.py:183} INFO - Processing /usr/local/python/3.10.13/lib/python3.10/site-packages/airflow/example_dags/plugins/decreasing_priority_weight_strategy.py took 0.015 seconds
[2024-07-02T19:28:21.563+0000] {processor.py:161} INFO - Started process (PID=13900) to work on /usr/local/python/3.10.13/lib/python3.10/site-packages/airflow/example_dags/plugins/decreasing_priority_weight_strategy.py
[2024-07-02T19:28:21.564+0000] {processor.py:830} INFO - Processing file /usr/local/python/3.10.13/lib/python3.10/site-packages/airflow/example_dags/plugins/decreasing_priority_weight_strategy.py for tasks to queue
[2024-07-02T19:28:21.564+0000] {logging_mixin.py:188} INFO - [2024-07-02T19:28:21.564+0000] {dagbag.py:545} INFO - Filling up the DagBag from /usr/local/python/3.10.13/lib/python3.10/site-packages/airflow/example_dags/plugins/decreasing_priority_weight_strategy.py
[2024-07-02T19:28:21.566+0000] {processor.py:842} WARNING - No viable dags retrieved from /usr/local/python/3.10.13/lib/python3.10/site-packages/airflow/example_dags/plugins/decreasing_priority_weight_strategy.py
[2024-07-02T19:28:21.573+0000] {processor.py:183} INFO - Processing /usr/local/python/3.10.13/lib/python3.10/site-packages/airflow/example_dags/plugins/decreasing_priority_weight_strategy.py took 0.015 seconds
[2024-07-02T19:29:08.049+0000] {processor.py:161} INFO - Started process (PID=14286) to work on /usr/local/python/3.10.13/lib/python3.10/site-packages/airflow/example_dags/plugins/decreasing_priority_weight_strategy.py
[2024-07-02T19:29:08.049+0000] {processor.py:830} INFO - Processing file /usr/local/python/3.10.13/lib/python3.10/site-packages/airflow/example_dags/plugins/decreasing_priority_weight_strategy.py for tasks to queue
[2024-07-02T19:29:08.050+0000] {logging_mixin.py:188} INFO - [2024-07-02T19:29:08.050+0000] {dagbag.py:545} INFO - Filling up the DagBag from /usr/local/python/3.10.13/lib/python3.10/site-packages/airflow/example_dags/plugins/decreasing_priority_weight_strategy.py
[2024-07-02T19:29:08.052+0000] {processor.py:842} WARNING - No viable dags retrieved from /usr/local/python/3.10.13/lib/python3.10/site-packages/airflow/example_dags/plugins/decreasing_priority_weight_strategy.py
[2024-07-02T19:29:08.059+0000] {processor.py:183} INFO - Processing /usr/local/python/3.10.13/lib/python3.10/site-packages/airflow/example_dags/plugins/decreasing_priority_weight_strategy.py took 0.015 seconds
[2024-07-02T19:29:54.699+0000] {processor.py:161} INFO - Started process (PID=14651) to work on /usr/local/python/3.10.13/lib/python3.10/site-packages/airflow/example_dags/plugins/decreasing_priority_weight_strategy.py
[2024-07-02T19:29:54.700+0000] {processor.py:830} INFO - Processing file /usr/local/python/3.10.13/lib/python3.10/site-packages/airflow/example_dags/plugins/decreasing_priority_weight_strategy.py for tasks to queue
[2024-07-02T19:29:54.701+0000] {logging_mixin.py:188} INFO - [2024-07-02T19:29:54.700+0000] {dagbag.py:545} INFO - Filling up the DagBag from /usr/local/python/3.10.13/lib/python3.10/site-packages/airflow/example_dags/plugins/decreasing_priority_weight_strategy.py
[2024-07-02T19:29:54.702+0000] {processor.py:842} WARNING - No viable dags retrieved from /usr/local/python/3.10.13/lib/python3.10/site-packages/airflow/example_dags/plugins/decreasing_priority_weight_strategy.py
[2024-07-02T19:29:54.709+0000] {processor.py:183} INFO - Processing /usr/local/python/3.10.13/lib/python3.10/site-packages/airflow/example_dags/plugins/decreasing_priority_weight_strategy.py took 0.014 seconds
[2024-07-02T19:30:40.647+0000] {processor.py:161} INFO - Started process (PID=15040) to work on /usr/local/python/3.10.13/lib/python3.10/site-packages/airflow/example_dags/plugins/decreasing_priority_weight_strategy.py
[2024-07-02T19:30:40.648+0000] {processor.py:830} INFO - Processing file /usr/local/python/3.10.13/lib/python3.10/site-packages/airflow/example_dags/plugins/decreasing_priority_weight_strategy.py for tasks to queue
[2024-07-02T19:30:40.649+0000] {logging_mixin.py:188} INFO - [2024-07-02T19:30:40.648+0000] {dagbag.py:545} INFO - Filling up the DagBag from /usr/local/python/3.10.13/lib/python3.10/site-packages/airflow/example_dags/plugins/decreasing_priority_weight_strategy.py
[2024-07-02T19:30:40.650+0000] {processor.py:842} WARNING - No viable dags retrieved from /usr/local/python/3.10.13/lib/python3.10/site-packages/airflow/example_dags/plugins/decreasing_priority_weight_strategy.py
[2024-07-02T19:30:40.657+0000] {processor.py:183} INFO - Processing /usr/local/python/3.10.13/lib/python3.10/site-packages/airflow/example_dags/plugins/decreasing_priority_weight_strategy.py took 0.015 seconds
[2024-07-02T19:31:27.650+0000] {processor.py:161} INFO - Started process (PID=15399) to work on /usr/local/python/3.10.13/lib/python3.10/site-packages/airflow/example_dags/plugins/decreasing_priority_weight_strategy.py
[2024-07-02T19:31:27.650+0000] {processor.py:830} INFO - Processing file /usr/local/python/3.10.13/lib/python3.10/site-packages/airflow/example_dags/plugins/decreasing_priority_weight_strategy.py for tasks to queue
[2024-07-02T19:31:27.651+0000] {logging_mixin.py:188} INFO - [2024-07-02T19:31:27.651+0000] {dagbag.py:545} INFO - Filling up the DagBag from /usr/local/python/3.10.13/lib/python3.10/site-packages/airflow/example_dags/plugins/decreasing_priority_weight_strategy.py
[2024-07-02T19:31:27.653+0000] {processor.py:842} WARNING - No viable dags retrieved from /usr/local/python/3.10.13/lib/python3.10/site-packages/airflow/example_dags/plugins/decreasing_priority_weight_strategy.py
[2024-07-02T19:31:27.660+0000] {processor.py:183} INFO - Processing /usr/local/python/3.10.13/lib/python3.10/site-packages/airflow/example_dags/plugins/decreasing_priority_weight_strategy.py took 0.015 seconds
[2024-07-02T19:32:15.778+0000] {processor.py:161} INFO - Started process (PID=15768) to work on /usr/local/python/3.10.13/lib/python3.10/site-packages/airflow/example_dags/plugins/decreasing_priority_weight_strategy.py
[2024-07-02T19:32:15.778+0000] {processor.py:830} INFO - Processing file /usr/local/python/3.10.13/lib/python3.10/site-packages/airflow/example_dags/plugins/decreasing_priority_weight_strategy.py for tasks to queue
[2024-07-02T19:32:15.779+0000] {logging_mixin.py:188} INFO - [2024-07-02T19:32:15.779+0000] {dagbag.py:545} INFO - Filling up the DagBag from /usr/local/python/3.10.13/lib/python3.10/site-packages/airflow/example_dags/plugins/decreasing_priority_weight_strategy.py
[2024-07-02T19:32:15.781+0000] {processor.py:842} WARNING - No viable dags retrieved from /usr/local/python/3.10.13/lib/python3.10/site-packages/airflow/example_dags/plugins/decreasing_priority_weight_strategy.py
[2024-07-02T19:32:15.788+0000] {processor.py:183} INFO - Processing /usr/local/python/3.10.13/lib/python3.10/site-packages/airflow/example_dags/plugins/decreasing_priority_weight_strategy.py took 0.015 seconds
[2024-07-02T19:32:57.462+0000] {processor.py:161} INFO - Started process (PID=16084) to work on /usr/local/python/3.10.13/lib/python3.10/site-packages/airflow/example_dags/plugins/decreasing_priority_weight_strategy.py
[2024-07-02T19:32:57.462+0000] {processor.py:830} INFO - Processing file /usr/local/python/3.10.13/lib/python3.10/site-packages/airflow/example_dags/plugins/decreasing_priority_weight_strategy.py for tasks to queue
[2024-07-02T19:32:57.463+0000] {logging_mixin.py:188} INFO - [2024-07-02T19:32:57.463+0000] {dagbag.py:545} INFO - Filling up the DagBag from /usr/local/python/3.10.13/lib/python3.10/site-packages/airflow/example_dags/plugins/decreasing_priority_weight_strategy.py
[2024-07-02T19:32:57.465+0000] {processor.py:842} WARNING - No viable dags retrieved from /usr/local/python/3.10.13/lib/python3.10/site-packages/airflow/example_dags/plugins/decreasing_priority_weight_strategy.py
[2024-07-02T19:32:57.472+0000] {processor.py:183} INFO - Processing /usr/local/python/3.10.13/lib/python3.10/site-packages/airflow/example_dags/plugins/decreasing_priority_weight_strategy.py took 0.015 seconds
[2024-07-02T19:33:41.294+0000] {processor.py:161} INFO - Started process (PID=16477) to work on /usr/local/python/3.10.13/lib/python3.10/site-packages/airflow/example_dags/plugins/decreasing_priority_weight_strategy.py
[2024-07-02T19:33:41.295+0000] {processor.py:830} INFO - Processing file /usr/local/python/3.10.13/lib/python3.10/site-packages/airflow/example_dags/plugins/decreasing_priority_weight_strategy.py for tasks to queue
[2024-07-02T19:33:41.296+0000] {logging_mixin.py:188} INFO - [2024-07-02T19:33:41.296+0000] {dagbag.py:545} INFO - Filling up the DagBag from /usr/local/python/3.10.13/lib/python3.10/site-packages/airflow/example_dags/plugins/decreasing_priority_weight_strategy.py
[2024-07-02T19:33:41.298+0000] {processor.py:842} WARNING - No viable dags retrieved from /usr/local/python/3.10.13/lib/python3.10/site-packages/airflow/example_dags/plugins/decreasing_priority_weight_strategy.py
[2024-07-02T19:33:41.310+0000] {processor.py:183} INFO - Processing /usr/local/python/3.10.13/lib/python3.10/site-packages/airflow/example_dags/plugins/decreasing_priority_weight_strategy.py took 0.022 seconds
[2024-07-02T19:34:28.160+0000] {processor.py:161} INFO - Started process (PID=16887) to work on /usr/local/python/3.10.13/lib/python3.10/site-packages/airflow/example_dags/plugins/decreasing_priority_weight_strategy.py
[2024-07-02T19:34:28.161+0000] {processor.py:830} INFO - Processing file /usr/local/python/3.10.13/lib/python3.10/site-packages/airflow/example_dags/plugins/decreasing_priority_weight_strategy.py for tasks to queue
[2024-07-02T19:34:28.162+0000] {logging_mixin.py:188} INFO - [2024-07-02T19:34:28.162+0000] {dagbag.py:545} INFO - Filling up the DagBag from /usr/local/python/3.10.13/lib/python3.10/site-packages/airflow/example_dags/plugins/decreasing_priority_weight_strategy.py
[2024-07-02T19:34:28.165+0000] {processor.py:842} WARNING - No viable dags retrieved from /usr/local/python/3.10.13/lib/python3.10/site-packages/airflow/example_dags/plugins/decreasing_priority_weight_strategy.py
[2024-07-02T19:34:28.175+0000] {processor.py:183} INFO - Processing /usr/local/python/3.10.13/lib/python3.10/site-packages/airflow/example_dags/plugins/decreasing_priority_weight_strategy.py took 0.021 seconds
[2024-07-02T19:35:13.852+0000] {processor.py:161} INFO - Started process (PID=17216) to work on /usr/local/python/3.10.13/lib/python3.10/site-packages/airflow/example_dags/plugins/decreasing_priority_weight_strategy.py
[2024-07-02T19:35:13.853+0000] {processor.py:830} INFO - Processing file /usr/local/python/3.10.13/lib/python3.10/site-packages/airflow/example_dags/plugins/decreasing_priority_weight_strategy.py for tasks to queue
[2024-07-02T19:35:13.854+0000] {logging_mixin.py:188} INFO - [2024-07-02T19:35:13.853+0000] {dagbag.py:545} INFO - Filling up the DagBag from /usr/local/python/3.10.13/lib/python3.10/site-packages/airflow/example_dags/plugins/decreasing_priority_weight_strategy.py
[2024-07-02T19:35:13.855+0000] {processor.py:842} WARNING - No viable dags retrieved from /usr/local/python/3.10.13/lib/python3.10/site-packages/airflow/example_dags/plugins/decreasing_priority_weight_strategy.py
[2024-07-02T19:35:13.863+0000] {processor.py:183} INFO - Processing /usr/local/python/3.10.13/lib/python3.10/site-packages/airflow/example_dags/plugins/decreasing_priority_weight_strategy.py took 0.015 seconds
[2024-07-02T19:36:00.553+0000] {processor.py:161} INFO - Started process (PID=17685) to work on /usr/local/python/3.10.13/lib/python3.10/site-packages/airflow/example_dags/plugins/decreasing_priority_weight_strategy.py
[2024-07-02T19:36:00.554+0000] {processor.py:830} INFO - Processing file /usr/local/python/3.10.13/lib/python3.10/site-packages/airflow/example_dags/plugins/decreasing_priority_weight_strategy.py for tasks to queue
[2024-07-02T19:36:00.554+0000] {logging_mixin.py:188} INFO - [2024-07-02T19:36:00.554+0000] {dagbag.py:545} INFO - Filling up the DagBag from /usr/local/python/3.10.13/lib/python3.10/site-packages/airflow/example_dags/plugins/decreasing_priority_weight_strategy.py
[2024-07-02T19:36:00.556+0000] {processor.py:842} WARNING - No viable dags retrieved from /usr/local/python/3.10.13/lib/python3.10/site-packages/airflow/example_dags/plugins/decreasing_priority_weight_strategy.py
[2024-07-02T19:36:00.563+0000] {processor.py:183} INFO - Processing /usr/local/python/3.10.13/lib/python3.10/site-packages/airflow/example_dags/plugins/decreasing_priority_weight_strategy.py took 0.015 seconds
[2024-07-02T19:36:58.998+0000] {processor.py:161} INFO - Started process (PID=18106) to work on /usr/local/python/3.10.13/lib/python3.10/site-packages/airflow/example_dags/plugins/decreasing_priority_weight_strategy.py
[2024-07-02T19:36:58.998+0000] {processor.py:830} INFO - Processing file /usr/local/python/3.10.13/lib/python3.10/site-packages/airflow/example_dags/plugins/decreasing_priority_weight_strategy.py for tasks to queue
[2024-07-02T19:36:58.999+0000] {logging_mixin.py:188} INFO - [2024-07-02T19:36:58.999+0000] {dagbag.py:545} INFO - Filling up the DagBag from /usr/local/python/3.10.13/lib/python3.10/site-packages/airflow/example_dags/plugins/decreasing_priority_weight_strategy.py
[2024-07-02T19:36:59.001+0000] {processor.py:842} WARNING - No viable dags retrieved from /usr/local/python/3.10.13/lib/python3.10/site-packages/airflow/example_dags/plugins/decreasing_priority_weight_strategy.py
[2024-07-02T19:36:59.011+0000] {processor.py:183} INFO - Processing /usr/local/python/3.10.13/lib/python3.10/site-packages/airflow/example_dags/plugins/decreasing_priority_weight_strategy.py took 0.018 seconds
[2024-07-02T19:37:43.008+0000] {processor.py:161} INFO - Started process (PID=18421) to work on /usr/local/python/3.10.13/lib/python3.10/site-packages/airflow/example_dags/plugins/decreasing_priority_weight_strategy.py
[2024-07-02T19:37:43.008+0000] {processor.py:830} INFO - Processing file /usr/local/python/3.10.13/lib/python3.10/site-packages/airflow/example_dags/plugins/decreasing_priority_weight_strategy.py for tasks to queue
[2024-07-02T19:37:43.009+0000] {logging_mixin.py:188} INFO - [2024-07-02T19:37:43.009+0000] {dagbag.py:545} INFO - Filling up the DagBag from /usr/local/python/3.10.13/lib/python3.10/site-packages/airflow/example_dags/plugins/decreasing_priority_weight_strategy.py
[2024-07-02T19:37:43.011+0000] {processor.py:842} WARNING - No viable dags retrieved from /usr/local/python/3.10.13/lib/python3.10/site-packages/airflow/example_dags/plugins/decreasing_priority_weight_strategy.py
[2024-07-02T19:37:43.018+0000] {processor.py:183} INFO - Processing /usr/local/python/3.10.13/lib/python3.10/site-packages/airflow/example_dags/plugins/decreasing_priority_weight_strategy.py took 0.015 seconds
[2024-07-02T19:38:27.285+0000] {processor.py:161} INFO - Started process (PID=18733) to work on /usr/local/python/3.10.13/lib/python3.10/site-packages/airflow/example_dags/plugins/decreasing_priority_weight_strategy.py
[2024-07-02T19:38:27.285+0000] {processor.py:830} INFO - Processing file /usr/local/python/3.10.13/lib/python3.10/site-packages/airflow/example_dags/plugins/decreasing_priority_weight_strategy.py for tasks to queue
[2024-07-02T19:38:27.286+0000] {logging_mixin.py:188} INFO - [2024-07-02T19:38:27.286+0000] {dagbag.py:545} INFO - Filling up the DagBag from /usr/local/python/3.10.13/lib/python3.10/site-packages/airflow/example_dags/plugins/decreasing_priority_weight_strategy.py
[2024-07-02T19:38:27.288+0000] {processor.py:842} WARNING - No viable dags retrieved from /usr/local/python/3.10.13/lib/python3.10/site-packages/airflow/example_dags/plugins/decreasing_priority_weight_strategy.py
[2024-07-02T19:38:27.295+0000] {processor.py:183} INFO - Processing /usr/local/python/3.10.13/lib/python3.10/site-packages/airflow/example_dags/plugins/decreasing_priority_weight_strategy.py took 0.015 seconds
[2024-07-02T19:39:09.710+0000] {processor.py:161} INFO - Started process (PID=19050) to work on /usr/local/python/3.10.13/lib/python3.10/site-packages/airflow/example_dags/plugins/decreasing_priority_weight_strategy.py
[2024-07-02T19:39:09.711+0000] {processor.py:830} INFO - Processing file /usr/local/python/3.10.13/lib/python3.10/site-packages/airflow/example_dags/plugins/decreasing_priority_weight_strategy.py for tasks to queue
[2024-07-02T19:39:09.712+0000] {logging_mixin.py:188} INFO - [2024-07-02T19:39:09.712+0000] {dagbag.py:545} INFO - Filling up the DagBag from /usr/local/python/3.10.13/lib/python3.10/site-packages/airflow/example_dags/plugins/decreasing_priority_weight_strategy.py
[2024-07-02T19:39:09.713+0000] {processor.py:842} WARNING - No viable dags retrieved from /usr/local/python/3.10.13/lib/python3.10/site-packages/airflow/example_dags/plugins/decreasing_priority_weight_strategy.py
[2024-07-02T19:39:09.721+0000] {processor.py:183} INFO - Processing /usr/local/python/3.10.13/lib/python3.10/site-packages/airflow/example_dags/plugins/decreasing_priority_weight_strategy.py took 0.016 seconds
[2024-07-02T19:40:03.263+0000] {processor.py:161} INFO - Started process (PID=19455) to work on /usr/local/python/3.10.13/lib/python3.10/site-packages/airflow/example_dags/plugins/decreasing_priority_weight_strategy.py
[2024-07-02T19:40:03.264+0000] {processor.py:830} INFO - Processing file /usr/local/python/3.10.13/lib/python3.10/site-packages/airflow/example_dags/plugins/decreasing_priority_weight_strategy.py for tasks to queue
[2024-07-02T19:40:03.265+0000] {logging_mixin.py:188} INFO - [2024-07-02T19:40:03.265+0000] {dagbag.py:545} INFO - Filling up the DagBag from /usr/local/python/3.10.13/lib/python3.10/site-packages/airflow/example_dags/plugins/decreasing_priority_weight_strategy.py
[2024-07-02T19:40:03.266+0000] {processor.py:842} WARNING - No viable dags retrieved from /usr/local/python/3.10.13/lib/python3.10/site-packages/airflow/example_dags/plugins/decreasing_priority_weight_strategy.py
[2024-07-02T19:40:03.274+0000] {processor.py:183} INFO - Processing /usr/local/python/3.10.13/lib/python3.10/site-packages/airflow/example_dags/plugins/decreasing_priority_weight_strategy.py took 0.015 seconds
[2024-07-02T19:40:53.830+0000] {processor.py:161} INFO - Started process (PID=19836) to work on /usr/local/python/3.10.13/lib/python3.10/site-packages/airflow/example_dags/plugins/decreasing_priority_weight_strategy.py
[2024-07-02T19:40:53.830+0000] {processor.py:830} INFO - Processing file /usr/local/python/3.10.13/lib/python3.10/site-packages/airflow/example_dags/plugins/decreasing_priority_weight_strategy.py for tasks to queue
[2024-07-02T19:40:53.831+0000] {logging_mixin.py:188} INFO - [2024-07-02T19:40:53.831+0000] {dagbag.py:545} INFO - Filling up the DagBag from /usr/local/python/3.10.13/lib/python3.10/site-packages/airflow/example_dags/plugins/decreasing_priority_weight_strategy.py
[2024-07-02T19:40:53.833+0000] {processor.py:842} WARNING - No viable dags retrieved from /usr/local/python/3.10.13/lib/python3.10/site-packages/airflow/example_dags/plugins/decreasing_priority_weight_strategy.py
[2024-07-02T19:40:53.840+0000] {processor.py:183} INFO - Processing /usr/local/python/3.10.13/lib/python3.10/site-packages/airflow/example_dags/plugins/decreasing_priority_weight_strategy.py took 0.015 seconds
[2024-07-02T19:41:38.766+0000] {processor.py:161} INFO - Started process (PID=20175) to work on /usr/local/python/3.10.13/lib/python3.10/site-packages/airflow/example_dags/plugins/decreasing_priority_weight_strategy.py
[2024-07-02T19:41:38.766+0000] {processor.py:830} INFO - Processing file /usr/local/python/3.10.13/lib/python3.10/site-packages/airflow/example_dags/plugins/decreasing_priority_weight_strategy.py for tasks to queue
[2024-07-02T19:41:38.767+0000] {logging_mixin.py:188} INFO - [2024-07-02T19:41:38.767+0000] {dagbag.py:545} INFO - Filling up the DagBag from /usr/local/python/3.10.13/lib/python3.10/site-packages/airflow/example_dags/plugins/decreasing_priority_weight_strategy.py
[2024-07-02T19:41:38.769+0000] {processor.py:842} WARNING - No viable dags retrieved from /usr/local/python/3.10.13/lib/python3.10/site-packages/airflow/example_dags/plugins/decreasing_priority_weight_strategy.py
[2024-07-02T19:41:38.776+0000] {processor.py:183} INFO - Processing /usr/local/python/3.10.13/lib/python3.10/site-packages/airflow/example_dags/plugins/decreasing_priority_weight_strategy.py took 0.014 seconds
[2024-07-02T19:42:19.110+0000] {processor.py:161} INFO - Started process (PID=20486) to work on /usr/local/python/3.10.13/lib/python3.10/site-packages/airflow/example_dags/plugins/decreasing_priority_weight_strategy.py
[2024-07-02T19:42:19.111+0000] {processor.py:830} INFO - Processing file /usr/local/python/3.10.13/lib/python3.10/site-packages/airflow/example_dags/plugins/decreasing_priority_weight_strategy.py for tasks to queue
[2024-07-02T19:42:19.112+0000] {logging_mixin.py:188} INFO - [2024-07-02T19:42:19.111+0000] {dagbag.py:545} INFO - Filling up the DagBag from /usr/local/python/3.10.13/lib/python3.10/site-packages/airflow/example_dags/plugins/decreasing_priority_weight_strategy.py
[2024-07-02T19:42:19.113+0000] {processor.py:842} WARNING - No viable dags retrieved from /usr/local/python/3.10.13/lib/python3.10/site-packages/airflow/example_dags/plugins/decreasing_priority_weight_strategy.py
[2024-07-02T19:42:19.121+0000] {processor.py:183} INFO - Processing /usr/local/python/3.10.13/lib/python3.10/site-packages/airflow/example_dags/plugins/decreasing_priority_weight_strategy.py took 0.015 seconds
[2024-07-02T19:43:01.694+0000] {processor.py:161} INFO - Started process (PID=20863) to work on /usr/local/python/3.10.13/lib/python3.10/site-packages/airflow/example_dags/plugins/decreasing_priority_weight_strategy.py
[2024-07-02T19:43:01.695+0000] {processor.py:830} INFO - Processing file /usr/local/python/3.10.13/lib/python3.10/site-packages/airflow/example_dags/plugins/decreasing_priority_weight_strategy.py for tasks to queue
[2024-07-02T19:43:01.696+0000] {logging_mixin.py:188} INFO - [2024-07-02T19:43:01.696+0000] {dagbag.py:545} INFO - Filling up the DagBag from /usr/local/python/3.10.13/lib/python3.10/site-packages/airflow/example_dags/plugins/decreasing_priority_weight_strategy.py
[2024-07-02T19:43:01.697+0000] {processor.py:842} WARNING - No viable dags retrieved from /usr/local/python/3.10.13/lib/python3.10/site-packages/airflow/example_dags/plugins/decreasing_priority_weight_strategy.py
[2024-07-02T19:43:01.705+0000] {processor.py:183} INFO - Processing /usr/local/python/3.10.13/lib/python3.10/site-packages/airflow/example_dags/plugins/decreasing_priority_weight_strategy.py took 0.015 seconds
[2024-07-02T19:44:00.084+0000] {processor.py:161} INFO - Started process (PID=21303) to work on /usr/local/python/3.10.13/lib/python3.10/site-packages/airflow/example_dags/plugins/decreasing_priority_weight_strategy.py
[2024-07-02T19:44:00.085+0000] {processor.py:830} INFO - Processing file /usr/local/python/3.10.13/lib/python3.10/site-packages/airflow/example_dags/plugins/decreasing_priority_weight_strategy.py for tasks to queue
[2024-07-02T19:44:00.086+0000] {logging_mixin.py:188} INFO - [2024-07-02T19:44:00.086+0000] {dagbag.py:545} INFO - Filling up the DagBag from /usr/local/python/3.10.13/lib/python3.10/site-packages/airflow/example_dags/plugins/decreasing_priority_weight_strategy.py
[2024-07-02T19:44:00.087+0000] {processor.py:842} WARNING - No viable dags retrieved from /usr/local/python/3.10.13/lib/python3.10/site-packages/airflow/example_dags/plugins/decreasing_priority_weight_strategy.py
[2024-07-02T19:44:00.095+0000] {processor.py:183} INFO - Processing /usr/local/python/3.10.13/lib/python3.10/site-packages/airflow/example_dags/plugins/decreasing_priority_weight_strategy.py took 0.015 seconds
[2024-07-02T19:44:45.150+0000] {processor.py:161} INFO - Started process (PID=21658) to work on /usr/local/python/3.10.13/lib/python3.10/site-packages/airflow/example_dags/plugins/decreasing_priority_weight_strategy.py
[2024-07-02T19:44:45.151+0000] {processor.py:830} INFO - Processing file /usr/local/python/3.10.13/lib/python3.10/site-packages/airflow/example_dags/plugins/decreasing_priority_weight_strategy.py for tasks to queue
[2024-07-02T19:44:45.151+0000] {logging_mixin.py:188} INFO - [2024-07-02T19:44:45.151+0000] {dagbag.py:545} INFO - Filling up the DagBag from /usr/local/python/3.10.13/lib/python3.10/site-packages/airflow/example_dags/plugins/decreasing_priority_weight_strategy.py
[2024-07-02T19:44:45.153+0000] {processor.py:842} WARNING - No viable dags retrieved from /usr/local/python/3.10.13/lib/python3.10/site-packages/airflow/example_dags/plugins/decreasing_priority_weight_strategy.py
[2024-07-02T19:44:45.161+0000] {processor.py:183} INFO - Processing /usr/local/python/3.10.13/lib/python3.10/site-packages/airflow/example_dags/plugins/decreasing_priority_weight_strategy.py took 0.016 seconds
[2024-07-02T19:45:25.171+0000] {processor.py:161} INFO - Started process (PID=21940) to work on /usr/local/python/3.10.13/lib/python3.10/site-packages/airflow/example_dags/plugins/decreasing_priority_weight_strategy.py
[2024-07-02T19:45:25.172+0000] {processor.py:830} INFO - Processing file /usr/local/python/3.10.13/lib/python3.10/site-packages/airflow/example_dags/plugins/decreasing_priority_weight_strategy.py for tasks to queue
[2024-07-02T19:45:25.173+0000] {logging_mixin.py:188} INFO - [2024-07-02T19:45:25.172+0000] {dagbag.py:545} INFO - Filling up the DagBag from /usr/local/python/3.10.13/lib/python3.10/site-packages/airflow/example_dags/plugins/decreasing_priority_weight_strategy.py
[2024-07-02T19:45:25.174+0000] {processor.py:842} WARNING - No viable dags retrieved from /usr/local/python/3.10.13/lib/python3.10/site-packages/airflow/example_dags/plugins/decreasing_priority_weight_strategy.py
[2024-07-02T19:45:25.182+0000] {processor.py:183} INFO - Processing /usr/local/python/3.10.13/lib/python3.10/site-packages/airflow/example_dags/plugins/decreasing_priority_weight_strategy.py took 0.015 seconds
[2024-07-02T19:46:07.141+0000] {processor.py:161} INFO - Started process (PID=22247) to work on /usr/local/python/3.10.13/lib/python3.10/site-packages/airflow/example_dags/plugins/decreasing_priority_weight_strategy.py
[2024-07-02T19:46:07.141+0000] {processor.py:830} INFO - Processing file /usr/local/python/3.10.13/lib/python3.10/site-packages/airflow/example_dags/plugins/decreasing_priority_weight_strategy.py for tasks to queue
[2024-07-02T19:46:07.142+0000] {logging_mixin.py:188} INFO - [2024-07-02T19:46:07.142+0000] {dagbag.py:545} INFO - Filling up the DagBag from /usr/local/python/3.10.13/lib/python3.10/site-packages/airflow/example_dags/plugins/decreasing_priority_weight_strategy.py
[2024-07-02T19:46:07.144+0000] {processor.py:842} WARNING - No viable dags retrieved from /usr/local/python/3.10.13/lib/python3.10/site-packages/airflow/example_dags/plugins/decreasing_priority_weight_strategy.py
[2024-07-02T19:46:07.151+0000] {processor.py:183} INFO - Processing /usr/local/python/3.10.13/lib/python3.10/site-packages/airflow/example_dags/plugins/decreasing_priority_weight_strategy.py took 0.015 seconds
[2024-07-02T19:46:52.452+0000] {processor.py:161} INFO - Started process (PID=22550) to work on /usr/local/python/3.10.13/lib/python3.10/site-packages/airflow/example_dags/plugins/decreasing_priority_weight_strategy.py
[2024-07-02T19:46:52.453+0000] {processor.py:830} INFO - Processing file /usr/local/python/3.10.13/lib/python3.10/site-packages/airflow/example_dags/plugins/decreasing_priority_weight_strategy.py for tasks to queue
[2024-07-02T19:46:52.453+0000] {logging_mixin.py:188} INFO - [2024-07-02T19:46:52.453+0000] {dagbag.py:545} INFO - Filling up the DagBag from /usr/local/python/3.10.13/lib/python3.10/site-packages/airflow/example_dags/plugins/decreasing_priority_weight_strategy.py
[2024-07-02T19:46:52.455+0000] {processor.py:842} WARNING - No viable dags retrieved from /usr/local/python/3.10.13/lib/python3.10/site-packages/airflow/example_dags/plugins/decreasing_priority_weight_strategy.py
[2024-07-02T19:46:52.465+0000] {processor.py:183} INFO - Processing /usr/local/python/3.10.13/lib/python3.10/site-packages/airflow/example_dags/plugins/decreasing_priority_weight_strategy.py took 0.018 seconds
[2024-07-02T19:47:40.108+0000] {processor.py:161} INFO - Started process (PID=22889) to work on /usr/local/python/3.10.13/lib/python3.10/site-packages/airflow/example_dags/plugins/decreasing_priority_weight_strategy.py
[2024-07-02T19:47:40.108+0000] {processor.py:830} INFO - Processing file /usr/local/python/3.10.13/lib/python3.10/site-packages/airflow/example_dags/plugins/decreasing_priority_weight_strategy.py for tasks to queue
[2024-07-02T19:47:40.109+0000] {logging_mixin.py:188} INFO - [2024-07-02T19:47:40.109+0000] {dagbag.py:545} INFO - Filling up the DagBag from /usr/local/python/3.10.13/lib/python3.10/site-packages/airflow/example_dags/plugins/decreasing_priority_weight_strategy.py
[2024-07-02T19:47:40.111+0000] {processor.py:842} WARNING - No viable dags retrieved from /usr/local/python/3.10.13/lib/python3.10/site-packages/airflow/example_dags/plugins/decreasing_priority_weight_strategy.py
[2024-07-02T19:47:40.118+0000] {processor.py:183} INFO - Processing /usr/local/python/3.10.13/lib/python3.10/site-packages/airflow/example_dags/plugins/decreasing_priority_weight_strategy.py took 0.015 seconds
[2024-07-02T19:48:21.393+0000] {processor.py:161} INFO - Started process (PID=23178) to work on /usr/local/python/3.10.13/lib/python3.10/site-packages/airflow/example_dags/plugins/decreasing_priority_weight_strategy.py
[2024-07-02T19:48:21.394+0000] {processor.py:830} INFO - Processing file /usr/local/python/3.10.13/lib/python3.10/site-packages/airflow/example_dags/plugins/decreasing_priority_weight_strategy.py for tasks to queue
[2024-07-02T19:48:21.395+0000] {logging_mixin.py:188} INFO - [2024-07-02T19:48:21.394+0000] {dagbag.py:545} INFO - Filling up the DagBag from /usr/local/python/3.10.13/lib/python3.10/site-packages/airflow/example_dags/plugins/decreasing_priority_weight_strategy.py
[2024-07-02T19:48:21.396+0000] {processor.py:842} WARNING - No viable dags retrieved from /usr/local/python/3.10.13/lib/python3.10/site-packages/airflow/example_dags/plugins/decreasing_priority_weight_strategy.py
[2024-07-02T19:48:21.403+0000] {processor.py:183} INFO - Processing /usr/local/python/3.10.13/lib/python3.10/site-packages/airflow/example_dags/plugins/decreasing_priority_weight_strategy.py took 0.015 seconds
[2024-07-02T19:49:03.353+0000] {processor.py:161} INFO - Started process (PID=23491) to work on /usr/local/python/3.10.13/lib/python3.10/site-packages/airflow/example_dags/plugins/decreasing_priority_weight_strategy.py
[2024-07-02T19:49:03.354+0000] {processor.py:830} INFO - Processing file /usr/local/python/3.10.13/lib/python3.10/site-packages/airflow/example_dags/plugins/decreasing_priority_weight_strategy.py for tasks to queue
[2024-07-02T19:49:03.355+0000] {logging_mixin.py:188} INFO - [2024-07-02T19:49:03.354+0000] {dagbag.py:545} INFO - Filling up the DagBag from /usr/local/python/3.10.13/lib/python3.10/site-packages/airflow/example_dags/plugins/decreasing_priority_weight_strategy.py
[2024-07-02T19:49:03.356+0000] {processor.py:842} WARNING - No viable dags retrieved from /usr/local/python/3.10.13/lib/python3.10/site-packages/airflow/example_dags/plugins/decreasing_priority_weight_strategy.py
[2024-07-02T19:49:03.364+0000] {processor.py:183} INFO - Processing /usr/local/python/3.10.13/lib/python3.10/site-packages/airflow/example_dags/plugins/decreasing_priority_weight_strategy.py took 0.015 seconds
[2024-07-02T19:49:49.555+0000] {processor.py:161} INFO - Started process (PID=23830) to work on /usr/local/python/3.10.13/lib/python3.10/site-packages/airflow/example_dags/plugins/decreasing_priority_weight_strategy.py
[2024-07-02T19:49:49.556+0000] {processor.py:830} INFO - Processing file /usr/local/python/3.10.13/lib/python3.10/site-packages/airflow/example_dags/plugins/decreasing_priority_weight_strategy.py for tasks to queue
[2024-07-02T19:49:49.556+0000] {logging_mixin.py:188} INFO - [2024-07-02T19:49:49.556+0000] {dagbag.py:545} INFO - Filling up the DagBag from /usr/local/python/3.10.13/lib/python3.10/site-packages/airflow/example_dags/plugins/decreasing_priority_weight_strategy.py
[2024-07-02T19:49:49.558+0000] {processor.py:842} WARNING - No viable dags retrieved from /usr/local/python/3.10.13/lib/python3.10/site-packages/airflow/example_dags/plugins/decreasing_priority_weight_strategy.py
[2024-07-02T19:49:49.565+0000] {processor.py:183} INFO - Processing /usr/local/python/3.10.13/lib/python3.10/site-packages/airflow/example_dags/plugins/decreasing_priority_weight_strategy.py took 0.015 seconds
[2024-07-02T19:50:33.709+0000] {processor.py:161} INFO - Started process (PID=24183) to work on /usr/local/python/3.10.13/lib/python3.10/site-packages/airflow/example_dags/plugins/decreasing_priority_weight_strategy.py
[2024-07-02T19:50:33.709+0000] {processor.py:830} INFO - Processing file /usr/local/python/3.10.13/lib/python3.10/site-packages/airflow/example_dags/plugins/decreasing_priority_weight_strategy.py for tasks to queue
[2024-07-02T19:50:33.710+0000] {logging_mixin.py:188} INFO - [2024-07-02T19:50:33.710+0000] {dagbag.py:545} INFO - Filling up the DagBag from /usr/local/python/3.10.13/lib/python3.10/site-packages/airflow/example_dags/plugins/decreasing_priority_weight_strategy.py
[2024-07-02T19:50:33.712+0000] {processor.py:842} WARNING - No viable dags retrieved from /usr/local/python/3.10.13/lib/python3.10/site-packages/airflow/example_dags/plugins/decreasing_priority_weight_strategy.py
[2024-07-02T19:50:33.719+0000] {processor.py:183} INFO - Processing /usr/local/python/3.10.13/lib/python3.10/site-packages/airflow/example_dags/plugins/decreasing_priority_weight_strategy.py took 0.015 seconds
[2024-07-02T19:51:18.829+0000] {processor.py:161} INFO - Started process (PID=24518) to work on /usr/local/python/3.10.13/lib/python3.10/site-packages/airflow/example_dags/plugins/decreasing_priority_weight_strategy.py
[2024-07-02T19:51:18.829+0000] {processor.py:830} INFO - Processing file /usr/local/python/3.10.13/lib/python3.10/site-packages/airflow/example_dags/plugins/decreasing_priority_weight_strategy.py for tasks to queue
[2024-07-02T19:51:18.830+0000] {logging_mixin.py:188} INFO - [2024-07-02T19:51:18.830+0000] {dagbag.py:545} INFO - Filling up the DagBag from /usr/local/python/3.10.13/lib/python3.10/site-packages/airflow/example_dags/plugins/decreasing_priority_weight_strategy.py
[2024-07-02T19:51:18.832+0000] {processor.py:842} WARNING - No viable dags retrieved from /usr/local/python/3.10.13/lib/python3.10/site-packages/airflow/example_dags/plugins/decreasing_priority_weight_strategy.py
[2024-07-02T19:51:18.840+0000] {processor.py:183} INFO - Processing /usr/local/python/3.10.13/lib/python3.10/site-packages/airflow/example_dags/plugins/decreasing_priority_weight_strategy.py took 0.016 seconds
[2024-07-02T19:52:02.982+0000] {processor.py:161} INFO - Started process (PID=24869) to work on /usr/local/python/3.10.13/lib/python3.10/site-packages/airflow/example_dags/plugins/decreasing_priority_weight_strategy.py
[2024-07-02T19:52:02.983+0000] {processor.py:830} INFO - Processing file /usr/local/python/3.10.13/lib/python3.10/site-packages/airflow/example_dags/plugins/decreasing_priority_weight_strategy.py for tasks to queue
[2024-07-02T19:52:02.983+0000] {logging_mixin.py:188} INFO - [2024-07-02T19:52:02.983+0000] {dagbag.py:545} INFO - Filling up the DagBag from /usr/local/python/3.10.13/lib/python3.10/site-packages/airflow/example_dags/plugins/decreasing_priority_weight_strategy.py
[2024-07-02T19:52:02.985+0000] {processor.py:842} WARNING - No viable dags retrieved from /usr/local/python/3.10.13/lib/python3.10/site-packages/airflow/example_dags/plugins/decreasing_priority_weight_strategy.py
[2024-07-02T19:52:02.992+0000] {processor.py:183} INFO - Processing /usr/local/python/3.10.13/lib/python3.10/site-packages/airflow/example_dags/plugins/decreasing_priority_weight_strategy.py took 0.015 seconds
[2024-07-02T19:52:47.607+0000] {processor.py:161} INFO - Started process (PID=25199) to work on /usr/local/python/3.10.13/lib/python3.10/site-packages/airflow/example_dags/plugins/decreasing_priority_weight_strategy.py
[2024-07-02T19:52:47.608+0000] {processor.py:830} INFO - Processing file /usr/local/python/3.10.13/lib/python3.10/site-packages/airflow/example_dags/plugins/decreasing_priority_weight_strategy.py for tasks to queue
[2024-07-02T19:52:47.609+0000] {logging_mixin.py:188} INFO - [2024-07-02T19:52:47.608+0000] {dagbag.py:545} INFO - Filling up the DagBag from /usr/local/python/3.10.13/lib/python3.10/site-packages/airflow/example_dags/plugins/decreasing_priority_weight_strategy.py
[2024-07-02T19:52:47.610+0000] {processor.py:842} WARNING - No viable dags retrieved from /usr/local/python/3.10.13/lib/python3.10/site-packages/airflow/example_dags/plugins/decreasing_priority_weight_strategy.py
[2024-07-02T19:52:47.617+0000] {processor.py:183} INFO - Processing /usr/local/python/3.10.13/lib/python3.10/site-packages/airflow/example_dags/plugins/decreasing_priority_weight_strategy.py took 0.014 seconds
[2024-07-02T19:53:32.185+0000] {processor.py:161} INFO - Started process (PID=25527) to work on /usr/local/python/3.10.13/lib/python3.10/site-packages/airflow/example_dags/plugins/decreasing_priority_weight_strategy.py
[2024-07-02T19:53:32.186+0000] {processor.py:830} INFO - Processing file /usr/local/python/3.10.13/lib/python3.10/site-packages/airflow/example_dags/plugins/decreasing_priority_weight_strategy.py for tasks to queue
[2024-07-02T19:53:32.187+0000] {logging_mixin.py:188} INFO - [2024-07-02T19:53:32.186+0000] {dagbag.py:545} INFO - Filling up the DagBag from /usr/local/python/3.10.13/lib/python3.10/site-packages/airflow/example_dags/plugins/decreasing_priority_weight_strategy.py
[2024-07-02T19:53:32.188+0000] {processor.py:842} WARNING - No viable dags retrieved from /usr/local/python/3.10.13/lib/python3.10/site-packages/airflow/example_dags/plugins/decreasing_priority_weight_strategy.py
[2024-07-02T19:53:32.195+0000] {processor.py:183} INFO - Processing /usr/local/python/3.10.13/lib/python3.10/site-packages/airflow/example_dags/plugins/decreasing_priority_weight_strategy.py took 0.014 seconds
[2024-07-02T19:54:16.330+0000] {processor.py:161} INFO - Started process (PID=25863) to work on /usr/local/python/3.10.13/lib/python3.10/site-packages/airflow/example_dags/plugins/decreasing_priority_weight_strategy.py
[2024-07-02T19:54:16.330+0000] {processor.py:830} INFO - Processing file /usr/local/python/3.10.13/lib/python3.10/site-packages/airflow/example_dags/plugins/decreasing_priority_weight_strategy.py for tasks to queue
[2024-07-02T19:54:16.331+0000] {logging_mixin.py:188} INFO - [2024-07-02T19:54:16.331+0000] {dagbag.py:545} INFO - Filling up the DagBag from /usr/local/python/3.10.13/lib/python3.10/site-packages/airflow/example_dags/plugins/decreasing_priority_weight_strategy.py
[2024-07-02T19:54:16.332+0000] {processor.py:842} WARNING - No viable dags retrieved from /usr/local/python/3.10.13/lib/python3.10/site-packages/airflow/example_dags/plugins/decreasing_priority_weight_strategy.py
[2024-07-02T19:54:16.340+0000] {processor.py:183} INFO - Processing /usr/local/python/3.10.13/lib/python3.10/site-packages/airflow/example_dags/plugins/decreasing_priority_weight_strategy.py took 0.015 seconds
[2024-07-02T19:54:58.351+0000] {processor.py:161} INFO - Started process (PID=26191) to work on /usr/local/python/3.10.13/lib/python3.10/site-packages/airflow/example_dags/plugins/decreasing_priority_weight_strategy.py
[2024-07-02T19:54:58.352+0000] {processor.py:830} INFO - Processing file /usr/local/python/3.10.13/lib/python3.10/site-packages/airflow/example_dags/plugins/decreasing_priority_weight_strategy.py for tasks to queue
[2024-07-02T19:54:58.353+0000] {logging_mixin.py:188} INFO - [2024-07-02T19:54:58.352+0000] {dagbag.py:545} INFO - Filling up the DagBag from /usr/local/python/3.10.13/lib/python3.10/site-packages/airflow/example_dags/plugins/decreasing_priority_weight_strategy.py
[2024-07-02T19:54:58.354+0000] {processor.py:842} WARNING - No viable dags retrieved from /usr/local/python/3.10.13/lib/python3.10/site-packages/airflow/example_dags/plugins/decreasing_priority_weight_strategy.py
[2024-07-02T19:54:58.362+0000] {processor.py:183} INFO - Processing /usr/local/python/3.10.13/lib/python3.10/site-packages/airflow/example_dags/plugins/decreasing_priority_weight_strategy.py took 0.015 seconds
[2024-07-02T19:55:43.801+0000] {processor.py:161} INFO - Started process (PID=26529) to work on /usr/local/python/3.10.13/lib/python3.10/site-packages/airflow/example_dags/plugins/decreasing_priority_weight_strategy.py
[2024-07-02T19:55:43.801+0000] {processor.py:830} INFO - Processing file /usr/local/python/3.10.13/lib/python3.10/site-packages/airflow/example_dags/plugins/decreasing_priority_weight_strategy.py for tasks to queue
[2024-07-02T19:55:43.802+0000] {logging_mixin.py:188} INFO - [2024-07-02T19:55:43.802+0000] {dagbag.py:545} INFO - Filling up the DagBag from /usr/local/python/3.10.13/lib/python3.10/site-packages/airflow/example_dags/plugins/decreasing_priority_weight_strategy.py
[2024-07-02T19:55:43.803+0000] {processor.py:842} WARNING - No viable dags retrieved from /usr/local/python/3.10.13/lib/python3.10/site-packages/airflow/example_dags/plugins/decreasing_priority_weight_strategy.py
[2024-07-02T19:55:43.810+0000] {processor.py:183} INFO - Processing /usr/local/python/3.10.13/lib/python3.10/site-packages/airflow/example_dags/plugins/decreasing_priority_weight_strategy.py took 0.014 seconds
[2024-07-02T19:56:29.199+0000] {processor.py:161} INFO - Started process (PID=26959) to work on /usr/local/python/3.10.13/lib/python3.10/site-packages/airflow/example_dags/plugins/decreasing_priority_weight_strategy.py
[2024-07-02T19:56:29.200+0000] {processor.py:830} INFO - Processing file /usr/local/python/3.10.13/lib/python3.10/site-packages/airflow/example_dags/plugins/decreasing_priority_weight_strategy.py for tasks to queue
[2024-07-02T19:56:29.200+0000] {logging_mixin.py:188} INFO - [2024-07-02T19:56:29.200+0000] {dagbag.py:545} INFO - Filling up the DagBag from /usr/local/python/3.10.13/lib/python3.10/site-packages/airflow/example_dags/plugins/decreasing_priority_weight_strategy.py
[2024-07-02T19:56:29.202+0000] {processor.py:842} WARNING - No viable dags retrieved from /usr/local/python/3.10.13/lib/python3.10/site-packages/airflow/example_dags/plugins/decreasing_priority_weight_strategy.py
[2024-07-02T19:56:29.209+0000] {processor.py:183} INFO - Processing /usr/local/python/3.10.13/lib/python3.10/site-packages/airflow/example_dags/plugins/decreasing_priority_weight_strategy.py took 0.014 seconds
[2024-07-02T19:57:24.238+0000] {processor.py:161} INFO - Started process (PID=27424) to work on /usr/local/python/3.10.13/lib/python3.10/site-packages/airflow/example_dags/plugins/decreasing_priority_weight_strategy.py
[2024-07-02T19:57:24.239+0000] {processor.py:830} INFO - Processing file /usr/local/python/3.10.13/lib/python3.10/site-packages/airflow/example_dags/plugins/decreasing_priority_weight_strategy.py for tasks to queue
[2024-07-02T19:57:24.239+0000] {logging_mixin.py:188} INFO - [2024-07-02T19:57:24.239+0000] {dagbag.py:545} INFO - Filling up the DagBag from /usr/local/python/3.10.13/lib/python3.10/site-packages/airflow/example_dags/plugins/decreasing_priority_weight_strategy.py
[2024-07-02T19:57:24.241+0000] {processor.py:842} WARNING - No viable dags retrieved from /usr/local/python/3.10.13/lib/python3.10/site-packages/airflow/example_dags/plugins/decreasing_priority_weight_strategy.py
[2024-07-02T19:57:24.248+0000] {processor.py:183} INFO - Processing /usr/local/python/3.10.13/lib/python3.10/site-packages/airflow/example_dags/plugins/decreasing_priority_weight_strategy.py took 0.015 seconds
