[2024-07-02T19:36:05.431+0000] {local_task_job_runner.py:120} INFO - ::group::Pre task execution logs
[2024-07-02T19:36:05.449+0000] {taskinstance.py:2076} INFO - Dependencies all met for dep_context=non-requeueable deps ti=<TaskInstance: Sectorwise_count_dag.Extract_task manual__2024-07-02T19:36:02.856092+00:00 [queued]>
[2024-07-02T19:36:05.453+0000] {taskinstance.py:2076} INFO - Dependencies all met for dep_context=requeueable deps ti=<TaskInstance: Sectorwise_count_dag.Extract_task manual__2024-07-02T19:36:02.856092+00:00 [queued]>
[2024-07-02T19:36:05.454+0000] {taskinstance.py:2306} INFO - Starting attempt 1 of 1
[2024-07-02T19:36:05.513+0000] {taskinstance.py:2330} INFO - Executing <Task(BashOperator): Extract_task> on 2024-07-02 19:36:02.856092+00:00
[2024-07-02T19:36:05.517+0000] {standard_task_runner.py:63} INFO - Started process 17709 to run task
[2024-07-02T19:36:05.519+0000] {standard_task_runner.py:90} INFO - Running: ['airflow', 'tasks', 'run', 'Sectorwise_count_dag', 'Extract_task', 'manual__2024-07-02T19:36:02.856092+00:00', '--job-id', '3', '--raw', '--subdir', 'DAGS_FOLDER/Top_sector_dag.py', '--cfg-path', '/tmp/tmpnk8szeeg']
[2024-07-02T19:36:05.520+0000] {standard_task_runner.py:91} INFO - Job 3: Subtask Extract_task
[2024-07-02T19:36:05.570+0000] {task_command.py:426} INFO - Running <TaskInstance: Sectorwise_count_dag.Extract_task manual__2024-07-02T19:36:02.856092+00:00 [running]> on host codespaces-3512fc
[2024-07-02T19:36:05.729+0000] {taskinstance.py:2648} INFO - Exporting env vars: AIRFLOW_CTX_DAG_OWNER='Sabuja' AIRFLOW_CTX_DAG_ID='Sectorwise_count_dag' AIRFLOW_CTX_TASK_ID='Extract_task' AIRFLOW_CTX_EXECUTION_DATE='2024-07-02T19:36:02.856092+00:00' AIRFLOW_CTX_TRY_NUMBER='1' AIRFLOW_CTX_DAG_RUN_ID='manual__2024-07-02T19:36:02.856092+00:00'
[2024-07-02T19:36:05.729+0000] {taskinstance.py:430} INFO - ::endgroup::
[2024-07-02T19:36:05.730+0000] {subprocess.py:63} INFO - Tmp dir root location: /tmp
[2024-07-02T19:36:05.730+0000] {subprocess.py:75} INFO - Running command: ['/usr/bin/bash', '-c', 'wget -c https://raw.githubusercontent.com/LinkedInLearning/hands-on-introduction-data-engineering-4395021/main/data/constituents.csv -O /workspaces/Basic-ETL-aiflow/airflow/lab/challenge.csv']
[2024-07-02T19:36:05.739+0000] {subprocess.py:86} INFO - Output:
[2024-07-02T19:36:05.809+0000] {subprocess.py:93} INFO - --2024-07-02 19:36:05--  https://raw.githubusercontent.com/LinkedInLearning/hands-on-introduction-data-engineering-4395021/main/data/constituents.csv
[2024-07-02T19:36:05.812+0000] {subprocess.py:93} INFO - Resolving raw.githubusercontent.com (raw.githubusercontent.com)... 185.199.110.133, 185.199.111.133, 185.199.108.133, ...
[2024-07-02T19:36:05.859+0000] {subprocess.py:93} INFO - Connecting to raw.githubusercontent.com (raw.githubusercontent.com)|185.199.110.133|:443... connected.
[2024-07-02T19:36:06.354+0000] {subprocess.py:93} INFO - HTTP request sent, awaiting response... 200 OK
[2024-07-02T19:36:06.354+0000] {subprocess.py:93} INFO - Length: 18676 (18K) [text/plain]
[2024-07-02T19:36:06.355+0000] {subprocess.py:93} INFO - Saving to: ‘/workspaces/Basic-ETL-aiflow/airflow/lab/challenge.csv’
[2024-07-02T19:36:06.355+0000] {subprocess.py:93} INFO - 
[2024-07-02T19:36:06.360+0000] {subprocess.py:93} INFO -      0K .......... ........                                   100% 3.08M=0.006s
[2024-07-02T19:36:06.360+0000] {subprocess.py:93} INFO - 
[2024-07-02T19:36:06.360+0000] {subprocess.py:93} INFO - 2024-07-02 19:36:06 (3.08 MB/s) - ‘/workspaces/Basic-ETL-aiflow/airflow/lab/challenge.csv’ saved [18676/18676]
[2024-07-02T19:36:06.361+0000] {subprocess.py:93} INFO - 
[2024-07-02T19:36:06.361+0000] {subprocess.py:97} INFO - Command exited with return code 0
[2024-07-02T19:36:06.362+0000] {taskinstance.py:441} INFO - ::group::Post task execution logs
[2024-07-02T19:36:06.405+0000] {taskinstance.py:1206} INFO - Marking task as SUCCESS. dag_id=Sectorwise_count_dag, task_id=Extract_task, run_id=manual__2024-07-02T19:36:02.856092+00:00, execution_date=20240702T193602, start_date=20240702T193605, end_date=20240702T193606
[2024-07-02T19:36:06.495+0000] {local_task_job_runner.py:240} INFO - Task exited with return code 0
[2024-07-02T19:36:06.518+0000] {taskinstance.py:3503} INFO - 1 downstream tasks scheduled from follow-on schedule check
[2024-07-02T19:36:06.548+0000] {local_task_job_runner.py:222} INFO - ::endgroup::
