[2024-07-02T19:56:55.032+0000] {local_task_job_runner.py:120} INFO - ::group::Pre task execution logs
[2024-07-02T19:56:55.074+0000] {taskinstance.py:2076} INFO - Dependencies all met for dep_context=non-requeueable deps ti=<TaskInstance: ETL_dag.Transform_task manual__2024-07-02T19:56:48.745964+00:00 [queued]>
[2024-07-02T19:56:55.078+0000] {taskinstance.py:2076} INFO - Dependencies all met for dep_context=requeueable deps ti=<TaskInstance: ETL_dag.Transform_task manual__2024-07-02T19:56:48.745964+00:00 [queued]>
[2024-07-02T19:56:55.078+0000] {taskinstance.py:2306} INFO - Starting attempt 1 of 1
[2024-07-02T19:56:55.114+0000] {taskinstance.py:2330} INFO - Executing <Task(PythonOperator): Transform_task> on 2024-07-02 19:56:48.745964+00:00
[2024-07-02T19:56:55.118+0000] {standard_task_runner.py:63} INFO - Started process 27195 to run task
[2024-07-02T19:56:55.121+0000] {standard_task_runner.py:90} INFO - Running: ['airflow', 'tasks', 'run', 'ETL_dag', 'Transform_task', 'manual__2024-07-02T19:56:48.745964+00:00', '--job-id', '13', '--raw', '--subdir', 'DAGS_FOLDER/ETL_dag.py', '--cfg-path', '/tmp/tmp11365o03']
[2024-07-02T19:56:55.121+0000] {standard_task_runner.py:91} INFO - Job 13: Subtask Transform_task
[2024-07-02T19:56:55.170+0000] {task_command.py:426} INFO - Running <TaskInstance: ETL_dag.Transform_task manual__2024-07-02T19:56:48.745964+00:00 [running]> on host codespaces-3512fc
[2024-07-02T19:56:55.263+0000] {taskinstance.py:2648} INFO - Exporting env vars: AIRFLOW_CTX_DAG_OWNER='Sabuja' AIRFLOW_CTX_DAG_ID='ETL_dag' AIRFLOW_CTX_TASK_ID='Transform_task' AIRFLOW_CTX_EXECUTION_DATE='2024-07-02T19:56:48.745964+00:00' AIRFLOW_CTX_TRY_NUMBER='1' AIRFLOW_CTX_DAG_RUN_ID='manual__2024-07-02T19:56:48.745964+00:00'
[2024-07-02T19:56:55.264+0000] {taskinstance.py:430} INFO - ::endgroup::
[2024-07-02T19:56:55.274+0000] {logging_mixin.py:188} WARNING - /workspaces/Basic-ETL-aiflow/airflow/dags/ETL_dag.py:31 SettingWithCopyWarning: 
A value is trying to be set on a copy of a slice from a DataFrame.
Try using .loc[row_indexer,col_indexer] = value instead

See the caveats in the documentation: https://pandas.pydata.org/pandas-docs/stable/user_guide/indexing.html#returning-a-view-versus-a-copy
[2024-07-02T19:56:55.277+0000] {python.py:237} INFO - Done. Returned value was: None
[2024-07-02T19:56:55.277+0000] {taskinstance.py:441} INFO - ::group::Post task execution logs
[2024-07-02T19:56:55.280+0000] {taskinstance.py:1206} INFO - Marking task as SUCCESS. dag_id=ETL_dag, task_id=Transform_task, run_id=manual__2024-07-02T19:56:48.745964+00:00, execution_date=20240702T195648, start_date=20240702T195655, end_date=20240702T195655
[2024-07-02T19:56:55.333+0000] {local_task_job_runner.py:240} INFO - Task exited with return code 0
[2024-07-02T19:56:55.345+0000] {taskinstance.py:3503} INFO - 1 downstream tasks scheduled from follow-on schedule check
[2024-07-02T19:56:55.373+0000] {local_task_job_runner.py:222} INFO - ::endgroup::
