[2024-07-02T19:11:01.393+0000] {processor.py:161} INFO - Started process (PID=5860) to work on /usr/local/python/3.10.13/lib/python3.10/site-packages/airflow/example_dags/example_dynamic_task_mapping_with_no_taskflow_operators.py
[2024-07-02T19:11:01.393+0000] {processor.py:830} INFO - Processing file /usr/local/python/3.10.13/lib/python3.10/site-packages/airflow/example_dags/example_dynamic_task_mapping_with_no_taskflow_operators.py for tasks to queue
[2024-07-02T19:11:01.394+0000] {logging_mixin.py:188} INFO - [2024-07-02T19:11:01.394+0000] {dagbag.py:545} INFO - Filling up the DagBag from /usr/local/python/3.10.13/lib/python3.10/site-packages/airflow/example_dags/example_dynamic_task_mapping_with_no_taskflow_operators.py
[2024-07-02T19:11:01.467+0000] {processor.py:840} INFO - DAG(s) 'example_dynamic_task_mapping_with_no_taskflow_operators' retrieved from /usr/local/python/3.10.13/lib/python3.10/site-packages/airflow/example_dags/example_dynamic_task_mapping_with_no_taskflow_operators.py
[2024-07-02T19:11:01.594+0000] {logging_mixin.py:188} INFO - [2024-07-02T19:11:01.593+0000] {override.py:1829} INFO - Created Permission View: can edit on DAG:example_dynamic_task_mapping_with_no_taskflow_operators
[2024-07-02T19:11:01.625+0000] {logging_mixin.py:188} INFO - [2024-07-02T19:11:01.625+0000] {override.py:1829} INFO - Created Permission View: can read on DAG:example_dynamic_task_mapping_with_no_taskflow_operators
[2024-07-02T19:11:01.655+0000] {logging_mixin.py:188} INFO - [2024-07-02T19:11:01.655+0000] {override.py:1829} INFO - Created Permission View: can delete on DAG:example_dynamic_task_mapping_with_no_taskflow_operators
[2024-07-02T19:11:01.656+0000] {logging_mixin.py:188} INFO - [2024-07-02T19:11:01.656+0000] {dag.py:3096} INFO - Sync 1 DAGs
[2024-07-02T19:11:01.668+0000] {logging_mixin.py:188} INFO - [2024-07-02T19:11:01.668+0000] {dag.py:3118} INFO - Creating ORM DAG for example_dynamic_task_mapping_with_no_taskflow_operators
[2024-07-02T19:11:01.678+0000] {logging_mixin.py:188} INFO - [2024-07-02T19:11:01.677+0000] {dag.py:3954} INFO - Setting next_dagrun for example_dynamic_task_mapping_with_no_taskflow_operators to 2024-07-01 00:00:00+00:00, run_after=2024-07-02 00:00:00+00:00
[2024-07-02T19:11:01.731+0000] {processor.py:183} INFO - Processing /usr/local/python/3.10.13/lib/python3.10/site-packages/airflow/example_dags/example_dynamic_task_mapping_with_no_taskflow_operators.py took 0.343 seconds
[2024-07-02T19:11:55.845+0000] {processor.py:161} INFO - Started process (PID=6285) to work on /usr/local/python/3.10.13/lib/python3.10/site-packages/airflow/example_dags/example_dynamic_task_mapping_with_no_taskflow_operators.py
[2024-07-02T19:11:55.846+0000] {processor.py:830} INFO - Processing file /usr/local/python/3.10.13/lib/python3.10/site-packages/airflow/example_dags/example_dynamic_task_mapping_with_no_taskflow_operators.py for tasks to queue
[2024-07-02T19:11:55.848+0000] {logging_mixin.py:188} INFO - [2024-07-02T19:11:55.847+0000] {dagbag.py:545} INFO - Filling up the DagBag from /usr/local/python/3.10.13/lib/python3.10/site-packages/airflow/example_dags/example_dynamic_task_mapping_with_no_taskflow_operators.py
[2024-07-02T19:11:55.854+0000] {processor.py:840} INFO - DAG(s) 'example_dynamic_task_mapping_with_no_taskflow_operators' retrieved from /usr/local/python/3.10.13/lib/python3.10/site-packages/airflow/example_dags/example_dynamic_task_mapping_with_no_taskflow_operators.py
[2024-07-02T19:11:55.876+0000] {logging_mixin.py:188} INFO - [2024-07-02T19:11:55.876+0000] {dag.py:3096} INFO - Sync 1 DAGs
[2024-07-02T19:11:55.909+0000] {logging_mixin.py:188} INFO - [2024-07-02T19:11:55.909+0000] {dag.py:3954} INFO - Setting next_dagrun for example_dynamic_task_mapping_with_no_taskflow_operators to 2024-07-01 00:00:00+00:00, run_after=2024-07-02 00:00:00+00:00
[2024-07-02T19:11:55.951+0000] {processor.py:183} INFO - Processing /usr/local/python/3.10.13/lib/python3.10/site-packages/airflow/example_dags/example_dynamic_task_mapping_with_no_taskflow_operators.py took 0.114 seconds
[2024-07-02T19:12:58.952+0000] {processor.py:161} INFO - Started process (PID=6762) to work on /usr/local/python/3.10.13/lib/python3.10/site-packages/airflow/example_dags/example_dynamic_task_mapping_with_no_taskflow_operators.py
[2024-07-02T19:12:58.952+0000] {processor.py:830} INFO - Processing file /usr/local/python/3.10.13/lib/python3.10/site-packages/airflow/example_dags/example_dynamic_task_mapping_with_no_taskflow_operators.py for tasks to queue
[2024-07-02T19:12:58.954+0000] {logging_mixin.py:188} INFO - [2024-07-02T19:12:58.953+0000] {dagbag.py:545} INFO - Filling up the DagBag from /usr/local/python/3.10.13/lib/python3.10/site-packages/airflow/example_dags/example_dynamic_task_mapping_with_no_taskflow_operators.py
[2024-07-02T19:12:58.958+0000] {processor.py:840} INFO - DAG(s) 'example_dynamic_task_mapping_with_no_taskflow_operators' retrieved from /usr/local/python/3.10.13/lib/python3.10/site-packages/airflow/example_dags/example_dynamic_task_mapping_with_no_taskflow_operators.py
[2024-07-02T19:12:58.969+0000] {logging_mixin.py:188} INFO - [2024-07-02T19:12:58.969+0000] {dag.py:3096} INFO - Sync 1 DAGs
[2024-07-02T19:12:58.983+0000] {logging_mixin.py:188} INFO - [2024-07-02T19:12:58.983+0000] {dag.py:3954} INFO - Setting next_dagrun for example_dynamic_task_mapping_with_no_taskflow_operators to 2024-07-01 00:00:00+00:00, run_after=2024-07-02 00:00:00+00:00
[2024-07-02T19:12:59.026+0000] {processor.py:183} INFO - Processing /usr/local/python/3.10.13/lib/python3.10/site-packages/airflow/example_dags/example_dynamic_task_mapping_with_no_taskflow_operators.py took 0.079 seconds
[2024-07-02T19:13:59.012+0000] {processor.py:161} INFO - Started process (PID=7227) to work on /usr/local/python/3.10.13/lib/python3.10/site-packages/airflow/example_dags/example_dynamic_task_mapping_with_no_taskflow_operators.py
[2024-07-02T19:13:59.013+0000] {processor.py:830} INFO - Processing file /usr/local/python/3.10.13/lib/python3.10/site-packages/airflow/example_dags/example_dynamic_task_mapping_with_no_taskflow_operators.py for tasks to queue
[2024-07-02T19:13:59.014+0000] {logging_mixin.py:188} INFO - [2024-07-02T19:13:59.013+0000] {dagbag.py:545} INFO - Filling up the DagBag from /usr/local/python/3.10.13/lib/python3.10/site-packages/airflow/example_dags/example_dynamic_task_mapping_with_no_taskflow_operators.py
[2024-07-02T19:13:59.018+0000] {processor.py:840} INFO - DAG(s) 'example_dynamic_task_mapping_with_no_taskflow_operators' retrieved from /usr/local/python/3.10.13/lib/python3.10/site-packages/airflow/example_dags/example_dynamic_task_mapping_with_no_taskflow_operators.py
[2024-07-02T19:13:59.029+0000] {logging_mixin.py:188} INFO - [2024-07-02T19:13:59.029+0000] {dag.py:3096} INFO - Sync 1 DAGs
[2024-07-02T19:13:59.044+0000] {logging_mixin.py:188} INFO - [2024-07-02T19:13:59.044+0000] {dag.py:3954} INFO - Setting next_dagrun for example_dynamic_task_mapping_with_no_taskflow_operators to 2024-07-01 00:00:00+00:00, run_after=2024-07-02 00:00:00+00:00
[2024-07-02T19:13:59.086+0000] {processor.py:183} INFO - Processing /usr/local/python/3.10.13/lib/python3.10/site-packages/airflow/example_dags/example_dynamic_task_mapping_with_no_taskflow_operators.py took 0.078 seconds
[2024-07-02T19:15:02.218+0000] {processor.py:161} INFO - Started process (PID=7697) to work on /usr/local/python/3.10.13/lib/python3.10/site-packages/airflow/example_dags/example_dynamic_task_mapping_with_no_taskflow_operators.py
[2024-07-02T19:15:02.219+0000] {processor.py:830} INFO - Processing file /usr/local/python/3.10.13/lib/python3.10/site-packages/airflow/example_dags/example_dynamic_task_mapping_with_no_taskflow_operators.py for tasks to queue
[2024-07-02T19:15:02.220+0000] {logging_mixin.py:188} INFO - [2024-07-02T19:15:02.220+0000] {dagbag.py:545} INFO - Filling up the DagBag from /usr/local/python/3.10.13/lib/python3.10/site-packages/airflow/example_dags/example_dynamic_task_mapping_with_no_taskflow_operators.py
[2024-07-02T19:15:02.225+0000] {processor.py:840} INFO - DAG(s) 'example_dynamic_task_mapping_with_no_taskflow_operators' retrieved from /usr/local/python/3.10.13/lib/python3.10/site-packages/airflow/example_dags/example_dynamic_task_mapping_with_no_taskflow_operators.py
[2024-07-02T19:15:02.235+0000] {logging_mixin.py:188} INFO - [2024-07-02T19:15:02.235+0000] {dag.py:3096} INFO - Sync 1 DAGs
[2024-07-02T19:15:02.250+0000] {logging_mixin.py:188} INFO - [2024-07-02T19:15:02.250+0000] {dag.py:3954} INFO - Setting next_dagrun for example_dynamic_task_mapping_with_no_taskflow_operators to 2024-07-01 00:00:00+00:00, run_after=2024-07-02 00:00:00+00:00
[2024-07-02T19:15:02.297+0000] {processor.py:183} INFO - Processing /usr/local/python/3.10.13/lib/python3.10/site-packages/airflow/example_dags/example_dynamic_task_mapping_with_no_taskflow_operators.py took 0.084 seconds
[2024-07-02T19:16:04.640+0000] {processor.py:161} INFO - Started process (PID=8185) to work on /usr/local/python/3.10.13/lib/python3.10/site-packages/airflow/example_dags/example_dynamic_task_mapping_with_no_taskflow_operators.py
[2024-07-02T19:16:04.641+0000] {processor.py:830} INFO - Processing file /usr/local/python/3.10.13/lib/python3.10/site-packages/airflow/example_dags/example_dynamic_task_mapping_with_no_taskflow_operators.py for tasks to queue
[2024-07-02T19:16:04.642+0000] {logging_mixin.py:188} INFO - [2024-07-02T19:16:04.641+0000] {dagbag.py:545} INFO - Filling up the DagBag from /usr/local/python/3.10.13/lib/python3.10/site-packages/airflow/example_dags/example_dynamic_task_mapping_with_no_taskflow_operators.py
[2024-07-02T19:16:04.646+0000] {processor.py:840} INFO - DAG(s) 'example_dynamic_task_mapping_with_no_taskflow_operators' retrieved from /usr/local/python/3.10.13/lib/python3.10/site-packages/airflow/example_dags/example_dynamic_task_mapping_with_no_taskflow_operators.py
[2024-07-02T19:16:04.657+0000] {logging_mixin.py:188} INFO - [2024-07-02T19:16:04.657+0000] {dag.py:3096} INFO - Sync 1 DAGs
[2024-07-02T19:16:04.672+0000] {logging_mixin.py:188} INFO - [2024-07-02T19:16:04.672+0000] {dag.py:3954} INFO - Setting next_dagrun for example_dynamic_task_mapping_with_no_taskflow_operators to 2024-07-01 00:00:00+00:00, run_after=2024-07-02 00:00:00+00:00
[2024-07-02T19:16:04.711+0000] {processor.py:183} INFO - Processing /usr/local/python/3.10.13/lib/python3.10/site-packages/airflow/example_dags/example_dynamic_task_mapping_with_no_taskflow_operators.py took 0.075 seconds
[2024-07-02T19:16:57.966+0000] {processor.py:161} INFO - Started process (PID=8592) to work on /usr/local/python/3.10.13/lib/python3.10/site-packages/airflow/example_dags/example_dynamic_task_mapping_with_no_taskflow_operators.py
[2024-07-02T19:16:57.966+0000] {processor.py:830} INFO - Processing file /usr/local/python/3.10.13/lib/python3.10/site-packages/airflow/example_dags/example_dynamic_task_mapping_with_no_taskflow_operators.py for tasks to queue
[2024-07-02T19:16:57.967+0000] {logging_mixin.py:188} INFO - [2024-07-02T19:16:57.967+0000] {dagbag.py:545} INFO - Filling up the DagBag from /usr/local/python/3.10.13/lib/python3.10/site-packages/airflow/example_dags/example_dynamic_task_mapping_with_no_taskflow_operators.py
[2024-07-02T19:16:57.972+0000] {processor.py:840} INFO - DAG(s) 'example_dynamic_task_mapping_with_no_taskflow_operators' retrieved from /usr/local/python/3.10.13/lib/python3.10/site-packages/airflow/example_dags/example_dynamic_task_mapping_with_no_taskflow_operators.py
[2024-07-02T19:16:57.983+0000] {logging_mixin.py:188} INFO - [2024-07-02T19:16:57.983+0000] {dag.py:3096} INFO - Sync 1 DAGs
[2024-07-02T19:16:57.997+0000] {logging_mixin.py:188} INFO - [2024-07-02T19:16:57.997+0000] {dag.py:3954} INFO - Setting next_dagrun for example_dynamic_task_mapping_with_no_taskflow_operators to 2024-07-01 00:00:00+00:00, run_after=2024-07-02 00:00:00+00:00
[2024-07-02T19:16:58.038+0000] {processor.py:183} INFO - Processing /usr/local/python/3.10.13/lib/python3.10/site-packages/airflow/example_dags/example_dynamic_task_mapping_with_no_taskflow_operators.py took 0.077 seconds
[2024-07-02T19:18:06.640+0000] {processor.py:161} INFO - Started process (PID=9104) to work on /usr/local/python/3.10.13/lib/python3.10/site-packages/airflow/example_dags/example_dynamic_task_mapping_with_no_taskflow_operators.py
[2024-07-02T19:18:06.641+0000] {processor.py:830} INFO - Processing file /usr/local/python/3.10.13/lib/python3.10/site-packages/airflow/example_dags/example_dynamic_task_mapping_with_no_taskflow_operators.py for tasks to queue
[2024-07-02T19:18:06.641+0000] {logging_mixin.py:188} INFO - [2024-07-02T19:18:06.641+0000] {dagbag.py:545} INFO - Filling up the DagBag from /usr/local/python/3.10.13/lib/python3.10/site-packages/airflow/example_dags/example_dynamic_task_mapping_with_no_taskflow_operators.py
[2024-07-02T19:18:06.646+0000] {processor.py:840} INFO - DAG(s) 'example_dynamic_task_mapping_with_no_taskflow_operators' retrieved from /usr/local/python/3.10.13/lib/python3.10/site-packages/airflow/example_dags/example_dynamic_task_mapping_with_no_taskflow_operators.py
[2024-07-02T19:18:06.657+0000] {logging_mixin.py:188} INFO - [2024-07-02T19:18:06.656+0000] {dag.py:3096} INFO - Sync 1 DAGs
[2024-07-02T19:18:06.671+0000] {logging_mixin.py:188} INFO - [2024-07-02T19:18:06.671+0000] {dag.py:3954} INFO - Setting next_dagrun for example_dynamic_task_mapping_with_no_taskflow_operators to 2024-07-01 00:00:00+00:00, run_after=2024-07-02 00:00:00+00:00
[2024-07-02T19:18:06.711+0000] {processor.py:183} INFO - Processing /usr/local/python/3.10.13/lib/python3.10/site-packages/airflow/example_dags/example_dynamic_task_mapping_with_no_taskflow_operators.py took 0.075 seconds
[2024-07-02T19:19:08.945+0000] {processor.py:161} INFO - Started process (PID=9572) to work on /usr/local/python/3.10.13/lib/python3.10/site-packages/airflow/example_dags/example_dynamic_task_mapping_with_no_taskflow_operators.py
[2024-07-02T19:19:08.946+0000] {processor.py:830} INFO - Processing file /usr/local/python/3.10.13/lib/python3.10/site-packages/airflow/example_dags/example_dynamic_task_mapping_with_no_taskflow_operators.py for tasks to queue
[2024-07-02T19:19:08.946+0000] {logging_mixin.py:188} INFO - [2024-07-02T19:19:08.946+0000] {dagbag.py:545} INFO - Filling up the DagBag from /usr/local/python/3.10.13/lib/python3.10/site-packages/airflow/example_dags/example_dynamic_task_mapping_with_no_taskflow_operators.py
[2024-07-02T19:19:08.953+0000] {processor.py:840} INFO - DAG(s) 'example_dynamic_task_mapping_with_no_taskflow_operators' retrieved from /usr/local/python/3.10.13/lib/python3.10/site-packages/airflow/example_dags/example_dynamic_task_mapping_with_no_taskflow_operators.py
[2024-07-02T19:19:08.969+0000] {logging_mixin.py:188} INFO - [2024-07-02T19:19:08.968+0000] {dag.py:3096} INFO - Sync 1 DAGs
[2024-07-02T19:19:08.987+0000] {logging_mixin.py:188} INFO - [2024-07-02T19:19:08.987+0000] {dag.py:3954} INFO - Setting next_dagrun for example_dynamic_task_mapping_with_no_taskflow_operators to 2024-07-01 00:00:00+00:00, run_after=2024-07-02 00:00:00+00:00
[2024-07-02T19:19:09.027+0000] {processor.py:183} INFO - Processing /usr/local/python/3.10.13/lib/python3.10/site-packages/airflow/example_dags/example_dynamic_task_mapping_with_no_taskflow_operators.py took 0.087 seconds
[2024-07-02T19:20:18.081+0000] {processor.py:161} INFO - Started process (PID=10089) to work on /usr/local/python/3.10.13/lib/python3.10/site-packages/airflow/example_dags/example_dynamic_task_mapping_with_no_taskflow_operators.py
[2024-07-02T19:20:18.082+0000] {processor.py:830} INFO - Processing file /usr/local/python/3.10.13/lib/python3.10/site-packages/airflow/example_dags/example_dynamic_task_mapping_with_no_taskflow_operators.py for tasks to queue
[2024-07-02T19:20:18.083+0000] {logging_mixin.py:188} INFO - [2024-07-02T19:20:18.082+0000] {dagbag.py:545} INFO - Filling up the DagBag from /usr/local/python/3.10.13/lib/python3.10/site-packages/airflow/example_dags/example_dynamic_task_mapping_with_no_taskflow_operators.py
[2024-07-02T19:20:18.088+0000] {processor.py:840} INFO - DAG(s) 'example_dynamic_task_mapping_with_no_taskflow_operators' retrieved from /usr/local/python/3.10.13/lib/python3.10/site-packages/airflow/example_dags/example_dynamic_task_mapping_with_no_taskflow_operators.py
[2024-07-02T19:20:18.098+0000] {logging_mixin.py:188} INFO - [2024-07-02T19:20:18.098+0000] {dag.py:3096} INFO - Sync 1 DAGs
[2024-07-02T19:20:18.112+0000] {logging_mixin.py:188} INFO - [2024-07-02T19:20:18.112+0000] {dag.py:3954} INFO - Setting next_dagrun for example_dynamic_task_mapping_with_no_taskflow_operators to 2024-07-01 00:00:00+00:00, run_after=2024-07-02 00:00:00+00:00
[2024-07-02T19:20:18.153+0000] {processor.py:183} INFO - Processing /usr/local/python/3.10.13/lib/python3.10/site-packages/airflow/example_dags/example_dynamic_task_mapping_with_no_taskflow_operators.py took 0.076 seconds
[2024-07-02T19:21:28.797+0000] {processor.py:161} INFO - Started process (PID=10634) to work on /usr/local/python/3.10.13/lib/python3.10/site-packages/airflow/example_dags/example_dynamic_task_mapping_with_no_taskflow_operators.py
[2024-07-02T19:21:28.798+0000] {processor.py:830} INFO - Processing file /usr/local/python/3.10.13/lib/python3.10/site-packages/airflow/example_dags/example_dynamic_task_mapping_with_no_taskflow_operators.py for tasks to queue
[2024-07-02T19:21:28.799+0000] {logging_mixin.py:188} INFO - [2024-07-02T19:21:28.798+0000] {dagbag.py:545} INFO - Filling up the DagBag from /usr/local/python/3.10.13/lib/python3.10/site-packages/airflow/example_dags/example_dynamic_task_mapping_with_no_taskflow_operators.py
[2024-07-02T19:21:28.804+0000] {processor.py:840} INFO - DAG(s) 'example_dynamic_task_mapping_with_no_taskflow_operators' retrieved from /usr/local/python/3.10.13/lib/python3.10/site-packages/airflow/example_dags/example_dynamic_task_mapping_with_no_taskflow_operators.py
[2024-07-02T19:21:28.814+0000] {logging_mixin.py:188} INFO - [2024-07-02T19:21:28.814+0000] {dag.py:3096} INFO - Sync 1 DAGs
[2024-07-02T19:21:28.830+0000] {logging_mixin.py:188} INFO - [2024-07-02T19:21:28.829+0000] {dag.py:3954} INFO - Setting next_dagrun for example_dynamic_task_mapping_with_no_taskflow_operators to 2024-07-01 00:00:00+00:00, run_after=2024-07-02 00:00:00+00:00
[2024-07-02T19:21:28.871+0000] {processor.py:183} INFO - Processing /usr/local/python/3.10.13/lib/python3.10/site-packages/airflow/example_dags/example_dynamic_task_mapping_with_no_taskflow_operators.py took 0.078 seconds
[2024-07-02T19:22:37.416+0000] {processor.py:161} INFO - Started process (PID=11158) to work on /usr/local/python/3.10.13/lib/python3.10/site-packages/airflow/example_dags/example_dynamic_task_mapping_with_no_taskflow_operators.py
[2024-07-02T19:22:37.417+0000] {processor.py:830} INFO - Processing file /usr/local/python/3.10.13/lib/python3.10/site-packages/airflow/example_dags/example_dynamic_task_mapping_with_no_taskflow_operators.py for tasks to queue
[2024-07-02T19:22:37.417+0000] {logging_mixin.py:188} INFO - [2024-07-02T19:22:37.417+0000] {dagbag.py:545} INFO - Filling up the DagBag from /usr/local/python/3.10.13/lib/python3.10/site-packages/airflow/example_dags/example_dynamic_task_mapping_with_no_taskflow_operators.py
[2024-07-02T19:22:37.422+0000] {processor.py:840} INFO - DAG(s) 'example_dynamic_task_mapping_with_no_taskflow_operators' retrieved from /usr/local/python/3.10.13/lib/python3.10/site-packages/airflow/example_dags/example_dynamic_task_mapping_with_no_taskflow_operators.py
[2024-07-02T19:22:37.433+0000] {logging_mixin.py:188} INFO - [2024-07-02T19:22:37.433+0000] {dag.py:3096} INFO - Sync 1 DAGs
[2024-07-02T19:22:37.448+0000] {logging_mixin.py:188} INFO - [2024-07-02T19:22:37.447+0000] {dag.py:3954} INFO - Setting next_dagrun for example_dynamic_task_mapping_with_no_taskflow_operators to 2024-07-01 00:00:00+00:00, run_after=2024-07-02 00:00:00+00:00
[2024-07-02T19:22:37.488+0000] {processor.py:183} INFO - Processing /usr/local/python/3.10.13/lib/python3.10/site-packages/airflow/example_dags/example_dynamic_task_mapping_with_no_taskflow_operators.py took 0.077 seconds
[2024-07-02T19:23:38.598+0000] {processor.py:161} INFO - Started process (PID=11625) to work on /usr/local/python/3.10.13/lib/python3.10/site-packages/airflow/example_dags/example_dynamic_task_mapping_with_no_taskflow_operators.py
[2024-07-02T19:23:38.599+0000] {processor.py:830} INFO - Processing file /usr/local/python/3.10.13/lib/python3.10/site-packages/airflow/example_dags/example_dynamic_task_mapping_with_no_taskflow_operators.py for tasks to queue
[2024-07-02T19:23:38.599+0000] {logging_mixin.py:188} INFO - [2024-07-02T19:23:38.599+0000] {dagbag.py:545} INFO - Filling up the DagBag from /usr/local/python/3.10.13/lib/python3.10/site-packages/airflow/example_dags/example_dynamic_task_mapping_with_no_taskflow_operators.py
[2024-07-02T19:23:38.604+0000] {processor.py:840} INFO - DAG(s) 'example_dynamic_task_mapping_with_no_taskflow_operators' retrieved from /usr/local/python/3.10.13/lib/python3.10/site-packages/airflow/example_dags/example_dynamic_task_mapping_with_no_taskflow_operators.py
[2024-07-02T19:23:38.615+0000] {logging_mixin.py:188} INFO - [2024-07-02T19:23:38.615+0000] {dag.py:3096} INFO - Sync 1 DAGs
[2024-07-02T19:23:38.630+0000] {logging_mixin.py:188} INFO - [2024-07-02T19:23:38.630+0000] {dag.py:3954} INFO - Setting next_dagrun for example_dynamic_task_mapping_with_no_taskflow_operators to 2024-07-01 00:00:00+00:00, run_after=2024-07-02 00:00:00+00:00
[2024-07-02T19:23:38.675+0000] {processor.py:183} INFO - Processing /usr/local/python/3.10.13/lib/python3.10/site-packages/airflow/example_dags/example_dynamic_task_mapping_with_no_taskflow_operators.py took 0.081 seconds
[2024-07-02T19:24:43.245+0000] {processor.py:161} INFO - Started process (PID=12098) to work on /usr/local/python/3.10.13/lib/python3.10/site-packages/airflow/example_dags/example_dynamic_task_mapping_with_no_taskflow_operators.py
[2024-07-02T19:24:43.246+0000] {processor.py:830} INFO - Processing file /usr/local/python/3.10.13/lib/python3.10/site-packages/airflow/example_dags/example_dynamic_task_mapping_with_no_taskflow_operators.py for tasks to queue
[2024-07-02T19:24:43.246+0000] {logging_mixin.py:188} INFO - [2024-07-02T19:24:43.246+0000] {dagbag.py:545} INFO - Filling up the DagBag from /usr/local/python/3.10.13/lib/python3.10/site-packages/airflow/example_dags/example_dynamic_task_mapping_with_no_taskflow_operators.py
[2024-07-02T19:24:43.251+0000] {processor.py:840} INFO - DAG(s) 'example_dynamic_task_mapping_with_no_taskflow_operators' retrieved from /usr/local/python/3.10.13/lib/python3.10/site-packages/airflow/example_dags/example_dynamic_task_mapping_with_no_taskflow_operators.py
[2024-07-02T19:24:43.262+0000] {logging_mixin.py:188} INFO - [2024-07-02T19:24:43.262+0000] {dag.py:3096} INFO - Sync 1 DAGs
[2024-07-02T19:24:43.276+0000] {logging_mixin.py:188} INFO - [2024-07-02T19:24:43.276+0000] {dag.py:3954} INFO - Setting next_dagrun for example_dynamic_task_mapping_with_no_taskflow_operators to 2024-07-01 00:00:00+00:00, run_after=2024-07-02 00:00:00+00:00
[2024-07-02T19:24:43.318+0000] {processor.py:183} INFO - Processing /usr/local/python/3.10.13/lib/python3.10/site-packages/airflow/example_dags/example_dynamic_task_mapping_with_no_taskflow_operators.py took 0.078 seconds
[2024-07-02T19:25:48.184+0000] {processor.py:161} INFO - Started process (PID=12608) to work on /usr/local/python/3.10.13/lib/python3.10/site-packages/airflow/example_dags/example_dynamic_task_mapping_with_no_taskflow_operators.py
[2024-07-02T19:25:48.185+0000] {processor.py:830} INFO - Processing file /usr/local/python/3.10.13/lib/python3.10/site-packages/airflow/example_dags/example_dynamic_task_mapping_with_no_taskflow_operators.py for tasks to queue
[2024-07-02T19:25:48.186+0000] {logging_mixin.py:188} INFO - [2024-07-02T19:25:48.185+0000] {dagbag.py:545} INFO - Filling up the DagBag from /usr/local/python/3.10.13/lib/python3.10/site-packages/airflow/example_dags/example_dynamic_task_mapping_with_no_taskflow_operators.py
[2024-07-02T19:25:48.190+0000] {processor.py:840} INFO - DAG(s) 'example_dynamic_task_mapping_with_no_taskflow_operators' retrieved from /usr/local/python/3.10.13/lib/python3.10/site-packages/airflow/example_dags/example_dynamic_task_mapping_with_no_taskflow_operators.py
[2024-07-02T19:25:48.201+0000] {logging_mixin.py:188} INFO - [2024-07-02T19:25:48.201+0000] {dag.py:3096} INFO - Sync 1 DAGs
[2024-07-02T19:25:48.215+0000] {logging_mixin.py:188} INFO - [2024-07-02T19:25:48.215+0000] {dag.py:3954} INFO - Setting next_dagrun for example_dynamic_task_mapping_with_no_taskflow_operators to 2024-07-01 00:00:00+00:00, run_after=2024-07-02 00:00:00+00:00
[2024-07-02T19:25:48.259+0000] {processor.py:183} INFO - Processing /usr/local/python/3.10.13/lib/python3.10/site-packages/airflow/example_dags/example_dynamic_task_mapping_with_no_taskflow_operators.py took 0.079 seconds
[2024-07-02T19:26:54.103+0000] {processor.py:161} INFO - Started process (PID=13102) to work on /usr/local/python/3.10.13/lib/python3.10/site-packages/airflow/example_dags/example_dynamic_task_mapping_with_no_taskflow_operators.py
[2024-07-02T19:26:54.103+0000] {processor.py:830} INFO - Processing file /usr/local/python/3.10.13/lib/python3.10/site-packages/airflow/example_dags/example_dynamic_task_mapping_with_no_taskflow_operators.py for tasks to queue
[2024-07-02T19:26:54.104+0000] {logging_mixin.py:188} INFO - [2024-07-02T19:26:54.104+0000] {dagbag.py:545} INFO - Filling up the DagBag from /usr/local/python/3.10.13/lib/python3.10/site-packages/airflow/example_dags/example_dynamic_task_mapping_with_no_taskflow_operators.py
[2024-07-02T19:26:54.109+0000] {processor.py:840} INFO - DAG(s) 'example_dynamic_task_mapping_with_no_taskflow_operators' retrieved from /usr/local/python/3.10.13/lib/python3.10/site-packages/airflow/example_dags/example_dynamic_task_mapping_with_no_taskflow_operators.py
[2024-07-02T19:26:54.119+0000] {logging_mixin.py:188} INFO - [2024-07-02T19:26:54.119+0000] {dag.py:3096} INFO - Sync 1 DAGs
[2024-07-02T19:26:54.134+0000] {logging_mixin.py:188} INFO - [2024-07-02T19:26:54.134+0000] {dag.py:3954} INFO - Setting next_dagrun for example_dynamic_task_mapping_with_no_taskflow_operators to 2024-07-01 00:00:00+00:00, run_after=2024-07-02 00:00:00+00:00
[2024-07-02T19:26:54.178+0000] {processor.py:183} INFO - Processing /usr/local/python/3.10.13/lib/python3.10/site-packages/airflow/example_dags/example_dynamic_task_mapping_with_no_taskflow_operators.py took 0.080 seconds
[2024-07-02T19:27:57.102+0000] {processor.py:161} INFO - Started process (PID=13637) to work on /usr/local/python/3.10.13/lib/python3.10/site-packages/airflow/example_dags/example_dynamic_task_mapping_with_no_taskflow_operators.py
[2024-07-02T19:27:57.103+0000] {processor.py:830} INFO - Processing file /usr/local/python/3.10.13/lib/python3.10/site-packages/airflow/example_dags/example_dynamic_task_mapping_with_no_taskflow_operators.py for tasks to queue
[2024-07-02T19:27:57.104+0000] {logging_mixin.py:188} INFO - [2024-07-02T19:27:57.103+0000] {dagbag.py:545} INFO - Filling up the DagBag from /usr/local/python/3.10.13/lib/python3.10/site-packages/airflow/example_dags/example_dynamic_task_mapping_with_no_taskflow_operators.py
[2024-07-02T19:27:57.109+0000] {processor.py:840} INFO - DAG(s) 'example_dynamic_task_mapping_with_no_taskflow_operators' retrieved from /usr/local/python/3.10.13/lib/python3.10/site-packages/airflow/example_dags/example_dynamic_task_mapping_with_no_taskflow_operators.py
[2024-07-02T19:27:57.119+0000] {logging_mixin.py:188} INFO - [2024-07-02T19:27:57.119+0000] {dag.py:3096} INFO - Sync 1 DAGs
[2024-07-02T19:27:57.134+0000] {logging_mixin.py:188} INFO - [2024-07-02T19:27:57.134+0000] {dag.py:3954} INFO - Setting next_dagrun for example_dynamic_task_mapping_with_no_taskflow_operators to 2024-07-01 00:00:00+00:00, run_after=2024-07-02 00:00:00+00:00
[2024-07-02T19:27:57.173+0000] {processor.py:183} INFO - Processing /usr/local/python/3.10.13/lib/python3.10/site-packages/airflow/example_dags/example_dynamic_task_mapping_with_no_taskflow_operators.py took 0.075 seconds
[2024-07-02T19:29:03.266+0000] {processor.py:161} INFO - Started process (PID=14263) to work on /usr/local/python/3.10.13/lib/python3.10/site-packages/airflow/example_dags/example_dynamic_task_mapping_with_no_taskflow_operators.py
[2024-07-02T19:29:03.267+0000] {processor.py:830} INFO - Processing file /usr/local/python/3.10.13/lib/python3.10/site-packages/airflow/example_dags/example_dynamic_task_mapping_with_no_taskflow_operators.py for tasks to queue
[2024-07-02T19:29:03.267+0000] {logging_mixin.py:188} INFO - [2024-07-02T19:29:03.267+0000] {dagbag.py:545} INFO - Filling up the DagBag from /usr/local/python/3.10.13/lib/python3.10/site-packages/airflow/example_dags/example_dynamic_task_mapping_with_no_taskflow_operators.py
[2024-07-02T19:29:03.272+0000] {processor.py:840} INFO - DAG(s) 'example_dynamic_task_mapping_with_no_taskflow_operators' retrieved from /usr/local/python/3.10.13/lib/python3.10/site-packages/airflow/example_dags/example_dynamic_task_mapping_with_no_taskflow_operators.py
[2024-07-02T19:29:03.283+0000] {logging_mixin.py:188} INFO - [2024-07-02T19:29:03.283+0000] {dag.py:3096} INFO - Sync 1 DAGs
[2024-07-02T19:29:03.297+0000] {logging_mixin.py:188} INFO - [2024-07-02T19:29:03.297+0000] {dag.py:3954} INFO - Setting next_dagrun for example_dynamic_task_mapping_with_no_taskflow_operators to 2024-07-01 00:00:00+00:00, run_after=2024-07-02 00:00:00+00:00
[2024-07-02T19:29:03.341+0000] {processor.py:183} INFO - Processing /usr/local/python/3.10.13/lib/python3.10/site-packages/airflow/example_dags/example_dynamic_task_mapping_with_no_taskflow_operators.py took 0.080 seconds
[2024-07-02T19:30:12.729+0000] {processor.py:161} INFO - Started process (PID=14828) to work on /usr/local/python/3.10.13/lib/python3.10/site-packages/airflow/example_dags/example_dynamic_task_mapping_with_no_taskflow_operators.py
[2024-07-02T19:30:12.730+0000] {processor.py:830} INFO - Processing file /usr/local/python/3.10.13/lib/python3.10/site-packages/airflow/example_dags/example_dynamic_task_mapping_with_no_taskflow_operators.py for tasks to queue
[2024-07-02T19:30:12.731+0000] {logging_mixin.py:188} INFO - [2024-07-02T19:30:12.731+0000] {dagbag.py:545} INFO - Filling up the DagBag from /usr/local/python/3.10.13/lib/python3.10/site-packages/airflow/example_dags/example_dynamic_task_mapping_with_no_taskflow_operators.py
[2024-07-02T19:30:12.736+0000] {processor.py:840} INFO - DAG(s) 'example_dynamic_task_mapping_with_no_taskflow_operators' retrieved from /usr/local/python/3.10.13/lib/python3.10/site-packages/airflow/example_dags/example_dynamic_task_mapping_with_no_taskflow_operators.py
[2024-07-02T19:30:12.746+0000] {logging_mixin.py:188} INFO - [2024-07-02T19:30:12.746+0000] {dag.py:3096} INFO - Sync 1 DAGs
[2024-07-02T19:30:12.761+0000] {logging_mixin.py:188} INFO - [2024-07-02T19:30:12.760+0000] {dag.py:3954} INFO - Setting next_dagrun for example_dynamic_task_mapping_with_no_taskflow_operators to 2024-07-01 00:00:00+00:00, run_after=2024-07-02 00:00:00+00:00
[2024-07-02T19:30:12.802+0000] {processor.py:183} INFO - Processing /usr/local/python/3.10.13/lib/python3.10/site-packages/airflow/example_dags/example_dynamic_task_mapping_with_no_taskflow_operators.py took 0.077 seconds
[2024-07-02T19:31:23.130+0000] {processor.py:161} INFO - Started process (PID=15374) to work on /usr/local/python/3.10.13/lib/python3.10/site-packages/airflow/example_dags/example_dynamic_task_mapping_with_no_taskflow_operators.py
[2024-07-02T19:31:23.131+0000] {processor.py:830} INFO - Processing file /usr/local/python/3.10.13/lib/python3.10/site-packages/airflow/example_dags/example_dynamic_task_mapping_with_no_taskflow_operators.py for tasks to queue
[2024-07-02T19:31:23.132+0000] {logging_mixin.py:188} INFO - [2024-07-02T19:31:23.131+0000] {dagbag.py:545} INFO - Filling up the DagBag from /usr/local/python/3.10.13/lib/python3.10/site-packages/airflow/example_dags/example_dynamic_task_mapping_with_no_taskflow_operators.py
[2024-07-02T19:31:23.136+0000] {processor.py:840} INFO - DAG(s) 'example_dynamic_task_mapping_with_no_taskflow_operators' retrieved from /usr/local/python/3.10.13/lib/python3.10/site-packages/airflow/example_dags/example_dynamic_task_mapping_with_no_taskflow_operators.py
[2024-07-02T19:31:23.147+0000] {logging_mixin.py:188} INFO - [2024-07-02T19:31:23.147+0000] {dag.py:3096} INFO - Sync 1 DAGs
[2024-07-02T19:31:23.161+0000] {logging_mixin.py:188} INFO - [2024-07-02T19:31:23.161+0000] {dag.py:3954} INFO - Setting next_dagrun for example_dynamic_task_mapping_with_no_taskflow_operators to 2024-07-01 00:00:00+00:00, run_after=2024-07-02 00:00:00+00:00
[2024-07-02T19:31:23.201+0000] {processor.py:183} INFO - Processing /usr/local/python/3.10.13/lib/python3.10/site-packages/airflow/example_dags/example_dynamic_task_mapping_with_no_taskflow_operators.py took 0.077 seconds
[2024-07-02T19:32:32.637+0000] {processor.py:161} INFO - Started process (PID=15882) to work on /usr/local/python/3.10.13/lib/python3.10/site-packages/airflow/example_dags/example_dynamic_task_mapping_with_no_taskflow_operators.py
[2024-07-02T19:32:32.638+0000] {processor.py:830} INFO - Processing file /usr/local/python/3.10.13/lib/python3.10/site-packages/airflow/example_dags/example_dynamic_task_mapping_with_no_taskflow_operators.py for tasks to queue
[2024-07-02T19:32:32.639+0000] {logging_mixin.py:188} INFO - [2024-07-02T19:32:32.639+0000] {dagbag.py:545} INFO - Filling up the DagBag from /usr/local/python/3.10.13/lib/python3.10/site-packages/airflow/example_dags/example_dynamic_task_mapping_with_no_taskflow_operators.py
[2024-07-02T19:32:32.644+0000] {processor.py:840} INFO - DAG(s) 'example_dynamic_task_mapping_with_no_taskflow_operators' retrieved from /usr/local/python/3.10.13/lib/python3.10/site-packages/airflow/example_dags/example_dynamic_task_mapping_with_no_taskflow_operators.py
[2024-07-02T19:32:32.654+0000] {logging_mixin.py:188} INFO - [2024-07-02T19:32:32.654+0000] {dag.py:3096} INFO - Sync 1 DAGs
[2024-07-02T19:32:32.669+0000] {logging_mixin.py:188} INFO - [2024-07-02T19:32:32.668+0000] {dag.py:3954} INFO - Setting next_dagrun for example_dynamic_task_mapping_with_no_taskflow_operators to 2024-07-01 00:00:00+00:00, run_after=2024-07-02 00:00:00+00:00
[2024-07-02T19:32:32.708+0000] {processor.py:183} INFO - Processing /usr/local/python/3.10.13/lib/python3.10/site-packages/airflow/example_dags/example_dynamic_task_mapping_with_no_taskflow_operators.py took 0.075 seconds
[2024-07-02T19:33:37.254+0000] {processor.py:161} INFO - Started process (PID=16457) to work on /usr/local/python/3.10.13/lib/python3.10/site-packages/airflow/example_dags/example_dynamic_task_mapping_with_no_taskflow_operators.py
[2024-07-02T19:33:37.255+0000] {processor.py:830} INFO - Processing file /usr/local/python/3.10.13/lib/python3.10/site-packages/airflow/example_dags/example_dynamic_task_mapping_with_no_taskflow_operators.py for tasks to queue
[2024-07-02T19:33:37.256+0000] {logging_mixin.py:188} INFO - [2024-07-02T19:33:37.255+0000] {dagbag.py:545} INFO - Filling up the DagBag from /usr/local/python/3.10.13/lib/python3.10/site-packages/airflow/example_dags/example_dynamic_task_mapping_with_no_taskflow_operators.py
[2024-07-02T19:33:37.260+0000] {processor.py:840} INFO - DAG(s) 'example_dynamic_task_mapping_with_no_taskflow_operators' retrieved from /usr/local/python/3.10.13/lib/python3.10/site-packages/airflow/example_dags/example_dynamic_task_mapping_with_no_taskflow_operators.py
[2024-07-02T19:33:37.271+0000] {logging_mixin.py:188} INFO - [2024-07-02T19:33:37.271+0000] {dag.py:3096} INFO - Sync 1 DAGs
[2024-07-02T19:33:37.285+0000] {logging_mixin.py:188} INFO - [2024-07-02T19:33:37.285+0000] {dag.py:3954} INFO - Setting next_dagrun for example_dynamic_task_mapping_with_no_taskflow_operators to 2024-07-01 00:00:00+00:00, run_after=2024-07-02 00:00:00+00:00
[2024-07-02T19:33:37.324+0000] {processor.py:183} INFO - Processing /usr/local/python/3.10.13/lib/python3.10/site-packages/airflow/example_dags/example_dynamic_task_mapping_with_no_taskflow_operators.py took 0.074 seconds
[2024-07-02T19:34:46.852+0000] {processor.py:161} INFO - Started process (PID=17022) to work on /usr/local/python/3.10.13/lib/python3.10/site-packages/airflow/example_dags/example_dynamic_task_mapping_with_no_taskflow_operators.py
[2024-07-02T19:34:46.853+0000] {processor.py:830} INFO - Processing file /usr/local/python/3.10.13/lib/python3.10/site-packages/airflow/example_dags/example_dynamic_task_mapping_with_no_taskflow_operators.py for tasks to queue
[2024-07-02T19:34:46.854+0000] {logging_mixin.py:188} INFO - [2024-07-02T19:34:46.853+0000] {dagbag.py:545} INFO - Filling up the DagBag from /usr/local/python/3.10.13/lib/python3.10/site-packages/airflow/example_dags/example_dynamic_task_mapping_with_no_taskflow_operators.py
[2024-07-02T19:34:46.859+0000] {processor.py:840} INFO - DAG(s) 'example_dynamic_task_mapping_with_no_taskflow_operators' retrieved from /usr/local/python/3.10.13/lib/python3.10/site-packages/airflow/example_dags/example_dynamic_task_mapping_with_no_taskflow_operators.py
[2024-07-02T19:34:46.870+0000] {logging_mixin.py:188} INFO - [2024-07-02T19:34:46.870+0000] {dag.py:3096} INFO - Sync 1 DAGs
[2024-07-02T19:34:46.884+0000] {logging_mixin.py:188} INFO - [2024-07-02T19:34:46.884+0000] {dag.py:3954} INFO - Setting next_dagrun for example_dynamic_task_mapping_with_no_taskflow_operators to 2024-07-01 00:00:00+00:00, run_after=2024-07-02 00:00:00+00:00
[2024-07-02T19:34:46.925+0000] {processor.py:183} INFO - Processing /usr/local/python/3.10.13/lib/python3.10/site-packages/airflow/example_dags/example_dynamic_task_mapping_with_no_taskflow_operators.py took 0.077 seconds
[2024-07-02T19:35:55.345+0000] {processor.py:161} INFO - Started process (PID=17636) to work on /usr/local/python/3.10.13/lib/python3.10/site-packages/airflow/example_dags/example_dynamic_task_mapping_with_no_taskflow_operators.py
[2024-07-02T19:35:55.346+0000] {processor.py:830} INFO - Processing file /usr/local/python/3.10.13/lib/python3.10/site-packages/airflow/example_dags/example_dynamic_task_mapping_with_no_taskflow_operators.py for tasks to queue
[2024-07-02T19:35:55.347+0000] {logging_mixin.py:188} INFO - [2024-07-02T19:35:55.346+0000] {dagbag.py:545} INFO - Filling up the DagBag from /usr/local/python/3.10.13/lib/python3.10/site-packages/airflow/example_dags/example_dynamic_task_mapping_with_no_taskflow_operators.py
[2024-07-02T19:35:55.354+0000] {processor.py:840} INFO - DAG(s) 'example_dynamic_task_mapping_with_no_taskflow_operators' retrieved from /usr/local/python/3.10.13/lib/python3.10/site-packages/airflow/example_dags/example_dynamic_task_mapping_with_no_taskflow_operators.py
[2024-07-02T19:35:55.370+0000] {logging_mixin.py:188} INFO - [2024-07-02T19:35:55.369+0000] {dag.py:3096} INFO - Sync 1 DAGs
[2024-07-02T19:35:55.392+0000] {logging_mixin.py:188} INFO - [2024-07-02T19:35:55.392+0000] {dag.py:3954} INFO - Setting next_dagrun for example_dynamic_task_mapping_with_no_taskflow_operators to 2024-07-01 00:00:00+00:00, run_after=2024-07-02 00:00:00+00:00
[2024-07-02T19:35:55.434+0000] {processor.py:183} INFO - Processing /usr/local/python/3.10.13/lib/python3.10/site-packages/airflow/example_dags/example_dynamic_task_mapping_with_no_taskflow_operators.py took 0.096 seconds
[2024-07-02T19:36:54.998+0000] {processor.py:161} INFO - Started process (PID=18071) to work on /usr/local/python/3.10.13/lib/python3.10/site-packages/airflow/example_dags/example_dynamic_task_mapping_with_no_taskflow_operators.py
[2024-07-02T19:36:54.998+0000] {processor.py:830} INFO - Processing file /usr/local/python/3.10.13/lib/python3.10/site-packages/airflow/example_dags/example_dynamic_task_mapping_with_no_taskflow_operators.py for tasks to queue
[2024-07-02T19:36:54.999+0000] {logging_mixin.py:188} INFO - [2024-07-02T19:36:54.999+0000] {dagbag.py:545} INFO - Filling up the DagBag from /usr/local/python/3.10.13/lib/python3.10/site-packages/airflow/example_dags/example_dynamic_task_mapping_with_no_taskflow_operators.py
[2024-07-02T19:36:55.004+0000] {processor.py:840} INFO - DAG(s) 'example_dynamic_task_mapping_with_no_taskflow_operators' retrieved from /usr/local/python/3.10.13/lib/python3.10/site-packages/airflow/example_dags/example_dynamic_task_mapping_with_no_taskflow_operators.py
[2024-07-02T19:36:55.016+0000] {logging_mixin.py:188} INFO - [2024-07-02T19:36:55.016+0000] {dag.py:3096} INFO - Sync 1 DAGs
[2024-07-02T19:36:55.031+0000] {logging_mixin.py:188} INFO - [2024-07-02T19:36:55.031+0000] {dag.py:3954} INFO - Setting next_dagrun for example_dynamic_task_mapping_with_no_taskflow_operators to 2024-07-01 00:00:00+00:00, run_after=2024-07-02 00:00:00+00:00
[2024-07-02T19:36:55.071+0000] {processor.py:183} INFO - Processing /usr/local/python/3.10.13/lib/python3.10/site-packages/airflow/example_dags/example_dynamic_task_mapping_with_no_taskflow_operators.py took 0.078 seconds
[2024-07-02T19:38:00.419+0000] {processor.py:161} INFO - Started process (PID=18550) to work on /usr/local/python/3.10.13/lib/python3.10/site-packages/airflow/example_dags/example_dynamic_task_mapping_with_no_taskflow_operators.py
[2024-07-02T19:38:00.420+0000] {processor.py:830} INFO - Processing file /usr/local/python/3.10.13/lib/python3.10/site-packages/airflow/example_dags/example_dynamic_task_mapping_with_no_taskflow_operators.py for tasks to queue
[2024-07-02T19:38:00.420+0000] {logging_mixin.py:188} INFO - [2024-07-02T19:38:00.420+0000] {dagbag.py:545} INFO - Filling up the DagBag from /usr/local/python/3.10.13/lib/python3.10/site-packages/airflow/example_dags/example_dynamic_task_mapping_with_no_taskflow_operators.py
[2024-07-02T19:38:00.426+0000] {processor.py:840} INFO - DAG(s) 'example_dynamic_task_mapping_with_no_taskflow_operators' retrieved from /usr/local/python/3.10.13/lib/python3.10/site-packages/airflow/example_dags/example_dynamic_task_mapping_with_no_taskflow_operators.py
[2024-07-02T19:38:00.436+0000] {logging_mixin.py:188} INFO - [2024-07-02T19:38:00.436+0000] {dag.py:3096} INFO - Sync 1 DAGs
[2024-07-02T19:38:00.451+0000] {logging_mixin.py:188} INFO - [2024-07-02T19:38:00.451+0000] {dag.py:3954} INFO - Setting next_dagrun for example_dynamic_task_mapping_with_no_taskflow_operators to 2024-07-01 00:00:00+00:00, run_after=2024-07-02 00:00:00+00:00
[2024-07-02T19:38:00.492+0000] {processor.py:183} INFO - Processing /usr/local/python/3.10.13/lib/python3.10/site-packages/airflow/example_dags/example_dynamic_task_mapping_with_no_taskflow_operators.py took 0.078 seconds
[2024-07-02T19:39:04.549+0000] {processor.py:161} INFO - Started process (PID=19004) to work on /usr/local/python/3.10.13/lib/python3.10/site-packages/airflow/example_dags/example_dynamic_task_mapping_with_no_taskflow_operators.py
[2024-07-02T19:39:04.549+0000] {processor.py:830} INFO - Processing file /usr/local/python/3.10.13/lib/python3.10/site-packages/airflow/example_dags/example_dynamic_task_mapping_with_no_taskflow_operators.py for tasks to queue
[2024-07-02T19:39:04.550+0000] {logging_mixin.py:188} INFO - [2024-07-02T19:39:04.550+0000] {dagbag.py:545} INFO - Filling up the DagBag from /usr/local/python/3.10.13/lib/python3.10/site-packages/airflow/example_dags/example_dynamic_task_mapping_with_no_taskflow_operators.py
[2024-07-02T19:39:04.556+0000] {processor.py:840} INFO - DAG(s) 'example_dynamic_task_mapping_with_no_taskflow_operators' retrieved from /usr/local/python/3.10.13/lib/python3.10/site-packages/airflow/example_dags/example_dynamic_task_mapping_with_no_taskflow_operators.py
[2024-07-02T19:39:04.567+0000] {logging_mixin.py:188} INFO - [2024-07-02T19:39:04.566+0000] {dag.py:3096} INFO - Sync 1 DAGs
[2024-07-02T19:39:04.586+0000] {logging_mixin.py:188} INFO - [2024-07-02T19:39:04.586+0000] {dag.py:3954} INFO - Setting next_dagrun for example_dynamic_task_mapping_with_no_taskflow_operators to 2024-07-01 00:00:00+00:00, run_after=2024-07-02 00:00:00+00:00
[2024-07-02T19:39:04.627+0000] {processor.py:183} INFO - Processing /usr/local/python/3.10.13/lib/python3.10/site-packages/airflow/example_dags/example_dynamic_task_mapping_with_no_taskflow_operators.py took 0.085 seconds
[2024-07-02T19:40:19.695+0000] {processor.py:161} INFO - Started process (PID=19568) to work on /usr/local/python/3.10.13/lib/python3.10/site-packages/airflow/example_dags/example_dynamic_task_mapping_with_no_taskflow_operators.py
[2024-07-02T19:40:19.696+0000] {processor.py:830} INFO - Processing file /usr/local/python/3.10.13/lib/python3.10/site-packages/airflow/example_dags/example_dynamic_task_mapping_with_no_taskflow_operators.py for tasks to queue
[2024-07-02T19:40:19.697+0000] {logging_mixin.py:188} INFO - [2024-07-02T19:40:19.696+0000] {dagbag.py:545} INFO - Filling up the DagBag from /usr/local/python/3.10.13/lib/python3.10/site-packages/airflow/example_dags/example_dynamic_task_mapping_with_no_taskflow_operators.py
[2024-07-02T19:40:19.702+0000] {processor.py:840} INFO - DAG(s) 'example_dynamic_task_mapping_with_no_taskflow_operators' retrieved from /usr/local/python/3.10.13/lib/python3.10/site-packages/airflow/example_dags/example_dynamic_task_mapping_with_no_taskflow_operators.py
[2024-07-02T19:40:19.712+0000] {logging_mixin.py:188} INFO - [2024-07-02T19:40:19.712+0000] {dag.py:3096} INFO - Sync 1 DAGs
[2024-07-02T19:40:19.727+0000] {logging_mixin.py:188} INFO - [2024-07-02T19:40:19.727+0000] {dag.py:3954} INFO - Setting next_dagrun for example_dynamic_task_mapping_with_no_taskflow_operators to 2024-07-01 00:00:00+00:00, run_after=2024-07-02 00:00:00+00:00
[2024-07-02T19:40:19.765+0000] {processor.py:183} INFO - Processing /usr/local/python/3.10.13/lib/python3.10/site-packages/airflow/example_dags/example_dynamic_task_mapping_with_no_taskflow_operators.py took 0.074 seconds
[2024-07-02T19:41:12.950+0000] {processor.py:161} INFO - Started process (PID=19983) to work on /usr/local/python/3.10.13/lib/python3.10/site-packages/airflow/example_dags/example_dynamic_task_mapping_with_no_taskflow_operators.py
[2024-07-02T19:41:12.950+0000] {processor.py:830} INFO - Processing file /usr/local/python/3.10.13/lib/python3.10/site-packages/airflow/example_dags/example_dynamic_task_mapping_with_no_taskflow_operators.py for tasks to queue
[2024-07-02T19:41:12.951+0000] {logging_mixin.py:188} INFO - [2024-07-02T19:41:12.951+0000] {dagbag.py:545} INFO - Filling up the DagBag from /usr/local/python/3.10.13/lib/python3.10/site-packages/airflow/example_dags/example_dynamic_task_mapping_with_no_taskflow_operators.py
[2024-07-02T19:41:12.956+0000] {processor.py:840} INFO - DAG(s) 'example_dynamic_task_mapping_with_no_taskflow_operators' retrieved from /usr/local/python/3.10.13/lib/python3.10/site-packages/airflow/example_dags/example_dynamic_task_mapping_with_no_taskflow_operators.py
[2024-07-02T19:41:12.967+0000] {logging_mixin.py:188} INFO - [2024-07-02T19:41:12.966+0000] {dag.py:3096} INFO - Sync 1 DAGs
[2024-07-02T19:41:12.982+0000] {logging_mixin.py:188} INFO - [2024-07-02T19:41:12.982+0000] {dag.py:3954} INFO - Setting next_dagrun for example_dynamic_task_mapping_with_no_taskflow_operators to 2024-07-01 00:00:00+00:00, run_after=2024-07-02 00:00:00+00:00
[2024-07-02T19:41:13.022+0000] {processor.py:183} INFO - Processing /usr/local/python/3.10.13/lib/python3.10/site-packages/airflow/example_dags/example_dynamic_task_mapping_with_no_taskflow_operators.py took 0.077 seconds
[2024-07-02T19:42:14.817+0000] {processor.py:161} INFO - Started process (PID=20459) to work on /usr/local/python/3.10.13/lib/python3.10/site-packages/airflow/example_dags/example_dynamic_task_mapping_with_no_taskflow_operators.py
[2024-07-02T19:42:14.817+0000] {processor.py:830} INFO - Processing file /usr/local/python/3.10.13/lib/python3.10/site-packages/airflow/example_dags/example_dynamic_task_mapping_with_no_taskflow_operators.py for tasks to queue
[2024-07-02T19:42:14.818+0000] {logging_mixin.py:188} INFO - [2024-07-02T19:42:14.818+0000] {dagbag.py:545} INFO - Filling up the DagBag from /usr/local/python/3.10.13/lib/python3.10/site-packages/airflow/example_dags/example_dynamic_task_mapping_with_no_taskflow_operators.py
[2024-07-02T19:42:14.823+0000] {processor.py:840} INFO - DAG(s) 'example_dynamic_task_mapping_with_no_taskflow_operators' retrieved from /usr/local/python/3.10.13/lib/python3.10/site-packages/airflow/example_dags/example_dynamic_task_mapping_with_no_taskflow_operators.py
[2024-07-02T19:42:14.840+0000] {logging_mixin.py:188} INFO - [2024-07-02T19:42:14.840+0000] {dag.py:3096} INFO - Sync 1 DAGs
[2024-07-02T19:42:14.856+0000] {logging_mixin.py:188} INFO - [2024-07-02T19:42:14.855+0000] {dag.py:3954} INFO - Setting next_dagrun for example_dynamic_task_mapping_with_no_taskflow_operators to 2024-07-01 00:00:00+00:00, run_after=2024-07-02 00:00:00+00:00
[2024-07-02T19:42:14.894+0000] {processor.py:183} INFO - Processing /usr/local/python/3.10.13/lib/python3.10/site-packages/airflow/example_dags/example_dynamic_task_mapping_with_no_taskflow_operators.py took 0.082 seconds
[2024-07-02T19:43:26.034+0000] {processor.py:161} INFO - Started process (PID=21057) to work on /usr/local/python/3.10.13/lib/python3.10/site-packages/airflow/example_dags/example_dynamic_task_mapping_with_no_taskflow_operators.py
[2024-07-02T19:43:26.035+0000] {processor.py:830} INFO - Processing file /usr/local/python/3.10.13/lib/python3.10/site-packages/airflow/example_dags/example_dynamic_task_mapping_with_no_taskflow_operators.py for tasks to queue
[2024-07-02T19:43:26.035+0000] {logging_mixin.py:188} INFO - [2024-07-02T19:43:26.035+0000] {dagbag.py:545} INFO - Filling up the DagBag from /usr/local/python/3.10.13/lib/python3.10/site-packages/airflow/example_dags/example_dynamic_task_mapping_with_no_taskflow_operators.py
[2024-07-02T19:43:26.040+0000] {processor.py:840} INFO - DAG(s) 'example_dynamic_task_mapping_with_no_taskflow_operators' retrieved from /usr/local/python/3.10.13/lib/python3.10/site-packages/airflow/example_dags/example_dynamic_task_mapping_with_no_taskflow_operators.py
[2024-07-02T19:43:26.051+0000] {logging_mixin.py:188} INFO - [2024-07-02T19:43:26.051+0000] {dag.py:3096} INFO - Sync 1 DAGs
[2024-07-02T19:43:26.066+0000] {logging_mixin.py:188} INFO - [2024-07-02T19:43:26.066+0000] {dag.py:3954} INFO - Setting next_dagrun for example_dynamic_task_mapping_with_no_taskflow_operators to 2024-07-01 00:00:00+00:00, run_after=2024-07-02 00:00:00+00:00
[2024-07-02T19:43:26.108+0000] {processor.py:183} INFO - Processing /usr/local/python/3.10.13/lib/python3.10/site-packages/airflow/example_dags/example_dynamic_task_mapping_with_no_taskflow_operators.py took 0.079 seconds
[2024-07-02T19:44:18.915+0000] {processor.py:161} INFO - Started process (PID=21450) to work on /usr/local/python/3.10.13/lib/python3.10/site-packages/airflow/example_dags/example_dynamic_task_mapping_with_no_taskflow_operators.py
[2024-07-02T19:44:18.916+0000] {processor.py:830} INFO - Processing file /usr/local/python/3.10.13/lib/python3.10/site-packages/airflow/example_dags/example_dynamic_task_mapping_with_no_taskflow_operators.py for tasks to queue
[2024-07-02T19:44:18.917+0000] {logging_mixin.py:188} INFO - [2024-07-02T19:44:18.916+0000] {dagbag.py:545} INFO - Filling up the DagBag from /usr/local/python/3.10.13/lib/python3.10/site-packages/airflow/example_dags/example_dynamic_task_mapping_with_no_taskflow_operators.py
[2024-07-02T19:44:18.921+0000] {processor.py:840} INFO - DAG(s) 'example_dynamic_task_mapping_with_no_taskflow_operators' retrieved from /usr/local/python/3.10.13/lib/python3.10/site-packages/airflow/example_dags/example_dynamic_task_mapping_with_no_taskflow_operators.py
[2024-07-02T19:44:18.932+0000] {logging_mixin.py:188} INFO - [2024-07-02T19:44:18.932+0000] {dag.py:3096} INFO - Sync 1 DAGs
[2024-07-02T19:44:18.946+0000] {logging_mixin.py:188} INFO - [2024-07-02T19:44:18.946+0000] {dag.py:3954} INFO - Setting next_dagrun for example_dynamic_task_mapping_with_no_taskflow_operators to 2024-07-01 00:00:00+00:00, run_after=2024-07-02 00:00:00+00:00
[2024-07-02T19:44:18.986+0000] {processor.py:183} INFO - Processing /usr/local/python/3.10.13/lib/python3.10/site-packages/airflow/example_dags/example_dynamic_task_mapping_with_no_taskflow_operators.py took 0.075 seconds
[2024-07-02T19:45:21.168+0000] {processor.py:161} INFO - Started process (PID=21917) to work on /usr/local/python/3.10.13/lib/python3.10/site-packages/airflow/example_dags/example_dynamic_task_mapping_with_no_taskflow_operators.py
[2024-07-02T19:45:21.169+0000] {processor.py:830} INFO - Processing file /usr/local/python/3.10.13/lib/python3.10/site-packages/airflow/example_dags/example_dynamic_task_mapping_with_no_taskflow_operators.py for tasks to queue
[2024-07-02T19:45:21.169+0000] {logging_mixin.py:188} INFO - [2024-07-02T19:45:21.169+0000] {dagbag.py:545} INFO - Filling up the DagBag from /usr/local/python/3.10.13/lib/python3.10/site-packages/airflow/example_dags/example_dynamic_task_mapping_with_no_taskflow_operators.py
[2024-07-02T19:45:21.174+0000] {processor.py:840} INFO - DAG(s) 'example_dynamic_task_mapping_with_no_taskflow_operators' retrieved from /usr/local/python/3.10.13/lib/python3.10/site-packages/airflow/example_dags/example_dynamic_task_mapping_with_no_taskflow_operators.py
[2024-07-02T19:45:21.185+0000] {logging_mixin.py:188} INFO - [2024-07-02T19:45:21.185+0000] {dag.py:3096} INFO - Sync 1 DAGs
[2024-07-02T19:45:21.200+0000] {logging_mixin.py:188} INFO - [2024-07-02T19:45:21.200+0000] {dag.py:3954} INFO - Setting next_dagrun for example_dynamic_task_mapping_with_no_taskflow_operators to 2024-07-01 00:00:00+00:00, run_after=2024-07-02 00:00:00+00:00
[2024-07-02T19:45:21.241+0000] {processor.py:183} INFO - Processing /usr/local/python/3.10.13/lib/python3.10/site-packages/airflow/example_dags/example_dynamic_task_mapping_with_no_taskflow_operators.py took 0.077 seconds
[2024-07-02T19:46:24.447+0000] {processor.py:161} INFO - Started process (PID=22358) to work on /usr/local/python/3.10.13/lib/python3.10/site-packages/airflow/example_dags/example_dynamic_task_mapping_with_no_taskflow_operators.py
[2024-07-02T19:46:24.448+0000] {processor.py:830} INFO - Processing file /usr/local/python/3.10.13/lib/python3.10/site-packages/airflow/example_dags/example_dynamic_task_mapping_with_no_taskflow_operators.py for tasks to queue
[2024-07-02T19:46:24.449+0000] {logging_mixin.py:188} INFO - [2024-07-02T19:46:24.448+0000] {dagbag.py:545} INFO - Filling up the DagBag from /usr/local/python/3.10.13/lib/python3.10/site-packages/airflow/example_dags/example_dynamic_task_mapping_with_no_taskflow_operators.py
[2024-07-02T19:46:24.454+0000] {processor.py:840} INFO - DAG(s) 'example_dynamic_task_mapping_with_no_taskflow_operators' retrieved from /usr/local/python/3.10.13/lib/python3.10/site-packages/airflow/example_dags/example_dynamic_task_mapping_with_no_taskflow_operators.py
[2024-07-02T19:46:24.464+0000] {logging_mixin.py:188} INFO - [2024-07-02T19:46:24.464+0000] {dag.py:3096} INFO - Sync 1 DAGs
[2024-07-02T19:46:24.479+0000] {logging_mixin.py:188} INFO - [2024-07-02T19:46:24.479+0000] {dag.py:3954} INFO - Setting next_dagrun for example_dynamic_task_mapping_with_no_taskflow_operators to 2024-07-01 00:00:00+00:00, run_after=2024-07-02 00:00:00+00:00
[2024-07-02T19:46:24.518+0000] {processor.py:183} INFO - Processing /usr/local/python/3.10.13/lib/python3.10/site-packages/airflow/example_dags/example_dynamic_task_mapping_with_no_taskflow_operators.py took 0.076 seconds
[2024-07-02T19:47:36.730+0000] {processor.py:161} INFO - Started process (PID=22848) to work on /usr/local/python/3.10.13/lib/python3.10/site-packages/airflow/example_dags/example_dynamic_task_mapping_with_no_taskflow_operators.py
[2024-07-02T19:47:36.731+0000] {processor.py:830} INFO - Processing file /usr/local/python/3.10.13/lib/python3.10/site-packages/airflow/example_dags/example_dynamic_task_mapping_with_no_taskflow_operators.py for tasks to queue
[2024-07-02T19:47:36.731+0000] {logging_mixin.py:188} INFO - [2024-07-02T19:47:36.731+0000] {dagbag.py:545} INFO - Filling up the DagBag from /usr/local/python/3.10.13/lib/python3.10/site-packages/airflow/example_dags/example_dynamic_task_mapping_with_no_taskflow_operators.py
[2024-07-02T19:47:36.736+0000] {processor.py:840} INFO - DAG(s) 'example_dynamic_task_mapping_with_no_taskflow_operators' retrieved from /usr/local/python/3.10.13/lib/python3.10/site-packages/airflow/example_dags/example_dynamic_task_mapping_with_no_taskflow_operators.py
[2024-07-02T19:47:36.746+0000] {logging_mixin.py:188} INFO - [2024-07-02T19:47:36.746+0000] {dag.py:3096} INFO - Sync 1 DAGs
[2024-07-02T19:47:36.761+0000] {logging_mixin.py:188} INFO - [2024-07-02T19:47:36.761+0000] {dag.py:3954} INFO - Setting next_dagrun for example_dynamic_task_mapping_with_no_taskflow_operators to 2024-07-01 00:00:00+00:00, run_after=2024-07-02 00:00:00+00:00
[2024-07-02T19:47:36.802+0000] {processor.py:183} INFO - Processing /usr/local/python/3.10.13/lib/python3.10/site-packages/airflow/example_dags/example_dynamic_task_mapping_with_no_taskflow_operators.py took 0.077 seconds
[2024-07-02T19:48:38.012+0000] {processor.py:161} INFO - Started process (PID=23287) to work on /usr/local/python/3.10.13/lib/python3.10/site-packages/airflow/example_dags/example_dynamic_task_mapping_with_no_taskflow_operators.py
[2024-07-02T19:48:38.012+0000] {processor.py:830} INFO - Processing file /usr/local/python/3.10.13/lib/python3.10/site-packages/airflow/example_dags/example_dynamic_task_mapping_with_no_taskflow_operators.py for tasks to queue
[2024-07-02T19:48:38.013+0000] {logging_mixin.py:188} INFO - [2024-07-02T19:48:38.013+0000] {dagbag.py:545} INFO - Filling up the DagBag from /usr/local/python/3.10.13/lib/python3.10/site-packages/airflow/example_dags/example_dynamic_task_mapping_with_no_taskflow_operators.py
[2024-07-02T19:48:38.018+0000] {processor.py:840} INFO - DAG(s) 'example_dynamic_task_mapping_with_no_taskflow_operators' retrieved from /usr/local/python/3.10.13/lib/python3.10/site-packages/airflow/example_dags/example_dynamic_task_mapping_with_no_taskflow_operators.py
[2024-07-02T19:48:38.029+0000] {logging_mixin.py:188} INFO - [2024-07-02T19:48:38.029+0000] {dag.py:3096} INFO - Sync 1 DAGs
[2024-07-02T19:48:38.044+0000] {logging_mixin.py:188} INFO - [2024-07-02T19:48:38.044+0000] {dag.py:3954} INFO - Setting next_dagrun for example_dynamic_task_mapping_with_no_taskflow_operators to 2024-07-01 00:00:00+00:00, run_after=2024-07-02 00:00:00+00:00
[2024-07-02T19:48:38.085+0000] {processor.py:183} INFO - Processing /usr/local/python/3.10.13/lib/python3.10/site-packages/airflow/example_dags/example_dynamic_task_mapping_with_no_taskflow_operators.py took 0.078 seconds
[2024-07-02T19:49:45.055+0000] {processor.py:161} INFO - Started process (PID=23804) to work on /usr/local/python/3.10.13/lib/python3.10/site-packages/airflow/example_dags/example_dynamic_task_mapping_with_no_taskflow_operators.py
[2024-07-02T19:49:45.056+0000] {processor.py:830} INFO - Processing file /usr/local/python/3.10.13/lib/python3.10/site-packages/airflow/example_dags/example_dynamic_task_mapping_with_no_taskflow_operators.py for tasks to queue
[2024-07-02T19:49:45.056+0000] {logging_mixin.py:188} INFO - [2024-07-02T19:49:45.056+0000] {dagbag.py:545} INFO - Filling up the DagBag from /usr/local/python/3.10.13/lib/python3.10/site-packages/airflow/example_dags/example_dynamic_task_mapping_with_no_taskflow_operators.py
[2024-07-02T19:49:45.061+0000] {processor.py:840} INFO - DAG(s) 'example_dynamic_task_mapping_with_no_taskflow_operators' retrieved from /usr/local/python/3.10.13/lib/python3.10/site-packages/airflow/example_dags/example_dynamic_task_mapping_with_no_taskflow_operators.py
[2024-07-02T19:49:45.072+0000] {logging_mixin.py:188} INFO - [2024-07-02T19:49:45.072+0000] {dag.py:3096} INFO - Sync 1 DAGs
[2024-07-02T19:49:45.086+0000] {logging_mixin.py:188} INFO - [2024-07-02T19:49:45.086+0000] {dag.py:3954} INFO - Setting next_dagrun for example_dynamic_task_mapping_with_no_taskflow_operators to 2024-07-01 00:00:00+00:00, run_after=2024-07-02 00:00:00+00:00
[2024-07-02T19:49:45.128+0000] {processor.py:183} INFO - Processing /usr/local/python/3.10.13/lib/python3.10/site-packages/airflow/example_dags/example_dynamic_task_mapping_with_no_taskflow_operators.py took 0.077 seconds
[2024-07-02T19:50:51.494+0000] {processor.py:161} INFO - Started process (PID=24324) to work on /usr/local/python/3.10.13/lib/python3.10/site-packages/airflow/example_dags/example_dynamic_task_mapping_with_no_taskflow_operators.py
[2024-07-02T19:50:51.495+0000] {processor.py:830} INFO - Processing file /usr/local/python/3.10.13/lib/python3.10/site-packages/airflow/example_dags/example_dynamic_task_mapping_with_no_taskflow_operators.py for tasks to queue
[2024-07-02T19:50:51.496+0000] {logging_mixin.py:188} INFO - [2024-07-02T19:50:51.495+0000] {dagbag.py:545} INFO - Filling up the DagBag from /usr/local/python/3.10.13/lib/python3.10/site-packages/airflow/example_dags/example_dynamic_task_mapping_with_no_taskflow_operators.py
[2024-07-02T19:50:51.501+0000] {processor.py:840} INFO - DAG(s) 'example_dynamic_task_mapping_with_no_taskflow_operators' retrieved from /usr/local/python/3.10.13/lib/python3.10/site-packages/airflow/example_dags/example_dynamic_task_mapping_with_no_taskflow_operators.py
[2024-07-02T19:50:51.511+0000] {logging_mixin.py:188} INFO - [2024-07-02T19:50:51.511+0000] {dag.py:3096} INFO - Sync 1 DAGs
[2024-07-02T19:50:51.534+0000] {logging_mixin.py:188} INFO - [2024-07-02T19:50:51.534+0000] {dag.py:3954} INFO - Setting next_dagrun for example_dynamic_task_mapping_with_no_taskflow_operators to 2024-07-01 00:00:00+00:00, run_after=2024-07-02 00:00:00+00:00
[2024-07-02T19:50:51.580+0000] {processor.py:183} INFO - Processing /usr/local/python/3.10.13/lib/python3.10/site-packages/airflow/example_dags/example_dynamic_task_mapping_with_no_taskflow_operators.py took 0.090 seconds
[2024-07-02T19:51:58.949+0000] {processor.py:161} INFO - Started process (PID=24822) to work on /usr/local/python/3.10.13/lib/python3.10/site-packages/airflow/example_dags/example_dynamic_task_mapping_with_no_taskflow_operators.py
[2024-07-02T19:51:58.949+0000] {processor.py:830} INFO - Processing file /usr/local/python/3.10.13/lib/python3.10/site-packages/airflow/example_dags/example_dynamic_task_mapping_with_no_taskflow_operators.py for tasks to queue
[2024-07-02T19:51:58.950+0000] {logging_mixin.py:188} INFO - [2024-07-02T19:51:58.950+0000] {dagbag.py:545} INFO - Filling up the DagBag from /usr/local/python/3.10.13/lib/python3.10/site-packages/airflow/example_dags/example_dynamic_task_mapping_with_no_taskflow_operators.py
[2024-07-02T19:51:58.955+0000] {processor.py:840} INFO - DAG(s) 'example_dynamic_task_mapping_with_no_taskflow_operators' retrieved from /usr/local/python/3.10.13/lib/python3.10/site-packages/airflow/example_dags/example_dynamic_task_mapping_with_no_taskflow_operators.py
[2024-07-02T19:51:58.965+0000] {logging_mixin.py:188} INFO - [2024-07-02T19:51:58.965+0000] {dag.py:3096} INFO - Sync 1 DAGs
[2024-07-02T19:51:58.979+0000] {logging_mixin.py:188} INFO - [2024-07-02T19:51:58.979+0000] {dag.py:3954} INFO - Setting next_dagrun for example_dynamic_task_mapping_with_no_taskflow_operators to 2024-07-01 00:00:00+00:00, run_after=2024-07-02 00:00:00+00:00
[2024-07-02T19:51:59.020+0000] {processor.py:183} INFO - Processing /usr/local/python/3.10.13/lib/python3.10/site-packages/airflow/example_dags/example_dynamic_task_mapping_with_no_taskflow_operators.py took 0.077 seconds
[2024-07-02T19:53:06.332+0000] {processor.py:161} INFO - Started process (PID=25338) to work on /usr/local/python/3.10.13/lib/python3.10/site-packages/airflow/example_dags/example_dynamic_task_mapping_with_no_taskflow_operators.py
[2024-07-02T19:53:06.333+0000] {processor.py:830} INFO - Processing file /usr/local/python/3.10.13/lib/python3.10/site-packages/airflow/example_dags/example_dynamic_task_mapping_with_no_taskflow_operators.py for tasks to queue
[2024-07-02T19:53:06.333+0000] {logging_mixin.py:188} INFO - [2024-07-02T19:53:06.333+0000] {dagbag.py:545} INFO - Filling up the DagBag from /usr/local/python/3.10.13/lib/python3.10/site-packages/airflow/example_dags/example_dynamic_task_mapping_with_no_taskflow_operators.py
[2024-07-02T19:53:06.338+0000] {processor.py:840} INFO - DAG(s) 'example_dynamic_task_mapping_with_no_taskflow_operators' retrieved from /usr/local/python/3.10.13/lib/python3.10/site-packages/airflow/example_dags/example_dynamic_task_mapping_with_no_taskflow_operators.py
[2024-07-02T19:53:06.351+0000] {logging_mixin.py:188} INFO - [2024-07-02T19:53:06.350+0000] {dag.py:3096} INFO - Sync 1 DAGs
[2024-07-02T19:53:06.371+0000] {logging_mixin.py:188} INFO - [2024-07-02T19:53:06.371+0000] {dag.py:3954} INFO - Setting next_dagrun for example_dynamic_task_mapping_with_no_taskflow_operators to 2024-07-01 00:00:00+00:00, run_after=2024-07-02 00:00:00+00:00
[2024-07-02T19:53:06.421+0000] {processor.py:183} INFO - Processing /usr/local/python/3.10.13/lib/python3.10/site-packages/airflow/example_dags/example_dynamic_task_mapping_with_no_taskflow_operators.py took 0.094 seconds
[2024-07-02T19:54:11.755+0000] {processor.py:161} INFO - Started process (PID=25827) to work on /usr/local/python/3.10.13/lib/python3.10/site-packages/airflow/example_dags/example_dynamic_task_mapping_with_no_taskflow_operators.py
[2024-07-02T19:54:11.756+0000] {processor.py:830} INFO - Processing file /usr/local/python/3.10.13/lib/python3.10/site-packages/airflow/example_dags/example_dynamic_task_mapping_with_no_taskflow_operators.py for tasks to queue
[2024-07-02T19:54:11.756+0000] {logging_mixin.py:188} INFO - [2024-07-02T19:54:11.756+0000] {dagbag.py:545} INFO - Filling up the DagBag from /usr/local/python/3.10.13/lib/python3.10/site-packages/airflow/example_dags/example_dynamic_task_mapping_with_no_taskflow_operators.py
[2024-07-02T19:54:11.761+0000] {processor.py:840} INFO - DAG(s) 'example_dynamic_task_mapping_with_no_taskflow_operators' retrieved from /usr/local/python/3.10.13/lib/python3.10/site-packages/airflow/example_dags/example_dynamic_task_mapping_with_no_taskflow_operators.py
[2024-07-02T19:54:11.773+0000] {logging_mixin.py:188} INFO - [2024-07-02T19:54:11.772+0000] {dag.py:3096} INFO - Sync 1 DAGs
[2024-07-02T19:54:11.787+0000] {logging_mixin.py:188} INFO - [2024-07-02T19:54:11.787+0000] {dag.py:3954} INFO - Setting next_dagrun for example_dynamic_task_mapping_with_no_taskflow_operators to 2024-07-01 00:00:00+00:00, run_after=2024-07-02 00:00:00+00:00
[2024-07-02T19:54:11.838+0000] {processor.py:183} INFO - Processing /usr/local/python/3.10.13/lib/python3.10/site-packages/airflow/example_dags/example_dynamic_task_mapping_with_no_taskflow_operators.py took 0.088 seconds
[2024-07-02T19:55:16.488+0000] {processor.py:161} INFO - Started process (PID=26337) to work on /usr/local/python/3.10.13/lib/python3.10/site-packages/airflow/example_dags/example_dynamic_task_mapping_with_no_taskflow_operators.py
[2024-07-02T19:55:16.489+0000] {processor.py:830} INFO - Processing file /usr/local/python/3.10.13/lib/python3.10/site-packages/airflow/example_dags/example_dynamic_task_mapping_with_no_taskflow_operators.py for tasks to queue
[2024-07-02T19:55:16.489+0000] {logging_mixin.py:188} INFO - [2024-07-02T19:55:16.489+0000] {dagbag.py:545} INFO - Filling up the DagBag from /usr/local/python/3.10.13/lib/python3.10/site-packages/airflow/example_dags/example_dynamic_task_mapping_with_no_taskflow_operators.py
[2024-07-02T19:55:16.496+0000] {processor.py:840} INFO - DAG(s) 'example_dynamic_task_mapping_with_no_taskflow_operators' retrieved from /usr/local/python/3.10.13/lib/python3.10/site-packages/airflow/example_dags/example_dynamic_task_mapping_with_no_taskflow_operators.py
[2024-07-02T19:55:16.507+0000] {logging_mixin.py:188} INFO - [2024-07-02T19:55:16.506+0000] {dag.py:3096} INFO - Sync 1 DAGs
[2024-07-02T19:55:16.522+0000] {logging_mixin.py:188} INFO - [2024-07-02T19:55:16.521+0000] {dag.py:3954} INFO - Setting next_dagrun for example_dynamic_task_mapping_with_no_taskflow_operators to 2024-07-01 00:00:00+00:00, run_after=2024-07-02 00:00:00+00:00
[2024-07-02T19:55:16.561+0000] {processor.py:183} INFO - Processing /usr/local/python/3.10.13/lib/python3.10/site-packages/airflow/example_dags/example_dynamic_task_mapping_with_no_taskflow_operators.py took 0.080 seconds
[2024-07-02T19:56:24.058+0000] {processor.py:161} INFO - Started process (PID=26907) to work on /usr/local/python/3.10.13/lib/python3.10/site-packages/airflow/example_dags/example_dynamic_task_mapping_with_no_taskflow_operators.py
[2024-07-02T19:56:24.059+0000] {processor.py:830} INFO - Processing file /usr/local/python/3.10.13/lib/python3.10/site-packages/airflow/example_dags/example_dynamic_task_mapping_with_no_taskflow_operators.py for tasks to queue
[2024-07-02T19:56:24.059+0000] {logging_mixin.py:188} INFO - [2024-07-02T19:56:24.059+0000] {dagbag.py:545} INFO - Filling up the DagBag from /usr/local/python/3.10.13/lib/python3.10/site-packages/airflow/example_dags/example_dynamic_task_mapping_with_no_taskflow_operators.py
[2024-07-02T19:56:24.064+0000] {processor.py:840} INFO - DAG(s) 'example_dynamic_task_mapping_with_no_taskflow_operators' retrieved from /usr/local/python/3.10.13/lib/python3.10/site-packages/airflow/example_dags/example_dynamic_task_mapping_with_no_taskflow_operators.py
[2024-07-02T19:56:24.075+0000] {logging_mixin.py:188} INFO - [2024-07-02T19:56:24.075+0000] {dag.py:3096} INFO - Sync 1 DAGs
[2024-07-02T19:56:24.089+0000] {logging_mixin.py:188} INFO - [2024-07-02T19:56:24.089+0000] {dag.py:3954} INFO - Setting next_dagrun for example_dynamic_task_mapping_with_no_taskflow_operators to 2024-07-01 00:00:00+00:00, run_after=2024-07-02 00:00:00+00:00
[2024-07-02T19:56:24.130+0000] {processor.py:183} INFO - Processing /usr/local/python/3.10.13/lib/python3.10/site-packages/airflow/example_dags/example_dynamic_task_mapping_with_no_taskflow_operators.py took 0.077 seconds
