[2024-07-02T19:10:34.353+0000] {processor.py:161} INFO - Started process (PID=5679) to work on /usr/local/python/3.10.13/lib/python3.10/site-packages/airflow/example_dags/example_short_circuit_operator.py
[2024-07-02T19:10:34.354+0000] {processor.py:830} INFO - Processing file /usr/local/python/3.10.13/lib/python3.10/site-packages/airflow/example_dags/example_short_circuit_operator.py for tasks to queue
[2024-07-02T19:10:34.355+0000] {logging_mixin.py:188} INFO - [2024-07-02T19:10:34.354+0000] {dagbag.py:545} INFO - Filling up the DagBag from /usr/local/python/3.10.13/lib/python3.10/site-packages/airflow/example_dags/example_short_circuit_operator.py
[2024-07-02T19:10:34.362+0000] {processor.py:840} INFO - DAG(s) 'example_short_circuit_operator' retrieved from /usr/local/python/3.10.13/lib/python3.10/site-packages/airflow/example_dags/example_short_circuit_operator.py
[2024-07-02T19:10:34.569+0000] {logging_mixin.py:188} INFO - [2024-07-02T19:10:34.568+0000] {override.py:1829} INFO - Created Permission View: can edit on DAG:example_short_circuit_operator
[2024-07-02T19:10:34.601+0000] {logging_mixin.py:188} INFO - [2024-07-02T19:10:34.601+0000] {override.py:1829} INFO - Created Permission View: can read on DAG:example_short_circuit_operator
[2024-07-02T19:10:34.630+0000] {logging_mixin.py:188} INFO - [2024-07-02T19:10:34.630+0000] {override.py:1829} INFO - Created Permission View: can delete on DAG:example_short_circuit_operator
[2024-07-02T19:10:34.631+0000] {logging_mixin.py:188} INFO - [2024-07-02T19:10:34.630+0000] {dag.py:3096} INFO - Sync 1 DAGs
[2024-07-02T19:10:34.639+0000] {logging_mixin.py:188} INFO - [2024-07-02T19:10:34.638+0000] {dag.py:3118} INFO - Creating ORM DAG for example_short_circuit_operator
[2024-07-02T19:10:34.645+0000] {logging_mixin.py:188} INFO - [2024-07-02T19:10:34.645+0000] {dag.py:3954} INFO - Setting next_dagrun for example_short_circuit_operator to 2024-07-01 00:00:00+00:00, run_after=2024-07-02 00:00:00+00:00
[2024-07-02T19:10:34.688+0000] {processor.py:183} INFO - Processing /usr/local/python/3.10.13/lib/python3.10/site-packages/airflow/example_dags/example_short_circuit_operator.py took 0.339 seconds
[2024-07-02T19:11:35.394+0000] {processor.py:161} INFO - Started process (PID=6129) to work on /usr/local/python/3.10.13/lib/python3.10/site-packages/airflow/example_dags/example_short_circuit_operator.py
[2024-07-02T19:11:35.395+0000] {processor.py:830} INFO - Processing file /usr/local/python/3.10.13/lib/python3.10/site-packages/airflow/example_dags/example_short_circuit_operator.py for tasks to queue
[2024-07-02T19:11:35.396+0000] {logging_mixin.py:188} INFO - [2024-07-02T19:11:35.396+0000] {dagbag.py:545} INFO - Filling up the DagBag from /usr/local/python/3.10.13/lib/python3.10/site-packages/airflow/example_dags/example_short_circuit_operator.py
[2024-07-02T19:11:35.402+0000] {processor.py:840} INFO - DAG(s) 'example_short_circuit_operator' retrieved from /usr/local/python/3.10.13/lib/python3.10/site-packages/airflow/example_dags/example_short_circuit_operator.py
[2024-07-02T19:11:35.416+0000] {logging_mixin.py:188} INFO - [2024-07-02T19:11:35.416+0000] {dag.py:3096} INFO - Sync 1 DAGs
[2024-07-02T19:11:35.432+0000] {logging_mixin.py:188} INFO - [2024-07-02T19:11:35.432+0000] {dag.py:3954} INFO - Setting next_dagrun for example_short_circuit_operator to 2024-07-01 00:00:00+00:00, run_after=2024-07-02 00:00:00+00:00
[2024-07-02T19:11:35.478+0000] {processor.py:183} INFO - Processing /usr/local/python/3.10.13/lib/python3.10/site-packages/airflow/example_dags/example_short_circuit_operator.py took 0.088 seconds
[2024-07-02T19:12:25.738+0000] {processor.py:161} INFO - Started process (PID=6517) to work on /usr/local/python/3.10.13/lib/python3.10/site-packages/airflow/example_dags/example_short_circuit_operator.py
[2024-07-02T19:12:25.739+0000] {processor.py:830} INFO - Processing file /usr/local/python/3.10.13/lib/python3.10/site-packages/airflow/example_dags/example_short_circuit_operator.py for tasks to queue
[2024-07-02T19:12:25.740+0000] {logging_mixin.py:188} INFO - [2024-07-02T19:12:25.740+0000] {dagbag.py:545} INFO - Filling up the DagBag from /usr/local/python/3.10.13/lib/python3.10/site-packages/airflow/example_dags/example_short_circuit_operator.py
[2024-07-02T19:12:25.746+0000] {processor.py:840} INFO - DAG(s) 'example_short_circuit_operator' retrieved from /usr/local/python/3.10.13/lib/python3.10/site-packages/airflow/example_dags/example_short_circuit_operator.py
[2024-07-02T19:12:25.760+0000] {logging_mixin.py:188} INFO - [2024-07-02T19:12:25.760+0000] {dag.py:3096} INFO - Sync 1 DAGs
[2024-07-02T19:12:25.774+0000] {logging_mixin.py:188} INFO - [2024-07-02T19:12:25.774+0000] {dag.py:3954} INFO - Setting next_dagrun for example_short_circuit_operator to 2024-07-01 00:00:00+00:00, run_after=2024-07-02 00:00:00+00:00
[2024-07-02T19:12:25.837+0000] {processor.py:183} INFO - Processing /usr/local/python/3.10.13/lib/python3.10/site-packages/airflow/example_dags/example_short_circuit_operator.py took 0.103 seconds
[2024-07-02T19:13:14.743+0000] {processor.py:161} INFO - Started process (PID=6894) to work on /usr/local/python/3.10.13/lib/python3.10/site-packages/airflow/example_dags/example_short_circuit_operator.py
[2024-07-02T19:13:14.743+0000] {processor.py:830} INFO - Processing file /usr/local/python/3.10.13/lib/python3.10/site-packages/airflow/example_dags/example_short_circuit_operator.py for tasks to queue
[2024-07-02T19:13:14.744+0000] {logging_mixin.py:188} INFO - [2024-07-02T19:13:14.744+0000] {dagbag.py:545} INFO - Filling up the DagBag from /usr/local/python/3.10.13/lib/python3.10/site-packages/airflow/example_dags/example_short_circuit_operator.py
[2024-07-02T19:13:14.750+0000] {processor.py:840} INFO - DAG(s) 'example_short_circuit_operator' retrieved from /usr/local/python/3.10.13/lib/python3.10/site-packages/airflow/example_dags/example_short_circuit_operator.py
[2024-07-02T19:13:14.765+0000] {logging_mixin.py:188} INFO - [2024-07-02T19:13:14.764+0000] {dag.py:3096} INFO - Sync 1 DAGs
[2024-07-02T19:13:14.779+0000] {logging_mixin.py:188} INFO - [2024-07-02T19:13:14.779+0000] {dag.py:3954} INFO - Setting next_dagrun for example_short_circuit_operator to 2024-07-01 00:00:00+00:00, run_after=2024-07-02 00:00:00+00:00
[2024-07-02T19:13:14.819+0000] {processor.py:183} INFO - Processing /usr/local/python/3.10.13/lib/python3.10/site-packages/airflow/example_dags/example_short_circuit_operator.py took 0.081 seconds
[2024-07-02T19:13:56.525+0000] {processor.py:161} INFO - Started process (PID=7215) to work on /usr/local/python/3.10.13/lib/python3.10/site-packages/airflow/example_dags/example_short_circuit_operator.py
[2024-07-02T19:13:56.526+0000] {processor.py:830} INFO - Processing file /usr/local/python/3.10.13/lib/python3.10/site-packages/airflow/example_dags/example_short_circuit_operator.py for tasks to queue
[2024-07-02T19:13:56.527+0000] {logging_mixin.py:188} INFO - [2024-07-02T19:13:56.527+0000] {dagbag.py:545} INFO - Filling up the DagBag from /usr/local/python/3.10.13/lib/python3.10/site-packages/airflow/example_dags/example_short_circuit_operator.py
[2024-07-02T19:13:56.533+0000] {processor.py:840} INFO - DAG(s) 'example_short_circuit_operator' retrieved from /usr/local/python/3.10.13/lib/python3.10/site-packages/airflow/example_dags/example_short_circuit_operator.py
[2024-07-02T19:13:56.547+0000] {logging_mixin.py:188} INFO - [2024-07-02T19:13:56.547+0000] {dag.py:3096} INFO - Sync 1 DAGs
[2024-07-02T19:13:56.561+0000] {logging_mixin.py:188} INFO - [2024-07-02T19:13:56.561+0000] {dag.py:3954} INFO - Setting next_dagrun for example_short_circuit_operator to 2024-07-01 00:00:00+00:00, run_after=2024-07-02 00:00:00+00:00
[2024-07-02T19:13:56.602+0000] {processor.py:183} INFO - Processing /usr/local/python/3.10.13/lib/python3.10/site-packages/airflow/example_dags/example_short_circuit_operator.py took 0.084 seconds
[2024-07-02T19:14:37.659+0000] {processor.py:161} INFO - Started process (PID=7519) to work on /usr/local/python/3.10.13/lib/python3.10/site-packages/airflow/example_dags/example_short_circuit_operator.py
[2024-07-02T19:14:37.660+0000] {processor.py:830} INFO - Processing file /usr/local/python/3.10.13/lib/python3.10/site-packages/airflow/example_dags/example_short_circuit_operator.py for tasks to queue
[2024-07-02T19:14:37.662+0000] {logging_mixin.py:188} INFO - [2024-07-02T19:14:37.661+0000] {dagbag.py:545} INFO - Filling up the DagBag from /usr/local/python/3.10.13/lib/python3.10/site-packages/airflow/example_dags/example_short_circuit_operator.py
[2024-07-02T19:14:37.667+0000] {processor.py:840} INFO - DAG(s) 'example_short_circuit_operator' retrieved from /usr/local/python/3.10.13/lib/python3.10/site-packages/airflow/example_dags/example_short_circuit_operator.py
[2024-07-02T19:14:37.681+0000] {logging_mixin.py:188} INFO - [2024-07-02T19:14:37.681+0000] {dag.py:3096} INFO - Sync 1 DAGs
[2024-07-02T19:14:37.696+0000] {logging_mixin.py:188} INFO - [2024-07-02T19:14:37.695+0000] {dag.py:3954} INFO - Setting next_dagrun for example_short_circuit_operator to 2024-07-01 00:00:00+00:00, run_after=2024-07-02 00:00:00+00:00
[2024-07-02T19:14:37.735+0000] {processor.py:183} INFO - Processing /usr/local/python/3.10.13/lib/python3.10/site-packages/airflow/example_dags/example_short_circuit_operator.py took 0.080 seconds
[2024-07-02T19:15:20.616+0000] {processor.py:161} INFO - Started process (PID=7845) to work on /usr/local/python/3.10.13/lib/python3.10/site-packages/airflow/example_dags/example_short_circuit_operator.py
[2024-07-02T19:15:20.616+0000] {processor.py:830} INFO - Processing file /usr/local/python/3.10.13/lib/python3.10/site-packages/airflow/example_dags/example_short_circuit_operator.py for tasks to queue
[2024-07-02T19:15:20.617+0000] {logging_mixin.py:188} INFO - [2024-07-02T19:15:20.617+0000] {dagbag.py:545} INFO - Filling up the DagBag from /usr/local/python/3.10.13/lib/python3.10/site-packages/airflow/example_dags/example_short_circuit_operator.py
[2024-07-02T19:15:20.624+0000] {processor.py:840} INFO - DAG(s) 'example_short_circuit_operator' retrieved from /usr/local/python/3.10.13/lib/python3.10/site-packages/airflow/example_dags/example_short_circuit_operator.py
[2024-07-02T19:15:20.638+0000] {logging_mixin.py:188} INFO - [2024-07-02T19:15:20.638+0000] {dag.py:3096} INFO - Sync 1 DAGs
[2024-07-02T19:15:20.652+0000] {logging_mixin.py:188} INFO - [2024-07-02T19:15:20.652+0000] {dag.py:3954} INFO - Setting next_dagrun for example_short_circuit_operator to 2024-07-01 00:00:00+00:00, run_after=2024-07-02 00:00:00+00:00
[2024-07-02T19:15:20.692+0000] {processor.py:183} INFO - Processing /usr/local/python/3.10.13/lib/python3.10/site-packages/airflow/example_dags/example_short_circuit_operator.py took 0.080 seconds
[2024-07-02T19:16:02.340+0000] {processor.py:161} INFO - Started process (PID=8166) to work on /usr/local/python/3.10.13/lib/python3.10/site-packages/airflow/example_dags/example_short_circuit_operator.py
[2024-07-02T19:16:02.340+0000] {processor.py:830} INFO - Processing file /usr/local/python/3.10.13/lib/python3.10/site-packages/airflow/example_dags/example_short_circuit_operator.py for tasks to queue
[2024-07-02T19:16:02.341+0000] {logging_mixin.py:188} INFO - [2024-07-02T19:16:02.341+0000] {dagbag.py:545} INFO - Filling up the DagBag from /usr/local/python/3.10.13/lib/python3.10/site-packages/airflow/example_dags/example_short_circuit_operator.py
[2024-07-02T19:16:02.347+0000] {processor.py:840} INFO - DAG(s) 'example_short_circuit_operator' retrieved from /usr/local/python/3.10.13/lib/python3.10/site-packages/airflow/example_dags/example_short_circuit_operator.py
[2024-07-02T19:16:02.361+0000] {logging_mixin.py:188} INFO - [2024-07-02T19:16:02.361+0000] {dag.py:3096} INFO - Sync 1 DAGs
[2024-07-02T19:16:02.376+0000] {logging_mixin.py:188} INFO - [2024-07-02T19:16:02.376+0000] {dag.py:3954} INFO - Setting next_dagrun for example_short_circuit_operator to 2024-07-01 00:00:00+00:00, run_after=2024-07-02 00:00:00+00:00
[2024-07-02T19:16:02.427+0000] {processor.py:183} INFO - Processing /usr/local/python/3.10.13/lib/python3.10/site-packages/airflow/example_dags/example_short_circuit_operator.py took 0.092 seconds
[2024-07-02T19:16:47.934+0000] {processor.py:161} INFO - Started process (PID=8523) to work on /usr/local/python/3.10.13/lib/python3.10/site-packages/airflow/example_dags/example_short_circuit_operator.py
[2024-07-02T19:16:47.935+0000] {processor.py:830} INFO - Processing file /usr/local/python/3.10.13/lib/python3.10/site-packages/airflow/example_dags/example_short_circuit_operator.py for tasks to queue
[2024-07-02T19:16:47.936+0000] {logging_mixin.py:188} INFO - [2024-07-02T19:16:47.935+0000] {dagbag.py:545} INFO - Filling up the DagBag from /usr/local/python/3.10.13/lib/python3.10/site-packages/airflow/example_dags/example_short_circuit_operator.py
[2024-07-02T19:16:47.942+0000] {processor.py:840} INFO - DAG(s) 'example_short_circuit_operator' retrieved from /usr/local/python/3.10.13/lib/python3.10/site-packages/airflow/example_dags/example_short_circuit_operator.py
[2024-07-02T19:16:47.956+0000] {logging_mixin.py:188} INFO - [2024-07-02T19:16:47.956+0000] {dag.py:3096} INFO - Sync 1 DAGs
[2024-07-02T19:16:47.970+0000] {logging_mixin.py:188} INFO - [2024-07-02T19:16:47.970+0000] {dag.py:3954} INFO - Setting next_dagrun for example_short_circuit_operator to 2024-07-01 00:00:00+00:00, run_after=2024-07-02 00:00:00+00:00
[2024-07-02T19:16:48.038+0000] {processor.py:183} INFO - Processing /usr/local/python/3.10.13/lib/python3.10/site-packages/airflow/example_dags/example_short_circuit_operator.py took 0.108 seconds
[2024-07-02T19:17:35.559+0000] {processor.py:161} INFO - Started process (PID=8863) to work on /usr/local/python/3.10.13/lib/python3.10/site-packages/airflow/example_dags/example_short_circuit_operator.py
[2024-07-02T19:17:35.560+0000] {processor.py:830} INFO - Processing file /usr/local/python/3.10.13/lib/python3.10/site-packages/airflow/example_dags/example_short_circuit_operator.py for tasks to queue
[2024-07-02T19:17:35.560+0000] {logging_mixin.py:188} INFO - [2024-07-02T19:17:35.560+0000] {dagbag.py:545} INFO - Filling up the DagBag from /usr/local/python/3.10.13/lib/python3.10/site-packages/airflow/example_dags/example_short_circuit_operator.py
[2024-07-02T19:17:35.567+0000] {processor.py:840} INFO - DAG(s) 'example_short_circuit_operator' retrieved from /usr/local/python/3.10.13/lib/python3.10/site-packages/airflow/example_dags/example_short_circuit_operator.py
[2024-07-02T19:17:35.580+0000] {logging_mixin.py:188} INFO - [2024-07-02T19:17:35.580+0000] {dag.py:3096} INFO - Sync 1 DAGs
[2024-07-02T19:17:35.595+0000] {logging_mixin.py:188} INFO - [2024-07-02T19:17:35.595+0000] {dag.py:3954} INFO - Setting next_dagrun for example_short_circuit_operator to 2024-07-01 00:00:00+00:00, run_after=2024-07-02 00:00:00+00:00
[2024-07-02T19:17:35.635+0000] {processor.py:183} INFO - Processing /usr/local/python/3.10.13/lib/python3.10/site-packages/airflow/example_dags/example_short_circuit_operator.py took 0.080 seconds
[2024-07-02T19:18:18.516+0000] {processor.py:161} INFO - Started process (PID=9186) to work on /usr/local/python/3.10.13/lib/python3.10/site-packages/airflow/example_dags/example_short_circuit_operator.py
[2024-07-02T19:18:18.517+0000] {processor.py:830} INFO - Processing file /usr/local/python/3.10.13/lib/python3.10/site-packages/airflow/example_dags/example_short_circuit_operator.py for tasks to queue
[2024-07-02T19:18:18.518+0000] {logging_mixin.py:188} INFO - [2024-07-02T19:18:18.518+0000] {dagbag.py:545} INFO - Filling up the DagBag from /usr/local/python/3.10.13/lib/python3.10/site-packages/airflow/example_dags/example_short_circuit_operator.py
[2024-07-02T19:18:18.528+0000] {processor.py:840} INFO - DAG(s) 'example_short_circuit_operator' retrieved from /usr/local/python/3.10.13/lib/python3.10/site-packages/airflow/example_dags/example_short_circuit_operator.py
[2024-07-02T19:18:18.547+0000] {logging_mixin.py:188} INFO - [2024-07-02T19:18:18.547+0000] {dag.py:3096} INFO - Sync 1 DAGs
[2024-07-02T19:18:18.577+0000] {logging_mixin.py:188} INFO - [2024-07-02T19:18:18.576+0000] {dag.py:3954} INFO - Setting next_dagrun for example_short_circuit_operator to 2024-07-01 00:00:00+00:00, run_after=2024-07-02 00:00:00+00:00
[2024-07-02T19:18:18.621+0000] {processor.py:183} INFO - Processing /usr/local/python/3.10.13/lib/python3.10/site-packages/airflow/example_dags/example_short_circuit_operator.py took 0.111 seconds
[2024-07-02T19:19:21.564+0000] {processor.py:161} INFO - Started process (PID=9679) to work on /usr/local/python/3.10.13/lib/python3.10/site-packages/airflow/example_dags/example_short_circuit_operator.py
[2024-07-02T19:19:21.565+0000] {processor.py:830} INFO - Processing file /usr/local/python/3.10.13/lib/python3.10/site-packages/airflow/example_dags/example_short_circuit_operator.py for tasks to queue
[2024-07-02T19:19:21.566+0000] {logging_mixin.py:188} INFO - [2024-07-02T19:19:21.565+0000] {dagbag.py:545} INFO - Filling up the DagBag from /usr/local/python/3.10.13/lib/python3.10/site-packages/airflow/example_dags/example_short_circuit_operator.py
[2024-07-02T19:19:21.572+0000] {processor.py:840} INFO - DAG(s) 'example_short_circuit_operator' retrieved from /usr/local/python/3.10.13/lib/python3.10/site-packages/airflow/example_dags/example_short_circuit_operator.py
[2024-07-02T19:19:21.585+0000] {logging_mixin.py:188} INFO - [2024-07-02T19:19:21.585+0000] {dag.py:3096} INFO - Sync 1 DAGs
[2024-07-02T19:19:21.600+0000] {logging_mixin.py:188} INFO - [2024-07-02T19:19:21.600+0000] {dag.py:3954} INFO - Setting next_dagrun for example_short_circuit_operator to 2024-07-01 00:00:00+00:00, run_after=2024-07-02 00:00:00+00:00
[2024-07-02T19:19:21.639+0000] {processor.py:183} INFO - Processing /usr/local/python/3.10.13/lib/python3.10/site-packages/airflow/example_dags/example_short_circuit_operator.py took 0.079 seconds
[2024-07-02T19:20:07.697+0000] {processor.py:161} INFO - Started process (PID=10013) to work on /usr/local/python/3.10.13/lib/python3.10/site-packages/airflow/example_dags/example_short_circuit_operator.py
[2024-07-02T19:20:07.698+0000] {processor.py:830} INFO - Processing file /usr/local/python/3.10.13/lib/python3.10/site-packages/airflow/example_dags/example_short_circuit_operator.py for tasks to queue
[2024-07-02T19:20:07.699+0000] {logging_mixin.py:188} INFO - [2024-07-02T19:20:07.699+0000] {dagbag.py:545} INFO - Filling up the DagBag from /usr/local/python/3.10.13/lib/python3.10/site-packages/airflow/example_dags/example_short_circuit_operator.py
[2024-07-02T19:20:07.709+0000] {processor.py:840} INFO - DAG(s) 'example_short_circuit_operator' retrieved from /usr/local/python/3.10.13/lib/python3.10/site-packages/airflow/example_dags/example_short_circuit_operator.py
[2024-07-02T19:20:07.726+0000] {logging_mixin.py:188} INFO - [2024-07-02T19:20:07.726+0000] {dag.py:3096} INFO - Sync 1 DAGs
[2024-07-02T19:20:07.745+0000] {logging_mixin.py:188} INFO - [2024-07-02T19:20:07.745+0000] {dag.py:3954} INFO - Setting next_dagrun for example_short_circuit_operator to 2024-07-01 00:00:00+00:00, run_after=2024-07-02 00:00:00+00:00
[2024-07-02T19:20:07.785+0000] {processor.py:183} INFO - Processing /usr/local/python/3.10.13/lib/python3.10/site-packages/airflow/example_dags/example_short_circuit_operator.py took 0.094 seconds
[2024-07-02T19:20:55.457+0000] {processor.py:161} INFO - Started process (PID=10380) to work on /usr/local/python/3.10.13/lib/python3.10/site-packages/airflow/example_dags/example_short_circuit_operator.py
[2024-07-02T19:20:55.458+0000] {processor.py:830} INFO - Processing file /usr/local/python/3.10.13/lib/python3.10/site-packages/airflow/example_dags/example_short_circuit_operator.py for tasks to queue
[2024-07-02T19:20:55.458+0000] {logging_mixin.py:188} INFO - [2024-07-02T19:20:55.458+0000] {dagbag.py:545} INFO - Filling up the DagBag from /usr/local/python/3.10.13/lib/python3.10/site-packages/airflow/example_dags/example_short_circuit_operator.py
[2024-07-02T19:20:55.464+0000] {processor.py:840} INFO - DAG(s) 'example_short_circuit_operator' retrieved from /usr/local/python/3.10.13/lib/python3.10/site-packages/airflow/example_dags/example_short_circuit_operator.py
[2024-07-02T19:20:55.478+0000] {logging_mixin.py:188} INFO - [2024-07-02T19:20:55.478+0000] {dag.py:3096} INFO - Sync 1 DAGs
[2024-07-02T19:20:55.493+0000] {logging_mixin.py:188} INFO - [2024-07-02T19:20:55.493+0000] {dag.py:3954} INFO - Setting next_dagrun for example_short_circuit_operator to 2024-07-01 00:00:00+00:00, run_after=2024-07-02 00:00:00+00:00
[2024-07-02T19:20:55.544+0000] {processor.py:183} INFO - Processing /usr/local/python/3.10.13/lib/python3.10/site-packages/airflow/example_dags/example_short_circuit_operator.py took 0.093 seconds
[2024-07-02T19:21:42.808+0000] {processor.py:161} INFO - Started process (PID=10749) to work on /usr/local/python/3.10.13/lib/python3.10/site-packages/airflow/example_dags/example_short_circuit_operator.py
[2024-07-02T19:21:42.808+0000] {processor.py:830} INFO - Processing file /usr/local/python/3.10.13/lib/python3.10/site-packages/airflow/example_dags/example_short_circuit_operator.py for tasks to queue
[2024-07-02T19:21:42.809+0000] {logging_mixin.py:188} INFO - [2024-07-02T19:21:42.809+0000] {dagbag.py:545} INFO - Filling up the DagBag from /usr/local/python/3.10.13/lib/python3.10/site-packages/airflow/example_dags/example_short_circuit_operator.py
[2024-07-02T19:21:42.815+0000] {processor.py:840} INFO - DAG(s) 'example_short_circuit_operator' retrieved from /usr/local/python/3.10.13/lib/python3.10/site-packages/airflow/example_dags/example_short_circuit_operator.py
[2024-07-02T19:21:42.829+0000] {logging_mixin.py:188} INFO - [2024-07-02T19:21:42.829+0000] {dag.py:3096} INFO - Sync 1 DAGs
[2024-07-02T19:21:42.844+0000] {logging_mixin.py:188} INFO - [2024-07-02T19:21:42.844+0000] {dag.py:3954} INFO - Setting next_dagrun for example_short_circuit_operator to 2024-07-01 00:00:00+00:00, run_after=2024-07-02 00:00:00+00:00
[2024-07-02T19:21:42.883+0000] {processor.py:183} INFO - Processing /usr/local/python/3.10.13/lib/python3.10/site-packages/airflow/example_dags/example_short_circuit_operator.py took 0.080 seconds
[2024-07-02T19:22:29.348+0000] {processor.py:161} INFO - Started process (PID=11094) to work on /usr/local/python/3.10.13/lib/python3.10/site-packages/airflow/example_dags/example_short_circuit_operator.py
[2024-07-02T19:22:29.348+0000] {processor.py:830} INFO - Processing file /usr/local/python/3.10.13/lib/python3.10/site-packages/airflow/example_dags/example_short_circuit_operator.py for tasks to queue
[2024-07-02T19:22:29.349+0000] {logging_mixin.py:188} INFO - [2024-07-02T19:22:29.349+0000] {dagbag.py:545} INFO - Filling up the DagBag from /usr/local/python/3.10.13/lib/python3.10/site-packages/airflow/example_dags/example_short_circuit_operator.py
[2024-07-02T19:22:29.356+0000] {processor.py:840} INFO - DAG(s) 'example_short_circuit_operator' retrieved from /usr/local/python/3.10.13/lib/python3.10/site-packages/airflow/example_dags/example_short_circuit_operator.py
[2024-07-02T19:22:29.370+0000] {logging_mixin.py:188} INFO - [2024-07-02T19:22:29.369+0000] {dag.py:3096} INFO - Sync 1 DAGs
[2024-07-02T19:22:29.384+0000] {logging_mixin.py:188} INFO - [2024-07-02T19:22:29.384+0000] {dag.py:3954} INFO - Setting next_dagrun for example_short_circuit_operator to 2024-07-01 00:00:00+00:00, run_after=2024-07-02 00:00:00+00:00
[2024-07-02T19:22:29.425+0000] {processor.py:183} INFO - Processing /usr/local/python/3.10.13/lib/python3.10/site-packages/airflow/example_dags/example_short_circuit_operator.py took 0.082 seconds
[2024-07-02T19:23:11.902+0000] {processor.py:161} INFO - Started process (PID=11418) to work on /usr/local/python/3.10.13/lib/python3.10/site-packages/airflow/example_dags/example_short_circuit_operator.py
[2024-07-02T19:23:11.903+0000] {processor.py:830} INFO - Processing file /usr/local/python/3.10.13/lib/python3.10/site-packages/airflow/example_dags/example_short_circuit_operator.py for tasks to queue
[2024-07-02T19:23:11.904+0000] {logging_mixin.py:188} INFO - [2024-07-02T19:23:11.903+0000] {dagbag.py:545} INFO - Filling up the DagBag from /usr/local/python/3.10.13/lib/python3.10/site-packages/airflow/example_dags/example_short_circuit_operator.py
[2024-07-02T19:23:11.910+0000] {processor.py:840} INFO - DAG(s) 'example_short_circuit_operator' retrieved from /usr/local/python/3.10.13/lib/python3.10/site-packages/airflow/example_dags/example_short_circuit_operator.py
[2024-07-02T19:23:11.938+0000] {logging_mixin.py:188} INFO - [2024-07-02T19:23:11.938+0000] {dag.py:3096} INFO - Sync 1 DAGs
[2024-07-02T19:23:11.963+0000] {logging_mixin.py:188} INFO - [2024-07-02T19:23:11.962+0000] {dag.py:3954} INFO - Setting next_dagrun for example_short_circuit_operator to 2024-07-01 00:00:00+00:00, run_after=2024-07-02 00:00:00+00:00
[2024-07-02T19:23:12.006+0000] {processor.py:183} INFO - Processing /usr/local/python/3.10.13/lib/python3.10/site-packages/airflow/example_dags/example_short_circuit_operator.py took 0.109 seconds
[2024-07-02T19:24:13.206+0000] {processor.py:161} INFO - Started process (PID=11880) to work on /usr/local/python/3.10.13/lib/python3.10/site-packages/airflow/example_dags/example_short_circuit_operator.py
[2024-07-02T19:24:13.207+0000] {processor.py:830} INFO - Processing file /usr/local/python/3.10.13/lib/python3.10/site-packages/airflow/example_dags/example_short_circuit_operator.py for tasks to queue
[2024-07-02T19:24:13.207+0000] {logging_mixin.py:188} INFO - [2024-07-02T19:24:13.207+0000] {dagbag.py:545} INFO - Filling up the DagBag from /usr/local/python/3.10.13/lib/python3.10/site-packages/airflow/example_dags/example_short_circuit_operator.py
[2024-07-02T19:24:13.213+0000] {processor.py:840} INFO - DAG(s) 'example_short_circuit_operator' retrieved from /usr/local/python/3.10.13/lib/python3.10/site-packages/airflow/example_dags/example_short_circuit_operator.py
[2024-07-02T19:24:13.227+0000] {logging_mixin.py:188} INFO - [2024-07-02T19:24:13.227+0000] {dag.py:3096} INFO - Sync 1 DAGs
[2024-07-02T19:24:13.242+0000] {logging_mixin.py:188} INFO - [2024-07-02T19:24:13.242+0000] {dag.py:3954} INFO - Setting next_dagrun for example_short_circuit_operator to 2024-07-01 00:00:00+00:00, run_after=2024-07-02 00:00:00+00:00
[2024-07-02T19:24:13.281+0000] {processor.py:183} INFO - Processing /usr/local/python/3.10.13/lib/python3.10/site-packages/airflow/example_dags/example_short_circuit_operator.py took 0.081 seconds
[2024-07-02T19:24:57.574+0000] {processor.py:161} INFO - Started process (PID=12222) to work on /usr/local/python/3.10.13/lib/python3.10/site-packages/airflow/example_dags/example_short_circuit_operator.py
[2024-07-02T19:24:57.574+0000] {processor.py:830} INFO - Processing file /usr/local/python/3.10.13/lib/python3.10/site-packages/airflow/example_dags/example_short_circuit_operator.py for tasks to queue
[2024-07-02T19:24:57.575+0000] {logging_mixin.py:188} INFO - [2024-07-02T19:24:57.575+0000] {dagbag.py:545} INFO - Filling up the DagBag from /usr/local/python/3.10.13/lib/python3.10/site-packages/airflow/example_dags/example_short_circuit_operator.py
[2024-07-02T19:24:57.581+0000] {processor.py:840} INFO - DAG(s) 'example_short_circuit_operator' retrieved from /usr/local/python/3.10.13/lib/python3.10/site-packages/airflow/example_dags/example_short_circuit_operator.py
[2024-07-02T19:24:57.595+0000] {logging_mixin.py:188} INFO - [2024-07-02T19:24:57.595+0000] {dag.py:3096} INFO - Sync 1 DAGs
[2024-07-02T19:24:57.609+0000] {logging_mixin.py:188} INFO - [2024-07-02T19:24:57.609+0000] {dag.py:3954} INFO - Setting next_dagrun for example_short_circuit_operator to 2024-07-01 00:00:00+00:00, run_after=2024-07-02 00:00:00+00:00
[2024-07-02T19:24:57.650+0000] {processor.py:183} INFO - Processing /usr/local/python/3.10.13/lib/python3.10/site-packages/airflow/example_dags/example_short_circuit_operator.py took 0.081 seconds
[2024-07-02T19:25:40.438+0000] {processor.py:161} INFO - Started process (PID=12544) to work on /usr/local/python/3.10.13/lib/python3.10/site-packages/airflow/example_dags/example_short_circuit_operator.py
[2024-07-02T19:25:40.438+0000] {processor.py:830} INFO - Processing file /usr/local/python/3.10.13/lib/python3.10/site-packages/airflow/example_dags/example_short_circuit_operator.py for tasks to queue
[2024-07-02T19:25:40.439+0000] {logging_mixin.py:188} INFO - [2024-07-02T19:25:40.439+0000] {dagbag.py:545} INFO - Filling up the DagBag from /usr/local/python/3.10.13/lib/python3.10/site-packages/airflow/example_dags/example_short_circuit_operator.py
[2024-07-02T19:25:40.449+0000] {processor.py:840} INFO - DAG(s) 'example_short_circuit_operator' retrieved from /usr/local/python/3.10.13/lib/python3.10/site-packages/airflow/example_dags/example_short_circuit_operator.py
[2024-07-02T19:25:40.467+0000] {logging_mixin.py:188} INFO - [2024-07-02T19:25:40.467+0000] {dag.py:3096} INFO - Sync 1 DAGs
[2024-07-02T19:25:40.482+0000] {logging_mixin.py:188} INFO - [2024-07-02T19:25:40.482+0000] {dag.py:3954} INFO - Setting next_dagrun for example_short_circuit_operator to 2024-07-01 00:00:00+00:00, run_after=2024-07-02 00:00:00+00:00
[2024-07-02T19:25:40.521+0000] {processor.py:183} INFO - Processing /usr/local/python/3.10.13/lib/python3.10/site-packages/airflow/example_dags/example_short_circuit_operator.py took 0.091 seconds
[2024-07-02T19:26:23.929+0000] {processor.py:161} INFO - Started process (PID=12872) to work on /usr/local/python/3.10.13/lib/python3.10/site-packages/airflow/example_dags/example_short_circuit_operator.py
[2024-07-02T19:26:23.929+0000] {processor.py:830} INFO - Processing file /usr/local/python/3.10.13/lib/python3.10/site-packages/airflow/example_dags/example_short_circuit_operator.py for tasks to queue
[2024-07-02T19:26:23.930+0000] {logging_mixin.py:188} INFO - [2024-07-02T19:26:23.930+0000] {dagbag.py:545} INFO - Filling up the DagBag from /usr/local/python/3.10.13/lib/python3.10/site-packages/airflow/example_dags/example_short_circuit_operator.py
[2024-07-02T19:26:23.936+0000] {processor.py:840} INFO - DAG(s) 'example_short_circuit_operator' retrieved from /usr/local/python/3.10.13/lib/python3.10/site-packages/airflow/example_dags/example_short_circuit_operator.py
[2024-07-02T19:26:23.951+0000] {logging_mixin.py:188} INFO - [2024-07-02T19:26:23.950+0000] {dag.py:3096} INFO - Sync 1 DAGs
[2024-07-02T19:26:23.965+0000] {logging_mixin.py:188} INFO - [2024-07-02T19:26:23.965+0000] {dag.py:3954} INFO - Setting next_dagrun for example_short_circuit_operator to 2024-07-01 00:00:00+00:00, run_after=2024-07-02 00:00:00+00:00
[2024-07-02T19:26:24.007+0000] {processor.py:183} INFO - Processing /usr/local/python/3.10.13/lib/python3.10/site-packages/airflow/example_dags/example_short_circuit_operator.py took 0.083 seconds
[2024-07-02T19:27:07.225+0000] {processor.py:161} INFO - Started process (PID=13193) to work on /usr/local/python/3.10.13/lib/python3.10/site-packages/airflow/example_dags/example_short_circuit_operator.py
[2024-07-02T19:27:07.226+0000] {processor.py:830} INFO - Processing file /usr/local/python/3.10.13/lib/python3.10/site-packages/airflow/example_dags/example_short_circuit_operator.py for tasks to queue
[2024-07-02T19:27:07.227+0000] {logging_mixin.py:188} INFO - [2024-07-02T19:27:07.226+0000] {dagbag.py:545} INFO - Filling up the DagBag from /usr/local/python/3.10.13/lib/python3.10/site-packages/airflow/example_dags/example_short_circuit_operator.py
[2024-07-02T19:27:07.233+0000] {processor.py:840} INFO - DAG(s) 'example_short_circuit_operator' retrieved from /usr/local/python/3.10.13/lib/python3.10/site-packages/airflow/example_dags/example_short_circuit_operator.py
[2024-07-02T19:27:07.246+0000] {logging_mixin.py:188} INFO - [2024-07-02T19:27:07.246+0000] {dag.py:3096} INFO - Sync 1 DAGs
[2024-07-02T19:27:07.260+0000] {logging_mixin.py:188} INFO - [2024-07-02T19:27:07.260+0000] {dag.py:3954} INFO - Setting next_dagrun for example_short_circuit_operator to 2024-07-01 00:00:00+00:00, run_after=2024-07-02 00:00:00+00:00
[2024-07-02T19:27:07.300+0000] {processor.py:183} INFO - Processing /usr/local/python/3.10.13/lib/python3.10/site-packages/airflow/example_dags/example_short_circuit_operator.py took 0.079 seconds
[2024-07-02T19:27:49.725+0000] {processor.py:161} INFO - Started process (PID=13593) to work on /usr/local/python/3.10.13/lib/python3.10/site-packages/airflow/example_dags/example_short_circuit_operator.py
[2024-07-02T19:27:49.726+0000] {processor.py:830} INFO - Processing file /usr/local/python/3.10.13/lib/python3.10/site-packages/airflow/example_dags/example_short_circuit_operator.py for tasks to queue
[2024-07-02T19:27:49.727+0000] {logging_mixin.py:188} INFO - [2024-07-02T19:27:49.727+0000] {dagbag.py:545} INFO - Filling up the DagBag from /usr/local/python/3.10.13/lib/python3.10/site-packages/airflow/example_dags/example_short_circuit_operator.py
[2024-07-02T19:27:49.736+0000] {processor.py:840} INFO - DAG(s) 'example_short_circuit_operator' retrieved from /usr/local/python/3.10.13/lib/python3.10/site-packages/airflow/example_dags/example_short_circuit_operator.py
[2024-07-02T19:27:49.759+0000] {logging_mixin.py:188} INFO - [2024-07-02T19:27:49.758+0000] {dag.py:3096} INFO - Sync 1 DAGs
[2024-07-02T19:27:49.781+0000] {logging_mixin.py:188} INFO - [2024-07-02T19:27:49.781+0000] {dag.py:3954} INFO - Setting next_dagrun for example_short_circuit_operator to 2024-07-01 00:00:00+00:00, run_after=2024-07-02 00:00:00+00:00
[2024-07-02T19:27:49.821+0000] {processor.py:183} INFO - Processing /usr/local/python/3.10.13/lib/python3.10/site-packages/airflow/example_dags/example_short_circuit_operator.py took 0.102 seconds
[2024-07-02T19:28:52.946+0000] {processor.py:161} INFO - Started process (PID=14186) to work on /usr/local/python/3.10.13/lib/python3.10/site-packages/airflow/example_dags/example_short_circuit_operator.py
[2024-07-02T19:28:52.947+0000] {processor.py:830} INFO - Processing file /usr/local/python/3.10.13/lib/python3.10/site-packages/airflow/example_dags/example_short_circuit_operator.py for tasks to queue
[2024-07-02T19:28:52.948+0000] {logging_mixin.py:188} INFO - [2024-07-02T19:28:52.947+0000] {dagbag.py:545} INFO - Filling up the DagBag from /usr/local/python/3.10.13/lib/python3.10/site-packages/airflow/example_dags/example_short_circuit_operator.py
[2024-07-02T19:28:52.954+0000] {processor.py:840} INFO - DAG(s) 'example_short_circuit_operator' retrieved from /usr/local/python/3.10.13/lib/python3.10/site-packages/airflow/example_dags/example_short_circuit_operator.py
[2024-07-02T19:28:52.967+0000] {logging_mixin.py:188} INFO - [2024-07-02T19:28:52.967+0000] {dag.py:3096} INFO - Sync 1 DAGs
[2024-07-02T19:28:52.982+0000] {logging_mixin.py:188} INFO - [2024-07-02T19:28:52.981+0000] {dag.py:3954} INFO - Setting next_dagrun for example_short_circuit_operator to 2024-07-01 00:00:00+00:00, run_after=2024-07-02 00:00:00+00:00
[2024-07-02T19:28:53.022+0000] {processor.py:183} INFO - Processing /usr/local/python/3.10.13/lib/python3.10/site-packages/airflow/example_dags/example_short_circuit_operator.py took 0.080 seconds
[2024-07-02T19:29:38.681+0000] {processor.py:161} INFO - Started process (PID=14523) to work on /usr/local/python/3.10.13/lib/python3.10/site-packages/airflow/example_dags/example_short_circuit_operator.py
[2024-07-02T19:29:38.682+0000] {processor.py:830} INFO - Processing file /usr/local/python/3.10.13/lib/python3.10/site-packages/airflow/example_dags/example_short_circuit_operator.py for tasks to queue
[2024-07-02T19:29:38.683+0000] {logging_mixin.py:188} INFO - [2024-07-02T19:29:38.682+0000] {dagbag.py:545} INFO - Filling up the DagBag from /usr/local/python/3.10.13/lib/python3.10/site-packages/airflow/example_dags/example_short_circuit_operator.py
[2024-07-02T19:29:38.689+0000] {processor.py:840} INFO - DAG(s) 'example_short_circuit_operator' retrieved from /usr/local/python/3.10.13/lib/python3.10/site-packages/airflow/example_dags/example_short_circuit_operator.py
[2024-07-02T19:29:38.703+0000] {logging_mixin.py:188} INFO - [2024-07-02T19:29:38.703+0000] {dag.py:3096} INFO - Sync 1 DAGs
[2024-07-02T19:29:38.717+0000] {logging_mixin.py:188} INFO - [2024-07-02T19:29:38.717+0000] {dag.py:3954} INFO - Setting next_dagrun for example_short_circuit_operator to 2024-07-01 00:00:00+00:00, run_after=2024-07-02 00:00:00+00:00
[2024-07-02T19:29:38.760+0000] {processor.py:183} INFO - Processing /usr/local/python/3.10.13/lib/python3.10/site-packages/airflow/example_dags/example_short_circuit_operator.py took 0.083 seconds
[2024-07-02T19:30:25.348+0000] {processor.py:161} INFO - Started process (PID=14932) to work on /usr/local/python/3.10.13/lib/python3.10/site-packages/airflow/example_dags/example_short_circuit_operator.py
[2024-07-02T19:30:25.349+0000] {processor.py:830} INFO - Processing file /usr/local/python/3.10.13/lib/python3.10/site-packages/airflow/example_dags/example_short_circuit_operator.py for tasks to queue
[2024-07-02T19:30:25.349+0000] {logging_mixin.py:188} INFO - [2024-07-02T19:30:25.349+0000] {dagbag.py:545} INFO - Filling up the DagBag from /usr/local/python/3.10.13/lib/python3.10/site-packages/airflow/example_dags/example_short_circuit_operator.py
[2024-07-02T19:30:25.355+0000] {processor.py:840} INFO - DAG(s) 'example_short_circuit_operator' retrieved from /usr/local/python/3.10.13/lib/python3.10/site-packages/airflow/example_dags/example_short_circuit_operator.py
[2024-07-02T19:30:25.369+0000] {logging_mixin.py:188} INFO - [2024-07-02T19:30:25.369+0000] {dag.py:3096} INFO - Sync 1 DAGs
[2024-07-02T19:30:25.383+0000] {logging_mixin.py:188} INFO - [2024-07-02T19:30:25.383+0000] {dag.py:3954} INFO - Setting next_dagrun for example_short_circuit_operator to 2024-07-01 00:00:00+00:00, run_after=2024-07-02 00:00:00+00:00
[2024-07-02T19:30:25.428+0000] {processor.py:183} INFO - Processing /usr/local/python/3.10.13/lib/python3.10/site-packages/airflow/example_dags/example_short_circuit_operator.py took 0.085 seconds
[2024-07-02T19:31:11.265+0000] {processor.py:161} INFO - Started process (PID=15268) to work on /usr/local/python/3.10.13/lib/python3.10/site-packages/airflow/example_dags/example_short_circuit_operator.py
[2024-07-02T19:31:11.266+0000] {processor.py:830} INFO - Processing file /usr/local/python/3.10.13/lib/python3.10/site-packages/airflow/example_dags/example_short_circuit_operator.py for tasks to queue
[2024-07-02T19:31:11.266+0000] {logging_mixin.py:188} INFO - [2024-07-02T19:31:11.266+0000] {dagbag.py:545} INFO - Filling up the DagBag from /usr/local/python/3.10.13/lib/python3.10/site-packages/airflow/example_dags/example_short_circuit_operator.py
[2024-07-02T19:31:11.272+0000] {processor.py:840} INFO - DAG(s) 'example_short_circuit_operator' retrieved from /usr/local/python/3.10.13/lib/python3.10/site-packages/airflow/example_dags/example_short_circuit_operator.py
[2024-07-02T19:31:11.286+0000] {logging_mixin.py:188} INFO - [2024-07-02T19:31:11.286+0000] {dag.py:3096} INFO - Sync 1 DAGs
[2024-07-02T19:31:11.301+0000] {logging_mixin.py:188} INFO - [2024-07-02T19:31:11.301+0000] {dag.py:3954} INFO - Setting next_dagrun for example_short_circuit_operator to 2024-07-01 00:00:00+00:00, run_after=2024-07-02 00:00:00+00:00
[2024-07-02T19:31:11.344+0000] {processor.py:183} INFO - Processing /usr/local/python/3.10.13/lib/python3.10/site-packages/airflow/example_dags/example_short_circuit_operator.py took 0.084 seconds
[2024-07-02T19:32:01.704+0000] {processor.py:161} INFO - Started process (PID=15651) to work on /usr/local/python/3.10.13/lib/python3.10/site-packages/airflow/example_dags/example_short_circuit_operator.py
[2024-07-02T19:32:01.705+0000] {processor.py:830} INFO - Processing file /usr/local/python/3.10.13/lib/python3.10/site-packages/airflow/example_dags/example_short_circuit_operator.py for tasks to queue
[2024-07-02T19:32:01.706+0000] {logging_mixin.py:188} INFO - [2024-07-02T19:32:01.706+0000] {dagbag.py:545} INFO - Filling up the DagBag from /usr/local/python/3.10.13/lib/python3.10/site-packages/airflow/example_dags/example_short_circuit_operator.py
[2024-07-02T19:32:01.712+0000] {processor.py:840} INFO - DAG(s) 'example_short_circuit_operator' retrieved from /usr/local/python/3.10.13/lib/python3.10/site-packages/airflow/example_dags/example_short_circuit_operator.py
[2024-07-02T19:32:01.726+0000] {logging_mixin.py:188} INFO - [2024-07-02T19:32:01.725+0000] {dag.py:3096} INFO - Sync 1 DAGs
[2024-07-02T19:32:01.739+0000] {logging_mixin.py:188} INFO - [2024-07-02T19:32:01.739+0000] {dag.py:3954} INFO - Setting next_dagrun for example_short_circuit_operator to 2024-07-01 00:00:00+00:00, run_after=2024-07-02 00:00:00+00:00
[2024-07-02T19:32:01.781+0000] {processor.py:183} INFO - Processing /usr/local/python/3.10.13/lib/python3.10/site-packages/airflow/example_dags/example_short_circuit_operator.py took 0.081 seconds
[2024-07-02T19:32:44.550+0000] {processor.py:161} INFO - Started process (PID=15989) to work on /usr/local/python/3.10.13/lib/python3.10/site-packages/airflow/example_dags/example_short_circuit_operator.py
[2024-07-02T19:32:44.550+0000] {processor.py:830} INFO - Processing file /usr/local/python/3.10.13/lib/python3.10/site-packages/airflow/example_dags/example_short_circuit_operator.py for tasks to queue
[2024-07-02T19:32:44.551+0000] {logging_mixin.py:188} INFO - [2024-07-02T19:32:44.551+0000] {dagbag.py:545} INFO - Filling up the DagBag from /usr/local/python/3.10.13/lib/python3.10/site-packages/airflow/example_dags/example_short_circuit_operator.py
[2024-07-02T19:32:44.557+0000] {processor.py:840} INFO - DAG(s) 'example_short_circuit_operator' retrieved from /usr/local/python/3.10.13/lib/python3.10/site-packages/airflow/example_dags/example_short_circuit_operator.py
[2024-07-02T19:32:44.571+0000] {logging_mixin.py:188} INFO - [2024-07-02T19:32:44.571+0000] {dag.py:3096} INFO - Sync 1 DAGs
[2024-07-02T19:32:44.585+0000] {logging_mixin.py:188} INFO - [2024-07-02T19:32:44.585+0000] {dag.py:3954} INFO - Setting next_dagrun for example_short_circuit_operator to 2024-07-01 00:00:00+00:00, run_after=2024-07-02 00:00:00+00:00
[2024-07-02T19:32:44.629+0000] {processor.py:183} INFO - Processing /usr/local/python/3.10.13/lib/python3.10/site-packages/airflow/example_dags/example_short_circuit_operator.py took 0.084 seconds
[2024-07-02T19:33:28.058+0000] {processor.py:161} INFO - Started process (PID=16389) to work on /usr/local/python/3.10.13/lib/python3.10/site-packages/airflow/example_dags/example_short_circuit_operator.py
[2024-07-02T19:33:28.059+0000] {processor.py:830} INFO - Processing file /usr/local/python/3.10.13/lib/python3.10/site-packages/airflow/example_dags/example_short_circuit_operator.py for tasks to queue
[2024-07-02T19:33:28.060+0000] {logging_mixin.py:188} INFO - [2024-07-02T19:33:28.060+0000] {dagbag.py:545} INFO - Filling up the DagBag from /usr/local/python/3.10.13/lib/python3.10/site-packages/airflow/example_dags/example_short_circuit_operator.py
[2024-07-02T19:33:28.067+0000] {processor.py:840} INFO - DAG(s) 'example_short_circuit_operator' retrieved from /usr/local/python/3.10.13/lib/python3.10/site-packages/airflow/example_dags/example_short_circuit_operator.py
[2024-07-02T19:33:28.082+0000] {logging_mixin.py:188} INFO - [2024-07-02T19:33:28.082+0000] {dag.py:3096} INFO - Sync 1 DAGs
[2024-07-02T19:33:28.097+0000] {logging_mixin.py:188} INFO - [2024-07-02T19:33:28.097+0000] {dag.py:3954} INFO - Setting next_dagrun for example_short_circuit_operator to 2024-07-01 00:00:00+00:00, run_after=2024-07-02 00:00:00+00:00
[2024-07-02T19:33:28.142+0000] {processor.py:183} INFO - Processing /usr/local/python/3.10.13/lib/python3.10/site-packages/airflow/example_dags/example_short_circuit_operator.py took 0.091 seconds
[2024-07-02T19:34:12.571+0000] {processor.py:161} INFO - Started process (PID=16716) to work on /usr/local/python/3.10.13/lib/python3.10/site-packages/airflow/example_dags/example_short_circuit_operator.py
[2024-07-02T19:34:12.572+0000] {processor.py:830} INFO - Processing file /usr/local/python/3.10.13/lib/python3.10/site-packages/airflow/example_dags/example_short_circuit_operator.py for tasks to queue
[2024-07-02T19:34:12.573+0000] {logging_mixin.py:188} INFO - [2024-07-02T19:34:12.572+0000] {dagbag.py:545} INFO - Filling up the DagBag from /usr/local/python/3.10.13/lib/python3.10/site-packages/airflow/example_dags/example_short_circuit_operator.py
[2024-07-02T19:34:12.579+0000] {processor.py:840} INFO - DAG(s) 'example_short_circuit_operator' retrieved from /usr/local/python/3.10.13/lib/python3.10/site-packages/airflow/example_dags/example_short_circuit_operator.py
[2024-07-02T19:34:12.593+0000] {logging_mixin.py:188} INFO - [2024-07-02T19:34:12.593+0000] {dag.py:3096} INFO - Sync 1 DAGs
[2024-07-02T19:34:12.608+0000] {logging_mixin.py:188} INFO - [2024-07-02T19:34:12.607+0000] {dag.py:3954} INFO - Setting next_dagrun for example_short_circuit_operator to 2024-07-01 00:00:00+00:00, run_after=2024-07-02 00:00:00+00:00
[2024-07-02T19:34:12.650+0000] {processor.py:183} INFO - Processing /usr/local/python/3.10.13/lib/python3.10/site-packages/airflow/example_dags/example_short_circuit_operator.py took 0.083 seconds
[2024-07-02T19:34:57.909+0000] {processor.py:161} INFO - Started process (PID=17104) to work on /usr/local/python/3.10.13/lib/python3.10/site-packages/airflow/example_dags/example_short_circuit_operator.py
[2024-07-02T19:34:57.909+0000] {processor.py:830} INFO - Processing file /usr/local/python/3.10.13/lib/python3.10/site-packages/airflow/example_dags/example_short_circuit_operator.py for tasks to queue
[2024-07-02T19:34:57.910+0000] {logging_mixin.py:188} INFO - [2024-07-02T19:34:57.910+0000] {dagbag.py:545} INFO - Filling up the DagBag from /usr/local/python/3.10.13/lib/python3.10/site-packages/airflow/example_dags/example_short_circuit_operator.py
[2024-07-02T19:34:57.917+0000] {processor.py:840} INFO - DAG(s) 'example_short_circuit_operator' retrieved from /usr/local/python/3.10.13/lib/python3.10/site-packages/airflow/example_dags/example_short_circuit_operator.py
[2024-07-02T19:34:57.931+0000] {logging_mixin.py:188} INFO - [2024-07-02T19:34:57.931+0000] {dag.py:3096} INFO - Sync 1 DAGs
[2024-07-02T19:34:57.946+0000] {logging_mixin.py:188} INFO - [2024-07-02T19:34:57.946+0000] {dag.py:3954} INFO - Setting next_dagrun for example_short_circuit_operator to 2024-07-01 00:00:00+00:00, run_after=2024-07-02 00:00:00+00:00
[2024-07-02T19:34:57.989+0000] {processor.py:183} INFO - Processing /usr/local/python/3.10.13/lib/python3.10/site-packages/airflow/example_dags/example_short_circuit_operator.py took 0.085 seconds
[2024-07-02T19:35:44.986+0000] {processor.py:161} INFO - Started process (PID=17496) to work on /usr/local/python/3.10.13/lib/python3.10/site-packages/airflow/example_dags/example_short_circuit_operator.py
[2024-07-02T19:35:44.987+0000] {processor.py:830} INFO - Processing file /usr/local/python/3.10.13/lib/python3.10/site-packages/airflow/example_dags/example_short_circuit_operator.py for tasks to queue
[2024-07-02T19:35:44.987+0000] {logging_mixin.py:188} INFO - [2024-07-02T19:35:44.987+0000] {dagbag.py:545} INFO - Filling up the DagBag from /usr/local/python/3.10.13/lib/python3.10/site-packages/airflow/example_dags/example_short_circuit_operator.py
[2024-07-02T19:35:44.993+0000] {processor.py:840} INFO - DAG(s) 'example_short_circuit_operator' retrieved from /usr/local/python/3.10.13/lib/python3.10/site-packages/airflow/example_dags/example_short_circuit_operator.py
[2024-07-02T19:35:45.008+0000] {logging_mixin.py:188} INFO - [2024-07-02T19:35:45.008+0000] {dag.py:3096} INFO - Sync 1 DAGs
[2024-07-02T19:35:45.023+0000] {logging_mixin.py:188} INFO - [2024-07-02T19:35:45.023+0000] {dag.py:3954} INFO - Setting next_dagrun for example_short_circuit_operator to 2024-07-01 00:00:00+00:00, run_after=2024-07-02 00:00:00+00:00
[2024-07-02T19:35:45.061+0000] {processor.py:183} INFO - Processing /usr/local/python/3.10.13/lib/python3.10/site-packages/airflow/example_dags/example_short_circuit_operator.py took 0.080 seconds
[2024-07-02T19:36:39.459+0000] {processor.py:161} INFO - Started process (PID=17963) to work on /usr/local/python/3.10.13/lib/python3.10/site-packages/airflow/example_dags/example_short_circuit_operator.py
[2024-07-02T19:36:39.460+0000] {processor.py:830} INFO - Processing file /usr/local/python/3.10.13/lib/python3.10/site-packages/airflow/example_dags/example_short_circuit_operator.py for tasks to queue
[2024-07-02T19:36:39.461+0000] {logging_mixin.py:188} INFO - [2024-07-02T19:36:39.461+0000] {dagbag.py:545} INFO - Filling up the DagBag from /usr/local/python/3.10.13/lib/python3.10/site-packages/airflow/example_dags/example_short_circuit_operator.py
[2024-07-02T19:36:39.467+0000] {processor.py:840} INFO - DAG(s) 'example_short_circuit_operator' retrieved from /usr/local/python/3.10.13/lib/python3.10/site-packages/airflow/example_dags/example_short_circuit_operator.py
[2024-07-02T19:36:39.481+0000] {logging_mixin.py:188} INFO - [2024-07-02T19:36:39.481+0000] {dag.py:3096} INFO - Sync 1 DAGs
[2024-07-02T19:36:39.495+0000] {logging_mixin.py:188} INFO - [2024-07-02T19:36:39.495+0000] {dag.py:3954} INFO - Setting next_dagrun for example_short_circuit_operator to 2024-07-01 00:00:00+00:00, run_after=2024-07-02 00:00:00+00:00
[2024-07-02T19:36:39.536+0000] {processor.py:183} INFO - Processing /usr/local/python/3.10.13/lib/python3.10/site-packages/airflow/example_dags/example_short_circuit_operator.py took 0.081 seconds
[2024-07-02T19:37:30.385+0000] {processor.py:161} INFO - Started process (PID=18327) to work on /usr/local/python/3.10.13/lib/python3.10/site-packages/airflow/example_dags/example_short_circuit_operator.py
[2024-07-02T19:37:30.386+0000] {processor.py:830} INFO - Processing file /usr/local/python/3.10.13/lib/python3.10/site-packages/airflow/example_dags/example_short_circuit_operator.py for tasks to queue
[2024-07-02T19:37:30.387+0000] {logging_mixin.py:188} INFO - [2024-07-02T19:37:30.386+0000] {dagbag.py:545} INFO - Filling up the DagBag from /usr/local/python/3.10.13/lib/python3.10/site-packages/airflow/example_dags/example_short_circuit_operator.py
[2024-07-02T19:37:30.393+0000] {processor.py:840} INFO - DAG(s) 'example_short_circuit_operator' retrieved from /usr/local/python/3.10.13/lib/python3.10/site-packages/airflow/example_dags/example_short_circuit_operator.py
[2024-07-02T19:37:30.407+0000] {logging_mixin.py:188} INFO - [2024-07-02T19:37:30.407+0000] {dag.py:3096} INFO - Sync 1 DAGs
[2024-07-02T19:37:30.421+0000] {logging_mixin.py:188} INFO - [2024-07-02T19:37:30.421+0000] {dag.py:3954} INFO - Setting next_dagrun for example_short_circuit_operator to 2024-07-01 00:00:00+00:00, run_after=2024-07-02 00:00:00+00:00
[2024-07-02T19:37:30.462+0000] {processor.py:183} INFO - Processing /usr/local/python/3.10.13/lib/python3.10/site-packages/airflow/example_dags/example_short_circuit_operator.py took 0.082 seconds
[2024-07-02T19:38:14.418+0000] {processor.py:161} INFO - Started process (PID=18641) to work on /usr/local/python/3.10.13/lib/python3.10/site-packages/airflow/example_dags/example_short_circuit_operator.py
[2024-07-02T19:38:14.419+0000] {processor.py:830} INFO - Processing file /usr/local/python/3.10.13/lib/python3.10/site-packages/airflow/example_dags/example_short_circuit_operator.py for tasks to queue
[2024-07-02T19:38:14.420+0000] {logging_mixin.py:188} INFO - [2024-07-02T19:38:14.419+0000] {dagbag.py:545} INFO - Filling up the DagBag from /usr/local/python/3.10.13/lib/python3.10/site-packages/airflow/example_dags/example_short_circuit_operator.py
[2024-07-02T19:38:14.426+0000] {processor.py:840} INFO - DAG(s) 'example_short_circuit_operator' retrieved from /usr/local/python/3.10.13/lib/python3.10/site-packages/airflow/example_dags/example_short_circuit_operator.py
[2024-07-02T19:38:14.440+0000] {logging_mixin.py:188} INFO - [2024-07-02T19:38:14.440+0000] {dag.py:3096} INFO - Sync 1 DAGs
[2024-07-02T19:38:14.454+0000] {logging_mixin.py:188} INFO - [2024-07-02T19:38:14.454+0000] {dag.py:3954} INFO - Setting next_dagrun for example_short_circuit_operator to 2024-07-01 00:00:00+00:00, run_after=2024-07-02 00:00:00+00:00
[2024-07-02T19:38:14.494+0000] {processor.py:183} INFO - Processing /usr/local/python/3.10.13/lib/python3.10/site-packages/airflow/example_dags/example_short_circuit_operator.py took 0.080 seconds
[2024-07-02T19:38:57.612+0000] {processor.py:161} INFO - Started process (PID=18941) to work on /usr/local/python/3.10.13/lib/python3.10/site-packages/airflow/example_dags/example_short_circuit_operator.py
[2024-07-02T19:38:57.612+0000] {processor.py:830} INFO - Processing file /usr/local/python/3.10.13/lib/python3.10/site-packages/airflow/example_dags/example_short_circuit_operator.py for tasks to queue
[2024-07-02T19:38:57.613+0000] {logging_mixin.py:188} INFO - [2024-07-02T19:38:57.613+0000] {dagbag.py:545} INFO - Filling up the DagBag from /usr/local/python/3.10.13/lib/python3.10/site-packages/airflow/example_dags/example_short_circuit_operator.py
[2024-07-02T19:38:57.619+0000] {processor.py:840} INFO - DAG(s) 'example_short_circuit_operator' retrieved from /usr/local/python/3.10.13/lib/python3.10/site-packages/airflow/example_dags/example_short_circuit_operator.py
[2024-07-02T19:38:57.633+0000] {logging_mixin.py:188} INFO - [2024-07-02T19:38:57.633+0000] {dag.py:3096} INFO - Sync 1 DAGs
[2024-07-02T19:38:57.648+0000] {logging_mixin.py:188} INFO - [2024-07-02T19:38:57.647+0000] {dag.py:3954} INFO - Setting next_dagrun for example_short_circuit_operator to 2024-07-01 00:00:00+00:00, run_after=2024-07-02 00:00:00+00:00
[2024-07-02T19:38:57.687+0000] {processor.py:183} INFO - Processing /usr/local/python/3.10.13/lib/python3.10/site-packages/airflow/example_dags/example_short_circuit_operator.py took 0.080 seconds
[2024-07-02T19:39:41.625+0000] {processor.py:161} INFO - Started process (PID=19293) to work on /usr/local/python/3.10.13/lib/python3.10/site-packages/airflow/example_dags/example_short_circuit_operator.py
[2024-07-02T19:39:41.625+0000] {processor.py:830} INFO - Processing file /usr/local/python/3.10.13/lib/python3.10/site-packages/airflow/example_dags/example_short_circuit_operator.py for tasks to queue
[2024-07-02T19:39:41.626+0000] {logging_mixin.py:188} INFO - [2024-07-02T19:39:41.626+0000] {dagbag.py:545} INFO - Filling up the DagBag from /usr/local/python/3.10.13/lib/python3.10/site-packages/airflow/example_dags/example_short_circuit_operator.py
[2024-07-02T19:39:41.632+0000] {processor.py:840} INFO - DAG(s) 'example_short_circuit_operator' retrieved from /usr/local/python/3.10.13/lib/python3.10/site-packages/airflow/example_dags/example_short_circuit_operator.py
[2024-07-02T19:39:41.646+0000] {logging_mixin.py:188} INFO - [2024-07-02T19:39:41.646+0000] {dag.py:3096} INFO - Sync 1 DAGs
[2024-07-02T19:39:41.660+0000] {logging_mixin.py:188} INFO - [2024-07-02T19:39:41.660+0000] {dag.py:3954} INFO - Setting next_dagrun for example_short_circuit_operator to 2024-07-01 00:00:00+00:00, run_after=2024-07-02 00:00:00+00:00
[2024-07-02T19:39:41.699+0000] {processor.py:183} INFO - Processing /usr/local/python/3.10.13/lib/python3.10/site-packages/airflow/example_dags/example_short_circuit_operator.py took 0.079 seconds
[2024-07-02T19:40:38.626+0000] {processor.py:161} INFO - Started process (PID=19711) to work on /usr/local/python/3.10.13/lib/python3.10/site-packages/airflow/example_dags/example_short_circuit_operator.py
[2024-07-02T19:40:38.627+0000] {processor.py:830} INFO - Processing file /usr/local/python/3.10.13/lib/python3.10/site-packages/airflow/example_dags/example_short_circuit_operator.py for tasks to queue
[2024-07-02T19:40:38.628+0000] {logging_mixin.py:188} INFO - [2024-07-02T19:40:38.628+0000] {dagbag.py:545} INFO - Filling up the DagBag from /usr/local/python/3.10.13/lib/python3.10/site-packages/airflow/example_dags/example_short_circuit_operator.py
[2024-07-02T19:40:38.634+0000] {processor.py:840} INFO - DAG(s) 'example_short_circuit_operator' retrieved from /usr/local/python/3.10.13/lib/python3.10/site-packages/airflow/example_dags/example_short_circuit_operator.py
[2024-07-02T19:40:38.648+0000] {logging_mixin.py:188} INFO - [2024-07-02T19:40:38.648+0000] {dag.py:3096} INFO - Sync 1 DAGs
[2024-07-02T19:40:38.662+0000] {logging_mixin.py:188} INFO - [2024-07-02T19:40:38.662+0000] {dag.py:3954} INFO - Setting next_dagrun for example_short_circuit_operator to 2024-07-01 00:00:00+00:00, run_after=2024-07-02 00:00:00+00:00
[2024-07-02T19:40:38.703+0000] {processor.py:183} INFO - Processing /usr/local/python/3.10.13/lib/python3.10/site-packages/airflow/example_dags/example_short_circuit_operator.py took 0.081 seconds
[2024-07-02T19:41:22.110+0000] {processor.py:161} INFO - Started process (PID=20055) to work on /usr/local/python/3.10.13/lib/python3.10/site-packages/airflow/example_dags/example_short_circuit_operator.py
[2024-07-02T19:41:22.110+0000] {processor.py:830} INFO - Processing file /usr/local/python/3.10.13/lib/python3.10/site-packages/airflow/example_dags/example_short_circuit_operator.py for tasks to queue
[2024-07-02T19:41:22.111+0000] {logging_mixin.py:188} INFO - [2024-07-02T19:41:22.111+0000] {dagbag.py:545} INFO - Filling up the DagBag from /usr/local/python/3.10.13/lib/python3.10/site-packages/airflow/example_dags/example_short_circuit_operator.py
[2024-07-02T19:41:22.117+0000] {processor.py:840} INFO - DAG(s) 'example_short_circuit_operator' retrieved from /usr/local/python/3.10.13/lib/python3.10/site-packages/airflow/example_dags/example_short_circuit_operator.py
[2024-07-02T19:41:22.131+0000] {logging_mixin.py:188} INFO - [2024-07-02T19:41:22.131+0000] {dag.py:3096} INFO - Sync 1 DAGs
[2024-07-02T19:41:22.145+0000] {logging_mixin.py:188} INFO - [2024-07-02T19:41:22.145+0000] {dag.py:3954} INFO - Setting next_dagrun for example_short_circuit_operator to 2024-07-01 00:00:00+00:00, run_after=2024-07-02 00:00:00+00:00
[2024-07-02T19:41:22.189+0000] {processor.py:183} INFO - Processing /usr/local/python/3.10.13/lib/python3.10/site-packages/airflow/example_dags/example_short_circuit_operator.py took 0.084 seconds
[2024-07-02T19:42:04.683+0000] {processor.py:161} INFO - Started process (PID=20382) to work on /usr/local/python/3.10.13/lib/python3.10/site-packages/airflow/example_dags/example_short_circuit_operator.py
[2024-07-02T19:42:04.683+0000] {processor.py:830} INFO - Processing file /usr/local/python/3.10.13/lib/python3.10/site-packages/airflow/example_dags/example_short_circuit_operator.py for tasks to queue
[2024-07-02T19:42:04.684+0000] {logging_mixin.py:188} INFO - [2024-07-02T19:42:04.684+0000] {dagbag.py:545} INFO - Filling up the DagBag from /usr/local/python/3.10.13/lib/python3.10/site-packages/airflow/example_dags/example_short_circuit_operator.py
[2024-07-02T19:42:04.690+0000] {processor.py:840} INFO - DAG(s) 'example_short_circuit_operator' retrieved from /usr/local/python/3.10.13/lib/python3.10/site-packages/airflow/example_dags/example_short_circuit_operator.py
[2024-07-02T19:42:04.704+0000] {logging_mixin.py:188} INFO - [2024-07-02T19:42:04.704+0000] {dag.py:3096} INFO - Sync 1 DAGs
[2024-07-02T19:42:04.719+0000] {logging_mixin.py:188} INFO - [2024-07-02T19:42:04.719+0000] {dag.py:3954} INFO - Setting next_dagrun for example_short_circuit_operator to 2024-07-01 00:00:00+00:00, run_after=2024-07-02 00:00:00+00:00
[2024-07-02T19:42:04.761+0000] {processor.py:183} INFO - Processing /usr/local/python/3.10.13/lib/python3.10/site-packages/airflow/example_dags/example_short_circuit_operator.py took 0.083 seconds
[2024-07-02T19:42:48.667+0000] {processor.py:161} INFO - Started process (PID=20708) to work on /usr/local/python/3.10.13/lib/python3.10/site-packages/airflow/example_dags/example_short_circuit_operator.py
[2024-07-02T19:42:48.668+0000] {processor.py:830} INFO - Processing file /usr/local/python/3.10.13/lib/python3.10/site-packages/airflow/example_dags/example_short_circuit_operator.py for tasks to queue
[2024-07-02T19:42:48.669+0000] {logging_mixin.py:188} INFO - [2024-07-02T19:42:48.668+0000] {dagbag.py:545} INFO - Filling up the DagBag from /usr/local/python/3.10.13/lib/python3.10/site-packages/airflow/example_dags/example_short_circuit_operator.py
[2024-07-02T19:42:48.675+0000] {processor.py:840} INFO - DAG(s) 'example_short_circuit_operator' retrieved from /usr/local/python/3.10.13/lib/python3.10/site-packages/airflow/example_dags/example_short_circuit_operator.py
[2024-07-02T19:42:48.689+0000] {logging_mixin.py:188} INFO - [2024-07-02T19:42:48.689+0000] {dag.py:3096} INFO - Sync 1 DAGs
[2024-07-02T19:42:48.703+0000] {logging_mixin.py:188} INFO - [2024-07-02T19:42:48.703+0000] {dag.py:3954} INFO - Setting next_dagrun for example_short_circuit_operator to 2024-07-01 00:00:00+00:00, run_after=2024-07-02 00:00:00+00:00
[2024-07-02T19:42:48.743+0000] {processor.py:183} INFO - Processing /usr/local/python/3.10.13/lib/python3.10/site-packages/airflow/example_dags/example_short_circuit_operator.py took 0.080 seconds
[2024-07-02T19:43:38.681+0000] {processor.py:161} INFO - Started process (PID=21141) to work on /usr/local/python/3.10.13/lib/python3.10/site-packages/airflow/example_dags/example_short_circuit_operator.py
[2024-07-02T19:43:38.682+0000] {processor.py:830} INFO - Processing file /usr/local/python/3.10.13/lib/python3.10/site-packages/airflow/example_dags/example_short_circuit_operator.py for tasks to queue
[2024-07-02T19:43:38.683+0000] {logging_mixin.py:188} INFO - [2024-07-02T19:43:38.682+0000] {dagbag.py:545} INFO - Filling up the DagBag from /usr/local/python/3.10.13/lib/python3.10/site-packages/airflow/example_dags/example_short_circuit_operator.py
[2024-07-02T19:43:38.689+0000] {processor.py:840} INFO - DAG(s) 'example_short_circuit_operator' retrieved from /usr/local/python/3.10.13/lib/python3.10/site-packages/airflow/example_dags/example_short_circuit_operator.py
[2024-07-02T19:43:38.703+0000] {logging_mixin.py:188} INFO - [2024-07-02T19:43:38.703+0000] {dag.py:3096} INFO - Sync 1 DAGs
[2024-07-02T19:43:38.723+0000] {logging_mixin.py:188} INFO - [2024-07-02T19:43:38.722+0000] {dag.py:3954} INFO - Setting next_dagrun for example_short_circuit_operator to 2024-07-01 00:00:00+00:00, run_after=2024-07-02 00:00:00+00:00
[2024-07-02T19:43:38.764+0000] {processor.py:183} INFO - Processing /usr/local/python/3.10.13/lib/python3.10/site-packages/airflow/example_dags/example_short_circuit_operator.py took 0.087 seconds
[2024-07-02T19:44:30.991+0000] {processor.py:161} INFO - Started process (PID=21541) to work on /usr/local/python/3.10.13/lib/python3.10/site-packages/airflow/example_dags/example_short_circuit_operator.py
[2024-07-02T19:44:30.992+0000] {processor.py:830} INFO - Processing file /usr/local/python/3.10.13/lib/python3.10/site-packages/airflow/example_dags/example_short_circuit_operator.py for tasks to queue
[2024-07-02T19:44:30.992+0000] {logging_mixin.py:188} INFO - [2024-07-02T19:44:30.992+0000] {dagbag.py:545} INFO - Filling up the DagBag from /usr/local/python/3.10.13/lib/python3.10/site-packages/airflow/example_dags/example_short_circuit_operator.py
[2024-07-02T19:44:30.998+0000] {processor.py:840} INFO - DAG(s) 'example_short_circuit_operator' retrieved from /usr/local/python/3.10.13/lib/python3.10/site-packages/airflow/example_dags/example_short_circuit_operator.py
[2024-07-02T19:44:31.012+0000] {logging_mixin.py:188} INFO - [2024-07-02T19:44:31.012+0000] {dag.py:3096} INFO - Sync 1 DAGs
[2024-07-02T19:44:31.027+0000] {logging_mixin.py:188} INFO - [2024-07-02T19:44:31.026+0000] {dag.py:3954} INFO - Setting next_dagrun for example_short_circuit_operator to 2024-07-01 00:00:00+00:00, run_after=2024-07-02 00:00:00+00:00
[2024-07-02T19:44:31.068+0000] {processor.py:183} INFO - Processing /usr/local/python/3.10.13/lib/python3.10/site-packages/airflow/example_dags/example_short_circuit_operator.py took 0.082 seconds
[2024-07-02T19:45:12.593+0000] {processor.py:161} INFO - Started process (PID=21853) to work on /usr/local/python/3.10.13/lib/python3.10/site-packages/airflow/example_dags/example_short_circuit_operator.py
[2024-07-02T19:45:12.594+0000] {processor.py:830} INFO - Processing file /usr/local/python/3.10.13/lib/python3.10/site-packages/airflow/example_dags/example_short_circuit_operator.py for tasks to queue
[2024-07-02T19:45:12.594+0000] {logging_mixin.py:188} INFO - [2024-07-02T19:45:12.594+0000] {dagbag.py:545} INFO - Filling up the DagBag from /usr/local/python/3.10.13/lib/python3.10/site-packages/airflow/example_dags/example_short_circuit_operator.py
[2024-07-02T19:45:12.601+0000] {processor.py:840} INFO - DAG(s) 'example_short_circuit_operator' retrieved from /usr/local/python/3.10.13/lib/python3.10/site-packages/airflow/example_dags/example_short_circuit_operator.py
[2024-07-02T19:45:12.614+0000] {logging_mixin.py:188} INFO - [2024-07-02T19:45:12.614+0000] {dag.py:3096} INFO - Sync 1 DAGs
[2024-07-02T19:45:12.631+0000] {logging_mixin.py:188} INFO - [2024-07-02T19:45:12.631+0000] {dag.py:3954} INFO - Setting next_dagrun for example_short_circuit_operator to 2024-07-01 00:00:00+00:00, run_after=2024-07-02 00:00:00+00:00
[2024-07-02T19:45:12.677+0000] {processor.py:183} INFO - Processing /usr/local/python/3.10.13/lib/python3.10/site-packages/airflow/example_dags/example_short_circuit_operator.py took 0.089 seconds
[2024-07-02T19:46:14.816+0000] {processor.py:161} INFO - Started process (PID=22286) to work on /usr/local/python/3.10.13/lib/python3.10/site-packages/airflow/example_dags/example_short_circuit_operator.py
[2024-07-02T19:46:14.817+0000] {processor.py:830} INFO - Processing file /usr/local/python/3.10.13/lib/python3.10/site-packages/airflow/example_dags/example_short_circuit_operator.py for tasks to queue
[2024-07-02T19:46:14.818+0000] {logging_mixin.py:188} INFO - [2024-07-02T19:46:14.817+0000] {dagbag.py:545} INFO - Filling up the DagBag from /usr/local/python/3.10.13/lib/python3.10/site-packages/airflow/example_dags/example_short_circuit_operator.py
[2024-07-02T19:46:14.824+0000] {processor.py:840} INFO - DAG(s) 'example_short_circuit_operator' retrieved from /usr/local/python/3.10.13/lib/python3.10/site-packages/airflow/example_dags/example_short_circuit_operator.py
[2024-07-02T19:46:14.838+0000] {logging_mixin.py:188} INFO - [2024-07-02T19:46:14.838+0000] {dag.py:3096} INFO - Sync 1 DAGs
[2024-07-02T19:46:14.853+0000] {logging_mixin.py:188} INFO - [2024-07-02T19:46:14.852+0000] {dag.py:3954} INFO - Setting next_dagrun for example_short_circuit_operator to 2024-07-01 00:00:00+00:00, run_after=2024-07-02 00:00:00+00:00
[2024-07-02T19:46:14.892+0000] {processor.py:183} INFO - Processing /usr/local/python/3.10.13/lib/python3.10/site-packages/airflow/example_dags/example_short_circuit_operator.py took 0.080 seconds
[2024-07-02T19:47:01.246+0000] {processor.py:161} INFO - Started process (PID=22619) to work on /usr/local/python/3.10.13/lib/python3.10/site-packages/airflow/example_dags/example_short_circuit_operator.py
[2024-07-02T19:47:01.247+0000] {processor.py:830} INFO - Processing file /usr/local/python/3.10.13/lib/python3.10/site-packages/airflow/example_dags/example_short_circuit_operator.py for tasks to queue
[2024-07-02T19:47:01.248+0000] {logging_mixin.py:188} INFO - [2024-07-02T19:47:01.247+0000] {dagbag.py:545} INFO - Filling up the DagBag from /usr/local/python/3.10.13/lib/python3.10/site-packages/airflow/example_dags/example_short_circuit_operator.py
[2024-07-02T19:47:01.253+0000] {processor.py:840} INFO - DAG(s) 'example_short_circuit_operator' retrieved from /usr/local/python/3.10.13/lib/python3.10/site-packages/airflow/example_dags/example_short_circuit_operator.py
[2024-07-02T19:47:01.268+0000] {logging_mixin.py:188} INFO - [2024-07-02T19:47:01.268+0000] {dag.py:3096} INFO - Sync 1 DAGs
[2024-07-02T19:47:01.282+0000] {logging_mixin.py:188} INFO - [2024-07-02T19:47:01.282+0000] {dag.py:3954} INFO - Setting next_dagrun for example_short_circuit_operator to 2024-07-01 00:00:00+00:00, run_after=2024-07-02 00:00:00+00:00
[2024-07-02T19:47:01.322+0000] {processor.py:183} INFO - Processing /usr/local/python/3.10.13/lib/python3.10/site-packages/airflow/example_dags/example_short_circuit_operator.py took 0.080 seconds
[2024-07-02T19:47:47.965+0000] {processor.py:161} INFO - Started process (PID=22940) to work on /usr/local/python/3.10.13/lib/python3.10/site-packages/airflow/example_dags/example_short_circuit_operator.py
[2024-07-02T19:47:47.966+0000] {processor.py:830} INFO - Processing file /usr/local/python/3.10.13/lib/python3.10/site-packages/airflow/example_dags/example_short_circuit_operator.py for tasks to queue
[2024-07-02T19:47:47.968+0000] {logging_mixin.py:188} INFO - [2024-07-02T19:47:47.967+0000] {dagbag.py:545} INFO - Filling up the DagBag from /usr/local/python/3.10.13/lib/python3.10/site-packages/airflow/example_dags/example_short_circuit_operator.py
[2024-07-02T19:47:47.980+0000] {processor.py:840} INFO - DAG(s) 'example_short_circuit_operator' retrieved from /usr/local/python/3.10.13/lib/python3.10/site-packages/airflow/example_dags/example_short_circuit_operator.py
[2024-07-02T19:47:48.006+0000] {logging_mixin.py:188} INFO - [2024-07-02T19:47:48.006+0000] {dag.py:3096} INFO - Sync 1 DAGs
[2024-07-02T19:47:48.030+0000] {logging_mixin.py:188} INFO - [2024-07-02T19:47:48.030+0000] {dag.py:3954} INFO - Setting next_dagrun for example_short_circuit_operator to 2024-07-01 00:00:00+00:00, run_after=2024-07-02 00:00:00+00:00
[2024-07-02T19:47:48.078+0000] {processor.py:183} INFO - Processing /usr/local/python/3.10.13/lib/python3.10/site-packages/airflow/example_dags/example_short_circuit_operator.py took 0.120 seconds
[2024-07-02T19:48:51.228+0000] {processor.py:161} INFO - Started process (PID=23404) to work on /usr/local/python/3.10.13/lib/python3.10/site-packages/airflow/example_dags/example_short_circuit_operator.py
[2024-07-02T19:48:51.229+0000] {processor.py:830} INFO - Processing file /usr/local/python/3.10.13/lib/python3.10/site-packages/airflow/example_dags/example_short_circuit_operator.py for tasks to queue
[2024-07-02T19:48:51.230+0000] {logging_mixin.py:188} INFO - [2024-07-02T19:48:51.229+0000] {dagbag.py:545} INFO - Filling up the DagBag from /usr/local/python/3.10.13/lib/python3.10/site-packages/airflow/example_dags/example_short_circuit_operator.py
[2024-07-02T19:48:51.236+0000] {processor.py:840} INFO - DAG(s) 'example_short_circuit_operator' retrieved from /usr/local/python/3.10.13/lib/python3.10/site-packages/airflow/example_dags/example_short_circuit_operator.py
[2024-07-02T19:48:51.250+0000] {logging_mixin.py:188} INFO - [2024-07-02T19:48:51.249+0000] {dag.py:3096} INFO - Sync 1 DAGs
[2024-07-02T19:48:51.264+0000] {logging_mixin.py:188} INFO - [2024-07-02T19:48:51.264+0000] {dag.py:3954} INFO - Setting next_dagrun for example_short_circuit_operator to 2024-07-01 00:00:00+00:00, run_after=2024-07-02 00:00:00+00:00
[2024-07-02T19:48:51.303+0000] {processor.py:183} INFO - Processing /usr/local/python/3.10.13/lib/python3.10/site-packages/airflow/example_dags/example_short_circuit_operator.py took 0.079 seconds
[2024-07-02T19:49:34.920+0000] {processor.py:161} INFO - Started process (PID=23725) to work on /usr/local/python/3.10.13/lib/python3.10/site-packages/airflow/example_dags/example_short_circuit_operator.py
[2024-07-02T19:49:34.921+0000] {processor.py:830} INFO - Processing file /usr/local/python/3.10.13/lib/python3.10/site-packages/airflow/example_dags/example_short_circuit_operator.py for tasks to queue
[2024-07-02T19:49:34.922+0000] {logging_mixin.py:188} INFO - [2024-07-02T19:49:34.921+0000] {dagbag.py:545} INFO - Filling up the DagBag from /usr/local/python/3.10.13/lib/python3.10/site-packages/airflow/example_dags/example_short_circuit_operator.py
[2024-07-02T19:49:34.928+0000] {processor.py:840} INFO - DAG(s) 'example_short_circuit_operator' retrieved from /usr/local/python/3.10.13/lib/python3.10/site-packages/airflow/example_dags/example_short_circuit_operator.py
[2024-07-02T19:49:34.943+0000] {logging_mixin.py:188} INFO - [2024-07-02T19:49:34.942+0000] {dag.py:3096} INFO - Sync 1 DAGs
[2024-07-02T19:49:34.957+0000] {logging_mixin.py:188} INFO - [2024-07-02T19:49:34.957+0000] {dag.py:3954} INFO - Setting next_dagrun for example_short_circuit_operator to 2024-07-01 00:00:00+00:00, run_after=2024-07-02 00:00:00+00:00
[2024-07-02T19:49:34.996+0000] {processor.py:183} INFO - Processing /usr/local/python/3.10.13/lib/python3.10/site-packages/airflow/example_dags/example_short_circuit_operator.py took 0.080 seconds
[2024-07-02T19:50:19.386+0000] {processor.py:161} INFO - Started process (PID=24069) to work on /usr/local/python/3.10.13/lib/python3.10/site-packages/airflow/example_dags/example_short_circuit_operator.py
[2024-07-02T19:50:19.386+0000] {processor.py:830} INFO - Processing file /usr/local/python/3.10.13/lib/python3.10/site-packages/airflow/example_dags/example_short_circuit_operator.py for tasks to queue
[2024-07-02T19:50:19.387+0000] {logging_mixin.py:188} INFO - [2024-07-02T19:50:19.387+0000] {dagbag.py:545} INFO - Filling up the DagBag from /usr/local/python/3.10.13/lib/python3.10/site-packages/airflow/example_dags/example_short_circuit_operator.py
[2024-07-02T19:50:19.395+0000] {processor.py:840} INFO - DAG(s) 'example_short_circuit_operator' retrieved from /usr/local/python/3.10.13/lib/python3.10/site-packages/airflow/example_dags/example_short_circuit_operator.py
[2024-07-02T19:50:19.409+0000] {logging_mixin.py:188} INFO - [2024-07-02T19:50:19.409+0000] {dag.py:3096} INFO - Sync 1 DAGs
[2024-07-02T19:50:19.424+0000] {logging_mixin.py:188} INFO - [2024-07-02T19:50:19.423+0000] {dag.py:3954} INFO - Setting next_dagrun for example_short_circuit_operator to 2024-07-01 00:00:00+00:00, run_after=2024-07-02 00:00:00+00:00
[2024-07-02T19:50:19.469+0000] {processor.py:183} INFO - Processing /usr/local/python/3.10.13/lib/python3.10/site-packages/airflow/example_dags/example_short_circuit_operator.py took 0.088 seconds
[2024-07-02T19:51:04.191+0000] {processor.py:161} INFO - Started process (PID=24416) to work on /usr/local/python/3.10.13/lib/python3.10/site-packages/airflow/example_dags/example_short_circuit_operator.py
[2024-07-02T19:51:04.192+0000] {processor.py:830} INFO - Processing file /usr/local/python/3.10.13/lib/python3.10/site-packages/airflow/example_dags/example_short_circuit_operator.py for tasks to queue
[2024-07-02T19:51:04.192+0000] {logging_mixin.py:188} INFO - [2024-07-02T19:51:04.192+0000] {dagbag.py:545} INFO - Filling up the DagBag from /usr/local/python/3.10.13/lib/python3.10/site-packages/airflow/example_dags/example_short_circuit_operator.py
[2024-07-02T19:51:04.198+0000] {processor.py:840} INFO - DAG(s) 'example_short_circuit_operator' retrieved from /usr/local/python/3.10.13/lib/python3.10/site-packages/airflow/example_dags/example_short_circuit_operator.py
[2024-07-02T19:51:04.212+0000] {logging_mixin.py:188} INFO - [2024-07-02T19:51:04.212+0000] {dag.py:3096} INFO - Sync 1 DAGs
[2024-07-02T19:51:04.227+0000] {logging_mixin.py:188} INFO - [2024-07-02T19:51:04.226+0000] {dag.py:3954} INFO - Setting next_dagrun for example_short_circuit_operator to 2024-07-01 00:00:00+00:00, run_after=2024-07-02 00:00:00+00:00
[2024-07-02T19:51:04.281+0000] {processor.py:183} INFO - Processing /usr/local/python/3.10.13/lib/python3.10/site-packages/airflow/example_dags/example_short_circuit_operator.py took 0.095 seconds
[2024-07-02T19:51:49.854+0000] {processor.py:161} INFO - Started process (PID=24748) to work on /usr/local/python/3.10.13/lib/python3.10/site-packages/airflow/example_dags/example_short_circuit_operator.py
[2024-07-02T19:51:49.854+0000] {processor.py:830} INFO - Processing file /usr/local/python/3.10.13/lib/python3.10/site-packages/airflow/example_dags/example_short_circuit_operator.py for tasks to queue
[2024-07-02T19:51:49.855+0000] {logging_mixin.py:188} INFO - [2024-07-02T19:51:49.855+0000] {dagbag.py:545} INFO - Filling up the DagBag from /usr/local/python/3.10.13/lib/python3.10/site-packages/airflow/example_dags/example_short_circuit_operator.py
[2024-07-02T19:51:49.864+0000] {processor.py:840} INFO - DAG(s) 'example_short_circuit_operator' retrieved from /usr/local/python/3.10.13/lib/python3.10/site-packages/airflow/example_dags/example_short_circuit_operator.py
[2024-07-02T19:51:49.879+0000] {logging_mixin.py:188} INFO - [2024-07-02T19:51:49.878+0000] {dag.py:3096} INFO - Sync 1 DAGs
[2024-07-02T19:51:49.893+0000] {logging_mixin.py:188} INFO - [2024-07-02T19:51:49.893+0000] {dag.py:3954} INFO - Setting next_dagrun for example_short_circuit_operator to 2024-07-01 00:00:00+00:00, run_after=2024-07-02 00:00:00+00:00
[2024-07-02T19:51:49.934+0000] {processor.py:183} INFO - Processing /usr/local/python/3.10.13/lib/python3.10/site-packages/airflow/example_dags/example_short_circuit_operator.py took 0.087 seconds
[2024-07-02T19:52:32.903+0000] {processor.py:161} INFO - Started process (PID=25095) to work on /usr/local/python/3.10.13/lib/python3.10/site-packages/airflow/example_dags/example_short_circuit_operator.py
[2024-07-02T19:52:32.904+0000] {processor.py:830} INFO - Processing file /usr/local/python/3.10.13/lib/python3.10/site-packages/airflow/example_dags/example_short_circuit_operator.py for tasks to queue
[2024-07-02T19:52:32.905+0000] {logging_mixin.py:188} INFO - [2024-07-02T19:52:32.905+0000] {dagbag.py:545} INFO - Filling up the DagBag from /usr/local/python/3.10.13/lib/python3.10/site-packages/airflow/example_dags/example_short_circuit_operator.py
[2024-07-02T19:52:32.911+0000] {processor.py:840} INFO - DAG(s) 'example_short_circuit_operator' retrieved from /usr/local/python/3.10.13/lib/python3.10/site-packages/airflow/example_dags/example_short_circuit_operator.py
[2024-07-02T19:52:32.925+0000] {logging_mixin.py:188} INFO - [2024-07-02T19:52:32.925+0000] {dag.py:3096} INFO - Sync 1 DAGs
[2024-07-02T19:52:32.939+0000] {logging_mixin.py:188} INFO - [2024-07-02T19:52:32.939+0000] {dag.py:3954} INFO - Setting next_dagrun for example_short_circuit_operator to 2024-07-01 00:00:00+00:00, run_after=2024-07-02 00:00:00+00:00
[2024-07-02T19:52:32.979+0000] {processor.py:183} INFO - Processing /usr/local/python/3.10.13/lib/python3.10/site-packages/airflow/example_dags/example_short_circuit_operator.py took 0.080 seconds
[2024-07-02T19:53:18.123+0000] {processor.py:161} INFO - Started process (PID=25430) to work on /usr/local/python/3.10.13/lib/python3.10/site-packages/airflow/example_dags/example_short_circuit_operator.py
[2024-07-02T19:53:18.124+0000] {processor.py:830} INFO - Processing file /usr/local/python/3.10.13/lib/python3.10/site-packages/airflow/example_dags/example_short_circuit_operator.py for tasks to queue
[2024-07-02T19:53:18.124+0000] {logging_mixin.py:188} INFO - [2024-07-02T19:53:18.124+0000] {dagbag.py:545} INFO - Filling up the DagBag from /usr/local/python/3.10.13/lib/python3.10/site-packages/airflow/example_dags/example_short_circuit_operator.py
[2024-07-02T19:53:18.130+0000] {processor.py:840} INFO - DAG(s) 'example_short_circuit_operator' retrieved from /usr/local/python/3.10.13/lib/python3.10/site-packages/airflow/example_dags/example_short_circuit_operator.py
[2024-07-02T19:53:18.144+0000] {logging_mixin.py:188} INFO - [2024-07-02T19:53:18.144+0000] {dag.py:3096} INFO - Sync 1 DAGs
[2024-07-02T19:53:18.158+0000] {logging_mixin.py:188} INFO - [2024-07-02T19:53:18.158+0000] {dag.py:3954} INFO - Setting next_dagrun for example_short_circuit_operator to 2024-07-01 00:00:00+00:00, run_after=2024-07-02 00:00:00+00:00
[2024-07-02T19:53:18.198+0000] {processor.py:183} INFO - Processing /usr/local/python/3.10.13/lib/python3.10/site-packages/airflow/example_dags/example_short_circuit_operator.py took 0.079 seconds
[2024-07-02T19:54:03.206+0000] {processor.py:161} INFO - Started process (PID=25757) to work on /usr/local/python/3.10.13/lib/python3.10/site-packages/airflow/example_dags/example_short_circuit_operator.py
[2024-07-02T19:54:03.207+0000] {processor.py:830} INFO - Processing file /usr/local/python/3.10.13/lib/python3.10/site-packages/airflow/example_dags/example_short_circuit_operator.py for tasks to queue
[2024-07-02T19:54:03.208+0000] {logging_mixin.py:188} INFO - [2024-07-02T19:54:03.208+0000] {dagbag.py:545} INFO - Filling up the DagBag from /usr/local/python/3.10.13/lib/python3.10/site-packages/airflow/example_dags/example_short_circuit_operator.py
[2024-07-02T19:54:03.214+0000] {processor.py:840} INFO - DAG(s) 'example_short_circuit_operator' retrieved from /usr/local/python/3.10.13/lib/python3.10/site-packages/airflow/example_dags/example_short_circuit_operator.py
[2024-07-02T19:54:03.233+0000] {logging_mixin.py:188} INFO - [2024-07-02T19:54:03.233+0000] {dag.py:3096} INFO - Sync 1 DAGs
[2024-07-02T19:54:03.248+0000] {logging_mixin.py:188} INFO - [2024-07-02T19:54:03.247+0000] {dag.py:3954} INFO - Setting next_dagrun for example_short_circuit_operator to 2024-07-01 00:00:00+00:00, run_after=2024-07-02 00:00:00+00:00
[2024-07-02T19:54:03.287+0000] {processor.py:183} INFO - Processing /usr/local/python/3.10.13/lib/python3.10/site-packages/airflow/example_dags/example_short_circuit_operator.py took 0.085 seconds
[2024-07-02T19:54:46.922+0000] {processor.py:161} INFO - Started process (PID=26101) to work on /usr/local/python/3.10.13/lib/python3.10/site-packages/airflow/example_dags/example_short_circuit_operator.py
[2024-07-02T19:54:46.923+0000] {processor.py:830} INFO - Processing file /usr/local/python/3.10.13/lib/python3.10/site-packages/airflow/example_dags/example_short_circuit_operator.py for tasks to queue
[2024-07-02T19:54:46.924+0000] {logging_mixin.py:188} INFO - [2024-07-02T19:54:46.924+0000] {dagbag.py:545} INFO - Filling up the DagBag from /usr/local/python/3.10.13/lib/python3.10/site-packages/airflow/example_dags/example_short_circuit_operator.py
[2024-07-02T19:54:46.930+0000] {processor.py:840} INFO - DAG(s) 'example_short_circuit_operator' retrieved from /usr/local/python/3.10.13/lib/python3.10/site-packages/airflow/example_dags/example_short_circuit_operator.py
[2024-07-02T19:54:46.943+0000] {logging_mixin.py:188} INFO - [2024-07-02T19:54:46.943+0000] {dag.py:3096} INFO - Sync 1 DAGs
[2024-07-02T19:54:46.957+0000] {logging_mixin.py:188} INFO - [2024-07-02T19:54:46.957+0000] {dag.py:3954} INFO - Setting next_dagrun for example_short_circuit_operator to 2024-07-01 00:00:00+00:00, run_after=2024-07-02 00:00:00+00:00
[2024-07-02T19:54:46.999+0000] {processor.py:183} INFO - Processing /usr/local/python/3.10.13/lib/python3.10/site-packages/airflow/example_dags/example_short_circuit_operator.py took 0.081 seconds
[2024-07-02T19:55:28.668+0000] {processor.py:161} INFO - Started process (PID=26424) to work on /usr/local/python/3.10.13/lib/python3.10/site-packages/airflow/example_dags/example_short_circuit_operator.py
[2024-07-02T19:55:28.669+0000] {processor.py:830} INFO - Processing file /usr/local/python/3.10.13/lib/python3.10/site-packages/airflow/example_dags/example_short_circuit_operator.py for tasks to queue
[2024-07-02T19:55:28.670+0000] {logging_mixin.py:188} INFO - [2024-07-02T19:55:28.669+0000] {dagbag.py:545} INFO - Filling up the DagBag from /usr/local/python/3.10.13/lib/python3.10/site-packages/airflow/example_dags/example_short_circuit_operator.py
[2024-07-02T19:55:28.676+0000] {processor.py:840} INFO - DAG(s) 'example_short_circuit_operator' retrieved from /usr/local/python/3.10.13/lib/python3.10/site-packages/airflow/example_dags/example_short_circuit_operator.py
[2024-07-02T19:55:28.690+0000] {logging_mixin.py:188} INFO - [2024-07-02T19:55:28.690+0000] {dag.py:3096} INFO - Sync 1 DAGs
[2024-07-02T19:55:28.704+0000] {logging_mixin.py:188} INFO - [2024-07-02T19:55:28.704+0000] {dag.py:3954} INFO - Setting next_dagrun for example_short_circuit_operator to 2024-07-01 00:00:00+00:00, run_after=2024-07-02 00:00:00+00:00
[2024-07-02T19:55:28.748+0000] {processor.py:183} INFO - Processing /usr/local/python/3.10.13/lib/python3.10/site-packages/airflow/example_dags/example_short_circuit_operator.py took 0.084 seconds
[2024-07-02T19:56:15.301+0000] {processor.py:161} INFO - Started process (PID=26834) to work on /usr/local/python/3.10.13/lib/python3.10/site-packages/airflow/example_dags/example_short_circuit_operator.py
[2024-07-02T19:56:15.301+0000] {processor.py:830} INFO - Processing file /usr/local/python/3.10.13/lib/python3.10/site-packages/airflow/example_dags/example_short_circuit_operator.py for tasks to queue
[2024-07-02T19:56:15.302+0000] {logging_mixin.py:188} INFO - [2024-07-02T19:56:15.302+0000] {dagbag.py:545} INFO - Filling up the DagBag from /usr/local/python/3.10.13/lib/python3.10/site-packages/airflow/example_dags/example_short_circuit_operator.py
[2024-07-02T19:56:15.308+0000] {processor.py:840} INFO - DAG(s) 'example_short_circuit_operator' retrieved from /usr/local/python/3.10.13/lib/python3.10/site-packages/airflow/example_dags/example_short_circuit_operator.py
[2024-07-02T19:56:15.322+0000] {logging_mixin.py:188} INFO - [2024-07-02T19:56:15.322+0000] {dag.py:3096} INFO - Sync 1 DAGs
[2024-07-02T19:56:15.336+0000] {logging_mixin.py:188} INFO - [2024-07-02T19:56:15.336+0000] {dag.py:3954} INFO - Setting next_dagrun for example_short_circuit_operator to 2024-07-01 00:00:00+00:00, run_after=2024-07-02 00:00:00+00:00
[2024-07-02T19:56:15.384+0000] {processor.py:183} INFO - Processing /usr/local/python/3.10.13/lib/python3.10/site-packages/airflow/example_dags/example_short_circuit_operator.py took 0.088 seconds
[2024-07-02T19:57:08.338+0000] {processor.py:161} INFO - Started process (PID=27309) to work on /usr/local/python/3.10.13/lib/python3.10/site-packages/airflow/example_dags/example_short_circuit_operator.py
[2024-07-02T19:57:08.338+0000] {processor.py:830} INFO - Processing file /usr/local/python/3.10.13/lib/python3.10/site-packages/airflow/example_dags/example_short_circuit_operator.py for tasks to queue
[2024-07-02T19:57:08.339+0000] {logging_mixin.py:188} INFO - [2024-07-02T19:57:08.339+0000] {dagbag.py:545} INFO - Filling up the DagBag from /usr/local/python/3.10.13/lib/python3.10/site-packages/airflow/example_dags/example_short_circuit_operator.py
[2024-07-02T19:57:08.345+0000] {processor.py:840} INFO - DAG(s) 'example_short_circuit_operator' retrieved from /usr/local/python/3.10.13/lib/python3.10/site-packages/airflow/example_dags/example_short_circuit_operator.py
[2024-07-02T19:57:08.359+0000] {logging_mixin.py:188} INFO - [2024-07-02T19:57:08.359+0000] {dag.py:3096} INFO - Sync 1 DAGs
[2024-07-02T19:57:08.374+0000] {logging_mixin.py:188} INFO - [2024-07-02T19:57:08.373+0000] {dag.py:3954} INFO - Setting next_dagrun for example_short_circuit_operator to 2024-07-01 00:00:00+00:00, run_after=2024-07-02 00:00:00+00:00
[2024-07-02T19:57:08.413+0000] {processor.py:183} INFO - Processing /usr/local/python/3.10.13/lib/python3.10/site-packages/airflow/example_dags/example_short_circuit_operator.py took 0.080 seconds
