[2024-07-02T19:10:31.790+0000] {processor.py:161} INFO - Started process (PID=5662) to work on /usr/local/python/3.10.13/lib/python3.10/site-packages/airflow/example_dags/example_sensor_decorator.py
[2024-07-02T19:10:31.790+0000] {processor.py:830} INFO - Processing file /usr/local/python/3.10.13/lib/python3.10/site-packages/airflow/example_dags/example_sensor_decorator.py for tasks to queue
[2024-07-02T19:10:31.791+0000] {logging_mixin.py:188} INFO - [2024-07-02T19:10:31.791+0000] {dagbag.py:545} INFO - Filling up the DagBag from /usr/local/python/3.10.13/lib/python3.10/site-packages/airflow/example_dags/example_sensor_decorator.py
[2024-07-02T19:10:31.797+0000] {processor.py:840} INFO - DAG(s) 'example_sensor_decorator' retrieved from /usr/local/python/3.10.13/lib/python3.10/site-packages/airflow/example_dags/example_sensor_decorator.py
[2024-07-02T19:10:32.000+0000] {logging_mixin.py:188} INFO - [2024-07-02T19:10:32.000+0000] {override.py:1829} INFO - Created Permission View: can edit on DAG:example_sensor_decorator
[2024-07-02T19:10:32.031+0000] {logging_mixin.py:188} INFO - [2024-07-02T19:10:32.031+0000] {override.py:1829} INFO - Created Permission View: can read on DAG:example_sensor_decorator
[2024-07-02T19:10:32.061+0000] {logging_mixin.py:188} INFO - [2024-07-02T19:10:32.060+0000] {override.py:1829} INFO - Created Permission View: can delete on DAG:example_sensor_decorator
[2024-07-02T19:10:32.061+0000] {logging_mixin.py:188} INFO - [2024-07-02T19:10:32.061+0000] {dag.py:3096} INFO - Sync 1 DAGs
[2024-07-02T19:10:32.070+0000] {logging_mixin.py:188} INFO - [2024-07-02T19:10:32.070+0000] {dag.py:3118} INFO - Creating ORM DAG for example_sensor_decorator
[2024-07-02T19:10:32.070+0000] {logging_mixin.py:188} INFO - [2024-07-02T19:10:32.070+0000] {dag.py:3954} INFO - Setting next_dagrun for example_sensor_decorator to None, run_after=None
[2024-07-02T19:10:32.114+0000] {processor.py:183} INFO - Processing /usr/local/python/3.10.13/lib/python3.10/site-packages/airflow/example_dags/example_sensor_decorator.py took 0.329 seconds
[2024-07-02T19:11:32.997+0000] {processor.py:161} INFO - Started process (PID=6114) to work on /usr/local/python/3.10.13/lib/python3.10/site-packages/airflow/example_dags/example_sensor_decorator.py
[2024-07-02T19:11:32.998+0000] {processor.py:830} INFO - Processing file /usr/local/python/3.10.13/lib/python3.10/site-packages/airflow/example_dags/example_sensor_decorator.py for tasks to queue
[2024-07-02T19:11:32.999+0000] {logging_mixin.py:188} INFO - [2024-07-02T19:11:32.999+0000] {dagbag.py:545} INFO - Filling up the DagBag from /usr/local/python/3.10.13/lib/python3.10/site-packages/airflow/example_dags/example_sensor_decorator.py
[2024-07-02T19:11:33.004+0000] {processor.py:840} INFO - DAG(s) 'example_sensor_decorator' retrieved from /usr/local/python/3.10.13/lib/python3.10/site-packages/airflow/example_dags/example_sensor_decorator.py
[2024-07-02T19:11:33.015+0000] {logging_mixin.py:188} INFO - [2024-07-02T19:11:33.014+0000] {dag.py:3096} INFO - Sync 1 DAGs
[2024-07-02T19:11:33.023+0000] {logging_mixin.py:188} INFO - [2024-07-02T19:11:33.023+0000] {dag.py:3954} INFO - Setting next_dagrun for example_sensor_decorator to None, run_after=None
[2024-07-02T19:11:33.065+0000] {processor.py:183} INFO - Processing /usr/local/python/3.10.13/lib/python3.10/site-packages/airflow/example_dags/example_sensor_decorator.py took 0.072 seconds
[2024-07-02T19:12:22.842+0000] {processor.py:161} INFO - Started process (PID=6483) to work on /usr/local/python/3.10.13/lib/python3.10/site-packages/airflow/example_dags/example_sensor_decorator.py
[2024-07-02T19:12:22.843+0000] {processor.py:830} INFO - Processing file /usr/local/python/3.10.13/lib/python3.10/site-packages/airflow/example_dags/example_sensor_decorator.py for tasks to queue
[2024-07-02T19:12:22.844+0000] {logging_mixin.py:188} INFO - [2024-07-02T19:12:22.844+0000] {dagbag.py:545} INFO - Filling up the DagBag from /usr/local/python/3.10.13/lib/python3.10/site-packages/airflow/example_dags/example_sensor_decorator.py
[2024-07-02T19:12:22.849+0000] {processor.py:840} INFO - DAG(s) 'example_sensor_decorator' retrieved from /usr/local/python/3.10.13/lib/python3.10/site-packages/airflow/example_dags/example_sensor_decorator.py
[2024-07-02T19:12:22.865+0000] {logging_mixin.py:188} INFO - [2024-07-02T19:12:22.865+0000] {dag.py:3096} INFO - Sync 1 DAGs
[2024-07-02T19:12:22.881+0000] {logging_mixin.py:188} INFO - [2024-07-02T19:12:22.881+0000] {dag.py:3954} INFO - Setting next_dagrun for example_sensor_decorator to None, run_after=None
[2024-07-02T19:12:22.929+0000] {processor.py:183} INFO - Processing /usr/local/python/3.10.13/lib/python3.10/site-packages/airflow/example_dags/example_sensor_decorator.py took 0.092 seconds
[2024-07-02T19:13:12.377+0000] {processor.py:161} INFO - Started process (PID=6864) to work on /usr/local/python/3.10.13/lib/python3.10/site-packages/airflow/example_dags/example_sensor_decorator.py
[2024-07-02T19:13:12.377+0000] {processor.py:830} INFO - Processing file /usr/local/python/3.10.13/lib/python3.10/site-packages/airflow/example_dags/example_sensor_decorator.py for tasks to queue
[2024-07-02T19:13:12.378+0000] {logging_mixin.py:188} INFO - [2024-07-02T19:13:12.378+0000] {dagbag.py:545} INFO - Filling up the DagBag from /usr/local/python/3.10.13/lib/python3.10/site-packages/airflow/example_dags/example_sensor_decorator.py
[2024-07-02T19:13:12.383+0000] {processor.py:840} INFO - DAG(s) 'example_sensor_decorator' retrieved from /usr/local/python/3.10.13/lib/python3.10/site-packages/airflow/example_dags/example_sensor_decorator.py
[2024-07-02T19:13:12.394+0000] {logging_mixin.py:188} INFO - [2024-07-02T19:13:12.393+0000] {dag.py:3096} INFO - Sync 1 DAGs
[2024-07-02T19:13:12.402+0000] {logging_mixin.py:188} INFO - [2024-07-02T19:13:12.402+0000] {dag.py:3954} INFO - Setting next_dagrun for example_sensor_decorator to None, run_after=None
[2024-07-02T19:13:12.447+0000] {processor.py:183} INFO - Processing /usr/local/python/3.10.13/lib/python3.10/site-packages/airflow/example_dags/example_sensor_decorator.py took 0.075 seconds
[2024-07-02T19:13:54.158+0000] {processor.py:161} INFO - Started process (PID=7181) to work on /usr/local/python/3.10.13/lib/python3.10/site-packages/airflow/example_dags/example_sensor_decorator.py
[2024-07-02T19:13:54.159+0000] {processor.py:830} INFO - Processing file /usr/local/python/3.10.13/lib/python3.10/site-packages/airflow/example_dags/example_sensor_decorator.py for tasks to queue
[2024-07-02T19:13:54.160+0000] {logging_mixin.py:188} INFO - [2024-07-02T19:13:54.160+0000] {dagbag.py:545} INFO - Filling up the DagBag from /usr/local/python/3.10.13/lib/python3.10/site-packages/airflow/example_dags/example_sensor_decorator.py
[2024-07-02T19:13:54.167+0000] {processor.py:840} INFO - DAG(s) 'example_sensor_decorator' retrieved from /usr/local/python/3.10.13/lib/python3.10/site-packages/airflow/example_dags/example_sensor_decorator.py
[2024-07-02T19:13:54.183+0000] {logging_mixin.py:188} INFO - [2024-07-02T19:13:54.182+0000] {dag.py:3096} INFO - Sync 1 DAGs
[2024-07-02T19:13:54.193+0000] {logging_mixin.py:188} INFO - [2024-07-02T19:13:54.193+0000] {dag.py:3954} INFO - Setting next_dagrun for example_sensor_decorator to None, run_after=None
[2024-07-02T19:13:54.234+0000] {processor.py:183} INFO - Processing /usr/local/python/3.10.13/lib/python3.10/site-packages/airflow/example_dags/example_sensor_decorator.py took 0.083 seconds
[2024-07-02T19:14:35.283+0000] {processor.py:161} INFO - Started process (PID=7505) to work on /usr/local/python/3.10.13/lib/python3.10/site-packages/airflow/example_dags/example_sensor_decorator.py
[2024-07-02T19:14:35.284+0000] {processor.py:830} INFO - Processing file /usr/local/python/3.10.13/lib/python3.10/site-packages/airflow/example_dags/example_sensor_decorator.py for tasks to queue
[2024-07-02T19:14:35.286+0000] {logging_mixin.py:188} INFO - [2024-07-02T19:14:35.286+0000] {dagbag.py:545} INFO - Filling up the DagBag from /usr/local/python/3.10.13/lib/python3.10/site-packages/airflow/example_dags/example_sensor_decorator.py
[2024-07-02T19:14:35.294+0000] {processor.py:840} INFO - DAG(s) 'example_sensor_decorator' retrieved from /usr/local/python/3.10.13/lib/python3.10/site-packages/airflow/example_dags/example_sensor_decorator.py
[2024-07-02T19:14:35.310+0000] {logging_mixin.py:188} INFO - [2024-07-02T19:14:35.310+0000] {dag.py:3096} INFO - Sync 1 DAGs
[2024-07-02T19:14:35.319+0000] {logging_mixin.py:188} INFO - [2024-07-02T19:14:35.319+0000] {dag.py:3954} INFO - Setting next_dagrun for example_sensor_decorator to None, run_after=None
[2024-07-02T19:14:35.359+0000] {processor.py:183} INFO - Processing /usr/local/python/3.10.13/lib/python3.10/site-packages/airflow/example_dags/example_sensor_decorator.py took 0.083 seconds
[2024-07-02T19:15:18.982+0000] {processor.py:161} INFO - Started process (PID=7837) to work on /usr/local/python/3.10.13/lib/python3.10/site-packages/airflow/example_dags/example_sensor_decorator.py
[2024-07-02T19:15:18.983+0000] {processor.py:830} INFO - Processing file /usr/local/python/3.10.13/lib/python3.10/site-packages/airflow/example_dags/example_sensor_decorator.py for tasks to queue
[2024-07-02T19:15:18.984+0000] {logging_mixin.py:188} INFO - [2024-07-02T19:15:18.983+0000] {dagbag.py:545} INFO - Filling up the DagBag from /usr/local/python/3.10.13/lib/python3.10/site-packages/airflow/example_dags/example_sensor_decorator.py
[2024-07-02T19:15:18.988+0000] {processor.py:840} INFO - DAG(s) 'example_sensor_decorator' retrieved from /usr/local/python/3.10.13/lib/python3.10/site-packages/airflow/example_dags/example_sensor_decorator.py
[2024-07-02T19:15:18.999+0000] {logging_mixin.py:188} INFO - [2024-07-02T19:15:18.999+0000] {dag.py:3096} INFO - Sync 1 DAGs
[2024-07-02T19:15:19.008+0000] {logging_mixin.py:188} INFO - [2024-07-02T19:15:19.008+0000] {dag.py:3954} INFO - Setting next_dagrun for example_sensor_decorator to None, run_after=None
[2024-07-02T19:15:19.051+0000] {processor.py:183} INFO - Processing /usr/local/python/3.10.13/lib/python3.10/site-packages/airflow/example_dags/example_sensor_decorator.py took 0.073 seconds
[2024-07-02T19:16:00.850+0000] {processor.py:161} INFO - Started process (PID=8158) to work on /usr/local/python/3.10.13/lib/python3.10/site-packages/airflow/example_dags/example_sensor_decorator.py
[2024-07-02T19:16:00.851+0000] {processor.py:830} INFO - Processing file /usr/local/python/3.10.13/lib/python3.10/site-packages/airflow/example_dags/example_sensor_decorator.py for tasks to queue
[2024-07-02T19:16:00.852+0000] {logging_mixin.py:188} INFO - [2024-07-02T19:16:00.851+0000] {dagbag.py:545} INFO - Filling up the DagBag from /usr/local/python/3.10.13/lib/python3.10/site-packages/airflow/example_dags/example_sensor_decorator.py
[2024-07-02T19:16:00.856+0000] {processor.py:840} INFO - DAG(s) 'example_sensor_decorator' retrieved from /usr/local/python/3.10.13/lib/python3.10/site-packages/airflow/example_dags/example_sensor_decorator.py
[2024-07-02T19:16:00.867+0000] {logging_mixin.py:188} INFO - [2024-07-02T19:16:00.867+0000] {dag.py:3096} INFO - Sync 1 DAGs
[2024-07-02T19:16:00.875+0000] {logging_mixin.py:188} INFO - [2024-07-02T19:16:00.875+0000] {dag.py:3954} INFO - Setting next_dagrun for example_sensor_decorator to None, run_after=None
[2024-07-02T19:16:00.915+0000] {processor.py:183} INFO - Processing /usr/local/python/3.10.13/lib/python3.10/site-packages/airflow/example_dags/example_sensor_decorator.py took 0.069 seconds
[2024-07-02T19:16:45.568+0000] {processor.py:161} INFO - Started process (PID=8490) to work on /usr/local/python/3.10.13/lib/python3.10/site-packages/airflow/example_dags/example_sensor_decorator.py
[2024-07-02T19:16:45.568+0000] {processor.py:830} INFO - Processing file /usr/local/python/3.10.13/lib/python3.10/site-packages/airflow/example_dags/example_sensor_decorator.py for tasks to queue
[2024-07-02T19:16:45.569+0000] {logging_mixin.py:188} INFO - [2024-07-02T19:16:45.569+0000] {dagbag.py:545} INFO - Filling up the DagBag from /usr/local/python/3.10.13/lib/python3.10/site-packages/airflow/example_dags/example_sensor_decorator.py
[2024-07-02T19:16:45.574+0000] {processor.py:840} INFO - DAG(s) 'example_sensor_decorator' retrieved from /usr/local/python/3.10.13/lib/python3.10/site-packages/airflow/example_dags/example_sensor_decorator.py
[2024-07-02T19:16:45.585+0000] {logging_mixin.py:188} INFO - [2024-07-02T19:16:45.584+0000] {dag.py:3096} INFO - Sync 1 DAGs
[2024-07-02T19:16:45.593+0000] {logging_mixin.py:188} INFO - [2024-07-02T19:16:45.593+0000] {dag.py:3954} INFO - Setting next_dagrun for example_sensor_decorator to None, run_after=None
[2024-07-02T19:16:45.634+0000] {processor.py:183} INFO - Processing /usr/local/python/3.10.13/lib/python3.10/site-packages/airflow/example_dags/example_sensor_decorator.py took 0.071 seconds
[2024-07-02T19:17:33.929+0000] {processor.py:161} INFO - Started process (PID=8858) to work on /usr/local/python/3.10.13/lib/python3.10/site-packages/airflow/example_dags/example_sensor_decorator.py
[2024-07-02T19:17:33.929+0000] {processor.py:830} INFO - Processing file /usr/local/python/3.10.13/lib/python3.10/site-packages/airflow/example_dags/example_sensor_decorator.py for tasks to queue
[2024-07-02T19:17:33.930+0000] {logging_mixin.py:188} INFO - [2024-07-02T19:17:33.930+0000] {dagbag.py:545} INFO - Filling up the DagBag from /usr/local/python/3.10.13/lib/python3.10/site-packages/airflow/example_dags/example_sensor_decorator.py
[2024-07-02T19:17:33.935+0000] {processor.py:840} INFO - DAG(s) 'example_sensor_decorator' retrieved from /usr/local/python/3.10.13/lib/python3.10/site-packages/airflow/example_dags/example_sensor_decorator.py
[2024-07-02T19:17:33.946+0000] {logging_mixin.py:188} INFO - [2024-07-02T19:17:33.946+0000] {dag.py:3096} INFO - Sync 1 DAGs
[2024-07-02T19:17:33.955+0000] {logging_mixin.py:188} INFO - [2024-07-02T19:17:33.954+0000] {dag.py:3954} INFO - Setting next_dagrun for example_sensor_decorator to None, run_after=None
[2024-07-02T19:17:33.995+0000] {processor.py:183} INFO - Processing /usr/local/python/3.10.13/lib/python3.10/site-packages/airflow/example_dags/example_sensor_decorator.py took 0.071 seconds
[2024-07-02T19:18:16.868+0000] {processor.py:161} INFO - Started process (PID=9184) to work on /usr/local/python/3.10.13/lib/python3.10/site-packages/airflow/example_dags/example_sensor_decorator.py
[2024-07-02T19:18:16.869+0000] {processor.py:830} INFO - Processing file /usr/local/python/3.10.13/lib/python3.10/site-packages/airflow/example_dags/example_sensor_decorator.py for tasks to queue
[2024-07-02T19:18:16.870+0000] {logging_mixin.py:188} INFO - [2024-07-02T19:18:16.869+0000] {dagbag.py:545} INFO - Filling up the DagBag from /usr/local/python/3.10.13/lib/python3.10/site-packages/airflow/example_dags/example_sensor_decorator.py
[2024-07-02T19:18:16.875+0000] {processor.py:840} INFO - DAG(s) 'example_sensor_decorator' retrieved from /usr/local/python/3.10.13/lib/python3.10/site-packages/airflow/example_dags/example_sensor_decorator.py
[2024-07-02T19:18:16.886+0000] {logging_mixin.py:188} INFO - [2024-07-02T19:18:16.886+0000] {dag.py:3096} INFO - Sync 1 DAGs
[2024-07-02T19:18:16.894+0000] {logging_mixin.py:188} INFO - [2024-07-02T19:18:16.894+0000] {dag.py:3954} INFO - Setting next_dagrun for example_sensor_decorator to None, run_after=None
[2024-07-02T19:18:16.935+0000] {processor.py:183} INFO - Processing /usr/local/python/3.10.13/lib/python3.10/site-packages/airflow/example_dags/example_sensor_decorator.py took 0.071 seconds
[2024-07-02T19:18:58.646+0000] {processor.py:161} INFO - Started process (PID=9494) to work on /usr/local/python/3.10.13/lib/python3.10/site-packages/airflow/example_dags/example_sensor_decorator.py
[2024-07-02T19:18:58.647+0000] {processor.py:830} INFO - Processing file /usr/local/python/3.10.13/lib/python3.10/site-packages/airflow/example_dags/example_sensor_decorator.py for tasks to queue
[2024-07-02T19:18:58.648+0000] {logging_mixin.py:188} INFO - [2024-07-02T19:18:58.647+0000] {dagbag.py:545} INFO - Filling up the DagBag from /usr/local/python/3.10.13/lib/python3.10/site-packages/airflow/example_dags/example_sensor_decorator.py
[2024-07-02T19:18:58.652+0000] {processor.py:840} INFO - DAG(s) 'example_sensor_decorator' retrieved from /usr/local/python/3.10.13/lib/python3.10/site-packages/airflow/example_dags/example_sensor_decorator.py
[2024-07-02T19:18:58.664+0000] {logging_mixin.py:188} INFO - [2024-07-02T19:18:58.663+0000] {dag.py:3096} INFO - Sync 1 DAGs
[2024-07-02T19:18:58.673+0000] {logging_mixin.py:188} INFO - [2024-07-02T19:18:58.673+0000] {dag.py:3954} INFO - Setting next_dagrun for example_sensor_decorator to None, run_after=None
[2024-07-02T19:18:58.715+0000] {processor.py:183} INFO - Processing /usr/local/python/3.10.13/lib/python3.10/site-packages/airflow/example_dags/example_sensor_decorator.py took 0.073 seconds
[2024-07-02T19:19:42.742+0000] {processor.py:161} INFO - Started process (PID=9841) to work on /usr/local/python/3.10.13/lib/python3.10/site-packages/airflow/example_dags/example_sensor_decorator.py
[2024-07-02T19:19:42.743+0000] {processor.py:830} INFO - Processing file /usr/local/python/3.10.13/lib/python3.10/site-packages/airflow/example_dags/example_sensor_decorator.py for tasks to queue
[2024-07-02T19:19:42.744+0000] {logging_mixin.py:188} INFO - [2024-07-02T19:19:42.744+0000] {dagbag.py:545} INFO - Filling up the DagBag from /usr/local/python/3.10.13/lib/python3.10/site-packages/airflow/example_dags/example_sensor_decorator.py
[2024-07-02T19:19:42.748+0000] {processor.py:840} INFO - DAG(s) 'example_sensor_decorator' retrieved from /usr/local/python/3.10.13/lib/python3.10/site-packages/airflow/example_dags/example_sensor_decorator.py
[2024-07-02T19:19:42.759+0000] {logging_mixin.py:188} INFO - [2024-07-02T19:19:42.759+0000] {dag.py:3096} INFO - Sync 1 DAGs
[2024-07-02T19:19:42.768+0000] {logging_mixin.py:188} INFO - [2024-07-02T19:19:42.768+0000] {dag.py:3954} INFO - Setting next_dagrun for example_sensor_decorator to None, run_after=None
[2024-07-02T19:19:42.807+0000] {processor.py:183} INFO - Processing /usr/local/python/3.10.13/lib/python3.10/site-packages/airflow/example_dags/example_sensor_decorator.py took 0.069 seconds
[2024-07-02T19:20:30.320+0000] {processor.py:161} INFO - Started process (PID=10181) to work on /usr/local/python/3.10.13/lib/python3.10/site-packages/airflow/example_dags/example_sensor_decorator.py
[2024-07-02T19:20:30.320+0000] {processor.py:830} INFO - Processing file /usr/local/python/3.10.13/lib/python3.10/site-packages/airflow/example_dags/example_sensor_decorator.py for tasks to queue
[2024-07-02T19:20:30.321+0000] {logging_mixin.py:188} INFO - [2024-07-02T19:20:30.321+0000] {dagbag.py:545} INFO - Filling up the DagBag from /usr/local/python/3.10.13/lib/python3.10/site-packages/airflow/example_dags/example_sensor_decorator.py
[2024-07-02T19:20:30.326+0000] {processor.py:840} INFO - DAG(s) 'example_sensor_decorator' retrieved from /usr/local/python/3.10.13/lib/python3.10/site-packages/airflow/example_dags/example_sensor_decorator.py
[2024-07-02T19:20:30.336+0000] {logging_mixin.py:188} INFO - [2024-07-02T19:20:30.336+0000] {dag.py:3096} INFO - Sync 1 DAGs
[2024-07-02T19:20:30.345+0000] {logging_mixin.py:188} INFO - [2024-07-02T19:20:30.345+0000] {dag.py:3954} INFO - Setting next_dagrun for example_sensor_decorator to None, run_after=None
[2024-07-02T19:20:30.392+0000] {processor.py:183} INFO - Processing /usr/local/python/3.10.13/lib/python3.10/site-packages/airflow/example_dags/example_sensor_decorator.py took 0.077 seconds
[2024-07-02T19:21:16.475+0000] {processor.py:161} INFO - Started process (PID=10543) to work on /usr/local/python/3.10.13/lib/python3.10/site-packages/airflow/example_dags/example_sensor_decorator.py
[2024-07-02T19:21:16.475+0000] {processor.py:830} INFO - Processing file /usr/local/python/3.10.13/lib/python3.10/site-packages/airflow/example_dags/example_sensor_decorator.py for tasks to queue
[2024-07-02T19:21:16.476+0000] {logging_mixin.py:188} INFO - [2024-07-02T19:21:16.476+0000] {dagbag.py:545} INFO - Filling up the DagBag from /usr/local/python/3.10.13/lib/python3.10/site-packages/airflow/example_dags/example_sensor_decorator.py
[2024-07-02T19:21:16.481+0000] {processor.py:840} INFO - DAG(s) 'example_sensor_decorator' retrieved from /usr/local/python/3.10.13/lib/python3.10/site-packages/airflow/example_dags/example_sensor_decorator.py
[2024-07-02T19:21:16.492+0000] {logging_mixin.py:188} INFO - [2024-07-02T19:21:16.492+0000] {dag.py:3096} INFO - Sync 1 DAGs
[2024-07-02T19:21:16.500+0000] {logging_mixin.py:188} INFO - [2024-07-02T19:21:16.500+0000] {dag.py:3954} INFO - Setting next_dagrun for example_sensor_decorator to None, run_after=None
[2024-07-02T19:21:16.539+0000] {processor.py:183} INFO - Processing /usr/local/python/3.10.13/lib/python3.10/site-packages/airflow/example_dags/example_sensor_decorator.py took 0.070 seconds
[2024-07-02T19:22:03.052+0000] {processor.py:161} INFO - Started process (PID=10906) to work on /usr/local/python/3.10.13/lib/python3.10/site-packages/airflow/example_dags/example_sensor_decorator.py
[2024-07-02T19:22:03.053+0000] {processor.py:830} INFO - Processing file /usr/local/python/3.10.13/lib/python3.10/site-packages/airflow/example_dags/example_sensor_decorator.py for tasks to queue
[2024-07-02T19:22:03.054+0000] {logging_mixin.py:188} INFO - [2024-07-02T19:22:03.053+0000] {dagbag.py:545} INFO - Filling up the DagBag from /usr/local/python/3.10.13/lib/python3.10/site-packages/airflow/example_dags/example_sensor_decorator.py
[2024-07-02T19:22:03.058+0000] {processor.py:840} INFO - DAG(s) 'example_sensor_decorator' retrieved from /usr/local/python/3.10.13/lib/python3.10/site-packages/airflow/example_dags/example_sensor_decorator.py
[2024-07-02T19:22:03.069+0000] {logging_mixin.py:188} INFO - [2024-07-02T19:22:03.069+0000] {dag.py:3096} INFO - Sync 1 DAGs
[2024-07-02T19:22:03.078+0000] {logging_mixin.py:188} INFO - [2024-07-02T19:22:03.077+0000] {dag.py:3954} INFO - Setting next_dagrun for example_sensor_decorator to None, run_after=None
[2024-07-02T19:22:03.119+0000] {processor.py:183} INFO - Processing /usr/local/python/3.10.13/lib/python3.10/site-packages/airflow/example_dags/example_sensor_decorator.py took 0.071 seconds
[2024-07-02T19:22:48.860+0000] {processor.py:161} INFO - Started process (PID=11237) to work on /usr/local/python/3.10.13/lib/python3.10/site-packages/airflow/example_dags/example_sensor_decorator.py
[2024-07-02T19:22:48.861+0000] {processor.py:830} INFO - Processing file /usr/local/python/3.10.13/lib/python3.10/site-packages/airflow/example_dags/example_sensor_decorator.py for tasks to queue
[2024-07-02T19:22:48.861+0000] {logging_mixin.py:188} INFO - [2024-07-02T19:22:48.861+0000] {dagbag.py:545} INFO - Filling up the DagBag from /usr/local/python/3.10.13/lib/python3.10/site-packages/airflow/example_dags/example_sensor_decorator.py
[2024-07-02T19:22:48.866+0000] {processor.py:840} INFO - DAG(s) 'example_sensor_decorator' retrieved from /usr/local/python/3.10.13/lib/python3.10/site-packages/airflow/example_dags/example_sensor_decorator.py
[2024-07-02T19:22:48.877+0000] {logging_mixin.py:188} INFO - [2024-07-02T19:22:48.877+0000] {dag.py:3096} INFO - Sync 1 DAGs
[2024-07-02T19:22:48.885+0000] {logging_mixin.py:188} INFO - [2024-07-02T19:22:48.885+0000] {dag.py:3954} INFO - Setting next_dagrun for example_sensor_decorator to None, run_after=None
[2024-07-02T19:22:48.931+0000] {processor.py:183} INFO - Processing /usr/local/python/3.10.13/lib/python3.10/site-packages/airflow/example_dags/example_sensor_decorator.py took 0.075 seconds
[2024-07-02T19:23:29.425+0000] {processor.py:161} INFO - Started process (PID=11549) to work on /usr/local/python/3.10.13/lib/python3.10/site-packages/airflow/example_dags/example_sensor_decorator.py
[2024-07-02T19:23:29.426+0000] {processor.py:830} INFO - Processing file /usr/local/python/3.10.13/lib/python3.10/site-packages/airflow/example_dags/example_sensor_decorator.py for tasks to queue
[2024-07-02T19:23:29.426+0000] {logging_mixin.py:188} INFO - [2024-07-02T19:23:29.426+0000] {dagbag.py:545} INFO - Filling up the DagBag from /usr/local/python/3.10.13/lib/python3.10/site-packages/airflow/example_dags/example_sensor_decorator.py
[2024-07-02T19:23:29.431+0000] {processor.py:840} INFO - DAG(s) 'example_sensor_decorator' retrieved from /usr/local/python/3.10.13/lib/python3.10/site-packages/airflow/example_dags/example_sensor_decorator.py
[2024-07-02T19:23:29.443+0000] {logging_mixin.py:188} INFO - [2024-07-02T19:23:29.443+0000] {dag.py:3096} INFO - Sync 1 DAGs
[2024-07-02T19:23:29.452+0000] {logging_mixin.py:188} INFO - [2024-07-02T19:23:29.451+0000] {dag.py:3954} INFO - Setting next_dagrun for example_sensor_decorator to None, run_after=None
[2024-07-02T19:23:29.494+0000] {processor.py:183} INFO - Processing /usr/local/python/3.10.13/lib/python3.10/site-packages/airflow/example_dags/example_sensor_decorator.py took 0.074 seconds
[2024-07-02T19:24:11.471+0000] {processor.py:161} INFO - Started process (PID=11872) to work on /usr/local/python/3.10.13/lib/python3.10/site-packages/airflow/example_dags/example_sensor_decorator.py
[2024-07-02T19:24:11.472+0000] {processor.py:830} INFO - Processing file /usr/local/python/3.10.13/lib/python3.10/site-packages/airflow/example_dags/example_sensor_decorator.py for tasks to queue
[2024-07-02T19:24:11.472+0000] {logging_mixin.py:188} INFO - [2024-07-02T19:24:11.472+0000] {dagbag.py:545} INFO - Filling up the DagBag from /usr/local/python/3.10.13/lib/python3.10/site-packages/airflow/example_dags/example_sensor_decorator.py
[2024-07-02T19:24:11.477+0000] {processor.py:840} INFO - DAG(s) 'example_sensor_decorator' retrieved from /usr/local/python/3.10.13/lib/python3.10/site-packages/airflow/example_dags/example_sensor_decorator.py
[2024-07-02T19:24:11.488+0000] {logging_mixin.py:188} INFO - [2024-07-02T19:24:11.488+0000] {dag.py:3096} INFO - Sync 1 DAGs
[2024-07-02T19:24:11.498+0000] {logging_mixin.py:188} INFO - [2024-07-02T19:24:11.498+0000] {dag.py:3954} INFO - Setting next_dagrun for example_sensor_decorator to None, run_after=None
[2024-07-02T19:24:11.546+0000] {processor.py:183} INFO - Processing /usr/local/python/3.10.13/lib/python3.10/site-packages/airflow/example_dags/example_sensor_decorator.py took 0.080 seconds
[2024-07-02T19:24:55.249+0000] {processor.py:161} INFO - Started process (PID=12192) to work on /usr/local/python/3.10.13/lib/python3.10/site-packages/airflow/example_dags/example_sensor_decorator.py
[2024-07-02T19:24:55.249+0000] {processor.py:830} INFO - Processing file /usr/local/python/3.10.13/lib/python3.10/site-packages/airflow/example_dags/example_sensor_decorator.py for tasks to queue
[2024-07-02T19:24:55.250+0000] {logging_mixin.py:188} INFO - [2024-07-02T19:24:55.250+0000] {dagbag.py:545} INFO - Filling up the DagBag from /usr/local/python/3.10.13/lib/python3.10/site-packages/airflow/example_dags/example_sensor_decorator.py
[2024-07-02T19:24:55.254+0000] {processor.py:840} INFO - DAG(s) 'example_sensor_decorator' retrieved from /usr/local/python/3.10.13/lib/python3.10/site-packages/airflow/example_dags/example_sensor_decorator.py
[2024-07-02T19:24:55.266+0000] {logging_mixin.py:188} INFO - [2024-07-02T19:24:55.266+0000] {dag.py:3096} INFO - Sync 1 DAGs
[2024-07-02T19:24:55.274+0000] {logging_mixin.py:188} INFO - [2024-07-02T19:24:55.274+0000] {dag.py:3954} INFO - Setting next_dagrun for example_sensor_decorator to None, run_after=None
[2024-07-02T19:24:55.314+0000] {processor.py:183} INFO - Processing /usr/local/python/3.10.13/lib/python3.10/site-packages/airflow/example_dags/example_sensor_decorator.py took 0.070 seconds
[2024-07-02T19:25:38.032+0000] {processor.py:161} INFO - Started process (PID=12533) to work on /usr/local/python/3.10.13/lib/python3.10/site-packages/airflow/example_dags/example_sensor_decorator.py
[2024-07-02T19:25:38.033+0000] {processor.py:830} INFO - Processing file /usr/local/python/3.10.13/lib/python3.10/site-packages/airflow/example_dags/example_sensor_decorator.py for tasks to queue
[2024-07-02T19:25:38.034+0000] {logging_mixin.py:188} INFO - [2024-07-02T19:25:38.033+0000] {dagbag.py:545} INFO - Filling up the DagBag from /usr/local/python/3.10.13/lib/python3.10/site-packages/airflow/example_dags/example_sensor_decorator.py
[2024-07-02T19:25:38.038+0000] {processor.py:840} INFO - DAG(s) 'example_sensor_decorator' retrieved from /usr/local/python/3.10.13/lib/python3.10/site-packages/airflow/example_dags/example_sensor_decorator.py
[2024-07-02T19:25:38.049+0000] {logging_mixin.py:188} INFO - [2024-07-02T19:25:38.049+0000] {dag.py:3096} INFO - Sync 1 DAGs
[2024-07-02T19:25:38.057+0000] {logging_mixin.py:188} INFO - [2024-07-02T19:25:38.057+0000] {dag.py:3954} INFO - Setting next_dagrun for example_sensor_decorator to None, run_after=None
[2024-07-02T19:25:38.100+0000] {processor.py:183} INFO - Processing /usr/local/python/3.10.13/lib/python3.10/site-packages/airflow/example_dags/example_sensor_decorator.py took 0.073 seconds
[2024-07-02T19:26:21.562+0000] {processor.py:161} INFO - Started process (PID=12864) to work on /usr/local/python/3.10.13/lib/python3.10/site-packages/airflow/example_dags/example_sensor_decorator.py
[2024-07-02T19:26:21.563+0000] {processor.py:830} INFO - Processing file /usr/local/python/3.10.13/lib/python3.10/site-packages/airflow/example_dags/example_sensor_decorator.py for tasks to queue
[2024-07-02T19:26:21.563+0000] {logging_mixin.py:188} INFO - [2024-07-02T19:26:21.563+0000] {dagbag.py:545} INFO - Filling up the DagBag from /usr/local/python/3.10.13/lib/python3.10/site-packages/airflow/example_dags/example_sensor_decorator.py
[2024-07-02T19:26:21.568+0000] {processor.py:840} INFO - DAG(s) 'example_sensor_decorator' retrieved from /usr/local/python/3.10.13/lib/python3.10/site-packages/airflow/example_dags/example_sensor_decorator.py
[2024-07-02T19:26:21.579+0000] {logging_mixin.py:188} INFO - [2024-07-02T19:26:21.579+0000] {dag.py:3096} INFO - Sync 1 DAGs
[2024-07-02T19:26:21.588+0000] {logging_mixin.py:188} INFO - [2024-07-02T19:26:21.587+0000] {dag.py:3954} INFO - Setting next_dagrun for example_sensor_decorator to None, run_after=None
[2024-07-02T19:26:21.633+0000] {processor.py:183} INFO - Processing /usr/local/python/3.10.13/lib/python3.10/site-packages/airflow/example_dags/example_sensor_decorator.py took 0.075 seconds
[2024-07-02T19:27:05.750+0000] {processor.py:161} INFO - Started process (PID=13182) to work on /usr/local/python/3.10.13/lib/python3.10/site-packages/airflow/example_dags/example_sensor_decorator.py
[2024-07-02T19:27:05.752+0000] {processor.py:830} INFO - Processing file /usr/local/python/3.10.13/lib/python3.10/site-packages/airflow/example_dags/example_sensor_decorator.py for tasks to queue
[2024-07-02T19:27:05.753+0000] {logging_mixin.py:188} INFO - [2024-07-02T19:27:05.752+0000] {dagbag.py:545} INFO - Filling up the DagBag from /usr/local/python/3.10.13/lib/python3.10/site-packages/airflow/example_dags/example_sensor_decorator.py
[2024-07-02T19:27:05.761+0000] {processor.py:840} INFO - DAG(s) 'example_sensor_decorator' retrieved from /usr/local/python/3.10.13/lib/python3.10/site-packages/airflow/example_dags/example_sensor_decorator.py
[2024-07-02T19:27:05.778+0000] {logging_mixin.py:188} INFO - [2024-07-02T19:27:05.777+0000] {dag.py:3096} INFO - Sync 1 DAGs
[2024-07-02T19:27:05.790+0000] {logging_mixin.py:188} INFO - [2024-07-02T19:27:05.789+0000] {dag.py:3954} INFO - Setting next_dagrun for example_sensor_decorator to None, run_after=None
[2024-07-02T19:27:05.829+0000] {processor.py:183} INFO - Processing /usr/local/python/3.10.13/lib/python3.10/site-packages/airflow/example_dags/example_sensor_decorator.py took 0.084 seconds
[2024-07-02T19:27:47.320+0000] {processor.py:161} INFO - Started process (PID=13565) to work on /usr/local/python/3.10.13/lib/python3.10/site-packages/airflow/example_dags/example_sensor_decorator.py
[2024-07-02T19:27:47.321+0000] {processor.py:830} INFO - Processing file /usr/local/python/3.10.13/lib/python3.10/site-packages/airflow/example_dags/example_sensor_decorator.py for tasks to queue
[2024-07-02T19:27:47.322+0000] {logging_mixin.py:188} INFO - [2024-07-02T19:27:47.322+0000] {dagbag.py:545} INFO - Filling up the DagBag from /usr/local/python/3.10.13/lib/python3.10/site-packages/airflow/example_dags/example_sensor_decorator.py
[2024-07-02T19:27:47.326+0000] {processor.py:840} INFO - DAG(s) 'example_sensor_decorator' retrieved from /usr/local/python/3.10.13/lib/python3.10/site-packages/airflow/example_dags/example_sensor_decorator.py
[2024-07-02T19:27:47.337+0000] {logging_mixin.py:188} INFO - [2024-07-02T19:27:47.337+0000] {dag.py:3096} INFO - Sync 1 DAGs
[2024-07-02T19:27:47.346+0000] {logging_mixin.py:188} INFO - [2024-07-02T19:27:47.346+0000] {dag.py:3954} INFO - Setting next_dagrun for example_sensor_decorator to None, run_after=None
[2024-07-02T19:27:47.386+0000] {processor.py:183} INFO - Processing /usr/local/python/3.10.13/lib/python3.10/site-packages/airflow/example_dags/example_sensor_decorator.py took 0.072 seconds
[2024-07-02T19:28:29.918+0000] {processor.py:161} INFO - Started process (PID=13962) to work on /usr/local/python/3.10.13/lib/python3.10/site-packages/airflow/example_dags/example_sensor_decorator.py
[2024-07-02T19:28:29.918+0000] {processor.py:830} INFO - Processing file /usr/local/python/3.10.13/lib/python3.10/site-packages/airflow/example_dags/example_sensor_decorator.py for tasks to queue
[2024-07-02T19:28:29.919+0000] {logging_mixin.py:188} INFO - [2024-07-02T19:28:29.919+0000] {dagbag.py:545} INFO - Filling up the DagBag from /usr/local/python/3.10.13/lib/python3.10/site-packages/airflow/example_dags/example_sensor_decorator.py
[2024-07-02T19:28:29.923+0000] {processor.py:840} INFO - DAG(s) 'example_sensor_decorator' retrieved from /usr/local/python/3.10.13/lib/python3.10/site-packages/airflow/example_dags/example_sensor_decorator.py
[2024-07-02T19:28:29.934+0000] {logging_mixin.py:188} INFO - [2024-07-02T19:28:29.934+0000] {dag.py:3096} INFO - Sync 1 DAGs
[2024-07-02T19:28:29.943+0000] {logging_mixin.py:188} INFO - [2024-07-02T19:28:29.943+0000] {dag.py:3954} INFO - Setting next_dagrun for example_sensor_decorator to None, run_after=None
[2024-07-02T19:28:29.984+0000] {processor.py:183} INFO - Processing /usr/local/python/3.10.13/lib/python3.10/site-packages/airflow/example_dags/example_sensor_decorator.py took 0.071 seconds
[2024-07-02T19:29:16.789+0000] {processor.py:161} INFO - Started process (PID=14362) to work on /usr/local/python/3.10.13/lib/python3.10/site-packages/airflow/example_dags/example_sensor_decorator.py
[2024-07-02T19:29:16.789+0000] {processor.py:830} INFO - Processing file /usr/local/python/3.10.13/lib/python3.10/site-packages/airflow/example_dags/example_sensor_decorator.py for tasks to queue
[2024-07-02T19:29:16.790+0000] {logging_mixin.py:188} INFO - [2024-07-02T19:29:16.790+0000] {dagbag.py:545} INFO - Filling up the DagBag from /usr/local/python/3.10.13/lib/python3.10/site-packages/airflow/example_dags/example_sensor_decorator.py
[2024-07-02T19:29:16.794+0000] {processor.py:840} INFO - DAG(s) 'example_sensor_decorator' retrieved from /usr/local/python/3.10.13/lib/python3.10/site-packages/airflow/example_dags/example_sensor_decorator.py
[2024-07-02T19:29:16.806+0000] {logging_mixin.py:188} INFO - [2024-07-02T19:29:16.805+0000] {dag.py:3096} INFO - Sync 1 DAGs
[2024-07-02T19:29:16.815+0000] {logging_mixin.py:188} INFO - [2024-07-02T19:29:16.814+0000] {dag.py:3954} INFO - Setting next_dagrun for example_sensor_decorator to None, run_after=None
[2024-07-02T19:29:16.855+0000] {processor.py:183} INFO - Processing /usr/local/python/3.10.13/lib/python3.10/site-packages/airflow/example_dags/example_sensor_decorator.py took 0.071 seconds
[2024-07-02T19:30:03.683+0000] {processor.py:161} INFO - Started process (PID=14727) to work on /usr/local/python/3.10.13/lib/python3.10/site-packages/airflow/example_dags/example_sensor_decorator.py
[2024-07-02T19:30:03.683+0000] {processor.py:830} INFO - Processing file /usr/local/python/3.10.13/lib/python3.10/site-packages/airflow/example_dags/example_sensor_decorator.py for tasks to queue
[2024-07-02T19:30:03.684+0000] {logging_mixin.py:188} INFO - [2024-07-02T19:30:03.684+0000] {dagbag.py:545} INFO - Filling up the DagBag from /usr/local/python/3.10.13/lib/python3.10/site-packages/airflow/example_dags/example_sensor_decorator.py
[2024-07-02T19:30:03.689+0000] {processor.py:840} INFO - DAG(s) 'example_sensor_decorator' retrieved from /usr/local/python/3.10.13/lib/python3.10/site-packages/airflow/example_dags/example_sensor_decorator.py
[2024-07-02T19:30:03.701+0000] {logging_mixin.py:188} INFO - [2024-07-02T19:30:03.700+0000] {dag.py:3096} INFO - Sync 1 DAGs
[2024-07-02T19:30:03.709+0000] {logging_mixin.py:188} INFO - [2024-07-02T19:30:03.709+0000] {dag.py:3954} INFO - Setting next_dagrun for example_sensor_decorator to None, run_after=None
[2024-07-02T19:30:03.750+0000] {processor.py:183} INFO - Processing /usr/local/python/3.10.13/lib/python3.10/site-packages/airflow/example_dags/example_sensor_decorator.py took 0.072 seconds
[2024-07-02T19:30:48.869+0000] {processor.py:161} INFO - Started process (PID=15105) to work on /usr/local/python/3.10.13/lib/python3.10/site-packages/airflow/example_dags/example_sensor_decorator.py
[2024-07-02T19:30:48.870+0000] {processor.py:830} INFO - Processing file /usr/local/python/3.10.13/lib/python3.10/site-packages/airflow/example_dags/example_sensor_decorator.py for tasks to queue
[2024-07-02T19:30:48.871+0000] {logging_mixin.py:188} INFO - [2024-07-02T19:30:48.871+0000] {dagbag.py:545} INFO - Filling up the DagBag from /usr/local/python/3.10.13/lib/python3.10/site-packages/airflow/example_dags/example_sensor_decorator.py
[2024-07-02T19:30:48.875+0000] {processor.py:840} INFO - DAG(s) 'example_sensor_decorator' retrieved from /usr/local/python/3.10.13/lib/python3.10/site-packages/airflow/example_dags/example_sensor_decorator.py
[2024-07-02T19:30:48.886+0000] {logging_mixin.py:188} INFO - [2024-07-02T19:30:48.886+0000] {dag.py:3096} INFO - Sync 1 DAGs
[2024-07-02T19:30:48.895+0000] {logging_mixin.py:188} INFO - [2024-07-02T19:30:48.895+0000] {dag.py:3954} INFO - Setting next_dagrun for example_sensor_decorator to None, run_after=None
[2024-07-02T19:30:48.937+0000] {processor.py:183} INFO - Processing /usr/local/python/3.10.13/lib/python3.10/site-packages/airflow/example_dags/example_sensor_decorator.py took 0.072 seconds
[2024-07-02T19:31:35.661+0000] {processor.py:161} INFO - Started process (PID=15465) to work on /usr/local/python/3.10.13/lib/python3.10/site-packages/airflow/example_dags/example_sensor_decorator.py
[2024-07-02T19:31:35.662+0000] {processor.py:830} INFO - Processing file /usr/local/python/3.10.13/lib/python3.10/site-packages/airflow/example_dags/example_sensor_decorator.py for tasks to queue
[2024-07-02T19:31:35.662+0000] {logging_mixin.py:188} INFO - [2024-07-02T19:31:35.662+0000] {dagbag.py:545} INFO - Filling up the DagBag from /usr/local/python/3.10.13/lib/python3.10/site-packages/airflow/example_dags/example_sensor_decorator.py
[2024-07-02T19:31:35.667+0000] {processor.py:840} INFO - DAG(s) 'example_sensor_decorator' retrieved from /usr/local/python/3.10.13/lib/python3.10/site-packages/airflow/example_dags/example_sensor_decorator.py
[2024-07-02T19:31:35.678+0000] {logging_mixin.py:188} INFO - [2024-07-02T19:31:35.677+0000] {dag.py:3096} INFO - Sync 1 DAGs
[2024-07-02T19:31:35.686+0000] {logging_mixin.py:188} INFO - [2024-07-02T19:31:35.686+0000] {dag.py:3954} INFO - Setting next_dagrun for example_sensor_decorator to None, run_after=None
[2024-07-02T19:31:35.727+0000] {processor.py:183} INFO - Processing /usr/local/python/3.10.13/lib/python3.10/site-packages/airflow/example_dags/example_sensor_decorator.py took 0.070 seconds
[2024-07-02T19:32:23.783+0000] {processor.py:161} INFO - Started process (PID=15837) to work on /usr/local/python/3.10.13/lib/python3.10/site-packages/airflow/example_dags/example_sensor_decorator.py
[2024-07-02T19:32:23.784+0000] {processor.py:830} INFO - Processing file /usr/local/python/3.10.13/lib/python3.10/site-packages/airflow/example_dags/example_sensor_decorator.py for tasks to queue
[2024-07-02T19:32:23.784+0000] {logging_mixin.py:188} INFO - [2024-07-02T19:32:23.784+0000] {dagbag.py:545} INFO - Filling up the DagBag from /usr/local/python/3.10.13/lib/python3.10/site-packages/airflow/example_dags/example_sensor_decorator.py
[2024-07-02T19:32:23.789+0000] {processor.py:840} INFO - DAG(s) 'example_sensor_decorator' retrieved from /usr/local/python/3.10.13/lib/python3.10/site-packages/airflow/example_dags/example_sensor_decorator.py
[2024-07-02T19:32:23.800+0000] {logging_mixin.py:188} INFO - [2024-07-02T19:32:23.800+0000] {dag.py:3096} INFO - Sync 1 DAGs
[2024-07-02T19:32:23.809+0000] {logging_mixin.py:188} INFO - [2024-07-02T19:32:23.809+0000] {dag.py:3954} INFO - Setting next_dagrun for example_sensor_decorator to None, run_after=None
[2024-07-02T19:32:23.853+0000] {processor.py:183} INFO - Processing /usr/local/python/3.10.13/lib/python3.10/site-packages/airflow/example_dags/example_sensor_decorator.py took 0.075 seconds
[2024-07-02T19:33:06.361+0000] {processor.py:161} INFO - Started process (PID=16154) to work on /usr/local/python/3.10.13/lib/python3.10/site-packages/airflow/example_dags/example_sensor_decorator.py
[2024-07-02T19:33:06.362+0000] {processor.py:830} INFO - Processing file /usr/local/python/3.10.13/lib/python3.10/site-packages/airflow/example_dags/example_sensor_decorator.py for tasks to queue
[2024-07-02T19:33:06.362+0000] {logging_mixin.py:188} INFO - [2024-07-02T19:33:06.362+0000] {dagbag.py:545} INFO - Filling up the DagBag from /usr/local/python/3.10.13/lib/python3.10/site-packages/airflow/example_dags/example_sensor_decorator.py
[2024-07-02T19:33:06.367+0000] {processor.py:840} INFO - DAG(s) 'example_sensor_decorator' retrieved from /usr/local/python/3.10.13/lib/python3.10/site-packages/airflow/example_dags/example_sensor_decorator.py
[2024-07-02T19:33:06.378+0000] {logging_mixin.py:188} INFO - [2024-07-02T19:33:06.378+0000] {dag.py:3096} INFO - Sync 1 DAGs
[2024-07-02T19:33:06.386+0000] {logging_mixin.py:188} INFO - [2024-07-02T19:33:06.386+0000] {dag.py:3954} INFO - Setting next_dagrun for example_sensor_decorator to None, run_after=None
[2024-07-02T19:33:06.430+0000] {processor.py:183} INFO - Processing /usr/local/python/3.10.13/lib/python3.10/site-packages/airflow/example_dags/example_sensor_decorator.py took 0.073 seconds
[2024-07-02T19:33:49.966+0000] {processor.py:161} INFO - Started process (PID=16552) to work on /usr/local/python/3.10.13/lib/python3.10/site-packages/airflow/example_dags/example_sensor_decorator.py
[2024-07-02T19:33:49.966+0000] {processor.py:830} INFO - Processing file /usr/local/python/3.10.13/lib/python3.10/site-packages/airflow/example_dags/example_sensor_decorator.py for tasks to queue
[2024-07-02T19:33:49.967+0000] {logging_mixin.py:188} INFO - [2024-07-02T19:33:49.967+0000] {dagbag.py:545} INFO - Filling up the DagBag from /usr/local/python/3.10.13/lib/python3.10/site-packages/airflow/example_dags/example_sensor_decorator.py
[2024-07-02T19:33:49.972+0000] {processor.py:840} INFO - DAG(s) 'example_sensor_decorator' retrieved from /usr/local/python/3.10.13/lib/python3.10/site-packages/airflow/example_dags/example_sensor_decorator.py
[2024-07-02T19:33:49.982+0000] {logging_mixin.py:188} INFO - [2024-07-02T19:33:49.982+0000] {dag.py:3096} INFO - Sync 1 DAGs
[2024-07-02T19:33:49.991+0000] {logging_mixin.py:188} INFO - [2024-07-02T19:33:49.991+0000] {dag.py:3954} INFO - Setting next_dagrun for example_sensor_decorator to None, run_after=None
[2024-07-02T19:33:50.032+0000] {processor.py:183} INFO - Processing /usr/local/python/3.10.13/lib/python3.10/site-packages/airflow/example_dags/example_sensor_decorator.py took 0.071 seconds
[2024-07-02T19:34:36.815+0000] {processor.py:161} INFO - Started process (PID=16950) to work on /usr/local/python/3.10.13/lib/python3.10/site-packages/airflow/example_dags/example_sensor_decorator.py
[2024-07-02T19:34:36.816+0000] {processor.py:830} INFO - Processing file /usr/local/python/3.10.13/lib/python3.10/site-packages/airflow/example_dags/example_sensor_decorator.py for tasks to queue
[2024-07-02T19:34:36.816+0000] {logging_mixin.py:188} INFO - [2024-07-02T19:34:36.816+0000] {dagbag.py:545} INFO - Filling up the DagBag from /usr/local/python/3.10.13/lib/python3.10/site-packages/airflow/example_dags/example_sensor_decorator.py
[2024-07-02T19:34:36.821+0000] {processor.py:840} INFO - DAG(s) 'example_sensor_decorator' retrieved from /usr/local/python/3.10.13/lib/python3.10/site-packages/airflow/example_dags/example_sensor_decorator.py
[2024-07-02T19:34:36.832+0000] {logging_mixin.py:188} INFO - [2024-07-02T19:34:36.832+0000] {dag.py:3096} INFO - Sync 1 DAGs
[2024-07-02T19:34:36.841+0000] {logging_mixin.py:188} INFO - [2024-07-02T19:34:36.841+0000] {dag.py:3954} INFO - Setting next_dagrun for example_sensor_decorator to None, run_after=None
[2024-07-02T19:34:36.881+0000] {processor.py:183} INFO - Processing /usr/local/python/3.10.13/lib/python3.10/site-packages/airflow/example_dags/example_sensor_decorator.py took 0.071 seconds
[2024-07-02T19:35:23.339+0000] {processor.py:161} INFO - Started process (PID=17321) to work on /usr/local/python/3.10.13/lib/python3.10/site-packages/airflow/example_dags/example_sensor_decorator.py
[2024-07-02T19:35:23.340+0000] {processor.py:830} INFO - Processing file /usr/local/python/3.10.13/lib/python3.10/site-packages/airflow/example_dags/example_sensor_decorator.py for tasks to queue
[2024-07-02T19:35:23.340+0000] {logging_mixin.py:188} INFO - [2024-07-02T19:35:23.340+0000] {dagbag.py:545} INFO - Filling up the DagBag from /usr/local/python/3.10.13/lib/python3.10/site-packages/airflow/example_dags/example_sensor_decorator.py
[2024-07-02T19:35:23.346+0000] {processor.py:840} INFO - DAG(s) 'example_sensor_decorator' retrieved from /usr/local/python/3.10.13/lib/python3.10/site-packages/airflow/example_dags/example_sensor_decorator.py
[2024-07-02T19:35:23.362+0000] {logging_mixin.py:188} INFO - [2024-07-02T19:35:23.362+0000] {dag.py:3096} INFO - Sync 1 DAGs
[2024-07-02T19:35:23.377+0000] {logging_mixin.py:188} INFO - [2024-07-02T19:35:23.377+0000] {dag.py:3954} INFO - Setting next_dagrun for example_sensor_decorator to None, run_after=None
[2024-07-02T19:35:23.424+0000] {processor.py:183} INFO - Processing /usr/local/python/3.10.13/lib/python3.10/site-packages/airflow/example_dags/example_sensor_decorator.py took 0.090 seconds
[2024-07-02T19:36:16.106+0000] {processor.py:161} INFO - Started process (PID=17787) to work on /usr/local/python/3.10.13/lib/python3.10/site-packages/airflow/example_dags/example_sensor_decorator.py
[2024-07-02T19:36:16.107+0000] {processor.py:830} INFO - Processing file /usr/local/python/3.10.13/lib/python3.10/site-packages/airflow/example_dags/example_sensor_decorator.py for tasks to queue
[2024-07-02T19:36:16.108+0000] {logging_mixin.py:188} INFO - [2024-07-02T19:36:16.107+0000] {dagbag.py:545} INFO - Filling up the DagBag from /usr/local/python/3.10.13/lib/python3.10/site-packages/airflow/example_dags/example_sensor_decorator.py
[2024-07-02T19:36:16.114+0000] {processor.py:840} INFO - DAG(s) 'example_sensor_decorator' retrieved from /usr/local/python/3.10.13/lib/python3.10/site-packages/airflow/example_dags/example_sensor_decorator.py
[2024-07-02T19:36:16.131+0000] {logging_mixin.py:188} INFO - [2024-07-02T19:36:16.131+0000] {dag.py:3096} INFO - Sync 1 DAGs
[2024-07-02T19:36:16.145+0000] {logging_mixin.py:188} INFO - [2024-07-02T19:36:16.145+0000] {dag.py:3954} INFO - Setting next_dagrun for example_sensor_decorator to None, run_after=None
[2024-07-02T19:36:16.187+0000] {processor.py:183} INFO - Processing /usr/local/python/3.10.13/lib/python3.10/site-packages/airflow/example_dags/example_sensor_decorator.py took 0.101 seconds
[2024-07-02T19:37:07.696+0000] {processor.py:161} INFO - Started process (PID=18175) to work on /usr/local/python/3.10.13/lib/python3.10/site-packages/airflow/example_dags/example_sensor_decorator.py
[2024-07-02T19:37:07.697+0000] {processor.py:830} INFO - Processing file /usr/local/python/3.10.13/lib/python3.10/site-packages/airflow/example_dags/example_sensor_decorator.py for tasks to queue
[2024-07-02T19:37:07.698+0000] {logging_mixin.py:188} INFO - [2024-07-02T19:37:07.697+0000] {dagbag.py:545} INFO - Filling up the DagBag from /usr/local/python/3.10.13/lib/python3.10/site-packages/airflow/example_dags/example_sensor_decorator.py
[2024-07-02T19:37:07.702+0000] {processor.py:840} INFO - DAG(s) 'example_sensor_decorator' retrieved from /usr/local/python/3.10.13/lib/python3.10/site-packages/airflow/example_dags/example_sensor_decorator.py
[2024-07-02T19:37:07.714+0000] {logging_mixin.py:188} INFO - [2024-07-02T19:37:07.713+0000] {dag.py:3096} INFO - Sync 1 DAGs
[2024-07-02T19:37:07.723+0000] {logging_mixin.py:188} INFO - [2024-07-02T19:37:07.722+0000] {dag.py:3954} INFO - Setting next_dagrun for example_sensor_decorator to None, run_after=None
[2024-07-02T19:37:07.763+0000] {processor.py:183} INFO - Processing /usr/local/python/3.10.13/lib/python3.10/site-packages/airflow/example_dags/example_sensor_decorator.py took 0.071 seconds
[2024-07-02T19:37:51.035+0000] {processor.py:161} INFO - Started process (PID=18481) to work on /usr/local/python/3.10.13/lib/python3.10/site-packages/airflow/example_dags/example_sensor_decorator.py
[2024-07-02T19:37:51.036+0000] {processor.py:830} INFO - Processing file /usr/local/python/3.10.13/lib/python3.10/site-packages/airflow/example_dags/example_sensor_decorator.py for tasks to queue
[2024-07-02T19:37:51.037+0000] {logging_mixin.py:188} INFO - [2024-07-02T19:37:51.036+0000] {dagbag.py:545} INFO - Filling up the DagBag from /usr/local/python/3.10.13/lib/python3.10/site-packages/airflow/example_dags/example_sensor_decorator.py
[2024-07-02T19:37:51.041+0000] {processor.py:840} INFO - DAG(s) 'example_sensor_decorator' retrieved from /usr/local/python/3.10.13/lib/python3.10/site-packages/airflow/example_dags/example_sensor_decorator.py
[2024-07-02T19:37:51.053+0000] {logging_mixin.py:188} INFO - [2024-07-02T19:37:51.052+0000] {dag.py:3096} INFO - Sync 1 DAGs
[2024-07-02T19:37:51.061+0000] {logging_mixin.py:188} INFO - [2024-07-02T19:37:51.061+0000] {dag.py:3954} INFO - Setting next_dagrun for example_sensor_decorator to None, run_after=None
[2024-07-02T19:37:51.104+0000] {processor.py:183} INFO - Processing /usr/local/python/3.10.13/lib/python3.10/site-packages/airflow/example_dags/example_sensor_decorator.py took 0.073 seconds
[2024-07-02T19:38:34.849+0000] {processor.py:161} INFO - Started process (PID=18784) to work on /usr/local/python/3.10.13/lib/python3.10/site-packages/airflow/example_dags/example_sensor_decorator.py
[2024-07-02T19:38:34.850+0000] {processor.py:830} INFO - Processing file /usr/local/python/3.10.13/lib/python3.10/site-packages/airflow/example_dags/example_sensor_decorator.py for tasks to queue
[2024-07-02T19:38:34.851+0000] {logging_mixin.py:188} INFO - [2024-07-02T19:38:34.851+0000] {dagbag.py:545} INFO - Filling up the DagBag from /usr/local/python/3.10.13/lib/python3.10/site-packages/airflow/example_dags/example_sensor_decorator.py
[2024-07-02T19:38:34.855+0000] {processor.py:840} INFO - DAG(s) 'example_sensor_decorator' retrieved from /usr/local/python/3.10.13/lib/python3.10/site-packages/airflow/example_dags/example_sensor_decorator.py
[2024-07-02T19:38:34.867+0000] {logging_mixin.py:188} INFO - [2024-07-02T19:38:34.866+0000] {dag.py:3096} INFO - Sync 1 DAGs
[2024-07-02T19:38:34.875+0000] {logging_mixin.py:188} INFO - [2024-07-02T19:38:34.875+0000] {dag.py:3954} INFO - Setting next_dagrun for example_sensor_decorator to None, run_after=None
[2024-07-02T19:38:34.915+0000] {processor.py:183} INFO - Processing /usr/local/python/3.10.13/lib/python3.10/site-packages/airflow/example_dags/example_sensor_decorator.py took 0.070 seconds
[2024-07-02T19:39:18.325+0000] {processor.py:161} INFO - Started process (PID=19101) to work on /usr/local/python/3.10.13/lib/python3.10/site-packages/airflow/example_dags/example_sensor_decorator.py
[2024-07-02T19:39:18.326+0000] {processor.py:830} INFO - Processing file /usr/local/python/3.10.13/lib/python3.10/site-packages/airflow/example_dags/example_sensor_decorator.py for tasks to queue
[2024-07-02T19:39:18.326+0000] {logging_mixin.py:188} INFO - [2024-07-02T19:39:18.326+0000] {dagbag.py:545} INFO - Filling up the DagBag from /usr/local/python/3.10.13/lib/python3.10/site-packages/airflow/example_dags/example_sensor_decorator.py
[2024-07-02T19:39:18.331+0000] {processor.py:840} INFO - DAG(s) 'example_sensor_decorator' retrieved from /usr/local/python/3.10.13/lib/python3.10/site-packages/airflow/example_dags/example_sensor_decorator.py
[2024-07-02T19:39:18.342+0000] {logging_mixin.py:188} INFO - [2024-07-02T19:39:18.342+0000] {dag.py:3096} INFO - Sync 1 DAGs
[2024-07-02T19:39:18.350+0000] {logging_mixin.py:188} INFO - [2024-07-02T19:39:18.350+0000] {dag.py:3954} INFO - Setting next_dagrun for example_sensor_decorator to None, run_after=None
[2024-07-02T19:39:18.393+0000] {processor.py:183} INFO - Processing /usr/local/python/3.10.13/lib/python3.10/site-packages/airflow/example_dags/example_sensor_decorator.py took 0.072 seconds
[2024-07-02T19:40:11.121+0000] {processor.py:161} INFO - Started process (PID=19516) to work on /usr/local/python/3.10.13/lib/python3.10/site-packages/airflow/example_dags/example_sensor_decorator.py
[2024-07-02T19:40:11.122+0000] {processor.py:830} INFO - Processing file /usr/local/python/3.10.13/lib/python3.10/site-packages/airflow/example_dags/example_sensor_decorator.py for tasks to queue
[2024-07-02T19:40:11.122+0000] {logging_mixin.py:188} INFO - [2024-07-02T19:40:11.122+0000] {dagbag.py:545} INFO - Filling up the DagBag from /usr/local/python/3.10.13/lib/python3.10/site-packages/airflow/example_dags/example_sensor_decorator.py
[2024-07-02T19:40:11.127+0000] {processor.py:840} INFO - DAG(s) 'example_sensor_decorator' retrieved from /usr/local/python/3.10.13/lib/python3.10/site-packages/airflow/example_dags/example_sensor_decorator.py
[2024-07-02T19:40:11.138+0000] {logging_mixin.py:188} INFO - [2024-07-02T19:40:11.138+0000] {dag.py:3096} INFO - Sync 1 DAGs
[2024-07-02T19:40:11.147+0000] {logging_mixin.py:188} INFO - [2024-07-02T19:40:11.147+0000] {dag.py:3954} INFO - Setting next_dagrun for example_sensor_decorator to None, run_after=None
[2024-07-02T19:40:11.189+0000] {processor.py:183} INFO - Processing /usr/local/python/3.10.13/lib/python3.10/site-packages/airflow/example_dags/example_sensor_decorator.py took 0.072 seconds
[2024-07-02T19:41:02.624+0000] {processor.py:161} INFO - Started process (PID=19909) to work on /usr/local/python/3.10.13/lib/python3.10/site-packages/airflow/example_dags/example_sensor_decorator.py
[2024-07-02T19:41:02.624+0000] {processor.py:830} INFO - Processing file /usr/local/python/3.10.13/lib/python3.10/site-packages/airflow/example_dags/example_sensor_decorator.py for tasks to queue
[2024-07-02T19:41:02.625+0000] {logging_mixin.py:188} INFO - [2024-07-02T19:41:02.625+0000] {dagbag.py:545} INFO - Filling up the DagBag from /usr/local/python/3.10.13/lib/python3.10/site-packages/airflow/example_dags/example_sensor_decorator.py
[2024-07-02T19:41:02.629+0000] {processor.py:840} INFO - DAG(s) 'example_sensor_decorator' retrieved from /usr/local/python/3.10.13/lib/python3.10/site-packages/airflow/example_dags/example_sensor_decorator.py
[2024-07-02T19:41:02.640+0000] {logging_mixin.py:188} INFO - [2024-07-02T19:41:02.640+0000] {dag.py:3096} INFO - Sync 1 DAGs
[2024-07-02T19:41:02.649+0000] {logging_mixin.py:188} INFO - [2024-07-02T19:41:02.649+0000] {dag.py:3954} INFO - Setting next_dagrun for example_sensor_decorator to None, run_after=None
[2024-07-02T19:41:02.690+0000] {processor.py:183} INFO - Processing /usr/local/python/3.10.13/lib/python3.10/site-packages/airflow/example_dags/example_sensor_decorator.py took 0.072 seconds
[2024-07-02T19:41:46.760+0000] {processor.py:161} INFO - Started process (PID=20237) to work on /usr/local/python/3.10.13/lib/python3.10/site-packages/airflow/example_dags/example_sensor_decorator.py
[2024-07-02T19:41:46.761+0000] {processor.py:830} INFO - Processing file /usr/local/python/3.10.13/lib/python3.10/site-packages/airflow/example_dags/example_sensor_decorator.py for tasks to queue
[2024-07-02T19:41:46.762+0000] {logging_mixin.py:188} INFO - [2024-07-02T19:41:46.761+0000] {dagbag.py:545} INFO - Filling up the DagBag from /usr/local/python/3.10.13/lib/python3.10/site-packages/airflow/example_dags/example_sensor_decorator.py
[2024-07-02T19:41:46.766+0000] {processor.py:840} INFO - DAG(s) 'example_sensor_decorator' retrieved from /usr/local/python/3.10.13/lib/python3.10/site-packages/airflow/example_dags/example_sensor_decorator.py
[2024-07-02T19:41:46.778+0000] {logging_mixin.py:188} INFO - [2024-07-02T19:41:46.778+0000] {dag.py:3096} INFO - Sync 1 DAGs
[2024-07-02T19:41:46.787+0000] {logging_mixin.py:188} INFO - [2024-07-02T19:41:46.787+0000] {dag.py:3954} INFO - Setting next_dagrun for example_sensor_decorator to None, run_after=None
[2024-07-02T19:41:46.829+0000] {processor.py:183} INFO - Processing /usr/local/python/3.10.13/lib/python3.10/site-packages/airflow/example_dags/example_sensor_decorator.py took 0.073 seconds
[2024-07-02T19:42:46.299+0000] {processor.py:161} INFO - Started process (PID=20700) to work on /usr/local/python/3.10.13/lib/python3.10/site-packages/airflow/example_dags/example_sensor_decorator.py
[2024-07-02T19:42:46.300+0000] {processor.py:830} INFO - Processing file /usr/local/python/3.10.13/lib/python3.10/site-packages/airflow/example_dags/example_sensor_decorator.py for tasks to queue
[2024-07-02T19:42:46.301+0000] {logging_mixin.py:188} INFO - [2024-07-02T19:42:46.300+0000] {dagbag.py:545} INFO - Filling up the DagBag from /usr/local/python/3.10.13/lib/python3.10/site-packages/airflow/example_dags/example_sensor_decorator.py
[2024-07-02T19:42:46.305+0000] {processor.py:840} INFO - DAG(s) 'example_sensor_decorator' retrieved from /usr/local/python/3.10.13/lib/python3.10/site-packages/airflow/example_dags/example_sensor_decorator.py
[2024-07-02T19:42:46.321+0000] {logging_mixin.py:188} INFO - [2024-07-02T19:42:46.321+0000] {dag.py:3096} INFO - Sync 1 DAGs
[2024-07-02T19:42:46.334+0000] {logging_mixin.py:188} INFO - [2024-07-02T19:42:46.334+0000] {dag.py:3954} INFO - Setting next_dagrun for example_sensor_decorator to None, run_after=None
[2024-07-02T19:42:46.383+0000] {processor.py:183} INFO - Processing /usr/local/python/3.10.13/lib/python3.10/site-packages/airflow/example_dags/example_sensor_decorator.py took 0.089 seconds
[2024-07-02T19:43:36.370+0000] {processor.py:161} INFO - Started process (PID=21133) to work on /usr/local/python/3.10.13/lib/python3.10/site-packages/airflow/example_dags/example_sensor_decorator.py
[2024-07-02T19:43:36.371+0000] {processor.py:830} INFO - Processing file /usr/local/python/3.10.13/lib/python3.10/site-packages/airflow/example_dags/example_sensor_decorator.py for tasks to queue
[2024-07-02T19:43:36.371+0000] {logging_mixin.py:188} INFO - [2024-07-02T19:43:36.371+0000] {dagbag.py:545} INFO - Filling up the DagBag from /usr/local/python/3.10.13/lib/python3.10/site-packages/airflow/example_dags/example_sensor_decorator.py
[2024-07-02T19:43:36.376+0000] {processor.py:840} INFO - DAG(s) 'example_sensor_decorator' retrieved from /usr/local/python/3.10.13/lib/python3.10/site-packages/airflow/example_dags/example_sensor_decorator.py
[2024-07-02T19:43:36.387+0000] {logging_mixin.py:188} INFO - [2024-07-02T19:43:36.386+0000] {dag.py:3096} INFO - Sync 1 DAGs
[2024-07-02T19:43:36.395+0000] {logging_mixin.py:188} INFO - [2024-07-02T19:43:36.395+0000] {dag.py:3954} INFO - Setting next_dagrun for example_sensor_decorator to None, run_after=None
[2024-07-02T19:43:36.435+0000] {processor.py:183} INFO - Processing /usr/local/python/3.10.13/lib/python3.10/site-packages/airflow/example_dags/example_sensor_decorator.py took 0.069 seconds
[2024-07-02T19:44:29.261+0000] {processor.py:161} INFO - Started process (PID=21530) to work on /usr/local/python/3.10.13/lib/python3.10/site-packages/airflow/example_dags/example_sensor_decorator.py
[2024-07-02T19:44:29.262+0000] {processor.py:830} INFO - Processing file /usr/local/python/3.10.13/lib/python3.10/site-packages/airflow/example_dags/example_sensor_decorator.py for tasks to queue
[2024-07-02T19:44:29.262+0000] {logging_mixin.py:188} INFO - [2024-07-02T19:44:29.262+0000] {dagbag.py:545} INFO - Filling up the DagBag from /usr/local/python/3.10.13/lib/python3.10/site-packages/airflow/example_dags/example_sensor_decorator.py
[2024-07-02T19:44:29.267+0000] {processor.py:840} INFO - DAG(s) 'example_sensor_decorator' retrieved from /usr/local/python/3.10.13/lib/python3.10/site-packages/airflow/example_dags/example_sensor_decorator.py
[2024-07-02T19:44:29.279+0000] {logging_mixin.py:188} INFO - [2024-07-02T19:44:29.278+0000] {dag.py:3096} INFO - Sync 1 DAGs
[2024-07-02T19:44:29.289+0000] {logging_mixin.py:188} INFO - [2024-07-02T19:44:29.289+0000] {dag.py:3954} INFO - Setting next_dagrun for example_sensor_decorator to None, run_after=None
[2024-07-02T19:44:29.333+0000] {processor.py:183} INFO - Processing /usr/local/python/3.10.13/lib/python3.10/site-packages/airflow/example_dags/example_sensor_decorator.py took 0.077 seconds
[2024-07-02T19:45:11.042+0000] {processor.py:161} INFO - Started process (PID=21845) to work on /usr/local/python/3.10.13/lib/python3.10/site-packages/airflow/example_dags/example_sensor_decorator.py
[2024-07-02T19:45:11.043+0000] {processor.py:830} INFO - Processing file /usr/local/python/3.10.13/lib/python3.10/site-packages/airflow/example_dags/example_sensor_decorator.py for tasks to queue
[2024-07-02T19:45:11.044+0000] {logging_mixin.py:188} INFO - [2024-07-02T19:45:11.043+0000] {dagbag.py:545} INFO - Filling up the DagBag from /usr/local/python/3.10.13/lib/python3.10/site-packages/airflow/example_dags/example_sensor_decorator.py
[2024-07-02T19:45:11.050+0000] {processor.py:840} INFO - DAG(s) 'example_sensor_decorator' retrieved from /usr/local/python/3.10.13/lib/python3.10/site-packages/airflow/example_dags/example_sensor_decorator.py
[2024-07-02T19:45:11.066+0000] {logging_mixin.py:188} INFO - [2024-07-02T19:45:11.066+0000] {dag.py:3096} INFO - Sync 1 DAGs
[2024-07-02T19:45:11.076+0000] {logging_mixin.py:188} INFO - [2024-07-02T19:45:11.076+0000] {dag.py:3954} INFO - Setting next_dagrun for example_sensor_decorator to None, run_after=None
[2024-07-02T19:45:11.121+0000] {processor.py:183} INFO - Processing /usr/local/python/3.10.13/lib/python3.10/site-packages/airflow/example_dags/example_sensor_decorator.py took 0.086 seconds
[2024-07-02T19:45:52.008+0000] {processor.py:161} INFO - Started process (PID=22133) to work on /usr/local/python/3.10.13/lib/python3.10/site-packages/airflow/example_dags/example_sensor_decorator.py
[2024-07-02T19:45:52.009+0000] {processor.py:830} INFO - Processing file /usr/local/python/3.10.13/lib/python3.10/site-packages/airflow/example_dags/example_sensor_decorator.py for tasks to queue
[2024-07-02T19:45:52.009+0000] {logging_mixin.py:188} INFO - [2024-07-02T19:45:52.009+0000] {dagbag.py:545} INFO - Filling up the DagBag from /usr/local/python/3.10.13/lib/python3.10/site-packages/airflow/example_dags/example_sensor_decorator.py
[2024-07-02T19:45:52.014+0000] {processor.py:840} INFO - DAG(s) 'example_sensor_decorator' retrieved from /usr/local/python/3.10.13/lib/python3.10/site-packages/airflow/example_dags/example_sensor_decorator.py
[2024-07-02T19:45:52.026+0000] {logging_mixin.py:188} INFO - [2024-07-02T19:45:52.025+0000] {dag.py:3096} INFO - Sync 1 DAGs
[2024-07-02T19:45:52.034+0000] {logging_mixin.py:188} INFO - [2024-07-02T19:45:52.034+0000] {dag.py:3954} INFO - Setting next_dagrun for example_sensor_decorator to None, run_after=None
[2024-07-02T19:45:52.075+0000] {processor.py:183} INFO - Processing /usr/local/python/3.10.13/lib/python3.10/site-packages/airflow/example_dags/example_sensor_decorator.py took 0.071 seconds
[2024-07-02T19:46:35.575+0000] {processor.py:161} INFO - Started process (PID=22430) to work on /usr/local/python/3.10.13/lib/python3.10/site-packages/airflow/example_dags/example_sensor_decorator.py
[2024-07-02T19:46:35.575+0000] {processor.py:830} INFO - Processing file /usr/local/python/3.10.13/lib/python3.10/site-packages/airflow/example_dags/example_sensor_decorator.py for tasks to queue
[2024-07-02T19:46:35.576+0000] {logging_mixin.py:188} INFO - [2024-07-02T19:46:35.576+0000] {dagbag.py:545} INFO - Filling up the DagBag from /usr/local/python/3.10.13/lib/python3.10/site-packages/airflow/example_dags/example_sensor_decorator.py
[2024-07-02T19:46:35.580+0000] {processor.py:840} INFO - DAG(s) 'example_sensor_decorator' retrieved from /usr/local/python/3.10.13/lib/python3.10/site-packages/airflow/example_dags/example_sensor_decorator.py
[2024-07-02T19:46:35.591+0000] {logging_mixin.py:188} INFO - [2024-07-02T19:46:35.591+0000] {dag.py:3096} INFO - Sync 1 DAGs
[2024-07-02T19:46:35.599+0000] {logging_mixin.py:188} INFO - [2024-07-02T19:46:35.599+0000] {dag.py:3954} INFO - Setting next_dagrun for example_sensor_decorator to None, run_after=None
[2024-07-02T19:46:35.641+0000] {processor.py:183} INFO - Processing /usr/local/python/3.10.13/lib/python3.10/site-packages/airflow/example_dags/example_sensor_decorator.py took 0.071 seconds
[2024-07-02T19:47:22.709+0000] {processor.py:161} INFO - Started process (PID=22761) to work on /usr/local/python/3.10.13/lib/python3.10/site-packages/airflow/example_dags/example_sensor_decorator.py
[2024-07-02T19:47:22.709+0000] {processor.py:830} INFO - Processing file /usr/local/python/3.10.13/lib/python3.10/site-packages/airflow/example_dags/example_sensor_decorator.py for tasks to queue
[2024-07-02T19:47:22.710+0000] {logging_mixin.py:188} INFO - [2024-07-02T19:47:22.710+0000] {dagbag.py:545} INFO - Filling up the DagBag from /usr/local/python/3.10.13/lib/python3.10/site-packages/airflow/example_dags/example_sensor_decorator.py
[2024-07-02T19:47:22.715+0000] {processor.py:840} INFO - DAG(s) 'example_sensor_decorator' retrieved from /usr/local/python/3.10.13/lib/python3.10/site-packages/airflow/example_dags/example_sensor_decorator.py
[2024-07-02T19:47:22.726+0000] {logging_mixin.py:188} INFO - [2024-07-02T19:47:22.726+0000] {dag.py:3096} INFO - Sync 1 DAGs
[2024-07-02T19:47:22.735+0000] {logging_mixin.py:188} INFO - [2024-07-02T19:47:22.734+0000] {dag.py:3954} INFO - Setting next_dagrun for example_sensor_decorator to None, run_after=None
[2024-07-02T19:47:22.775+0000] {processor.py:183} INFO - Processing /usr/local/python/3.10.13/lib/python3.10/site-packages/airflow/example_dags/example_sensor_decorator.py took 0.070 seconds
[2024-07-02T19:48:07.092+0000] {processor.py:161} INFO - Started process (PID=23064) to work on /usr/local/python/3.10.13/lib/python3.10/site-packages/airflow/example_dags/example_sensor_decorator.py
[2024-07-02T19:48:07.093+0000] {processor.py:830} INFO - Processing file /usr/local/python/3.10.13/lib/python3.10/site-packages/airflow/example_dags/example_sensor_decorator.py for tasks to queue
[2024-07-02T19:48:07.094+0000] {logging_mixin.py:188} INFO - [2024-07-02T19:48:07.093+0000] {dagbag.py:545} INFO - Filling up the DagBag from /usr/local/python/3.10.13/lib/python3.10/site-packages/airflow/example_dags/example_sensor_decorator.py
[2024-07-02T19:48:07.098+0000] {processor.py:840} INFO - DAG(s) 'example_sensor_decorator' retrieved from /usr/local/python/3.10.13/lib/python3.10/site-packages/airflow/example_dags/example_sensor_decorator.py
[2024-07-02T19:48:07.109+0000] {logging_mixin.py:188} INFO - [2024-07-02T19:48:07.109+0000] {dag.py:3096} INFO - Sync 1 DAGs
[2024-07-02T19:48:07.118+0000] {logging_mixin.py:188} INFO - [2024-07-02T19:48:07.118+0000] {dag.py:3954} INFO - Setting next_dagrun for example_sensor_decorator to None, run_after=None
[2024-07-02T19:48:07.158+0000] {processor.py:183} INFO - Processing /usr/local/python/3.10.13/lib/python3.10/site-packages/airflow/example_dags/example_sensor_decorator.py took 0.070 seconds
[2024-07-02T19:48:49.370+0000] {processor.py:161} INFO - Started process (PID=23393) to work on /usr/local/python/3.10.13/lib/python3.10/site-packages/airflow/example_dags/example_sensor_decorator.py
[2024-07-02T19:48:49.371+0000] {processor.py:830} INFO - Processing file /usr/local/python/3.10.13/lib/python3.10/site-packages/airflow/example_dags/example_sensor_decorator.py for tasks to queue
[2024-07-02T19:48:49.371+0000] {logging_mixin.py:188} INFO - [2024-07-02T19:48:49.371+0000] {dagbag.py:545} INFO - Filling up the DagBag from /usr/local/python/3.10.13/lib/python3.10/site-packages/airflow/example_dags/example_sensor_decorator.py
[2024-07-02T19:48:49.376+0000] {processor.py:840} INFO - DAG(s) 'example_sensor_decorator' retrieved from /usr/local/python/3.10.13/lib/python3.10/site-packages/airflow/example_dags/example_sensor_decorator.py
[2024-07-02T19:48:49.387+0000] {logging_mixin.py:188} INFO - [2024-07-02T19:48:49.387+0000] {dag.py:3096} INFO - Sync 1 DAGs
[2024-07-02T19:48:49.396+0000] {logging_mixin.py:188} INFO - [2024-07-02T19:48:49.396+0000] {dag.py:3954} INFO - Setting next_dagrun for example_sensor_decorator to None, run_after=None
[2024-07-02T19:48:49.435+0000] {processor.py:183} INFO - Processing /usr/local/python/3.10.13/lib/python3.10/site-packages/airflow/example_dags/example_sensor_decorator.py took 0.069 seconds
[2024-07-02T19:49:32.932+0000] {processor.py:161} INFO - Started process (PID=23717) to work on /usr/local/python/3.10.13/lib/python3.10/site-packages/airflow/example_dags/example_sensor_decorator.py
[2024-07-02T19:49:32.933+0000] {processor.py:830} INFO - Processing file /usr/local/python/3.10.13/lib/python3.10/site-packages/airflow/example_dags/example_sensor_decorator.py for tasks to queue
[2024-07-02T19:49:32.933+0000] {logging_mixin.py:188} INFO - [2024-07-02T19:49:32.933+0000] {dagbag.py:545} INFO - Filling up the DagBag from /usr/local/python/3.10.13/lib/python3.10/site-packages/airflow/example_dags/example_sensor_decorator.py
[2024-07-02T19:49:32.938+0000] {processor.py:840} INFO - DAG(s) 'example_sensor_decorator' retrieved from /usr/local/python/3.10.13/lib/python3.10/site-packages/airflow/example_dags/example_sensor_decorator.py
[2024-07-02T19:49:32.950+0000] {logging_mixin.py:188} INFO - [2024-07-02T19:49:32.950+0000] {dag.py:3096} INFO - Sync 1 DAGs
[2024-07-02T19:49:32.958+0000] {logging_mixin.py:188} INFO - [2024-07-02T19:49:32.958+0000] {dag.py:3954} INFO - Setting next_dagrun for example_sensor_decorator to None, run_after=None
[2024-07-02T19:49:32.998+0000] {processor.py:183} INFO - Processing /usr/local/python/3.10.13/lib/python3.10/site-packages/airflow/example_dags/example_sensor_decorator.py took 0.070 seconds
[2024-07-02T19:50:17.013+0000] {processor.py:161} INFO - Started process (PID=24052) to work on /usr/local/python/3.10.13/lib/python3.10/site-packages/airflow/example_dags/example_sensor_decorator.py
[2024-07-02T19:50:17.014+0000] {processor.py:830} INFO - Processing file /usr/local/python/3.10.13/lib/python3.10/site-packages/airflow/example_dags/example_sensor_decorator.py for tasks to queue
[2024-07-02T19:50:17.015+0000] {logging_mixin.py:188} INFO - [2024-07-02T19:50:17.014+0000] {dagbag.py:545} INFO - Filling up the DagBag from /usr/local/python/3.10.13/lib/python3.10/site-packages/airflow/example_dags/example_sensor_decorator.py
[2024-07-02T19:50:17.020+0000] {processor.py:840} INFO - DAG(s) 'example_sensor_decorator' retrieved from /usr/local/python/3.10.13/lib/python3.10/site-packages/airflow/example_dags/example_sensor_decorator.py
[2024-07-02T19:50:17.031+0000] {logging_mixin.py:188} INFO - [2024-07-02T19:50:17.031+0000] {dag.py:3096} INFO - Sync 1 DAGs
[2024-07-02T19:50:17.040+0000] {logging_mixin.py:188} INFO - [2024-07-02T19:50:17.040+0000] {dag.py:3954} INFO - Setting next_dagrun for example_sensor_decorator to None, run_after=None
[2024-07-02T19:50:17.082+0000] {processor.py:183} INFO - Processing /usr/local/python/3.10.13/lib/python3.10/site-packages/airflow/example_dags/example_sensor_decorator.py took 0.074 seconds
[2024-07-02T19:51:01.825+0000] {processor.py:161} INFO - Started process (PID=24402) to work on /usr/local/python/3.10.13/lib/python3.10/site-packages/airflow/example_dags/example_sensor_decorator.py
[2024-07-02T19:51:01.825+0000] {processor.py:830} INFO - Processing file /usr/local/python/3.10.13/lib/python3.10/site-packages/airflow/example_dags/example_sensor_decorator.py for tasks to queue
[2024-07-02T19:51:01.826+0000] {logging_mixin.py:188} INFO - [2024-07-02T19:51:01.826+0000] {dagbag.py:545} INFO - Filling up the DagBag from /usr/local/python/3.10.13/lib/python3.10/site-packages/airflow/example_dags/example_sensor_decorator.py
[2024-07-02T19:51:01.831+0000] {processor.py:840} INFO - DAG(s) 'example_sensor_decorator' retrieved from /usr/local/python/3.10.13/lib/python3.10/site-packages/airflow/example_dags/example_sensor_decorator.py
[2024-07-02T19:51:01.842+0000] {logging_mixin.py:188} INFO - [2024-07-02T19:51:01.842+0000] {dag.py:3096} INFO - Sync 1 DAGs
[2024-07-02T19:51:01.851+0000] {logging_mixin.py:188} INFO - [2024-07-02T19:51:01.851+0000] {dag.py:3954} INFO - Setting next_dagrun for example_sensor_decorator to None, run_after=None
[2024-07-02T19:51:01.892+0000] {processor.py:183} INFO - Processing /usr/local/python/3.10.13/lib/python3.10/site-packages/airflow/example_dags/example_sensor_decorator.py took 0.072 seconds
[2024-07-02T19:51:47.482+0000] {processor.py:161} INFO - Started process (PID=24737) to work on /usr/local/python/3.10.13/lib/python3.10/site-packages/airflow/example_dags/example_sensor_decorator.py
[2024-07-02T19:51:47.483+0000] {processor.py:830} INFO - Processing file /usr/local/python/3.10.13/lib/python3.10/site-packages/airflow/example_dags/example_sensor_decorator.py for tasks to queue
[2024-07-02T19:51:47.483+0000] {logging_mixin.py:188} INFO - [2024-07-02T19:51:47.483+0000] {dagbag.py:545} INFO - Filling up the DagBag from /usr/local/python/3.10.13/lib/python3.10/site-packages/airflow/example_dags/example_sensor_decorator.py
[2024-07-02T19:51:47.488+0000] {processor.py:840} INFO - DAG(s) 'example_sensor_decorator' retrieved from /usr/local/python/3.10.13/lib/python3.10/site-packages/airflow/example_dags/example_sensor_decorator.py
[2024-07-02T19:51:47.499+0000] {logging_mixin.py:188} INFO - [2024-07-02T19:51:47.499+0000] {dag.py:3096} INFO - Sync 1 DAGs
[2024-07-02T19:51:47.507+0000] {logging_mixin.py:188} INFO - [2024-07-02T19:51:47.507+0000] {dag.py:3954} INFO - Setting next_dagrun for example_sensor_decorator to None, run_after=None
[2024-07-02T19:51:47.547+0000] {processor.py:183} INFO - Processing /usr/local/python/3.10.13/lib/python3.10/site-packages/airflow/example_dags/example_sensor_decorator.py took 0.069 seconds
[2024-07-02T19:52:31.178+0000] {processor.py:161} INFO - Started process (PID=25068) to work on /usr/local/python/3.10.13/lib/python3.10/site-packages/airflow/example_dags/example_sensor_decorator.py
[2024-07-02T19:52:31.179+0000] {processor.py:830} INFO - Processing file /usr/local/python/3.10.13/lib/python3.10/site-packages/airflow/example_dags/example_sensor_decorator.py for tasks to queue
[2024-07-02T19:52:31.180+0000] {logging_mixin.py:188} INFO - [2024-07-02T19:52:31.180+0000] {dagbag.py:545} INFO - Filling up the DagBag from /usr/local/python/3.10.13/lib/python3.10/site-packages/airflow/example_dags/example_sensor_decorator.py
[2024-07-02T19:52:31.187+0000] {processor.py:840} INFO - DAG(s) 'example_sensor_decorator' retrieved from /usr/local/python/3.10.13/lib/python3.10/site-packages/airflow/example_dags/example_sensor_decorator.py
[2024-07-02T19:52:31.215+0000] {logging_mixin.py:188} INFO - [2024-07-02T19:52:31.215+0000] {dag.py:3096} INFO - Sync 1 DAGs
[2024-07-02T19:52:31.230+0000] {logging_mixin.py:188} INFO - [2024-07-02T19:52:31.230+0000] {dag.py:3954} INFO - Setting next_dagrun for example_sensor_decorator to None, run_after=None
[2024-07-02T19:52:31.277+0000] {processor.py:183} INFO - Processing /usr/local/python/3.10.13/lib/python3.10/site-packages/airflow/example_dags/example_sensor_decorator.py took 0.106 seconds
[2024-07-02T19:53:16.197+0000] {processor.py:161} INFO - Started process (PID=25413) to work on /usr/local/python/3.10.13/lib/python3.10/site-packages/airflow/example_dags/example_sensor_decorator.py
[2024-07-02T19:53:16.197+0000] {processor.py:830} INFO - Processing file /usr/local/python/3.10.13/lib/python3.10/site-packages/airflow/example_dags/example_sensor_decorator.py for tasks to queue
[2024-07-02T19:53:16.198+0000] {logging_mixin.py:188} INFO - [2024-07-02T19:53:16.198+0000] {dagbag.py:545} INFO - Filling up the DagBag from /usr/local/python/3.10.13/lib/python3.10/site-packages/airflow/example_dags/example_sensor_decorator.py
[2024-07-02T19:53:16.203+0000] {processor.py:840} INFO - DAG(s) 'example_sensor_decorator' retrieved from /usr/local/python/3.10.13/lib/python3.10/site-packages/airflow/example_dags/example_sensor_decorator.py
[2024-07-02T19:53:16.214+0000] {logging_mixin.py:188} INFO - [2024-07-02T19:53:16.213+0000] {dag.py:3096} INFO - Sync 1 DAGs
[2024-07-02T19:53:16.223+0000] {logging_mixin.py:188} INFO - [2024-07-02T19:53:16.222+0000] {dag.py:3954} INFO - Setting next_dagrun for example_sensor_decorator to None, run_after=None
[2024-07-02T19:53:16.262+0000] {processor.py:183} INFO - Processing /usr/local/python/3.10.13/lib/python3.10/site-packages/airflow/example_dags/example_sensor_decorator.py took 0.070 seconds
[2024-07-02T19:54:00.878+0000] {processor.py:161} INFO - Started process (PID=25746) to work on /usr/local/python/3.10.13/lib/python3.10/site-packages/airflow/example_dags/example_sensor_decorator.py
[2024-07-02T19:54:00.878+0000] {processor.py:830} INFO - Processing file /usr/local/python/3.10.13/lib/python3.10/site-packages/airflow/example_dags/example_sensor_decorator.py for tasks to queue
[2024-07-02T19:54:00.879+0000] {logging_mixin.py:188} INFO - [2024-07-02T19:54:00.879+0000] {dagbag.py:545} INFO - Filling up the DagBag from /usr/local/python/3.10.13/lib/python3.10/site-packages/airflow/example_dags/example_sensor_decorator.py
[2024-07-02T19:54:00.884+0000] {processor.py:840} INFO - DAG(s) 'example_sensor_decorator' retrieved from /usr/local/python/3.10.13/lib/python3.10/site-packages/airflow/example_dags/example_sensor_decorator.py
[2024-07-02T19:54:00.900+0000] {logging_mixin.py:188} INFO - [2024-07-02T19:54:00.900+0000] {dag.py:3096} INFO - Sync 1 DAGs
[2024-07-02T19:54:00.913+0000] {logging_mixin.py:188} INFO - [2024-07-02T19:54:00.913+0000] {dag.py:3954} INFO - Setting next_dagrun for example_sensor_decorator to None, run_after=None
[2024-07-02T19:54:00.954+0000] {processor.py:183} INFO - Processing /usr/local/python/3.10.13/lib/python3.10/site-packages/airflow/example_dags/example_sensor_decorator.py took 0.081 seconds
[2024-07-02T19:54:44.557+0000] {processor.py:161} INFO - Started process (PID=26072) to work on /usr/local/python/3.10.13/lib/python3.10/site-packages/airflow/example_dags/example_sensor_decorator.py
[2024-07-02T19:54:44.558+0000] {processor.py:830} INFO - Processing file /usr/local/python/3.10.13/lib/python3.10/site-packages/airflow/example_dags/example_sensor_decorator.py for tasks to queue
[2024-07-02T19:54:44.559+0000] {logging_mixin.py:188} INFO - [2024-07-02T19:54:44.559+0000] {dagbag.py:545} INFO - Filling up the DagBag from /usr/local/python/3.10.13/lib/python3.10/site-packages/airflow/example_dags/example_sensor_decorator.py
[2024-07-02T19:54:44.563+0000] {processor.py:840} INFO - DAG(s) 'example_sensor_decorator' retrieved from /usr/local/python/3.10.13/lib/python3.10/site-packages/airflow/example_dags/example_sensor_decorator.py
[2024-07-02T19:54:44.574+0000] {logging_mixin.py:188} INFO - [2024-07-02T19:54:44.574+0000] {dag.py:3096} INFO - Sync 1 DAGs
[2024-07-02T19:54:44.583+0000] {logging_mixin.py:188} INFO - [2024-07-02T19:54:44.583+0000] {dag.py:3954} INFO - Setting next_dagrun for example_sensor_decorator to None, run_after=None
[2024-07-02T19:54:44.624+0000] {processor.py:183} INFO - Processing /usr/local/python/3.10.13/lib/python3.10/site-packages/airflow/example_dags/example_sensor_decorator.py took 0.071 seconds
[2024-07-02T19:55:27.014+0000] {processor.py:161} INFO - Started process (PID=26410) to work on /usr/local/python/3.10.13/lib/python3.10/site-packages/airflow/example_dags/example_sensor_decorator.py
[2024-07-02T19:55:27.015+0000] {processor.py:830} INFO - Processing file /usr/local/python/3.10.13/lib/python3.10/site-packages/airflow/example_dags/example_sensor_decorator.py for tasks to queue
[2024-07-02T19:55:27.016+0000] {logging_mixin.py:188} INFO - [2024-07-02T19:55:27.015+0000] {dagbag.py:545} INFO - Filling up the DagBag from /usr/local/python/3.10.13/lib/python3.10/site-packages/airflow/example_dags/example_sensor_decorator.py
[2024-07-02T19:55:27.020+0000] {processor.py:840} INFO - DAG(s) 'example_sensor_decorator' retrieved from /usr/local/python/3.10.13/lib/python3.10/site-packages/airflow/example_dags/example_sensor_decorator.py
[2024-07-02T19:55:27.031+0000] {logging_mixin.py:188} INFO - [2024-07-02T19:55:27.031+0000] {dag.py:3096} INFO - Sync 1 DAGs
[2024-07-02T19:55:27.040+0000] {logging_mixin.py:188} INFO - [2024-07-02T19:55:27.040+0000] {dag.py:3954} INFO - Setting next_dagrun for example_sensor_decorator to None, run_after=None
[2024-07-02T19:55:27.083+0000] {processor.py:183} INFO - Processing /usr/local/python/3.10.13/lib/python3.10/site-packages/airflow/example_dags/example_sensor_decorator.py took 0.074 seconds
[2024-07-02T19:56:12.932+0000] {processor.py:161} INFO - Started process (PID=26826) to work on /usr/local/python/3.10.13/lib/python3.10/site-packages/airflow/example_dags/example_sensor_decorator.py
[2024-07-02T19:56:12.933+0000] {processor.py:830} INFO - Processing file /usr/local/python/3.10.13/lib/python3.10/site-packages/airflow/example_dags/example_sensor_decorator.py for tasks to queue
[2024-07-02T19:56:12.934+0000] {logging_mixin.py:188} INFO - [2024-07-02T19:56:12.933+0000] {dagbag.py:545} INFO - Filling up the DagBag from /usr/local/python/3.10.13/lib/python3.10/site-packages/airflow/example_dags/example_sensor_decorator.py
[2024-07-02T19:56:12.938+0000] {processor.py:840} INFO - DAG(s) 'example_sensor_decorator' retrieved from /usr/local/python/3.10.13/lib/python3.10/site-packages/airflow/example_dags/example_sensor_decorator.py
[2024-07-02T19:56:12.949+0000] {logging_mixin.py:188} INFO - [2024-07-02T19:56:12.949+0000] {dag.py:3096} INFO - Sync 1 DAGs
[2024-07-02T19:56:12.958+0000] {logging_mixin.py:188} INFO - [2024-07-02T19:56:12.958+0000] {dag.py:3954} INFO - Setting next_dagrun for example_sensor_decorator to None, run_after=None
[2024-07-02T19:56:12.997+0000] {processor.py:183} INFO - Processing /usr/local/python/3.10.13/lib/python3.10/site-packages/airflow/example_dags/example_sensor_decorator.py took 0.069 seconds
[2024-07-02T19:57:05.965+0000] {processor.py:161} INFO - Started process (PID=27283) to work on /usr/local/python/3.10.13/lib/python3.10/site-packages/airflow/example_dags/example_sensor_decorator.py
[2024-07-02T19:57:05.966+0000] {processor.py:830} INFO - Processing file /usr/local/python/3.10.13/lib/python3.10/site-packages/airflow/example_dags/example_sensor_decorator.py for tasks to queue
[2024-07-02T19:57:05.966+0000] {logging_mixin.py:188} INFO - [2024-07-02T19:57:05.966+0000] {dagbag.py:545} INFO - Filling up the DagBag from /usr/local/python/3.10.13/lib/python3.10/site-packages/airflow/example_dags/example_sensor_decorator.py
[2024-07-02T19:57:05.971+0000] {processor.py:840} INFO - DAG(s) 'example_sensor_decorator' retrieved from /usr/local/python/3.10.13/lib/python3.10/site-packages/airflow/example_dags/example_sensor_decorator.py
[2024-07-02T19:57:05.982+0000] {logging_mixin.py:188} INFO - [2024-07-02T19:57:05.982+0000] {dag.py:3096} INFO - Sync 1 DAGs
[2024-07-02T19:57:05.991+0000] {logging_mixin.py:188} INFO - [2024-07-02T19:57:05.991+0000] {dag.py:3954} INFO - Setting next_dagrun for example_sensor_decorator to None, run_after=None
[2024-07-02T19:57:06.034+0000] {processor.py:183} INFO - Processing /usr/local/python/3.10.13/lib/python3.10/site-packages/airflow/example_dags/example_sensor_decorator.py took 0.074 seconds
