[2024-07-02T19:10:49.820+0000] {processor.py:161} INFO - Started process (PID=5779) to work on /usr/local/python/3.10.13/lib/python3.10/site-packages/airflow/example_dags/example_setup_teardown.py
[2024-07-02T19:10:49.821+0000] {processor.py:830} INFO - Processing file /usr/local/python/3.10.13/lib/python3.10/site-packages/airflow/example_dags/example_setup_teardown.py for tasks to queue
[2024-07-02T19:10:49.822+0000] {logging_mixin.py:188} INFO - [2024-07-02T19:10:49.822+0000] {dagbag.py:545} INFO - Filling up the DagBag from /usr/local/python/3.10.13/lib/python3.10/site-packages/airflow/example_dags/example_setup_teardown.py
[2024-07-02T19:10:49.827+0000] {processor.py:840} INFO - DAG(s) 'example_setup_teardown' retrieved from /usr/local/python/3.10.13/lib/python3.10/site-packages/airflow/example_dags/example_setup_teardown.py
[2024-07-02T19:10:50.035+0000] {logging_mixin.py:188} INFO - [2024-07-02T19:10:50.034+0000] {override.py:1829} INFO - Created Permission View: can edit on DAG:example_setup_teardown
[2024-07-02T19:10:50.067+0000] {logging_mixin.py:188} INFO - [2024-07-02T19:10:50.067+0000] {override.py:1829} INFO - Created Permission View: can read on DAG:example_setup_teardown
[2024-07-02T19:10:50.098+0000] {logging_mixin.py:188} INFO - [2024-07-02T19:10:50.098+0000] {override.py:1829} INFO - Created Permission View: can delete on DAG:example_setup_teardown
[2024-07-02T19:10:50.099+0000] {logging_mixin.py:188} INFO - [2024-07-02T19:10:50.099+0000] {dag.py:3096} INFO - Sync 1 DAGs
[2024-07-02T19:10:50.106+0000] {logging_mixin.py:188} INFO - [2024-07-02T19:10:50.106+0000] {dag.py:3118} INFO - Creating ORM DAG for example_setup_teardown
[2024-07-02T19:10:50.112+0000] {logging_mixin.py:188} INFO - [2024-07-02T19:10:50.112+0000] {dag.py:3954} INFO - Setting next_dagrun for example_setup_teardown to 2024-07-01 00:00:00+00:00, run_after=2024-07-02 00:00:00+00:00
[2024-07-02T19:10:50.157+0000] {processor.py:183} INFO - Processing /usr/local/python/3.10.13/lib/python3.10/site-packages/airflow/example_dags/example_setup_teardown.py took 0.341 seconds
[2024-07-02T19:11:47.896+0000] {processor.py:161} INFO - Started process (PID=6228) to work on /usr/local/python/3.10.13/lib/python3.10/site-packages/airflow/example_dags/example_setup_teardown.py
[2024-07-02T19:11:47.897+0000] {processor.py:830} INFO - Processing file /usr/local/python/3.10.13/lib/python3.10/site-packages/airflow/example_dags/example_setup_teardown.py for tasks to queue
[2024-07-02T19:11:47.898+0000] {logging_mixin.py:188} INFO - [2024-07-02T19:11:47.898+0000] {dagbag.py:545} INFO - Filling up the DagBag from /usr/local/python/3.10.13/lib/python3.10/site-packages/airflow/example_dags/example_setup_teardown.py
[2024-07-02T19:11:47.903+0000] {processor.py:840} INFO - DAG(s) 'example_setup_teardown' retrieved from /usr/local/python/3.10.13/lib/python3.10/site-packages/airflow/example_dags/example_setup_teardown.py
[2024-07-02T19:11:47.916+0000] {logging_mixin.py:188} INFO - [2024-07-02T19:11:47.915+0000] {dag.py:3096} INFO - Sync 1 DAGs
[2024-07-02T19:11:47.930+0000] {logging_mixin.py:188} INFO - [2024-07-02T19:11:47.930+0000] {dag.py:3954} INFO - Setting next_dagrun for example_setup_teardown to 2024-07-01 00:00:00+00:00, run_after=2024-07-02 00:00:00+00:00
[2024-07-02T19:11:47.972+0000] {processor.py:183} INFO - Processing /usr/local/python/3.10.13/lib/python3.10/site-packages/airflow/example_dags/example_setup_teardown.py took 0.080 seconds
[2024-07-02T19:12:38.333+0000] {processor.py:161} INFO - Started process (PID=6607) to work on /usr/local/python/3.10.13/lib/python3.10/site-packages/airflow/example_dags/example_setup_teardown.py
[2024-07-02T19:12:38.334+0000] {processor.py:830} INFO - Processing file /usr/local/python/3.10.13/lib/python3.10/site-packages/airflow/example_dags/example_setup_teardown.py for tasks to queue
[2024-07-02T19:12:38.335+0000] {logging_mixin.py:188} INFO - [2024-07-02T19:12:38.335+0000] {dagbag.py:545} INFO - Filling up the DagBag from /usr/local/python/3.10.13/lib/python3.10/site-packages/airflow/example_dags/example_setup_teardown.py
[2024-07-02T19:12:38.340+0000] {processor.py:840} INFO - DAG(s) 'example_setup_teardown' retrieved from /usr/local/python/3.10.13/lib/python3.10/site-packages/airflow/example_dags/example_setup_teardown.py
[2024-07-02T19:12:38.352+0000] {logging_mixin.py:188} INFO - [2024-07-02T19:12:38.352+0000] {dag.py:3096} INFO - Sync 1 DAGs
[2024-07-02T19:12:38.366+0000] {logging_mixin.py:188} INFO - [2024-07-02T19:12:38.366+0000] {dag.py:3954} INFO - Setting next_dagrun for example_setup_teardown to 2024-07-01 00:00:00+00:00, run_after=2024-07-02 00:00:00+00:00
[2024-07-02T19:12:38.408+0000] {processor.py:183} INFO - Processing /usr/local/python/3.10.13/lib/python3.10/site-packages/airflow/example_dags/example_setup_teardown.py took 0.079 seconds
[2024-07-02T19:13:40.606+0000] {processor.py:161} INFO - Started process (PID=7081) to work on /usr/local/python/3.10.13/lib/python3.10/site-packages/airflow/example_dags/example_setup_teardown.py
[2024-07-02T19:13:40.606+0000] {processor.py:830} INFO - Processing file /usr/local/python/3.10.13/lib/python3.10/site-packages/airflow/example_dags/example_setup_teardown.py for tasks to queue
[2024-07-02T19:13:40.607+0000] {logging_mixin.py:188} INFO - [2024-07-02T19:13:40.607+0000] {dagbag.py:545} INFO - Filling up the DagBag from /usr/local/python/3.10.13/lib/python3.10/site-packages/airflow/example_dags/example_setup_teardown.py
[2024-07-02T19:13:40.612+0000] {processor.py:840} INFO - DAG(s) 'example_setup_teardown' retrieved from /usr/local/python/3.10.13/lib/python3.10/site-packages/airflow/example_dags/example_setup_teardown.py
[2024-07-02T19:13:40.624+0000] {logging_mixin.py:188} INFO - [2024-07-02T19:13:40.624+0000] {dag.py:3096} INFO - Sync 1 DAGs
[2024-07-02T19:13:40.638+0000] {logging_mixin.py:188} INFO - [2024-07-02T19:13:40.638+0000] {dag.py:3954} INFO - Setting next_dagrun for example_setup_teardown to 2024-07-01 00:00:00+00:00, run_after=2024-07-02 00:00:00+00:00
[2024-07-02T19:13:40.679+0000] {processor.py:183} INFO - Processing /usr/local/python/3.10.13/lib/python3.10/site-packages/airflow/example_dags/example_setup_teardown.py took 0.078 seconds
[2024-07-02T19:14:40.430+0000] {processor.py:161} INFO - Started process (PID=7537) to work on /usr/local/python/3.10.13/lib/python3.10/site-packages/airflow/example_dags/example_setup_teardown.py
[2024-07-02T19:14:40.430+0000] {processor.py:830} INFO - Processing file /usr/local/python/3.10.13/lib/python3.10/site-packages/airflow/example_dags/example_setup_teardown.py for tasks to queue
[2024-07-02T19:14:40.432+0000] {logging_mixin.py:188} INFO - [2024-07-02T19:14:40.431+0000] {dagbag.py:545} INFO - Filling up the DagBag from /usr/local/python/3.10.13/lib/python3.10/site-packages/airflow/example_dags/example_setup_teardown.py
[2024-07-02T19:14:40.437+0000] {processor.py:840} INFO - DAG(s) 'example_setup_teardown' retrieved from /usr/local/python/3.10.13/lib/python3.10/site-packages/airflow/example_dags/example_setup_teardown.py
[2024-07-02T19:14:40.448+0000] {logging_mixin.py:188} INFO - [2024-07-02T19:14:40.448+0000] {dag.py:3096} INFO - Sync 1 DAGs
[2024-07-02T19:14:40.462+0000] {logging_mixin.py:188} INFO - [2024-07-02T19:14:40.462+0000] {dag.py:3954} INFO - Setting next_dagrun for example_setup_teardown to 2024-07-01 00:00:00+00:00, run_after=2024-07-02 00:00:00+00:00
[2024-07-02T19:14:40.501+0000] {processor.py:183} INFO - Processing /usr/local/python/3.10.13/lib/python3.10/site-packages/airflow/example_dags/example_setup_teardown.py took 0.076 seconds
[2024-07-02T19:15:44.484+0000] {processor.py:161} INFO - Started process (PID=8025) to work on /usr/local/python/3.10.13/lib/python3.10/site-packages/airflow/example_dags/example_setup_teardown.py
[2024-07-02T19:15:44.485+0000] {processor.py:830} INFO - Processing file /usr/local/python/3.10.13/lib/python3.10/site-packages/airflow/example_dags/example_setup_teardown.py for tasks to queue
[2024-07-02T19:15:44.486+0000] {logging_mixin.py:188} INFO - [2024-07-02T19:15:44.485+0000] {dagbag.py:545} INFO - Filling up the DagBag from /usr/local/python/3.10.13/lib/python3.10/site-packages/airflow/example_dags/example_setup_teardown.py
[2024-07-02T19:15:44.491+0000] {processor.py:840} INFO - DAG(s) 'example_setup_teardown' retrieved from /usr/local/python/3.10.13/lib/python3.10/site-packages/airflow/example_dags/example_setup_teardown.py
[2024-07-02T19:15:44.504+0000] {logging_mixin.py:188} INFO - [2024-07-02T19:15:44.504+0000] {dag.py:3096} INFO - Sync 1 DAGs
[2024-07-02T19:15:44.518+0000] {logging_mixin.py:188} INFO - [2024-07-02T19:15:44.518+0000] {dag.py:3954} INFO - Setting next_dagrun for example_setup_teardown to 2024-07-01 00:00:00+00:00, run_after=2024-07-02 00:00:00+00:00
[2024-07-02T19:15:44.559+0000] {processor.py:183} INFO - Processing /usr/local/python/3.10.13/lib/python3.10/site-packages/airflow/example_dags/example_setup_teardown.py took 0.079 seconds
[2024-07-02T19:16:50.244+0000] {processor.py:161} INFO - Started process (PID=8534) to work on /usr/local/python/3.10.13/lib/python3.10/site-packages/airflow/example_dags/example_setup_teardown.py
[2024-07-02T19:16:50.245+0000] {processor.py:830} INFO - Processing file /usr/local/python/3.10.13/lib/python3.10/site-packages/airflow/example_dags/example_setup_teardown.py for tasks to queue
[2024-07-02T19:16:50.245+0000] {logging_mixin.py:188} INFO - [2024-07-02T19:16:50.245+0000] {dagbag.py:545} INFO - Filling up the DagBag from /usr/local/python/3.10.13/lib/python3.10/site-packages/airflow/example_dags/example_setup_teardown.py
[2024-07-02T19:16:50.251+0000] {processor.py:840} INFO - DAG(s) 'example_setup_teardown' retrieved from /usr/local/python/3.10.13/lib/python3.10/site-packages/airflow/example_dags/example_setup_teardown.py
[2024-07-02T19:16:50.262+0000] {logging_mixin.py:188} INFO - [2024-07-02T19:16:50.262+0000] {dag.py:3096} INFO - Sync 1 DAGs
[2024-07-02T19:16:50.277+0000] {logging_mixin.py:188} INFO - [2024-07-02T19:16:50.277+0000] {dag.py:3954} INFO - Setting next_dagrun for example_setup_teardown to 2024-07-01 00:00:00+00:00, run_after=2024-07-02 00:00:00+00:00
[2024-07-02T19:16:50.319+0000] {processor.py:183} INFO - Processing /usr/local/python/3.10.13/lib/python3.10/site-packages/airflow/example_dags/example_setup_teardown.py took 0.079 seconds
[2024-07-02T19:17:41.888+0000] {processor.py:161} INFO - Started process (PID=8922) to work on /usr/local/python/3.10.13/lib/python3.10/site-packages/airflow/example_dags/example_setup_teardown.py
[2024-07-02T19:17:41.888+0000] {processor.py:830} INFO - Processing file /usr/local/python/3.10.13/lib/python3.10/site-packages/airflow/example_dags/example_setup_teardown.py for tasks to queue
[2024-07-02T19:17:41.889+0000] {logging_mixin.py:188} INFO - [2024-07-02T19:17:41.889+0000] {dagbag.py:545} INFO - Filling up the DagBag from /usr/local/python/3.10.13/lib/python3.10/site-packages/airflow/example_dags/example_setup_teardown.py
[2024-07-02T19:17:41.896+0000] {processor.py:840} INFO - DAG(s) 'example_setup_teardown' retrieved from /usr/local/python/3.10.13/lib/python3.10/site-packages/airflow/example_dags/example_setup_teardown.py
[2024-07-02T19:17:41.908+0000] {logging_mixin.py:188} INFO - [2024-07-02T19:17:41.908+0000] {dag.py:3096} INFO - Sync 1 DAGs
[2024-07-02T19:17:41.922+0000] {logging_mixin.py:188} INFO - [2024-07-02T19:17:41.922+0000] {dag.py:3954} INFO - Setting next_dagrun for example_setup_teardown to 2024-07-01 00:00:00+00:00, run_after=2024-07-02 00:00:00+00:00
[2024-07-02T19:17:41.965+0000] {processor.py:183} INFO - Processing /usr/local/python/3.10.13/lib/python3.10/site-packages/airflow/example_dags/example_setup_teardown.py took 0.082 seconds
[2024-07-02T19:18:45.034+0000] {processor.py:161} INFO - Started process (PID=9393) to work on /usr/local/python/3.10.13/lib/python3.10/site-packages/airflow/example_dags/example_setup_teardown.py
[2024-07-02T19:18:45.036+0000] {processor.py:830} INFO - Processing file /usr/local/python/3.10.13/lib/python3.10/site-packages/airflow/example_dags/example_setup_teardown.py for tasks to queue
[2024-07-02T19:18:45.037+0000] {logging_mixin.py:188} INFO - [2024-07-02T19:18:45.036+0000] {dagbag.py:545} INFO - Filling up the DagBag from /usr/local/python/3.10.13/lib/python3.10/site-packages/airflow/example_dags/example_setup_teardown.py
[2024-07-02T19:18:45.045+0000] {processor.py:840} INFO - DAG(s) 'example_setup_teardown' retrieved from /usr/local/python/3.10.13/lib/python3.10/site-packages/airflow/example_dags/example_setup_teardown.py
[2024-07-02T19:18:45.064+0000] {logging_mixin.py:188} INFO - [2024-07-02T19:18:45.064+0000] {dag.py:3096} INFO - Sync 1 DAGs
[2024-07-02T19:18:45.083+0000] {logging_mixin.py:188} INFO - [2024-07-02T19:18:45.082+0000] {dag.py:3954} INFO - Setting next_dagrun for example_setup_teardown to 2024-07-01 00:00:00+00:00, run_after=2024-07-02 00:00:00+00:00
[2024-07-02T19:18:45.123+0000] {processor.py:183} INFO - Processing /usr/local/python/3.10.13/lib/python3.10/site-packages/airflow/example_dags/example_setup_teardown.py took 0.095 seconds
[2024-07-02T19:19:51.849+0000] {processor.py:161} INFO - Started process (PID=9911) to work on /usr/local/python/3.10.13/lib/python3.10/site-packages/airflow/example_dags/example_setup_teardown.py
[2024-07-02T19:19:51.850+0000] {processor.py:830} INFO - Processing file /usr/local/python/3.10.13/lib/python3.10/site-packages/airflow/example_dags/example_setup_teardown.py for tasks to queue
[2024-07-02T19:19:51.851+0000] {logging_mixin.py:188} INFO - [2024-07-02T19:19:51.850+0000] {dagbag.py:545} INFO - Filling up the DagBag from /usr/local/python/3.10.13/lib/python3.10/site-packages/airflow/example_dags/example_setup_teardown.py
[2024-07-02T19:19:51.859+0000] {processor.py:840} INFO - DAG(s) 'example_setup_teardown' retrieved from /usr/local/python/3.10.13/lib/python3.10/site-packages/airflow/example_dags/example_setup_teardown.py
[2024-07-02T19:19:51.878+0000] {logging_mixin.py:188} INFO - [2024-07-02T19:19:51.877+0000] {dag.py:3096} INFO - Sync 1 DAGs
[2024-07-02T19:19:51.892+0000] {logging_mixin.py:188} INFO - [2024-07-02T19:19:51.892+0000] {dag.py:3954} INFO - Setting next_dagrun for example_setup_teardown to 2024-07-01 00:00:00+00:00, run_after=2024-07-02 00:00:00+00:00
[2024-07-02T19:19:51.930+0000] {processor.py:183} INFO - Processing /usr/local/python/3.10.13/lib/python3.10/site-packages/airflow/example_dags/example_setup_teardown.py took 0.088 seconds
[2024-07-02T19:21:01.342+0000] {processor.py:161} INFO - Started process (PID=10412) to work on /usr/local/python/3.10.13/lib/python3.10/site-packages/airflow/example_dags/example_setup_teardown.py
[2024-07-02T19:21:01.343+0000] {processor.py:830} INFO - Processing file /usr/local/python/3.10.13/lib/python3.10/site-packages/airflow/example_dags/example_setup_teardown.py for tasks to queue
[2024-07-02T19:21:01.343+0000] {logging_mixin.py:188} INFO - [2024-07-02T19:21:01.343+0000] {dagbag.py:545} INFO - Filling up the DagBag from /usr/local/python/3.10.13/lib/python3.10/site-packages/airflow/example_dags/example_setup_teardown.py
[2024-07-02T19:21:01.350+0000] {processor.py:840} INFO - DAG(s) 'example_setup_teardown' retrieved from /usr/local/python/3.10.13/lib/python3.10/site-packages/airflow/example_dags/example_setup_teardown.py
[2024-07-02T19:21:01.362+0000] {logging_mixin.py:188} INFO - [2024-07-02T19:21:01.362+0000] {dag.py:3096} INFO - Sync 1 DAGs
[2024-07-02T19:21:01.377+0000] {logging_mixin.py:188} INFO - [2024-07-02T19:21:01.377+0000] {dag.py:3954} INFO - Setting next_dagrun for example_setup_teardown to 2024-07-01 00:00:00+00:00, run_after=2024-07-02 00:00:00+00:00
[2024-07-02T19:21:01.418+0000] {processor.py:183} INFO - Processing /usr/local/python/3.10.13/lib/python3.10/site-packages/airflow/example_dags/example_setup_teardown.py took 0.081 seconds
[2024-07-02T19:22:12.084+0000] {processor.py:161} INFO - Started process (PID=10957) to work on /usr/local/python/3.10.13/lib/python3.10/site-packages/airflow/example_dags/example_setup_teardown.py
[2024-07-02T19:22:12.085+0000] {processor.py:830} INFO - Processing file /usr/local/python/3.10.13/lib/python3.10/site-packages/airflow/example_dags/example_setup_teardown.py for tasks to queue
[2024-07-02T19:22:12.086+0000] {logging_mixin.py:188} INFO - [2024-07-02T19:22:12.085+0000] {dagbag.py:545} INFO - Filling up the DagBag from /usr/local/python/3.10.13/lib/python3.10/site-packages/airflow/example_dags/example_setup_teardown.py
[2024-07-02T19:22:12.091+0000] {processor.py:840} INFO - DAG(s) 'example_setup_teardown' retrieved from /usr/local/python/3.10.13/lib/python3.10/site-packages/airflow/example_dags/example_setup_teardown.py
[2024-07-02T19:22:12.103+0000] {logging_mixin.py:188} INFO - [2024-07-02T19:22:12.102+0000] {dag.py:3096} INFO - Sync 1 DAGs
[2024-07-02T19:22:12.117+0000] {logging_mixin.py:188} INFO - [2024-07-02T19:22:12.117+0000] {dag.py:3954} INFO - Setting next_dagrun for example_setup_teardown to 2024-07-01 00:00:00+00:00, run_after=2024-07-02 00:00:00+00:00
[2024-07-02T19:22:12.158+0000] {processor.py:183} INFO - Processing /usr/local/python/3.10.13/lib/python3.10/site-packages/airflow/example_dags/example_setup_teardown.py took 0.078 seconds
[2024-07-02T19:23:16.006+0000] {processor.py:161} INFO - Started process (PID=11452) to work on /usr/local/python/3.10.13/lib/python3.10/site-packages/airflow/example_dags/example_setup_teardown.py
[2024-07-02T19:23:16.007+0000] {processor.py:830} INFO - Processing file /usr/local/python/3.10.13/lib/python3.10/site-packages/airflow/example_dags/example_setup_teardown.py for tasks to queue
[2024-07-02T19:23:16.007+0000] {logging_mixin.py:188} INFO - [2024-07-02T19:23:16.007+0000] {dagbag.py:545} INFO - Filling up the DagBag from /usr/local/python/3.10.13/lib/python3.10/site-packages/airflow/example_dags/example_setup_teardown.py
[2024-07-02T19:23:16.013+0000] {processor.py:840} INFO - DAG(s) 'example_setup_teardown' retrieved from /usr/local/python/3.10.13/lib/python3.10/site-packages/airflow/example_dags/example_setup_teardown.py
[2024-07-02T19:23:16.026+0000] {logging_mixin.py:188} INFO - [2024-07-02T19:23:16.026+0000] {dag.py:3096} INFO - Sync 1 DAGs
[2024-07-02T19:23:16.040+0000] {logging_mixin.py:188} INFO - [2024-07-02T19:23:16.040+0000] {dag.py:3954} INFO - Setting next_dagrun for example_setup_teardown to 2024-07-01 00:00:00+00:00, run_after=2024-07-02 00:00:00+00:00
[2024-07-02T19:23:16.080+0000] {processor.py:183} INFO - Processing /usr/local/python/3.10.13/lib/python3.10/site-packages/airflow/example_dags/example_setup_teardown.py took 0.078 seconds
[2024-07-02T19:24:18.612+0000] {processor.py:161} INFO - Started process (PID=11925) to work on /usr/local/python/3.10.13/lib/python3.10/site-packages/airflow/example_dags/example_setup_teardown.py
[2024-07-02T19:24:18.613+0000] {processor.py:830} INFO - Processing file /usr/local/python/3.10.13/lib/python3.10/site-packages/airflow/example_dags/example_setup_teardown.py for tasks to queue
[2024-07-02T19:24:18.613+0000] {logging_mixin.py:188} INFO - [2024-07-02T19:24:18.613+0000] {dagbag.py:545} INFO - Filling up the DagBag from /usr/local/python/3.10.13/lib/python3.10/site-packages/airflow/example_dags/example_setup_teardown.py
[2024-07-02T19:24:18.619+0000] {processor.py:840} INFO - DAG(s) 'example_setup_teardown' retrieved from /usr/local/python/3.10.13/lib/python3.10/site-packages/airflow/example_dags/example_setup_teardown.py
[2024-07-02T19:24:18.632+0000] {logging_mixin.py:188} INFO - [2024-07-02T19:24:18.631+0000] {dag.py:3096} INFO - Sync 1 DAGs
[2024-07-02T19:24:18.646+0000] {logging_mixin.py:188} INFO - [2024-07-02T19:24:18.646+0000] {dag.py:3954} INFO - Setting next_dagrun for example_setup_teardown to 2024-07-01 00:00:00+00:00, run_after=2024-07-02 00:00:00+00:00
[2024-07-02T19:24:18.685+0000] {processor.py:183} INFO - Processing /usr/local/python/3.10.13/lib/python3.10/site-packages/airflow/example_dags/example_setup_teardown.py took 0.078 seconds
[2024-07-02T19:25:23.705+0000] {processor.py:161} INFO - Started process (PID=12412) to work on /usr/local/python/3.10.13/lib/python3.10/site-packages/airflow/example_dags/example_setup_teardown.py
[2024-07-02T19:25:23.706+0000] {processor.py:830} INFO - Processing file /usr/local/python/3.10.13/lib/python3.10/site-packages/airflow/example_dags/example_setup_teardown.py for tasks to queue
[2024-07-02T19:25:23.707+0000] {logging_mixin.py:188} INFO - [2024-07-02T19:25:23.706+0000] {dagbag.py:545} INFO - Filling up the DagBag from /usr/local/python/3.10.13/lib/python3.10/site-packages/airflow/example_dags/example_setup_teardown.py
[2024-07-02T19:25:23.712+0000] {processor.py:840} INFO - DAG(s) 'example_setup_teardown' retrieved from /usr/local/python/3.10.13/lib/python3.10/site-packages/airflow/example_dags/example_setup_teardown.py
[2024-07-02T19:25:23.724+0000] {logging_mixin.py:188} INFO - [2024-07-02T19:25:23.724+0000] {dag.py:3096} INFO - Sync 1 DAGs
[2024-07-02T19:25:23.738+0000] {logging_mixin.py:188} INFO - [2024-07-02T19:25:23.738+0000] {dag.py:3954} INFO - Setting next_dagrun for example_setup_teardown to 2024-07-01 00:00:00+00:00, run_after=2024-07-02 00:00:00+00:00
[2024-07-02T19:25:23.777+0000] {processor.py:183} INFO - Processing /usr/local/python/3.10.13/lib/python3.10/site-packages/airflow/example_dags/example_setup_teardown.py took 0.076 seconds
[2024-07-02T19:26:27.726+0000] {processor.py:161} INFO - Started process (PID=12915) to work on /usr/local/python/3.10.13/lib/python3.10/site-packages/airflow/example_dags/example_setup_teardown.py
[2024-07-02T19:26:27.726+0000] {processor.py:830} INFO - Processing file /usr/local/python/3.10.13/lib/python3.10/site-packages/airflow/example_dags/example_setup_teardown.py for tasks to queue
[2024-07-02T19:26:27.727+0000] {logging_mixin.py:188} INFO - [2024-07-02T19:26:27.727+0000] {dagbag.py:545} INFO - Filling up the DagBag from /usr/local/python/3.10.13/lib/python3.10/site-packages/airflow/example_dags/example_setup_teardown.py
[2024-07-02T19:26:27.733+0000] {processor.py:840} INFO - DAG(s) 'example_setup_teardown' retrieved from /usr/local/python/3.10.13/lib/python3.10/site-packages/airflow/example_dags/example_setup_teardown.py
[2024-07-02T19:26:27.744+0000] {logging_mixin.py:188} INFO - [2024-07-02T19:26:27.744+0000] {dag.py:3096} INFO - Sync 1 DAGs
[2024-07-02T19:26:27.759+0000] {logging_mixin.py:188} INFO - [2024-07-02T19:26:27.758+0000] {dag.py:3954} INFO - Setting next_dagrun for example_setup_teardown to 2024-07-01 00:00:00+00:00, run_after=2024-07-02 00:00:00+00:00
[2024-07-02T19:26:27.800+0000] {processor.py:183} INFO - Processing /usr/local/python/3.10.13/lib/python3.10/site-packages/airflow/example_dags/example_setup_teardown.py took 0.079 seconds
[2024-07-02T19:27:34.125+0000] {processor.py:161} INFO - Started process (PID=13459) to work on /usr/local/python/3.10.13/lib/python3.10/site-packages/airflow/example_dags/example_setup_teardown.py
[2024-07-02T19:27:34.126+0000] {processor.py:830} INFO - Processing file /usr/local/python/3.10.13/lib/python3.10/site-packages/airflow/example_dags/example_setup_teardown.py for tasks to queue
[2024-07-02T19:27:34.126+0000] {logging_mixin.py:188} INFO - [2024-07-02T19:27:34.126+0000] {dagbag.py:545} INFO - Filling up the DagBag from /usr/local/python/3.10.13/lib/python3.10/site-packages/airflow/example_dags/example_setup_teardown.py
[2024-07-02T19:27:34.132+0000] {processor.py:840} INFO - DAG(s) 'example_setup_teardown' retrieved from /usr/local/python/3.10.13/lib/python3.10/site-packages/airflow/example_dags/example_setup_teardown.py
[2024-07-02T19:27:34.143+0000] {logging_mixin.py:188} INFO - [2024-07-02T19:27:34.143+0000] {dag.py:3096} INFO - Sync 1 DAGs
[2024-07-02T19:27:34.157+0000] {logging_mixin.py:188} INFO - [2024-07-02T19:27:34.157+0000] {dag.py:3954} INFO - Setting next_dagrun for example_setup_teardown to 2024-07-01 00:00:00+00:00, run_after=2024-07-02 00:00:00+00:00
[2024-07-02T19:27:34.199+0000] {processor.py:183} INFO - Processing /usr/local/python/3.10.13/lib/python3.10/site-packages/airflow/example_dags/example_setup_teardown.py took 0.078 seconds
[2024-07-02T19:28:36.704+0000] {processor.py:161} INFO - Started process (PID=14006) to work on /usr/local/python/3.10.13/lib/python3.10/site-packages/airflow/example_dags/example_setup_teardown.py
[2024-07-02T19:28:36.705+0000] {processor.py:830} INFO - Processing file /usr/local/python/3.10.13/lib/python3.10/site-packages/airflow/example_dags/example_setup_teardown.py for tasks to queue
[2024-07-02T19:28:36.705+0000] {logging_mixin.py:188} INFO - [2024-07-02T19:28:36.705+0000] {dagbag.py:545} INFO - Filling up the DagBag from /usr/local/python/3.10.13/lib/python3.10/site-packages/airflow/example_dags/example_setup_teardown.py
[2024-07-02T19:28:36.711+0000] {processor.py:840} INFO - DAG(s) 'example_setup_teardown' retrieved from /usr/local/python/3.10.13/lib/python3.10/site-packages/airflow/example_dags/example_setup_teardown.py
[2024-07-02T19:28:36.722+0000] {logging_mixin.py:188} INFO - [2024-07-02T19:28:36.722+0000] {dag.py:3096} INFO - Sync 1 DAGs
[2024-07-02T19:28:36.737+0000] {logging_mixin.py:188} INFO - [2024-07-02T19:28:36.737+0000] {dag.py:3954} INFO - Setting next_dagrun for example_setup_teardown to 2024-07-01 00:00:00+00:00, run_after=2024-07-02 00:00:00+00:00
[2024-07-02T19:28:36.777+0000] {processor.py:183} INFO - Processing /usr/local/python/3.10.13/lib/python3.10/site-packages/airflow/example_dags/example_setup_teardown.py took 0.078 seconds
[2024-07-02T19:29:46.605+0000] {processor.py:161} INFO - Started process (PID=14588) to work on /usr/local/python/3.10.13/lib/python3.10/site-packages/airflow/example_dags/example_setup_teardown.py
[2024-07-02T19:29:46.605+0000] {processor.py:830} INFO - Processing file /usr/local/python/3.10.13/lib/python3.10/site-packages/airflow/example_dags/example_setup_teardown.py for tasks to queue
[2024-07-02T19:29:46.606+0000] {logging_mixin.py:188} INFO - [2024-07-02T19:29:46.606+0000] {dagbag.py:545} INFO - Filling up the DagBag from /usr/local/python/3.10.13/lib/python3.10/site-packages/airflow/example_dags/example_setup_teardown.py
[2024-07-02T19:29:46.611+0000] {processor.py:840} INFO - DAG(s) 'example_setup_teardown' retrieved from /usr/local/python/3.10.13/lib/python3.10/site-packages/airflow/example_dags/example_setup_teardown.py
[2024-07-02T19:29:46.626+0000] {logging_mixin.py:188} INFO - [2024-07-02T19:29:46.625+0000] {dag.py:3096} INFO - Sync 1 DAGs
[2024-07-02T19:29:46.640+0000] {logging_mixin.py:188} INFO - [2024-07-02T19:29:46.640+0000] {dag.py:3954} INFO - Setting next_dagrun for example_setup_teardown to 2024-07-01 00:00:00+00:00, run_after=2024-07-02 00:00:00+00:00
[2024-07-02T19:29:46.680+0000] {processor.py:183} INFO - Processing /usr/local/python/3.10.13/lib/python3.10/site-packages/airflow/example_dags/example_setup_teardown.py took 0.080 seconds
[2024-07-02T19:30:55.204+0000] {processor.py:161} INFO - Started process (PID=15158) to work on /usr/local/python/3.10.13/lib/python3.10/site-packages/airflow/example_dags/example_setup_teardown.py
[2024-07-02T19:30:55.204+0000] {processor.py:830} INFO - Processing file /usr/local/python/3.10.13/lib/python3.10/site-packages/airflow/example_dags/example_setup_teardown.py for tasks to queue
[2024-07-02T19:30:55.205+0000] {logging_mixin.py:188} INFO - [2024-07-02T19:30:55.205+0000] {dagbag.py:545} INFO - Filling up the DagBag from /usr/local/python/3.10.13/lib/python3.10/site-packages/airflow/example_dags/example_setup_teardown.py
[2024-07-02T19:30:55.210+0000] {processor.py:840} INFO - DAG(s) 'example_setup_teardown' retrieved from /usr/local/python/3.10.13/lib/python3.10/site-packages/airflow/example_dags/example_setup_teardown.py
[2024-07-02T19:30:55.222+0000] {logging_mixin.py:188} INFO - [2024-07-02T19:30:55.222+0000] {dag.py:3096} INFO - Sync 1 DAGs
[2024-07-02T19:30:55.236+0000] {logging_mixin.py:188} INFO - [2024-07-02T19:30:55.236+0000] {dag.py:3954} INFO - Setting next_dagrun for example_setup_teardown to 2024-07-01 00:00:00+00:00, run_after=2024-07-02 00:00:00+00:00
[2024-07-02T19:30:55.278+0000] {processor.py:183} INFO - Processing /usr/local/python/3.10.13/lib/python3.10/site-packages/airflow/example_dags/example_setup_teardown.py took 0.079 seconds
[2024-07-02T19:31:43.227+0000] {processor.py:161} INFO - Started process (PID=15527) to work on /usr/local/python/3.10.13/lib/python3.10/site-packages/airflow/example_dags/example_setup_teardown.py
[2024-07-02T19:31:43.228+0000] {processor.py:830} INFO - Processing file /usr/local/python/3.10.13/lib/python3.10/site-packages/airflow/example_dags/example_setup_teardown.py for tasks to queue
[2024-07-02T19:31:43.228+0000] {logging_mixin.py:188} INFO - [2024-07-02T19:31:43.228+0000] {dagbag.py:545} INFO - Filling up the DagBag from /usr/local/python/3.10.13/lib/python3.10/site-packages/airflow/example_dags/example_setup_teardown.py
[2024-07-02T19:31:43.233+0000] {processor.py:840} INFO - DAG(s) 'example_setup_teardown' retrieved from /usr/local/python/3.10.13/lib/python3.10/site-packages/airflow/example_dags/example_setup_teardown.py
[2024-07-02T19:31:43.245+0000] {logging_mixin.py:188} INFO - [2024-07-02T19:31:43.245+0000] {dag.py:3096} INFO - Sync 1 DAGs
[2024-07-02T19:31:43.259+0000] {logging_mixin.py:188} INFO - [2024-07-02T19:31:43.259+0000] {dag.py:3954} INFO - Setting next_dagrun for example_setup_teardown to 2024-07-01 00:00:00+00:00, run_after=2024-07-02 00:00:00+00:00
[2024-07-02T19:31:43.363+0000] {processor.py:183} INFO - Processing /usr/local/python/3.10.13/lib/python3.10/site-packages/airflow/example_dags/example_setup_teardown.py took 0.141 seconds
[2024-07-02T19:32:48.549+0000] {processor.py:161} INFO - Started process (PID=16014) to work on /usr/local/python/3.10.13/lib/python3.10/site-packages/airflow/example_dags/example_setup_teardown.py
[2024-07-02T19:32:48.550+0000] {processor.py:830} INFO - Processing file /usr/local/python/3.10.13/lib/python3.10/site-packages/airflow/example_dags/example_setup_teardown.py for tasks to queue
[2024-07-02T19:32:48.550+0000] {logging_mixin.py:188} INFO - [2024-07-02T19:32:48.550+0000] {dagbag.py:545} INFO - Filling up the DagBag from /usr/local/python/3.10.13/lib/python3.10/site-packages/airflow/example_dags/example_setup_teardown.py
[2024-07-02T19:32:48.556+0000] {processor.py:840} INFO - DAG(s) 'example_setup_teardown' retrieved from /usr/local/python/3.10.13/lib/python3.10/site-packages/airflow/example_dags/example_setup_teardown.py
[2024-07-02T19:32:48.568+0000] {logging_mixin.py:188} INFO - [2024-07-02T19:32:48.568+0000] {dag.py:3096} INFO - Sync 1 DAGs
[2024-07-02T19:32:48.582+0000] {logging_mixin.py:188} INFO - [2024-07-02T19:32:48.582+0000] {dag.py:3954} INFO - Setting next_dagrun for example_setup_teardown to 2024-07-01 00:00:00+00:00, run_after=2024-07-02 00:00:00+00:00
[2024-07-02T19:32:48.622+0000] {processor.py:183} INFO - Processing /usr/local/python/3.10.13/lib/python3.10/site-packages/airflow/example_dags/example_setup_teardown.py took 0.078 seconds
[2024-07-02T19:33:54.573+0000] {processor.py:161} INFO - Started process (PID=16590) to work on /usr/local/python/3.10.13/lib/python3.10/site-packages/airflow/example_dags/example_setup_teardown.py
[2024-07-02T19:33:54.574+0000] {processor.py:830} INFO - Processing file /usr/local/python/3.10.13/lib/python3.10/site-packages/airflow/example_dags/example_setup_teardown.py for tasks to queue
[2024-07-02T19:33:54.574+0000] {logging_mixin.py:188} INFO - [2024-07-02T19:33:54.574+0000] {dagbag.py:545} INFO - Filling up the DagBag from /usr/local/python/3.10.13/lib/python3.10/site-packages/airflow/example_dags/example_setup_teardown.py
[2024-07-02T19:33:54.580+0000] {processor.py:840} INFO - DAG(s) 'example_setup_teardown' retrieved from /usr/local/python/3.10.13/lib/python3.10/site-packages/airflow/example_dags/example_setup_teardown.py
[2024-07-02T19:33:54.592+0000] {logging_mixin.py:188} INFO - [2024-07-02T19:33:54.592+0000] {dag.py:3096} INFO - Sync 1 DAGs
[2024-07-02T19:33:54.606+0000] {logging_mixin.py:188} INFO - [2024-07-02T19:33:54.606+0000] {dag.py:3954} INFO - Setting next_dagrun for example_setup_teardown to 2024-07-01 00:00:00+00:00, run_after=2024-07-02 00:00:00+00:00
[2024-07-02T19:33:54.647+0000] {processor.py:183} INFO - Processing /usr/local/python/3.10.13/lib/python3.10/site-packages/airflow/example_dags/example_setup_teardown.py took 0.078 seconds
[2024-07-02T19:35:03.719+0000] {processor.py:161} INFO - Started process (PID=17140) to work on /usr/local/python/3.10.13/lib/python3.10/site-packages/airflow/example_dags/example_setup_teardown.py
[2024-07-02T19:35:03.720+0000] {processor.py:830} INFO - Processing file /usr/local/python/3.10.13/lib/python3.10/site-packages/airflow/example_dags/example_setup_teardown.py for tasks to queue
[2024-07-02T19:35:03.721+0000] {logging_mixin.py:188} INFO - [2024-07-02T19:35:03.720+0000] {dagbag.py:545} INFO - Filling up the DagBag from /usr/local/python/3.10.13/lib/python3.10/site-packages/airflow/example_dags/example_setup_teardown.py
[2024-07-02T19:35:03.726+0000] {processor.py:840} INFO - DAG(s) 'example_setup_teardown' retrieved from /usr/local/python/3.10.13/lib/python3.10/site-packages/airflow/example_dags/example_setup_teardown.py
[2024-07-02T19:35:03.738+0000] {logging_mixin.py:188} INFO - [2024-07-02T19:35:03.737+0000] {dag.py:3096} INFO - Sync 1 DAGs
[2024-07-02T19:35:03.753+0000] {logging_mixin.py:188} INFO - [2024-07-02T19:35:03.753+0000] {dag.py:3954} INFO - Setting next_dagrun for example_setup_teardown to 2024-07-01 00:00:00+00:00, run_after=2024-07-02 00:00:00+00:00
[2024-07-02T19:35:03.794+0000] {processor.py:183} INFO - Processing /usr/local/python/3.10.13/lib/python3.10/site-packages/airflow/example_dags/example_setup_teardown.py took 0.080 seconds
[2024-07-02T19:35:53.604+0000] {processor.py:161} INFO - Started process (PID=17618) to work on /usr/local/python/3.10.13/lib/python3.10/site-packages/airflow/example_dags/example_setup_teardown.py
[2024-07-02T19:35:53.605+0000] {processor.py:830} INFO - Processing file /usr/local/python/3.10.13/lib/python3.10/site-packages/airflow/example_dags/example_setup_teardown.py for tasks to queue
[2024-07-02T19:35:53.606+0000] {logging_mixin.py:188} INFO - [2024-07-02T19:35:53.606+0000] {dagbag.py:545} INFO - Filling up the DagBag from /usr/local/python/3.10.13/lib/python3.10/site-packages/airflow/example_dags/example_setup_teardown.py
[2024-07-02T19:35:53.611+0000] {processor.py:840} INFO - DAG(s) 'example_setup_teardown' retrieved from /usr/local/python/3.10.13/lib/python3.10/site-packages/airflow/example_dags/example_setup_teardown.py
[2024-07-02T19:35:53.624+0000] {logging_mixin.py:188} INFO - [2024-07-02T19:35:53.624+0000] {dag.py:3096} INFO - Sync 1 DAGs
[2024-07-02T19:35:53.639+0000] {logging_mixin.py:188} INFO - [2024-07-02T19:35:53.639+0000] {dag.py:3954} INFO - Setting next_dagrun for example_setup_teardown to 2024-07-01 00:00:00+00:00, run_after=2024-07-02 00:00:00+00:00
[2024-07-02T19:35:53.679+0000] {processor.py:183} INFO - Processing /usr/local/python/3.10.13/lib/python3.10/site-packages/airflow/example_dags/example_setup_teardown.py took 0.080 seconds
[2024-07-02T19:36:46.890+0000] {processor.py:161} INFO - Started process (PID=17999) to work on /usr/local/python/3.10.13/lib/python3.10/site-packages/airflow/example_dags/example_setup_teardown.py
[2024-07-02T19:36:46.891+0000] {processor.py:830} INFO - Processing file /usr/local/python/3.10.13/lib/python3.10/site-packages/airflow/example_dags/example_setup_teardown.py for tasks to queue
[2024-07-02T19:36:46.892+0000] {logging_mixin.py:188} INFO - [2024-07-02T19:36:46.891+0000] {dagbag.py:545} INFO - Filling up the DagBag from /usr/local/python/3.10.13/lib/python3.10/site-packages/airflow/example_dags/example_setup_teardown.py
[2024-07-02T19:36:46.897+0000] {processor.py:840} INFO - DAG(s) 'example_setup_teardown' retrieved from /usr/local/python/3.10.13/lib/python3.10/site-packages/airflow/example_dags/example_setup_teardown.py
[2024-07-02T19:36:46.909+0000] {logging_mixin.py:188} INFO - [2024-07-02T19:36:46.909+0000] {dag.py:3096} INFO - Sync 1 DAGs
[2024-07-02T19:36:46.924+0000] {logging_mixin.py:188} INFO - [2024-07-02T19:36:46.924+0000] {dag.py:3954} INFO - Setting next_dagrun for example_setup_teardown to 2024-07-01 00:00:00+00:00, run_after=2024-07-02 00:00:00+00:00
[2024-07-02T19:36:46.977+0000] {processor.py:183} INFO - Processing /usr/local/python/3.10.13/lib/python3.10/site-packages/airflow/example_dags/example_setup_teardown.py took 0.091 seconds
[2024-07-02T19:37:38.101+0000] {processor.py:161} INFO - Started process (PID=18393) to work on /usr/local/python/3.10.13/lib/python3.10/site-packages/airflow/example_dags/example_setup_teardown.py
[2024-07-02T19:37:38.102+0000] {processor.py:830} INFO - Processing file /usr/local/python/3.10.13/lib/python3.10/site-packages/airflow/example_dags/example_setup_teardown.py for tasks to queue
[2024-07-02T19:37:38.102+0000] {logging_mixin.py:188} INFO - [2024-07-02T19:37:38.102+0000] {dagbag.py:545} INFO - Filling up the DagBag from /usr/local/python/3.10.13/lib/python3.10/site-packages/airflow/example_dags/example_setup_teardown.py
[2024-07-02T19:37:38.108+0000] {processor.py:840} INFO - DAG(s) 'example_setup_teardown' retrieved from /usr/local/python/3.10.13/lib/python3.10/site-packages/airflow/example_dags/example_setup_teardown.py
[2024-07-02T19:37:38.121+0000] {logging_mixin.py:188} INFO - [2024-07-02T19:37:38.121+0000] {dag.py:3096} INFO - Sync 1 DAGs
[2024-07-02T19:37:38.136+0000] {logging_mixin.py:188} INFO - [2024-07-02T19:37:38.136+0000] {dag.py:3954} INFO - Setting next_dagrun for example_setup_teardown to 2024-07-01 00:00:00+00:00, run_after=2024-07-02 00:00:00+00:00
[2024-07-02T19:37:38.178+0000] {processor.py:183} INFO - Processing /usr/local/python/3.10.13/lib/python3.10/site-packages/airflow/example_dags/example_setup_teardown.py took 0.081 seconds
[2024-07-02T19:38:43.884+0000] {processor.py:161} INFO - Started process (PID=18854) to work on /usr/local/python/3.10.13/lib/python3.10/site-packages/airflow/example_dags/example_setup_teardown.py
[2024-07-02T19:38:43.885+0000] {processor.py:830} INFO - Processing file /usr/local/python/3.10.13/lib/python3.10/site-packages/airflow/example_dags/example_setup_teardown.py for tasks to queue
[2024-07-02T19:38:43.886+0000] {logging_mixin.py:188} INFO - [2024-07-02T19:38:43.886+0000] {dagbag.py:545} INFO - Filling up the DagBag from /usr/local/python/3.10.13/lib/python3.10/site-packages/airflow/example_dags/example_setup_teardown.py
[2024-07-02T19:38:43.894+0000] {processor.py:840} INFO - DAG(s) 'example_setup_teardown' retrieved from /usr/local/python/3.10.13/lib/python3.10/site-packages/airflow/example_dags/example_setup_teardown.py
[2024-07-02T19:38:43.912+0000] {logging_mixin.py:188} INFO - [2024-07-02T19:38:43.912+0000] {dag.py:3096} INFO - Sync 1 DAGs
[2024-07-02T19:38:43.934+0000] {logging_mixin.py:188} INFO - [2024-07-02T19:38:43.934+0000] {dag.py:3954} INFO - Setting next_dagrun for example_setup_teardown to 2024-07-01 00:00:00+00:00, run_after=2024-07-02 00:00:00+00:00
[2024-07-02T19:38:43.983+0000] {processor.py:183} INFO - Processing /usr/local/python/3.10.13/lib/python3.10/site-packages/airflow/example_dags/example_setup_teardown.py took 0.105 seconds
[2024-07-02T19:39:50.022+0000] {processor.py:161} INFO - Started process (PID=19333) to work on /usr/local/python/3.10.13/lib/python3.10/site-packages/airflow/example_dags/example_setup_teardown.py
[2024-07-02T19:39:50.023+0000] {processor.py:830} INFO - Processing file /usr/local/python/3.10.13/lib/python3.10/site-packages/airflow/example_dags/example_setup_teardown.py for tasks to queue
[2024-07-02T19:39:50.024+0000] {logging_mixin.py:188} INFO - [2024-07-02T19:39:50.023+0000] {dagbag.py:545} INFO - Filling up the DagBag from /usr/local/python/3.10.13/lib/python3.10/site-packages/airflow/example_dags/example_setup_teardown.py
[2024-07-02T19:39:50.029+0000] {processor.py:840} INFO - DAG(s) 'example_setup_teardown' retrieved from /usr/local/python/3.10.13/lib/python3.10/site-packages/airflow/example_dags/example_setup_teardown.py
[2024-07-02T19:39:50.041+0000] {logging_mixin.py:188} INFO - [2024-07-02T19:39:50.040+0000] {dag.py:3096} INFO - Sync 1 DAGs
[2024-07-02T19:39:50.055+0000] {logging_mixin.py:188} INFO - [2024-07-02T19:39:50.055+0000] {dag.py:3954} INFO - Setting next_dagrun for example_setup_teardown to 2024-07-01 00:00:00+00:00, run_after=2024-07-02 00:00:00+00:00
[2024-07-02T19:39:50.109+0000] {processor.py:183} INFO - Processing /usr/local/python/3.10.13/lib/python3.10/site-packages/airflow/example_dags/example_setup_teardown.py took 0.092 seconds
[2024-07-02T19:40:46.215+0000] {processor.py:161} INFO - Started process (PID=19771) to work on /usr/local/python/3.10.13/lib/python3.10/site-packages/airflow/example_dags/example_setup_teardown.py
[2024-07-02T19:40:46.216+0000] {processor.py:830} INFO - Processing file /usr/local/python/3.10.13/lib/python3.10/site-packages/airflow/example_dags/example_setup_teardown.py for tasks to queue
[2024-07-02T19:40:46.217+0000] {logging_mixin.py:188} INFO - [2024-07-02T19:40:46.216+0000] {dagbag.py:545} INFO - Filling up the DagBag from /usr/local/python/3.10.13/lib/python3.10/site-packages/airflow/example_dags/example_setup_teardown.py
[2024-07-02T19:40:46.231+0000] {processor.py:840} INFO - DAG(s) 'example_setup_teardown' retrieved from /usr/local/python/3.10.13/lib/python3.10/site-packages/airflow/example_dags/example_setup_teardown.py
[2024-07-02T19:40:46.248+0000] {logging_mixin.py:188} INFO - [2024-07-02T19:40:46.248+0000] {dag.py:3096} INFO - Sync 1 DAGs
[2024-07-02T19:40:46.263+0000] {logging_mixin.py:188} INFO - [2024-07-02T19:40:46.263+0000] {dag.py:3954} INFO - Setting next_dagrun for example_setup_teardown to 2024-07-01 00:00:00+00:00, run_after=2024-07-02 00:00:00+00:00
[2024-07-02T19:40:46.302+0000] {processor.py:183} INFO - Processing /usr/local/python/3.10.13/lib/python3.10/site-packages/airflow/example_dags/example_setup_teardown.py took 0.094 seconds
[2024-07-02T19:41:52.590+0000] {processor.py:161} INFO - Started process (PID=20290) to work on /usr/local/python/3.10.13/lib/python3.10/site-packages/airflow/example_dags/example_setup_teardown.py
[2024-07-02T19:41:52.591+0000] {processor.py:830} INFO - Processing file /usr/local/python/3.10.13/lib/python3.10/site-packages/airflow/example_dags/example_setup_teardown.py for tasks to queue
[2024-07-02T19:41:52.591+0000] {logging_mixin.py:188} INFO - [2024-07-02T19:41:52.591+0000] {dagbag.py:545} INFO - Filling up the DagBag from /usr/local/python/3.10.13/lib/python3.10/site-packages/airflow/example_dags/example_setup_teardown.py
[2024-07-02T19:41:52.597+0000] {processor.py:840} INFO - DAG(s) 'example_setup_teardown' retrieved from /usr/local/python/3.10.13/lib/python3.10/site-packages/airflow/example_dags/example_setup_teardown.py
[2024-07-02T19:41:52.615+0000] {logging_mixin.py:188} INFO - [2024-07-02T19:41:52.615+0000] {dag.py:3096} INFO - Sync 1 DAGs
[2024-07-02T19:41:52.630+0000] {logging_mixin.py:188} INFO - [2024-07-02T19:41:52.630+0000] {dag.py:3954} INFO - Setting next_dagrun for example_setup_teardown to 2024-07-01 00:00:00+00:00, run_after=2024-07-02 00:00:00+00:00
[2024-07-02T19:41:52.670+0000] {processor.py:183} INFO - Processing /usr/local/python/3.10.13/lib/python3.10/site-packages/airflow/example_dags/example_setup_teardown.py took 0.084 seconds
[2024-07-02T19:42:54.864+0000] {processor.py:161} INFO - Started process (PID=20821) to work on /usr/local/python/3.10.13/lib/python3.10/site-packages/airflow/example_dags/example_setup_teardown.py
[2024-07-02T19:42:54.865+0000] {processor.py:830} INFO - Processing file /usr/local/python/3.10.13/lib/python3.10/site-packages/airflow/example_dags/example_setup_teardown.py for tasks to queue
[2024-07-02T19:42:54.866+0000] {logging_mixin.py:188} INFO - [2024-07-02T19:42:54.865+0000] {dagbag.py:545} INFO - Filling up the DagBag from /usr/local/python/3.10.13/lib/python3.10/site-packages/airflow/example_dags/example_setup_teardown.py
[2024-07-02T19:42:54.871+0000] {processor.py:840} INFO - DAG(s) 'example_setup_teardown' retrieved from /usr/local/python/3.10.13/lib/python3.10/site-packages/airflow/example_dags/example_setup_teardown.py
[2024-07-02T19:42:54.883+0000] {logging_mixin.py:188} INFO - [2024-07-02T19:42:54.883+0000] {dag.py:3096} INFO - Sync 1 DAGs
[2024-07-02T19:42:54.897+0000] {logging_mixin.py:188} INFO - [2024-07-02T19:42:54.897+0000] {dag.py:3954} INFO - Setting next_dagrun for example_setup_teardown to 2024-07-01 00:00:00+00:00, run_after=2024-07-02 00:00:00+00:00
[2024-07-02T19:42:54.937+0000] {processor.py:183} INFO - Processing /usr/local/python/3.10.13/lib/python3.10/site-packages/airflow/example_dags/example_setup_teardown.py took 0.077 seconds
[2024-07-02T19:43:44.408+0000] {processor.py:161} INFO - Started process (PID=21192) to work on /usr/local/python/3.10.13/lib/python3.10/site-packages/airflow/example_dags/example_setup_teardown.py
[2024-07-02T19:43:44.409+0000] {processor.py:830} INFO - Processing file /usr/local/python/3.10.13/lib/python3.10/site-packages/airflow/example_dags/example_setup_teardown.py for tasks to queue
[2024-07-02T19:43:44.410+0000] {logging_mixin.py:188} INFO - [2024-07-02T19:43:44.409+0000] {dagbag.py:545} INFO - Filling up the DagBag from /usr/local/python/3.10.13/lib/python3.10/site-packages/airflow/example_dags/example_setup_teardown.py
[2024-07-02T19:43:44.415+0000] {processor.py:840} INFO - DAG(s) 'example_setup_teardown' retrieved from /usr/local/python/3.10.13/lib/python3.10/site-packages/airflow/example_dags/example_setup_teardown.py
[2024-07-02T19:43:44.427+0000] {logging_mixin.py:188} INFO - [2024-07-02T19:43:44.427+0000] {dag.py:3096} INFO - Sync 1 DAGs
[2024-07-02T19:43:44.441+0000] {logging_mixin.py:188} INFO - [2024-07-02T19:43:44.441+0000] {dag.py:3954} INFO - Setting next_dagrun for example_setup_teardown to 2024-07-01 00:00:00+00:00, run_after=2024-07-02 00:00:00+00:00
[2024-07-02T19:43:44.481+0000] {processor.py:183} INFO - Processing /usr/local/python/3.10.13/lib/python3.10/site-packages/airflow/example_dags/example_setup_teardown.py took 0.077 seconds
[2024-07-02T19:44:36.154+0000] {processor.py:161} INFO - Started process (PID=21592) to work on /usr/local/python/3.10.13/lib/python3.10/site-packages/airflow/example_dags/example_setup_teardown.py
[2024-07-02T19:44:36.155+0000] {processor.py:830} INFO - Processing file /usr/local/python/3.10.13/lib/python3.10/site-packages/airflow/example_dags/example_setup_teardown.py for tasks to queue
[2024-07-02T19:44:36.156+0000] {logging_mixin.py:188} INFO - [2024-07-02T19:44:36.155+0000] {dagbag.py:545} INFO - Filling up the DagBag from /usr/local/python/3.10.13/lib/python3.10/site-packages/airflow/example_dags/example_setup_teardown.py
[2024-07-02T19:44:36.161+0000] {processor.py:840} INFO - DAG(s) 'example_setup_teardown' retrieved from /usr/local/python/3.10.13/lib/python3.10/site-packages/airflow/example_dags/example_setup_teardown.py
[2024-07-02T19:44:36.173+0000] {logging_mixin.py:188} INFO - [2024-07-02T19:44:36.172+0000] {dag.py:3096} INFO - Sync 1 DAGs
[2024-07-02T19:44:36.187+0000] {logging_mixin.py:188} INFO - [2024-07-02T19:44:36.187+0000] {dag.py:3954} INFO - Setting next_dagrun for example_setup_teardown to 2024-07-01 00:00:00+00:00, run_after=2024-07-02 00:00:00+00:00
[2024-07-02T19:44:36.229+0000] {processor.py:183} INFO - Processing /usr/local/python/3.10.13/lib/python3.10/site-packages/airflow/example_dags/example_setup_teardown.py took 0.079 seconds
[2024-07-02T19:45:38.009+0000] {processor.py:161} INFO - Started process (PID=22039) to work on /usr/local/python/3.10.13/lib/python3.10/site-packages/airflow/example_dags/example_setup_teardown.py
[2024-07-02T19:45:38.009+0000] {processor.py:830} INFO - Processing file /usr/local/python/3.10.13/lib/python3.10/site-packages/airflow/example_dags/example_setup_teardown.py for tasks to queue
[2024-07-02T19:45:38.010+0000] {logging_mixin.py:188} INFO - [2024-07-02T19:45:38.010+0000] {dagbag.py:545} INFO - Filling up the DagBag from /usr/local/python/3.10.13/lib/python3.10/site-packages/airflow/example_dags/example_setup_teardown.py
[2024-07-02T19:45:38.015+0000] {processor.py:840} INFO - DAG(s) 'example_setup_teardown' retrieved from /usr/local/python/3.10.13/lib/python3.10/site-packages/airflow/example_dags/example_setup_teardown.py
[2024-07-02T19:45:38.028+0000] {logging_mixin.py:188} INFO - [2024-07-02T19:45:38.027+0000] {dag.py:3096} INFO - Sync 1 DAGs
[2024-07-02T19:45:38.044+0000] {logging_mixin.py:188} INFO - [2024-07-02T19:45:38.044+0000] {dag.py:3954} INFO - Setting next_dagrun for example_setup_teardown to 2024-07-01 00:00:00+00:00, run_after=2024-07-02 00:00:00+00:00
[2024-07-02T19:45:38.104+0000] {processor.py:183} INFO - Processing /usr/local/python/3.10.13/lib/python3.10/site-packages/airflow/example_dags/example_setup_teardown.py took 0.100 seconds
[2024-07-02T19:46:43.481+0000] {processor.py:161} INFO - Started process (PID=22493) to work on /usr/local/python/3.10.13/lib/python3.10/site-packages/airflow/example_dags/example_setup_teardown.py
[2024-07-02T19:46:43.481+0000] {processor.py:830} INFO - Processing file /usr/local/python/3.10.13/lib/python3.10/site-packages/airflow/example_dags/example_setup_teardown.py for tasks to queue
[2024-07-02T19:46:43.482+0000] {logging_mixin.py:188} INFO - [2024-07-02T19:46:43.482+0000] {dagbag.py:545} INFO - Filling up the DagBag from /usr/local/python/3.10.13/lib/python3.10/site-packages/airflow/example_dags/example_setup_teardown.py
[2024-07-02T19:46:43.487+0000] {processor.py:840} INFO - DAG(s) 'example_setup_teardown' retrieved from /usr/local/python/3.10.13/lib/python3.10/site-packages/airflow/example_dags/example_setup_teardown.py
[2024-07-02T19:46:43.499+0000] {logging_mixin.py:188} INFO - [2024-07-02T19:46:43.499+0000] {dag.py:3096} INFO - Sync 1 DAGs
[2024-07-02T19:46:43.513+0000] {logging_mixin.py:188} INFO - [2024-07-02T19:46:43.513+0000] {dag.py:3954} INFO - Setting next_dagrun for example_setup_teardown to 2024-07-01 00:00:00+00:00, run_after=2024-07-02 00:00:00+00:00
[2024-07-02T19:46:43.554+0000] {processor.py:183} INFO - Processing /usr/local/python/3.10.13/lib/python3.10/site-packages/airflow/example_dags/example_setup_teardown.py took 0.078 seconds
[2024-07-02T19:47:31.902+0000] {processor.py:161} INFO - Started process (PID=22831) to work on /usr/local/python/3.10.13/lib/python3.10/site-packages/airflow/example_dags/example_setup_teardown.py
[2024-07-02T19:47:31.903+0000] {processor.py:830} INFO - Processing file /usr/local/python/3.10.13/lib/python3.10/site-packages/airflow/example_dags/example_setup_teardown.py for tasks to queue
[2024-07-02T19:47:31.904+0000] {logging_mixin.py:188} INFO - [2024-07-02T19:47:31.903+0000] {dagbag.py:545} INFO - Filling up the DagBag from /usr/local/python/3.10.13/lib/python3.10/site-packages/airflow/example_dags/example_setup_teardown.py
[2024-07-02T19:47:31.909+0000] {processor.py:840} INFO - DAG(s) 'example_setup_teardown' retrieved from /usr/local/python/3.10.13/lib/python3.10/site-packages/airflow/example_dags/example_setup_teardown.py
[2024-07-02T19:47:31.921+0000] {logging_mixin.py:188} INFO - [2024-07-02T19:47:31.921+0000] {dag.py:3096} INFO - Sync 1 DAGs
[2024-07-02T19:47:31.946+0000] {logging_mixin.py:188} INFO - [2024-07-02T19:47:31.946+0000] {dag.py:3954} INFO - Setting next_dagrun for example_setup_teardown to 2024-07-01 00:00:00+00:00, run_after=2024-07-02 00:00:00+00:00
[2024-07-02T19:47:31.990+0000] {processor.py:183} INFO - Processing /usr/local/python/3.10.13/lib/python3.10/site-packages/airflow/example_dags/example_setup_teardown.py took 0.093 seconds
[2024-07-02T19:48:32.853+0000] {processor.py:161} INFO - Started process (PID=23257) to work on /usr/local/python/3.10.13/lib/python3.10/site-packages/airflow/example_dags/example_setup_teardown.py
[2024-07-02T19:48:32.854+0000] {processor.py:830} INFO - Processing file /usr/local/python/3.10.13/lib/python3.10/site-packages/airflow/example_dags/example_setup_teardown.py for tasks to queue
[2024-07-02T19:48:32.855+0000] {logging_mixin.py:188} INFO - [2024-07-02T19:48:32.854+0000] {dagbag.py:545} INFO - Filling up the DagBag from /usr/local/python/3.10.13/lib/python3.10/site-packages/airflow/example_dags/example_setup_teardown.py
[2024-07-02T19:48:32.860+0000] {processor.py:840} INFO - DAG(s) 'example_setup_teardown' retrieved from /usr/local/python/3.10.13/lib/python3.10/site-packages/airflow/example_dags/example_setup_teardown.py
[2024-07-02T19:48:32.871+0000] {logging_mixin.py:188} INFO - [2024-07-02T19:48:32.871+0000] {dag.py:3096} INFO - Sync 1 DAGs
[2024-07-02T19:48:32.886+0000] {logging_mixin.py:188} INFO - [2024-07-02T19:48:32.885+0000] {dag.py:3954} INFO - Setting next_dagrun for example_setup_teardown to 2024-07-01 00:00:00+00:00, run_after=2024-07-02 00:00:00+00:00
[2024-07-02T19:48:32.925+0000] {processor.py:183} INFO - Processing /usr/local/python/3.10.13/lib/python3.10/site-packages/airflow/example_dags/example_setup_teardown.py took 0.076 seconds
[2024-07-02T19:49:40.149+0000] {processor.py:161} INFO - Started process (PID=23778) to work on /usr/local/python/3.10.13/lib/python3.10/site-packages/airflow/example_dags/example_setup_teardown.py
[2024-07-02T19:49:40.149+0000] {processor.py:830} INFO - Processing file /usr/local/python/3.10.13/lib/python3.10/site-packages/airflow/example_dags/example_setup_teardown.py for tasks to queue
[2024-07-02T19:49:40.150+0000] {logging_mixin.py:188} INFO - [2024-07-02T19:49:40.150+0000] {dagbag.py:545} INFO - Filling up the DagBag from /usr/local/python/3.10.13/lib/python3.10/site-packages/airflow/example_dags/example_setup_teardown.py
[2024-07-02T19:49:40.155+0000] {processor.py:840} INFO - DAG(s) 'example_setup_teardown' retrieved from /usr/local/python/3.10.13/lib/python3.10/site-packages/airflow/example_dags/example_setup_teardown.py
[2024-07-02T19:49:40.167+0000] {logging_mixin.py:188} INFO - [2024-07-02T19:49:40.167+0000] {dag.py:3096} INFO - Sync 1 DAGs
[2024-07-02T19:49:40.182+0000] {logging_mixin.py:188} INFO - [2024-07-02T19:49:40.181+0000] {dag.py:3954} INFO - Setting next_dagrun for example_setup_teardown to 2024-07-01 00:00:00+00:00, run_after=2024-07-02 00:00:00+00:00
[2024-07-02T19:49:40.221+0000] {processor.py:183} INFO - Processing /usr/local/python/3.10.13/lib/python3.10/site-packages/airflow/example_dags/example_setup_teardown.py took 0.077 seconds
[2024-07-02T19:50:46.244+0000] {processor.py:161} INFO - Started process (PID=24278) to work on /usr/local/python/3.10.13/lib/python3.10/site-packages/airflow/example_dags/example_setup_teardown.py
[2024-07-02T19:50:46.244+0000] {processor.py:830} INFO - Processing file /usr/local/python/3.10.13/lib/python3.10/site-packages/airflow/example_dags/example_setup_teardown.py for tasks to queue
[2024-07-02T19:50:46.245+0000] {logging_mixin.py:188} INFO - [2024-07-02T19:50:46.245+0000] {dagbag.py:545} INFO - Filling up the DagBag from /usr/local/python/3.10.13/lib/python3.10/site-packages/airflow/example_dags/example_setup_teardown.py
[2024-07-02T19:50:46.250+0000] {processor.py:840} INFO - DAG(s) 'example_setup_teardown' retrieved from /usr/local/python/3.10.13/lib/python3.10/site-packages/airflow/example_dags/example_setup_teardown.py
[2024-07-02T19:50:46.262+0000] {logging_mixin.py:188} INFO - [2024-07-02T19:50:46.262+0000] {dag.py:3096} INFO - Sync 1 DAGs
[2024-07-02T19:50:46.277+0000] {logging_mixin.py:188} INFO - [2024-07-02T19:50:46.276+0000] {dag.py:3954} INFO - Setting next_dagrun for example_setup_teardown to 2024-07-01 00:00:00+00:00, run_after=2024-07-02 00:00:00+00:00
[2024-07-02T19:50:46.319+0000] {processor.py:183} INFO - Processing /usr/local/python/3.10.13/lib/python3.10/site-packages/airflow/example_dags/example_setup_teardown.py took 0.080 seconds
[2024-07-02T19:51:54.916+0000] {processor.py:161} INFO - Started process (PID=24796) to work on /usr/local/python/3.10.13/lib/python3.10/site-packages/airflow/example_dags/example_setup_teardown.py
[2024-07-02T19:51:54.916+0000] {processor.py:830} INFO - Processing file /usr/local/python/3.10.13/lib/python3.10/site-packages/airflow/example_dags/example_setup_teardown.py for tasks to queue
[2024-07-02T19:51:54.917+0000] {logging_mixin.py:188} INFO - [2024-07-02T19:51:54.917+0000] {dagbag.py:545} INFO - Filling up the DagBag from /usr/local/python/3.10.13/lib/python3.10/site-packages/airflow/example_dags/example_setup_teardown.py
[2024-07-02T19:51:54.922+0000] {processor.py:840} INFO - DAG(s) 'example_setup_teardown' retrieved from /usr/local/python/3.10.13/lib/python3.10/site-packages/airflow/example_dags/example_setup_teardown.py
[2024-07-02T19:51:54.933+0000] {logging_mixin.py:188} INFO - [2024-07-02T19:51:54.933+0000] {dag.py:3096} INFO - Sync 1 DAGs
[2024-07-02T19:51:54.948+0000] {logging_mixin.py:188} INFO - [2024-07-02T19:51:54.948+0000] {dag.py:3954} INFO - Setting next_dagrun for example_setup_teardown to 2024-07-01 00:00:00+00:00, run_after=2024-07-02 00:00:00+00:00
[2024-07-02T19:51:55.031+0000] {processor.py:183} INFO - Processing /usr/local/python/3.10.13/lib/python3.10/site-packages/airflow/example_dags/example_setup_teardown.py took 0.120 seconds
[2024-07-02T19:53:01.177+0000] {processor.py:161} INFO - Started process (PID=25288) to work on /usr/local/python/3.10.13/lib/python3.10/site-packages/airflow/example_dags/example_setup_teardown.py
[2024-07-02T19:53:01.178+0000] {processor.py:830} INFO - Processing file /usr/local/python/3.10.13/lib/python3.10/site-packages/airflow/example_dags/example_setup_teardown.py for tasks to queue
[2024-07-02T19:53:01.179+0000] {logging_mixin.py:188} INFO - [2024-07-02T19:53:01.179+0000] {dagbag.py:545} INFO - Filling up the DagBag from /usr/local/python/3.10.13/lib/python3.10/site-packages/airflow/example_dags/example_setup_teardown.py
[2024-07-02T19:53:01.187+0000] {processor.py:840} INFO - DAG(s) 'example_setup_teardown' retrieved from /usr/local/python/3.10.13/lib/python3.10/site-packages/airflow/example_dags/example_setup_teardown.py
[2024-07-02T19:53:01.204+0000] {logging_mixin.py:188} INFO - [2024-07-02T19:53:01.204+0000] {dag.py:3096} INFO - Sync 1 DAGs
[2024-07-02T19:53:01.226+0000] {logging_mixin.py:188} INFO - [2024-07-02T19:53:01.225+0000] {dag.py:3954} INFO - Setting next_dagrun for example_setup_teardown to 2024-07-01 00:00:00+00:00, run_after=2024-07-02 00:00:00+00:00
[2024-07-02T19:53:01.276+0000] {processor.py:183} INFO - Processing /usr/local/python/3.10.13/lib/python3.10/site-packages/airflow/example_dags/example_setup_teardown.py took 0.106 seconds
[2024-07-02T19:54:07.755+0000] {processor.py:161} INFO - Started process (PID=25801) to work on /usr/local/python/3.10.13/lib/python3.10/site-packages/airflow/example_dags/example_setup_teardown.py
[2024-07-02T19:54:07.756+0000] {processor.py:830} INFO - Processing file /usr/local/python/3.10.13/lib/python3.10/site-packages/airflow/example_dags/example_setup_teardown.py for tasks to queue
[2024-07-02T19:54:07.756+0000] {logging_mixin.py:188} INFO - [2024-07-02T19:54:07.756+0000] {dagbag.py:545} INFO - Filling up the DagBag from /usr/local/python/3.10.13/lib/python3.10/site-packages/airflow/example_dags/example_setup_teardown.py
[2024-07-02T19:54:07.761+0000] {processor.py:840} INFO - DAG(s) 'example_setup_teardown' retrieved from /usr/local/python/3.10.13/lib/python3.10/site-packages/airflow/example_dags/example_setup_teardown.py
[2024-07-02T19:54:07.773+0000] {logging_mixin.py:188} INFO - [2024-07-02T19:54:07.773+0000] {dag.py:3096} INFO - Sync 1 DAGs
[2024-07-02T19:54:07.788+0000] {logging_mixin.py:188} INFO - [2024-07-02T19:54:07.788+0000] {dag.py:3954} INFO - Setting next_dagrun for example_setup_teardown to 2024-07-01 00:00:00+00:00, run_after=2024-07-02 00:00:00+00:00
[2024-07-02T19:54:07.827+0000] {processor.py:183} INFO - Processing /usr/local/python/3.10.13/lib/python3.10/site-packages/airflow/example_dags/example_setup_teardown.py took 0.076 seconds
[2024-07-02T19:55:11.522+0000] {processor.py:161} INFO - Started process (PID=26288) to work on /usr/local/python/3.10.13/lib/python3.10/site-packages/airflow/example_dags/example_setup_teardown.py
[2024-07-02T19:55:11.523+0000] {processor.py:830} INFO - Processing file /usr/local/python/3.10.13/lib/python3.10/site-packages/airflow/example_dags/example_setup_teardown.py for tasks to queue
[2024-07-02T19:55:11.524+0000] {logging_mixin.py:188} INFO - [2024-07-02T19:55:11.523+0000] {dagbag.py:545} INFO - Filling up the DagBag from /usr/local/python/3.10.13/lib/python3.10/site-packages/airflow/example_dags/example_setup_teardown.py
[2024-07-02T19:55:11.531+0000] {processor.py:840} INFO - DAG(s) 'example_setup_teardown' retrieved from /usr/local/python/3.10.13/lib/python3.10/site-packages/airflow/example_dags/example_setup_teardown.py
[2024-07-02T19:55:11.546+0000] {logging_mixin.py:188} INFO - [2024-07-02T19:55:11.546+0000] {dag.py:3096} INFO - Sync 1 DAGs
[2024-07-02T19:55:11.561+0000] {logging_mixin.py:188} INFO - [2024-07-02T19:55:11.561+0000] {dag.py:3954} INFO - Setting next_dagrun for example_setup_teardown to 2024-07-01 00:00:00+00:00, run_after=2024-07-02 00:00:00+00:00
[2024-07-02T19:55:11.602+0000] {processor.py:183} INFO - Processing /usr/local/python/3.10.13/lib/python3.10/site-packages/airflow/example_dags/example_setup_teardown.py took 0.088 seconds
[2024-07-02T19:56:18.910+0000] {processor.py:161} INFO - Started process (PID=26879) to work on /usr/local/python/3.10.13/lib/python3.10/site-packages/airflow/example_dags/example_setup_teardown.py
[2024-07-02T19:56:18.911+0000] {processor.py:830} INFO - Processing file /usr/local/python/3.10.13/lib/python3.10/site-packages/airflow/example_dags/example_setup_teardown.py for tasks to queue
[2024-07-02T19:56:18.911+0000] {logging_mixin.py:188} INFO - [2024-07-02T19:56:18.911+0000] {dagbag.py:545} INFO - Filling up the DagBag from /usr/local/python/3.10.13/lib/python3.10/site-packages/airflow/example_dags/example_setup_teardown.py
[2024-07-02T19:56:18.917+0000] {processor.py:840} INFO - DAG(s) 'example_setup_teardown' retrieved from /usr/local/python/3.10.13/lib/python3.10/site-packages/airflow/example_dags/example_setup_teardown.py
[2024-07-02T19:56:18.928+0000] {logging_mixin.py:188} INFO - [2024-07-02T19:56:18.928+0000] {dag.py:3096} INFO - Sync 1 DAGs
[2024-07-02T19:56:18.943+0000] {logging_mixin.py:188} INFO - [2024-07-02T19:56:18.942+0000] {dag.py:3954} INFO - Setting next_dagrun for example_setup_teardown to 2024-07-01 00:00:00+00:00, run_after=2024-07-02 00:00:00+00:00
[2024-07-02T19:56:18.982+0000] {processor.py:183} INFO - Processing /usr/local/python/3.10.13/lib/python3.10/site-packages/airflow/example_dags/example_setup_teardown.py took 0.077 seconds
[2024-07-02T19:57:12.963+0000] {processor.py:161} INFO - Started process (PID=27335) to work on /usr/local/python/3.10.13/lib/python3.10/site-packages/airflow/example_dags/example_setup_teardown.py
[2024-07-02T19:57:12.964+0000] {processor.py:830} INFO - Processing file /usr/local/python/3.10.13/lib/python3.10/site-packages/airflow/example_dags/example_setup_teardown.py for tasks to queue
[2024-07-02T19:57:12.965+0000] {logging_mixin.py:188} INFO - [2024-07-02T19:57:12.964+0000] {dagbag.py:545} INFO - Filling up the DagBag from /usr/local/python/3.10.13/lib/python3.10/site-packages/airflow/example_dags/example_setup_teardown.py
[2024-07-02T19:57:12.970+0000] {processor.py:840} INFO - DAG(s) 'example_setup_teardown' retrieved from /usr/local/python/3.10.13/lib/python3.10/site-packages/airflow/example_dags/example_setup_teardown.py
[2024-07-02T19:57:12.982+0000] {logging_mixin.py:188} INFO - [2024-07-02T19:57:12.982+0000] {dag.py:3096} INFO - Sync 1 DAGs
[2024-07-02T19:57:12.996+0000] {logging_mixin.py:188} INFO - [2024-07-02T19:57:12.996+0000] {dag.py:3954} INFO - Setting next_dagrun for example_setup_teardown to 2024-07-01 00:00:00+00:00, run_after=2024-07-02 00:00:00+00:00
[2024-07-02T19:57:13.049+0000] {processor.py:183} INFO - Processing /usr/local/python/3.10.13/lib/python3.10/site-packages/airflow/example_dags/example_setup_teardown.py took 0.090 seconds
