[2024-07-02T19:09:19.786+0000] {processor.py:161} INFO - Started process (PID=4830) to work on /usr/local/python/3.10.13/lib/python3.10/site-packages/airflow/example_dags/example_xcomargs.py
[2024-07-02T19:09:19.786+0000] {processor.py:830} INFO - Processing file /usr/local/python/3.10.13/lib/python3.10/site-packages/airflow/example_dags/example_xcomargs.py for tasks to queue
[2024-07-02T19:09:19.787+0000] {logging_mixin.py:188} INFO - [2024-07-02T19:09:19.787+0000] {dagbag.py:545} INFO - Filling up the DagBag from /usr/local/python/3.10.13/lib/python3.10/site-packages/airflow/example_dags/example_xcomargs.py
[2024-07-02T19:09:19.795+0000] {processor.py:840} INFO - DAG(s) 'example_xcom_args_with_operators', 'example_xcom_args' retrieved from /usr/local/python/3.10.13/lib/python3.10/site-packages/airflow/example_dags/example_xcomargs.py
[2024-07-02T19:09:19.945+0000] {logging_mixin.py:188} INFO - [2024-07-02T19:09:19.944+0000] {override.py:1829} INFO - Created Permission View: can read on DAG:example_xcom_args_with_operators
[2024-07-02T19:09:20.077+0000] {logging_mixin.py:188} INFO - [2024-07-02T19:09:20.077+0000] {override.py:1829} INFO - Created Permission View: can delete on DAG:example_xcom_args_with_operators
[2024-07-02T19:09:20.106+0000] {logging_mixin.py:188} INFO - [2024-07-02T19:09:20.106+0000] {override.py:1829} INFO - Created Permission View: can edit on DAG:example_xcom_args_with_operators
[2024-07-02T19:09:20.193+0000] {logging_mixin.py:188} INFO - [2024-07-02T19:09:20.193+0000] {override.py:1829} INFO - Created Permission View: can read on DAG:example_xcom_args
[2024-07-02T19:09:20.222+0000] {logging_mixin.py:188} INFO - [2024-07-02T19:09:20.221+0000] {override.py:1829} INFO - Created Permission View: can delete on DAG:example_xcom_args
[2024-07-02T19:09:20.251+0000] {logging_mixin.py:188} INFO - [2024-07-02T19:09:20.251+0000] {override.py:1829} INFO - Created Permission View: can edit on DAG:example_xcom_args
[2024-07-02T19:09:20.252+0000] {logging_mixin.py:188} INFO - [2024-07-02T19:09:20.251+0000] {dag.py:3096} INFO - Sync 2 DAGs
[2024-07-02T19:09:20.259+0000] {logging_mixin.py:188} INFO - [2024-07-02T19:09:20.259+0000] {dag.py:3118} INFO - Creating ORM DAG for example_xcom_args_with_operators
[2024-07-02T19:09:20.260+0000] {logging_mixin.py:188} INFO - [2024-07-02T19:09:20.260+0000] {dag.py:3118} INFO - Creating ORM DAG for example_xcom_args
[2024-07-02T19:09:20.260+0000] {logging_mixin.py:188} INFO - [2024-07-02T19:09:20.260+0000] {dag.py:3954} INFO - Setting next_dagrun for example_xcom_args to None, run_after=None
[2024-07-02T19:09:20.261+0000] {logging_mixin.py:188} INFO - [2024-07-02T19:09:20.260+0000] {dag.py:3954} INFO - Setting next_dagrun for example_xcom_args_with_operators to None, run_after=None
[2024-07-02T19:09:20.306+0000] {processor.py:183} INFO - Processing /usr/local/python/3.10.13/lib/python3.10/site-packages/airflow/example_dags/example_xcomargs.py took 0.525 seconds
[2024-07-02T19:10:14.059+0000] {processor.py:161} INFO - Started process (PID=5536) to work on /usr/local/python/3.10.13/lib/python3.10/site-packages/airflow/example_dags/example_xcomargs.py
[2024-07-02T19:10:14.060+0000] {processor.py:830} INFO - Processing file /usr/local/python/3.10.13/lib/python3.10/site-packages/airflow/example_dags/example_xcomargs.py for tasks to queue
[2024-07-02T19:10:14.061+0000] {logging_mixin.py:188} INFO - [2024-07-02T19:10:14.061+0000] {dagbag.py:545} INFO - Filling up the DagBag from /usr/local/python/3.10.13/lib/python3.10/site-packages/airflow/example_dags/example_xcomargs.py
[2024-07-02T19:10:14.068+0000] {processor.py:840} INFO - DAG(s) 'example_xcom_args', 'example_xcom_args_with_operators' retrieved from /usr/local/python/3.10.13/lib/python3.10/site-packages/airflow/example_dags/example_xcomargs.py
[2024-07-02T19:10:14.083+0000] {logging_mixin.py:188} INFO - [2024-07-02T19:10:14.083+0000] {dag.py:3096} INFO - Sync 2 DAGs
[2024-07-02T19:10:14.092+0000] {logging_mixin.py:188} INFO - [2024-07-02T19:10:14.092+0000] {dag.py:3954} INFO - Setting next_dagrun for example_xcom_args to None, run_after=None
[2024-07-02T19:10:14.095+0000] {logging_mixin.py:188} INFO - [2024-07-02T19:10:14.094+0000] {dag.py:3954} INFO - Setting next_dagrun for example_xcom_args_with_operators to None, run_after=None
[2024-07-02T19:10:14.134+0000] {processor.py:183} INFO - Processing /usr/local/python/3.10.13/lib/python3.10/site-packages/airflow/example_dags/example_xcomargs.py took 0.079 seconds
[2024-07-02T19:11:17.503+0000] {processor.py:161} INFO - Started process (PID=5993) to work on /usr/local/python/3.10.13/lib/python3.10/site-packages/airflow/example_dags/example_xcomargs.py
[2024-07-02T19:11:17.504+0000] {processor.py:830} INFO - Processing file /usr/local/python/3.10.13/lib/python3.10/site-packages/airflow/example_dags/example_xcomargs.py for tasks to queue
[2024-07-02T19:11:17.505+0000] {logging_mixin.py:188} INFO - [2024-07-02T19:11:17.505+0000] {dagbag.py:545} INFO - Filling up the DagBag from /usr/local/python/3.10.13/lib/python3.10/site-packages/airflow/example_dags/example_xcomargs.py
[2024-07-02T19:11:17.511+0000] {processor.py:840} INFO - DAG(s) 'example_xcom_args_with_operators', 'example_xcom_args' retrieved from /usr/local/python/3.10.13/lib/python3.10/site-packages/airflow/example_dags/example_xcomargs.py
[2024-07-02T19:11:17.525+0000] {logging_mixin.py:188} INFO - [2024-07-02T19:11:17.525+0000] {dag.py:3096} INFO - Sync 2 DAGs
[2024-07-02T19:11:17.534+0000] {logging_mixin.py:188} INFO - [2024-07-02T19:11:17.534+0000] {dag.py:3954} INFO - Setting next_dagrun for example_xcom_args to None, run_after=None
[2024-07-02T19:11:17.537+0000] {logging_mixin.py:188} INFO - [2024-07-02T19:11:17.537+0000] {dag.py:3954} INFO - Setting next_dagrun for example_xcom_args_with_operators to None, run_after=None
[2024-07-02T19:11:17.580+0000] {processor.py:183} INFO - Processing /usr/local/python/3.10.13/lib/python3.10/site-packages/airflow/example_dags/example_xcomargs.py took 0.081 seconds
[2024-07-02T19:12:08.451+0000] {processor.py:161} INFO - Started process (PID=6386) to work on /usr/local/python/3.10.13/lib/python3.10/site-packages/airflow/example_dags/example_xcomargs.py
[2024-07-02T19:12:08.452+0000] {processor.py:830} INFO - Processing file /usr/local/python/3.10.13/lib/python3.10/site-packages/airflow/example_dags/example_xcomargs.py for tasks to queue
[2024-07-02T19:12:08.453+0000] {logging_mixin.py:188} INFO - [2024-07-02T19:12:08.453+0000] {dagbag.py:545} INFO - Filling up the DagBag from /usr/local/python/3.10.13/lib/python3.10/site-packages/airflow/example_dags/example_xcomargs.py
[2024-07-02T19:12:08.459+0000] {processor.py:840} INFO - DAG(s) 'example_xcom_args_with_operators', 'example_xcom_args' retrieved from /usr/local/python/3.10.13/lib/python3.10/site-packages/airflow/example_dags/example_xcomargs.py
[2024-07-02T19:12:08.473+0000] {logging_mixin.py:188} INFO - [2024-07-02T19:12:08.472+0000] {dag.py:3096} INFO - Sync 2 DAGs
[2024-07-02T19:12:08.481+0000] {logging_mixin.py:188} INFO - [2024-07-02T19:12:08.481+0000] {dag.py:3954} INFO - Setting next_dagrun for example_xcom_args to None, run_after=None
[2024-07-02T19:12:08.484+0000] {logging_mixin.py:188} INFO - [2024-07-02T19:12:08.483+0000] {dag.py:3954} INFO - Setting next_dagrun for example_xcom_args_with_operators to None, run_after=None
[2024-07-02T19:12:08.521+0000] {processor.py:183} INFO - Processing /usr/local/python/3.10.13/lib/python3.10/site-packages/airflow/example_dags/example_xcomargs.py took 0.075 seconds
[2024-07-02T19:12:49.905+0000] {processor.py:161} INFO - Started process (PID=6698) to work on /usr/local/python/3.10.13/lib/python3.10/site-packages/airflow/example_dags/example_xcomargs.py
[2024-07-02T19:12:49.905+0000] {processor.py:830} INFO - Processing file /usr/local/python/3.10.13/lib/python3.10/site-packages/airflow/example_dags/example_xcomargs.py for tasks to queue
[2024-07-02T19:12:49.907+0000] {logging_mixin.py:188} INFO - [2024-07-02T19:12:49.906+0000] {dagbag.py:545} INFO - Filling up the DagBag from /usr/local/python/3.10.13/lib/python3.10/site-packages/airflow/example_dags/example_xcomargs.py
[2024-07-02T19:12:49.914+0000] {processor.py:840} INFO - DAG(s) 'example_xcom_args', 'example_xcom_args_with_operators' retrieved from /usr/local/python/3.10.13/lib/python3.10/site-packages/airflow/example_dags/example_xcomargs.py
[2024-07-02T19:12:49.928+0000] {logging_mixin.py:188} INFO - [2024-07-02T19:12:49.927+0000] {dag.py:3096} INFO - Sync 2 DAGs
[2024-07-02T19:12:49.937+0000] {logging_mixin.py:188} INFO - [2024-07-02T19:12:49.937+0000] {dag.py:3954} INFO - Setting next_dagrun for example_xcom_args to None, run_after=None
[2024-07-02T19:12:49.940+0000] {logging_mixin.py:188} INFO - [2024-07-02T19:12:49.939+0000] {dag.py:3954} INFO - Setting next_dagrun for example_xcom_args_with_operators to None, run_after=None
[2024-07-02T19:12:49.978+0000] {processor.py:183} INFO - Processing /usr/local/python/3.10.13/lib/python3.10/site-packages/airflow/example_dags/example_xcomargs.py took 0.079 seconds
[2024-07-02T19:13:31.493+0000] {processor.py:161} INFO - Started process (PID=7005) to work on /usr/local/python/3.10.13/lib/python3.10/site-packages/airflow/example_dags/example_xcomargs.py
[2024-07-02T19:13:31.493+0000] {processor.py:830} INFO - Processing file /usr/local/python/3.10.13/lib/python3.10/site-packages/airflow/example_dags/example_xcomargs.py for tasks to queue
[2024-07-02T19:13:31.494+0000] {logging_mixin.py:188} INFO - [2024-07-02T19:13:31.494+0000] {dagbag.py:545} INFO - Filling up the DagBag from /usr/local/python/3.10.13/lib/python3.10/site-packages/airflow/example_dags/example_xcomargs.py
[2024-07-02T19:13:31.501+0000] {processor.py:840} INFO - DAG(s) 'example_xcom_args', 'example_xcom_args_with_operators' retrieved from /usr/local/python/3.10.13/lib/python3.10/site-packages/airflow/example_dags/example_xcomargs.py
[2024-07-02T19:13:31.515+0000] {logging_mixin.py:188} INFO - [2024-07-02T19:13:31.514+0000] {dag.py:3096} INFO - Sync 2 DAGs
[2024-07-02T19:13:31.523+0000] {logging_mixin.py:188} INFO - [2024-07-02T19:13:31.523+0000] {dag.py:3954} INFO - Setting next_dagrun for example_xcom_args to None, run_after=None
[2024-07-02T19:13:31.526+0000] {logging_mixin.py:188} INFO - [2024-07-02T19:13:31.525+0000] {dag.py:3954} INFO - Setting next_dagrun for example_xcom_args_with_operators to None, run_after=None
[2024-07-02T19:13:31.570+0000] {processor.py:183} INFO - Processing /usr/local/python/3.10.13/lib/python3.10/site-packages/airflow/example_dags/example_xcomargs.py took 0.082 seconds
[2024-07-02T19:14:12.205+0000] {processor.py:161} INFO - Started process (PID=7320) to work on /usr/local/python/3.10.13/lib/python3.10/site-packages/airflow/example_dags/example_xcomargs.py
[2024-07-02T19:14:12.205+0000] {processor.py:830} INFO - Processing file /usr/local/python/3.10.13/lib/python3.10/site-packages/airflow/example_dags/example_xcomargs.py for tasks to queue
[2024-07-02T19:14:12.207+0000] {logging_mixin.py:188} INFO - [2024-07-02T19:14:12.206+0000] {dagbag.py:545} INFO - Filling up the DagBag from /usr/local/python/3.10.13/lib/python3.10/site-packages/airflow/example_dags/example_xcomargs.py
[2024-07-02T19:14:12.213+0000] {processor.py:840} INFO - DAG(s) 'example_xcom_args_with_operators', 'example_xcom_args' retrieved from /usr/local/python/3.10.13/lib/python3.10/site-packages/airflow/example_dags/example_xcomargs.py
[2024-07-02T19:14:12.227+0000] {logging_mixin.py:188} INFO - [2024-07-02T19:14:12.227+0000] {dag.py:3096} INFO - Sync 2 DAGs
[2024-07-02T19:14:12.236+0000] {logging_mixin.py:188} INFO - [2024-07-02T19:14:12.235+0000] {dag.py:3954} INFO - Setting next_dagrun for example_xcom_args to None, run_after=None
[2024-07-02T19:14:12.238+0000] {logging_mixin.py:188} INFO - [2024-07-02T19:14:12.238+0000] {dag.py:3954} INFO - Setting next_dagrun for example_xcom_args_with_operators to None, run_after=None
[2024-07-02T19:14:12.281+0000] {processor.py:183} INFO - Processing /usr/local/python/3.10.13/lib/python3.10/site-packages/airflow/example_dags/example_xcomargs.py took 0.081 seconds
[2024-07-02T19:14:53.018+0000] {processor.py:161} INFO - Started process (PID=7627) to work on /usr/local/python/3.10.13/lib/python3.10/site-packages/airflow/example_dags/example_xcomargs.py
[2024-07-02T19:14:53.019+0000] {processor.py:830} INFO - Processing file /usr/local/python/3.10.13/lib/python3.10/site-packages/airflow/example_dags/example_xcomargs.py for tasks to queue
[2024-07-02T19:14:53.020+0000] {logging_mixin.py:188} INFO - [2024-07-02T19:14:53.019+0000] {dagbag.py:545} INFO - Filling up the DagBag from /usr/local/python/3.10.13/lib/python3.10/site-packages/airflow/example_dags/example_xcomargs.py
[2024-07-02T19:14:53.026+0000] {processor.py:840} INFO - DAG(s) 'example_xcom_args_with_operators', 'example_xcom_args' retrieved from /usr/local/python/3.10.13/lib/python3.10/site-packages/airflow/example_dags/example_xcomargs.py
[2024-07-02T19:14:53.040+0000] {logging_mixin.py:188} INFO - [2024-07-02T19:14:53.040+0000] {dag.py:3096} INFO - Sync 2 DAGs
[2024-07-02T19:14:53.049+0000] {logging_mixin.py:188} INFO - [2024-07-02T19:14:53.049+0000] {dag.py:3954} INFO - Setting next_dagrun for example_xcom_args to None, run_after=None
[2024-07-02T19:14:53.051+0000] {logging_mixin.py:188} INFO - [2024-07-02T19:14:53.051+0000] {dag.py:3954} INFO - Setting next_dagrun for example_xcom_args_with_operators to None, run_after=None
[2024-07-02T19:14:53.091+0000] {processor.py:183} INFO - Processing /usr/local/python/3.10.13/lib/python3.10/site-packages/airflow/example_dags/example_xcomargs.py took 0.078 seconds
[2024-07-02T19:15:36.101+0000] {processor.py:161} INFO - Started process (PID=7955) to work on /usr/local/python/3.10.13/lib/python3.10/site-packages/airflow/example_dags/example_xcomargs.py
[2024-07-02T19:15:36.102+0000] {processor.py:830} INFO - Processing file /usr/local/python/3.10.13/lib/python3.10/site-packages/airflow/example_dags/example_xcomargs.py for tasks to queue
[2024-07-02T19:15:36.103+0000] {logging_mixin.py:188} INFO - [2024-07-02T19:15:36.103+0000] {dagbag.py:545} INFO - Filling up the DagBag from /usr/local/python/3.10.13/lib/python3.10/site-packages/airflow/example_dags/example_xcomargs.py
[2024-07-02T19:15:36.109+0000] {processor.py:840} INFO - DAG(s) 'example_xcom_args_with_operators', 'example_xcom_args' retrieved from /usr/local/python/3.10.13/lib/python3.10/site-packages/airflow/example_dags/example_xcomargs.py
[2024-07-02T19:15:36.123+0000] {logging_mixin.py:188} INFO - [2024-07-02T19:15:36.123+0000] {dag.py:3096} INFO - Sync 2 DAGs
[2024-07-02T19:15:36.132+0000] {logging_mixin.py:188} INFO - [2024-07-02T19:15:36.132+0000] {dag.py:3954} INFO - Setting next_dagrun for example_xcom_args to None, run_after=None
[2024-07-02T19:15:36.134+0000] {logging_mixin.py:188} INFO - [2024-07-02T19:15:36.134+0000] {dag.py:3954} INFO - Setting next_dagrun for example_xcom_args_with_operators to None, run_after=None
[2024-07-02T19:15:36.173+0000] {processor.py:183} INFO - Processing /usr/local/python/3.10.13/lib/python3.10/site-packages/airflow/example_dags/example_xcomargs.py took 0.076 seconds
[2024-07-02T19:16:17.781+0000] {processor.py:161} INFO - Started process (PID=8288) to work on /usr/local/python/3.10.13/lib/python3.10/site-packages/airflow/example_dags/example_xcomargs.py
[2024-07-02T19:16:17.782+0000] {processor.py:830} INFO - Processing file /usr/local/python/3.10.13/lib/python3.10/site-packages/airflow/example_dags/example_xcomargs.py for tasks to queue
[2024-07-02T19:16:17.783+0000] {logging_mixin.py:188} INFO - [2024-07-02T19:16:17.782+0000] {dagbag.py:545} INFO - Filling up the DagBag from /usr/local/python/3.10.13/lib/python3.10/site-packages/airflow/example_dags/example_xcomargs.py
[2024-07-02T19:16:17.789+0000] {processor.py:840} INFO - DAG(s) 'example_xcom_args_with_operators', 'example_xcom_args' retrieved from /usr/local/python/3.10.13/lib/python3.10/site-packages/airflow/example_dags/example_xcomargs.py
[2024-07-02T19:16:17.804+0000] {logging_mixin.py:188} INFO - [2024-07-02T19:16:17.804+0000] {dag.py:3096} INFO - Sync 2 DAGs
[2024-07-02T19:16:17.814+0000] {logging_mixin.py:188} INFO - [2024-07-02T19:16:17.814+0000] {dag.py:3954} INFO - Setting next_dagrun for example_xcom_args to None, run_after=None
[2024-07-02T19:16:17.816+0000] {logging_mixin.py:188} INFO - [2024-07-02T19:16:17.816+0000] {dag.py:3954} INFO - Setting next_dagrun for example_xcom_args_with_operators to None, run_after=None
[2024-07-02T19:16:17.855+0000] {processor.py:183} INFO - Processing /usr/local/python/3.10.13/lib/python3.10/site-packages/airflow/example_dags/example_xcomargs.py took 0.078 seconds
[2024-07-02T19:17:03.983+0000] {processor.py:161} INFO - Started process (PID=8626) to work on /usr/local/python/3.10.13/lib/python3.10/site-packages/airflow/example_dags/example_xcomargs.py
[2024-07-02T19:17:03.984+0000] {processor.py:830} INFO - Processing file /usr/local/python/3.10.13/lib/python3.10/site-packages/airflow/example_dags/example_xcomargs.py for tasks to queue
[2024-07-02T19:17:03.985+0000] {logging_mixin.py:188} INFO - [2024-07-02T19:17:03.985+0000] {dagbag.py:545} INFO - Filling up the DagBag from /usr/local/python/3.10.13/lib/python3.10/site-packages/airflow/example_dags/example_xcomargs.py
[2024-07-02T19:17:04.000+0000] {processor.py:840} INFO - DAG(s) 'example_xcom_args_with_operators', 'example_xcom_args' retrieved from /usr/local/python/3.10.13/lib/python3.10/site-packages/airflow/example_dags/example_xcomargs.py
[2024-07-02T19:17:04.031+0000] {logging_mixin.py:188} INFO - [2024-07-02T19:17:04.031+0000] {dag.py:3096} INFO - Sync 2 DAGs
[2024-07-02T19:17:04.045+0000] {logging_mixin.py:188} INFO - [2024-07-02T19:17:04.044+0000] {dag.py:3954} INFO - Setting next_dagrun for example_xcom_args to None, run_after=None
[2024-07-02T19:17:04.047+0000] {logging_mixin.py:188} INFO - [2024-07-02T19:17:04.047+0000] {dag.py:3954} INFO - Setting next_dagrun for example_xcom_args_with_operators to None, run_after=None
[2024-07-02T19:17:04.086+0000] {processor.py:183} INFO - Processing /usr/local/python/3.10.13/lib/python3.10/site-packages/airflow/example_dags/example_xcomargs.py took 0.115 seconds
[2024-07-02T19:17:49.972+0000] {processor.py:161} INFO - Started process (PID=8986) to work on /usr/local/python/3.10.13/lib/python3.10/site-packages/airflow/example_dags/example_xcomargs.py
[2024-07-02T19:17:49.972+0000] {processor.py:830} INFO - Processing file /usr/local/python/3.10.13/lib/python3.10/site-packages/airflow/example_dags/example_xcomargs.py for tasks to queue
[2024-07-02T19:17:49.973+0000] {logging_mixin.py:188} INFO - [2024-07-02T19:17:49.973+0000] {dagbag.py:545} INFO - Filling up the DagBag from /usr/local/python/3.10.13/lib/python3.10/site-packages/airflow/example_dags/example_xcomargs.py
[2024-07-02T19:17:49.979+0000] {processor.py:840} INFO - DAG(s) 'example_xcom_args', 'example_xcom_args_with_operators' retrieved from /usr/local/python/3.10.13/lib/python3.10/site-packages/airflow/example_dags/example_xcomargs.py
[2024-07-02T19:17:49.993+0000] {logging_mixin.py:188} INFO - [2024-07-02T19:17:49.993+0000] {dag.py:3096} INFO - Sync 2 DAGs
[2024-07-02T19:17:50.003+0000] {logging_mixin.py:188} INFO - [2024-07-02T19:17:50.002+0000] {dag.py:3954} INFO - Setting next_dagrun for example_xcom_args to None, run_after=None
[2024-07-02T19:17:50.005+0000] {logging_mixin.py:188} INFO - [2024-07-02T19:17:50.005+0000] {dag.py:3954} INFO - Setting next_dagrun for example_xcom_args_with_operators to None, run_after=None
[2024-07-02T19:17:50.045+0000] {processor.py:183} INFO - Processing /usr/local/python/3.10.13/lib/python3.10/site-packages/airflow/example_dags/example_xcomargs.py took 0.077 seconds
[2024-07-02T19:18:32.535+0000] {processor.py:161} INFO - Started process (PID=9305) to work on /usr/local/python/3.10.13/lib/python3.10/site-packages/airflow/example_dags/example_xcomargs.py
[2024-07-02T19:18:32.536+0000] {processor.py:830} INFO - Processing file /usr/local/python/3.10.13/lib/python3.10/site-packages/airflow/example_dags/example_xcomargs.py for tasks to queue
[2024-07-02T19:18:32.537+0000] {logging_mixin.py:188} INFO - [2024-07-02T19:18:32.536+0000] {dagbag.py:545} INFO - Filling up the DagBag from /usr/local/python/3.10.13/lib/python3.10/site-packages/airflow/example_dags/example_xcomargs.py
[2024-07-02T19:18:32.543+0000] {processor.py:840} INFO - DAG(s) 'example_xcom_args_with_operators', 'example_xcom_args' retrieved from /usr/local/python/3.10.13/lib/python3.10/site-packages/airflow/example_dags/example_xcomargs.py
[2024-07-02T19:18:32.557+0000] {logging_mixin.py:188} INFO - [2024-07-02T19:18:32.557+0000] {dag.py:3096} INFO - Sync 2 DAGs
[2024-07-02T19:18:32.566+0000] {logging_mixin.py:188} INFO - [2024-07-02T19:18:32.565+0000] {dag.py:3954} INFO - Setting next_dagrun for example_xcom_args to None, run_after=None
[2024-07-02T19:18:32.568+0000] {logging_mixin.py:188} INFO - [2024-07-02T19:18:32.568+0000] {dag.py:3954} INFO - Setting next_dagrun for example_xcom_args_with_operators to None, run_after=None
[2024-07-02T19:18:32.605+0000] {processor.py:183} INFO - Processing /usr/local/python/3.10.13/lib/python3.10/site-packages/airflow/example_dags/example_xcomargs.py took 0.074 seconds
[2024-07-02T19:19:15.269+0000] {processor.py:161} INFO - Started process (PID=9627) to work on /usr/local/python/3.10.13/lib/python3.10/site-packages/airflow/example_dags/example_xcomargs.py
[2024-07-02T19:19:15.270+0000] {processor.py:830} INFO - Processing file /usr/local/python/3.10.13/lib/python3.10/site-packages/airflow/example_dags/example_xcomargs.py for tasks to queue
[2024-07-02T19:19:15.270+0000] {logging_mixin.py:188} INFO - [2024-07-02T19:19:15.270+0000] {dagbag.py:545} INFO - Filling up the DagBag from /usr/local/python/3.10.13/lib/python3.10/site-packages/airflow/example_dags/example_xcomargs.py
[2024-07-02T19:19:15.277+0000] {processor.py:840} INFO - DAG(s) 'example_xcom_args_with_operators', 'example_xcom_args' retrieved from /usr/local/python/3.10.13/lib/python3.10/site-packages/airflow/example_dags/example_xcomargs.py
[2024-07-02T19:19:15.290+0000] {logging_mixin.py:188} INFO - [2024-07-02T19:19:15.290+0000] {dag.py:3096} INFO - Sync 2 DAGs
[2024-07-02T19:19:15.299+0000] {logging_mixin.py:188} INFO - [2024-07-02T19:19:15.299+0000] {dag.py:3954} INFO - Setting next_dagrun for example_xcom_args to None, run_after=None
[2024-07-02T19:19:15.302+0000] {logging_mixin.py:188} INFO - [2024-07-02T19:19:15.301+0000] {dag.py:3954} INFO - Setting next_dagrun for example_xcom_args_with_operators to None, run_after=None
[2024-07-02T19:19:15.340+0000] {processor.py:183} INFO - Processing /usr/local/python/3.10.13/lib/python3.10/site-packages/airflow/example_dags/example_xcomargs.py took 0.076 seconds
[2024-07-02T19:20:01.304+0000] {processor.py:161} INFO - Started process (PID=9980) to work on /usr/local/python/3.10.13/lib/python3.10/site-packages/airflow/example_dags/example_xcomargs.py
[2024-07-02T19:20:01.305+0000] {processor.py:830} INFO - Processing file /usr/local/python/3.10.13/lib/python3.10/site-packages/airflow/example_dags/example_xcomargs.py for tasks to queue
[2024-07-02T19:20:01.306+0000] {logging_mixin.py:188} INFO - [2024-07-02T19:20:01.305+0000] {dagbag.py:545} INFO - Filling up the DagBag from /usr/local/python/3.10.13/lib/python3.10/site-packages/airflow/example_dags/example_xcomargs.py
[2024-07-02T19:20:01.312+0000] {processor.py:840} INFO - DAG(s) 'example_xcom_args', 'example_xcom_args_with_operators' retrieved from /usr/local/python/3.10.13/lib/python3.10/site-packages/airflow/example_dags/example_xcomargs.py
[2024-07-02T19:20:01.326+0000] {logging_mixin.py:188} INFO - [2024-07-02T19:20:01.325+0000] {dag.py:3096} INFO - Sync 2 DAGs
[2024-07-02T19:20:01.334+0000] {logging_mixin.py:188} INFO - [2024-07-02T19:20:01.334+0000] {dag.py:3954} INFO - Setting next_dagrun for example_xcom_args to None, run_after=None
[2024-07-02T19:20:01.336+0000] {logging_mixin.py:188} INFO - [2024-07-02T19:20:01.336+0000] {dag.py:3954} INFO - Setting next_dagrun for example_xcom_args_with_operators to None, run_after=None
[2024-07-02T19:20:01.374+0000] {processor.py:183} INFO - Processing /usr/local/python/3.10.13/lib/python3.10/site-packages/airflow/example_dags/example_xcomargs.py took 0.075 seconds
[2024-07-02T19:20:49.451+0000] {processor.py:161} INFO - Started process (PID=10329) to work on /usr/local/python/3.10.13/lib/python3.10/site-packages/airflow/example_dags/example_xcomargs.py
[2024-07-02T19:20:49.452+0000] {processor.py:830} INFO - Processing file /usr/local/python/3.10.13/lib/python3.10/site-packages/airflow/example_dags/example_xcomargs.py for tasks to queue
[2024-07-02T19:20:49.453+0000] {logging_mixin.py:188} INFO - [2024-07-02T19:20:49.453+0000] {dagbag.py:545} INFO - Filling up the DagBag from /usr/local/python/3.10.13/lib/python3.10/site-packages/airflow/example_dags/example_xcomargs.py
[2024-07-02T19:20:49.459+0000] {processor.py:840} INFO - DAG(s) 'example_xcom_args', 'example_xcom_args_with_operators' retrieved from /usr/local/python/3.10.13/lib/python3.10/site-packages/airflow/example_dags/example_xcomargs.py
[2024-07-02T19:20:49.473+0000] {logging_mixin.py:188} INFO - [2024-07-02T19:20:49.473+0000] {dag.py:3096} INFO - Sync 2 DAGs
[2024-07-02T19:20:49.482+0000] {logging_mixin.py:188} INFO - [2024-07-02T19:20:49.482+0000] {dag.py:3954} INFO - Setting next_dagrun for example_xcom_args to None, run_after=None
[2024-07-02T19:20:49.484+0000] {logging_mixin.py:188} INFO - [2024-07-02T19:20:49.484+0000] {dag.py:3954} INFO - Setting next_dagrun for example_xcom_args_with_operators to None, run_after=None
[2024-07-02T19:20:49.523+0000] {processor.py:183} INFO - Processing /usr/local/python/3.10.13/lib/python3.10/site-packages/airflow/example_dags/example_xcomargs.py took 0.076 seconds
[2024-07-02T19:21:36.860+0000] {processor.py:161} INFO - Started process (PID=10697) to work on /usr/local/python/3.10.13/lib/python3.10/site-packages/airflow/example_dags/example_xcomargs.py
[2024-07-02T19:21:36.861+0000] {processor.py:830} INFO - Processing file /usr/local/python/3.10.13/lib/python3.10/site-packages/airflow/example_dags/example_xcomargs.py for tasks to queue
[2024-07-02T19:21:36.862+0000] {logging_mixin.py:188} INFO - [2024-07-02T19:21:36.861+0000] {dagbag.py:545} INFO - Filling up the DagBag from /usr/local/python/3.10.13/lib/python3.10/site-packages/airflow/example_dags/example_xcomargs.py
[2024-07-02T19:21:36.868+0000] {processor.py:840} INFO - DAG(s) 'example_xcom_args_with_operators', 'example_xcom_args' retrieved from /usr/local/python/3.10.13/lib/python3.10/site-packages/airflow/example_dags/example_xcomargs.py
[2024-07-02T19:21:36.882+0000] {logging_mixin.py:188} INFO - [2024-07-02T19:21:36.881+0000] {dag.py:3096} INFO - Sync 2 DAGs
[2024-07-02T19:21:36.890+0000] {logging_mixin.py:188} INFO - [2024-07-02T19:21:36.890+0000] {dag.py:3954} INFO - Setting next_dagrun for example_xcom_args to None, run_after=None
[2024-07-02T19:21:36.893+0000] {logging_mixin.py:188} INFO - [2024-07-02T19:21:36.893+0000] {dag.py:3954} INFO - Setting next_dagrun for example_xcom_args_with_operators to None, run_after=None
[2024-07-02T19:21:36.942+0000] {processor.py:183} INFO - Processing /usr/local/python/3.10.13/lib/python3.10/site-packages/airflow/example_dags/example_xcomargs.py took 0.086 seconds
[2024-07-02T19:22:23.350+0000] {processor.py:161} INFO - Started process (PID=11061) to work on /usr/local/python/3.10.13/lib/python3.10/site-packages/airflow/example_dags/example_xcomargs.py
[2024-07-02T19:22:23.350+0000] {processor.py:830} INFO - Processing file /usr/local/python/3.10.13/lib/python3.10/site-packages/airflow/example_dags/example_xcomargs.py for tasks to queue
[2024-07-02T19:22:23.351+0000] {logging_mixin.py:188} INFO - [2024-07-02T19:22:23.351+0000] {dagbag.py:545} INFO - Filling up the DagBag from /usr/local/python/3.10.13/lib/python3.10/site-packages/airflow/example_dags/example_xcomargs.py
[2024-07-02T19:22:23.358+0000] {processor.py:840} INFO - DAG(s) 'example_xcom_args_with_operators', 'example_xcom_args' retrieved from /usr/local/python/3.10.13/lib/python3.10/site-packages/airflow/example_dags/example_xcomargs.py
[2024-07-02T19:22:23.371+0000] {logging_mixin.py:188} INFO - [2024-07-02T19:22:23.371+0000] {dag.py:3096} INFO - Sync 2 DAGs
[2024-07-02T19:22:23.380+0000] {logging_mixin.py:188} INFO - [2024-07-02T19:22:23.379+0000] {dag.py:3954} INFO - Setting next_dagrun for example_xcom_args to None, run_after=None
[2024-07-02T19:22:23.382+0000] {logging_mixin.py:188} INFO - [2024-07-02T19:22:23.382+0000] {dag.py:3954} INFO - Setting next_dagrun for example_xcom_args_with_operators to None, run_after=None
[2024-07-02T19:22:23.422+0000] {processor.py:183} INFO - Processing /usr/local/python/3.10.13/lib/python3.10/site-packages/airflow/example_dags/example_xcomargs.py took 0.077 seconds
[2024-07-02T19:23:06.257+0000] {processor.py:161} INFO - Started process (PID=11384) to work on /usr/local/python/3.10.13/lib/python3.10/site-packages/airflow/example_dags/example_xcomargs.py
[2024-07-02T19:23:06.257+0000] {processor.py:830} INFO - Processing file /usr/local/python/3.10.13/lib/python3.10/site-packages/airflow/example_dags/example_xcomargs.py for tasks to queue
[2024-07-02T19:23:06.258+0000] {logging_mixin.py:188} INFO - [2024-07-02T19:23:06.258+0000] {dagbag.py:545} INFO - Filling up the DagBag from /usr/local/python/3.10.13/lib/python3.10/site-packages/airflow/example_dags/example_xcomargs.py
[2024-07-02T19:23:06.265+0000] {processor.py:840} INFO - DAG(s) 'example_xcom_args', 'example_xcom_args_with_operators' retrieved from /usr/local/python/3.10.13/lib/python3.10/site-packages/airflow/example_dags/example_xcomargs.py
[2024-07-02T19:23:06.279+0000] {logging_mixin.py:188} INFO - [2024-07-02T19:23:06.278+0000] {dag.py:3096} INFO - Sync 2 DAGs
[2024-07-02T19:23:06.287+0000] {logging_mixin.py:188} INFO - [2024-07-02T19:23:06.287+0000] {dag.py:3954} INFO - Setting next_dagrun for example_xcom_args to None, run_after=None
[2024-07-02T19:23:06.290+0000] {logging_mixin.py:188} INFO - [2024-07-02T19:23:06.290+0000] {dag.py:3954} INFO - Setting next_dagrun for example_xcom_args_with_operators to None, run_after=None
[2024-07-02T19:23:06.337+0000] {processor.py:183} INFO - Processing /usr/local/python/3.10.13/lib/python3.10/site-packages/airflow/example_dags/example_xcomargs.py took 0.084 seconds
[2024-07-02T19:23:47.197+0000] {processor.py:161} INFO - Started process (PID=11691) to work on /usr/local/python/3.10.13/lib/python3.10/site-packages/airflow/example_dags/example_xcomargs.py
[2024-07-02T19:23:47.197+0000] {processor.py:830} INFO - Processing file /usr/local/python/3.10.13/lib/python3.10/site-packages/airflow/example_dags/example_xcomargs.py for tasks to queue
[2024-07-02T19:23:47.198+0000] {logging_mixin.py:188} INFO - [2024-07-02T19:23:47.198+0000] {dagbag.py:545} INFO - Filling up the DagBag from /usr/local/python/3.10.13/lib/python3.10/site-packages/airflow/example_dags/example_xcomargs.py
[2024-07-02T19:23:47.204+0000] {processor.py:840} INFO - DAG(s) 'example_xcom_args', 'example_xcom_args_with_operators' retrieved from /usr/local/python/3.10.13/lib/python3.10/site-packages/airflow/example_dags/example_xcomargs.py
[2024-07-02T19:23:47.218+0000] {logging_mixin.py:188} INFO - [2024-07-02T19:23:47.218+0000] {dag.py:3096} INFO - Sync 2 DAGs
[2024-07-02T19:23:47.227+0000] {logging_mixin.py:188} INFO - [2024-07-02T19:23:47.227+0000] {dag.py:3954} INFO - Setting next_dagrun for example_xcom_args to None, run_after=None
[2024-07-02T19:23:47.230+0000] {logging_mixin.py:188} INFO - [2024-07-02T19:23:47.229+0000] {dag.py:3954} INFO - Setting next_dagrun for example_xcom_args_with_operators to None, run_after=None
[2024-07-02T19:23:47.275+0000] {processor.py:183} INFO - Processing /usr/local/python/3.10.13/lib/python3.10/site-packages/airflow/example_dags/example_xcomargs.py took 0.083 seconds
[2024-07-02T19:24:30.018+0000] {processor.py:161} INFO - Started process (PID=12009) to work on /usr/local/python/3.10.13/lib/python3.10/site-packages/airflow/example_dags/example_xcomargs.py
[2024-07-02T19:24:30.019+0000] {processor.py:830} INFO - Processing file /usr/local/python/3.10.13/lib/python3.10/site-packages/airflow/example_dags/example_xcomargs.py for tasks to queue
[2024-07-02T19:24:30.020+0000] {logging_mixin.py:188} INFO - [2024-07-02T19:24:30.019+0000] {dagbag.py:545} INFO - Filling up the DagBag from /usr/local/python/3.10.13/lib/python3.10/site-packages/airflow/example_dags/example_xcomargs.py
[2024-07-02T19:24:30.026+0000] {processor.py:840} INFO - DAG(s) 'example_xcom_args_with_operators', 'example_xcom_args' retrieved from /usr/local/python/3.10.13/lib/python3.10/site-packages/airflow/example_dags/example_xcomargs.py
[2024-07-02T19:24:30.040+0000] {logging_mixin.py:188} INFO - [2024-07-02T19:24:30.040+0000] {dag.py:3096} INFO - Sync 2 DAGs
[2024-07-02T19:24:30.049+0000] {logging_mixin.py:188} INFO - [2024-07-02T19:24:30.048+0000] {dag.py:3954} INFO - Setting next_dagrun for example_xcom_args to None, run_after=None
[2024-07-02T19:24:30.051+0000] {logging_mixin.py:188} INFO - [2024-07-02T19:24:30.051+0000] {dag.py:3954} INFO - Setting next_dagrun for example_xcom_args_with_operators to None, run_after=None
[2024-07-02T19:24:30.090+0000] {processor.py:183} INFO - Processing /usr/local/python/3.10.13/lib/python3.10/site-packages/airflow/example_dags/example_xcomargs.py took 0.076 seconds
[2024-07-02T19:25:12.311+0000] {processor.py:161} INFO - Started process (PID=12335) to work on /usr/local/python/3.10.13/lib/python3.10/site-packages/airflow/example_dags/example_xcomargs.py
[2024-07-02T19:25:12.311+0000] {processor.py:830} INFO - Processing file /usr/local/python/3.10.13/lib/python3.10/site-packages/airflow/example_dags/example_xcomargs.py for tasks to queue
[2024-07-02T19:25:12.312+0000] {logging_mixin.py:188} INFO - [2024-07-02T19:25:12.312+0000] {dagbag.py:545} INFO - Filling up the DagBag from /usr/local/python/3.10.13/lib/python3.10/site-packages/airflow/example_dags/example_xcomargs.py
[2024-07-02T19:25:12.318+0000] {processor.py:840} INFO - DAG(s) 'example_xcom_args_with_operators', 'example_xcom_args' retrieved from /usr/local/python/3.10.13/lib/python3.10/site-packages/airflow/example_dags/example_xcomargs.py
[2024-07-02T19:25:12.332+0000] {logging_mixin.py:188} INFO - [2024-07-02T19:25:12.332+0000] {dag.py:3096} INFO - Sync 2 DAGs
[2024-07-02T19:25:12.342+0000] {logging_mixin.py:188} INFO - [2024-07-02T19:25:12.341+0000] {dag.py:3954} INFO - Setting next_dagrun for example_xcom_args to None, run_after=None
[2024-07-02T19:25:12.344+0000] {logging_mixin.py:188} INFO - [2024-07-02T19:25:12.344+0000] {dag.py:3954} INFO - Setting next_dagrun for example_xcom_args_with_operators to None, run_after=None
[2024-07-02T19:25:12.385+0000] {processor.py:183} INFO - Processing /usr/local/python/3.10.13/lib/python3.10/site-packages/airflow/example_dags/example_xcomargs.py took 0.079 seconds
[2024-07-02T19:25:54.913+0000] {processor.py:161} INFO - Started process (PID=12658) to work on /usr/local/python/3.10.13/lib/python3.10/site-packages/airflow/example_dags/example_xcomargs.py
[2024-07-02T19:25:54.914+0000] {processor.py:830} INFO - Processing file /usr/local/python/3.10.13/lib/python3.10/site-packages/airflow/example_dags/example_xcomargs.py for tasks to queue
[2024-07-02T19:25:54.915+0000] {logging_mixin.py:188} INFO - [2024-07-02T19:25:54.915+0000] {dagbag.py:545} INFO - Filling up the DagBag from /usr/local/python/3.10.13/lib/python3.10/site-packages/airflow/example_dags/example_xcomargs.py
[2024-07-02T19:25:54.921+0000] {processor.py:840} INFO - DAG(s) 'example_xcom_args_with_operators', 'example_xcom_args' retrieved from /usr/local/python/3.10.13/lib/python3.10/site-packages/airflow/example_dags/example_xcomargs.py
[2024-07-02T19:25:54.938+0000] {logging_mixin.py:188} INFO - [2024-07-02T19:25:54.938+0000] {dag.py:3096} INFO - Sync 2 DAGs
[2024-07-02T19:25:54.946+0000] {logging_mixin.py:188} INFO - [2024-07-02T19:25:54.946+0000] {dag.py:3954} INFO - Setting next_dagrun for example_xcom_args to None, run_after=None
[2024-07-02T19:25:54.949+0000] {logging_mixin.py:188} INFO - [2024-07-02T19:25:54.949+0000] {dag.py:3954} INFO - Setting next_dagrun for example_xcom_args_with_operators to None, run_after=None
[2024-07-02T19:25:55.001+0000] {processor.py:183} INFO - Processing /usr/local/python/3.10.13/lib/python3.10/site-packages/airflow/example_dags/example_xcomargs.py took 0.092 seconds
[2024-07-02T19:26:38.967+0000] {processor.py:161} INFO - Started process (PID=12994) to work on /usr/local/python/3.10.13/lib/python3.10/site-packages/airflow/example_dags/example_xcomargs.py
[2024-07-02T19:26:38.968+0000] {processor.py:830} INFO - Processing file /usr/local/python/3.10.13/lib/python3.10/site-packages/airflow/example_dags/example_xcomargs.py for tasks to queue
[2024-07-02T19:26:38.968+0000] {logging_mixin.py:188} INFO - [2024-07-02T19:26:38.968+0000] {dagbag.py:545} INFO - Filling up the DagBag from /usr/local/python/3.10.13/lib/python3.10/site-packages/airflow/example_dags/example_xcomargs.py
[2024-07-02T19:26:38.975+0000] {processor.py:840} INFO - DAG(s) 'example_xcom_args_with_operators', 'example_xcom_args' retrieved from /usr/local/python/3.10.13/lib/python3.10/site-packages/airflow/example_dags/example_xcomargs.py
[2024-07-02T19:26:38.996+0000] {logging_mixin.py:188} INFO - [2024-07-02T19:26:38.996+0000] {dag.py:3096} INFO - Sync 2 DAGs
[2024-07-02T19:26:39.010+0000] {logging_mixin.py:188} INFO - [2024-07-02T19:26:39.009+0000] {dag.py:3954} INFO - Setting next_dagrun for example_xcom_args to None, run_after=None
[2024-07-02T19:26:39.013+0000] {logging_mixin.py:188} INFO - [2024-07-02T19:26:39.013+0000] {dag.py:3954} INFO - Setting next_dagrun for example_xcom_args_with_operators to None, run_after=None
[2024-07-02T19:26:39.056+0000] {processor.py:183} INFO - Processing /usr/local/python/3.10.13/lib/python3.10/site-packages/airflow/example_dags/example_xcomargs.py took 0.094 seconds
[2024-07-02T19:27:23.800+0000] {processor.py:161} INFO - Started process (PID=13381) to work on /usr/local/python/3.10.13/lib/python3.10/site-packages/airflow/example_dags/example_xcomargs.py
[2024-07-02T19:27:23.800+0000] {processor.py:830} INFO - Processing file /usr/local/python/3.10.13/lib/python3.10/site-packages/airflow/example_dags/example_xcomargs.py for tasks to queue
[2024-07-02T19:27:23.801+0000] {logging_mixin.py:188} INFO - [2024-07-02T19:27:23.801+0000] {dagbag.py:545} INFO - Filling up the DagBag from /usr/local/python/3.10.13/lib/python3.10/site-packages/airflow/example_dags/example_xcomargs.py
[2024-07-02T19:27:23.808+0000] {processor.py:840} INFO - DAG(s) 'example_xcom_args', 'example_xcom_args_with_operators' retrieved from /usr/local/python/3.10.13/lib/python3.10/site-packages/airflow/example_dags/example_xcomargs.py
[2024-07-02T19:27:23.822+0000] {logging_mixin.py:188} INFO - [2024-07-02T19:27:23.821+0000] {dag.py:3096} INFO - Sync 2 DAGs
[2024-07-02T19:27:23.831+0000] {logging_mixin.py:188} INFO - [2024-07-02T19:27:23.830+0000] {dag.py:3954} INFO - Setting next_dagrun for example_xcom_args to None, run_after=None
[2024-07-02T19:27:23.833+0000] {logging_mixin.py:188} INFO - [2024-07-02T19:27:23.833+0000] {dag.py:3954} INFO - Setting next_dagrun for example_xcom_args_with_operators to None, run_after=None
[2024-07-02T19:27:23.872+0000] {processor.py:183} INFO - Processing /usr/local/python/3.10.13/lib/python3.10/site-packages/airflow/example_dags/example_xcomargs.py took 0.077 seconds
[2024-07-02T19:28:05.054+0000] {processor.py:161} INFO - Started process (PID=13760) to work on /usr/local/python/3.10.13/lib/python3.10/site-packages/airflow/example_dags/example_xcomargs.py
[2024-07-02T19:28:05.055+0000] {processor.py:830} INFO - Processing file /usr/local/python/3.10.13/lib/python3.10/site-packages/airflow/example_dags/example_xcomargs.py for tasks to queue
[2024-07-02T19:28:05.056+0000] {logging_mixin.py:188} INFO - [2024-07-02T19:28:05.056+0000] {dagbag.py:545} INFO - Filling up the DagBag from /usr/local/python/3.10.13/lib/python3.10/site-packages/airflow/example_dags/example_xcomargs.py
[2024-07-02T19:28:05.062+0000] {processor.py:840} INFO - DAG(s) 'example_xcom_args_with_operators', 'example_xcom_args' retrieved from /usr/local/python/3.10.13/lib/python3.10/site-packages/airflow/example_dags/example_xcomargs.py
[2024-07-02T19:28:05.076+0000] {logging_mixin.py:188} INFO - [2024-07-02T19:28:05.076+0000] {dag.py:3096} INFO - Sync 2 DAGs
[2024-07-02T19:28:05.085+0000] {logging_mixin.py:188} INFO - [2024-07-02T19:28:05.085+0000] {dag.py:3954} INFO - Setting next_dagrun for example_xcom_args to None, run_after=None
[2024-07-02T19:28:05.087+0000] {logging_mixin.py:188} INFO - [2024-07-02T19:28:05.087+0000] {dag.py:3954} INFO - Setting next_dagrun for example_xcom_args_with_operators to None, run_after=None
[2024-07-02T19:28:05.128+0000] {processor.py:183} INFO - Processing /usr/local/python/3.10.13/lib/python3.10/site-packages/airflow/example_dags/example_xcomargs.py took 0.078 seconds
[2024-07-02T19:28:47.775+0000] {processor.py:161} INFO - Started process (PID=14122) to work on /usr/local/python/3.10.13/lib/python3.10/site-packages/airflow/example_dags/example_xcomargs.py
[2024-07-02T19:28:47.776+0000] {processor.py:830} INFO - Processing file /usr/local/python/3.10.13/lib/python3.10/site-packages/airflow/example_dags/example_xcomargs.py for tasks to queue
[2024-07-02T19:28:47.777+0000] {logging_mixin.py:188} INFO - [2024-07-02T19:28:47.776+0000] {dagbag.py:545} INFO - Filling up the DagBag from /usr/local/python/3.10.13/lib/python3.10/site-packages/airflow/example_dags/example_xcomargs.py
[2024-07-02T19:28:47.783+0000] {processor.py:840} INFO - DAG(s) 'example_xcom_args', 'example_xcom_args_with_operators' retrieved from /usr/local/python/3.10.13/lib/python3.10/site-packages/airflow/example_dags/example_xcomargs.py
[2024-07-02T19:28:47.797+0000] {logging_mixin.py:188} INFO - [2024-07-02T19:28:47.797+0000] {dag.py:3096} INFO - Sync 2 DAGs
[2024-07-02T19:28:47.806+0000] {logging_mixin.py:188} INFO - [2024-07-02T19:28:47.805+0000] {dag.py:3954} INFO - Setting next_dagrun for example_xcom_args to None, run_after=None
[2024-07-02T19:28:47.808+0000] {logging_mixin.py:188} INFO - [2024-07-02T19:28:47.808+0000] {dag.py:3954} INFO - Setting next_dagrun for example_xcom_args_with_operators to None, run_after=None
[2024-07-02T19:28:47.846+0000] {processor.py:183} INFO - Processing /usr/local/python/3.10.13/lib/python3.10/site-packages/airflow/example_dags/example_xcomargs.py took 0.075 seconds
[2024-07-02T19:29:34.541+0000] {processor.py:161} INFO - Started process (PID=14496) to work on /usr/local/python/3.10.13/lib/python3.10/site-packages/airflow/example_dags/example_xcomargs.py
[2024-07-02T19:29:34.542+0000] {processor.py:830} INFO - Processing file /usr/local/python/3.10.13/lib/python3.10/site-packages/airflow/example_dags/example_xcomargs.py for tasks to queue
[2024-07-02T19:29:34.543+0000] {logging_mixin.py:188} INFO - [2024-07-02T19:29:34.542+0000] {dagbag.py:545} INFO - Filling up the DagBag from /usr/local/python/3.10.13/lib/python3.10/site-packages/airflow/example_dags/example_xcomargs.py
[2024-07-02T19:29:34.549+0000] {processor.py:840} INFO - DAG(s) 'example_xcom_args_with_operators', 'example_xcom_args' retrieved from /usr/local/python/3.10.13/lib/python3.10/site-packages/airflow/example_dags/example_xcomargs.py
[2024-07-02T19:29:34.563+0000] {logging_mixin.py:188} INFO - [2024-07-02T19:29:34.563+0000] {dag.py:3096} INFO - Sync 2 DAGs
[2024-07-02T19:29:34.571+0000] {logging_mixin.py:188} INFO - [2024-07-02T19:29:34.571+0000] {dag.py:3954} INFO - Setting next_dagrun for example_xcom_args to None, run_after=None
[2024-07-02T19:29:34.574+0000] {logging_mixin.py:188} INFO - [2024-07-02T19:29:34.574+0000] {dag.py:3954} INFO - Setting next_dagrun for example_xcom_args_with_operators to None, run_after=None
[2024-07-02T19:29:34.613+0000] {processor.py:183} INFO - Processing /usr/local/python/3.10.13/lib/python3.10/site-packages/airflow/example_dags/example_xcomargs.py took 0.076 seconds
[2024-07-02T19:30:20.408+0000] {processor.py:161} INFO - Started process (PID=14888) to work on /usr/local/python/3.10.13/lib/python3.10/site-packages/airflow/example_dags/example_xcomargs.py
[2024-07-02T19:30:20.409+0000] {processor.py:830} INFO - Processing file /usr/local/python/3.10.13/lib/python3.10/site-packages/airflow/example_dags/example_xcomargs.py for tasks to queue
[2024-07-02T19:30:20.410+0000] {logging_mixin.py:188} INFO - [2024-07-02T19:30:20.409+0000] {dagbag.py:545} INFO - Filling up the DagBag from /usr/local/python/3.10.13/lib/python3.10/site-packages/airflow/example_dags/example_xcomargs.py
[2024-07-02T19:30:20.416+0000] {processor.py:840} INFO - DAG(s) 'example_xcom_args', 'example_xcom_args_with_operators' retrieved from /usr/local/python/3.10.13/lib/python3.10/site-packages/airflow/example_dags/example_xcomargs.py
[2024-07-02T19:30:20.430+0000] {logging_mixin.py:188} INFO - [2024-07-02T19:30:20.430+0000] {dag.py:3096} INFO - Sync 2 DAGs
[2024-07-02T19:30:20.440+0000] {logging_mixin.py:188} INFO - [2024-07-02T19:30:20.440+0000] {dag.py:3954} INFO - Setting next_dagrun for example_xcom_args to None, run_after=None
[2024-07-02T19:30:20.443+0000] {logging_mixin.py:188} INFO - [2024-07-02T19:30:20.442+0000] {dag.py:3954} INFO - Setting next_dagrun for example_xcom_args_with_operators to None, run_after=None
[2024-07-02T19:30:20.484+0000] {processor.py:183} INFO - Processing /usr/local/python/3.10.13/lib/python3.10/site-packages/airflow/example_dags/example_xcomargs.py took 0.080 seconds
[2024-07-02T19:31:06.864+0000] {processor.py:161} INFO - Started process (PID=15242) to work on /usr/local/python/3.10.13/lib/python3.10/site-packages/airflow/example_dags/example_xcomargs.py
[2024-07-02T19:31:06.865+0000] {processor.py:830} INFO - Processing file /usr/local/python/3.10.13/lib/python3.10/site-packages/airflow/example_dags/example_xcomargs.py for tasks to queue
[2024-07-02T19:31:06.866+0000] {logging_mixin.py:188} INFO - [2024-07-02T19:31:06.865+0000] {dagbag.py:545} INFO - Filling up the DagBag from /usr/local/python/3.10.13/lib/python3.10/site-packages/airflow/example_dags/example_xcomargs.py
[2024-07-02T19:31:06.872+0000] {processor.py:840} INFO - DAG(s) 'example_xcom_args', 'example_xcom_args_with_operators' retrieved from /usr/local/python/3.10.13/lib/python3.10/site-packages/airflow/example_dags/example_xcomargs.py
[2024-07-02T19:31:06.886+0000] {logging_mixin.py:188} INFO - [2024-07-02T19:31:06.886+0000] {dag.py:3096} INFO - Sync 2 DAGs
[2024-07-02T19:31:06.895+0000] {logging_mixin.py:188} INFO - [2024-07-02T19:31:06.895+0000] {dag.py:3954} INFO - Setting next_dagrun for example_xcom_args to None, run_after=None
[2024-07-02T19:31:06.897+0000] {logging_mixin.py:188} INFO - [2024-07-02T19:31:06.897+0000] {dag.py:3954} INFO - Setting next_dagrun for example_xcom_args_with_operators to None, run_after=None
[2024-07-02T19:31:06.935+0000] {processor.py:183} INFO - Processing /usr/local/python/3.10.13/lib/python3.10/site-packages/airflow/example_dags/example_xcomargs.py took 0.076 seconds
[2024-07-02T19:31:56.535+0000] {processor.py:161} INFO - Started process (PID=15619) to work on /usr/local/python/3.10.13/lib/python3.10/site-packages/airflow/example_dags/example_xcomargs.py
[2024-07-02T19:31:56.536+0000] {processor.py:830} INFO - Processing file /usr/local/python/3.10.13/lib/python3.10/site-packages/airflow/example_dags/example_xcomargs.py for tasks to queue
[2024-07-02T19:31:56.537+0000] {logging_mixin.py:188} INFO - [2024-07-02T19:31:56.537+0000] {dagbag.py:545} INFO - Filling up the DagBag from /usr/local/python/3.10.13/lib/python3.10/site-packages/airflow/example_dags/example_xcomargs.py
[2024-07-02T19:31:56.543+0000] {processor.py:840} INFO - DAG(s) 'example_xcom_args_with_operators', 'example_xcom_args' retrieved from /usr/local/python/3.10.13/lib/python3.10/site-packages/airflow/example_dags/example_xcomargs.py
[2024-07-02T19:31:56.557+0000] {logging_mixin.py:188} INFO - [2024-07-02T19:31:56.557+0000] {dag.py:3096} INFO - Sync 2 DAGs
[2024-07-02T19:31:56.566+0000] {logging_mixin.py:188} INFO - [2024-07-02T19:31:56.566+0000] {dag.py:3954} INFO - Setting next_dagrun for example_xcom_args to None, run_after=None
[2024-07-02T19:31:56.569+0000] {logging_mixin.py:188} INFO - [2024-07-02T19:31:56.569+0000] {dag.py:3954} INFO - Setting next_dagrun for example_xcom_args_with_operators to None, run_after=None
[2024-07-02T19:31:56.610+0000] {processor.py:183} INFO - Processing /usr/local/python/3.10.13/lib/python3.10/site-packages/airflow/example_dags/example_xcomargs.py took 0.079 seconds
[2024-07-02T19:32:40.062+0000] {processor.py:161} INFO - Started process (PID=15943) to work on /usr/local/python/3.10.13/lib/python3.10/site-packages/airflow/example_dags/example_xcomargs.py
[2024-07-02T19:32:40.063+0000] {processor.py:830} INFO - Processing file /usr/local/python/3.10.13/lib/python3.10/site-packages/airflow/example_dags/example_xcomargs.py for tasks to queue
[2024-07-02T19:32:40.064+0000] {logging_mixin.py:188} INFO - [2024-07-02T19:32:40.063+0000] {dagbag.py:545} INFO - Filling up the DagBag from /usr/local/python/3.10.13/lib/python3.10/site-packages/airflow/example_dags/example_xcomargs.py
[2024-07-02T19:32:40.074+0000] {processor.py:840} INFO - DAG(s) 'example_xcom_args', 'example_xcom_args_with_operators' retrieved from /usr/local/python/3.10.13/lib/python3.10/site-packages/airflow/example_dags/example_xcomargs.py
[2024-07-02T19:32:40.095+0000] {logging_mixin.py:188} INFO - [2024-07-02T19:32:40.095+0000] {dag.py:3096} INFO - Sync 2 DAGs
[2024-07-02T19:32:40.105+0000] {logging_mixin.py:188} INFO - [2024-07-02T19:32:40.105+0000] {dag.py:3954} INFO - Setting next_dagrun for example_xcom_args to None, run_after=None
[2024-07-02T19:32:40.108+0000] {logging_mixin.py:188} INFO - [2024-07-02T19:32:40.108+0000] {dag.py:3954} INFO - Setting next_dagrun for example_xcom_args_with_operators to None, run_after=None
[2024-07-02T19:32:40.150+0000] {processor.py:183} INFO - Processing /usr/local/python/3.10.13/lib/python3.10/site-packages/airflow/example_dags/example_xcomargs.py took 0.094 seconds
[2024-07-02T19:33:23.412+0000] {processor.py:161} INFO - Started process (PID=16345) to work on /usr/local/python/3.10.13/lib/python3.10/site-packages/airflow/example_dags/example_xcomargs.py
[2024-07-02T19:33:23.412+0000] {processor.py:830} INFO - Processing file /usr/local/python/3.10.13/lib/python3.10/site-packages/airflow/example_dags/example_xcomargs.py for tasks to queue
[2024-07-02T19:33:23.413+0000] {logging_mixin.py:188} INFO - [2024-07-02T19:33:23.413+0000] {dagbag.py:545} INFO - Filling up the DagBag from /usr/local/python/3.10.13/lib/python3.10/site-packages/airflow/example_dags/example_xcomargs.py
[2024-07-02T19:33:23.419+0000] {processor.py:840} INFO - DAG(s) 'example_xcom_args', 'example_xcom_args_with_operators' retrieved from /usr/local/python/3.10.13/lib/python3.10/site-packages/airflow/example_dags/example_xcomargs.py
[2024-07-02T19:33:23.434+0000] {logging_mixin.py:188} INFO - [2024-07-02T19:33:23.433+0000] {dag.py:3096} INFO - Sync 2 DAGs
[2024-07-02T19:33:23.443+0000] {logging_mixin.py:188} INFO - [2024-07-02T19:33:23.442+0000] {dag.py:3954} INFO - Setting next_dagrun for example_xcom_args to None, run_after=None
[2024-07-02T19:33:23.445+0000] {logging_mixin.py:188} INFO - [2024-07-02T19:33:23.445+0000] {dag.py:3954} INFO - Setting next_dagrun for example_xcom_args_with_operators to None, run_after=None
[2024-07-02T19:33:23.490+0000] {processor.py:183} INFO - Processing /usr/local/python/3.10.13/lib/python3.10/site-packages/airflow/example_dags/example_xcomargs.py took 0.083 seconds
[2024-07-02T19:34:08.537+0000] {processor.py:161} INFO - Started process (PID=16693) to work on /usr/local/python/3.10.13/lib/python3.10/site-packages/airflow/example_dags/example_xcomargs.py
[2024-07-02T19:34:08.537+0000] {processor.py:830} INFO - Processing file /usr/local/python/3.10.13/lib/python3.10/site-packages/airflow/example_dags/example_xcomargs.py for tasks to queue
[2024-07-02T19:34:08.539+0000] {logging_mixin.py:188} INFO - [2024-07-02T19:34:08.538+0000] {dagbag.py:545} INFO - Filling up the DagBag from /usr/local/python/3.10.13/lib/python3.10/site-packages/airflow/example_dags/example_xcomargs.py
[2024-07-02T19:34:08.545+0000] {processor.py:840} INFO - DAG(s) 'example_xcom_args', 'example_xcom_args_with_operators' retrieved from /usr/local/python/3.10.13/lib/python3.10/site-packages/airflow/example_dags/example_xcomargs.py
[2024-07-02T19:34:08.558+0000] {logging_mixin.py:188} INFO - [2024-07-02T19:34:08.558+0000] {dag.py:3096} INFO - Sync 2 DAGs
[2024-07-02T19:34:08.567+0000] {logging_mixin.py:188} INFO - [2024-07-02T19:34:08.567+0000] {dag.py:3954} INFO - Setting next_dagrun for example_xcom_args to None, run_after=None
[2024-07-02T19:34:08.569+0000] {logging_mixin.py:188} INFO - [2024-07-02T19:34:08.569+0000] {dag.py:3954} INFO - Setting next_dagrun for example_xcom_args_with_operators to None, run_after=None
[2024-07-02T19:34:08.609+0000] {processor.py:183} INFO - Processing /usr/local/python/3.10.13/lib/python3.10/site-packages/airflow/example_dags/example_xcomargs.py took 0.076 seconds
[2024-07-02T19:34:53.585+0000] {processor.py:161} INFO - Started process (PID=17060) to work on /usr/local/python/3.10.13/lib/python3.10/site-packages/airflow/example_dags/example_xcomargs.py
[2024-07-02T19:34:53.586+0000] {processor.py:830} INFO - Processing file /usr/local/python/3.10.13/lib/python3.10/site-packages/airflow/example_dags/example_xcomargs.py for tasks to queue
[2024-07-02T19:34:53.586+0000] {logging_mixin.py:188} INFO - [2024-07-02T19:34:53.586+0000] {dagbag.py:545} INFO - Filling up the DagBag from /usr/local/python/3.10.13/lib/python3.10/site-packages/airflow/example_dags/example_xcomargs.py
[2024-07-02T19:34:53.593+0000] {processor.py:840} INFO - DAG(s) 'example_xcom_args_with_operators', 'example_xcom_args' retrieved from /usr/local/python/3.10.13/lib/python3.10/site-packages/airflow/example_dags/example_xcomargs.py
[2024-07-02T19:34:53.607+0000] {logging_mixin.py:188} INFO - [2024-07-02T19:34:53.607+0000] {dag.py:3096} INFO - Sync 2 DAGs
[2024-07-02T19:34:53.616+0000] {logging_mixin.py:188} INFO - [2024-07-02T19:34:53.616+0000] {dag.py:3954} INFO - Setting next_dagrun for example_xcom_args to None, run_after=None
[2024-07-02T19:34:53.618+0000] {logging_mixin.py:188} INFO - [2024-07-02T19:34:53.618+0000] {dag.py:3954} INFO - Setting next_dagrun for example_xcom_args_with_operators to None, run_after=None
[2024-07-02T19:34:53.657+0000] {processor.py:183} INFO - Processing /usr/local/python/3.10.13/lib/python3.10/site-packages/airflow/example_dags/example_xcomargs.py took 0.078 seconds
[2024-07-02T19:35:40.609+0000] {processor.py:161} INFO - Started process (PID=17470) to work on /usr/local/python/3.10.13/lib/python3.10/site-packages/airflow/example_dags/example_xcomargs.py
[2024-07-02T19:35:40.610+0000] {processor.py:830} INFO - Processing file /usr/local/python/3.10.13/lib/python3.10/site-packages/airflow/example_dags/example_xcomargs.py for tasks to queue
[2024-07-02T19:35:40.610+0000] {logging_mixin.py:188} INFO - [2024-07-02T19:35:40.610+0000] {dagbag.py:545} INFO - Filling up the DagBag from /usr/local/python/3.10.13/lib/python3.10/site-packages/airflow/example_dags/example_xcomargs.py
[2024-07-02T19:35:40.617+0000] {processor.py:840} INFO - DAG(s) 'example_xcom_args_with_operators', 'example_xcom_args' retrieved from /usr/local/python/3.10.13/lib/python3.10/site-packages/airflow/example_dags/example_xcomargs.py
[2024-07-02T19:35:40.631+0000] {logging_mixin.py:188} INFO - [2024-07-02T19:35:40.631+0000] {dag.py:3096} INFO - Sync 2 DAGs
[2024-07-02T19:35:40.640+0000] {logging_mixin.py:188} INFO - [2024-07-02T19:35:40.640+0000] {dag.py:3954} INFO - Setting next_dagrun for example_xcom_args to None, run_after=None
[2024-07-02T19:35:40.642+0000] {logging_mixin.py:188} INFO - [2024-07-02T19:35:40.642+0000] {dag.py:3954} INFO - Setting next_dagrun for example_xcom_args_with_operators to None, run_after=None
[2024-07-02T19:35:40.681+0000] {processor.py:183} INFO - Processing /usr/local/python/3.10.13/lib/python3.10/site-packages/airflow/example_dags/example_xcomargs.py took 0.076 seconds
[2024-07-02T19:36:34.287+0000] {processor.py:161} INFO - Started process (PID=17914) to work on /usr/local/python/3.10.13/lib/python3.10/site-packages/airflow/example_dags/example_xcomargs.py
[2024-07-02T19:36:34.288+0000] {processor.py:830} INFO - Processing file /usr/local/python/3.10.13/lib/python3.10/site-packages/airflow/example_dags/example_xcomargs.py for tasks to queue
[2024-07-02T19:36:34.289+0000] {logging_mixin.py:188} INFO - [2024-07-02T19:36:34.289+0000] {dagbag.py:545} INFO - Filling up the DagBag from /usr/local/python/3.10.13/lib/python3.10/site-packages/airflow/example_dags/example_xcomargs.py
[2024-07-02T19:36:34.298+0000] {processor.py:840} INFO - DAG(s) 'example_xcom_args', 'example_xcom_args_with_operators' retrieved from /usr/local/python/3.10.13/lib/python3.10/site-packages/airflow/example_dags/example_xcomargs.py
[2024-07-02T19:36:34.313+0000] {logging_mixin.py:188} INFO - [2024-07-02T19:36:34.313+0000] {dag.py:3096} INFO - Sync 2 DAGs
[2024-07-02T19:36:34.322+0000] {logging_mixin.py:188} INFO - [2024-07-02T19:36:34.321+0000] {dag.py:3954} INFO - Setting next_dagrun for example_xcom_args to None, run_after=None
[2024-07-02T19:36:34.324+0000] {logging_mixin.py:188} INFO - [2024-07-02T19:36:34.324+0000] {dag.py:3954} INFO - Setting next_dagrun for example_xcom_args_with_operators to None, run_after=None
[2024-07-02T19:36:34.362+0000] {processor.py:183} INFO - Processing /usr/local/python/3.10.13/lib/python3.10/site-packages/airflow/example_dags/example_xcomargs.py took 0.080 seconds
[2024-07-02T19:37:26.427+0000] {processor.py:161} INFO - Started process (PID=18291) to work on /usr/local/python/3.10.13/lib/python3.10/site-packages/airflow/example_dags/example_xcomargs.py
[2024-07-02T19:37:26.427+0000] {processor.py:830} INFO - Processing file /usr/local/python/3.10.13/lib/python3.10/site-packages/airflow/example_dags/example_xcomargs.py for tasks to queue
[2024-07-02T19:37:26.428+0000] {logging_mixin.py:188} INFO - [2024-07-02T19:37:26.428+0000] {dagbag.py:545} INFO - Filling up the DagBag from /usr/local/python/3.10.13/lib/python3.10/site-packages/airflow/example_dags/example_xcomargs.py
[2024-07-02T19:37:26.434+0000] {processor.py:840} INFO - DAG(s) 'example_xcom_args', 'example_xcom_args_with_operators' retrieved from /usr/local/python/3.10.13/lib/python3.10/site-packages/airflow/example_dags/example_xcomargs.py
[2024-07-02T19:37:26.448+0000] {logging_mixin.py:188} INFO - [2024-07-02T19:37:26.448+0000] {dag.py:3096} INFO - Sync 2 DAGs
[2024-07-02T19:37:26.458+0000] {logging_mixin.py:188} INFO - [2024-07-02T19:37:26.458+0000] {dag.py:3954} INFO - Setting next_dagrun for example_xcom_args to None, run_after=None
[2024-07-02T19:37:26.461+0000] {logging_mixin.py:188} INFO - [2024-07-02T19:37:26.460+0000] {dag.py:3954} INFO - Setting next_dagrun for example_xcom_args_with_operators to None, run_after=None
[2024-07-02T19:37:26.499+0000] {processor.py:183} INFO - Processing /usr/local/python/3.10.13/lib/python3.10/site-packages/airflow/example_dags/example_xcomargs.py took 0.078 seconds
[2024-07-02T19:38:09.660+0000] {processor.py:161} INFO - Started process (PID=18623) to work on /usr/local/python/3.10.13/lib/python3.10/site-packages/airflow/example_dags/example_xcomargs.py
[2024-07-02T19:38:09.662+0000] {processor.py:830} INFO - Processing file /usr/local/python/3.10.13/lib/python3.10/site-packages/airflow/example_dags/example_xcomargs.py for tasks to queue
[2024-07-02T19:38:09.663+0000] {logging_mixin.py:188} INFO - [2024-07-02T19:38:09.663+0000] {dagbag.py:545} INFO - Filling up the DagBag from /usr/local/python/3.10.13/lib/python3.10/site-packages/airflow/example_dags/example_xcomargs.py
[2024-07-02T19:38:09.674+0000] {processor.py:840} INFO - DAG(s) 'example_xcom_args_with_operators', 'example_xcom_args' retrieved from /usr/local/python/3.10.13/lib/python3.10/site-packages/airflow/example_dags/example_xcomargs.py
[2024-07-02T19:38:09.695+0000] {logging_mixin.py:188} INFO - [2024-07-02T19:38:09.695+0000] {dag.py:3096} INFO - Sync 2 DAGs
[2024-07-02T19:38:09.705+0000] {logging_mixin.py:188} INFO - [2024-07-02T19:38:09.704+0000] {dag.py:3954} INFO - Setting next_dagrun for example_xcom_args to None, run_after=None
[2024-07-02T19:38:09.707+0000] {logging_mixin.py:188} INFO - [2024-07-02T19:38:09.707+0000] {dag.py:3954} INFO - Setting next_dagrun for example_xcom_args_with_operators to None, run_after=None
[2024-07-02T19:38:09.748+0000] {processor.py:183} INFO - Processing /usr/local/python/3.10.13/lib/python3.10/site-packages/airflow/example_dags/example_xcomargs.py took 0.098 seconds
[2024-07-02T19:38:52.851+0000] {processor.py:161} INFO - Started process (PID=18918) to work on /usr/local/python/3.10.13/lib/python3.10/site-packages/airflow/example_dags/example_xcomargs.py
[2024-07-02T19:38:52.851+0000] {processor.py:830} INFO - Processing file /usr/local/python/3.10.13/lib/python3.10/site-packages/airflow/example_dags/example_xcomargs.py for tasks to queue
[2024-07-02T19:38:52.852+0000] {logging_mixin.py:188} INFO - [2024-07-02T19:38:52.852+0000] {dagbag.py:545} INFO - Filling up the DagBag from /usr/local/python/3.10.13/lib/python3.10/site-packages/airflow/example_dags/example_xcomargs.py
[2024-07-02T19:38:52.859+0000] {processor.py:840} INFO - DAG(s) 'example_xcom_args', 'example_xcom_args_with_operators' retrieved from /usr/local/python/3.10.13/lib/python3.10/site-packages/airflow/example_dags/example_xcomargs.py
[2024-07-02T19:38:52.873+0000] {logging_mixin.py:188} INFO - [2024-07-02T19:38:52.873+0000] {dag.py:3096} INFO - Sync 2 DAGs
[2024-07-02T19:38:52.882+0000] {logging_mixin.py:188} INFO - [2024-07-02T19:38:52.881+0000] {dag.py:3954} INFO - Setting next_dagrun for example_xcom_args to None, run_after=None
[2024-07-02T19:38:52.884+0000] {logging_mixin.py:188} INFO - [2024-07-02T19:38:52.884+0000] {dag.py:3954} INFO - Setting next_dagrun for example_xcom_args_with_operators to None, run_after=None
[2024-07-02T19:38:52.927+0000] {processor.py:183} INFO - Processing /usr/local/python/3.10.13/lib/python3.10/site-packages/airflow/example_dags/example_xcomargs.py took 0.080 seconds
[2024-07-02T19:39:36.972+0000] {processor.py:161} INFO - Started process (PID=19248) to work on /usr/local/python/3.10.13/lib/python3.10/site-packages/airflow/example_dags/example_xcomargs.py
[2024-07-02T19:39:36.973+0000] {processor.py:830} INFO - Processing file /usr/local/python/3.10.13/lib/python3.10/site-packages/airflow/example_dags/example_xcomargs.py for tasks to queue
[2024-07-02T19:39:36.974+0000] {logging_mixin.py:188} INFO - [2024-07-02T19:39:36.973+0000] {dagbag.py:545} INFO - Filling up the DagBag from /usr/local/python/3.10.13/lib/python3.10/site-packages/airflow/example_dags/example_xcomargs.py
[2024-07-02T19:39:36.981+0000] {processor.py:840} INFO - DAG(s) 'example_xcom_args_with_operators', 'example_xcom_args' retrieved from /usr/local/python/3.10.13/lib/python3.10/site-packages/airflow/example_dags/example_xcomargs.py
[2024-07-02T19:39:36.995+0000] {logging_mixin.py:188} INFO - [2024-07-02T19:39:36.995+0000] {dag.py:3096} INFO - Sync 2 DAGs
[2024-07-02T19:39:37.004+0000] {logging_mixin.py:188} INFO - [2024-07-02T19:39:37.004+0000] {dag.py:3954} INFO - Setting next_dagrun for example_xcom_args to None, run_after=None
[2024-07-02T19:39:37.007+0000] {logging_mixin.py:188} INFO - [2024-07-02T19:39:37.007+0000] {dag.py:3954} INFO - Setting next_dagrun for example_xcom_args_with_operators to None, run_after=None
[2024-07-02T19:39:37.049+0000] {processor.py:183} INFO - Processing /usr/local/python/3.10.13/lib/python3.10/site-packages/airflow/example_dags/example_xcomargs.py took 0.082 seconds
[2024-07-02T19:40:33.565+0000] {processor.py:161} INFO - Started process (PID=19685) to work on /usr/local/python/3.10.13/lib/python3.10/site-packages/airflow/example_dags/example_xcomargs.py
[2024-07-02T19:40:33.566+0000] {processor.py:830} INFO - Processing file /usr/local/python/3.10.13/lib/python3.10/site-packages/airflow/example_dags/example_xcomargs.py for tasks to queue
[2024-07-02T19:40:33.567+0000] {logging_mixin.py:188} INFO - [2024-07-02T19:40:33.566+0000] {dagbag.py:545} INFO - Filling up the DagBag from /usr/local/python/3.10.13/lib/python3.10/site-packages/airflow/example_dags/example_xcomargs.py
[2024-07-02T19:40:33.576+0000] {processor.py:840} INFO - DAG(s) 'example_xcom_args_with_operators', 'example_xcom_args' retrieved from /usr/local/python/3.10.13/lib/python3.10/site-packages/airflow/example_dags/example_xcomargs.py
[2024-07-02T19:40:33.597+0000] {logging_mixin.py:188} INFO - [2024-07-02T19:40:33.597+0000] {dag.py:3096} INFO - Sync 2 DAGs
[2024-07-02T19:40:33.609+0000] {logging_mixin.py:188} INFO - [2024-07-02T19:40:33.609+0000] {dag.py:3954} INFO - Setting next_dagrun for example_xcom_args to None, run_after=None
[2024-07-02T19:40:33.613+0000] {logging_mixin.py:188} INFO - [2024-07-02T19:40:33.613+0000] {dag.py:3954} INFO - Setting next_dagrun for example_xcom_args_with_operators to None, run_after=None
[2024-07-02T19:40:33.651+0000] {processor.py:183} INFO - Processing /usr/local/python/3.10.13/lib/python3.10/site-packages/airflow/example_dags/example_xcomargs.py took 0.092 seconds
[2024-07-02T19:41:16.948+0000] {processor.py:161} INFO - Started process (PID=20010) to work on /usr/local/python/3.10.13/lib/python3.10/site-packages/airflow/example_dags/example_xcomargs.py
[2024-07-02T19:41:16.949+0000] {processor.py:830} INFO - Processing file /usr/local/python/3.10.13/lib/python3.10/site-packages/airflow/example_dags/example_xcomargs.py for tasks to queue
[2024-07-02T19:41:16.949+0000] {logging_mixin.py:188} INFO - [2024-07-02T19:41:16.949+0000] {dagbag.py:545} INFO - Filling up the DagBag from /usr/local/python/3.10.13/lib/python3.10/site-packages/airflow/example_dags/example_xcomargs.py
[2024-07-02T19:41:16.955+0000] {processor.py:840} INFO - DAG(s) 'example_xcom_args_with_operators', 'example_xcom_args' retrieved from /usr/local/python/3.10.13/lib/python3.10/site-packages/airflow/example_dags/example_xcomargs.py
[2024-07-02T19:41:16.970+0000] {logging_mixin.py:188} INFO - [2024-07-02T19:41:16.970+0000] {dag.py:3096} INFO - Sync 2 DAGs
[2024-07-02T19:41:16.979+0000] {logging_mixin.py:188} INFO - [2024-07-02T19:41:16.978+0000] {dag.py:3954} INFO - Setting next_dagrun for example_xcom_args to None, run_after=None
[2024-07-02T19:41:16.981+0000] {logging_mixin.py:188} INFO - [2024-07-02T19:41:16.981+0000] {dag.py:3954} INFO - Setting next_dagrun for example_xcom_args_with_operators to None, run_after=None
[2024-07-02T19:41:17.019+0000] {processor.py:183} INFO - Processing /usr/local/python/3.10.13/lib/python3.10/site-packages/airflow/example_dags/example_xcomargs.py took 0.075 seconds
[2024-07-02T19:42:00.649+0000] {processor.py:161} INFO - Started process (PID=20335) to work on /usr/local/python/3.10.13/lib/python3.10/site-packages/airflow/example_dags/example_xcomargs.py
[2024-07-02T19:42:00.649+0000] {processor.py:830} INFO - Processing file /usr/local/python/3.10.13/lib/python3.10/site-packages/airflow/example_dags/example_xcomargs.py for tasks to queue
[2024-07-02T19:42:00.650+0000] {logging_mixin.py:188} INFO - [2024-07-02T19:42:00.650+0000] {dagbag.py:545} INFO - Filling up the DagBag from /usr/local/python/3.10.13/lib/python3.10/site-packages/airflow/example_dags/example_xcomargs.py
[2024-07-02T19:42:00.656+0000] {processor.py:840} INFO - DAG(s) 'example_xcom_args_with_operators', 'example_xcom_args' retrieved from /usr/local/python/3.10.13/lib/python3.10/site-packages/airflow/example_dags/example_xcomargs.py
[2024-07-02T19:42:00.670+0000] {logging_mixin.py:188} INFO - [2024-07-02T19:42:00.670+0000] {dag.py:3096} INFO - Sync 2 DAGs
[2024-07-02T19:42:00.678+0000] {logging_mixin.py:188} INFO - [2024-07-02T19:42:00.678+0000] {dag.py:3954} INFO - Setting next_dagrun for example_xcom_args to None, run_after=None
[2024-07-02T19:42:00.681+0000] {logging_mixin.py:188} INFO - [2024-07-02T19:42:00.681+0000] {dag.py:3954} INFO - Setting next_dagrun for example_xcom_args_with_operators to None, run_after=None
[2024-07-02T19:42:00.720+0000] {processor.py:183} INFO - Processing /usr/local/python/3.10.13/lib/python3.10/site-packages/airflow/example_dags/example_xcomargs.py took 0.075 seconds
[2024-07-02T19:42:41.124+0000] {processor.py:161} INFO - Started process (PID=20649) to work on /usr/local/python/3.10.13/lib/python3.10/site-packages/airflow/example_dags/example_xcomargs.py
[2024-07-02T19:42:41.125+0000] {processor.py:830} INFO - Processing file /usr/local/python/3.10.13/lib/python3.10/site-packages/airflow/example_dags/example_xcomargs.py for tasks to queue
[2024-07-02T19:42:41.126+0000] {logging_mixin.py:188} INFO - [2024-07-02T19:42:41.126+0000] {dagbag.py:545} INFO - Filling up the DagBag from /usr/local/python/3.10.13/lib/python3.10/site-packages/airflow/example_dags/example_xcomargs.py
[2024-07-02T19:42:41.132+0000] {processor.py:840} INFO - DAG(s) 'example_xcom_args_with_operators', 'example_xcom_args' retrieved from /usr/local/python/3.10.13/lib/python3.10/site-packages/airflow/example_dags/example_xcomargs.py
[2024-07-02T19:42:41.146+0000] {logging_mixin.py:188} INFO - [2024-07-02T19:42:41.146+0000] {dag.py:3096} INFO - Sync 2 DAGs
[2024-07-02T19:42:41.155+0000] {logging_mixin.py:188} INFO - [2024-07-02T19:42:41.154+0000] {dag.py:3954} INFO - Setting next_dagrun for example_xcom_args to None, run_after=None
[2024-07-02T19:42:41.157+0000] {logging_mixin.py:188} INFO - [2024-07-02T19:42:41.157+0000] {dag.py:3954} INFO - Setting next_dagrun for example_xcom_args_with_operators to None, run_after=None
[2024-07-02T19:42:41.198+0000] {processor.py:183} INFO - Processing /usr/local/python/3.10.13/lib/python3.10/site-packages/airflow/example_dags/example_xcomargs.py took 0.078 seconds
[2024-07-02T19:43:31.306+0000] {processor.py:161} INFO - Started process (PID=21090) to work on /usr/local/python/3.10.13/lib/python3.10/site-packages/airflow/example_dags/example_xcomargs.py
[2024-07-02T19:43:31.306+0000] {processor.py:830} INFO - Processing file /usr/local/python/3.10.13/lib/python3.10/site-packages/airflow/example_dags/example_xcomargs.py for tasks to queue
[2024-07-02T19:43:31.307+0000] {logging_mixin.py:188} INFO - [2024-07-02T19:43:31.307+0000] {dagbag.py:545} INFO - Filling up the DagBag from /usr/local/python/3.10.13/lib/python3.10/site-packages/airflow/example_dags/example_xcomargs.py
[2024-07-02T19:43:31.313+0000] {processor.py:840} INFO - DAG(s) 'example_xcom_args', 'example_xcom_args_with_operators' retrieved from /usr/local/python/3.10.13/lib/python3.10/site-packages/airflow/example_dags/example_xcomargs.py
[2024-07-02T19:43:31.327+0000] {logging_mixin.py:188} INFO - [2024-07-02T19:43:31.327+0000] {dag.py:3096} INFO - Sync 2 DAGs
[2024-07-02T19:43:31.335+0000] {logging_mixin.py:188} INFO - [2024-07-02T19:43:31.335+0000] {dag.py:3954} INFO - Setting next_dagrun for example_xcom_args to None, run_after=None
[2024-07-02T19:43:31.338+0000] {logging_mixin.py:188} INFO - [2024-07-02T19:43:31.338+0000] {dag.py:3954} INFO - Setting next_dagrun for example_xcom_args_with_operators to None, run_after=None
[2024-07-02T19:43:31.377+0000] {processor.py:183} INFO - Processing /usr/local/python/3.10.13/lib/python3.10/site-packages/airflow/example_dags/example_xcomargs.py took 0.075 seconds
[2024-07-02T19:44:24.086+0000] {processor.py:161} INFO - Started process (PID=21483) to work on /usr/local/python/3.10.13/lib/python3.10/site-packages/airflow/example_dags/example_xcomargs.py
[2024-07-02T19:44:24.086+0000] {processor.py:830} INFO - Processing file /usr/local/python/3.10.13/lib/python3.10/site-packages/airflow/example_dags/example_xcomargs.py for tasks to queue
[2024-07-02T19:44:24.087+0000] {logging_mixin.py:188} INFO - [2024-07-02T19:44:24.087+0000] {dagbag.py:545} INFO - Filling up the DagBag from /usr/local/python/3.10.13/lib/python3.10/site-packages/airflow/example_dags/example_xcomargs.py
[2024-07-02T19:44:24.094+0000] {processor.py:840} INFO - DAG(s) 'example_xcom_args', 'example_xcom_args_with_operators' retrieved from /usr/local/python/3.10.13/lib/python3.10/site-packages/airflow/example_dags/example_xcomargs.py
[2024-07-02T19:44:24.107+0000] {logging_mixin.py:188} INFO - [2024-07-02T19:44:24.107+0000] {dag.py:3096} INFO - Sync 2 DAGs
[2024-07-02T19:44:24.116+0000] {logging_mixin.py:188} INFO - [2024-07-02T19:44:24.116+0000] {dag.py:3954} INFO - Setting next_dagrun for example_xcom_args to None, run_after=None
[2024-07-02T19:44:24.118+0000] {logging_mixin.py:188} INFO - [2024-07-02T19:44:24.118+0000] {dag.py:3954} INFO - Setting next_dagrun for example_xcom_args_with_operators to None, run_after=None
[2024-07-02T19:44:24.159+0000] {processor.py:183} INFO - Processing /usr/local/python/3.10.13/lib/python3.10/site-packages/airflow/example_dags/example_xcomargs.py took 0.077 seconds
[2024-07-02T19:45:06.195+0000] {processor.py:161} INFO - Started process (PID=21819) to work on /usr/local/python/3.10.13/lib/python3.10/site-packages/airflow/example_dags/example_xcomargs.py
[2024-07-02T19:45:06.196+0000] {processor.py:830} INFO - Processing file /usr/local/python/3.10.13/lib/python3.10/site-packages/airflow/example_dags/example_xcomargs.py for tasks to queue
[2024-07-02T19:45:06.196+0000] {logging_mixin.py:188} INFO - [2024-07-02T19:45:06.196+0000] {dagbag.py:545} INFO - Filling up the DagBag from /usr/local/python/3.10.13/lib/python3.10/site-packages/airflow/example_dags/example_xcomargs.py
[2024-07-02T19:45:06.203+0000] {processor.py:840} INFO - DAG(s) 'example_xcom_args', 'example_xcom_args_with_operators' retrieved from /usr/local/python/3.10.13/lib/python3.10/site-packages/airflow/example_dags/example_xcomargs.py
[2024-07-02T19:45:06.225+0000] {logging_mixin.py:188} INFO - [2024-07-02T19:45:06.225+0000] {dag.py:3096} INFO - Sync 2 DAGs
[2024-07-02T19:45:06.238+0000] {logging_mixin.py:188} INFO - [2024-07-02T19:45:06.238+0000] {dag.py:3954} INFO - Setting next_dagrun for example_xcom_args to None, run_after=None
[2024-07-02T19:45:06.242+0000] {logging_mixin.py:188} INFO - [2024-07-02T19:45:06.242+0000] {dag.py:3954} INFO - Setting next_dagrun for example_xcom_args_with_operators to None, run_after=None
[2024-07-02T19:45:06.296+0000] {processor.py:183} INFO - Processing /usr/local/python/3.10.13/lib/python3.10/site-packages/airflow/example_dags/example_xcomargs.py took 0.106 seconds
[2024-07-02T19:45:48.102+0000] {processor.py:161} INFO - Started process (PID=22110) to work on /usr/local/python/3.10.13/lib/python3.10/site-packages/airflow/example_dags/example_xcomargs.py
[2024-07-02T19:45:48.102+0000] {processor.py:830} INFO - Processing file /usr/local/python/3.10.13/lib/python3.10/site-packages/airflow/example_dags/example_xcomargs.py for tasks to queue
[2024-07-02T19:45:48.103+0000] {logging_mixin.py:188} INFO - [2024-07-02T19:45:48.103+0000] {dagbag.py:545} INFO - Filling up the DagBag from /usr/local/python/3.10.13/lib/python3.10/site-packages/airflow/example_dags/example_xcomargs.py
[2024-07-02T19:45:48.110+0000] {processor.py:840} INFO - DAG(s) 'example_xcom_args', 'example_xcom_args_with_operators' retrieved from /usr/local/python/3.10.13/lib/python3.10/site-packages/airflow/example_dags/example_xcomargs.py
[2024-07-02T19:45:48.134+0000] {logging_mixin.py:188} INFO - [2024-07-02T19:45:48.134+0000] {dag.py:3096} INFO - Sync 2 DAGs
[2024-07-02T19:45:48.147+0000] {logging_mixin.py:188} INFO - [2024-07-02T19:45:48.147+0000] {dag.py:3954} INFO - Setting next_dagrun for example_xcom_args to None, run_after=None
[2024-07-02T19:45:48.150+0000] {logging_mixin.py:188} INFO - [2024-07-02T19:45:48.149+0000] {dag.py:3954} INFO - Setting next_dagrun for example_xcom_args_with_operators to None, run_after=None
[2024-07-02T19:45:48.187+0000] {processor.py:183} INFO - Processing /usr/local/python/3.10.13/lib/python3.10/site-packages/airflow/example_dags/example_xcomargs.py took 0.090 seconds
[2024-07-02T19:46:30.411+0000] {processor.py:161} INFO - Started process (PID=22407) to work on /usr/local/python/3.10.13/lib/python3.10/site-packages/airflow/example_dags/example_xcomargs.py
[2024-07-02T19:46:30.412+0000] {processor.py:830} INFO - Processing file /usr/local/python/3.10.13/lib/python3.10/site-packages/airflow/example_dags/example_xcomargs.py for tasks to queue
[2024-07-02T19:46:30.413+0000] {logging_mixin.py:188} INFO - [2024-07-02T19:46:30.412+0000] {dagbag.py:545} INFO - Filling up the DagBag from /usr/local/python/3.10.13/lib/python3.10/site-packages/airflow/example_dags/example_xcomargs.py
[2024-07-02T19:46:30.419+0000] {processor.py:840} INFO - DAG(s) 'example_xcom_args_with_operators', 'example_xcom_args' retrieved from /usr/local/python/3.10.13/lib/python3.10/site-packages/airflow/example_dags/example_xcomargs.py
[2024-07-02T19:46:30.433+0000] {logging_mixin.py:188} INFO - [2024-07-02T19:46:30.433+0000] {dag.py:3096} INFO - Sync 2 DAGs
[2024-07-02T19:46:30.442+0000] {logging_mixin.py:188} INFO - [2024-07-02T19:46:30.442+0000] {dag.py:3954} INFO - Setting next_dagrun for example_xcom_args to None, run_after=None
[2024-07-02T19:46:30.444+0000] {logging_mixin.py:188} INFO - [2024-07-02T19:46:30.444+0000] {dag.py:3954} INFO - Setting next_dagrun for example_xcom_args_with_operators to None, run_after=None
[2024-07-02T19:46:30.485+0000] {processor.py:183} INFO - Processing /usr/local/python/3.10.13/lib/python3.10/site-packages/airflow/example_dags/example_xcomargs.py took 0.078 seconds
[2024-07-02T19:47:17.898+0000] {processor.py:161} INFO - Started process (PID=22738) to work on /usr/local/python/3.10.13/lib/python3.10/site-packages/airflow/example_dags/example_xcomargs.py
[2024-07-02T19:47:17.898+0000] {processor.py:830} INFO - Processing file /usr/local/python/3.10.13/lib/python3.10/site-packages/airflow/example_dags/example_xcomargs.py for tasks to queue
[2024-07-02T19:47:17.899+0000] {logging_mixin.py:188} INFO - [2024-07-02T19:47:17.899+0000] {dagbag.py:545} INFO - Filling up the DagBag from /usr/local/python/3.10.13/lib/python3.10/site-packages/airflow/example_dags/example_xcomargs.py
[2024-07-02T19:47:17.906+0000] {processor.py:840} INFO - DAG(s) 'example_xcom_args', 'example_xcom_args_with_operators' retrieved from /usr/local/python/3.10.13/lib/python3.10/site-packages/airflow/example_dags/example_xcomargs.py
[2024-07-02T19:47:17.920+0000] {logging_mixin.py:188} INFO - [2024-07-02T19:47:17.919+0000] {dag.py:3096} INFO - Sync 2 DAGs
[2024-07-02T19:47:17.928+0000] {logging_mixin.py:188} INFO - [2024-07-02T19:47:17.928+0000] {dag.py:3954} INFO - Setting next_dagrun for example_xcom_args to None, run_after=None
[2024-07-02T19:47:17.931+0000] {logging_mixin.py:188} INFO - [2024-07-02T19:47:17.931+0000] {dag.py:3954} INFO - Setting next_dagrun for example_xcom_args_with_operators to None, run_after=None
[2024-07-02T19:47:17.973+0000] {processor.py:183} INFO - Processing /usr/local/python/3.10.13/lib/python3.10/site-packages/airflow/example_dags/example_xcomargs.py took 0.080 seconds
[2024-07-02T19:48:02.303+0000] {processor.py:161} INFO - Started process (PID=23041) to work on /usr/local/python/3.10.13/lib/python3.10/site-packages/airflow/example_dags/example_xcomargs.py
[2024-07-02T19:48:02.303+0000] {processor.py:830} INFO - Processing file /usr/local/python/3.10.13/lib/python3.10/site-packages/airflow/example_dags/example_xcomargs.py for tasks to queue
[2024-07-02T19:48:02.304+0000] {logging_mixin.py:188} INFO - [2024-07-02T19:48:02.304+0000] {dagbag.py:545} INFO - Filling up the DagBag from /usr/local/python/3.10.13/lib/python3.10/site-packages/airflow/example_dags/example_xcomargs.py
[2024-07-02T19:48:02.310+0000] {processor.py:840} INFO - DAG(s) 'example_xcom_args', 'example_xcom_args_with_operators' retrieved from /usr/local/python/3.10.13/lib/python3.10/site-packages/airflow/example_dags/example_xcomargs.py
[2024-07-02T19:48:02.324+0000] {logging_mixin.py:188} INFO - [2024-07-02T19:48:02.324+0000] {dag.py:3096} INFO - Sync 2 DAGs
[2024-07-02T19:48:02.333+0000] {logging_mixin.py:188} INFO - [2024-07-02T19:48:02.332+0000] {dag.py:3954} INFO - Setting next_dagrun for example_xcom_args to None, run_after=None
[2024-07-02T19:48:02.335+0000] {logging_mixin.py:188} INFO - [2024-07-02T19:48:02.335+0000] {dag.py:3954} INFO - Setting next_dagrun for example_xcom_args_with_operators to None, run_after=None
[2024-07-02T19:48:02.373+0000] {processor.py:183} INFO - Processing /usr/local/python/3.10.13/lib/python3.10/site-packages/airflow/example_dags/example_xcomargs.py took 0.075 seconds
[2024-07-02T19:48:44.120+0000] {processor.py:161} INFO - Started process (PID=23341) to work on /usr/local/python/3.10.13/lib/python3.10/site-packages/airflow/example_dags/example_xcomargs.py
[2024-07-02T19:48:44.121+0000] {processor.py:830} INFO - Processing file /usr/local/python/3.10.13/lib/python3.10/site-packages/airflow/example_dags/example_xcomargs.py for tasks to queue
[2024-07-02T19:48:44.122+0000] {logging_mixin.py:188} INFO - [2024-07-02T19:48:44.122+0000] {dagbag.py:545} INFO - Filling up the DagBag from /usr/local/python/3.10.13/lib/python3.10/site-packages/airflow/example_dags/example_xcomargs.py
[2024-07-02T19:48:44.128+0000] {processor.py:840} INFO - DAG(s) 'example_xcom_args_with_operators', 'example_xcom_args' retrieved from /usr/local/python/3.10.13/lib/python3.10/site-packages/airflow/example_dags/example_xcomargs.py
[2024-07-02T19:48:44.143+0000] {logging_mixin.py:188} INFO - [2024-07-02T19:48:44.143+0000] {dag.py:3096} INFO - Sync 2 DAGs
[2024-07-02T19:48:44.153+0000] {logging_mixin.py:188} INFO - [2024-07-02T19:48:44.152+0000] {dag.py:3954} INFO - Setting next_dagrun for example_xcom_args to None, run_after=None
[2024-07-02T19:48:44.155+0000] {logging_mixin.py:188} INFO - [2024-07-02T19:48:44.155+0000] {dag.py:3954} INFO - Setting next_dagrun for example_xcom_args_with_operators to None, run_after=None
[2024-07-02T19:48:44.194+0000] {processor.py:183} INFO - Processing /usr/local/python/3.10.13/lib/python3.10/site-packages/airflow/example_dags/example_xcomargs.py took 0.078 seconds
[2024-07-02T19:49:27.765+0000] {processor.py:161} INFO - Started process (PID=23672) to work on /usr/local/python/3.10.13/lib/python3.10/site-packages/airflow/example_dags/example_xcomargs.py
[2024-07-02T19:49:27.766+0000] {processor.py:830} INFO - Processing file /usr/local/python/3.10.13/lib/python3.10/site-packages/airflow/example_dags/example_xcomargs.py for tasks to queue
[2024-07-02T19:49:27.766+0000] {logging_mixin.py:188} INFO - [2024-07-02T19:49:27.766+0000] {dagbag.py:545} INFO - Filling up the DagBag from /usr/local/python/3.10.13/lib/python3.10/site-packages/airflow/example_dags/example_xcomargs.py
[2024-07-02T19:49:27.773+0000] {processor.py:840} INFO - DAG(s) 'example_xcom_args', 'example_xcom_args_with_operators' retrieved from /usr/local/python/3.10.13/lib/python3.10/site-packages/airflow/example_dags/example_xcomargs.py
[2024-07-02T19:49:27.787+0000] {logging_mixin.py:188} INFO - [2024-07-02T19:49:27.787+0000] {dag.py:3096} INFO - Sync 2 DAGs
[2024-07-02T19:49:27.795+0000] {logging_mixin.py:188} INFO - [2024-07-02T19:49:27.795+0000] {dag.py:3954} INFO - Setting next_dagrun for example_xcom_args to None, run_after=None
[2024-07-02T19:49:27.798+0000] {logging_mixin.py:188} INFO - [2024-07-02T19:49:27.798+0000] {dag.py:3954} INFO - Setting next_dagrun for example_xcom_args_with_operators to None, run_after=None
[2024-07-02T19:49:27.835+0000] {processor.py:183} INFO - Processing /usr/local/python/3.10.13/lib/python3.10/site-packages/airflow/example_dags/example_xcomargs.py took 0.075 seconds
[2024-07-02T19:50:12.957+0000] {processor.py:161} INFO - Started process (PID=24026) to work on /usr/local/python/3.10.13/lib/python3.10/site-packages/airflow/example_dags/example_xcomargs.py
[2024-07-02T19:50:12.958+0000] {processor.py:830} INFO - Processing file /usr/local/python/3.10.13/lib/python3.10/site-packages/airflow/example_dags/example_xcomargs.py for tasks to queue
[2024-07-02T19:50:12.958+0000] {logging_mixin.py:188} INFO - [2024-07-02T19:50:12.958+0000] {dagbag.py:545} INFO - Filling up the DagBag from /usr/local/python/3.10.13/lib/python3.10/site-packages/airflow/example_dags/example_xcomargs.py
[2024-07-02T19:50:12.965+0000] {processor.py:840} INFO - DAG(s) 'example_xcom_args', 'example_xcom_args_with_operators' retrieved from /usr/local/python/3.10.13/lib/python3.10/site-packages/airflow/example_dags/example_xcomargs.py
[2024-07-02T19:50:12.979+0000] {logging_mixin.py:188} INFO - [2024-07-02T19:50:12.978+0000] {dag.py:3096} INFO - Sync 2 DAGs
[2024-07-02T19:50:12.987+0000] {logging_mixin.py:188} INFO - [2024-07-02T19:50:12.987+0000] {dag.py:3954} INFO - Setting next_dagrun for example_xcom_args to None, run_after=None
[2024-07-02T19:50:12.990+0000] {logging_mixin.py:188} INFO - [2024-07-02T19:50:12.989+0000] {dag.py:3954} INFO - Setting next_dagrun for example_xcom_args_with_operators to None, run_after=None
[2024-07-02T19:50:13.031+0000] {processor.py:183} INFO - Processing /usr/local/python/3.10.13/lib/python3.10/site-packages/airflow/example_dags/example_xcomargs.py took 0.078 seconds
[2024-07-02T19:50:56.379+0000] {processor.py:161} INFO - Started process (PID=24351) to work on /usr/local/python/3.10.13/lib/python3.10/site-packages/airflow/example_dags/example_xcomargs.py
[2024-07-02T19:50:56.380+0000] {processor.py:830} INFO - Processing file /usr/local/python/3.10.13/lib/python3.10/site-packages/airflow/example_dags/example_xcomargs.py for tasks to queue
[2024-07-02T19:50:56.380+0000] {logging_mixin.py:188} INFO - [2024-07-02T19:50:56.380+0000] {dagbag.py:545} INFO - Filling up the DagBag from /usr/local/python/3.10.13/lib/python3.10/site-packages/airflow/example_dags/example_xcomargs.py
[2024-07-02T19:50:56.387+0000] {processor.py:840} INFO - DAG(s) 'example_xcom_args_with_operators', 'example_xcom_args' retrieved from /usr/local/python/3.10.13/lib/python3.10/site-packages/airflow/example_dags/example_xcomargs.py
[2024-07-02T19:50:56.400+0000] {logging_mixin.py:188} INFO - [2024-07-02T19:50:56.400+0000] {dag.py:3096} INFO - Sync 2 DAGs
[2024-07-02T19:50:56.409+0000] {logging_mixin.py:188} INFO - [2024-07-02T19:50:56.409+0000] {dag.py:3954} INFO - Setting next_dagrun for example_xcom_args to None, run_after=None
[2024-07-02T19:50:56.412+0000] {logging_mixin.py:188} INFO - [2024-07-02T19:50:56.411+0000] {dag.py:3954} INFO - Setting next_dagrun for example_xcom_args_with_operators to None, run_after=None
[2024-07-02T19:50:56.450+0000] {processor.py:183} INFO - Processing /usr/local/python/3.10.13/lib/python3.10/site-packages/airflow/example_dags/example_xcomargs.py took 0.076 seconds
[2024-07-02T19:51:42.318+0000] {processor.py:161} INFO - Started process (PID=24710) to work on /usr/local/python/3.10.13/lib/python3.10/site-packages/airflow/example_dags/example_xcomargs.py
[2024-07-02T19:51:42.319+0000] {processor.py:830} INFO - Processing file /usr/local/python/3.10.13/lib/python3.10/site-packages/airflow/example_dags/example_xcomargs.py for tasks to queue
[2024-07-02T19:51:42.320+0000] {logging_mixin.py:188} INFO - [2024-07-02T19:51:42.320+0000] {dagbag.py:545} INFO - Filling up the DagBag from /usr/local/python/3.10.13/lib/python3.10/site-packages/airflow/example_dags/example_xcomargs.py
[2024-07-02T19:51:42.326+0000] {processor.py:840} INFO - DAG(s) 'example_xcom_args_with_operators', 'example_xcom_args' retrieved from /usr/local/python/3.10.13/lib/python3.10/site-packages/airflow/example_dags/example_xcomargs.py
[2024-07-02T19:51:42.340+0000] {logging_mixin.py:188} INFO - [2024-07-02T19:51:42.340+0000] {dag.py:3096} INFO - Sync 2 DAGs
[2024-07-02T19:51:42.348+0000] {logging_mixin.py:188} INFO - [2024-07-02T19:51:42.348+0000] {dag.py:3954} INFO - Setting next_dagrun for example_xcom_args to None, run_after=None
[2024-07-02T19:51:42.351+0000] {logging_mixin.py:188} INFO - [2024-07-02T19:51:42.351+0000] {dag.py:3954} INFO - Setting next_dagrun for example_xcom_args_with_operators to None, run_after=None
[2024-07-02T19:51:42.389+0000] {processor.py:183} INFO - Processing /usr/local/python/3.10.13/lib/python3.10/site-packages/airflow/example_dags/example_xcomargs.py took 0.075 seconds
[2024-07-02T19:52:26.307+0000] {processor.py:161} INFO - Started process (PID=25036) to work on /usr/local/python/3.10.13/lib/python3.10/site-packages/airflow/example_dags/example_xcomargs.py
[2024-07-02T19:52:26.308+0000] {processor.py:830} INFO - Processing file /usr/local/python/3.10.13/lib/python3.10/site-packages/airflow/example_dags/example_xcomargs.py for tasks to queue
[2024-07-02T19:52:26.309+0000] {logging_mixin.py:188} INFO - [2024-07-02T19:52:26.309+0000] {dagbag.py:545} INFO - Filling up the DagBag from /usr/local/python/3.10.13/lib/python3.10/site-packages/airflow/example_dags/example_xcomargs.py
[2024-07-02T19:52:26.315+0000] {processor.py:840} INFO - DAG(s) 'example_xcom_args_with_operators', 'example_xcom_args' retrieved from /usr/local/python/3.10.13/lib/python3.10/site-packages/airflow/example_dags/example_xcomargs.py
[2024-07-02T19:52:26.329+0000] {logging_mixin.py:188} INFO - [2024-07-02T19:52:26.329+0000] {dag.py:3096} INFO - Sync 2 DAGs
[2024-07-02T19:52:26.338+0000] {logging_mixin.py:188} INFO - [2024-07-02T19:52:26.338+0000] {dag.py:3954} INFO - Setting next_dagrun for example_xcom_args to None, run_after=None
[2024-07-02T19:52:26.341+0000] {logging_mixin.py:188} INFO - [2024-07-02T19:52:26.341+0000] {dag.py:3954} INFO - Setting next_dagrun for example_xcom_args_with_operators to None, run_after=None
[2024-07-02T19:52:26.378+0000] {processor.py:183} INFO - Processing /usr/local/python/3.10.13/lib/python3.10/site-packages/airflow/example_dags/example_xcomargs.py took 0.075 seconds
[2024-07-02T19:53:11.127+0000] {processor.py:161} INFO - Started process (PID=25362) to work on /usr/local/python/3.10.13/lib/python3.10/site-packages/airflow/example_dags/example_xcomargs.py
[2024-07-02T19:53:11.128+0000] {processor.py:830} INFO - Processing file /usr/local/python/3.10.13/lib/python3.10/site-packages/airflow/example_dags/example_xcomargs.py for tasks to queue
[2024-07-02T19:53:11.129+0000] {logging_mixin.py:188} INFO - [2024-07-02T19:53:11.129+0000] {dagbag.py:545} INFO - Filling up the DagBag from /usr/local/python/3.10.13/lib/python3.10/site-packages/airflow/example_dags/example_xcomargs.py
[2024-07-02T19:53:11.135+0000] {processor.py:840} INFO - DAG(s) 'example_xcom_args', 'example_xcom_args_with_operators' retrieved from /usr/local/python/3.10.13/lib/python3.10/site-packages/airflow/example_dags/example_xcomargs.py
[2024-07-02T19:53:11.148+0000] {logging_mixin.py:188} INFO - [2024-07-02T19:53:11.148+0000] {dag.py:3096} INFO - Sync 2 DAGs
[2024-07-02T19:53:11.157+0000] {logging_mixin.py:188} INFO - [2024-07-02T19:53:11.157+0000] {dag.py:3954} INFO - Setting next_dagrun for example_xcom_args to None, run_after=None
[2024-07-02T19:53:11.160+0000] {logging_mixin.py:188} INFO - [2024-07-02T19:53:11.160+0000] {dag.py:3954} INFO - Setting next_dagrun for example_xcom_args_with_operators to None, run_after=None
[2024-07-02T19:53:11.199+0000] {processor.py:183} INFO - Processing /usr/local/python/3.10.13/lib/python3.10/site-packages/airflow/example_dags/example_xcomargs.py took 0.076 seconds
[2024-07-02T19:53:55.715+0000] {processor.py:161} INFO - Started process (PID=25714) to work on /usr/local/python/3.10.13/lib/python3.10/site-packages/airflow/example_dags/example_xcomargs.py
[2024-07-02T19:53:55.716+0000] {processor.py:830} INFO - Processing file /usr/local/python/3.10.13/lib/python3.10/site-packages/airflow/example_dags/example_xcomargs.py for tasks to queue
[2024-07-02T19:53:55.716+0000] {logging_mixin.py:188} INFO - [2024-07-02T19:53:55.716+0000] {dagbag.py:545} INFO - Filling up the DagBag from /usr/local/python/3.10.13/lib/python3.10/site-packages/airflow/example_dags/example_xcomargs.py
[2024-07-02T19:53:55.723+0000] {processor.py:840} INFO - DAG(s) 'example_xcom_args', 'example_xcom_args_with_operators' retrieved from /usr/local/python/3.10.13/lib/python3.10/site-packages/airflow/example_dags/example_xcomargs.py
[2024-07-02T19:53:55.736+0000] {logging_mixin.py:188} INFO - [2024-07-02T19:53:55.736+0000] {dag.py:3096} INFO - Sync 2 DAGs
[2024-07-02T19:53:55.745+0000] {logging_mixin.py:188} INFO - [2024-07-02T19:53:55.745+0000] {dag.py:3954} INFO - Setting next_dagrun for example_xcom_args to None, run_after=None
[2024-07-02T19:53:55.747+0000] {logging_mixin.py:188} INFO - [2024-07-02T19:53:55.747+0000] {dag.py:3954} INFO - Setting next_dagrun for example_xcom_args_with_operators to None, run_after=None
[2024-07-02T19:53:55.786+0000] {processor.py:183} INFO - Processing /usr/local/python/3.10.13/lib/python3.10/site-packages/airflow/example_dags/example_xcomargs.py took 0.076 seconds
[2024-07-02T19:54:40.346+0000] {processor.py:161} INFO - Started process (PID=26046) to work on /usr/local/python/3.10.13/lib/python3.10/site-packages/airflow/example_dags/example_xcomargs.py
[2024-07-02T19:54:40.347+0000] {processor.py:830} INFO - Processing file /usr/local/python/3.10.13/lib/python3.10/site-packages/airflow/example_dags/example_xcomargs.py for tasks to queue
[2024-07-02T19:54:40.348+0000] {logging_mixin.py:188} INFO - [2024-07-02T19:54:40.347+0000] {dagbag.py:545} INFO - Filling up the DagBag from /usr/local/python/3.10.13/lib/python3.10/site-packages/airflow/example_dags/example_xcomargs.py
[2024-07-02T19:54:40.354+0000] {processor.py:840} INFO - DAG(s) 'example_xcom_args', 'example_xcom_args_with_operators' retrieved from /usr/local/python/3.10.13/lib/python3.10/site-packages/airflow/example_dags/example_xcomargs.py
[2024-07-02T19:54:40.368+0000] {logging_mixin.py:188} INFO - [2024-07-02T19:54:40.368+0000] {dag.py:3096} INFO - Sync 2 DAGs
[2024-07-02T19:54:40.377+0000] {logging_mixin.py:188} INFO - [2024-07-02T19:54:40.377+0000] {dag.py:3954} INFO - Setting next_dagrun for example_xcom_args to None, run_after=None
[2024-07-02T19:54:40.379+0000] {logging_mixin.py:188} INFO - [2024-07-02T19:54:40.379+0000] {dag.py:3954} INFO - Setting next_dagrun for example_xcom_args_with_operators to None, run_after=None
[2024-07-02T19:54:40.417+0000] {processor.py:183} INFO - Processing /usr/local/python/3.10.13/lib/python3.10/site-packages/airflow/example_dags/example_xcomargs.py took 0.076 seconds
[2024-07-02T19:55:22.114+0000] {processor.py:161} INFO - Started process (PID=26372) to work on /usr/local/python/3.10.13/lib/python3.10/site-packages/airflow/example_dags/example_xcomargs.py
[2024-07-02T19:55:22.114+0000] {processor.py:830} INFO - Processing file /usr/local/python/3.10.13/lib/python3.10/site-packages/airflow/example_dags/example_xcomargs.py for tasks to queue
[2024-07-02T19:55:22.115+0000] {logging_mixin.py:188} INFO - [2024-07-02T19:55:22.115+0000] {dagbag.py:545} INFO - Filling up the DagBag from /usr/local/python/3.10.13/lib/python3.10/site-packages/airflow/example_dags/example_xcomargs.py
[2024-07-02T19:55:22.121+0000] {processor.py:840} INFO - DAG(s) 'example_xcom_args', 'example_xcom_args_with_operators' retrieved from /usr/local/python/3.10.13/lib/python3.10/site-packages/airflow/example_dags/example_xcomargs.py
[2024-07-02T19:55:22.135+0000] {logging_mixin.py:188} INFO - [2024-07-02T19:55:22.135+0000] {dag.py:3096} INFO - Sync 2 DAGs
[2024-07-02T19:55:22.144+0000] {logging_mixin.py:188} INFO - [2024-07-02T19:55:22.144+0000] {dag.py:3954} INFO - Setting next_dagrun for example_xcom_args to None, run_after=None
[2024-07-02T19:55:22.146+0000] {logging_mixin.py:188} INFO - [2024-07-02T19:55:22.146+0000] {dag.py:3954} INFO - Setting next_dagrun for example_xcom_args_with_operators to None, run_after=None
[2024-07-02T19:55:22.183+0000] {processor.py:183} INFO - Processing /usr/local/python/3.10.13/lib/python3.10/site-packages/airflow/example_dags/example_xcomargs.py took 0.074 seconds
[2024-07-02T19:56:08.753+0000] {processor.py:161} INFO - Started process (PID=26796) to work on /usr/local/python/3.10.13/lib/python3.10/site-packages/airflow/example_dags/example_xcomargs.py
[2024-07-02T19:56:08.754+0000] {processor.py:830} INFO - Processing file /usr/local/python/3.10.13/lib/python3.10/site-packages/airflow/example_dags/example_xcomargs.py for tasks to queue
[2024-07-02T19:56:08.755+0000] {logging_mixin.py:188} INFO - [2024-07-02T19:56:08.754+0000] {dagbag.py:545} INFO - Filling up the DagBag from /usr/local/python/3.10.13/lib/python3.10/site-packages/airflow/example_dags/example_xcomargs.py
[2024-07-02T19:56:08.761+0000] {processor.py:840} INFO - DAG(s) 'example_xcom_args', 'example_xcom_args_with_operators' retrieved from /usr/local/python/3.10.13/lib/python3.10/site-packages/airflow/example_dags/example_xcomargs.py
[2024-07-02T19:56:08.775+0000] {logging_mixin.py:188} INFO - [2024-07-02T19:56:08.774+0000] {dag.py:3096} INFO - Sync 2 DAGs
[2024-07-02T19:56:08.783+0000] {logging_mixin.py:188} INFO - [2024-07-02T19:56:08.783+0000] {dag.py:3954} INFO - Setting next_dagrun for example_xcom_args to None, run_after=None
[2024-07-02T19:56:08.786+0000] {logging_mixin.py:188} INFO - [2024-07-02T19:56:08.786+0000] {dag.py:3954} INFO - Setting next_dagrun for example_xcom_args_with_operators to None, run_after=None
[2024-07-02T19:56:08.824+0000] {processor.py:183} INFO - Processing /usr/local/python/3.10.13/lib/python3.10/site-packages/airflow/example_dags/example_xcomargs.py took 0.075 seconds
[2024-07-02T19:57:00.953+0000] {processor.py:161} INFO - Started process (PID=27251) to work on /usr/local/python/3.10.13/lib/python3.10/site-packages/airflow/example_dags/example_xcomargs.py
[2024-07-02T19:57:00.954+0000] {processor.py:830} INFO - Processing file /usr/local/python/3.10.13/lib/python3.10/site-packages/airflow/example_dags/example_xcomargs.py for tasks to queue
[2024-07-02T19:57:00.954+0000] {logging_mixin.py:188} INFO - [2024-07-02T19:57:00.954+0000] {dagbag.py:545} INFO - Filling up the DagBag from /usr/local/python/3.10.13/lib/python3.10/site-packages/airflow/example_dags/example_xcomargs.py
[2024-07-02T19:57:00.961+0000] {processor.py:840} INFO - DAG(s) 'example_xcom_args_with_operators', 'example_xcom_args' retrieved from /usr/local/python/3.10.13/lib/python3.10/site-packages/airflow/example_dags/example_xcomargs.py
[2024-07-02T19:57:00.974+0000] {logging_mixin.py:188} INFO - [2024-07-02T19:57:00.974+0000] {dag.py:3096} INFO - Sync 2 DAGs
[2024-07-02T19:57:00.983+0000] {logging_mixin.py:188} INFO - [2024-07-02T19:57:00.983+0000] {dag.py:3954} INFO - Setting next_dagrun for example_xcom_args to None, run_after=None
[2024-07-02T19:57:00.985+0000] {logging_mixin.py:188} INFO - [2024-07-02T19:57:00.985+0000] {dag.py:3954} INFO - Setting next_dagrun for example_xcom_args_with_operators to None, run_after=None
[2024-07-02T19:57:01.025+0000] {processor.py:183} INFO - Processing /usr/local/python/3.10.13/lib/python3.10/site-packages/airflow/example_dags/example_xcomargs.py took 0.077 seconds
