[2024-07-02T19:10:33.224+0000] {processor.py:161} INFO - Started process (PID=5672) to work on /usr/local/python/3.10.13/lib/python3.10/site-packages/airflow/example_dags/example_params_trigger_ui.py
[2024-07-02T19:10:33.224+0000] {processor.py:830} INFO - Processing file /usr/local/python/3.10.13/lib/python3.10/site-packages/airflow/example_dags/example_params_trigger_ui.py for tasks to queue
[2024-07-02T19:10:33.225+0000] {logging_mixin.py:188} INFO - [2024-07-02T19:10:33.225+0000] {dagbag.py:545} INFO - Filling up the DagBag from /usr/local/python/3.10.13/lib/python3.10/site-packages/airflow/example_dags/example_params_trigger_ui.py
[2024-07-02T19:10:33.237+0000] {processor.py:840} INFO - DAG(s) 'example_params_trigger_ui' retrieved from /usr/local/python/3.10.13/lib/python3.10/site-packages/airflow/example_dags/example_params_trigger_ui.py
[2024-07-02T19:10:33.500+0000] {logging_mixin.py:188} INFO - [2024-07-02T19:10:33.500+0000] {override.py:1829} INFO - Created Permission View: can edit on DAG:example_params_trigger_ui
[2024-07-02T19:10:33.533+0000] {logging_mixin.py:188} INFO - [2024-07-02T19:10:33.533+0000] {override.py:1829} INFO - Created Permission View: can read on DAG:example_params_trigger_ui
[2024-07-02T19:10:33.562+0000] {logging_mixin.py:188} INFO - [2024-07-02T19:10:33.562+0000] {override.py:1829} INFO - Created Permission View: can delete on DAG:example_params_trigger_ui
[2024-07-02T19:10:33.563+0000] {logging_mixin.py:188} INFO - [2024-07-02T19:10:33.562+0000] {dag.py:3096} INFO - Sync 1 DAGs
[2024-07-02T19:10:33.570+0000] {logging_mixin.py:188} INFO - [2024-07-02T19:10:33.570+0000] {dag.py:3118} INFO - Creating ORM DAG for example_params_trigger_ui
[2024-07-02T19:10:33.570+0000] {logging_mixin.py:188} INFO - [2024-07-02T19:10:33.570+0000] {dag.py:3954} INFO - Setting next_dagrun for example_params_trigger_ui to None, run_after=None
[2024-07-02T19:10:33.613+0000] {processor.py:183} INFO - Processing /usr/local/python/3.10.13/lib/python3.10/site-packages/airflow/example_dags/example_params_trigger_ui.py took 0.394 seconds
[2024-07-02T19:11:34.162+0000] {processor.py:161} INFO - Started process (PID=6121) to work on /usr/local/python/3.10.13/lib/python3.10/site-packages/airflow/example_dags/example_params_trigger_ui.py
[2024-07-02T19:11:34.162+0000] {processor.py:830} INFO - Processing file /usr/local/python/3.10.13/lib/python3.10/site-packages/airflow/example_dags/example_params_trigger_ui.py for tasks to queue
[2024-07-02T19:11:34.164+0000] {logging_mixin.py:188} INFO - [2024-07-02T19:11:34.163+0000] {dagbag.py:545} INFO - Filling up the DagBag from /usr/local/python/3.10.13/lib/python3.10/site-packages/airflow/example_dags/example_params_trigger_ui.py
[2024-07-02T19:11:34.175+0000] {processor.py:840} INFO - DAG(s) 'example_params_trigger_ui' retrieved from /usr/local/python/3.10.13/lib/python3.10/site-packages/airflow/example_dags/example_params_trigger_ui.py
[2024-07-02T19:11:34.236+0000] {logging_mixin.py:188} INFO - [2024-07-02T19:11:34.235+0000] {dag.py:3096} INFO - Sync 1 DAGs
[2024-07-02T19:11:34.245+0000] {logging_mixin.py:188} INFO - [2024-07-02T19:11:34.245+0000] {dag.py:3954} INFO - Setting next_dagrun for example_params_trigger_ui to None, run_after=None
[2024-07-02T19:11:34.285+0000] {processor.py:183} INFO - Processing /usr/local/python/3.10.13/lib/python3.10/site-packages/airflow/example_dags/example_params_trigger_ui.py took 0.128 seconds
[2024-07-02T19:12:24.476+0000] {processor.py:161} INFO - Started process (PID=6516) to work on /usr/local/python/3.10.13/lib/python3.10/site-packages/airflow/example_dags/example_params_trigger_ui.py
[2024-07-02T19:12:24.477+0000] {processor.py:830} INFO - Processing file /usr/local/python/3.10.13/lib/python3.10/site-packages/airflow/example_dags/example_params_trigger_ui.py for tasks to queue
[2024-07-02T19:12:24.478+0000] {logging_mixin.py:188} INFO - [2024-07-02T19:12:24.477+0000] {dagbag.py:545} INFO - Filling up the DagBag from /usr/local/python/3.10.13/lib/python3.10/site-packages/airflow/example_dags/example_params_trigger_ui.py
[2024-07-02T19:12:24.488+0000] {processor.py:840} INFO - DAG(s) 'example_params_trigger_ui' retrieved from /usr/local/python/3.10.13/lib/python3.10/site-packages/airflow/example_dags/example_params_trigger_ui.py
[2024-07-02T19:12:24.524+0000] {logging_mixin.py:188} INFO - [2024-07-02T19:12:24.524+0000] {dag.py:3096} INFO - Sync 1 DAGs
[2024-07-02T19:12:24.533+0000] {logging_mixin.py:188} INFO - [2024-07-02T19:12:24.533+0000] {dag.py:3954} INFO - Setting next_dagrun for example_params_trigger_ui to None, run_after=None
[2024-07-02T19:12:24.572+0000] {processor.py:183} INFO - Processing /usr/local/python/3.10.13/lib/python3.10/site-packages/airflow/example_dags/example_params_trigger_ui.py took 0.100 seconds
[2024-07-02T19:13:13.511+0000] {processor.py:161} INFO - Started process (PID=6874) to work on /usr/local/python/3.10.13/lib/python3.10/site-packages/airflow/example_dags/example_params_trigger_ui.py
[2024-07-02T19:13:13.512+0000] {processor.py:830} INFO - Processing file /usr/local/python/3.10.13/lib/python3.10/site-packages/airflow/example_dags/example_params_trigger_ui.py for tasks to queue
[2024-07-02T19:13:13.513+0000] {logging_mixin.py:188} INFO - [2024-07-02T19:13:13.513+0000] {dagbag.py:545} INFO - Filling up the DagBag from /usr/local/python/3.10.13/lib/python3.10/site-packages/airflow/example_dags/example_params_trigger_ui.py
[2024-07-02T19:13:13.524+0000] {processor.py:840} INFO - DAG(s) 'example_params_trigger_ui' retrieved from /usr/local/python/3.10.13/lib/python3.10/site-packages/airflow/example_dags/example_params_trigger_ui.py
[2024-07-02T19:13:13.560+0000] {logging_mixin.py:188} INFO - [2024-07-02T19:13:13.560+0000] {dag.py:3096} INFO - Sync 1 DAGs
[2024-07-02T19:13:13.569+0000] {logging_mixin.py:188} INFO - [2024-07-02T19:13:13.568+0000] {dag.py:3954} INFO - Setting next_dagrun for example_params_trigger_ui to None, run_after=None
[2024-07-02T19:13:13.608+0000] {processor.py:183} INFO - Processing /usr/local/python/3.10.13/lib/python3.10/site-packages/airflow/example_dags/example_params_trigger_ui.py took 0.101 seconds
[2024-07-02T19:13:55.287+0000] {processor.py:161} INFO - Started process (PID=7208) to work on /usr/local/python/3.10.13/lib/python3.10/site-packages/airflow/example_dags/example_params_trigger_ui.py
[2024-07-02T19:13:55.288+0000] {processor.py:830} INFO - Processing file /usr/local/python/3.10.13/lib/python3.10/site-packages/airflow/example_dags/example_params_trigger_ui.py for tasks to queue
[2024-07-02T19:13:55.289+0000] {logging_mixin.py:188} INFO - [2024-07-02T19:13:55.289+0000] {dagbag.py:545} INFO - Filling up the DagBag from /usr/local/python/3.10.13/lib/python3.10/site-packages/airflow/example_dags/example_params_trigger_ui.py
[2024-07-02T19:13:55.300+0000] {processor.py:840} INFO - DAG(s) 'example_params_trigger_ui' retrieved from /usr/local/python/3.10.13/lib/python3.10/site-packages/airflow/example_dags/example_params_trigger_ui.py
[2024-07-02T19:13:55.337+0000] {logging_mixin.py:188} INFO - [2024-07-02T19:13:55.336+0000] {dag.py:3096} INFO - Sync 1 DAGs
[2024-07-02T19:13:55.345+0000] {logging_mixin.py:188} INFO - [2024-07-02T19:13:55.345+0000] {dag.py:3954} INFO - Setting next_dagrun for example_params_trigger_ui to None, run_after=None
[2024-07-02T19:13:55.386+0000] {processor.py:183} INFO - Processing /usr/local/python/3.10.13/lib/python3.10/site-packages/airflow/example_dags/example_params_trigger_ui.py took 0.103 seconds
[2024-07-02T19:14:36.411+0000] {processor.py:161} INFO - Started process (PID=7512) to work on /usr/local/python/3.10.13/lib/python3.10/site-packages/airflow/example_dags/example_params_trigger_ui.py
[2024-07-02T19:14:36.412+0000] {processor.py:830} INFO - Processing file /usr/local/python/3.10.13/lib/python3.10/site-packages/airflow/example_dags/example_params_trigger_ui.py for tasks to queue
[2024-07-02T19:14:36.413+0000] {logging_mixin.py:188} INFO - [2024-07-02T19:14:36.413+0000] {dagbag.py:545} INFO - Filling up the DagBag from /usr/local/python/3.10.13/lib/python3.10/site-packages/airflow/example_dags/example_params_trigger_ui.py
[2024-07-02T19:14:36.424+0000] {processor.py:840} INFO - DAG(s) 'example_params_trigger_ui' retrieved from /usr/local/python/3.10.13/lib/python3.10/site-packages/airflow/example_dags/example_params_trigger_ui.py
[2024-07-02T19:14:36.460+0000] {logging_mixin.py:188} INFO - [2024-07-02T19:14:36.460+0000] {dag.py:3096} INFO - Sync 1 DAGs
[2024-07-02T19:14:36.469+0000] {logging_mixin.py:188} INFO - [2024-07-02T19:14:36.469+0000] {dag.py:3954} INFO - Setting next_dagrun for example_params_trigger_ui to None, run_after=None
[2024-07-02T19:14:36.508+0000] {processor.py:183} INFO - Processing /usr/local/python/3.10.13/lib/python3.10/site-packages/airflow/example_dags/example_params_trigger_ui.py took 0.102 seconds
[2024-07-02T19:15:20.115+0000] {processor.py:161} INFO - Started process (PID=7844) to work on /usr/local/python/3.10.13/lib/python3.10/site-packages/airflow/example_dags/example_params_trigger_ui.py
[2024-07-02T19:15:20.116+0000] {processor.py:830} INFO - Processing file /usr/local/python/3.10.13/lib/python3.10/site-packages/airflow/example_dags/example_params_trigger_ui.py for tasks to queue
[2024-07-02T19:15:20.116+0000] {logging_mixin.py:188} INFO - [2024-07-02T19:15:20.116+0000] {dagbag.py:545} INFO - Filling up the DagBag from /usr/local/python/3.10.13/lib/python3.10/site-packages/airflow/example_dags/example_params_trigger_ui.py
[2024-07-02T19:15:20.127+0000] {processor.py:840} INFO - DAG(s) 'example_params_trigger_ui' retrieved from /usr/local/python/3.10.13/lib/python3.10/site-packages/airflow/example_dags/example_params_trigger_ui.py
[2024-07-02T19:15:20.163+0000] {logging_mixin.py:188} INFO - [2024-07-02T19:15:20.163+0000] {dag.py:3096} INFO - Sync 1 DAGs
[2024-07-02T19:15:20.171+0000] {logging_mixin.py:188} INFO - [2024-07-02T19:15:20.171+0000] {dag.py:3954} INFO - Setting next_dagrun for example_params_trigger_ui to None, run_after=None
[2024-07-02T19:15:20.212+0000] {processor.py:183} INFO - Processing /usr/local/python/3.10.13/lib/python3.10/site-packages/airflow/example_dags/example_params_trigger_ui.py took 0.101 seconds
[2024-07-02T19:16:01.983+0000] {processor.py:161} INFO - Started process (PID=8159) to work on /usr/local/python/3.10.13/lib/python3.10/site-packages/airflow/example_dags/example_params_trigger_ui.py
[2024-07-02T19:16:01.984+0000] {processor.py:830} INFO - Processing file /usr/local/python/3.10.13/lib/python3.10/site-packages/airflow/example_dags/example_params_trigger_ui.py for tasks to queue
[2024-07-02T19:16:01.984+0000] {logging_mixin.py:188} INFO - [2024-07-02T19:16:01.984+0000] {dagbag.py:545} INFO - Filling up the DagBag from /usr/local/python/3.10.13/lib/python3.10/site-packages/airflow/example_dags/example_params_trigger_ui.py
[2024-07-02T19:16:01.996+0000] {processor.py:840} INFO - DAG(s) 'example_params_trigger_ui' retrieved from /usr/local/python/3.10.13/lib/python3.10/site-packages/airflow/example_dags/example_params_trigger_ui.py
[2024-07-02T19:16:02.033+0000] {logging_mixin.py:188} INFO - [2024-07-02T19:16:02.032+0000] {dag.py:3096} INFO - Sync 1 DAGs
[2024-07-02T19:16:02.041+0000] {logging_mixin.py:188} INFO - [2024-07-02T19:16:02.041+0000] {dag.py:3954} INFO - Setting next_dagrun for example_params_trigger_ui to None, run_after=None
[2024-07-02T19:16:02.081+0000] {processor.py:183} INFO - Processing /usr/local/python/3.10.13/lib/python3.10/site-packages/airflow/example_dags/example_params_trigger_ui.py took 0.103 seconds
[2024-07-02T19:16:46.702+0000] {processor.py:161} INFO - Started process (PID=8491) to work on /usr/local/python/3.10.13/lib/python3.10/site-packages/airflow/example_dags/example_params_trigger_ui.py
[2024-07-02T19:16:46.703+0000] {processor.py:830} INFO - Processing file /usr/local/python/3.10.13/lib/python3.10/site-packages/airflow/example_dags/example_params_trigger_ui.py for tasks to queue
[2024-07-02T19:16:46.703+0000] {logging_mixin.py:188} INFO - [2024-07-02T19:16:46.703+0000] {dagbag.py:545} INFO - Filling up the DagBag from /usr/local/python/3.10.13/lib/python3.10/site-packages/airflow/example_dags/example_params_trigger_ui.py
[2024-07-02T19:16:46.715+0000] {processor.py:840} INFO - DAG(s) 'example_params_trigger_ui' retrieved from /usr/local/python/3.10.13/lib/python3.10/site-packages/airflow/example_dags/example_params_trigger_ui.py
[2024-07-02T19:16:46.753+0000] {logging_mixin.py:188} INFO - [2024-07-02T19:16:46.753+0000] {dag.py:3096} INFO - Sync 1 DAGs
[2024-07-02T19:16:46.761+0000] {logging_mixin.py:188} INFO - [2024-07-02T19:16:46.761+0000] {dag.py:3954} INFO - Setting next_dagrun for example_params_trigger_ui to None, run_after=None
[2024-07-02T19:16:46.801+0000] {processor.py:183} INFO - Processing /usr/local/python/3.10.13/lib/python3.10/site-packages/airflow/example_dags/example_params_trigger_ui.py took 0.103 seconds
[2024-07-02T19:17:35.061+0000] {processor.py:161} INFO - Started process (PID=8862) to work on /usr/local/python/3.10.13/lib/python3.10/site-packages/airflow/example_dags/example_params_trigger_ui.py
[2024-07-02T19:17:35.062+0000] {processor.py:830} INFO - Processing file /usr/local/python/3.10.13/lib/python3.10/site-packages/airflow/example_dags/example_params_trigger_ui.py for tasks to queue
[2024-07-02T19:17:35.062+0000] {logging_mixin.py:188} INFO - [2024-07-02T19:17:35.062+0000] {dagbag.py:545} INFO - Filling up the DagBag from /usr/local/python/3.10.13/lib/python3.10/site-packages/airflow/example_dags/example_params_trigger_ui.py
[2024-07-02T19:17:35.073+0000] {processor.py:840} INFO - DAG(s) 'example_params_trigger_ui' retrieved from /usr/local/python/3.10.13/lib/python3.10/site-packages/airflow/example_dags/example_params_trigger_ui.py
[2024-07-02T19:17:35.109+0000] {logging_mixin.py:188} INFO - [2024-07-02T19:17:35.109+0000] {dag.py:3096} INFO - Sync 1 DAGs
[2024-07-02T19:17:35.117+0000] {logging_mixin.py:188} INFO - [2024-07-02T19:17:35.117+0000] {dag.py:3954} INFO - Setting next_dagrun for example_params_trigger_ui to None, run_after=None
[2024-07-02T19:17:35.158+0000] {processor.py:183} INFO - Processing /usr/local/python/3.10.13/lib/python3.10/site-packages/airflow/example_dags/example_params_trigger_ui.py took 0.101 seconds
[2024-07-02T19:18:17.276+0000] {processor.py:161} INFO - Started process (PID=9185) to work on /usr/local/python/3.10.13/lib/python3.10/site-packages/airflow/example_dags/example_params_trigger_ui.py
[2024-07-02T19:18:17.277+0000] {processor.py:830} INFO - Processing file /usr/local/python/3.10.13/lib/python3.10/site-packages/airflow/example_dags/example_params_trigger_ui.py for tasks to queue
[2024-07-02T19:18:17.277+0000] {logging_mixin.py:188} INFO - [2024-07-02T19:18:17.277+0000] {dagbag.py:545} INFO - Filling up the DagBag from /usr/local/python/3.10.13/lib/python3.10/site-packages/airflow/example_dags/example_params_trigger_ui.py
[2024-07-02T19:18:17.288+0000] {processor.py:840} INFO - DAG(s) 'example_params_trigger_ui' retrieved from /usr/local/python/3.10.13/lib/python3.10/site-packages/airflow/example_dags/example_params_trigger_ui.py
[2024-07-02T19:18:17.324+0000] {logging_mixin.py:188} INFO - [2024-07-02T19:18:17.324+0000] {dag.py:3096} INFO - Sync 1 DAGs
[2024-07-02T19:18:17.332+0000] {logging_mixin.py:188} INFO - [2024-07-02T19:18:17.332+0000] {dag.py:3954} INFO - Setting next_dagrun for example_params_trigger_ui to None, run_after=None
[2024-07-02T19:18:17.375+0000] {processor.py:183} INFO - Processing /usr/local/python/3.10.13/lib/python3.10/site-packages/airflow/example_dags/example_params_trigger_ui.py took 0.104 seconds
[2024-07-02T19:18:59.810+0000] {processor.py:161} INFO - Started process (PID=9523) to work on /usr/local/python/3.10.13/lib/python3.10/site-packages/airflow/example_dags/example_params_trigger_ui.py
[2024-07-02T19:18:59.810+0000] {processor.py:830} INFO - Processing file /usr/local/python/3.10.13/lib/python3.10/site-packages/airflow/example_dags/example_params_trigger_ui.py for tasks to queue
[2024-07-02T19:18:59.811+0000] {logging_mixin.py:188} INFO - [2024-07-02T19:18:59.811+0000] {dagbag.py:545} INFO - Filling up the DagBag from /usr/local/python/3.10.13/lib/python3.10/site-packages/airflow/example_dags/example_params_trigger_ui.py
[2024-07-02T19:18:59.822+0000] {processor.py:840} INFO - DAG(s) 'example_params_trigger_ui' retrieved from /usr/local/python/3.10.13/lib/python3.10/site-packages/airflow/example_dags/example_params_trigger_ui.py
[2024-07-02T19:18:59.859+0000] {logging_mixin.py:188} INFO - [2024-07-02T19:18:59.858+0000] {dag.py:3096} INFO - Sync 1 DAGs
[2024-07-02T19:18:59.867+0000] {logging_mixin.py:188} INFO - [2024-07-02T19:18:59.867+0000] {dag.py:3954} INFO - Setting next_dagrun for example_params_trigger_ui to None, run_after=None
[2024-07-02T19:18:59.918+0000] {processor.py:183} INFO - Processing /usr/local/python/3.10.13/lib/python3.10/site-packages/airflow/example_dags/example_params_trigger_ui.py took 0.113 seconds
[2024-07-02T19:19:43.875+0000] {processor.py:161} INFO - Started process (PID=9842) to work on /usr/local/python/3.10.13/lib/python3.10/site-packages/airflow/example_dags/example_params_trigger_ui.py
[2024-07-02T19:19:43.876+0000] {processor.py:830} INFO - Processing file /usr/local/python/3.10.13/lib/python3.10/site-packages/airflow/example_dags/example_params_trigger_ui.py for tasks to queue
[2024-07-02T19:19:43.877+0000] {logging_mixin.py:188} INFO - [2024-07-02T19:19:43.876+0000] {dagbag.py:545} INFO - Filling up the DagBag from /usr/local/python/3.10.13/lib/python3.10/site-packages/airflow/example_dags/example_params_trigger_ui.py
[2024-07-02T19:19:43.888+0000] {processor.py:840} INFO - DAG(s) 'example_params_trigger_ui' retrieved from /usr/local/python/3.10.13/lib/python3.10/site-packages/airflow/example_dags/example_params_trigger_ui.py
[2024-07-02T19:19:43.923+0000] {logging_mixin.py:188} INFO - [2024-07-02T19:19:43.923+0000] {dag.py:3096} INFO - Sync 1 DAGs
[2024-07-02T19:19:43.932+0000] {logging_mixin.py:188} INFO - [2024-07-02T19:19:43.932+0000] {dag.py:3954} INFO - Setting next_dagrun for example_params_trigger_ui to None, run_after=None
[2024-07-02T19:19:43.973+0000] {processor.py:183} INFO - Processing /usr/local/python/3.10.13/lib/python3.10/site-packages/airflow/example_dags/example_params_trigger_ui.py took 0.102 seconds
[2024-07-02T19:20:30.969+0000] {processor.py:161} INFO - Started process (PID=10188) to work on /usr/local/python/3.10.13/lib/python3.10/site-packages/airflow/example_dags/example_params_trigger_ui.py
[2024-07-02T19:20:30.970+0000] {processor.py:830} INFO - Processing file /usr/local/python/3.10.13/lib/python3.10/site-packages/airflow/example_dags/example_params_trigger_ui.py for tasks to queue
[2024-07-02T19:20:30.972+0000] {logging_mixin.py:188} INFO - [2024-07-02T19:20:30.971+0000] {dagbag.py:545} INFO - Filling up the DagBag from /usr/local/python/3.10.13/lib/python3.10/site-packages/airflow/example_dags/example_params_trigger_ui.py
[2024-07-02T19:20:30.998+0000] {processor.py:840} INFO - DAG(s) 'example_params_trigger_ui' retrieved from /usr/local/python/3.10.13/lib/python3.10/site-packages/airflow/example_dags/example_params_trigger_ui.py
[2024-07-02T19:20:31.081+0000] {logging_mixin.py:188} INFO - [2024-07-02T19:20:31.080+0000] {dag.py:3096} INFO - Sync 1 DAGs
[2024-07-02T19:20:31.090+0000] {logging_mixin.py:188} INFO - [2024-07-02T19:20:31.090+0000] {dag.py:3954} INFO - Setting next_dagrun for example_params_trigger_ui to None, run_after=None
[2024-07-02T19:20:31.137+0000] {processor.py:183} INFO - Processing /usr/local/python/3.10.13/lib/python3.10/site-packages/airflow/example_dags/example_params_trigger_ui.py took 0.179 seconds
[2024-07-02T19:21:17.618+0000] {processor.py:161} INFO - Started process (PID=10544) to work on /usr/local/python/3.10.13/lib/python3.10/site-packages/airflow/example_dags/example_params_trigger_ui.py
[2024-07-02T19:21:17.619+0000] {processor.py:830} INFO - Processing file /usr/local/python/3.10.13/lib/python3.10/site-packages/airflow/example_dags/example_params_trigger_ui.py for tasks to queue
[2024-07-02T19:21:17.620+0000] {logging_mixin.py:188} INFO - [2024-07-02T19:21:17.619+0000] {dagbag.py:545} INFO - Filling up the DagBag from /usr/local/python/3.10.13/lib/python3.10/site-packages/airflow/example_dags/example_params_trigger_ui.py
[2024-07-02T19:21:17.631+0000] {processor.py:840} INFO - DAG(s) 'example_params_trigger_ui' retrieved from /usr/local/python/3.10.13/lib/python3.10/site-packages/airflow/example_dags/example_params_trigger_ui.py
[2024-07-02T19:21:17.670+0000] {logging_mixin.py:188} INFO - [2024-07-02T19:21:17.670+0000] {dag.py:3096} INFO - Sync 1 DAGs
[2024-07-02T19:21:17.680+0000] {logging_mixin.py:188} INFO - [2024-07-02T19:21:17.680+0000] {dag.py:3954} INFO - Setting next_dagrun for example_params_trigger_ui to None, run_after=None
[2024-07-02T19:21:17.720+0000] {processor.py:183} INFO - Processing /usr/local/python/3.10.13/lib/python3.10/site-packages/airflow/example_dags/example_params_trigger_ui.py took 0.107 seconds
[2024-07-02T19:22:04.185+0000] {processor.py:161} INFO - Started process (PID=10907) to work on /usr/local/python/3.10.13/lib/python3.10/site-packages/airflow/example_dags/example_params_trigger_ui.py
[2024-07-02T19:22:04.186+0000] {processor.py:830} INFO - Processing file /usr/local/python/3.10.13/lib/python3.10/site-packages/airflow/example_dags/example_params_trigger_ui.py for tasks to queue
[2024-07-02T19:22:04.186+0000] {logging_mixin.py:188} INFO - [2024-07-02T19:22:04.186+0000] {dagbag.py:545} INFO - Filling up the DagBag from /usr/local/python/3.10.13/lib/python3.10/site-packages/airflow/example_dags/example_params_trigger_ui.py
[2024-07-02T19:22:04.197+0000] {processor.py:840} INFO - DAG(s) 'example_params_trigger_ui' retrieved from /usr/local/python/3.10.13/lib/python3.10/site-packages/airflow/example_dags/example_params_trigger_ui.py
[2024-07-02T19:22:04.233+0000] {logging_mixin.py:188} INFO - [2024-07-02T19:22:04.233+0000] {dag.py:3096} INFO - Sync 1 DAGs
[2024-07-02T19:22:04.242+0000] {logging_mixin.py:188} INFO - [2024-07-02T19:22:04.242+0000] {dag.py:3954} INFO - Setting next_dagrun for example_params_trigger_ui to None, run_after=None
[2024-07-02T19:22:04.282+0000] {processor.py:183} INFO - Processing /usr/local/python/3.10.13/lib/python3.10/site-packages/airflow/example_dags/example_params_trigger_ui.py took 0.102 seconds
[2024-07-02T19:22:49.993+0000] {processor.py:161} INFO - Started process (PID=11251) to work on /usr/local/python/3.10.13/lib/python3.10/site-packages/airflow/example_dags/example_params_trigger_ui.py
[2024-07-02T19:22:49.994+0000] {processor.py:830} INFO - Processing file /usr/local/python/3.10.13/lib/python3.10/site-packages/airflow/example_dags/example_params_trigger_ui.py for tasks to queue
[2024-07-02T19:22:49.994+0000] {logging_mixin.py:188} INFO - [2024-07-02T19:22:49.994+0000] {dagbag.py:545} INFO - Filling up the DagBag from /usr/local/python/3.10.13/lib/python3.10/site-packages/airflow/example_dags/example_params_trigger_ui.py
[2024-07-02T19:22:50.008+0000] {processor.py:840} INFO - DAG(s) 'example_params_trigger_ui' retrieved from /usr/local/python/3.10.13/lib/python3.10/site-packages/airflow/example_dags/example_params_trigger_ui.py
[2024-07-02T19:22:50.045+0000] {logging_mixin.py:188} INFO - [2024-07-02T19:22:50.045+0000] {dag.py:3096} INFO - Sync 1 DAGs
[2024-07-02T19:22:50.053+0000] {logging_mixin.py:188} INFO - [2024-07-02T19:22:50.053+0000] {dag.py:3954} INFO - Setting next_dagrun for example_params_trigger_ui to None, run_after=None
[2024-07-02T19:22:50.098+0000] {processor.py:183} INFO - Processing /usr/local/python/3.10.13/lib/python3.10/site-packages/airflow/example_dags/example_params_trigger_ui.py took 0.109 seconds
[2024-07-02T19:23:30.557+0000] {processor.py:161} INFO - Started process (PID=11556) to work on /usr/local/python/3.10.13/lib/python3.10/site-packages/airflow/example_dags/example_params_trigger_ui.py
[2024-07-02T19:23:30.558+0000] {processor.py:830} INFO - Processing file /usr/local/python/3.10.13/lib/python3.10/site-packages/airflow/example_dags/example_params_trigger_ui.py for tasks to queue
[2024-07-02T19:23:30.558+0000] {logging_mixin.py:188} INFO - [2024-07-02T19:23:30.558+0000] {dagbag.py:545} INFO - Filling up the DagBag from /usr/local/python/3.10.13/lib/python3.10/site-packages/airflow/example_dags/example_params_trigger_ui.py
[2024-07-02T19:23:30.569+0000] {processor.py:840} INFO - DAG(s) 'example_params_trigger_ui' retrieved from /usr/local/python/3.10.13/lib/python3.10/site-packages/airflow/example_dags/example_params_trigger_ui.py
[2024-07-02T19:23:30.605+0000] {logging_mixin.py:188} INFO - [2024-07-02T19:23:30.605+0000] {dag.py:3096} INFO - Sync 1 DAGs
[2024-07-02T19:23:30.614+0000] {logging_mixin.py:188} INFO - [2024-07-02T19:23:30.614+0000] {dag.py:3954} INFO - Setting next_dagrun for example_params_trigger_ui to None, run_after=None
[2024-07-02T19:23:30.654+0000] {processor.py:183} INFO - Processing /usr/local/python/3.10.13/lib/python3.10/site-packages/airflow/example_dags/example_params_trigger_ui.py took 0.102 seconds
[2024-07-02T19:24:12.603+0000] {processor.py:161} INFO - Started process (PID=11873) to work on /usr/local/python/3.10.13/lib/python3.10/site-packages/airflow/example_dags/example_params_trigger_ui.py
[2024-07-02T19:24:12.604+0000] {processor.py:830} INFO - Processing file /usr/local/python/3.10.13/lib/python3.10/site-packages/airflow/example_dags/example_params_trigger_ui.py for tasks to queue
[2024-07-02T19:24:12.604+0000] {logging_mixin.py:188} INFO - [2024-07-02T19:24:12.604+0000] {dagbag.py:545} INFO - Filling up the DagBag from /usr/local/python/3.10.13/lib/python3.10/site-packages/airflow/example_dags/example_params_trigger_ui.py
[2024-07-02T19:24:12.615+0000] {processor.py:840} INFO - DAG(s) 'example_params_trigger_ui' retrieved from /usr/local/python/3.10.13/lib/python3.10/site-packages/airflow/example_dags/example_params_trigger_ui.py
[2024-07-02T19:24:12.652+0000] {logging_mixin.py:188} INFO - [2024-07-02T19:24:12.652+0000] {dag.py:3096} INFO - Sync 1 DAGs
[2024-07-02T19:24:12.660+0000] {logging_mixin.py:188} INFO - [2024-07-02T19:24:12.660+0000] {dag.py:3954} INFO - Setting next_dagrun for example_params_trigger_ui to None, run_after=None
[2024-07-02T19:24:12.700+0000] {processor.py:183} INFO - Processing /usr/local/python/3.10.13/lib/python3.10/site-packages/airflow/example_dags/example_params_trigger_ui.py took 0.101 seconds
[2024-07-02T19:24:56.310+0000] {processor.py:161} INFO - Started process (PID=12218) to work on /usr/local/python/3.10.13/lib/python3.10/site-packages/airflow/example_dags/example_params_trigger_ui.py
[2024-07-02T19:24:56.311+0000] {processor.py:830} INFO - Processing file /usr/local/python/3.10.13/lib/python3.10/site-packages/airflow/example_dags/example_params_trigger_ui.py for tasks to queue
[2024-07-02T19:24:56.311+0000] {logging_mixin.py:188} INFO - [2024-07-02T19:24:56.311+0000] {dagbag.py:545} INFO - Filling up the DagBag from /usr/local/python/3.10.13/lib/python3.10/site-packages/airflow/example_dags/example_params_trigger_ui.py
[2024-07-02T19:24:56.322+0000] {processor.py:840} INFO - DAG(s) 'example_params_trigger_ui' retrieved from /usr/local/python/3.10.13/lib/python3.10/site-packages/airflow/example_dags/example_params_trigger_ui.py
[2024-07-02T19:24:56.360+0000] {logging_mixin.py:188} INFO - [2024-07-02T19:24:56.359+0000] {dag.py:3096} INFO - Sync 1 DAGs
[2024-07-02T19:24:56.368+0000] {logging_mixin.py:188} INFO - [2024-07-02T19:24:56.368+0000] {dag.py:3954} INFO - Setting next_dagrun for example_params_trigger_ui to None, run_after=None
[2024-07-02T19:24:56.410+0000] {processor.py:183} INFO - Processing /usr/local/python/3.10.13/lib/python3.10/site-packages/airflow/example_dags/example_params_trigger_ui.py took 0.104 seconds
[2024-07-02T19:25:39.197+0000] {processor.py:161} INFO - Started process (PID=12540) to work on /usr/local/python/3.10.13/lib/python3.10/site-packages/airflow/example_dags/example_params_trigger_ui.py
[2024-07-02T19:25:39.198+0000] {processor.py:830} INFO - Processing file /usr/local/python/3.10.13/lib/python3.10/site-packages/airflow/example_dags/example_params_trigger_ui.py for tasks to queue
[2024-07-02T19:25:39.198+0000] {logging_mixin.py:188} INFO - [2024-07-02T19:25:39.198+0000] {dagbag.py:545} INFO - Filling up the DagBag from /usr/local/python/3.10.13/lib/python3.10/site-packages/airflow/example_dags/example_params_trigger_ui.py
[2024-07-02T19:25:39.209+0000] {processor.py:840} INFO - DAG(s) 'example_params_trigger_ui' retrieved from /usr/local/python/3.10.13/lib/python3.10/site-packages/airflow/example_dags/example_params_trigger_ui.py
[2024-07-02T19:25:39.245+0000] {logging_mixin.py:188} INFO - [2024-07-02T19:25:39.245+0000] {dag.py:3096} INFO - Sync 1 DAGs
[2024-07-02T19:25:39.254+0000] {logging_mixin.py:188} INFO - [2024-07-02T19:25:39.254+0000] {dag.py:3954} INFO - Setting next_dagrun for example_params_trigger_ui to None, run_after=None
[2024-07-02T19:25:39.295+0000] {processor.py:183} INFO - Processing /usr/local/python/3.10.13/lib/python3.10/site-packages/airflow/example_dags/example_params_trigger_ui.py took 0.103 seconds
[2024-07-02T19:26:22.695+0000] {processor.py:161} INFO - Started process (PID=12865) to work on /usr/local/python/3.10.13/lib/python3.10/site-packages/airflow/example_dags/example_params_trigger_ui.py
[2024-07-02T19:26:22.696+0000] {processor.py:830} INFO - Processing file /usr/local/python/3.10.13/lib/python3.10/site-packages/airflow/example_dags/example_params_trigger_ui.py for tasks to queue
[2024-07-02T19:26:22.697+0000] {logging_mixin.py:188} INFO - [2024-07-02T19:26:22.696+0000] {dagbag.py:545} INFO - Filling up the DagBag from /usr/local/python/3.10.13/lib/python3.10/site-packages/airflow/example_dags/example_params_trigger_ui.py
[2024-07-02T19:26:22.708+0000] {processor.py:840} INFO - DAG(s) 'example_params_trigger_ui' retrieved from /usr/local/python/3.10.13/lib/python3.10/site-packages/airflow/example_dags/example_params_trigger_ui.py
[2024-07-02T19:26:22.744+0000] {logging_mixin.py:188} INFO - [2024-07-02T19:26:22.744+0000] {dag.py:3096} INFO - Sync 1 DAGs
[2024-07-02T19:26:22.753+0000] {logging_mixin.py:188} INFO - [2024-07-02T19:26:22.752+0000] {dag.py:3954} INFO - Setting next_dagrun for example_params_trigger_ui to None, run_after=None
[2024-07-02T19:26:22.794+0000] {processor.py:183} INFO - Processing /usr/local/python/3.10.13/lib/python3.10/site-packages/airflow/example_dags/example_params_trigger_ui.py took 0.104 seconds
[2024-07-02T19:27:05.991+0000] {processor.py:161} INFO - Started process (PID=13183) to work on /usr/local/python/3.10.13/lib/python3.10/site-packages/airflow/example_dags/example_params_trigger_ui.py
[2024-07-02T19:27:05.991+0000] {processor.py:830} INFO - Processing file /usr/local/python/3.10.13/lib/python3.10/site-packages/airflow/example_dags/example_params_trigger_ui.py for tasks to queue
[2024-07-02T19:27:05.992+0000] {logging_mixin.py:188} INFO - [2024-07-02T19:27:05.992+0000] {dagbag.py:545} INFO - Filling up the DagBag from /usr/local/python/3.10.13/lib/python3.10/site-packages/airflow/example_dags/example_params_trigger_ui.py
[2024-07-02T19:27:06.007+0000] {processor.py:840} INFO - DAG(s) 'example_params_trigger_ui' retrieved from /usr/local/python/3.10.13/lib/python3.10/site-packages/airflow/example_dags/example_params_trigger_ui.py
[2024-07-02T19:27:06.072+0000] {logging_mixin.py:188} INFO - [2024-07-02T19:27:06.071+0000] {dag.py:3096} INFO - Sync 1 DAGs
[2024-07-02T19:27:06.085+0000] {logging_mixin.py:188} INFO - [2024-07-02T19:27:06.084+0000] {dag.py:3954} INFO - Setting next_dagrun for example_params_trigger_ui to None, run_after=None
[2024-07-02T19:27:06.124+0000] {processor.py:183} INFO - Processing /usr/local/python/3.10.13/lib/python3.10/site-packages/airflow/example_dags/example_params_trigger_ui.py took 0.138 seconds
[2024-07-02T19:27:48.486+0000] {processor.py:161} INFO - Started process (PID=13586) to work on /usr/local/python/3.10.13/lib/python3.10/site-packages/airflow/example_dags/example_params_trigger_ui.py
[2024-07-02T19:27:48.487+0000] {processor.py:830} INFO - Processing file /usr/local/python/3.10.13/lib/python3.10/site-packages/airflow/example_dags/example_params_trigger_ui.py for tasks to queue
[2024-07-02T19:27:48.487+0000] {logging_mixin.py:188} INFO - [2024-07-02T19:27:48.487+0000] {dagbag.py:545} INFO - Filling up the DagBag from /usr/local/python/3.10.13/lib/python3.10/site-packages/airflow/example_dags/example_params_trigger_ui.py
[2024-07-02T19:27:48.500+0000] {processor.py:840} INFO - DAG(s) 'example_params_trigger_ui' retrieved from /usr/local/python/3.10.13/lib/python3.10/site-packages/airflow/example_dags/example_params_trigger_ui.py
[2024-07-02T19:27:48.542+0000] {logging_mixin.py:188} INFO - [2024-07-02T19:27:48.542+0000] {dag.py:3096} INFO - Sync 1 DAGs
[2024-07-02T19:27:48.551+0000] {logging_mixin.py:188} INFO - [2024-07-02T19:27:48.551+0000] {dag.py:3954} INFO - Setting next_dagrun for example_params_trigger_ui to None, run_after=None
[2024-07-02T19:27:48.592+0000] {processor.py:183} INFO - Processing /usr/local/python/3.10.13/lib/python3.10/site-packages/airflow/example_dags/example_params_trigger_ui.py took 0.111 seconds
[2024-07-02T19:28:31.051+0000] {processor.py:161} INFO - Started process (PID=13970) to work on /usr/local/python/3.10.13/lib/python3.10/site-packages/airflow/example_dags/example_params_trigger_ui.py
[2024-07-02T19:28:31.051+0000] {processor.py:830} INFO - Processing file /usr/local/python/3.10.13/lib/python3.10/site-packages/airflow/example_dags/example_params_trigger_ui.py for tasks to queue
[2024-07-02T19:28:31.052+0000] {logging_mixin.py:188} INFO - [2024-07-02T19:28:31.052+0000] {dagbag.py:545} INFO - Filling up the DagBag from /usr/local/python/3.10.13/lib/python3.10/site-packages/airflow/example_dags/example_params_trigger_ui.py
[2024-07-02T19:28:31.064+0000] {processor.py:840} INFO - DAG(s) 'example_params_trigger_ui' retrieved from /usr/local/python/3.10.13/lib/python3.10/site-packages/airflow/example_dags/example_params_trigger_ui.py
[2024-07-02T19:28:31.105+0000] {logging_mixin.py:188} INFO - [2024-07-02T19:28:31.105+0000] {dag.py:3096} INFO - Sync 1 DAGs
[2024-07-02T19:28:31.114+0000] {logging_mixin.py:188} INFO - [2024-07-02T19:28:31.114+0000] {dag.py:3954} INFO - Setting next_dagrun for example_params_trigger_ui to None, run_after=None
[2024-07-02T19:28:31.154+0000] {processor.py:183} INFO - Processing /usr/local/python/3.10.13/lib/python3.10/site-packages/airflow/example_dags/example_params_trigger_ui.py took 0.108 seconds
[2024-07-02T19:29:17.922+0000] {processor.py:161} INFO - Started process (PID=14363) to work on /usr/local/python/3.10.13/lib/python3.10/site-packages/airflow/example_dags/example_params_trigger_ui.py
[2024-07-02T19:29:17.922+0000] {processor.py:830} INFO - Processing file /usr/local/python/3.10.13/lib/python3.10/site-packages/airflow/example_dags/example_params_trigger_ui.py for tasks to queue
[2024-07-02T19:29:17.923+0000] {logging_mixin.py:188} INFO - [2024-07-02T19:29:17.923+0000] {dagbag.py:545} INFO - Filling up the DagBag from /usr/local/python/3.10.13/lib/python3.10/site-packages/airflow/example_dags/example_params_trigger_ui.py
[2024-07-02T19:29:17.934+0000] {processor.py:840} INFO - DAG(s) 'example_params_trigger_ui' retrieved from /usr/local/python/3.10.13/lib/python3.10/site-packages/airflow/example_dags/example_params_trigger_ui.py
[2024-07-02T19:29:17.969+0000] {logging_mixin.py:188} INFO - [2024-07-02T19:29:17.969+0000] {dag.py:3096} INFO - Sync 1 DAGs
[2024-07-02T19:29:17.978+0000] {logging_mixin.py:188} INFO - [2024-07-02T19:29:17.978+0000] {dag.py:3954} INFO - Setting next_dagrun for example_params_trigger_ui to None, run_after=None
[2024-07-02T19:29:18.023+0000] {processor.py:183} INFO - Processing /usr/local/python/3.10.13/lib/python3.10/site-packages/airflow/example_dags/example_params_trigger_ui.py took 0.105 seconds
[2024-07-02T19:30:04.815+0000] {processor.py:161} INFO - Started process (PID=14728) to work on /usr/local/python/3.10.13/lib/python3.10/site-packages/airflow/example_dags/example_params_trigger_ui.py
[2024-07-02T19:30:04.816+0000] {processor.py:830} INFO - Processing file /usr/local/python/3.10.13/lib/python3.10/site-packages/airflow/example_dags/example_params_trigger_ui.py for tasks to queue
[2024-07-02T19:30:04.816+0000] {logging_mixin.py:188} INFO - [2024-07-02T19:30:04.816+0000] {dagbag.py:545} INFO - Filling up the DagBag from /usr/local/python/3.10.13/lib/python3.10/site-packages/airflow/example_dags/example_params_trigger_ui.py
[2024-07-02T19:30:04.827+0000] {processor.py:840} INFO - DAG(s) 'example_params_trigger_ui' retrieved from /usr/local/python/3.10.13/lib/python3.10/site-packages/airflow/example_dags/example_params_trigger_ui.py
[2024-07-02T19:30:04.864+0000] {logging_mixin.py:188} INFO - [2024-07-02T19:30:04.864+0000] {dag.py:3096} INFO - Sync 1 DAGs
[2024-07-02T19:30:04.873+0000] {logging_mixin.py:188} INFO - [2024-07-02T19:30:04.873+0000] {dag.py:3954} INFO - Setting next_dagrun for example_params_trigger_ui to None, run_after=None
[2024-07-02T19:30:04.914+0000] {processor.py:183} INFO - Processing /usr/local/python/3.10.13/lib/python3.10/site-packages/airflow/example_dags/example_params_trigger_ui.py took 0.104 seconds
[2024-07-02T19:30:49.648+0000] {processor.py:161} INFO - Started process (PID=15106) to work on /usr/local/python/3.10.13/lib/python3.10/site-packages/airflow/example_dags/example_params_trigger_ui.py
[2024-07-02T19:30:49.648+0000] {processor.py:830} INFO - Processing file /usr/local/python/3.10.13/lib/python3.10/site-packages/airflow/example_dags/example_params_trigger_ui.py for tasks to queue
[2024-07-02T19:30:49.649+0000] {logging_mixin.py:188} INFO - [2024-07-02T19:30:49.649+0000] {dagbag.py:545} INFO - Filling up the DagBag from /usr/local/python/3.10.13/lib/python3.10/site-packages/airflow/example_dags/example_params_trigger_ui.py
[2024-07-02T19:30:49.660+0000] {processor.py:840} INFO - DAG(s) 'example_params_trigger_ui' retrieved from /usr/local/python/3.10.13/lib/python3.10/site-packages/airflow/example_dags/example_params_trigger_ui.py
[2024-07-02T19:30:49.696+0000] {logging_mixin.py:188} INFO - [2024-07-02T19:30:49.696+0000] {dag.py:3096} INFO - Sync 1 DAGs
[2024-07-02T19:30:49.704+0000] {logging_mixin.py:188} INFO - [2024-07-02T19:30:49.704+0000] {dag.py:3954} INFO - Setting next_dagrun for example_params_trigger_ui to None, run_after=None
[2024-07-02T19:30:49.745+0000] {processor.py:183} INFO - Processing /usr/local/python/3.10.13/lib/python3.10/site-packages/airflow/example_dags/example_params_trigger_ui.py took 0.102 seconds
[2024-07-02T19:31:36.826+0000] {processor.py:161} INFO - Started process (PID=15466) to work on /usr/local/python/3.10.13/lib/python3.10/site-packages/airflow/example_dags/example_params_trigger_ui.py
[2024-07-02T19:31:36.827+0000] {processor.py:830} INFO - Processing file /usr/local/python/3.10.13/lib/python3.10/site-packages/airflow/example_dags/example_params_trigger_ui.py for tasks to queue
[2024-07-02T19:31:36.828+0000] {logging_mixin.py:188} INFO - [2024-07-02T19:31:36.827+0000] {dagbag.py:545} INFO - Filling up the DagBag from /usr/local/python/3.10.13/lib/python3.10/site-packages/airflow/example_dags/example_params_trigger_ui.py
[2024-07-02T19:31:36.839+0000] {processor.py:840} INFO - DAG(s) 'example_params_trigger_ui' retrieved from /usr/local/python/3.10.13/lib/python3.10/site-packages/airflow/example_dags/example_params_trigger_ui.py
[2024-07-02T19:31:36.874+0000] {logging_mixin.py:188} INFO - [2024-07-02T19:31:36.874+0000] {dag.py:3096} INFO - Sync 1 DAGs
[2024-07-02T19:31:36.886+0000] {logging_mixin.py:188} INFO - [2024-07-02T19:31:36.886+0000] {dag.py:3954} INFO - Setting next_dagrun for example_params_trigger_ui to None, run_after=None
[2024-07-02T19:31:36.935+0000] {processor.py:183} INFO - Processing /usr/local/python/3.10.13/lib/python3.10/site-packages/airflow/example_dags/example_params_trigger_ui.py took 0.113 seconds
[2024-07-02T19:32:24.925+0000] {processor.py:161} INFO - Started process (PID=15838) to work on /usr/local/python/3.10.13/lib/python3.10/site-packages/airflow/example_dags/example_params_trigger_ui.py
[2024-07-02T19:32:24.926+0000] {processor.py:830} INFO - Processing file /usr/local/python/3.10.13/lib/python3.10/site-packages/airflow/example_dags/example_params_trigger_ui.py for tasks to queue
[2024-07-02T19:32:24.927+0000] {logging_mixin.py:188} INFO - [2024-07-02T19:32:24.926+0000] {dagbag.py:545} INFO - Filling up the DagBag from /usr/local/python/3.10.13/lib/python3.10/site-packages/airflow/example_dags/example_params_trigger_ui.py
[2024-07-02T19:32:24.938+0000] {processor.py:840} INFO - DAG(s) 'example_params_trigger_ui' retrieved from /usr/local/python/3.10.13/lib/python3.10/site-packages/airflow/example_dags/example_params_trigger_ui.py
[2024-07-02T19:32:24.974+0000] {logging_mixin.py:188} INFO - [2024-07-02T19:32:24.974+0000] {dag.py:3096} INFO - Sync 1 DAGs
[2024-07-02T19:32:24.982+0000] {logging_mixin.py:188} INFO - [2024-07-02T19:32:24.982+0000] {dag.py:3954} INFO - Setting next_dagrun for example_params_trigger_ui to None, run_after=None
[2024-07-02T19:32:25.022+0000] {processor.py:183} INFO - Processing /usr/local/python/3.10.13/lib/python3.10/site-packages/airflow/example_dags/example_params_trigger_ui.py took 0.101 seconds
[2024-07-02T19:33:07.501+0000] {processor.py:161} INFO - Started process (PID=16161) to work on /usr/local/python/3.10.13/lib/python3.10/site-packages/airflow/example_dags/example_params_trigger_ui.py
[2024-07-02T19:33:07.502+0000] {processor.py:830} INFO - Processing file /usr/local/python/3.10.13/lib/python3.10/site-packages/airflow/example_dags/example_params_trigger_ui.py for tasks to queue
[2024-07-02T19:33:07.503+0000] {logging_mixin.py:188} INFO - [2024-07-02T19:33:07.502+0000] {dagbag.py:545} INFO - Filling up the DagBag from /usr/local/python/3.10.13/lib/python3.10/site-packages/airflow/example_dags/example_params_trigger_ui.py
[2024-07-02T19:33:07.514+0000] {processor.py:840} INFO - DAG(s) 'example_params_trigger_ui' retrieved from /usr/local/python/3.10.13/lib/python3.10/site-packages/airflow/example_dags/example_params_trigger_ui.py
[2024-07-02T19:33:07.550+0000] {logging_mixin.py:188} INFO - [2024-07-02T19:33:07.550+0000] {dag.py:3096} INFO - Sync 1 DAGs
[2024-07-02T19:33:07.558+0000] {logging_mixin.py:188} INFO - [2024-07-02T19:33:07.558+0000] {dag.py:3954} INFO - Setting next_dagrun for example_params_trigger_ui to None, run_after=None
[2024-07-02T19:33:07.597+0000] {processor.py:183} INFO - Processing /usr/local/python/3.10.13/lib/python3.10/site-packages/airflow/example_dags/example_params_trigger_ui.py took 0.101 seconds
[2024-07-02T19:33:50.457+0000] {processor.py:161} INFO - Started process (PID=16553) to work on /usr/local/python/3.10.13/lib/python3.10/site-packages/airflow/example_dags/example_params_trigger_ui.py
[2024-07-02T19:33:50.457+0000] {processor.py:830} INFO - Processing file /usr/local/python/3.10.13/lib/python3.10/site-packages/airflow/example_dags/example_params_trigger_ui.py for tasks to queue
[2024-07-02T19:33:50.458+0000] {logging_mixin.py:188} INFO - [2024-07-02T19:33:50.458+0000] {dagbag.py:545} INFO - Filling up the DagBag from /usr/local/python/3.10.13/lib/python3.10/site-packages/airflow/example_dags/example_params_trigger_ui.py
[2024-07-02T19:33:50.469+0000] {processor.py:840} INFO - DAG(s) 'example_params_trigger_ui' retrieved from /usr/local/python/3.10.13/lib/python3.10/site-packages/airflow/example_dags/example_params_trigger_ui.py
[2024-07-02T19:33:50.506+0000] {logging_mixin.py:188} INFO - [2024-07-02T19:33:50.506+0000] {dag.py:3096} INFO - Sync 1 DAGs
[2024-07-02T19:33:50.514+0000] {logging_mixin.py:188} INFO - [2024-07-02T19:33:50.514+0000] {dag.py:3954} INFO - Setting next_dagrun for example_params_trigger_ui to None, run_after=None
[2024-07-02T19:33:50.554+0000] {processor.py:183} INFO - Processing /usr/local/python/3.10.13/lib/python3.10/site-packages/airflow/example_dags/example_params_trigger_ui.py took 0.102 seconds
[2024-07-02T19:34:37.317+0000] {processor.py:161} INFO - Started process (PID=16951) to work on /usr/local/python/3.10.13/lib/python3.10/site-packages/airflow/example_dags/example_params_trigger_ui.py
[2024-07-02T19:34:37.317+0000] {processor.py:830} INFO - Processing file /usr/local/python/3.10.13/lib/python3.10/site-packages/airflow/example_dags/example_params_trigger_ui.py for tasks to queue
[2024-07-02T19:34:37.318+0000] {logging_mixin.py:188} INFO - [2024-07-02T19:34:37.318+0000] {dagbag.py:545} INFO - Filling up the DagBag from /usr/local/python/3.10.13/lib/python3.10/site-packages/airflow/example_dags/example_params_trigger_ui.py
[2024-07-02T19:34:37.329+0000] {processor.py:840} INFO - DAG(s) 'example_params_trigger_ui' retrieved from /usr/local/python/3.10.13/lib/python3.10/site-packages/airflow/example_dags/example_params_trigger_ui.py
[2024-07-02T19:34:37.365+0000] {logging_mixin.py:188} INFO - [2024-07-02T19:34:37.365+0000] {dag.py:3096} INFO - Sync 1 DAGs
[2024-07-02T19:34:37.373+0000] {logging_mixin.py:188} INFO - [2024-07-02T19:34:37.373+0000] {dag.py:3954} INFO - Setting next_dagrun for example_params_trigger_ui to None, run_after=None
[2024-07-02T19:34:37.413+0000] {processor.py:183} INFO - Processing /usr/local/python/3.10.13/lib/python3.10/site-packages/airflow/example_dags/example_params_trigger_ui.py took 0.101 seconds
[2024-07-02T19:35:23.721+0000] {processor.py:161} INFO - Started process (PID=17328) to work on /usr/local/python/3.10.13/lib/python3.10/site-packages/airflow/example_dags/example_params_trigger_ui.py
[2024-07-02T19:35:23.722+0000] {processor.py:830} INFO - Processing file /usr/local/python/3.10.13/lib/python3.10/site-packages/airflow/example_dags/example_params_trigger_ui.py for tasks to queue
[2024-07-02T19:35:23.722+0000] {logging_mixin.py:188} INFO - [2024-07-02T19:35:23.722+0000] {dagbag.py:545} INFO - Filling up the DagBag from /usr/local/python/3.10.13/lib/python3.10/site-packages/airflow/example_dags/example_params_trigger_ui.py
[2024-07-02T19:35:23.734+0000] {processor.py:840} INFO - DAG(s) 'example_params_trigger_ui' retrieved from /usr/local/python/3.10.13/lib/python3.10/site-packages/airflow/example_dags/example_params_trigger_ui.py
[2024-07-02T19:35:23.771+0000] {logging_mixin.py:188} INFO - [2024-07-02T19:35:23.771+0000] {dag.py:3096} INFO - Sync 1 DAGs
[2024-07-02T19:35:23.780+0000] {logging_mixin.py:188} INFO - [2024-07-02T19:35:23.780+0000] {dag.py:3954} INFO - Setting next_dagrun for example_params_trigger_ui to None, run_after=None
[2024-07-02T19:35:23.819+0000] {processor.py:183} INFO - Processing /usr/local/python/3.10.13/lib/python3.10/site-packages/airflow/example_dags/example_params_trigger_ui.py took 0.103 seconds
[2024-07-02T19:36:16.919+0000] {processor.py:161} INFO - Started process (PID=17812) to work on /usr/local/python/3.10.13/lib/python3.10/site-packages/airflow/example_dags/example_params_trigger_ui.py
[2024-07-02T19:36:16.919+0000] {processor.py:830} INFO - Processing file /usr/local/python/3.10.13/lib/python3.10/site-packages/airflow/example_dags/example_params_trigger_ui.py for tasks to queue
[2024-07-02T19:36:16.920+0000] {logging_mixin.py:188} INFO - [2024-07-02T19:36:16.920+0000] {dagbag.py:545} INFO - Filling up the DagBag from /usr/local/python/3.10.13/lib/python3.10/site-packages/airflow/example_dags/example_params_trigger_ui.py
[2024-07-02T19:36:16.931+0000] {processor.py:840} INFO - DAG(s) 'example_params_trigger_ui' retrieved from /usr/local/python/3.10.13/lib/python3.10/site-packages/airflow/example_dags/example_params_trigger_ui.py
[2024-07-02T19:36:16.968+0000] {logging_mixin.py:188} INFO - [2024-07-02T19:36:16.968+0000] {dag.py:3096} INFO - Sync 1 DAGs
[2024-07-02T19:36:16.977+0000] {logging_mixin.py:188} INFO - [2024-07-02T19:36:16.977+0000] {dag.py:3954} INFO - Setting next_dagrun for example_params_trigger_ui to None, run_after=None
[2024-07-02T19:36:17.017+0000] {processor.py:183} INFO - Processing /usr/local/python/3.10.13/lib/python3.10/site-packages/airflow/example_dags/example_params_trigger_ui.py took 0.103 seconds
[2024-07-02T19:37:08.831+0000] {processor.py:161} INFO - Started process (PID=18176) to work on /usr/local/python/3.10.13/lib/python3.10/site-packages/airflow/example_dags/example_params_trigger_ui.py
[2024-07-02T19:37:08.831+0000] {processor.py:830} INFO - Processing file /usr/local/python/3.10.13/lib/python3.10/site-packages/airflow/example_dags/example_params_trigger_ui.py for tasks to queue
[2024-07-02T19:37:08.832+0000] {logging_mixin.py:188} INFO - [2024-07-02T19:37:08.832+0000] {dagbag.py:545} INFO - Filling up the DagBag from /usr/local/python/3.10.13/lib/python3.10/site-packages/airflow/example_dags/example_params_trigger_ui.py
[2024-07-02T19:37:08.843+0000] {processor.py:840} INFO - DAG(s) 'example_params_trigger_ui' retrieved from /usr/local/python/3.10.13/lib/python3.10/site-packages/airflow/example_dags/example_params_trigger_ui.py
[2024-07-02T19:37:08.880+0000] {logging_mixin.py:188} INFO - [2024-07-02T19:37:08.880+0000] {dag.py:3096} INFO - Sync 1 DAGs
[2024-07-02T19:37:08.889+0000] {logging_mixin.py:188} INFO - [2024-07-02T19:37:08.889+0000] {dag.py:3954} INFO - Setting next_dagrun for example_params_trigger_ui to None, run_after=None
[2024-07-02T19:37:08.931+0000] {processor.py:183} INFO - Processing /usr/local/python/3.10.13/lib/python3.10/site-packages/airflow/example_dags/example_params_trigger_ui.py took 0.105 seconds
[2024-07-02T19:37:52.198+0000] {processor.py:161} INFO - Started process (PID=18485) to work on /usr/local/python/3.10.13/lib/python3.10/site-packages/airflow/example_dags/example_params_trigger_ui.py
[2024-07-02T19:37:52.199+0000] {processor.py:830} INFO - Processing file /usr/local/python/3.10.13/lib/python3.10/site-packages/airflow/example_dags/example_params_trigger_ui.py for tasks to queue
[2024-07-02T19:37:52.199+0000] {logging_mixin.py:188} INFO - [2024-07-02T19:37:52.199+0000] {dagbag.py:545} INFO - Filling up the DagBag from /usr/local/python/3.10.13/lib/python3.10/site-packages/airflow/example_dags/example_params_trigger_ui.py
[2024-07-02T19:37:52.210+0000] {processor.py:840} INFO - DAG(s) 'example_params_trigger_ui' retrieved from /usr/local/python/3.10.13/lib/python3.10/site-packages/airflow/example_dags/example_params_trigger_ui.py
[2024-07-02T19:37:52.247+0000] {logging_mixin.py:188} INFO - [2024-07-02T19:37:52.246+0000] {dag.py:3096} INFO - Sync 1 DAGs
[2024-07-02T19:37:52.255+0000] {logging_mixin.py:188} INFO - [2024-07-02T19:37:52.255+0000] {dag.py:3954} INFO - Setting next_dagrun for example_params_trigger_ui to None, run_after=None
[2024-07-02T19:37:52.295+0000] {processor.py:183} INFO - Processing /usr/local/python/3.10.13/lib/python3.10/site-packages/airflow/example_dags/example_params_trigger_ui.py took 0.102 seconds
[2024-07-02T19:38:35.982+0000] {processor.py:161} INFO - Started process (PID=18791) to work on /usr/local/python/3.10.13/lib/python3.10/site-packages/airflow/example_dags/example_params_trigger_ui.py
[2024-07-02T19:38:35.983+0000] {processor.py:830} INFO - Processing file /usr/local/python/3.10.13/lib/python3.10/site-packages/airflow/example_dags/example_params_trigger_ui.py for tasks to queue
[2024-07-02T19:38:35.983+0000] {logging_mixin.py:188} INFO - [2024-07-02T19:38:35.983+0000] {dagbag.py:545} INFO - Filling up the DagBag from /usr/local/python/3.10.13/lib/python3.10/site-packages/airflow/example_dags/example_params_trigger_ui.py
[2024-07-02T19:38:35.995+0000] {processor.py:840} INFO - DAG(s) 'example_params_trigger_ui' retrieved from /usr/local/python/3.10.13/lib/python3.10/site-packages/airflow/example_dags/example_params_trigger_ui.py
[2024-07-02T19:38:36.031+0000] {logging_mixin.py:188} INFO - [2024-07-02T19:38:36.031+0000] {dag.py:3096} INFO - Sync 1 DAGs
[2024-07-02T19:38:36.040+0000] {logging_mixin.py:188} INFO - [2024-07-02T19:38:36.039+0000] {dag.py:3954} INFO - Setting next_dagrun for example_params_trigger_ui to None, run_after=None
[2024-07-02T19:38:36.079+0000] {processor.py:183} INFO - Processing /usr/local/python/3.10.13/lib/python3.10/site-packages/airflow/example_dags/example_params_trigger_ui.py took 0.101 seconds
[2024-07-02T19:39:18.874+0000] {processor.py:161} INFO - Started process (PID=19102) to work on /usr/local/python/3.10.13/lib/python3.10/site-packages/airflow/example_dags/example_params_trigger_ui.py
[2024-07-02T19:39:18.875+0000] {processor.py:830} INFO - Processing file /usr/local/python/3.10.13/lib/python3.10/site-packages/airflow/example_dags/example_params_trigger_ui.py for tasks to queue
[2024-07-02T19:39:18.875+0000] {logging_mixin.py:188} INFO - [2024-07-02T19:39:18.875+0000] {dagbag.py:545} INFO - Filling up the DagBag from /usr/local/python/3.10.13/lib/python3.10/site-packages/airflow/example_dags/example_params_trigger_ui.py
[2024-07-02T19:39:18.886+0000] {processor.py:840} INFO - DAG(s) 'example_params_trigger_ui' retrieved from /usr/local/python/3.10.13/lib/python3.10/site-packages/airflow/example_dags/example_params_trigger_ui.py
[2024-07-02T19:39:18.922+0000] {logging_mixin.py:188} INFO - [2024-07-02T19:39:18.922+0000] {dag.py:3096} INFO - Sync 1 DAGs
[2024-07-02T19:39:18.931+0000] {logging_mixin.py:188} INFO - [2024-07-02T19:39:18.931+0000] {dag.py:3954} INFO - Setting next_dagrun for example_params_trigger_ui to None, run_after=None
[2024-07-02T19:39:18.972+0000] {processor.py:183} INFO - Processing /usr/local/python/3.10.13/lib/python3.10/site-packages/airflow/example_dags/example_params_trigger_ui.py took 0.103 seconds
[2024-07-02T19:40:12.254+0000] {processor.py:161} INFO - Started process (PID=19517) to work on /usr/local/python/3.10.13/lib/python3.10/site-packages/airflow/example_dags/example_params_trigger_ui.py
[2024-07-02T19:40:12.255+0000] {processor.py:830} INFO - Processing file /usr/local/python/3.10.13/lib/python3.10/site-packages/airflow/example_dags/example_params_trigger_ui.py for tasks to queue
[2024-07-02T19:40:12.255+0000] {logging_mixin.py:188} INFO - [2024-07-02T19:40:12.255+0000] {dagbag.py:545} INFO - Filling up the DagBag from /usr/local/python/3.10.13/lib/python3.10/site-packages/airflow/example_dags/example_params_trigger_ui.py
[2024-07-02T19:40:12.266+0000] {processor.py:840} INFO - DAG(s) 'example_params_trigger_ui' retrieved from /usr/local/python/3.10.13/lib/python3.10/site-packages/airflow/example_dags/example_params_trigger_ui.py
[2024-07-02T19:40:12.302+0000] {logging_mixin.py:188} INFO - [2024-07-02T19:40:12.302+0000] {dag.py:3096} INFO - Sync 1 DAGs
[2024-07-02T19:40:12.310+0000] {logging_mixin.py:188} INFO - [2024-07-02T19:40:12.310+0000] {dag.py:3954} INFO - Setting next_dagrun for example_params_trigger_ui to None, run_after=None
[2024-07-02T19:40:12.353+0000] {processor.py:183} INFO - Processing /usr/local/python/3.10.13/lib/python3.10/site-packages/airflow/example_dags/example_params_trigger_ui.py took 0.104 seconds
[2024-07-02T19:41:03.756+0000] {processor.py:161} INFO - Started process (PID=19913) to work on /usr/local/python/3.10.13/lib/python3.10/site-packages/airflow/example_dags/example_params_trigger_ui.py
[2024-07-02T19:41:03.757+0000] {processor.py:830} INFO - Processing file /usr/local/python/3.10.13/lib/python3.10/site-packages/airflow/example_dags/example_params_trigger_ui.py for tasks to queue
[2024-07-02T19:41:03.758+0000] {logging_mixin.py:188} INFO - [2024-07-02T19:41:03.757+0000] {dagbag.py:545} INFO - Filling up the DagBag from /usr/local/python/3.10.13/lib/python3.10/site-packages/airflow/example_dags/example_params_trigger_ui.py
[2024-07-02T19:41:03.769+0000] {processor.py:840} INFO - DAG(s) 'example_params_trigger_ui' retrieved from /usr/local/python/3.10.13/lib/python3.10/site-packages/airflow/example_dags/example_params_trigger_ui.py
[2024-07-02T19:41:03.805+0000] {logging_mixin.py:188} INFO - [2024-07-02T19:41:03.805+0000] {dag.py:3096} INFO - Sync 1 DAGs
[2024-07-02T19:41:03.814+0000] {logging_mixin.py:188} INFO - [2024-07-02T19:41:03.814+0000] {dag.py:3954} INFO - Setting next_dagrun for example_params_trigger_ui to None, run_after=None
[2024-07-02T19:41:03.856+0000] {processor.py:183} INFO - Processing /usr/local/python/3.10.13/lib/python3.10/site-packages/airflow/example_dags/example_params_trigger_ui.py took 0.104 seconds
[2024-07-02T19:41:46.920+0000] {processor.py:161} INFO - Started process (PID=20244) to work on /usr/local/python/3.10.13/lib/python3.10/site-packages/airflow/example_dags/example_params_trigger_ui.py
[2024-07-02T19:41:46.920+0000] {processor.py:830} INFO - Processing file /usr/local/python/3.10.13/lib/python3.10/site-packages/airflow/example_dags/example_params_trigger_ui.py for tasks to queue
[2024-07-02T19:41:46.921+0000] {logging_mixin.py:188} INFO - [2024-07-02T19:41:46.921+0000] {dagbag.py:545} INFO - Filling up the DagBag from /usr/local/python/3.10.13/lib/python3.10/site-packages/airflow/example_dags/example_params_trigger_ui.py
[2024-07-02T19:41:46.932+0000] {processor.py:840} INFO - DAG(s) 'example_params_trigger_ui' retrieved from /usr/local/python/3.10.13/lib/python3.10/site-packages/airflow/example_dags/example_params_trigger_ui.py
[2024-07-02T19:41:46.969+0000] {logging_mixin.py:188} INFO - [2024-07-02T19:41:46.969+0000] {dag.py:3096} INFO - Sync 1 DAGs
[2024-07-02T19:41:46.978+0000] {logging_mixin.py:188} INFO - [2024-07-02T19:41:46.977+0000] {dag.py:3954} INFO - Setting next_dagrun for example_params_trigger_ui to None, run_after=None
[2024-07-02T19:41:47.016+0000] {processor.py:183} INFO - Processing /usr/local/python/3.10.13/lib/python3.10/site-packages/airflow/example_dags/example_params_trigger_ui.py took 0.101 seconds
[2024-07-02T19:42:47.433+0000] {processor.py:161} INFO - Started process (PID=20701) to work on /usr/local/python/3.10.13/lib/python3.10/site-packages/airflow/example_dags/example_params_trigger_ui.py
[2024-07-02T19:42:47.434+0000] {processor.py:830} INFO - Processing file /usr/local/python/3.10.13/lib/python3.10/site-packages/airflow/example_dags/example_params_trigger_ui.py for tasks to queue
[2024-07-02T19:42:47.434+0000] {logging_mixin.py:188} INFO - [2024-07-02T19:42:47.434+0000] {dagbag.py:545} INFO - Filling up the DagBag from /usr/local/python/3.10.13/lib/python3.10/site-packages/airflow/example_dags/example_params_trigger_ui.py
[2024-07-02T19:42:47.445+0000] {processor.py:840} INFO - DAG(s) 'example_params_trigger_ui' retrieved from /usr/local/python/3.10.13/lib/python3.10/site-packages/airflow/example_dags/example_params_trigger_ui.py
[2024-07-02T19:42:47.482+0000] {logging_mixin.py:188} INFO - [2024-07-02T19:42:47.481+0000] {dag.py:3096} INFO - Sync 1 DAGs
[2024-07-02T19:42:47.490+0000] {logging_mixin.py:188} INFO - [2024-07-02T19:42:47.490+0000] {dag.py:3954} INFO - Setting next_dagrun for example_params_trigger_ui to None, run_after=None
[2024-07-02T19:42:47.532+0000] {processor.py:183} INFO - Processing /usr/local/python/3.10.13/lib/python3.10/site-packages/airflow/example_dags/example_params_trigger_ui.py took 0.103 seconds
[2024-07-02T19:43:37.510+0000] {processor.py:161} INFO - Started process (PID=21140) to work on /usr/local/python/3.10.13/lib/python3.10/site-packages/airflow/example_dags/example_params_trigger_ui.py
[2024-07-02T19:43:37.511+0000] {processor.py:830} INFO - Processing file /usr/local/python/3.10.13/lib/python3.10/site-packages/airflow/example_dags/example_params_trigger_ui.py for tasks to queue
[2024-07-02T19:43:37.512+0000] {logging_mixin.py:188} INFO - [2024-07-02T19:43:37.511+0000] {dagbag.py:545} INFO - Filling up the DagBag from /usr/local/python/3.10.13/lib/python3.10/site-packages/airflow/example_dags/example_params_trigger_ui.py
[2024-07-02T19:43:37.523+0000] {processor.py:840} INFO - DAG(s) 'example_params_trigger_ui' retrieved from /usr/local/python/3.10.13/lib/python3.10/site-packages/airflow/example_dags/example_params_trigger_ui.py
[2024-07-02T19:43:37.558+0000] {logging_mixin.py:188} INFO - [2024-07-02T19:43:37.558+0000] {dag.py:3096} INFO - Sync 1 DAGs
[2024-07-02T19:43:37.567+0000] {logging_mixin.py:188} INFO - [2024-07-02T19:43:37.567+0000] {dag.py:3954} INFO - Setting next_dagrun for example_params_trigger_ui to None, run_after=None
[2024-07-02T19:43:37.610+0000] {processor.py:183} INFO - Processing /usr/local/python/3.10.13/lib/python3.10/site-packages/airflow/example_dags/example_params_trigger_ui.py took 0.104 seconds
[2024-07-02T19:44:30.395+0000] {processor.py:161} INFO - Started process (PID=21540) to work on /usr/local/python/3.10.13/lib/python3.10/site-packages/airflow/example_dags/example_params_trigger_ui.py
[2024-07-02T19:44:30.396+0000] {processor.py:830} INFO - Processing file /usr/local/python/3.10.13/lib/python3.10/site-packages/airflow/example_dags/example_params_trigger_ui.py for tasks to queue
[2024-07-02T19:44:30.397+0000] {logging_mixin.py:188} INFO - [2024-07-02T19:44:30.396+0000] {dagbag.py:545} INFO - Filling up the DagBag from /usr/local/python/3.10.13/lib/python3.10/site-packages/airflow/example_dags/example_params_trigger_ui.py
[2024-07-02T19:44:30.410+0000] {processor.py:840} INFO - DAG(s) 'example_params_trigger_ui' retrieved from /usr/local/python/3.10.13/lib/python3.10/site-packages/airflow/example_dags/example_params_trigger_ui.py
[2024-07-02T19:44:30.447+0000] {logging_mixin.py:188} INFO - [2024-07-02T19:44:30.447+0000] {dag.py:3096} INFO - Sync 1 DAGs
[2024-07-02T19:44:30.456+0000] {logging_mixin.py:188} INFO - [2024-07-02T19:44:30.456+0000] {dag.py:3954} INFO - Setting next_dagrun for example_params_trigger_ui to None, run_after=None
[2024-07-02T19:44:30.499+0000] {processor.py:183} INFO - Processing /usr/local/python/3.10.13/lib/python3.10/site-packages/airflow/example_dags/example_params_trigger_ui.py took 0.108 seconds
[2024-07-02T19:45:12.171+0000] {processor.py:161} INFO - Started process (PID=21852) to work on /usr/local/python/3.10.13/lib/python3.10/site-packages/airflow/example_dags/example_params_trigger_ui.py
[2024-07-02T19:45:12.171+0000] {processor.py:830} INFO - Processing file /usr/local/python/3.10.13/lib/python3.10/site-packages/airflow/example_dags/example_params_trigger_ui.py for tasks to queue
[2024-07-02T19:45:12.172+0000] {logging_mixin.py:188} INFO - [2024-07-02T19:45:12.172+0000] {dagbag.py:545} INFO - Filling up the DagBag from /usr/local/python/3.10.13/lib/python3.10/site-packages/airflow/example_dags/example_params_trigger_ui.py
[2024-07-02T19:45:12.183+0000] {processor.py:840} INFO - DAG(s) 'example_params_trigger_ui' retrieved from /usr/local/python/3.10.13/lib/python3.10/site-packages/airflow/example_dags/example_params_trigger_ui.py
[2024-07-02T19:45:12.219+0000] {logging_mixin.py:188} INFO - [2024-07-02T19:45:12.219+0000] {dag.py:3096} INFO - Sync 1 DAGs
[2024-07-02T19:45:12.228+0000] {logging_mixin.py:188} INFO - [2024-07-02T19:45:12.228+0000] {dag.py:3954} INFO - Setting next_dagrun for example_params_trigger_ui to None, run_after=None
[2024-07-02T19:45:12.267+0000] {processor.py:183} INFO - Processing /usr/local/python/3.10.13/lib/python3.10/site-packages/airflow/example_dags/example_params_trigger_ui.py took 0.102 seconds
[2024-07-02T19:45:53.143+0000] {processor.py:161} INFO - Started process (PID=22134) to work on /usr/local/python/3.10.13/lib/python3.10/site-packages/airflow/example_dags/example_params_trigger_ui.py
[2024-07-02T19:45:53.143+0000] {processor.py:830} INFO - Processing file /usr/local/python/3.10.13/lib/python3.10/site-packages/airflow/example_dags/example_params_trigger_ui.py for tasks to queue
[2024-07-02T19:45:53.144+0000] {logging_mixin.py:188} INFO - [2024-07-02T19:45:53.144+0000] {dagbag.py:545} INFO - Filling up the DagBag from /usr/local/python/3.10.13/lib/python3.10/site-packages/airflow/example_dags/example_params_trigger_ui.py
[2024-07-02T19:45:53.155+0000] {processor.py:840} INFO - DAG(s) 'example_params_trigger_ui' retrieved from /usr/local/python/3.10.13/lib/python3.10/site-packages/airflow/example_dags/example_params_trigger_ui.py
[2024-07-02T19:45:53.191+0000] {logging_mixin.py:188} INFO - [2024-07-02T19:45:53.191+0000] {dag.py:3096} INFO - Sync 1 DAGs
[2024-07-02T19:45:53.200+0000] {logging_mixin.py:188} INFO - [2024-07-02T19:45:53.200+0000] {dag.py:3954} INFO - Setting next_dagrun for example_params_trigger_ui to None, run_after=None
[2024-07-02T19:45:53.241+0000] {processor.py:183} INFO - Processing /usr/local/python/3.10.13/lib/python3.10/site-packages/airflow/example_dags/example_params_trigger_ui.py took 0.103 seconds
[2024-07-02T19:46:36.739+0000] {processor.py:161} INFO - Started process (PID=22437) to work on /usr/local/python/3.10.13/lib/python3.10/site-packages/airflow/example_dags/example_params_trigger_ui.py
[2024-07-02T19:46:36.740+0000] {processor.py:830} INFO - Processing file /usr/local/python/3.10.13/lib/python3.10/site-packages/airflow/example_dags/example_params_trigger_ui.py for tasks to queue
[2024-07-02T19:46:36.741+0000] {logging_mixin.py:188} INFO - [2024-07-02T19:46:36.740+0000] {dagbag.py:545} INFO - Filling up the DagBag from /usr/local/python/3.10.13/lib/python3.10/site-packages/airflow/example_dags/example_params_trigger_ui.py
[2024-07-02T19:46:36.753+0000] {processor.py:840} INFO - DAG(s) 'example_params_trigger_ui' retrieved from /usr/local/python/3.10.13/lib/python3.10/site-packages/airflow/example_dags/example_params_trigger_ui.py
[2024-07-02T19:46:36.808+0000] {logging_mixin.py:188} INFO - [2024-07-02T19:46:36.808+0000] {dag.py:3096} INFO - Sync 1 DAGs
[2024-07-02T19:46:36.823+0000] {logging_mixin.py:188} INFO - [2024-07-02T19:46:36.823+0000] {dag.py:3954} INFO - Setting next_dagrun for example_params_trigger_ui to None, run_after=None
[2024-07-02T19:46:36.869+0000] {processor.py:183} INFO - Processing /usr/local/python/3.10.13/lib/python3.10/site-packages/airflow/example_dags/example_params_trigger_ui.py took 0.134 seconds
[2024-07-02T19:47:23.843+0000] {processor.py:161} INFO - Started process (PID=22768) to work on /usr/local/python/3.10.13/lib/python3.10/site-packages/airflow/example_dags/example_params_trigger_ui.py
[2024-07-02T19:47:23.844+0000] {processor.py:830} INFO - Processing file /usr/local/python/3.10.13/lib/python3.10/site-packages/airflow/example_dags/example_params_trigger_ui.py for tasks to queue
[2024-07-02T19:47:23.845+0000] {logging_mixin.py:188} INFO - [2024-07-02T19:47:23.844+0000] {dagbag.py:545} INFO - Filling up the DagBag from /usr/local/python/3.10.13/lib/python3.10/site-packages/airflow/example_dags/example_params_trigger_ui.py
[2024-07-02T19:47:23.855+0000] {processor.py:840} INFO - DAG(s) 'example_params_trigger_ui' retrieved from /usr/local/python/3.10.13/lib/python3.10/site-packages/airflow/example_dags/example_params_trigger_ui.py
[2024-07-02T19:47:23.893+0000] {logging_mixin.py:188} INFO - [2024-07-02T19:47:23.893+0000] {dag.py:3096} INFO - Sync 1 DAGs
[2024-07-02T19:47:23.902+0000] {logging_mixin.py:188} INFO - [2024-07-02T19:47:23.902+0000] {dag.py:3954} INFO - Setting next_dagrun for example_params_trigger_ui to None, run_after=None
[2024-07-02T19:47:23.942+0000] {processor.py:183} INFO - Processing /usr/local/python/3.10.13/lib/python3.10/site-packages/airflow/example_dags/example_params_trigger_ui.py took 0.104 seconds
[2024-07-02T19:48:08.111+0000] {processor.py:161} INFO - Started process (PID=23071) to work on /usr/local/python/3.10.13/lib/python3.10/site-packages/airflow/example_dags/example_params_trigger_ui.py
[2024-07-02T19:48:08.112+0000] {processor.py:830} INFO - Processing file /usr/local/python/3.10.13/lib/python3.10/site-packages/airflow/example_dags/example_params_trigger_ui.py for tasks to queue
[2024-07-02T19:48:08.112+0000] {logging_mixin.py:188} INFO - [2024-07-02T19:48:08.112+0000] {dagbag.py:545} INFO - Filling up the DagBag from /usr/local/python/3.10.13/lib/python3.10/site-packages/airflow/example_dags/example_params_trigger_ui.py
[2024-07-02T19:48:08.123+0000] {processor.py:840} INFO - DAG(s) 'example_params_trigger_ui' retrieved from /usr/local/python/3.10.13/lib/python3.10/site-packages/airflow/example_dags/example_params_trigger_ui.py
[2024-07-02T19:48:08.159+0000] {logging_mixin.py:188} INFO - [2024-07-02T19:48:08.159+0000] {dag.py:3096} INFO - Sync 1 DAGs
[2024-07-02T19:48:08.168+0000] {logging_mixin.py:188} INFO - [2024-07-02T19:48:08.168+0000] {dag.py:3954} INFO - Setting next_dagrun for example_params_trigger_ui to None, run_after=None
[2024-07-02T19:48:08.207+0000] {processor.py:183} INFO - Processing /usr/local/python/3.10.13/lib/python3.10/site-packages/airflow/example_dags/example_params_trigger_ui.py took 0.101 seconds
[2024-07-02T19:48:49.963+0000] {processor.py:161} INFO - Started process (PID=23394) to work on /usr/local/python/3.10.13/lib/python3.10/site-packages/airflow/example_dags/example_params_trigger_ui.py
[2024-07-02T19:48:49.963+0000] {processor.py:830} INFO - Processing file /usr/local/python/3.10.13/lib/python3.10/site-packages/airflow/example_dags/example_params_trigger_ui.py for tasks to queue
[2024-07-02T19:48:49.964+0000] {logging_mixin.py:188} INFO - [2024-07-02T19:48:49.964+0000] {dagbag.py:545} INFO - Filling up the DagBag from /usr/local/python/3.10.13/lib/python3.10/site-packages/airflow/example_dags/example_params_trigger_ui.py
[2024-07-02T19:48:49.975+0000] {processor.py:840} INFO - DAG(s) 'example_params_trigger_ui' retrieved from /usr/local/python/3.10.13/lib/python3.10/site-packages/airflow/example_dags/example_params_trigger_ui.py
[2024-07-02T19:48:50.017+0000] {logging_mixin.py:188} INFO - [2024-07-02T19:48:50.017+0000] {dag.py:3096} INFO - Sync 1 DAGs
[2024-07-02T19:48:50.032+0000] {logging_mixin.py:188} INFO - [2024-07-02T19:48:50.032+0000] {dag.py:3954} INFO - Setting next_dagrun for example_params_trigger_ui to None, run_after=None
[2024-07-02T19:48:50.075+0000] {processor.py:183} INFO - Processing /usr/local/python/3.10.13/lib/python3.10/site-packages/airflow/example_dags/example_params_trigger_ui.py took 0.117 seconds
[2024-07-02T19:49:33.687+0000] {processor.py:161} INFO - Started process (PID=23724) to work on /usr/local/python/3.10.13/lib/python3.10/site-packages/airflow/example_dags/example_params_trigger_ui.py
[2024-07-02T19:49:33.687+0000] {processor.py:830} INFO - Processing file /usr/local/python/3.10.13/lib/python3.10/site-packages/airflow/example_dags/example_params_trigger_ui.py for tasks to queue
[2024-07-02T19:49:33.688+0000] {logging_mixin.py:188} INFO - [2024-07-02T19:49:33.688+0000] {dagbag.py:545} INFO - Filling up the DagBag from /usr/local/python/3.10.13/lib/python3.10/site-packages/airflow/example_dags/example_params_trigger_ui.py
[2024-07-02T19:49:33.699+0000] {processor.py:840} INFO - DAG(s) 'example_params_trigger_ui' retrieved from /usr/local/python/3.10.13/lib/python3.10/site-packages/airflow/example_dags/example_params_trigger_ui.py
[2024-07-02T19:49:33.736+0000] {logging_mixin.py:188} INFO - [2024-07-02T19:49:33.736+0000] {dag.py:3096} INFO - Sync 1 DAGs
[2024-07-02T19:49:33.745+0000] {logging_mixin.py:188} INFO - [2024-07-02T19:49:33.745+0000] {dag.py:3954} INFO - Setting next_dagrun for example_params_trigger_ui to None, run_after=None
[2024-07-02T19:49:33.786+0000] {processor.py:183} INFO - Processing /usr/local/python/3.10.13/lib/python3.10/site-packages/airflow/example_dags/example_params_trigger_ui.py took 0.103 seconds
[2024-07-02T19:50:18.122+0000] {processor.py:161} INFO - Started process (PID=24056) to work on /usr/local/python/3.10.13/lib/python3.10/site-packages/airflow/example_dags/example_params_trigger_ui.py
[2024-07-02T19:50:18.122+0000] {processor.py:830} INFO - Processing file /usr/local/python/3.10.13/lib/python3.10/site-packages/airflow/example_dags/example_params_trigger_ui.py for tasks to queue
[2024-07-02T19:50:18.123+0000] {logging_mixin.py:188} INFO - [2024-07-02T19:50:18.123+0000] {dagbag.py:545} INFO - Filling up the DagBag from /usr/local/python/3.10.13/lib/python3.10/site-packages/airflow/example_dags/example_params_trigger_ui.py
[2024-07-02T19:50:18.134+0000] {processor.py:840} INFO - DAG(s) 'example_params_trigger_ui' retrieved from /usr/local/python/3.10.13/lib/python3.10/site-packages/airflow/example_dags/example_params_trigger_ui.py
[2024-07-02T19:50:18.170+0000] {logging_mixin.py:188} INFO - [2024-07-02T19:50:18.170+0000] {dag.py:3096} INFO - Sync 1 DAGs
[2024-07-02T19:50:18.179+0000] {logging_mixin.py:188} INFO - [2024-07-02T19:50:18.179+0000] {dag.py:3954} INFO - Setting next_dagrun for example_params_trigger_ui to None, run_after=None
[2024-07-02T19:50:18.221+0000] {processor.py:183} INFO - Processing /usr/local/python/3.10.13/lib/python3.10/site-packages/airflow/example_dags/example_params_trigger_ui.py took 0.103 seconds
[2024-07-02T19:51:02.958+0000] {processor.py:161} INFO - Started process (PID=24409) to work on /usr/local/python/3.10.13/lib/python3.10/site-packages/airflow/example_dags/example_params_trigger_ui.py
[2024-07-02T19:51:02.958+0000] {processor.py:830} INFO - Processing file /usr/local/python/3.10.13/lib/python3.10/site-packages/airflow/example_dags/example_params_trigger_ui.py for tasks to queue
[2024-07-02T19:51:02.959+0000] {logging_mixin.py:188} INFO - [2024-07-02T19:51:02.959+0000] {dagbag.py:545} INFO - Filling up the DagBag from /usr/local/python/3.10.13/lib/python3.10/site-packages/airflow/example_dags/example_params_trigger_ui.py
[2024-07-02T19:51:02.970+0000] {processor.py:840} INFO - DAG(s) 'example_params_trigger_ui' retrieved from /usr/local/python/3.10.13/lib/python3.10/site-packages/airflow/example_dags/example_params_trigger_ui.py
[2024-07-02T19:51:03.028+0000] {logging_mixin.py:188} INFO - [2024-07-02T19:51:03.028+0000] {dag.py:3096} INFO - Sync 1 DAGs
[2024-07-02T19:51:03.037+0000] {logging_mixin.py:188} INFO - [2024-07-02T19:51:03.036+0000] {dag.py:3954} INFO - Setting next_dagrun for example_params_trigger_ui to None, run_after=None
[2024-07-02T19:51:03.078+0000] {processor.py:183} INFO - Processing /usr/local/python/3.10.13/lib/python3.10/site-packages/airflow/example_dags/example_params_trigger_ui.py took 0.125 seconds
[2024-07-02T19:51:48.615+0000] {processor.py:161} INFO - Started process (PID=24744) to work on /usr/local/python/3.10.13/lib/python3.10/site-packages/airflow/example_dags/example_params_trigger_ui.py
[2024-07-02T19:51:48.616+0000] {processor.py:830} INFO - Processing file /usr/local/python/3.10.13/lib/python3.10/site-packages/airflow/example_dags/example_params_trigger_ui.py for tasks to queue
[2024-07-02T19:51:48.616+0000] {logging_mixin.py:188} INFO - [2024-07-02T19:51:48.616+0000] {dagbag.py:545} INFO - Filling up the DagBag from /usr/local/python/3.10.13/lib/python3.10/site-packages/airflow/example_dags/example_params_trigger_ui.py
[2024-07-02T19:51:48.628+0000] {processor.py:840} INFO - DAG(s) 'example_params_trigger_ui' retrieved from /usr/local/python/3.10.13/lib/python3.10/site-packages/airflow/example_dags/example_params_trigger_ui.py
[2024-07-02T19:51:48.663+0000] {logging_mixin.py:188} INFO - [2024-07-02T19:51:48.663+0000] {dag.py:3096} INFO - Sync 1 DAGs
[2024-07-02T19:51:48.672+0000] {logging_mixin.py:188} INFO - [2024-07-02T19:51:48.672+0000] {dag.py:3954} INFO - Setting next_dagrun for example_params_trigger_ui to None, run_after=None
[2024-07-02T19:51:48.715+0000] {processor.py:183} INFO - Processing /usr/local/python/3.10.13/lib/python3.10/site-packages/airflow/example_dags/example_params_trigger_ui.py took 0.105 seconds
[2024-07-02T19:52:32.407+0000] {processor.py:161} INFO - Started process (PID=25069) to work on /usr/local/python/3.10.13/lib/python3.10/site-packages/airflow/example_dags/example_params_trigger_ui.py
[2024-07-02T19:52:32.407+0000] {processor.py:830} INFO - Processing file /usr/local/python/3.10.13/lib/python3.10/site-packages/airflow/example_dags/example_params_trigger_ui.py for tasks to queue
[2024-07-02T19:52:32.408+0000] {logging_mixin.py:188} INFO - [2024-07-02T19:52:32.408+0000] {dagbag.py:545} INFO - Filling up the DagBag from /usr/local/python/3.10.13/lib/python3.10/site-packages/airflow/example_dags/example_params_trigger_ui.py
[2024-07-02T19:52:32.419+0000] {processor.py:840} INFO - DAG(s) 'example_params_trigger_ui' retrieved from /usr/local/python/3.10.13/lib/python3.10/site-packages/airflow/example_dags/example_params_trigger_ui.py
[2024-07-02T19:52:32.455+0000] {logging_mixin.py:188} INFO - [2024-07-02T19:52:32.455+0000] {dag.py:3096} INFO - Sync 1 DAGs
[2024-07-02T19:52:32.463+0000] {logging_mixin.py:188} INFO - [2024-07-02T19:52:32.463+0000] {dag.py:3954} INFO - Setting next_dagrun for example_params_trigger_ui to None, run_after=None
[2024-07-02T19:52:32.503+0000] {processor.py:183} INFO - Processing /usr/local/python/3.10.13/lib/python3.10/site-packages/airflow/example_dags/example_params_trigger_ui.py took 0.101 seconds
[2024-07-02T19:53:16.882+0000] {processor.py:161} INFO - Started process (PID=25417) to work on /usr/local/python/3.10.13/lib/python3.10/site-packages/airflow/example_dags/example_params_trigger_ui.py
[2024-07-02T19:53:16.883+0000] {processor.py:830} INFO - Processing file /usr/local/python/3.10.13/lib/python3.10/site-packages/airflow/example_dags/example_params_trigger_ui.py for tasks to queue
[2024-07-02T19:53:16.884+0000] {logging_mixin.py:188} INFO - [2024-07-02T19:53:16.883+0000] {dagbag.py:545} INFO - Filling up the DagBag from /usr/local/python/3.10.13/lib/python3.10/site-packages/airflow/example_dags/example_params_trigger_ui.py
[2024-07-02T19:53:16.894+0000] {processor.py:840} INFO - DAG(s) 'example_params_trigger_ui' retrieved from /usr/local/python/3.10.13/lib/python3.10/site-packages/airflow/example_dags/example_params_trigger_ui.py
[2024-07-02T19:53:16.931+0000] {logging_mixin.py:188} INFO - [2024-07-02T19:53:16.931+0000] {dag.py:3096} INFO - Sync 1 DAGs
[2024-07-02T19:53:16.940+0000] {logging_mixin.py:188} INFO - [2024-07-02T19:53:16.940+0000] {dag.py:3954} INFO - Setting next_dagrun for example_params_trigger_ui to None, run_after=None
[2024-07-02T19:53:16.979+0000] {processor.py:183} INFO - Processing /usr/local/python/3.10.13/lib/python3.10/site-packages/airflow/example_dags/example_params_trigger_ui.py took 0.101 seconds
[2024-07-02T19:54:02.046+0000] {processor.py:161} INFO - Started process (PID=25750) to work on /usr/local/python/3.10.13/lib/python3.10/site-packages/airflow/example_dags/example_params_trigger_ui.py
[2024-07-02T19:54:02.046+0000] {processor.py:830} INFO - Processing file /usr/local/python/3.10.13/lib/python3.10/site-packages/airflow/example_dags/example_params_trigger_ui.py for tasks to queue
[2024-07-02T19:54:02.047+0000] {logging_mixin.py:188} INFO - [2024-07-02T19:54:02.047+0000] {dagbag.py:545} INFO - Filling up the DagBag from /usr/local/python/3.10.13/lib/python3.10/site-packages/airflow/example_dags/example_params_trigger_ui.py
[2024-07-02T19:54:02.058+0000] {processor.py:840} INFO - DAG(s) 'example_params_trigger_ui' retrieved from /usr/local/python/3.10.13/lib/python3.10/site-packages/airflow/example_dags/example_params_trigger_ui.py
[2024-07-02T19:54:02.093+0000] {logging_mixin.py:188} INFO - [2024-07-02T19:54:02.093+0000] {dag.py:3096} INFO - Sync 1 DAGs
[2024-07-02T19:54:02.102+0000] {logging_mixin.py:188} INFO - [2024-07-02T19:54:02.102+0000] {dag.py:3954} INFO - Setting next_dagrun for example_params_trigger_ui to None, run_after=None
[2024-07-02T19:54:02.145+0000] {processor.py:183} INFO - Processing /usr/local/python/3.10.13/lib/python3.10/site-packages/airflow/example_dags/example_params_trigger_ui.py took 0.104 seconds
[2024-07-02T19:54:45.690+0000] {processor.py:161} INFO - Started process (PID=26097) to work on /usr/local/python/3.10.13/lib/python3.10/site-packages/airflow/example_dags/example_params_trigger_ui.py
[2024-07-02T19:54:45.691+0000] {processor.py:830} INFO - Processing file /usr/local/python/3.10.13/lib/python3.10/site-packages/airflow/example_dags/example_params_trigger_ui.py for tasks to queue
[2024-07-02T19:54:45.692+0000] {logging_mixin.py:188} INFO - [2024-07-02T19:54:45.691+0000] {dagbag.py:545} INFO - Filling up the DagBag from /usr/local/python/3.10.13/lib/python3.10/site-packages/airflow/example_dags/example_params_trigger_ui.py
[2024-07-02T19:54:45.708+0000] {processor.py:840} INFO - DAG(s) 'example_params_trigger_ui' retrieved from /usr/local/python/3.10.13/lib/python3.10/site-packages/airflow/example_dags/example_params_trigger_ui.py
[2024-07-02T19:54:45.744+0000] {logging_mixin.py:188} INFO - [2024-07-02T19:54:45.744+0000] {dag.py:3096} INFO - Sync 1 DAGs
[2024-07-02T19:54:45.752+0000] {logging_mixin.py:188} INFO - [2024-07-02T19:54:45.752+0000] {dag.py:3954} INFO - Setting next_dagrun for example_params_trigger_ui to None, run_after=None
[2024-07-02T19:54:45.794+0000] {processor.py:183} INFO - Processing /usr/local/python/3.10.13/lib/python3.10/site-packages/airflow/example_dags/example_params_trigger_ui.py took 0.108 seconds
[2024-07-02T19:55:27.434+0000] {processor.py:161} INFO - Started process (PID=26417) to work on /usr/local/python/3.10.13/lib/python3.10/site-packages/airflow/example_dags/example_params_trigger_ui.py
[2024-07-02T19:55:27.435+0000] {processor.py:830} INFO - Processing file /usr/local/python/3.10.13/lib/python3.10/site-packages/airflow/example_dags/example_params_trigger_ui.py for tasks to queue
[2024-07-02T19:55:27.435+0000] {logging_mixin.py:188} INFO - [2024-07-02T19:55:27.435+0000] {dagbag.py:545} INFO - Filling up the DagBag from /usr/local/python/3.10.13/lib/python3.10/site-packages/airflow/example_dags/example_params_trigger_ui.py
[2024-07-02T19:55:27.451+0000] {processor.py:840} INFO - DAG(s) 'example_params_trigger_ui' retrieved from /usr/local/python/3.10.13/lib/python3.10/site-packages/airflow/example_dags/example_params_trigger_ui.py
[2024-07-02T19:55:27.509+0000] {logging_mixin.py:188} INFO - [2024-07-02T19:55:27.509+0000] {dag.py:3096} INFO - Sync 1 DAGs
[2024-07-02T19:55:27.518+0000] {logging_mixin.py:188} INFO - [2024-07-02T19:55:27.517+0000] {dag.py:3954} INFO - Setting next_dagrun for example_params_trigger_ui to None, run_after=None
[2024-07-02T19:55:27.558+0000] {processor.py:183} INFO - Processing /usr/local/python/3.10.13/lib/python3.10/site-packages/airflow/example_dags/example_params_trigger_ui.py took 0.128 seconds
[2024-07-02T19:56:14.068+0000] {processor.py:161} INFO - Started process (PID=26827) to work on /usr/local/python/3.10.13/lib/python3.10/site-packages/airflow/example_dags/example_params_trigger_ui.py
[2024-07-02T19:56:14.068+0000] {processor.py:830} INFO - Processing file /usr/local/python/3.10.13/lib/python3.10/site-packages/airflow/example_dags/example_params_trigger_ui.py for tasks to queue
[2024-07-02T19:56:14.069+0000] {logging_mixin.py:188} INFO - [2024-07-02T19:56:14.069+0000] {dagbag.py:545} INFO - Filling up the DagBag from /usr/local/python/3.10.13/lib/python3.10/site-packages/airflow/example_dags/example_params_trigger_ui.py
[2024-07-02T19:56:14.080+0000] {processor.py:840} INFO - DAG(s) 'example_params_trigger_ui' retrieved from /usr/local/python/3.10.13/lib/python3.10/site-packages/airflow/example_dags/example_params_trigger_ui.py
[2024-07-02T19:56:14.116+0000] {logging_mixin.py:188} INFO - [2024-07-02T19:56:14.115+0000] {dag.py:3096} INFO - Sync 1 DAGs
[2024-07-02T19:56:14.125+0000] {logging_mixin.py:188} INFO - [2024-07-02T19:56:14.124+0000] {dag.py:3954} INFO - Setting next_dagrun for example_params_trigger_ui to None, run_after=None
[2024-07-02T19:56:14.163+0000] {processor.py:183} INFO - Processing /usr/local/python/3.10.13/lib/python3.10/site-packages/airflow/example_dags/example_params_trigger_ui.py took 0.100 seconds
[2024-07-02T19:57:07.097+0000] {processor.py:161} INFO - Started process (PID=27284) to work on /usr/local/python/3.10.13/lib/python3.10/site-packages/airflow/example_dags/example_params_trigger_ui.py
[2024-07-02T19:57:07.097+0000] {processor.py:830} INFO - Processing file /usr/local/python/3.10.13/lib/python3.10/site-packages/airflow/example_dags/example_params_trigger_ui.py for tasks to queue
[2024-07-02T19:57:07.098+0000] {logging_mixin.py:188} INFO - [2024-07-02T19:57:07.098+0000] {dagbag.py:545} INFO - Filling up the DagBag from /usr/local/python/3.10.13/lib/python3.10/site-packages/airflow/example_dags/example_params_trigger_ui.py
[2024-07-02T19:57:07.109+0000] {processor.py:840} INFO - DAG(s) 'example_params_trigger_ui' retrieved from /usr/local/python/3.10.13/lib/python3.10/site-packages/airflow/example_dags/example_params_trigger_ui.py
[2024-07-02T19:57:07.145+0000] {logging_mixin.py:188} INFO - [2024-07-02T19:57:07.144+0000] {dag.py:3096} INFO - Sync 1 DAGs
[2024-07-02T19:57:07.153+0000] {logging_mixin.py:188} INFO - [2024-07-02T19:57:07.153+0000] {dag.py:3954} INFO - Setting next_dagrun for example_params_trigger_ui to None, run_after=None
[2024-07-02T19:57:07.192+0000] {processor.py:183} INFO - Processing /usr/local/python/3.10.13/lib/python3.10/site-packages/airflow/example_dags/example_params_trigger_ui.py took 0.100 seconds
