[2024-07-02T19:10:47.493+0000] {processor.py:161} INFO - Started process (PID=5771) to work on /usr/local/python/3.10.13/lib/python3.10/site-packages/airflow/example_dags/example_python_operator.py
[2024-07-02T19:10:47.494+0000] {processor.py:830} INFO - Processing file /usr/local/python/3.10.13/lib/python3.10/site-packages/airflow/example_dags/example_python_operator.py for tasks to queue
[2024-07-02T19:10:47.495+0000] {logging_mixin.py:188} INFO - [2024-07-02T19:10:47.495+0000] {dagbag.py:545} INFO - Filling up the DagBag from /usr/local/python/3.10.13/lib/python3.10/site-packages/airflow/example_dags/example_python_operator.py
[2024-07-02T19:10:47.503+0000] {processor.py:840} INFO - DAG(s) 'example_python_operator' retrieved from /usr/local/python/3.10.13/lib/python3.10/site-packages/airflow/example_dags/example_python_operator.py
[2024-07-02T19:10:47.732+0000] {logging_mixin.py:188} INFO - [2024-07-02T19:10:47.732+0000] {override.py:1829} INFO - Created Permission View: can edit on DAG:example_python_operator
[2024-07-02T19:10:47.765+0000] {logging_mixin.py:188} INFO - [2024-07-02T19:10:47.764+0000] {override.py:1829} INFO - Created Permission View: can read on DAG:example_python_operator
[2024-07-02T19:10:47.806+0000] {logging_mixin.py:188} INFO - [2024-07-02T19:10:47.805+0000] {override.py:1829} INFO - Created Permission View: can delete on DAG:example_python_operator
[2024-07-02T19:10:47.806+0000] {logging_mixin.py:188} INFO - [2024-07-02T19:10:47.806+0000] {dag.py:3096} INFO - Sync 1 DAGs
[2024-07-02T19:10:47.813+0000] {logging_mixin.py:188} INFO - [2024-07-02T19:10:47.813+0000] {dag.py:3118} INFO - Creating ORM DAG for example_python_operator
[2024-07-02T19:10:47.814+0000] {logging_mixin.py:188} INFO - [2024-07-02T19:10:47.814+0000] {dag.py:3954} INFO - Setting next_dagrun for example_python_operator to None, run_after=None
[2024-07-02T19:10:47.858+0000] {processor.py:183} INFO - Processing /usr/local/python/3.10.13/lib/python3.10/site-packages/airflow/example_dags/example_python_operator.py took 0.371 seconds
[2024-07-02T19:11:45.636+0000] {processor.py:161} INFO - Started process (PID=6212) to work on /usr/local/python/3.10.13/lib/python3.10/site-packages/airflow/example_dags/example_python_operator.py
[2024-07-02T19:11:45.637+0000] {processor.py:830} INFO - Processing file /usr/local/python/3.10.13/lib/python3.10/site-packages/airflow/example_dags/example_python_operator.py for tasks to queue
[2024-07-02T19:11:45.639+0000] {logging_mixin.py:188} INFO - [2024-07-02T19:11:45.639+0000] {dagbag.py:545} INFO - Filling up the DagBag from /usr/local/python/3.10.13/lib/python3.10/site-packages/airflow/example_dags/example_python_operator.py
[2024-07-02T19:11:45.653+0000] {processor.py:840} INFO - DAG(s) 'example_python_operator' retrieved from /usr/local/python/3.10.13/lib/python3.10/site-packages/airflow/example_dags/example_python_operator.py
[2024-07-02T19:11:45.672+0000] {logging_mixin.py:188} INFO - [2024-07-02T19:11:45.671+0000] {dag.py:3096} INFO - Sync 1 DAGs
[2024-07-02T19:11:45.681+0000] {logging_mixin.py:188} INFO - [2024-07-02T19:11:45.681+0000] {dag.py:3954} INFO - Setting next_dagrun for example_python_operator to None, run_after=None
[2024-07-02T19:11:45.721+0000] {processor.py:183} INFO - Processing /usr/local/python/3.10.13/lib/python3.10/site-packages/airflow/example_dags/example_python_operator.py took 0.092 seconds
[2024-07-02T19:12:36.069+0000] {processor.py:161} INFO - Started process (PID=6593) to work on /usr/local/python/3.10.13/lib/python3.10/site-packages/airflow/example_dags/example_python_operator.py
[2024-07-02T19:12:36.070+0000] {processor.py:830} INFO - Processing file /usr/local/python/3.10.13/lib/python3.10/site-packages/airflow/example_dags/example_python_operator.py for tasks to queue
[2024-07-02T19:12:36.071+0000] {logging_mixin.py:188} INFO - [2024-07-02T19:12:36.071+0000] {dagbag.py:545} INFO - Filling up the DagBag from /usr/local/python/3.10.13/lib/python3.10/site-packages/airflow/example_dags/example_python_operator.py
[2024-07-02T19:12:36.080+0000] {processor.py:840} INFO - DAG(s) 'example_python_operator' retrieved from /usr/local/python/3.10.13/lib/python3.10/site-packages/airflow/example_dags/example_python_operator.py
[2024-07-02T19:12:36.094+0000] {logging_mixin.py:188} INFO - [2024-07-02T19:12:36.094+0000] {dag.py:3096} INFO - Sync 1 DAGs
[2024-07-02T19:12:36.103+0000] {logging_mixin.py:188} INFO - [2024-07-02T19:12:36.103+0000] {dag.py:3954} INFO - Setting next_dagrun for example_python_operator to None, run_after=None
[2024-07-02T19:12:36.145+0000] {processor.py:183} INFO - Processing /usr/local/python/3.10.13/lib/python3.10/site-packages/airflow/example_dags/example_python_operator.py took 0.080 seconds
[2024-07-02T19:13:38.343+0000] {processor.py:161} INFO - Started process (PID=7067) to work on /usr/local/python/3.10.13/lib/python3.10/site-packages/airflow/example_dags/example_python_operator.py
[2024-07-02T19:13:38.343+0000] {processor.py:830} INFO - Processing file /usr/local/python/3.10.13/lib/python3.10/site-packages/airflow/example_dags/example_python_operator.py for tasks to queue
[2024-07-02T19:13:38.345+0000] {logging_mixin.py:188} INFO - [2024-07-02T19:13:38.344+0000] {dagbag.py:545} INFO - Filling up the DagBag from /usr/local/python/3.10.13/lib/python3.10/site-packages/airflow/example_dags/example_python_operator.py
[2024-07-02T19:13:38.353+0000] {processor.py:840} INFO - DAG(s) 'example_python_operator' retrieved from /usr/local/python/3.10.13/lib/python3.10/site-packages/airflow/example_dags/example_python_operator.py
[2024-07-02T19:13:38.366+0000] {logging_mixin.py:188} INFO - [2024-07-02T19:13:38.366+0000] {dag.py:3096} INFO - Sync 1 DAGs
[2024-07-02T19:13:38.375+0000] {logging_mixin.py:188} INFO - [2024-07-02T19:13:38.375+0000] {dag.py:3954} INFO - Setting next_dagrun for example_python_operator to None, run_after=None
[2024-07-02T19:13:38.418+0000] {processor.py:183} INFO - Processing /usr/local/python/3.10.13/lib/python3.10/site-packages/airflow/example_dags/example_python_operator.py took 0.081 seconds
[2024-07-02T19:14:38.792+0000] {processor.py:161} INFO - Started process (PID=7535) to work on /usr/local/python/3.10.13/lib/python3.10/site-packages/airflow/example_dags/example_python_operator.py
[2024-07-02T19:14:38.792+0000] {processor.py:830} INFO - Processing file /usr/local/python/3.10.13/lib/python3.10/site-packages/airflow/example_dags/example_python_operator.py for tasks to queue
[2024-07-02T19:14:38.793+0000] {logging_mixin.py:188} INFO - [2024-07-02T19:14:38.793+0000] {dagbag.py:545} INFO - Filling up the DagBag from /usr/local/python/3.10.13/lib/python3.10/site-packages/airflow/example_dags/example_python_operator.py
[2024-07-02T19:14:38.802+0000] {processor.py:840} INFO - DAG(s) 'example_python_operator' retrieved from /usr/local/python/3.10.13/lib/python3.10/site-packages/airflow/example_dags/example_python_operator.py
[2024-07-02T19:14:38.815+0000] {logging_mixin.py:188} INFO - [2024-07-02T19:14:38.814+0000] {dag.py:3096} INFO - Sync 1 DAGs
[2024-07-02T19:14:38.823+0000] {logging_mixin.py:188} INFO - [2024-07-02T19:14:38.823+0000] {dag.py:3954} INFO - Setting next_dagrun for example_python_operator to None, run_after=None
[2024-07-02T19:14:38.863+0000] {processor.py:183} INFO - Processing /usr/local/python/3.10.13/lib/python3.10/site-packages/airflow/example_dags/example_python_operator.py took 0.076 seconds
[2024-07-02T19:15:28.210+0000] {processor.py:161} INFO - Started process (PID=7911) to work on /usr/local/python/3.10.13/lib/python3.10/site-packages/airflow/example_dags/example_python_operator.py
[2024-07-02T19:15:28.211+0000] {processor.py:830} INFO - Processing file /usr/local/python/3.10.13/lib/python3.10/site-packages/airflow/example_dags/example_python_operator.py for tasks to queue
[2024-07-02T19:15:28.212+0000] {logging_mixin.py:188} INFO - [2024-07-02T19:15:28.212+0000] {dagbag.py:545} INFO - Filling up the DagBag from /usr/local/python/3.10.13/lib/python3.10/site-packages/airflow/example_dags/example_python_operator.py
[2024-07-02T19:15:28.221+0000] {processor.py:840} INFO - DAG(s) 'example_python_operator' retrieved from /usr/local/python/3.10.13/lib/python3.10/site-packages/airflow/example_dags/example_python_operator.py
[2024-07-02T19:15:28.235+0000] {logging_mixin.py:188} INFO - [2024-07-02T19:15:28.235+0000] {dag.py:3096} INFO - Sync 1 DAGs
[2024-07-02T19:15:28.243+0000] {logging_mixin.py:188} INFO - [2024-07-02T19:15:28.243+0000] {dag.py:3954} INFO - Setting next_dagrun for example_python_operator to None, run_after=None
[2024-07-02T19:15:28.284+0000] {processor.py:183} INFO - Processing /usr/local/python/3.10.13/lib/python3.10/site-packages/airflow/example_dags/example_python_operator.py took 0.078 seconds
[2024-07-02T19:16:32.164+0000] {processor.py:161} INFO - Started process (PID=8392) to work on /usr/local/python/3.10.13/lib/python3.10/site-packages/airflow/example_dags/example_python_operator.py
[2024-07-02T19:16:32.165+0000] {processor.py:830} INFO - Processing file /usr/local/python/3.10.13/lib/python3.10/site-packages/airflow/example_dags/example_python_operator.py for tasks to queue
[2024-07-02T19:16:32.166+0000] {logging_mixin.py:188} INFO - [2024-07-02T19:16:32.166+0000] {dagbag.py:545} INFO - Filling up the DagBag from /usr/local/python/3.10.13/lib/python3.10/site-packages/airflow/example_dags/example_python_operator.py
[2024-07-02T19:16:32.175+0000] {processor.py:840} INFO - DAG(s) 'example_python_operator' retrieved from /usr/local/python/3.10.13/lib/python3.10/site-packages/airflow/example_dags/example_python_operator.py
[2024-07-02T19:16:32.188+0000] {logging_mixin.py:188} INFO - [2024-07-02T19:16:32.188+0000] {dag.py:3096} INFO - Sync 1 DAGs
[2024-07-02T19:16:32.197+0000] {logging_mixin.py:188} INFO - [2024-07-02T19:16:32.197+0000] {dag.py:3954} INFO - Setting next_dagrun for example_python_operator to None, run_after=None
[2024-07-02T19:16:32.237+0000] {processor.py:183} INFO - Processing /usr/local/python/3.10.13/lib/python3.10/site-packages/airflow/example_dags/example_python_operator.py took 0.077 seconds
[2024-07-02T19:17:39.839+0000] {processor.py:161} INFO - Started process (PID=8907) to work on /usr/local/python/3.10.13/lib/python3.10/site-packages/airflow/example_dags/example_python_operator.py
[2024-07-02T19:17:39.840+0000] {processor.py:830} INFO - Processing file /usr/local/python/3.10.13/lib/python3.10/site-packages/airflow/example_dags/example_python_operator.py for tasks to queue
[2024-07-02T19:17:39.840+0000] {logging_mixin.py:188} INFO - [2024-07-02T19:17:39.840+0000] {dagbag.py:545} INFO - Filling up the DagBag from /usr/local/python/3.10.13/lib/python3.10/site-packages/airflow/example_dags/example_python_operator.py
[2024-07-02T19:17:39.849+0000] {processor.py:840} INFO - DAG(s) 'example_python_operator' retrieved from /usr/local/python/3.10.13/lib/python3.10/site-packages/airflow/example_dags/example_python_operator.py
[2024-07-02T19:17:39.862+0000] {logging_mixin.py:188} INFO - [2024-07-02T19:17:39.862+0000] {dag.py:3096} INFO - Sync 1 DAGs
[2024-07-02T19:17:39.871+0000] {logging_mixin.py:188} INFO - [2024-07-02T19:17:39.871+0000] {dag.py:3954} INFO - Setting next_dagrun for example_python_operator to None, run_after=None
[2024-07-02T19:17:39.913+0000] {processor.py:183} INFO - Processing /usr/local/python/3.10.13/lib/python3.10/site-packages/airflow/example_dags/example_python_operator.py took 0.079 seconds
[2024-07-02T19:18:42.857+0000] {processor.py:161} INFO - Started process (PID=9382) to work on /usr/local/python/3.10.13/lib/python3.10/site-packages/airflow/example_dags/example_python_operator.py
[2024-07-02T19:18:42.857+0000] {processor.py:830} INFO - Processing file /usr/local/python/3.10.13/lib/python3.10/site-packages/airflow/example_dags/example_python_operator.py for tasks to queue
[2024-07-02T19:18:42.858+0000] {logging_mixin.py:188} INFO - [2024-07-02T19:18:42.858+0000] {dagbag.py:545} INFO - Filling up the DagBag from /usr/local/python/3.10.13/lib/python3.10/site-packages/airflow/example_dags/example_python_operator.py
[2024-07-02T19:18:42.866+0000] {processor.py:840} INFO - DAG(s) 'example_python_operator' retrieved from /usr/local/python/3.10.13/lib/python3.10/site-packages/airflow/example_dags/example_python_operator.py
[2024-07-02T19:18:42.880+0000] {logging_mixin.py:188} INFO - [2024-07-02T19:18:42.880+0000] {dag.py:3096} INFO - Sync 1 DAGs
[2024-07-02T19:18:42.888+0000] {logging_mixin.py:188} INFO - [2024-07-02T19:18:42.888+0000] {dag.py:3954} INFO - Setting next_dagrun for example_python_operator to None, run_after=None
[2024-07-02T19:18:42.928+0000] {processor.py:183} INFO - Processing /usr/local/python/3.10.13/lib/python3.10/site-packages/airflow/example_dags/example_python_operator.py took 0.076 seconds
[2024-07-02T19:19:49.710+0000] {processor.py:161} INFO - Started process (PID=9875) to work on /usr/local/python/3.10.13/lib/python3.10/site-packages/airflow/example_dags/example_python_operator.py
[2024-07-02T19:19:49.710+0000] {processor.py:830} INFO - Processing file /usr/local/python/3.10.13/lib/python3.10/site-packages/airflow/example_dags/example_python_operator.py for tasks to queue
[2024-07-02T19:19:49.711+0000] {logging_mixin.py:188} INFO - [2024-07-02T19:19:49.711+0000] {dagbag.py:545} INFO - Filling up the DagBag from /usr/local/python/3.10.13/lib/python3.10/site-packages/airflow/example_dags/example_python_operator.py
[2024-07-02T19:19:49.720+0000] {processor.py:840} INFO - DAG(s) 'example_python_operator' retrieved from /usr/local/python/3.10.13/lib/python3.10/site-packages/airflow/example_dags/example_python_operator.py
[2024-07-02T19:19:49.733+0000] {logging_mixin.py:188} INFO - [2024-07-02T19:19:49.733+0000] {dag.py:3096} INFO - Sync 1 DAGs
[2024-07-02T19:19:49.742+0000] {logging_mixin.py:188} INFO - [2024-07-02T19:19:49.742+0000] {dag.py:3954} INFO - Setting next_dagrun for example_python_operator to None, run_after=None
[2024-07-02T19:19:49.781+0000] {processor.py:183} INFO - Processing /usr/local/python/3.10.13/lib/python3.10/site-packages/airflow/example_dags/example_python_operator.py took 0.076 seconds
[2024-07-02T19:20:36.976+0000] {processor.py:161} INFO - Started process (PID=10235) to work on /usr/local/python/3.10.13/lib/python3.10/site-packages/airflow/example_dags/example_python_operator.py
[2024-07-02T19:20:36.977+0000] {processor.py:830} INFO - Processing file /usr/local/python/3.10.13/lib/python3.10/site-packages/airflow/example_dags/example_python_operator.py for tasks to queue
[2024-07-02T19:20:36.978+0000] {logging_mixin.py:188} INFO - [2024-07-02T19:20:36.977+0000] {dagbag.py:545} INFO - Filling up the DagBag from /usr/local/python/3.10.13/lib/python3.10/site-packages/airflow/example_dags/example_python_operator.py
[2024-07-02T19:20:36.986+0000] {processor.py:840} INFO - DAG(s) 'example_python_operator' retrieved from /usr/local/python/3.10.13/lib/python3.10/site-packages/airflow/example_dags/example_python_operator.py
[2024-07-02T19:20:37.000+0000] {logging_mixin.py:188} INFO - [2024-07-02T19:20:37.000+0000] {dag.py:3096} INFO - Sync 1 DAGs
[2024-07-02T19:20:37.009+0000] {logging_mixin.py:188} INFO - [2024-07-02T19:20:37.009+0000] {dag.py:3954} INFO - Setting next_dagrun for example_python_operator to None, run_after=None
[2024-07-02T19:20:37.052+0000] {processor.py:183} INFO - Processing /usr/local/python/3.10.13/lib/python3.10/site-packages/airflow/example_dags/example_python_operator.py took 0.080 seconds
[2024-07-02T19:21:23.467+0000] {processor.py:161} INFO - Started process (PID=10602) to work on /usr/local/python/3.10.13/lib/python3.10/site-packages/airflow/example_dags/example_python_operator.py
[2024-07-02T19:21:23.468+0000] {processor.py:830} INFO - Processing file /usr/local/python/3.10.13/lib/python3.10/site-packages/airflow/example_dags/example_python_operator.py for tasks to queue
[2024-07-02T19:21:23.469+0000] {logging_mixin.py:188} INFO - [2024-07-02T19:21:23.468+0000] {dagbag.py:545} INFO - Filling up the DagBag from /usr/local/python/3.10.13/lib/python3.10/site-packages/airflow/example_dags/example_python_operator.py
[2024-07-02T19:21:23.478+0000] {processor.py:840} INFO - DAG(s) 'example_python_operator' retrieved from /usr/local/python/3.10.13/lib/python3.10/site-packages/airflow/example_dags/example_python_operator.py
[2024-07-02T19:21:23.492+0000] {logging_mixin.py:188} INFO - [2024-07-02T19:21:23.492+0000] {dag.py:3096} INFO - Sync 1 DAGs
[2024-07-02T19:21:23.504+0000] {logging_mixin.py:188} INFO - [2024-07-02T19:21:23.504+0000] {dag.py:3954} INFO - Setting next_dagrun for example_python_operator to None, run_after=None
[2024-07-02T19:21:23.551+0000] {processor.py:183} INFO - Processing /usr/local/python/3.10.13/lib/python3.10/site-packages/airflow/example_dags/example_python_operator.py took 0.088 seconds
[2024-07-02T19:22:10.580+0000] {processor.py:161} INFO - Started process (PID=10940) to work on /usr/local/python/3.10.13/lib/python3.10/site-packages/airflow/example_dags/example_python_operator.py
[2024-07-02T19:22:10.581+0000] {processor.py:830} INFO - Processing file /usr/local/python/3.10.13/lib/python3.10/site-packages/airflow/example_dags/example_python_operator.py for tasks to queue
[2024-07-02T19:22:10.581+0000] {logging_mixin.py:188} INFO - [2024-07-02T19:22:10.581+0000] {dagbag.py:545} INFO - Filling up the DagBag from /usr/local/python/3.10.13/lib/python3.10/site-packages/airflow/example_dags/example_python_operator.py
[2024-07-02T19:22:10.590+0000] {processor.py:840} INFO - DAG(s) 'example_python_operator' retrieved from /usr/local/python/3.10.13/lib/python3.10/site-packages/airflow/example_dags/example_python_operator.py
[2024-07-02T19:22:10.603+0000] {logging_mixin.py:188} INFO - [2024-07-02T19:22:10.603+0000] {dag.py:3096} INFO - Sync 1 DAGs
[2024-07-02T19:22:10.611+0000] {logging_mixin.py:188} INFO - [2024-07-02T19:22:10.611+0000] {dag.py:3954} INFO - Setting next_dagrun for example_python_operator to None, run_after=None
[2024-07-02T19:22:10.653+0000] {processor.py:183} INFO - Processing /usr/local/python/3.10.13/lib/python3.10/site-packages/airflow/example_dags/example_python_operator.py took 0.077 seconds
[2024-07-02T19:23:13.727+0000] {processor.py:161} INFO - Started process (PID=11426) to work on /usr/local/python/3.10.13/lib/python3.10/site-packages/airflow/example_dags/example_python_operator.py
[2024-07-02T19:23:13.728+0000] {processor.py:830} INFO - Processing file /usr/local/python/3.10.13/lib/python3.10/site-packages/airflow/example_dags/example_python_operator.py for tasks to queue
[2024-07-02T19:23:13.729+0000] {logging_mixin.py:188} INFO - [2024-07-02T19:23:13.729+0000] {dagbag.py:545} INFO - Filling up the DagBag from /usr/local/python/3.10.13/lib/python3.10/site-packages/airflow/example_dags/example_python_operator.py
[2024-07-02T19:23:13.743+0000] {processor.py:840} INFO - DAG(s) 'example_python_operator' retrieved from /usr/local/python/3.10.13/lib/python3.10/site-packages/airflow/example_dags/example_python_operator.py
[2024-07-02T19:23:13.764+0000] {logging_mixin.py:188} INFO - [2024-07-02T19:23:13.764+0000] {dag.py:3096} INFO - Sync 1 DAGs
[2024-07-02T19:23:13.773+0000] {logging_mixin.py:188} INFO - [2024-07-02T19:23:13.773+0000] {dag.py:3954} INFO - Setting next_dagrun for example_python_operator to None, run_after=None
[2024-07-02T19:23:13.819+0000] {processor.py:183} INFO - Processing /usr/local/python/3.10.13/lib/python3.10/site-packages/airflow/example_dags/example_python_operator.py took 0.098 seconds
[2024-07-02T19:24:17.333+0000] {processor.py:161} INFO - Started process (PID=11923) to work on /usr/local/python/3.10.13/lib/python3.10/site-packages/airflow/example_dags/example_python_operator.py
[2024-07-02T19:24:17.333+0000] {processor.py:830} INFO - Processing file /usr/local/python/3.10.13/lib/python3.10/site-packages/airflow/example_dags/example_python_operator.py for tasks to queue
[2024-07-02T19:24:17.334+0000] {logging_mixin.py:188} INFO - [2024-07-02T19:24:17.334+0000] {dagbag.py:545} INFO - Filling up the DagBag from /usr/local/python/3.10.13/lib/python3.10/site-packages/airflow/example_dags/example_python_operator.py
[2024-07-02T19:24:17.342+0000] {processor.py:840} INFO - DAG(s) 'example_python_operator' retrieved from /usr/local/python/3.10.13/lib/python3.10/site-packages/airflow/example_dags/example_python_operator.py
[2024-07-02T19:24:17.356+0000] {logging_mixin.py:188} INFO - [2024-07-02T19:24:17.356+0000] {dag.py:3096} INFO - Sync 1 DAGs
[2024-07-02T19:24:17.364+0000] {logging_mixin.py:188} INFO - [2024-07-02T19:24:17.364+0000] {dag.py:3954} INFO - Setting next_dagrun for example_python_operator to None, run_after=None
[2024-07-02T19:24:17.405+0000] {processor.py:183} INFO - Processing /usr/local/python/3.10.13/lib/python3.10/site-packages/airflow/example_dags/example_python_operator.py took 0.077 seconds
[2024-07-02T19:25:21.410+0000] {processor.py:161} INFO - Started process (PID=12401) to work on /usr/local/python/3.10.13/lib/python3.10/site-packages/airflow/example_dags/example_python_operator.py
[2024-07-02T19:25:21.410+0000] {processor.py:830} INFO - Processing file /usr/local/python/3.10.13/lib/python3.10/site-packages/airflow/example_dags/example_python_operator.py for tasks to queue
[2024-07-02T19:25:21.411+0000] {logging_mixin.py:188} INFO - [2024-07-02T19:25:21.411+0000] {dagbag.py:545} INFO - Filling up the DagBag from /usr/local/python/3.10.13/lib/python3.10/site-packages/airflow/example_dags/example_python_operator.py
[2024-07-02T19:25:21.420+0000] {processor.py:840} INFO - DAG(s) 'example_python_operator' retrieved from /usr/local/python/3.10.13/lib/python3.10/site-packages/airflow/example_dags/example_python_operator.py
[2024-07-02T19:25:21.436+0000] {logging_mixin.py:188} INFO - [2024-07-02T19:25:21.436+0000] {dag.py:3096} INFO - Sync 1 DAGs
[2024-07-02T19:25:21.445+0000] {logging_mixin.py:188} INFO - [2024-07-02T19:25:21.445+0000] {dag.py:3954} INFO - Setting next_dagrun for example_python_operator to None, run_after=None
[2024-07-02T19:25:21.486+0000] {processor.py:183} INFO - Processing /usr/local/python/3.10.13/lib/python3.10/site-packages/airflow/example_dags/example_python_operator.py took 0.081 seconds
[2024-07-02T19:26:25.460+0000] {processor.py:161} INFO - Started process (PID=12880) to work on /usr/local/python/3.10.13/lib/python3.10/site-packages/airflow/example_dags/example_python_operator.py
[2024-07-02T19:26:25.461+0000] {processor.py:830} INFO - Processing file /usr/local/python/3.10.13/lib/python3.10/site-packages/airflow/example_dags/example_python_operator.py for tasks to queue
[2024-07-02T19:26:25.461+0000] {logging_mixin.py:188} INFO - [2024-07-02T19:26:25.461+0000] {dagbag.py:545} INFO - Filling up the DagBag from /usr/local/python/3.10.13/lib/python3.10/site-packages/airflow/example_dags/example_python_operator.py
[2024-07-02T19:26:25.470+0000] {processor.py:840} INFO - DAG(s) 'example_python_operator' retrieved from /usr/local/python/3.10.13/lib/python3.10/site-packages/airflow/example_dags/example_python_operator.py
[2024-07-02T19:26:25.484+0000] {logging_mixin.py:188} INFO - [2024-07-02T19:26:25.484+0000] {dag.py:3096} INFO - Sync 1 DAGs
[2024-07-02T19:26:25.493+0000] {logging_mixin.py:188} INFO - [2024-07-02T19:26:25.493+0000] {dag.py:3954} INFO - Setting next_dagrun for example_python_operator to None, run_after=None
[2024-07-02T19:26:25.533+0000] {processor.py:183} INFO - Processing /usr/local/python/3.10.13/lib/python3.10/site-packages/airflow/example_dags/example_python_operator.py took 0.078 seconds
[2024-07-02T19:27:31.829+0000] {processor.py:161} INFO - Started process (PID=13451) to work on /usr/local/python/3.10.13/lib/python3.10/site-packages/airflow/example_dags/example_python_operator.py
[2024-07-02T19:27:31.830+0000] {processor.py:830} INFO - Processing file /usr/local/python/3.10.13/lib/python3.10/site-packages/airflow/example_dags/example_python_operator.py for tasks to queue
[2024-07-02T19:27:31.831+0000] {logging_mixin.py:188} INFO - [2024-07-02T19:27:31.830+0000] {dagbag.py:545} INFO - Filling up the DagBag from /usr/local/python/3.10.13/lib/python3.10/site-packages/airflow/example_dags/example_python_operator.py
[2024-07-02T19:27:31.839+0000] {processor.py:840} INFO - DAG(s) 'example_python_operator' retrieved from /usr/local/python/3.10.13/lib/python3.10/site-packages/airflow/example_dags/example_python_operator.py
[2024-07-02T19:27:31.853+0000] {logging_mixin.py:188} INFO - [2024-07-02T19:27:31.853+0000] {dag.py:3096} INFO - Sync 1 DAGs
[2024-07-02T19:27:31.862+0000] {logging_mixin.py:188} INFO - [2024-07-02T19:27:31.862+0000] {dag.py:3954} INFO - Setting next_dagrun for example_python_operator to None, run_after=None
[2024-07-02T19:27:31.903+0000] {processor.py:183} INFO - Processing /usr/local/python/3.10.13/lib/python3.10/site-packages/airflow/example_dags/example_python_operator.py took 0.078 seconds
[2024-07-02T19:28:35.079+0000] {processor.py:161} INFO - Started process (PID=13989) to work on /usr/local/python/3.10.13/lib/python3.10/site-packages/airflow/example_dags/example_python_operator.py
[2024-07-02T19:28:35.080+0000] {processor.py:830} INFO - Processing file /usr/local/python/3.10.13/lib/python3.10/site-packages/airflow/example_dags/example_python_operator.py for tasks to queue
[2024-07-02T19:28:35.081+0000] {logging_mixin.py:188} INFO - [2024-07-02T19:28:35.080+0000] {dagbag.py:545} INFO - Filling up the DagBag from /usr/local/python/3.10.13/lib/python3.10/site-packages/airflow/example_dags/example_python_operator.py
[2024-07-02T19:28:35.090+0000] {processor.py:840} INFO - DAG(s) 'example_python_operator' retrieved from /usr/local/python/3.10.13/lib/python3.10/site-packages/airflow/example_dags/example_python_operator.py
[2024-07-02T19:28:35.104+0000] {logging_mixin.py:188} INFO - [2024-07-02T19:28:35.103+0000] {dag.py:3096} INFO - Sync 1 DAGs
[2024-07-02T19:28:35.112+0000] {logging_mixin.py:188} INFO - [2024-07-02T19:28:35.112+0000] {dag.py:3954} INFO - Setting next_dagrun for example_python_operator to None, run_after=None
[2024-07-02T19:28:35.151+0000] {processor.py:183} INFO - Processing /usr/local/python/3.10.13/lib/python3.10/site-packages/airflow/example_dags/example_python_operator.py took 0.076 seconds
[2024-07-02T19:29:44.878+0000] {processor.py:161} INFO - Started process (PID=14577) to work on /usr/local/python/3.10.13/lib/python3.10/site-packages/airflow/example_dags/example_python_operator.py
[2024-07-02T19:29:44.879+0000] {processor.py:830} INFO - Processing file /usr/local/python/3.10.13/lib/python3.10/site-packages/airflow/example_dags/example_python_operator.py for tasks to queue
[2024-07-02T19:29:44.880+0000] {logging_mixin.py:188} INFO - [2024-07-02T19:29:44.879+0000] {dagbag.py:545} INFO - Filling up the DagBag from /usr/local/python/3.10.13/lib/python3.10/site-packages/airflow/example_dags/example_python_operator.py
[2024-07-02T19:29:44.891+0000] {processor.py:840} INFO - DAG(s) 'example_python_operator' retrieved from /usr/local/python/3.10.13/lib/python3.10/site-packages/airflow/example_dags/example_python_operator.py
[2024-07-02T19:29:44.905+0000] {logging_mixin.py:188} INFO - [2024-07-02T19:29:44.905+0000] {dag.py:3096} INFO - Sync 1 DAGs
[2024-07-02T19:29:44.914+0000] {logging_mixin.py:188} INFO - [2024-07-02T19:29:44.913+0000] {dag.py:3954} INFO - Setting next_dagrun for example_python_operator to None, run_after=None
[2024-07-02T19:29:44.966+0000] {processor.py:183} INFO - Processing /usr/local/python/3.10.13/lib/python3.10/site-packages/airflow/example_dags/example_python_operator.py took 0.095 seconds
[2024-07-02T19:30:31.646+0000] {processor.py:161} INFO - Started process (PID=14983) to work on /usr/local/python/3.10.13/lib/python3.10/site-packages/airflow/example_dags/example_python_operator.py
[2024-07-02T19:30:31.647+0000] {processor.py:830} INFO - Processing file /usr/local/python/3.10.13/lib/python3.10/site-packages/airflow/example_dags/example_python_operator.py for tasks to queue
[2024-07-02T19:30:31.648+0000] {logging_mixin.py:188} INFO - [2024-07-02T19:30:31.647+0000] {dagbag.py:545} INFO - Filling up the DagBag from /usr/local/python/3.10.13/lib/python3.10/site-packages/airflow/example_dags/example_python_operator.py
[2024-07-02T19:30:31.656+0000] {processor.py:840} INFO - DAG(s) 'example_python_operator' retrieved from /usr/local/python/3.10.13/lib/python3.10/site-packages/airflow/example_dags/example_python_operator.py
[2024-07-02T19:30:31.671+0000] {logging_mixin.py:188} INFO - [2024-07-02T19:30:31.671+0000] {dag.py:3096} INFO - Sync 1 DAGs
[2024-07-02T19:30:31.680+0000] {logging_mixin.py:188} INFO - [2024-07-02T19:30:31.680+0000] {dag.py:3954} INFO - Setting next_dagrun for example_python_operator to None, run_after=None
[2024-07-02T19:30:31.723+0000] {processor.py:183} INFO - Processing /usr/local/python/3.10.13/lib/python3.10/site-packages/airflow/example_dags/example_python_operator.py took 0.082 seconds
[2024-07-02T19:31:40.825+0000] {processor.py:161} INFO - Started process (PID=15492) to work on /usr/local/python/3.10.13/lib/python3.10/site-packages/airflow/example_dags/example_python_operator.py
[2024-07-02T19:31:40.825+0000] {processor.py:830} INFO - Processing file /usr/local/python/3.10.13/lib/python3.10/site-packages/airflow/example_dags/example_python_operator.py for tasks to queue
[2024-07-02T19:31:40.826+0000] {logging_mixin.py:188} INFO - [2024-07-02T19:31:40.826+0000] {dagbag.py:545} INFO - Filling up the DagBag from /usr/local/python/3.10.13/lib/python3.10/site-packages/airflow/example_dags/example_python_operator.py
[2024-07-02T19:31:40.834+0000] {processor.py:840} INFO - DAG(s) 'example_python_operator' retrieved from /usr/local/python/3.10.13/lib/python3.10/site-packages/airflow/example_dags/example_python_operator.py
[2024-07-02T19:31:40.847+0000] {logging_mixin.py:188} INFO - [2024-07-02T19:31:40.847+0000] {dag.py:3096} INFO - Sync 1 DAGs
[2024-07-02T19:31:40.856+0000] {logging_mixin.py:188} INFO - [2024-07-02T19:31:40.856+0000] {dag.py:3954} INFO - Setting next_dagrun for example_python_operator to None, run_after=None
[2024-07-02T19:31:40.897+0000] {processor.py:183} INFO - Processing /usr/local/python/3.10.13/lib/python3.10/site-packages/airflow/example_dags/example_python_operator.py took 0.077 seconds
[2024-07-02T19:32:30.196+0000] {processor.py:161} INFO - Started process (PID=15870) to work on /usr/local/python/3.10.13/lib/python3.10/site-packages/airflow/example_dags/example_python_operator.py
[2024-07-02T19:32:30.196+0000] {processor.py:830} INFO - Processing file /usr/local/python/3.10.13/lib/python3.10/site-packages/airflow/example_dags/example_python_operator.py for tasks to queue
[2024-07-02T19:32:30.197+0000] {logging_mixin.py:188} INFO - [2024-07-02T19:32:30.197+0000] {dagbag.py:545} INFO - Filling up the DagBag from /usr/local/python/3.10.13/lib/python3.10/site-packages/airflow/example_dags/example_python_operator.py
[2024-07-02T19:32:30.205+0000] {processor.py:840} INFO - DAG(s) 'example_python_operator' retrieved from /usr/local/python/3.10.13/lib/python3.10/site-packages/airflow/example_dags/example_python_operator.py
[2024-07-02T19:32:30.219+0000] {logging_mixin.py:188} INFO - [2024-07-02T19:32:30.219+0000] {dag.py:3096} INFO - Sync 1 DAGs
[2024-07-02T19:32:30.228+0000] {logging_mixin.py:188} INFO - [2024-07-02T19:32:30.228+0000] {dag.py:3954} INFO - Setting next_dagrun for example_python_operator to None, run_after=None
[2024-07-02T19:32:30.269+0000] {processor.py:183} INFO - Processing /usr/local/python/3.10.13/lib/python3.10/site-packages/airflow/example_dags/example_python_operator.py took 0.078 seconds
[2024-07-02T19:33:34.782+0000] {processor.py:161} INFO - Started process (PID=16442) to work on /usr/local/python/3.10.13/lib/python3.10/site-packages/airflow/example_dags/example_python_operator.py
[2024-07-02T19:33:34.782+0000] {processor.py:830} INFO - Processing file /usr/local/python/3.10.13/lib/python3.10/site-packages/airflow/example_dags/example_python_operator.py for tasks to queue
[2024-07-02T19:33:34.783+0000] {logging_mixin.py:188} INFO - [2024-07-02T19:33:34.783+0000] {dagbag.py:545} INFO - Filling up the DagBag from /usr/local/python/3.10.13/lib/python3.10/site-packages/airflow/example_dags/example_python_operator.py
[2024-07-02T19:33:34.791+0000] {processor.py:840} INFO - DAG(s) 'example_python_operator' retrieved from /usr/local/python/3.10.13/lib/python3.10/site-packages/airflow/example_dags/example_python_operator.py
[2024-07-02T19:33:34.805+0000] {logging_mixin.py:188} INFO - [2024-07-02T19:33:34.805+0000] {dag.py:3096} INFO - Sync 1 DAGs
[2024-07-02T19:33:34.814+0000] {logging_mixin.py:188} INFO - [2024-07-02T19:33:34.814+0000] {dag.py:3954} INFO - Setting next_dagrun for example_python_operator to None, run_after=None
[2024-07-02T19:33:34.855+0000] {processor.py:183} INFO - Processing /usr/local/python/3.10.13/lib/python3.10/site-packages/airflow/example_dags/example_python_operator.py took 0.078 seconds
[2024-07-02T19:34:42.320+0000] {processor.py:161} INFO - Started process (PID=16974) to work on /usr/local/python/3.10.13/lib/python3.10/site-packages/airflow/example_dags/example_python_operator.py
[2024-07-02T19:34:42.321+0000] {processor.py:830} INFO - Processing file /usr/local/python/3.10.13/lib/python3.10/site-packages/airflow/example_dags/example_python_operator.py for tasks to queue
[2024-07-02T19:34:42.322+0000] {logging_mixin.py:188} INFO - [2024-07-02T19:34:42.321+0000] {dagbag.py:545} INFO - Filling up the DagBag from /usr/local/python/3.10.13/lib/python3.10/site-packages/airflow/example_dags/example_python_operator.py
[2024-07-02T19:34:42.331+0000] {processor.py:840} INFO - DAG(s) 'example_python_operator' retrieved from /usr/local/python/3.10.13/lib/python3.10/site-packages/airflow/example_dags/example_python_operator.py
[2024-07-02T19:34:42.381+0000] {logging_mixin.py:188} INFO - [2024-07-02T19:34:42.381+0000] {dag.py:3096} INFO - Sync 1 DAGs
[2024-07-02T19:34:42.424+0000] {logging_mixin.py:188} INFO - [2024-07-02T19:34:42.424+0000] {dag.py:3954} INFO - Setting next_dagrun for example_python_operator to None, run_after=None
[2024-07-02T19:34:42.463+0000] {processor.py:183} INFO - Processing /usr/local/python/3.10.13/lib/python3.10/site-packages/airflow/example_dags/example_python_operator.py took 0.148 seconds
[2024-07-02T19:35:51.339+0000] {processor.py:161} INFO - Started process (PID=17598) to work on /usr/local/python/3.10.13/lib/python3.10/site-packages/airflow/example_dags/example_python_operator.py
[2024-07-02T19:35:51.340+0000] {processor.py:830} INFO - Processing file /usr/local/python/3.10.13/lib/python3.10/site-packages/airflow/example_dags/example_python_operator.py for tasks to queue
[2024-07-02T19:35:51.341+0000] {logging_mixin.py:188} INFO - [2024-07-02T19:35:51.341+0000] {dagbag.py:545} INFO - Filling up the DagBag from /usr/local/python/3.10.13/lib/python3.10/site-packages/airflow/example_dags/example_python_operator.py
[2024-07-02T19:35:51.353+0000] {processor.py:840} INFO - DAG(s) 'example_python_operator' retrieved from /usr/local/python/3.10.13/lib/python3.10/site-packages/airflow/example_dags/example_python_operator.py
[2024-07-02T19:35:51.373+0000] {logging_mixin.py:188} INFO - [2024-07-02T19:35:51.373+0000] {dag.py:3096} INFO - Sync 1 DAGs
[2024-07-02T19:35:51.383+0000] {logging_mixin.py:188} INFO - [2024-07-02T19:35:51.383+0000] {dag.py:3954} INFO - Setting next_dagrun for example_python_operator to None, run_after=None
[2024-07-02T19:35:51.425+0000] {processor.py:183} INFO - Processing /usr/local/python/3.10.13/lib/python3.10/site-packages/airflow/example_dags/example_python_operator.py took 0.090 seconds
[2024-07-02T19:36:44.622+0000] {processor.py:161} INFO - Started process (PID=17988) to work on /usr/local/python/3.10.13/lib/python3.10/site-packages/airflow/example_dags/example_python_operator.py
[2024-07-02T19:36:44.622+0000] {processor.py:830} INFO - Processing file /usr/local/python/3.10.13/lib/python3.10/site-packages/airflow/example_dags/example_python_operator.py for tasks to queue
[2024-07-02T19:36:44.623+0000] {logging_mixin.py:188} INFO - [2024-07-02T19:36:44.623+0000] {dagbag.py:545} INFO - Filling up the DagBag from /usr/local/python/3.10.13/lib/python3.10/site-packages/airflow/example_dags/example_python_operator.py
[2024-07-02T19:36:44.632+0000] {processor.py:840} INFO - DAG(s) 'example_python_operator' retrieved from /usr/local/python/3.10.13/lib/python3.10/site-packages/airflow/example_dags/example_python_operator.py
[2024-07-02T19:36:44.647+0000] {logging_mixin.py:188} INFO - [2024-07-02T19:36:44.647+0000] {dag.py:3096} INFO - Sync 1 DAGs
[2024-07-02T19:36:44.657+0000] {logging_mixin.py:188} INFO - [2024-07-02T19:36:44.657+0000] {dag.py:3954} INFO - Setting next_dagrun for example_python_operator to None, run_after=None
[2024-07-02T19:36:44.709+0000] {processor.py:183} INFO - Processing /usr/local/python/3.10.13/lib/python3.10/site-packages/airflow/example_dags/example_python_operator.py took 0.093 seconds
[2024-07-02T19:37:36.713+0000] {processor.py:161} INFO - Started process (PID=18358) to work on /usr/local/python/3.10.13/lib/python3.10/site-packages/airflow/example_dags/example_python_operator.py
[2024-07-02T19:37:36.714+0000] {processor.py:830} INFO - Processing file /usr/local/python/3.10.13/lib/python3.10/site-packages/airflow/example_dags/example_python_operator.py for tasks to queue
[2024-07-02T19:37:36.715+0000] {logging_mixin.py:188} INFO - [2024-07-02T19:37:36.714+0000] {dagbag.py:545} INFO - Filling up the DagBag from /usr/local/python/3.10.13/lib/python3.10/site-packages/airflow/example_dags/example_python_operator.py
[2024-07-02T19:37:36.724+0000] {processor.py:840} INFO - DAG(s) 'example_python_operator' retrieved from /usr/local/python/3.10.13/lib/python3.10/site-packages/airflow/example_dags/example_python_operator.py
[2024-07-02T19:37:36.739+0000] {logging_mixin.py:188} INFO - [2024-07-02T19:37:36.738+0000] {dag.py:3096} INFO - Sync 1 DAGs
[2024-07-02T19:37:36.747+0000] {logging_mixin.py:188} INFO - [2024-07-02T19:37:36.747+0000] {dag.py:3954} INFO - Setting next_dagrun for example_python_operator to None, run_after=None
[2024-07-02T19:37:36.791+0000] {processor.py:183} INFO - Processing /usr/local/python/3.10.13/lib/python3.10/site-packages/airflow/example_dags/example_python_operator.py took 0.083 seconds
[2024-07-02T19:38:41.587+0000] {processor.py:161} INFO - Started process (PID=18840) to work on /usr/local/python/3.10.13/lib/python3.10/site-packages/airflow/example_dags/example_python_operator.py
[2024-07-02T19:38:41.588+0000] {processor.py:830} INFO - Processing file /usr/local/python/3.10.13/lib/python3.10/site-packages/airflow/example_dags/example_python_operator.py for tasks to queue
[2024-07-02T19:38:41.589+0000] {logging_mixin.py:188} INFO - [2024-07-02T19:38:41.588+0000] {dagbag.py:545} INFO - Filling up the DagBag from /usr/local/python/3.10.13/lib/python3.10/site-packages/airflow/example_dags/example_python_operator.py
[2024-07-02T19:38:41.597+0000] {processor.py:840} INFO - DAG(s) 'example_python_operator' retrieved from /usr/local/python/3.10.13/lib/python3.10/site-packages/airflow/example_dags/example_python_operator.py
[2024-07-02T19:38:41.611+0000] {logging_mixin.py:188} INFO - [2024-07-02T19:38:41.610+0000] {dag.py:3096} INFO - Sync 1 DAGs
[2024-07-02T19:38:41.619+0000] {logging_mixin.py:188} INFO - [2024-07-02T19:38:41.619+0000] {dag.py:3954} INFO - Setting next_dagrun for example_python_operator to None, run_after=None
[2024-07-02T19:38:41.661+0000] {processor.py:183} INFO - Processing /usr/local/python/3.10.13/lib/python3.10/site-packages/airflow/example_dags/example_python_operator.py took 0.078 seconds
[2024-07-02T19:39:47.758+0000] {processor.py:161} INFO - Started process (PID=19325) to work on /usr/local/python/3.10.13/lib/python3.10/site-packages/airflow/example_dags/example_python_operator.py
[2024-07-02T19:39:47.759+0000] {processor.py:830} INFO - Processing file /usr/local/python/3.10.13/lib/python3.10/site-packages/airflow/example_dags/example_python_operator.py for tasks to queue
[2024-07-02T19:39:47.759+0000] {logging_mixin.py:188} INFO - [2024-07-02T19:39:47.759+0000] {dagbag.py:545} INFO - Filling up the DagBag from /usr/local/python/3.10.13/lib/python3.10/site-packages/airflow/example_dags/example_python_operator.py
[2024-07-02T19:39:47.768+0000] {processor.py:840} INFO - DAG(s) 'example_python_operator' retrieved from /usr/local/python/3.10.13/lib/python3.10/site-packages/airflow/example_dags/example_python_operator.py
[2024-07-02T19:39:47.781+0000] {logging_mixin.py:188} INFO - [2024-07-02T19:39:47.781+0000] {dag.py:3096} INFO - Sync 1 DAGs
[2024-07-02T19:39:47.790+0000] {logging_mixin.py:188} INFO - [2024-07-02T19:39:47.790+0000] {dag.py:3954} INFO - Setting next_dagrun for example_python_operator to None, run_after=None
[2024-07-02T19:39:47.832+0000] {processor.py:183} INFO - Processing /usr/local/python/3.10.13/lib/python3.10/site-packages/airflow/example_dags/example_python_operator.py took 0.078 seconds
[2024-07-02T19:40:44.833+0000] {processor.py:161} INFO - Started process (PID=19763) to work on /usr/local/python/3.10.13/lib/python3.10/site-packages/airflow/example_dags/example_python_operator.py
[2024-07-02T19:40:44.833+0000] {processor.py:830} INFO - Processing file /usr/local/python/3.10.13/lib/python3.10/site-packages/airflow/example_dags/example_python_operator.py for tasks to queue
[2024-07-02T19:40:44.834+0000] {logging_mixin.py:188} INFO - [2024-07-02T19:40:44.834+0000] {dagbag.py:545} INFO - Filling up the DagBag from /usr/local/python/3.10.13/lib/python3.10/site-packages/airflow/example_dags/example_python_operator.py
[2024-07-02T19:40:44.842+0000] {processor.py:840} INFO - DAG(s) 'example_python_operator' retrieved from /usr/local/python/3.10.13/lib/python3.10/site-packages/airflow/example_dags/example_python_operator.py
[2024-07-02T19:40:44.856+0000] {logging_mixin.py:188} INFO - [2024-07-02T19:40:44.855+0000] {dag.py:3096} INFO - Sync 1 DAGs
[2024-07-02T19:40:44.864+0000] {logging_mixin.py:188} INFO - [2024-07-02T19:40:44.864+0000] {dag.py:3954} INFO - Setting next_dagrun for example_python_operator to None, run_after=None
[2024-07-02T19:40:44.907+0000] {processor.py:183} INFO - Processing /usr/local/python/3.10.13/lib/python3.10/site-packages/airflow/example_dags/example_python_operator.py took 0.079 seconds
[2024-07-02T19:41:50.326+0000] {processor.py:161} INFO - Started process (PID=20256) to work on /usr/local/python/3.10.13/lib/python3.10/site-packages/airflow/example_dags/example_python_operator.py
[2024-07-02T19:41:50.326+0000] {processor.py:830} INFO - Processing file /usr/local/python/3.10.13/lib/python3.10/site-packages/airflow/example_dags/example_python_operator.py for tasks to queue
[2024-07-02T19:41:50.327+0000] {logging_mixin.py:188} INFO - [2024-07-02T19:41:50.327+0000] {dagbag.py:545} INFO - Filling up the DagBag from /usr/local/python/3.10.13/lib/python3.10/site-packages/airflow/example_dags/example_python_operator.py
[2024-07-02T19:41:50.335+0000] {processor.py:840} INFO - DAG(s) 'example_python_operator' retrieved from /usr/local/python/3.10.13/lib/python3.10/site-packages/airflow/example_dags/example_python_operator.py
[2024-07-02T19:41:50.349+0000] {logging_mixin.py:188} INFO - [2024-07-02T19:41:50.349+0000] {dag.py:3096} INFO - Sync 1 DAGs
[2024-07-02T19:41:50.358+0000] {logging_mixin.py:188} INFO - [2024-07-02T19:41:50.357+0000] {dag.py:3954} INFO - Setting next_dagrun for example_python_operator to None, run_after=None
[2024-07-02T19:41:50.401+0000] {processor.py:183} INFO - Processing /usr/local/python/3.10.13/lib/python3.10/site-packages/airflow/example_dags/example_python_operator.py took 0.080 seconds
[2024-07-02T19:42:52.601+0000] {processor.py:161} INFO - Started process (PID=20782) to work on /usr/local/python/3.10.13/lib/python3.10/site-packages/airflow/example_dags/example_python_operator.py
[2024-07-02T19:42:52.602+0000] {processor.py:830} INFO - Processing file /usr/local/python/3.10.13/lib/python3.10/site-packages/airflow/example_dags/example_python_operator.py for tasks to queue
[2024-07-02T19:42:52.603+0000] {logging_mixin.py:188} INFO - [2024-07-02T19:42:52.602+0000] {dagbag.py:545} INFO - Filling up the DagBag from /usr/local/python/3.10.13/lib/python3.10/site-packages/airflow/example_dags/example_python_operator.py
[2024-07-02T19:42:52.611+0000] {processor.py:840} INFO - DAG(s) 'example_python_operator' retrieved from /usr/local/python/3.10.13/lib/python3.10/site-packages/airflow/example_dags/example_python_operator.py
[2024-07-02T19:42:52.625+0000] {logging_mixin.py:188} INFO - [2024-07-02T19:42:52.625+0000] {dag.py:3096} INFO - Sync 1 DAGs
[2024-07-02T19:42:52.634+0000] {logging_mixin.py:188} INFO - [2024-07-02T19:42:52.633+0000] {dag.py:3954} INFO - Setting next_dagrun for example_python_operator to None, run_after=None
[2024-07-02T19:42:52.673+0000] {processor.py:183} INFO - Processing /usr/local/python/3.10.13/lib/python3.10/site-packages/airflow/example_dags/example_python_operator.py took 0.078 seconds
[2024-07-02T19:43:42.675+0000] {processor.py:161} INFO - Started process (PID=21166) to work on /usr/local/python/3.10.13/lib/python3.10/site-packages/airflow/example_dags/example_python_operator.py
[2024-07-02T19:43:42.675+0000] {processor.py:830} INFO - Processing file /usr/local/python/3.10.13/lib/python3.10/site-packages/airflow/example_dags/example_python_operator.py for tasks to queue
[2024-07-02T19:43:42.676+0000] {logging_mixin.py:188} INFO - [2024-07-02T19:43:42.676+0000] {dagbag.py:545} INFO - Filling up the DagBag from /usr/local/python/3.10.13/lib/python3.10/site-packages/airflow/example_dags/example_python_operator.py
[2024-07-02T19:43:42.684+0000] {processor.py:840} INFO - DAG(s) 'example_python_operator' retrieved from /usr/local/python/3.10.13/lib/python3.10/site-packages/airflow/example_dags/example_python_operator.py
[2024-07-02T19:43:42.697+0000] {logging_mixin.py:188} INFO - [2024-07-02T19:43:42.697+0000] {dag.py:3096} INFO - Sync 1 DAGs
[2024-07-02T19:43:42.706+0000] {logging_mixin.py:188} INFO - [2024-07-02T19:43:42.706+0000] {dag.py:3954} INFO - Setting next_dagrun for example_python_operator to None, run_after=None
[2024-07-02T19:43:42.748+0000] {processor.py:183} INFO - Processing /usr/local/python/3.10.13/lib/python3.10/site-packages/airflow/example_dags/example_python_operator.py took 0.077 seconds
[2024-07-02T19:44:35.659+0000] {processor.py:161} INFO - Started process (PID=21584) to work on /usr/local/python/3.10.13/lib/python3.10/site-packages/airflow/example_dags/example_python_operator.py
[2024-07-02T19:44:35.660+0000] {processor.py:830} INFO - Processing file /usr/local/python/3.10.13/lib/python3.10/site-packages/airflow/example_dags/example_python_operator.py for tasks to queue
[2024-07-02T19:44:35.660+0000] {logging_mixin.py:188} INFO - [2024-07-02T19:44:35.660+0000] {dagbag.py:545} INFO - Filling up the DagBag from /usr/local/python/3.10.13/lib/python3.10/site-packages/airflow/example_dags/example_python_operator.py
[2024-07-02T19:44:35.668+0000] {processor.py:840} INFO - DAG(s) 'example_python_operator' retrieved from /usr/local/python/3.10.13/lib/python3.10/site-packages/airflow/example_dags/example_python_operator.py
[2024-07-02T19:44:35.682+0000] {logging_mixin.py:188} INFO - [2024-07-02T19:44:35.682+0000] {dag.py:3096} INFO - Sync 1 DAGs
[2024-07-02T19:44:35.691+0000] {logging_mixin.py:188} INFO - [2024-07-02T19:44:35.691+0000] {dag.py:3954} INFO - Setting next_dagrun for example_python_operator to None, run_after=None
[2024-07-02T19:44:35.731+0000] {processor.py:183} INFO - Processing /usr/local/python/3.10.13/lib/python3.10/site-packages/airflow/example_dags/example_python_operator.py took 0.076 seconds
[2024-07-02T19:45:36.636+0000] {processor.py:161} INFO - Started process (PID=22031) to work on /usr/local/python/3.10.13/lib/python3.10/site-packages/airflow/example_dags/example_python_operator.py
[2024-07-02T19:45:36.637+0000] {processor.py:830} INFO - Processing file /usr/local/python/3.10.13/lib/python3.10/site-packages/airflow/example_dags/example_python_operator.py for tasks to queue
[2024-07-02T19:45:36.638+0000] {logging_mixin.py:188} INFO - [2024-07-02T19:45:36.637+0000] {dagbag.py:545} INFO - Filling up the DagBag from /usr/local/python/3.10.13/lib/python3.10/site-packages/airflow/example_dags/example_python_operator.py
[2024-07-02T19:45:36.646+0000] {processor.py:840} INFO - DAG(s) 'example_python_operator' retrieved from /usr/local/python/3.10.13/lib/python3.10/site-packages/airflow/example_dags/example_python_operator.py
[2024-07-02T19:45:36.659+0000] {logging_mixin.py:188} INFO - [2024-07-02T19:45:36.659+0000] {dag.py:3096} INFO - Sync 1 DAGs
[2024-07-02T19:45:36.668+0000] {logging_mixin.py:188} INFO - [2024-07-02T19:45:36.668+0000] {dag.py:3954} INFO - Setting next_dagrun for example_python_operator to None, run_after=None
[2024-07-02T19:45:36.709+0000] {processor.py:183} INFO - Processing /usr/local/python/3.10.13/lib/python3.10/site-packages/airflow/example_dags/example_python_operator.py took 0.077 seconds
[2024-07-02T19:46:41.211+0000] {processor.py:161} INFO - Started process (PID=22479) to work on /usr/local/python/3.10.13/lib/python3.10/site-packages/airflow/example_dags/example_python_operator.py
[2024-07-02T19:46:41.211+0000] {processor.py:830} INFO - Processing file /usr/local/python/3.10.13/lib/python3.10/site-packages/airflow/example_dags/example_python_operator.py for tasks to queue
[2024-07-02T19:46:41.212+0000] {logging_mixin.py:188} INFO - [2024-07-02T19:46:41.212+0000] {dagbag.py:545} INFO - Filling up the DagBag from /usr/local/python/3.10.13/lib/python3.10/site-packages/airflow/example_dags/example_python_operator.py
[2024-07-02T19:46:41.220+0000] {processor.py:840} INFO - DAG(s) 'example_python_operator' retrieved from /usr/local/python/3.10.13/lib/python3.10/site-packages/airflow/example_dags/example_python_operator.py
[2024-07-02T19:46:41.234+0000] {logging_mixin.py:188} INFO - [2024-07-02T19:46:41.234+0000] {dag.py:3096} INFO - Sync 1 DAGs
[2024-07-02T19:46:41.242+0000] {logging_mixin.py:188} INFO - [2024-07-02T19:46:41.242+0000] {dag.py:3954} INFO - Setting next_dagrun for example_python_operator to None, run_after=None
[2024-07-02T19:46:41.282+0000] {processor.py:183} INFO - Processing /usr/local/python/3.10.13/lib/python3.10/site-packages/airflow/example_dags/example_python_operator.py took 0.076 seconds
[2024-07-02T19:47:30.337+0000] {processor.py:161} INFO - Started process (PID=22817) to work on /usr/local/python/3.10.13/lib/python3.10/site-packages/airflow/example_dags/example_python_operator.py
[2024-07-02T19:47:30.337+0000] {processor.py:830} INFO - Processing file /usr/local/python/3.10.13/lib/python3.10/site-packages/airflow/example_dags/example_python_operator.py for tasks to queue
[2024-07-02T19:47:30.338+0000] {logging_mixin.py:188} INFO - [2024-07-02T19:47:30.338+0000] {dagbag.py:545} INFO - Filling up the DagBag from /usr/local/python/3.10.13/lib/python3.10/site-packages/airflow/example_dags/example_python_operator.py
[2024-07-02T19:47:30.346+0000] {processor.py:840} INFO - DAG(s) 'example_python_operator' retrieved from /usr/local/python/3.10.13/lib/python3.10/site-packages/airflow/example_dags/example_python_operator.py
[2024-07-02T19:47:30.359+0000] {logging_mixin.py:188} INFO - [2024-07-02T19:47:30.359+0000] {dag.py:3096} INFO - Sync 1 DAGs
[2024-07-02T19:47:30.368+0000] {logging_mixin.py:188} INFO - [2024-07-02T19:47:30.368+0000] {dag.py:3954} INFO - Setting next_dagrun for example_python_operator to None, run_after=None
[2024-07-02T19:47:30.411+0000] {processor.py:183} INFO - Processing /usr/local/python/3.10.13/lib/python3.10/site-packages/airflow/example_dags/example_python_operator.py took 0.079 seconds
[2024-07-02T19:48:30.586+0000] {processor.py:161} INFO - Started process (PID=23243) to work on /usr/local/python/3.10.13/lib/python3.10/site-packages/airflow/example_dags/example_python_operator.py
[2024-07-02T19:48:30.587+0000] {processor.py:830} INFO - Processing file /usr/local/python/3.10.13/lib/python3.10/site-packages/airflow/example_dags/example_python_operator.py for tasks to queue
[2024-07-02T19:48:30.588+0000] {logging_mixin.py:188} INFO - [2024-07-02T19:48:30.588+0000] {dagbag.py:545} INFO - Filling up the DagBag from /usr/local/python/3.10.13/lib/python3.10/site-packages/airflow/example_dags/example_python_operator.py
[2024-07-02T19:48:30.596+0000] {processor.py:840} INFO - DAG(s) 'example_python_operator' retrieved from /usr/local/python/3.10.13/lib/python3.10/site-packages/airflow/example_dags/example_python_operator.py
[2024-07-02T19:48:30.609+0000] {logging_mixin.py:188} INFO - [2024-07-02T19:48:30.609+0000] {dag.py:3096} INFO - Sync 1 DAGs
[2024-07-02T19:48:30.617+0000] {logging_mixin.py:188} INFO - [2024-07-02T19:48:30.617+0000] {dag.py:3954} INFO - Setting next_dagrun for example_python_operator to None, run_after=None
[2024-07-02T19:48:30.659+0000] {processor.py:183} INFO - Processing /usr/local/python/3.10.13/lib/python3.10/site-packages/airflow/example_dags/example_python_operator.py took 0.077 seconds
[2024-07-02T19:49:38.094+0000] {processor.py:161} INFO - Started process (PID=23750) to work on /usr/local/python/3.10.13/lib/python3.10/site-packages/airflow/example_dags/example_python_operator.py
[2024-07-02T19:49:38.095+0000] {processor.py:830} INFO - Processing file /usr/local/python/3.10.13/lib/python3.10/site-packages/airflow/example_dags/example_python_operator.py for tasks to queue
[2024-07-02T19:49:38.096+0000] {logging_mixin.py:188} INFO - [2024-07-02T19:49:38.095+0000] {dagbag.py:545} INFO - Filling up the DagBag from /usr/local/python/3.10.13/lib/python3.10/site-packages/airflow/example_dags/example_python_operator.py
[2024-07-02T19:49:38.104+0000] {processor.py:840} INFO - DAG(s) 'example_python_operator' retrieved from /usr/local/python/3.10.13/lib/python3.10/site-packages/airflow/example_dags/example_python_operator.py
[2024-07-02T19:49:38.117+0000] {logging_mixin.py:188} INFO - [2024-07-02T19:49:38.117+0000] {dag.py:3096} INFO - Sync 1 DAGs
[2024-07-02T19:49:38.125+0000] {logging_mixin.py:188} INFO - [2024-07-02T19:49:38.125+0000] {dag.py:3954} INFO - Setting next_dagrun for example_python_operator to None, run_after=None
[2024-07-02T19:49:38.165+0000] {processor.py:183} INFO - Processing /usr/local/python/3.10.13/lib/python3.10/site-packages/airflow/example_dags/example_python_operator.py took 0.076 seconds
[2024-07-02T19:50:23.385+0000] {processor.py:161} INFO - Started process (PID=24106) to work on /usr/local/python/3.10.13/lib/python3.10/site-packages/airflow/example_dags/example_python_operator.py
[2024-07-02T19:50:23.385+0000] {processor.py:830} INFO - Processing file /usr/local/python/3.10.13/lib/python3.10/site-packages/airflow/example_dags/example_python_operator.py for tasks to queue
[2024-07-02T19:50:23.386+0000] {logging_mixin.py:188} INFO - [2024-07-02T19:50:23.386+0000] {dagbag.py:545} INFO - Filling up the DagBag from /usr/local/python/3.10.13/lib/python3.10/site-packages/airflow/example_dags/example_python_operator.py
[2024-07-02T19:50:23.395+0000] {processor.py:840} INFO - DAG(s) 'example_python_operator' retrieved from /usr/local/python/3.10.13/lib/python3.10/site-packages/airflow/example_dags/example_python_operator.py
[2024-07-02T19:50:23.408+0000] {logging_mixin.py:188} INFO - [2024-07-02T19:50:23.408+0000] {dag.py:3096} INFO - Sync 1 DAGs
[2024-07-02T19:50:23.417+0000] {logging_mixin.py:188} INFO - [2024-07-02T19:50:23.416+0000] {dag.py:3954} INFO - Setting next_dagrun for example_python_operator to None, run_after=None
[2024-07-02T19:50:23.461+0000] {processor.py:183} INFO - Processing /usr/local/python/3.10.13/lib/python3.10/site-packages/airflow/example_dags/example_python_operator.py took 0.081 seconds
[2024-07-02T19:51:30.833+0000] {processor.py:161} INFO - Started process (PID=24607) to work on /usr/local/python/3.10.13/lib/python3.10/site-packages/airflow/example_dags/example_python_operator.py
[2024-07-02T19:51:30.833+0000] {processor.py:830} INFO - Processing file /usr/local/python/3.10.13/lib/python3.10/site-packages/airflow/example_dags/example_python_operator.py for tasks to queue
[2024-07-02T19:51:30.834+0000] {logging_mixin.py:188} INFO - [2024-07-02T19:51:30.834+0000] {dagbag.py:545} INFO - Filling up the DagBag from /usr/local/python/3.10.13/lib/python3.10/site-packages/airflow/example_dags/example_python_operator.py
[2024-07-02T19:51:30.845+0000] {processor.py:840} INFO - DAG(s) 'example_python_operator' retrieved from /usr/local/python/3.10.13/lib/python3.10/site-packages/airflow/example_dags/example_python_operator.py
[2024-07-02T19:51:30.860+0000] {logging_mixin.py:188} INFO - [2024-07-02T19:51:30.860+0000] {dag.py:3096} INFO - Sync 1 DAGs
[2024-07-02T19:51:30.872+0000] {logging_mixin.py:188} INFO - [2024-07-02T19:51:30.872+0000] {dag.py:3954} INFO - Setting next_dagrun for example_python_operator to None, run_after=None
[2024-07-02T19:51:30.913+0000] {processor.py:183} INFO - Processing /usr/local/python/3.10.13/lib/python3.10/site-packages/airflow/example_dags/example_python_operator.py took 0.085 seconds
[2024-07-02T19:52:37.467+0000] {processor.py:161} INFO - Started process (PID=25120) to work on /usr/local/python/3.10.13/lib/python3.10/site-packages/airflow/example_dags/example_python_operator.py
[2024-07-02T19:52:37.468+0000] {processor.py:830} INFO - Processing file /usr/local/python/3.10.13/lib/python3.10/site-packages/airflow/example_dags/example_python_operator.py for tasks to queue
[2024-07-02T19:52:37.469+0000] {logging_mixin.py:188} INFO - [2024-07-02T19:52:37.469+0000] {dagbag.py:545} INFO - Filling up the DagBag from /usr/local/python/3.10.13/lib/python3.10/site-packages/airflow/example_dags/example_python_operator.py
[2024-07-02T19:52:37.477+0000] {processor.py:840} INFO - DAG(s) 'example_python_operator' retrieved from /usr/local/python/3.10.13/lib/python3.10/site-packages/airflow/example_dags/example_python_operator.py
[2024-07-02T19:52:37.491+0000] {logging_mixin.py:188} INFO - [2024-07-02T19:52:37.491+0000] {dag.py:3096} INFO - Sync 1 DAGs
[2024-07-02T19:52:37.499+0000] {logging_mixin.py:188} INFO - [2024-07-02T19:52:37.499+0000] {dag.py:3954} INFO - Setting next_dagrun for example_python_operator to None, run_after=None
[2024-07-02T19:52:37.539+0000] {processor.py:183} INFO - Processing /usr/local/python/3.10.13/lib/python3.10/site-packages/airflow/example_dags/example_python_operator.py took 0.076 seconds
[2024-07-02T19:53:43.755+0000] {processor.py:161} INFO - Started process (PID=25605) to work on /usr/local/python/3.10.13/lib/python3.10/site-packages/airflow/example_dags/example_python_operator.py
[2024-07-02T19:53:43.756+0000] {processor.py:830} INFO - Processing file /usr/local/python/3.10.13/lib/python3.10/site-packages/airflow/example_dags/example_python_operator.py for tasks to queue
[2024-07-02T19:53:43.757+0000] {logging_mixin.py:188} INFO - [2024-07-02T19:53:43.756+0000] {dagbag.py:545} INFO - Filling up the DagBag from /usr/local/python/3.10.13/lib/python3.10/site-packages/airflow/example_dags/example_python_operator.py
[2024-07-02T19:53:43.765+0000] {processor.py:840} INFO - DAG(s) 'example_python_operator' retrieved from /usr/local/python/3.10.13/lib/python3.10/site-packages/airflow/example_dags/example_python_operator.py
[2024-07-02T19:53:43.778+0000] {logging_mixin.py:188} INFO - [2024-07-02T19:53:43.778+0000] {dag.py:3096} INFO - Sync 1 DAGs
[2024-07-02T19:53:43.787+0000] {logging_mixin.py:188} INFO - [2024-07-02T19:53:43.787+0000] {dag.py:3954} INFO - Setting next_dagrun for example_python_operator to None, run_after=None
[2024-07-02T19:53:43.832+0000] {processor.py:183} INFO - Processing /usr/local/python/3.10.13/lib/python3.10/site-packages/airflow/example_dags/example_python_operator.py took 0.081 seconds
[2024-07-02T19:54:48.211+0000] {processor.py:161} INFO - Started process (PID=26109) to work on /usr/local/python/3.10.13/lib/python3.10/site-packages/airflow/example_dags/example_python_operator.py
[2024-07-02T19:54:48.211+0000] {processor.py:830} INFO - Processing file /usr/local/python/3.10.13/lib/python3.10/site-packages/airflow/example_dags/example_python_operator.py for tasks to queue
[2024-07-02T19:54:48.212+0000] {logging_mixin.py:188} INFO - [2024-07-02T19:54:48.212+0000] {dagbag.py:545} INFO - Filling up the DagBag from /usr/local/python/3.10.13/lib/python3.10/site-packages/airflow/example_dags/example_python_operator.py
[2024-07-02T19:54:48.221+0000] {processor.py:840} INFO - DAG(s) 'example_python_operator' retrieved from /usr/local/python/3.10.13/lib/python3.10/site-packages/airflow/example_dags/example_python_operator.py
[2024-07-02T19:54:48.234+0000] {logging_mixin.py:188} INFO - [2024-07-02T19:54:48.234+0000] {dag.py:3096} INFO - Sync 1 DAGs
[2024-07-02T19:54:48.243+0000] {logging_mixin.py:188} INFO - [2024-07-02T19:54:48.243+0000] {dag.py:3954} INFO - Setting next_dagrun for example_python_operator to None, run_after=None
[2024-07-02T19:54:48.282+0000] {processor.py:183} INFO - Processing /usr/local/python/3.10.13/lib/python3.10/site-packages/airflow/example_dags/example_python_operator.py took 0.076 seconds
[2024-07-02T19:55:54.997+0000] {processor.py:161} INFO - Started process (PID=26615) to work on /usr/local/python/3.10.13/lib/python3.10/site-packages/airflow/example_dags/example_python_operator.py
[2024-07-02T19:55:54.998+0000] {processor.py:830} INFO - Processing file /usr/local/python/3.10.13/lib/python3.10/site-packages/airflow/example_dags/example_python_operator.py for tasks to queue
[2024-07-02T19:55:54.998+0000] {logging_mixin.py:188} INFO - [2024-07-02T19:55:54.998+0000] {dagbag.py:545} INFO - Filling up the DagBag from /usr/local/python/3.10.13/lib/python3.10/site-packages/airflow/example_dags/example_python_operator.py
[2024-07-02T19:55:55.007+0000] {processor.py:840} INFO - DAG(s) 'example_python_operator' retrieved from /usr/local/python/3.10.13/lib/python3.10/site-packages/airflow/example_dags/example_python_operator.py
[2024-07-02T19:55:55.020+0000] {logging_mixin.py:188} INFO - [2024-07-02T19:55:55.020+0000] {dag.py:3096} INFO - Sync 1 DAGs
[2024-07-02T19:55:55.029+0000] {logging_mixin.py:188} INFO - [2024-07-02T19:55:55.029+0000] {dag.py:3954} INFO - Setting next_dagrun for example_python_operator to None, run_after=None
[2024-07-02T19:55:55.066+0000] {processor.py:183} INFO - Processing /usr/local/python/3.10.13/lib/python3.10/site-packages/airflow/example_dags/example_python_operator.py took 0.074 seconds
[2024-07-02T19:56:42.775+0000] {processor.py:161} INFO - Started process (PID=27107) to work on /usr/local/python/3.10.13/lib/python3.10/site-packages/airflow/example_dags/example_python_operator.py
[2024-07-02T19:56:42.776+0000] {processor.py:830} INFO - Processing file /usr/local/python/3.10.13/lib/python3.10/site-packages/airflow/example_dags/example_python_operator.py for tasks to queue
[2024-07-02T19:56:42.777+0000] {logging_mixin.py:188} INFO - [2024-07-02T19:56:42.777+0000] {dagbag.py:545} INFO - Filling up the DagBag from /usr/local/python/3.10.13/lib/python3.10/site-packages/airflow/example_dags/example_python_operator.py
[2024-07-02T19:56:42.785+0000] {processor.py:840} INFO - DAG(s) 'example_python_operator' retrieved from /usr/local/python/3.10.13/lib/python3.10/site-packages/airflow/example_dags/example_python_operator.py
[2024-07-02T19:56:42.799+0000] {logging_mixin.py:188} INFO - [2024-07-02T19:56:42.799+0000] {dag.py:3096} INFO - Sync 1 DAGs
[2024-07-02T19:56:42.808+0000] {logging_mixin.py:188} INFO - [2024-07-02T19:56:42.808+0000] {dag.py:3954} INFO - Setting next_dagrun for example_python_operator to None, run_after=None
[2024-07-02T19:56:42.852+0000] {processor.py:183} INFO - Processing /usr/local/python/3.10.13/lib/python3.10/site-packages/airflow/example_dags/example_python_operator.py took 0.081 seconds
[2024-07-02T19:57:37.852+0000] {processor.py:161} INFO - Started process (PID=27534) to work on /usr/local/python/3.10.13/lib/python3.10/site-packages/airflow/example_dags/example_python_operator.py
[2024-07-02T19:57:37.853+0000] {processor.py:830} INFO - Processing file /usr/local/python/3.10.13/lib/python3.10/site-packages/airflow/example_dags/example_python_operator.py for tasks to queue
[2024-07-02T19:57:37.854+0000] {logging_mixin.py:188} INFO - [2024-07-02T19:57:37.854+0000] {dagbag.py:545} INFO - Filling up the DagBag from /usr/local/python/3.10.13/lib/python3.10/site-packages/airflow/example_dags/example_python_operator.py
[2024-07-02T19:57:37.863+0000] {processor.py:840} INFO - DAG(s) 'example_python_operator' retrieved from /usr/local/python/3.10.13/lib/python3.10/site-packages/airflow/example_dags/example_python_operator.py
[2024-07-02T19:57:37.877+0000] {logging_mixin.py:188} INFO - [2024-07-02T19:57:37.877+0000] {dag.py:3096} INFO - Sync 1 DAGs
[2024-07-02T19:57:37.893+0000] {logging_mixin.py:188} INFO - [2024-07-02T19:57:37.893+0000] {dag.py:3954} INFO - Setting next_dagrun for example_python_operator to None, run_after=None
[2024-07-02T19:57:37.936+0000] {processor.py:183} INFO - Processing /usr/local/python/3.10.13/lib/python3.10/site-packages/airflow/example_dags/example_python_operator.py took 0.090 seconds
