[2024-07-02T19:10:51.923+0000] {processor.py:161} INFO - Started process (PID=5812) to work on /usr/local/python/3.10.13/lib/python3.10/site-packages/airflow/example_dags/example_branch_operator_decorator.py
[2024-07-02T19:10:51.923+0000] {processor.py:830} INFO - Processing file /usr/local/python/3.10.13/lib/python3.10/site-packages/airflow/example_dags/example_branch_operator_decorator.py for tasks to queue
[2024-07-02T19:10:51.925+0000] {logging_mixin.py:188} INFO - [2024-07-02T19:10:51.924+0000] {dagbag.py:545} INFO - Filling up the DagBag from /usr/local/python/3.10.13/lib/python3.10/site-packages/airflow/example_dags/example_branch_operator_decorator.py
[2024-07-02T19:10:51.943+0000] {processor.py:840} INFO - DAG(s) 'example_branch_python_operator_decorator' retrieved from /usr/local/python/3.10.13/lib/python3.10/site-packages/airflow/example_dags/example_branch_operator_decorator.py
[2024-07-02T19:10:52.154+0000] {logging_mixin.py:188} INFO - [2024-07-02T19:10:52.154+0000] {override.py:1829} INFO - Created Permission View: can edit on DAG:example_branch_python_operator_decorator
[2024-07-02T19:10:52.187+0000] {logging_mixin.py:188} INFO - [2024-07-02T19:10:52.186+0000] {override.py:1829} INFO - Created Permission View: can read on DAG:example_branch_python_operator_decorator
[2024-07-02T19:10:52.216+0000] {logging_mixin.py:188} INFO - [2024-07-02T19:10:52.216+0000] {override.py:1829} INFO - Created Permission View: can delete on DAG:example_branch_python_operator_decorator
[2024-07-02T19:10:52.217+0000] {logging_mixin.py:188} INFO - [2024-07-02T19:10:52.217+0000] {dag.py:3096} INFO - Sync 1 DAGs
[2024-07-02T19:10:52.224+0000] {logging_mixin.py:188} INFO - [2024-07-02T19:10:52.224+0000] {dag.py:3118} INFO - Creating ORM DAG for example_branch_python_operator_decorator
[2024-07-02T19:10:52.231+0000] {logging_mixin.py:188} INFO - [2024-07-02T19:10:52.231+0000] {dag.py:3954} INFO - Setting next_dagrun for example_branch_python_operator_decorator to 2024-07-01 00:00:00+00:00, run_after=2024-07-02 00:00:00+00:00
[2024-07-02T19:10:52.283+0000] {processor.py:183} INFO - Processing /usr/local/python/3.10.13/lib/python3.10/site-packages/airflow/example_dags/example_branch_operator_decorator.py took 0.365 seconds
[2024-07-02T19:11:49.657+0000] {processor.py:161} INFO - Started process (PID=6230) to work on /usr/local/python/3.10.13/lib/python3.10/site-packages/airflow/example_dags/example_branch_operator_decorator.py
[2024-07-02T19:11:49.658+0000] {processor.py:830} INFO - Processing file /usr/local/python/3.10.13/lib/python3.10/site-packages/airflow/example_dags/example_branch_operator_decorator.py for tasks to queue
[2024-07-02T19:11:49.659+0000] {logging_mixin.py:188} INFO - [2024-07-02T19:11:49.659+0000] {dagbag.py:545} INFO - Filling up the DagBag from /usr/local/python/3.10.13/lib/python3.10/site-packages/airflow/example_dags/example_branch_operator_decorator.py
[2024-07-02T19:11:49.689+0000] {processor.py:840} INFO - DAG(s) 'example_branch_python_operator_decorator' retrieved from /usr/local/python/3.10.13/lib/python3.10/site-packages/airflow/example_dags/example_branch_operator_decorator.py
[2024-07-02T19:11:49.746+0000] {logging_mixin.py:188} INFO - [2024-07-02T19:11:49.745+0000] {dag.py:3096} INFO - Sync 1 DAGs
[2024-07-02T19:11:49.782+0000] {logging_mixin.py:188} INFO - [2024-07-02T19:11:49.782+0000] {dag.py:3954} INFO - Setting next_dagrun for example_branch_python_operator_decorator to 2024-07-01 00:00:00+00:00, run_after=2024-07-02 00:00:00+00:00
[2024-07-02T19:11:49.835+0000] {processor.py:183} INFO - Processing /usr/local/python/3.10.13/lib/python3.10/site-packages/airflow/example_dags/example_branch_operator_decorator.py took 0.185 seconds
[2024-07-02T19:12:40.069+0000] {processor.py:161} INFO - Started process (PID=6621) to work on /usr/local/python/3.10.13/lib/python3.10/site-packages/airflow/example_dags/example_branch_operator_decorator.py
[2024-07-02T19:12:40.069+0000] {processor.py:830} INFO - Processing file /usr/local/python/3.10.13/lib/python3.10/site-packages/airflow/example_dags/example_branch_operator_decorator.py for tasks to queue
[2024-07-02T19:12:40.071+0000] {logging_mixin.py:188} INFO - [2024-07-02T19:12:40.070+0000] {dagbag.py:545} INFO - Filling up the DagBag from /usr/local/python/3.10.13/lib/python3.10/site-packages/airflow/example_dags/example_branch_operator_decorator.py
[2024-07-02T19:12:40.088+0000] {processor.py:840} INFO - DAG(s) 'example_branch_python_operator_decorator' retrieved from /usr/local/python/3.10.13/lib/python3.10/site-packages/airflow/example_dags/example_branch_operator_decorator.py
[2024-07-02T19:12:40.108+0000] {logging_mixin.py:188} INFO - [2024-07-02T19:12:40.108+0000] {dag.py:3096} INFO - Sync 1 DAGs
[2024-07-02T19:12:40.126+0000] {logging_mixin.py:188} INFO - [2024-07-02T19:12:40.125+0000] {dag.py:3954} INFO - Setting next_dagrun for example_branch_python_operator_decorator to 2024-07-01 00:00:00+00:00, run_after=2024-07-02 00:00:00+00:00
[2024-07-02T19:12:40.166+0000] {processor.py:183} INFO - Processing /usr/local/python/3.10.13/lib/python3.10/site-packages/airflow/example_dags/example_branch_operator_decorator.py took 0.102 seconds
[2024-07-02T19:13:42.093+0000] {processor.py:161} INFO - Started process (PID=7089) to work on /usr/local/python/3.10.13/lib/python3.10/site-packages/airflow/example_dags/example_branch_operator_decorator.py
[2024-07-02T19:13:42.094+0000] {processor.py:830} INFO - Processing file /usr/local/python/3.10.13/lib/python3.10/site-packages/airflow/example_dags/example_branch_operator_decorator.py for tasks to queue
[2024-07-02T19:13:42.095+0000] {logging_mixin.py:188} INFO - [2024-07-02T19:13:42.095+0000] {dagbag.py:545} INFO - Filling up the DagBag from /usr/local/python/3.10.13/lib/python3.10/site-packages/airflow/example_dags/example_branch_operator_decorator.py
[2024-07-02T19:13:42.113+0000] {processor.py:840} INFO - DAG(s) 'example_branch_python_operator_decorator' retrieved from /usr/local/python/3.10.13/lib/python3.10/site-packages/airflow/example_dags/example_branch_operator_decorator.py
[2024-07-02T19:13:42.132+0000] {logging_mixin.py:188} INFO - [2024-07-02T19:13:42.132+0000] {dag.py:3096} INFO - Sync 1 DAGs
[2024-07-02T19:13:42.147+0000] {logging_mixin.py:188} INFO - [2024-07-02T19:13:42.147+0000] {dag.py:3954} INFO - Setting next_dagrun for example_branch_python_operator_decorator to 2024-07-01 00:00:00+00:00, run_after=2024-07-02 00:00:00+00:00
[2024-07-02T19:13:42.186+0000] {processor.py:183} INFO - Processing /usr/local/python/3.10.13/lib/python3.10/site-packages/airflow/example_dags/example_branch_operator_decorator.py took 0.097 seconds
[2024-07-02T19:14:42.707+0000] {processor.py:161} INFO - Started process (PID=7545) to work on /usr/local/python/3.10.13/lib/python3.10/site-packages/airflow/example_dags/example_branch_operator_decorator.py
[2024-07-02T19:14:42.708+0000] {processor.py:830} INFO - Processing file /usr/local/python/3.10.13/lib/python3.10/site-packages/airflow/example_dags/example_branch_operator_decorator.py for tasks to queue
[2024-07-02T19:14:42.711+0000] {logging_mixin.py:188} INFO - [2024-07-02T19:14:42.710+0000] {dagbag.py:545} INFO - Filling up the DagBag from /usr/local/python/3.10.13/lib/python3.10/site-packages/airflow/example_dags/example_branch_operator_decorator.py
[2024-07-02T19:14:42.729+0000] {processor.py:840} INFO - DAG(s) 'example_branch_python_operator_decorator' retrieved from /usr/local/python/3.10.13/lib/python3.10/site-packages/airflow/example_dags/example_branch_operator_decorator.py
[2024-07-02T19:14:42.747+0000] {logging_mixin.py:188} INFO - [2024-07-02T19:14:42.747+0000] {dag.py:3096} INFO - Sync 1 DAGs
[2024-07-02T19:14:42.762+0000] {logging_mixin.py:188} INFO - [2024-07-02T19:14:42.762+0000] {dag.py:3954} INFO - Setting next_dagrun for example_branch_python_operator_decorator to 2024-07-01 00:00:00+00:00, run_after=2024-07-02 00:00:00+00:00
[2024-07-02T19:14:42.805+0000] {processor.py:183} INFO - Processing /usr/local/python/3.10.13/lib/python3.10/site-packages/airflow/example_dags/example_branch_operator_decorator.py took 0.102 seconds
[2024-07-02T19:15:46.447+0000] {processor.py:161} INFO - Started process (PID=8039) to work on /usr/local/python/3.10.13/lib/python3.10/site-packages/airflow/example_dags/example_branch_operator_decorator.py
[2024-07-02T19:15:46.448+0000] {processor.py:830} INFO - Processing file /usr/local/python/3.10.13/lib/python3.10/site-packages/airflow/example_dags/example_branch_operator_decorator.py for tasks to queue
[2024-07-02T19:15:46.449+0000] {logging_mixin.py:188} INFO - [2024-07-02T19:15:46.449+0000] {dagbag.py:545} INFO - Filling up the DagBag from /usr/local/python/3.10.13/lib/python3.10/site-packages/airflow/example_dags/example_branch_operator_decorator.py
[2024-07-02T19:15:46.475+0000] {processor.py:840} INFO - DAG(s) 'example_branch_python_operator_decorator' retrieved from /usr/local/python/3.10.13/lib/python3.10/site-packages/airflow/example_dags/example_branch_operator_decorator.py
[2024-07-02T19:15:46.509+0000] {logging_mixin.py:188} INFO - [2024-07-02T19:15:46.508+0000] {dag.py:3096} INFO - Sync 1 DAGs
[2024-07-02T19:15:46.535+0000] {logging_mixin.py:188} INFO - [2024-07-02T19:15:46.535+0000] {dag.py:3954} INFO - Setting next_dagrun for example_branch_python_operator_decorator to 2024-07-01 00:00:00+00:00, run_after=2024-07-02 00:00:00+00:00
[2024-07-02T19:15:46.578+0000] {processor.py:183} INFO - Processing /usr/local/python/3.10.13/lib/python3.10/site-packages/airflow/example_dags/example_branch_operator_decorator.py took 0.139 seconds
[2024-07-02T19:16:52.509+0000] {processor.py:161} INFO - Started process (PID=8542) to work on /usr/local/python/3.10.13/lib/python3.10/site-packages/airflow/example_dags/example_branch_operator_decorator.py
[2024-07-02T19:16:52.510+0000] {processor.py:830} INFO - Processing file /usr/local/python/3.10.13/lib/python3.10/site-packages/airflow/example_dags/example_branch_operator_decorator.py for tasks to queue
[2024-07-02T19:16:52.511+0000] {logging_mixin.py:188} INFO - [2024-07-02T19:16:52.510+0000] {dagbag.py:545} INFO - Filling up the DagBag from /usr/local/python/3.10.13/lib/python3.10/site-packages/airflow/example_dags/example_branch_operator_decorator.py
[2024-07-02T19:16:52.528+0000] {processor.py:840} INFO - DAG(s) 'example_branch_python_operator_decorator' retrieved from /usr/local/python/3.10.13/lib/python3.10/site-packages/airflow/example_dags/example_branch_operator_decorator.py
[2024-07-02T19:16:52.547+0000] {logging_mixin.py:188} INFO - [2024-07-02T19:16:52.547+0000] {dag.py:3096} INFO - Sync 1 DAGs
[2024-07-02T19:16:52.562+0000] {logging_mixin.py:188} INFO - [2024-07-02T19:16:52.562+0000] {dag.py:3954} INFO - Setting next_dagrun for example_branch_python_operator_decorator to 2024-07-01 00:00:00+00:00, run_after=2024-07-02 00:00:00+00:00
[2024-07-02T19:16:52.606+0000] {processor.py:183} INFO - Processing /usr/local/python/3.10.13/lib/python3.10/site-packages/airflow/example_dags/example_branch_operator_decorator.py took 0.101 seconds
[2024-07-02T19:17:44.160+0000] {processor.py:161} INFO - Started process (PID=8936) to work on /usr/local/python/3.10.13/lib/python3.10/site-packages/airflow/example_dags/example_branch_operator_decorator.py
[2024-07-02T19:17:44.161+0000] {processor.py:830} INFO - Processing file /usr/local/python/3.10.13/lib/python3.10/site-packages/airflow/example_dags/example_branch_operator_decorator.py for tasks to queue
[2024-07-02T19:17:44.162+0000] {logging_mixin.py:188} INFO - [2024-07-02T19:17:44.161+0000] {dagbag.py:545} INFO - Filling up the DagBag from /usr/local/python/3.10.13/lib/python3.10/site-packages/airflow/example_dags/example_branch_operator_decorator.py
[2024-07-02T19:17:44.183+0000] {processor.py:840} INFO - DAG(s) 'example_branch_python_operator_decorator' retrieved from /usr/local/python/3.10.13/lib/python3.10/site-packages/airflow/example_dags/example_branch_operator_decorator.py
[2024-07-02T19:17:44.212+0000] {logging_mixin.py:188} INFO - [2024-07-02T19:17:44.212+0000] {dag.py:3096} INFO - Sync 1 DAGs
[2024-07-02T19:17:44.229+0000] {logging_mixin.py:188} INFO - [2024-07-02T19:17:44.229+0000] {dag.py:3954} INFO - Setting next_dagrun for example_branch_python_operator_decorator to 2024-07-01 00:00:00+00:00, run_after=2024-07-02 00:00:00+00:00
[2024-07-02T19:17:44.270+0000] {processor.py:183} INFO - Processing /usr/local/python/3.10.13/lib/python3.10/site-packages/airflow/example_dags/example_branch_operator_decorator.py took 0.114 seconds
[2024-07-02T19:18:47.307+0000] {processor.py:161} INFO - Started process (PID=9413) to work on /usr/local/python/3.10.13/lib/python3.10/site-packages/airflow/example_dags/example_branch_operator_decorator.py
[2024-07-02T19:18:47.308+0000] {processor.py:830} INFO - Processing file /usr/local/python/3.10.13/lib/python3.10/site-packages/airflow/example_dags/example_branch_operator_decorator.py for tasks to queue
[2024-07-02T19:18:47.308+0000] {logging_mixin.py:188} INFO - [2024-07-02T19:18:47.308+0000] {dagbag.py:545} INFO - Filling up the DagBag from /usr/local/python/3.10.13/lib/python3.10/site-packages/airflow/example_dags/example_branch_operator_decorator.py
[2024-07-02T19:18:47.326+0000] {processor.py:840} INFO - DAG(s) 'example_branch_python_operator_decorator' retrieved from /usr/local/python/3.10.13/lib/python3.10/site-packages/airflow/example_dags/example_branch_operator_decorator.py
[2024-07-02T19:18:47.345+0000] {logging_mixin.py:188} INFO - [2024-07-02T19:18:47.345+0000] {dag.py:3096} INFO - Sync 1 DAGs
[2024-07-02T19:18:47.360+0000] {logging_mixin.py:188} INFO - [2024-07-02T19:18:47.360+0000] {dag.py:3954} INFO - Setting next_dagrun for example_branch_python_operator_decorator to 2024-07-01 00:00:00+00:00, run_after=2024-07-02 00:00:00+00:00
[2024-07-02T19:18:47.400+0000] {processor.py:183} INFO - Processing /usr/local/python/3.10.13/lib/python3.10/site-packages/airflow/example_dags/example_branch_operator_decorator.py took 0.097 seconds
[2024-07-02T19:19:54.111+0000] {processor.py:161} INFO - Started process (PID=9919) to work on /usr/local/python/3.10.13/lib/python3.10/site-packages/airflow/example_dags/example_branch_operator_decorator.py
[2024-07-02T19:19:54.112+0000] {processor.py:830} INFO - Processing file /usr/local/python/3.10.13/lib/python3.10/site-packages/airflow/example_dags/example_branch_operator_decorator.py for tasks to queue
[2024-07-02T19:19:54.112+0000] {logging_mixin.py:188} INFO - [2024-07-02T19:19:54.112+0000] {dagbag.py:545} INFO - Filling up the DagBag from /usr/local/python/3.10.13/lib/python3.10/site-packages/airflow/example_dags/example_branch_operator_decorator.py
[2024-07-02T19:19:54.130+0000] {processor.py:840} INFO - DAG(s) 'example_branch_python_operator_decorator' retrieved from /usr/local/python/3.10.13/lib/python3.10/site-packages/airflow/example_dags/example_branch_operator_decorator.py
[2024-07-02T19:19:54.149+0000] {logging_mixin.py:188} INFO - [2024-07-02T19:19:54.149+0000] {dag.py:3096} INFO - Sync 1 DAGs
[2024-07-02T19:19:54.166+0000] {logging_mixin.py:188} INFO - [2024-07-02T19:19:54.166+0000] {dag.py:3954} INFO - Setting next_dagrun for example_branch_python_operator_decorator to 2024-07-01 00:00:00+00:00, run_after=2024-07-02 00:00:00+00:00
[2024-07-02T19:19:54.210+0000] {processor.py:183} INFO - Processing /usr/local/python/3.10.13/lib/python3.10/site-packages/airflow/example_dags/example_branch_operator_decorator.py took 0.103 seconds
[2024-07-02T19:21:03.482+0000] {processor.py:161} INFO - Started process (PID=10446) to work on /usr/local/python/3.10.13/lib/python3.10/site-packages/airflow/example_dags/example_branch_operator_decorator.py
[2024-07-02T19:21:03.483+0000] {processor.py:830} INFO - Processing file /usr/local/python/3.10.13/lib/python3.10/site-packages/airflow/example_dags/example_branch_operator_decorator.py for tasks to queue
[2024-07-02T19:21:03.484+0000] {logging_mixin.py:188} INFO - [2024-07-02T19:21:03.483+0000] {dagbag.py:545} INFO - Filling up the DagBag from /usr/local/python/3.10.13/lib/python3.10/site-packages/airflow/example_dags/example_branch_operator_decorator.py
[2024-07-02T19:21:03.501+0000] {processor.py:840} INFO - DAG(s) 'example_branch_python_operator_decorator' retrieved from /usr/local/python/3.10.13/lib/python3.10/site-packages/airflow/example_dags/example_branch_operator_decorator.py
[2024-07-02T19:21:03.521+0000] {logging_mixin.py:188} INFO - [2024-07-02T19:21:03.521+0000] {dag.py:3096} INFO - Sync 1 DAGs
[2024-07-02T19:21:03.536+0000] {logging_mixin.py:188} INFO - [2024-07-02T19:21:03.536+0000] {dag.py:3954} INFO - Setting next_dagrun for example_branch_python_operator_decorator to 2024-07-01 00:00:00+00:00, run_after=2024-07-02 00:00:00+00:00
[2024-07-02T19:21:03.582+0000] {processor.py:183} INFO - Processing /usr/local/python/3.10.13/lib/python3.10/site-packages/airflow/example_dags/example_branch_operator_decorator.py took 0.104 seconds
[2024-07-02T19:22:14.349+0000] {processor.py:161} INFO - Started process (PID=10984) to work on /usr/local/python/3.10.13/lib/python3.10/site-packages/airflow/example_dags/example_branch_operator_decorator.py
[2024-07-02T19:22:14.350+0000] {processor.py:830} INFO - Processing file /usr/local/python/3.10.13/lib/python3.10/site-packages/airflow/example_dags/example_branch_operator_decorator.py for tasks to queue
[2024-07-02T19:22:14.351+0000] {logging_mixin.py:188} INFO - [2024-07-02T19:22:14.351+0000] {dagbag.py:545} INFO - Filling up the DagBag from /usr/local/python/3.10.13/lib/python3.10/site-packages/airflow/example_dags/example_branch_operator_decorator.py
[2024-07-02T19:22:14.369+0000] {processor.py:840} INFO - DAG(s) 'example_branch_python_operator_decorator' retrieved from /usr/local/python/3.10.13/lib/python3.10/site-packages/airflow/example_dags/example_branch_operator_decorator.py
[2024-07-02T19:22:14.388+0000] {logging_mixin.py:188} INFO - [2024-07-02T19:22:14.387+0000] {dag.py:3096} INFO - Sync 1 DAGs
[2024-07-02T19:22:14.402+0000] {logging_mixin.py:188} INFO - [2024-07-02T19:22:14.402+0000] {dag.py:3954} INFO - Setting next_dagrun for example_branch_python_operator_decorator to 2024-07-01 00:00:00+00:00, run_after=2024-07-02 00:00:00+00:00
[2024-07-02T19:22:14.443+0000] {processor.py:183} INFO - Processing /usr/local/python/3.10.13/lib/python3.10/site-packages/airflow/example_dags/example_branch_operator_decorator.py took 0.099 seconds
[2024-07-02T19:23:17.719+0000] {processor.py:161} INFO - Started process (PID=11464) to work on /usr/local/python/3.10.13/lib/python3.10/site-packages/airflow/example_dags/example_branch_operator_decorator.py
[2024-07-02T19:23:17.720+0000] {processor.py:830} INFO - Processing file /usr/local/python/3.10.13/lib/python3.10/site-packages/airflow/example_dags/example_branch_operator_decorator.py for tasks to queue
[2024-07-02T19:23:17.720+0000] {logging_mixin.py:188} INFO - [2024-07-02T19:23:17.720+0000] {dagbag.py:545} INFO - Filling up the DagBag from /usr/local/python/3.10.13/lib/python3.10/site-packages/airflow/example_dags/example_branch_operator_decorator.py
[2024-07-02T19:23:17.738+0000] {processor.py:840} INFO - DAG(s) 'example_branch_python_operator_decorator' retrieved from /usr/local/python/3.10.13/lib/python3.10/site-packages/airflow/example_dags/example_branch_operator_decorator.py
[2024-07-02T19:23:17.757+0000] {logging_mixin.py:188} INFO - [2024-07-02T19:23:17.756+0000] {dag.py:3096} INFO - Sync 1 DAGs
[2024-07-02T19:23:17.772+0000] {logging_mixin.py:188} INFO - [2024-07-02T19:23:17.771+0000] {dag.py:3954} INFO - Setting next_dagrun for example_branch_python_operator_decorator to 2024-07-01 00:00:00+00:00, run_after=2024-07-02 00:00:00+00:00
[2024-07-02T19:23:17.818+0000] {processor.py:183} INFO - Processing /usr/local/python/3.10.13/lib/python3.10/site-packages/airflow/example_dags/example_branch_operator_decorator.py took 0.104 seconds
[2024-07-02T19:24:20.197+0000] {processor.py:161} INFO - Started process (PID=11933) to work on /usr/local/python/3.10.13/lib/python3.10/site-packages/airflow/example_dags/example_branch_operator_decorator.py
[2024-07-02T19:24:20.198+0000] {processor.py:830} INFO - Processing file /usr/local/python/3.10.13/lib/python3.10/site-packages/airflow/example_dags/example_branch_operator_decorator.py for tasks to queue
[2024-07-02T19:24:20.198+0000] {logging_mixin.py:188} INFO - [2024-07-02T19:24:20.198+0000] {dagbag.py:545} INFO - Filling up the DagBag from /usr/local/python/3.10.13/lib/python3.10/site-packages/airflow/example_dags/example_branch_operator_decorator.py
[2024-07-02T19:24:20.217+0000] {processor.py:840} INFO - DAG(s) 'example_branch_python_operator_decorator' retrieved from /usr/local/python/3.10.13/lib/python3.10/site-packages/airflow/example_dags/example_branch_operator_decorator.py
[2024-07-02T19:24:20.237+0000] {logging_mixin.py:188} INFO - [2024-07-02T19:24:20.237+0000] {dag.py:3096} INFO - Sync 1 DAGs
[2024-07-02T19:24:20.252+0000] {logging_mixin.py:188} INFO - [2024-07-02T19:24:20.252+0000] {dag.py:3954} INFO - Setting next_dagrun for example_branch_python_operator_decorator to 2024-07-01 00:00:00+00:00, run_after=2024-07-02 00:00:00+00:00
[2024-07-02T19:24:20.293+0000] {processor.py:183} INFO - Processing /usr/local/python/3.10.13/lib/python3.10/site-packages/airflow/example_dags/example_branch_operator_decorator.py took 0.101 seconds
[2024-07-02T19:25:25.650+0000] {processor.py:161} INFO - Started process (PID=12420) to work on /usr/local/python/3.10.13/lib/python3.10/site-packages/airflow/example_dags/example_branch_operator_decorator.py
[2024-07-02T19:25:25.651+0000] {processor.py:830} INFO - Processing file /usr/local/python/3.10.13/lib/python3.10/site-packages/airflow/example_dags/example_branch_operator_decorator.py for tasks to queue
[2024-07-02T19:25:25.651+0000] {logging_mixin.py:188} INFO - [2024-07-02T19:25:25.651+0000] {dagbag.py:545} INFO - Filling up the DagBag from /usr/local/python/3.10.13/lib/python3.10/site-packages/airflow/example_dags/example_branch_operator_decorator.py
[2024-07-02T19:25:25.669+0000] {processor.py:840} INFO - DAG(s) 'example_branch_python_operator_decorator' retrieved from /usr/local/python/3.10.13/lib/python3.10/site-packages/airflow/example_dags/example_branch_operator_decorator.py
[2024-07-02T19:25:25.688+0000] {logging_mixin.py:188} INFO - [2024-07-02T19:25:25.688+0000] {dag.py:3096} INFO - Sync 1 DAGs
[2024-07-02T19:25:25.703+0000] {logging_mixin.py:188} INFO - [2024-07-02T19:25:25.703+0000] {dag.py:3954} INFO - Setting next_dagrun for example_branch_python_operator_decorator to 2024-07-01 00:00:00+00:00, run_after=2024-07-02 00:00:00+00:00
[2024-07-02T19:25:25.742+0000] {processor.py:183} INFO - Processing /usr/local/python/3.10.13/lib/python3.10/site-packages/airflow/example_dags/example_branch_operator_decorator.py took 0.097 seconds
[2024-07-02T19:26:29.705+0000] {processor.py:161} INFO - Started process (PID=12923) to work on /usr/local/python/3.10.13/lib/python3.10/site-packages/airflow/example_dags/example_branch_operator_decorator.py
[2024-07-02T19:26:29.705+0000] {processor.py:830} INFO - Processing file /usr/local/python/3.10.13/lib/python3.10/site-packages/airflow/example_dags/example_branch_operator_decorator.py for tasks to queue
[2024-07-02T19:26:29.706+0000] {logging_mixin.py:188} INFO - [2024-07-02T19:26:29.706+0000] {dagbag.py:545} INFO - Filling up the DagBag from /usr/local/python/3.10.13/lib/python3.10/site-packages/airflow/example_dags/example_branch_operator_decorator.py
[2024-07-02T19:26:29.724+0000] {processor.py:840} INFO - DAG(s) 'example_branch_python_operator_decorator' retrieved from /usr/local/python/3.10.13/lib/python3.10/site-packages/airflow/example_dags/example_branch_operator_decorator.py
[2024-07-02T19:26:29.744+0000] {logging_mixin.py:188} INFO - [2024-07-02T19:26:29.744+0000] {dag.py:3096} INFO - Sync 1 DAGs
[2024-07-02T19:26:29.759+0000] {logging_mixin.py:188} INFO - [2024-07-02T19:26:29.759+0000] {dag.py:3954} INFO - Setting next_dagrun for example_branch_python_operator_decorator to 2024-07-01 00:00:00+00:00, run_after=2024-07-02 00:00:00+00:00
[2024-07-02T19:26:29.799+0000] {processor.py:183} INFO - Processing /usr/local/python/3.10.13/lib/python3.10/site-packages/airflow/example_dags/example_branch_operator_decorator.py took 0.100 seconds
[2024-07-02T19:27:36.057+0000] {processor.py:161} INFO - Started process (PID=13469) to work on /usr/local/python/3.10.13/lib/python3.10/site-packages/airflow/example_dags/example_branch_operator_decorator.py
[2024-07-02T19:27:36.058+0000] {processor.py:830} INFO - Processing file /usr/local/python/3.10.13/lib/python3.10/site-packages/airflow/example_dags/example_branch_operator_decorator.py for tasks to queue
[2024-07-02T19:27:36.059+0000] {logging_mixin.py:188} INFO - [2024-07-02T19:27:36.058+0000] {dagbag.py:545} INFO - Filling up the DagBag from /usr/local/python/3.10.13/lib/python3.10/site-packages/airflow/example_dags/example_branch_operator_decorator.py
[2024-07-02T19:27:36.077+0000] {processor.py:840} INFO - DAG(s) 'example_branch_python_operator_decorator' retrieved from /usr/local/python/3.10.13/lib/python3.10/site-packages/airflow/example_dags/example_branch_operator_decorator.py
[2024-07-02T19:27:36.096+0000] {logging_mixin.py:188} INFO - [2024-07-02T19:27:36.096+0000] {dag.py:3096} INFO - Sync 1 DAGs
[2024-07-02T19:27:36.112+0000] {logging_mixin.py:188} INFO - [2024-07-02T19:27:36.112+0000] {dag.py:3954} INFO - Setting next_dagrun for example_branch_python_operator_decorator to 2024-07-01 00:00:00+00:00, run_after=2024-07-02 00:00:00+00:00
[2024-07-02T19:27:36.155+0000] {processor.py:183} INFO - Processing /usr/local/python/3.10.13/lib/python3.10/site-packages/airflow/example_dags/example_branch_operator_decorator.py took 0.102 seconds
[2024-07-02T19:28:38.785+0000] {processor.py:161} INFO - Started process (PID=14014) to work on /usr/local/python/3.10.13/lib/python3.10/site-packages/airflow/example_dags/example_branch_operator_decorator.py
[2024-07-02T19:28:38.785+0000] {processor.py:830} INFO - Processing file /usr/local/python/3.10.13/lib/python3.10/site-packages/airflow/example_dags/example_branch_operator_decorator.py for tasks to queue
[2024-07-02T19:28:38.786+0000] {logging_mixin.py:188} INFO - [2024-07-02T19:28:38.786+0000] {dagbag.py:545} INFO - Filling up the DagBag from /usr/local/python/3.10.13/lib/python3.10/site-packages/airflow/example_dags/example_branch_operator_decorator.py
[2024-07-02T19:28:38.804+0000] {processor.py:840} INFO - DAG(s) 'example_branch_python_operator_decorator' retrieved from /usr/local/python/3.10.13/lib/python3.10/site-packages/airflow/example_dags/example_branch_operator_decorator.py
[2024-07-02T19:28:38.823+0000] {logging_mixin.py:188} INFO - [2024-07-02T19:28:38.823+0000] {dag.py:3096} INFO - Sync 1 DAGs
[2024-07-02T19:28:38.838+0000] {logging_mixin.py:188} INFO - [2024-07-02T19:28:38.838+0000] {dag.py:3954} INFO - Setting next_dagrun for example_branch_python_operator_decorator to 2024-07-01 00:00:00+00:00, run_after=2024-07-02 00:00:00+00:00
[2024-07-02T19:28:38.879+0000] {processor.py:183} INFO - Processing /usr/local/python/3.10.13/lib/python3.10/site-packages/airflow/example_dags/example_branch_operator_decorator.py took 0.099 seconds
[2024-07-02T19:29:48.817+0000] {processor.py:161} INFO - Started process (PID=14599) to work on /usr/local/python/3.10.13/lib/python3.10/site-packages/airflow/example_dags/example_branch_operator_decorator.py
[2024-07-02T19:29:48.818+0000] {processor.py:830} INFO - Processing file /usr/local/python/3.10.13/lib/python3.10/site-packages/airflow/example_dags/example_branch_operator_decorator.py for tasks to queue
[2024-07-02T19:29:48.818+0000] {logging_mixin.py:188} INFO - [2024-07-02T19:29:48.818+0000] {dagbag.py:545} INFO - Filling up the DagBag from /usr/local/python/3.10.13/lib/python3.10/site-packages/airflow/example_dags/example_branch_operator_decorator.py
[2024-07-02T19:29:48.836+0000] {processor.py:840} INFO - DAG(s) 'example_branch_python_operator_decorator' retrieved from /usr/local/python/3.10.13/lib/python3.10/site-packages/airflow/example_dags/example_branch_operator_decorator.py
[2024-07-02T19:29:48.855+0000] {logging_mixin.py:188} INFO - [2024-07-02T19:29:48.855+0000] {dag.py:3096} INFO - Sync 1 DAGs
[2024-07-02T19:29:48.870+0000] {logging_mixin.py:188} INFO - [2024-07-02T19:29:48.870+0000] {dag.py:3954} INFO - Setting next_dagrun for example_branch_python_operator_decorator to 2024-07-01 00:00:00+00:00, run_after=2024-07-02 00:00:00+00:00
[2024-07-02T19:29:48.912+0000] {processor.py:183} INFO - Processing /usr/local/python/3.10.13/lib/python3.10/site-packages/airflow/example_dags/example_branch_operator_decorator.py took 0.099 seconds
[2024-07-02T19:30:57.572+0000] {processor.py:161} INFO - Started process (PID=15175) to work on /usr/local/python/3.10.13/lib/python3.10/site-packages/airflow/example_dags/example_branch_operator_decorator.py
[2024-07-02T19:30:57.573+0000] {processor.py:830} INFO - Processing file /usr/local/python/3.10.13/lib/python3.10/site-packages/airflow/example_dags/example_branch_operator_decorator.py for tasks to queue
[2024-07-02T19:30:57.574+0000] {logging_mixin.py:188} INFO - [2024-07-02T19:30:57.573+0000] {dagbag.py:545} INFO - Filling up the DagBag from /usr/local/python/3.10.13/lib/python3.10/site-packages/airflow/example_dags/example_branch_operator_decorator.py
[2024-07-02T19:30:57.591+0000] {processor.py:840} INFO - DAG(s) 'example_branch_python_operator_decorator' retrieved from /usr/local/python/3.10.13/lib/python3.10/site-packages/airflow/example_dags/example_branch_operator_decorator.py
[2024-07-02T19:30:57.610+0000] {logging_mixin.py:188} INFO - [2024-07-02T19:30:57.610+0000] {dag.py:3096} INFO - Sync 1 DAGs
[2024-07-02T19:30:57.626+0000] {logging_mixin.py:188} INFO - [2024-07-02T19:30:57.626+0000] {dag.py:3954} INFO - Setting next_dagrun for example_branch_python_operator_decorator to 2024-07-01 00:00:00+00:00, run_after=2024-07-02 00:00:00+00:00
[2024-07-02T19:30:57.667+0000] {processor.py:183} INFO - Processing /usr/local/python/3.10.13/lib/python3.10/site-packages/airflow/example_dags/example_branch_operator_decorator.py took 0.100 seconds
[2024-07-02T19:32:08.546+0000] {processor.py:161} INFO - Started process (PID=15706) to work on /usr/local/python/3.10.13/lib/python3.10/site-packages/airflow/example_dags/example_branch_operator_decorator.py
[2024-07-02T19:32:08.546+0000] {processor.py:830} INFO - Processing file /usr/local/python/3.10.13/lib/python3.10/site-packages/airflow/example_dags/example_branch_operator_decorator.py for tasks to queue
[2024-07-02T19:32:08.547+0000] {logging_mixin.py:188} INFO - [2024-07-02T19:32:08.547+0000] {dagbag.py:545} INFO - Filling up the DagBag from /usr/local/python/3.10.13/lib/python3.10/site-packages/airflow/example_dags/example_branch_operator_decorator.py
[2024-07-02T19:32:08.565+0000] {processor.py:840} INFO - DAG(s) 'example_branch_python_operator_decorator' retrieved from /usr/local/python/3.10.13/lib/python3.10/site-packages/airflow/example_dags/example_branch_operator_decorator.py
[2024-07-02T19:32:08.586+0000] {logging_mixin.py:188} INFO - [2024-07-02T19:32:08.586+0000] {dag.py:3096} INFO - Sync 1 DAGs
[2024-07-02T19:32:08.601+0000] {logging_mixin.py:188} INFO - [2024-07-02T19:32:08.601+0000] {dag.py:3954} INFO - Setting next_dagrun for example_branch_python_operator_decorator to 2024-07-01 00:00:00+00:00, run_after=2024-07-02 00:00:00+00:00
[2024-07-02T19:32:08.641+0000] {processor.py:183} INFO - Processing /usr/local/python/3.10.13/lib/python3.10/site-packages/airflow/example_dags/example_branch_operator_decorator.py took 0.100 seconds
[2024-07-02T19:33:12.046+0000] {processor.py:161} INFO - Started process (PID=16188) to work on /usr/local/python/3.10.13/lib/python3.10/site-packages/airflow/example_dags/example_branch_operator_decorator.py
[2024-07-02T19:33:12.047+0000] {processor.py:830} INFO - Processing file /usr/local/python/3.10.13/lib/python3.10/site-packages/airflow/example_dags/example_branch_operator_decorator.py for tasks to queue
[2024-07-02T19:33:12.048+0000] {logging_mixin.py:188} INFO - [2024-07-02T19:33:12.047+0000] {dagbag.py:545} INFO - Filling up the DagBag from /usr/local/python/3.10.13/lib/python3.10/site-packages/airflow/example_dags/example_branch_operator_decorator.py
[2024-07-02T19:33:12.066+0000] {processor.py:840} INFO - DAG(s) 'example_branch_python_operator_decorator' retrieved from /usr/local/python/3.10.13/lib/python3.10/site-packages/airflow/example_dags/example_branch_operator_decorator.py
[2024-07-02T19:33:12.086+0000] {logging_mixin.py:188} INFO - [2024-07-02T19:33:12.086+0000] {dag.py:3096} INFO - Sync 1 DAGs
[2024-07-02T19:33:12.102+0000] {logging_mixin.py:188} INFO - [2024-07-02T19:33:12.102+0000] {dag.py:3954} INFO - Setting next_dagrun for example_branch_python_operator_decorator to 2024-07-01 00:00:00+00:00, run_after=2024-07-02 00:00:00+00:00
[2024-07-02T19:33:12.145+0000] {processor.py:183} INFO - Processing /usr/local/python/3.10.13/lib/python3.10/site-packages/airflow/example_dags/example_branch_operator_decorator.py took 0.103 seconds
[2024-07-02T19:34:20.085+0000] {processor.py:161} INFO - Started process (PID=16818) to work on /usr/local/python/3.10.13/lib/python3.10/site-packages/airflow/example_dags/example_branch_operator_decorator.py
[2024-07-02T19:34:20.086+0000] {processor.py:830} INFO - Processing file /usr/local/python/3.10.13/lib/python3.10/site-packages/airflow/example_dags/example_branch_operator_decorator.py for tasks to queue
[2024-07-02T19:34:20.087+0000] {logging_mixin.py:188} INFO - [2024-07-02T19:34:20.086+0000] {dagbag.py:545} INFO - Filling up the DagBag from /usr/local/python/3.10.13/lib/python3.10/site-packages/airflow/example_dags/example_branch_operator_decorator.py
[2024-07-02T19:34:20.105+0000] {processor.py:840} INFO - DAG(s) 'example_branch_python_operator_decorator' retrieved from /usr/local/python/3.10.13/lib/python3.10/site-packages/airflow/example_dags/example_branch_operator_decorator.py
[2024-07-02T19:34:20.124+0000] {logging_mixin.py:188} INFO - [2024-07-02T19:34:20.124+0000] {dag.py:3096} INFO - Sync 1 DAGs
[2024-07-02T19:34:20.139+0000] {logging_mixin.py:188} INFO - [2024-07-02T19:34:20.139+0000] {dag.py:3954} INFO - Setting next_dagrun for example_branch_python_operator_decorator to 2024-07-01 00:00:00+00:00, run_after=2024-07-02 00:00:00+00:00
[2024-07-02T19:34:20.181+0000] {processor.py:183} INFO - Processing /usr/local/python/3.10.13/lib/python3.10/site-packages/airflow/example_dags/example_branch_operator_decorator.py took 0.101 seconds
[2024-07-02T19:35:28.875+0000] {processor.py:161} INFO - Started process (PID=17387) to work on /usr/local/python/3.10.13/lib/python3.10/site-packages/airflow/example_dags/example_branch_operator_decorator.py
[2024-07-02T19:35:28.875+0000] {processor.py:830} INFO - Processing file /usr/local/python/3.10.13/lib/python3.10/site-packages/airflow/example_dags/example_branch_operator_decorator.py for tasks to queue
[2024-07-02T19:35:28.876+0000] {logging_mixin.py:188} INFO - [2024-07-02T19:35:28.876+0000] {dagbag.py:545} INFO - Filling up the DagBag from /usr/local/python/3.10.13/lib/python3.10/site-packages/airflow/example_dags/example_branch_operator_decorator.py
[2024-07-02T19:35:28.896+0000] {processor.py:840} INFO - DAG(s) 'example_branch_python_operator_decorator' retrieved from /usr/local/python/3.10.13/lib/python3.10/site-packages/airflow/example_dags/example_branch_operator_decorator.py
[2024-07-02T19:35:28.914+0000] {logging_mixin.py:188} INFO - [2024-07-02T19:35:28.914+0000] {dag.py:3096} INFO - Sync 1 DAGs
[2024-07-02T19:35:28.930+0000] {logging_mixin.py:188} INFO - [2024-07-02T19:35:28.929+0000] {dag.py:3954} INFO - Setting next_dagrun for example_branch_python_operator_decorator to 2024-07-01 00:00:00+00:00, run_after=2024-07-02 00:00:00+00:00
[2024-07-02T19:35:28.969+0000] {processor.py:183} INFO - Processing /usr/local/python/3.10.13/lib/python3.10/site-packages/airflow/example_dags/example_branch_operator_decorator.py took 0.099 seconds
[2024-07-02T19:36:48.565+0000] {processor.py:161} INFO - Started process (PID=18032) to work on /usr/local/python/3.10.13/lib/python3.10/site-packages/airflow/example_dags/example_branch_operator_decorator.py
[2024-07-02T19:36:48.566+0000] {processor.py:830} INFO - Processing file /usr/local/python/3.10.13/lib/python3.10/site-packages/airflow/example_dags/example_branch_operator_decorator.py for tasks to queue
[2024-07-02T19:36:48.566+0000] {logging_mixin.py:188} INFO - [2024-07-02T19:36:48.566+0000] {dagbag.py:545} INFO - Filling up the DagBag from /usr/local/python/3.10.13/lib/python3.10/site-packages/airflow/example_dags/example_branch_operator_decorator.py
[2024-07-02T19:36:48.598+0000] {processor.py:840} INFO - DAG(s) 'example_branch_python_operator_decorator' retrieved from /usr/local/python/3.10.13/lib/python3.10/site-packages/airflow/example_dags/example_branch_operator_decorator.py
[2024-07-02T19:36:48.627+0000] {logging_mixin.py:188} INFO - [2024-07-02T19:36:48.627+0000] {dag.py:3096} INFO - Sync 1 DAGs
[2024-07-02T19:36:48.648+0000] {logging_mixin.py:188} INFO - [2024-07-02T19:36:48.647+0000] {dag.py:3954} INFO - Setting next_dagrun for example_branch_python_operator_decorator to 2024-07-01 00:00:00+00:00, run_after=2024-07-02 00:00:00+00:00
[2024-07-02T19:36:48.705+0000] {processor.py:183} INFO - Processing /usr/local/python/3.10.13/lib/python3.10/site-packages/airflow/example_dags/example_branch_operator_decorator.py took 0.145 seconds
[2024-07-02T19:37:40.367+0000] {processor.py:161} INFO - Started process (PID=18403) to work on /usr/local/python/3.10.13/lib/python3.10/site-packages/airflow/example_dags/example_branch_operator_decorator.py
[2024-07-02T19:37:40.368+0000] {processor.py:830} INFO - Processing file /usr/local/python/3.10.13/lib/python3.10/site-packages/airflow/example_dags/example_branch_operator_decorator.py for tasks to queue
[2024-07-02T19:37:40.368+0000] {logging_mixin.py:188} INFO - [2024-07-02T19:37:40.368+0000] {dagbag.py:545} INFO - Filling up the DagBag from /usr/local/python/3.10.13/lib/python3.10/site-packages/airflow/example_dags/example_branch_operator_decorator.py
[2024-07-02T19:37:40.386+0000] {processor.py:840} INFO - DAG(s) 'example_branch_python_operator_decorator' retrieved from /usr/local/python/3.10.13/lib/python3.10/site-packages/airflow/example_dags/example_branch_operator_decorator.py
[2024-07-02T19:37:40.405+0000] {logging_mixin.py:188} INFO - [2024-07-02T19:37:40.405+0000] {dag.py:3096} INFO - Sync 1 DAGs
[2024-07-02T19:37:40.420+0000] {logging_mixin.py:188} INFO - [2024-07-02T19:37:40.420+0000] {dag.py:3954} INFO - Setting next_dagrun for example_branch_python_operator_decorator to 2024-07-01 00:00:00+00:00, run_after=2024-07-02 00:00:00+00:00
[2024-07-02T19:37:40.460+0000] {processor.py:183} INFO - Processing /usr/local/python/3.10.13/lib/python3.10/site-packages/airflow/example_dags/example_branch_operator_decorator.py took 0.098 seconds
[2024-07-02T19:38:45.819+0000] {processor.py:161} INFO - Started process (PID=18862) to work on /usr/local/python/3.10.13/lib/python3.10/site-packages/airflow/example_dags/example_branch_operator_decorator.py
[2024-07-02T19:38:45.819+0000] {processor.py:830} INFO - Processing file /usr/local/python/3.10.13/lib/python3.10/site-packages/airflow/example_dags/example_branch_operator_decorator.py for tasks to queue
[2024-07-02T19:38:45.820+0000] {logging_mixin.py:188} INFO - [2024-07-02T19:38:45.820+0000] {dagbag.py:545} INFO - Filling up the DagBag from /usr/local/python/3.10.13/lib/python3.10/site-packages/airflow/example_dags/example_branch_operator_decorator.py
[2024-07-02T19:38:45.838+0000] {processor.py:840} INFO - DAG(s) 'example_branch_python_operator_decorator' retrieved from /usr/local/python/3.10.13/lib/python3.10/site-packages/airflow/example_dags/example_branch_operator_decorator.py
[2024-07-02T19:38:45.857+0000] {logging_mixin.py:188} INFO - [2024-07-02T19:38:45.857+0000] {dag.py:3096} INFO - Sync 1 DAGs
[2024-07-02T19:38:45.872+0000] {logging_mixin.py:188} INFO - [2024-07-02T19:38:45.872+0000] {dag.py:3954} INFO - Setting next_dagrun for example_branch_python_operator_decorator to 2024-07-01 00:00:00+00:00, run_after=2024-07-02 00:00:00+00:00
[2024-07-02T19:38:45.912+0000] {processor.py:183} INFO - Processing /usr/local/python/3.10.13/lib/python3.10/site-packages/airflow/example_dags/example_branch_operator_decorator.py took 0.098 seconds
[2024-07-02T19:39:56.105+0000] {processor.py:161} INFO - Started process (PID=19384) to work on /usr/local/python/3.10.13/lib/python3.10/site-packages/airflow/example_dags/example_branch_operator_decorator.py
[2024-07-02T19:39:56.106+0000] {processor.py:830} INFO - Processing file /usr/local/python/3.10.13/lib/python3.10/site-packages/airflow/example_dags/example_branch_operator_decorator.py for tasks to queue
[2024-07-02T19:39:56.106+0000] {logging_mixin.py:188} INFO - [2024-07-02T19:39:56.106+0000] {dagbag.py:545} INFO - Filling up the DagBag from /usr/local/python/3.10.13/lib/python3.10/site-packages/airflow/example_dags/example_branch_operator_decorator.py
[2024-07-02T19:39:56.124+0000] {processor.py:840} INFO - DAG(s) 'example_branch_python_operator_decorator' retrieved from /usr/local/python/3.10.13/lib/python3.10/site-packages/airflow/example_dags/example_branch_operator_decorator.py
[2024-07-02T19:39:56.143+0000] {logging_mixin.py:188} INFO - [2024-07-02T19:39:56.143+0000] {dag.py:3096} INFO - Sync 1 DAGs
[2024-07-02T19:39:56.158+0000] {logging_mixin.py:188} INFO - [2024-07-02T19:39:56.158+0000] {dag.py:3954} INFO - Setting next_dagrun for example_branch_python_operator_decorator to 2024-07-01 00:00:00+00:00, run_after=2024-07-02 00:00:00+00:00
[2024-07-02T19:39:56.211+0000] {processor.py:183} INFO - Processing /usr/local/python/3.10.13/lib/python3.10/site-packages/airflow/example_dags/example_branch_operator_decorator.py took 0.111 seconds
[2024-07-02T19:40:48.483+0000] {processor.py:161} INFO - Started process (PID=19791) to work on /usr/local/python/3.10.13/lib/python3.10/site-packages/airflow/example_dags/example_branch_operator_decorator.py
[2024-07-02T19:40:48.484+0000] {processor.py:830} INFO - Processing file /usr/local/python/3.10.13/lib/python3.10/site-packages/airflow/example_dags/example_branch_operator_decorator.py for tasks to queue
[2024-07-02T19:40:48.485+0000] {logging_mixin.py:188} INFO - [2024-07-02T19:40:48.484+0000] {dagbag.py:545} INFO - Filling up the DagBag from /usr/local/python/3.10.13/lib/python3.10/site-packages/airflow/example_dags/example_branch_operator_decorator.py
[2024-07-02T19:40:48.503+0000] {processor.py:840} INFO - DAG(s) 'example_branch_python_operator_decorator' retrieved from /usr/local/python/3.10.13/lib/python3.10/site-packages/airflow/example_dags/example_branch_operator_decorator.py
[2024-07-02T19:40:48.522+0000] {logging_mixin.py:188} INFO - [2024-07-02T19:40:48.522+0000] {dag.py:3096} INFO - Sync 1 DAGs
[2024-07-02T19:40:48.537+0000] {logging_mixin.py:188} INFO - [2024-07-02T19:40:48.537+0000] {dag.py:3954} INFO - Setting next_dagrun for example_branch_python_operator_decorator to 2024-07-01 00:00:00+00:00, run_after=2024-07-02 00:00:00+00:00
[2024-07-02T19:40:48.579+0000] {processor.py:183} INFO - Processing /usr/local/python/3.10.13/lib/python3.10/site-packages/airflow/example_dags/example_branch_operator_decorator.py took 0.101 seconds
[2024-07-02T19:41:54.355+0000] {processor.py:161} INFO - Started process (PID=20301) to work on /usr/local/python/3.10.13/lib/python3.10/site-packages/airflow/example_dags/example_branch_operator_decorator.py
[2024-07-02T19:41:54.355+0000] {processor.py:830} INFO - Processing file /usr/local/python/3.10.13/lib/python3.10/site-packages/airflow/example_dags/example_branch_operator_decorator.py for tasks to queue
[2024-07-02T19:41:54.356+0000] {logging_mixin.py:188} INFO - [2024-07-02T19:41:54.356+0000] {dagbag.py:545} INFO - Filling up the DagBag from /usr/local/python/3.10.13/lib/python3.10/site-packages/airflow/example_dags/example_branch_operator_decorator.py
[2024-07-02T19:41:54.374+0000] {processor.py:840} INFO - DAG(s) 'example_branch_python_operator_decorator' retrieved from /usr/local/python/3.10.13/lib/python3.10/site-packages/airflow/example_dags/example_branch_operator_decorator.py
[2024-07-02T19:41:54.393+0000] {logging_mixin.py:188} INFO - [2024-07-02T19:41:54.393+0000] {dag.py:3096} INFO - Sync 1 DAGs
[2024-07-02T19:41:54.408+0000] {logging_mixin.py:188} INFO - [2024-07-02T19:41:54.407+0000] {dag.py:3954} INFO - Setting next_dagrun for example_branch_python_operator_decorator to 2024-07-01 00:00:00+00:00, run_after=2024-07-02 00:00:00+00:00
[2024-07-02T19:41:54.447+0000] {processor.py:183} INFO - Processing /usr/local/python/3.10.13/lib/python3.10/site-packages/airflow/example_dags/example_branch_operator_decorator.py took 0.097 seconds
[2024-07-02T19:42:55.465+0000] {processor.py:161} INFO - Started process (PID=20823) to work on /usr/local/python/3.10.13/lib/python3.10/site-packages/airflow/example_dags/example_branch_operator_decorator.py
[2024-07-02T19:42:55.466+0000] {processor.py:830} INFO - Processing file /usr/local/python/3.10.13/lib/python3.10/site-packages/airflow/example_dags/example_branch_operator_decorator.py for tasks to queue
[2024-07-02T19:42:55.467+0000] {logging_mixin.py:188} INFO - [2024-07-02T19:42:55.466+0000] {dagbag.py:545} INFO - Filling up the DagBag from /usr/local/python/3.10.13/lib/python3.10/site-packages/airflow/example_dags/example_branch_operator_decorator.py
[2024-07-02T19:42:55.484+0000] {processor.py:840} INFO - DAG(s) 'example_branch_python_operator_decorator' retrieved from /usr/local/python/3.10.13/lib/python3.10/site-packages/airflow/example_dags/example_branch_operator_decorator.py
[2024-07-02T19:42:55.504+0000] {logging_mixin.py:188} INFO - [2024-07-02T19:42:55.504+0000] {dag.py:3096} INFO - Sync 1 DAGs
[2024-07-02T19:42:55.520+0000] {logging_mixin.py:188} INFO - [2024-07-02T19:42:55.520+0000] {dag.py:3954} INFO - Setting next_dagrun for example_branch_python_operator_decorator to 2024-07-01 00:00:00+00:00, run_after=2024-07-02 00:00:00+00:00
[2024-07-02T19:42:55.559+0000] {processor.py:183} INFO - Processing /usr/local/python/3.10.13/lib/python3.10/site-packages/airflow/example_dags/example_branch_operator_decorator.py took 0.098 seconds
[2024-07-02T19:43:46.705+0000] {processor.py:161} INFO - Started process (PID=21210) to work on /usr/local/python/3.10.13/lib/python3.10/site-packages/airflow/example_dags/example_branch_operator_decorator.py
[2024-07-02T19:43:46.705+0000] {processor.py:830} INFO - Processing file /usr/local/python/3.10.13/lib/python3.10/site-packages/airflow/example_dags/example_branch_operator_decorator.py for tasks to queue
[2024-07-02T19:43:46.706+0000] {logging_mixin.py:188} INFO - [2024-07-02T19:43:46.706+0000] {dagbag.py:545} INFO - Filling up the DagBag from /usr/local/python/3.10.13/lib/python3.10/site-packages/airflow/example_dags/example_branch_operator_decorator.py
[2024-07-02T19:43:46.726+0000] {processor.py:840} INFO - DAG(s) 'example_branch_python_operator_decorator' retrieved from /usr/local/python/3.10.13/lib/python3.10/site-packages/airflow/example_dags/example_branch_operator_decorator.py
[2024-07-02T19:43:46.745+0000] {logging_mixin.py:188} INFO - [2024-07-02T19:43:46.744+0000] {dag.py:3096} INFO - Sync 1 DAGs
[2024-07-02T19:43:46.759+0000] {logging_mixin.py:188} INFO - [2024-07-02T19:43:46.759+0000] {dag.py:3954} INFO - Setting next_dagrun for example_branch_python_operator_decorator to 2024-07-01 00:00:00+00:00, run_after=2024-07-02 00:00:00+00:00
[2024-07-02T19:43:46.801+0000] {processor.py:183} INFO - Processing /usr/local/python/3.10.13/lib/python3.10/site-packages/airflow/example_dags/example_branch_operator_decorator.py took 0.101 seconds
[2024-07-02T19:44:38.578+0000] {processor.py:161} INFO - Started process (PID=21600) to work on /usr/local/python/3.10.13/lib/python3.10/site-packages/airflow/example_dags/example_branch_operator_decorator.py
[2024-07-02T19:44:38.578+0000] {processor.py:830} INFO - Processing file /usr/local/python/3.10.13/lib/python3.10/site-packages/airflow/example_dags/example_branch_operator_decorator.py for tasks to queue
[2024-07-02T19:44:38.579+0000] {logging_mixin.py:188} INFO - [2024-07-02T19:44:38.579+0000] {dagbag.py:545} INFO - Filling up the DagBag from /usr/local/python/3.10.13/lib/python3.10/site-packages/airflow/example_dags/example_branch_operator_decorator.py
[2024-07-02T19:44:38.600+0000] {processor.py:840} INFO - DAG(s) 'example_branch_python_operator_decorator' retrieved from /usr/local/python/3.10.13/lib/python3.10/site-packages/airflow/example_dags/example_branch_operator_decorator.py
[2024-07-02T19:44:38.620+0000] {logging_mixin.py:188} INFO - [2024-07-02T19:44:38.620+0000] {dag.py:3096} INFO - Sync 1 DAGs
[2024-07-02T19:44:38.636+0000] {logging_mixin.py:188} INFO - [2024-07-02T19:44:38.636+0000] {dag.py:3954} INFO - Setting next_dagrun for example_branch_python_operator_decorator to 2024-07-01 00:00:00+00:00, run_after=2024-07-02 00:00:00+00:00
[2024-07-02T19:44:38.675+0000] {processor.py:183} INFO - Processing /usr/local/python/3.10.13/lib/python3.10/site-packages/airflow/example_dags/example_branch_operator_decorator.py took 0.104 seconds
[2024-07-02T19:45:39.538+0000] {processor.py:161} INFO - Started process (PID=22053) to work on /usr/local/python/3.10.13/lib/python3.10/site-packages/airflow/example_dags/example_branch_operator_decorator.py
[2024-07-02T19:45:39.539+0000] {processor.py:830} INFO - Processing file /usr/local/python/3.10.13/lib/python3.10/site-packages/airflow/example_dags/example_branch_operator_decorator.py for tasks to queue
[2024-07-02T19:45:39.539+0000] {logging_mixin.py:188} INFO - [2024-07-02T19:45:39.539+0000] {dagbag.py:545} INFO - Filling up the DagBag from /usr/local/python/3.10.13/lib/python3.10/site-packages/airflow/example_dags/example_branch_operator_decorator.py
[2024-07-02T19:45:39.558+0000] {processor.py:840} INFO - DAG(s) 'example_branch_python_operator_decorator' retrieved from /usr/local/python/3.10.13/lib/python3.10/site-packages/airflow/example_dags/example_branch_operator_decorator.py
[2024-07-02T19:45:39.576+0000] {logging_mixin.py:188} INFO - [2024-07-02T19:45:39.576+0000] {dag.py:3096} INFO - Sync 1 DAGs
[2024-07-02T19:45:39.592+0000] {logging_mixin.py:188} INFO - [2024-07-02T19:45:39.591+0000] {dag.py:3954} INFO - Setting next_dagrun for example_branch_python_operator_decorator to 2024-07-01 00:00:00+00:00, run_after=2024-07-02 00:00:00+00:00
[2024-07-02T19:45:39.631+0000] {processor.py:183} INFO - Processing /usr/local/python/3.10.13/lib/python3.10/site-packages/airflow/example_dags/example_branch_operator_decorator.py took 0.097 seconds
[2024-07-02T19:46:45.746+0000] {processor.py:161} INFO - Started process (PID=22501) to work on /usr/local/python/3.10.13/lib/python3.10/site-packages/airflow/example_dags/example_branch_operator_decorator.py
[2024-07-02T19:46:45.747+0000] {processor.py:830} INFO - Processing file /usr/local/python/3.10.13/lib/python3.10/site-packages/airflow/example_dags/example_branch_operator_decorator.py for tasks to queue
[2024-07-02T19:46:45.747+0000] {logging_mixin.py:188} INFO - [2024-07-02T19:46:45.747+0000] {dagbag.py:545} INFO - Filling up the DagBag from /usr/local/python/3.10.13/lib/python3.10/site-packages/airflow/example_dags/example_branch_operator_decorator.py
[2024-07-02T19:46:45.765+0000] {processor.py:840} INFO - DAG(s) 'example_branch_python_operator_decorator' retrieved from /usr/local/python/3.10.13/lib/python3.10/site-packages/airflow/example_dags/example_branch_operator_decorator.py
[2024-07-02T19:46:45.784+0000] {logging_mixin.py:188} INFO - [2024-07-02T19:46:45.784+0000] {dag.py:3096} INFO - Sync 1 DAGs
[2024-07-02T19:46:45.798+0000] {logging_mixin.py:188} INFO - [2024-07-02T19:46:45.798+0000] {dag.py:3954} INFO - Setting next_dagrun for example_branch_python_operator_decorator to 2024-07-01 00:00:00+00:00, run_after=2024-07-02 00:00:00+00:00
[2024-07-02T19:46:45.839+0000] {processor.py:183} INFO - Processing /usr/local/python/3.10.13/lib/python3.10/site-packages/airflow/example_dags/example_branch_operator_decorator.py took 0.099 seconds
[2024-07-02T19:47:53.238+0000] {processor.py:161} INFO - Started process (PID=22976) to work on /usr/local/python/3.10.13/lib/python3.10/site-packages/airflow/example_dags/example_branch_operator_decorator.py
[2024-07-02T19:47:53.239+0000] {processor.py:830} INFO - Processing file /usr/local/python/3.10.13/lib/python3.10/site-packages/airflow/example_dags/example_branch_operator_decorator.py for tasks to queue
[2024-07-02T19:47:53.240+0000] {logging_mixin.py:188} INFO - [2024-07-02T19:47:53.239+0000] {dagbag.py:545} INFO - Filling up the DagBag from /usr/local/python/3.10.13/lib/python3.10/site-packages/airflow/example_dags/example_branch_operator_decorator.py
[2024-07-02T19:47:53.259+0000] {processor.py:840} INFO - DAG(s) 'example_branch_python_operator_decorator' retrieved from /usr/local/python/3.10.13/lib/python3.10/site-packages/airflow/example_dags/example_branch_operator_decorator.py
[2024-07-02T19:47:53.279+0000] {logging_mixin.py:188} INFO - [2024-07-02T19:47:53.279+0000] {dag.py:3096} INFO - Sync 1 DAGs
[2024-07-02T19:47:53.294+0000] {logging_mixin.py:188} INFO - [2024-07-02T19:47:53.294+0000] {dag.py:3954} INFO - Setting next_dagrun for example_branch_python_operator_decorator to 2024-07-01 00:00:00+00:00, run_after=2024-07-02 00:00:00+00:00
[2024-07-02T19:47:53.333+0000] {processor.py:183} INFO - Processing /usr/local/python/3.10.13/lib/python3.10/site-packages/airflow/example_dags/example_branch_operator_decorator.py took 0.102 seconds
[2024-07-02T19:48:56.389+0000] {processor.py:161} INFO - Started process (PID=23431) to work on /usr/local/python/3.10.13/lib/python3.10/site-packages/airflow/example_dags/example_branch_operator_decorator.py
[2024-07-02T19:48:56.390+0000] {processor.py:830} INFO - Processing file /usr/local/python/3.10.13/lib/python3.10/site-packages/airflow/example_dags/example_branch_operator_decorator.py for tasks to queue
[2024-07-02T19:48:56.391+0000] {logging_mixin.py:188} INFO - [2024-07-02T19:48:56.390+0000] {dagbag.py:545} INFO - Filling up the DagBag from /usr/local/python/3.10.13/lib/python3.10/site-packages/airflow/example_dags/example_branch_operator_decorator.py
[2024-07-02T19:48:56.409+0000] {processor.py:840} INFO - DAG(s) 'example_branch_python_operator_decorator' retrieved from /usr/local/python/3.10.13/lib/python3.10/site-packages/airflow/example_dags/example_branch_operator_decorator.py
[2024-07-02T19:48:56.428+0000] {logging_mixin.py:188} INFO - [2024-07-02T19:48:56.428+0000] {dag.py:3096} INFO - Sync 1 DAGs
[2024-07-02T19:48:56.443+0000] {logging_mixin.py:188} INFO - [2024-07-02T19:48:56.443+0000] {dag.py:3954} INFO - Setting next_dagrun for example_branch_python_operator_decorator to 2024-07-01 00:00:00+00:00, run_after=2024-07-02 00:00:00+00:00
[2024-07-02T19:48:56.481+0000] {processor.py:183} INFO - Processing /usr/local/python/3.10.13/lib/python3.10/site-packages/airflow/example_dags/example_branch_operator_decorator.py took 0.096 seconds
[2024-07-02T19:50:04.188+0000] {processor.py:161} INFO - Started process (PID=23961) to work on /usr/local/python/3.10.13/lib/python3.10/site-packages/airflow/example_dags/example_branch_operator_decorator.py
[2024-07-02T19:50:04.188+0000] {processor.py:830} INFO - Processing file /usr/local/python/3.10.13/lib/python3.10/site-packages/airflow/example_dags/example_branch_operator_decorator.py for tasks to queue
[2024-07-02T19:50:04.189+0000] {logging_mixin.py:188} INFO - [2024-07-02T19:50:04.189+0000] {dagbag.py:545} INFO - Filling up the DagBag from /usr/local/python/3.10.13/lib/python3.10/site-packages/airflow/example_dags/example_branch_operator_decorator.py
[2024-07-02T19:50:04.207+0000] {processor.py:840} INFO - DAG(s) 'example_branch_python_operator_decorator' retrieved from /usr/local/python/3.10.13/lib/python3.10/site-packages/airflow/example_dags/example_branch_operator_decorator.py
[2024-07-02T19:50:04.226+0000] {logging_mixin.py:188} INFO - [2024-07-02T19:50:04.226+0000] {dag.py:3096} INFO - Sync 1 DAGs
[2024-07-02T19:50:04.241+0000] {logging_mixin.py:188} INFO - [2024-07-02T19:50:04.241+0000] {dag.py:3954} INFO - Setting next_dagrun for example_branch_python_operator_decorator to 2024-07-01 00:00:00+00:00, run_after=2024-07-02 00:00:00+00:00
[2024-07-02T19:50:04.280+0000] {processor.py:183} INFO - Processing /usr/local/python/3.10.13/lib/python3.10/site-packages/airflow/example_dags/example_branch_operator_decorator.py took 0.096 seconds
[2024-07-02T19:51:10.993+0000] {processor.py:161} INFO - Started process (PID=24453) to work on /usr/local/python/3.10.13/lib/python3.10/site-packages/airflow/example_dags/example_branch_operator_decorator.py
[2024-07-02T19:51:10.993+0000] {processor.py:830} INFO - Processing file /usr/local/python/3.10.13/lib/python3.10/site-packages/airflow/example_dags/example_branch_operator_decorator.py for tasks to queue
[2024-07-02T19:51:10.994+0000] {logging_mixin.py:188} INFO - [2024-07-02T19:51:10.994+0000] {dagbag.py:545} INFO - Filling up the DagBag from /usr/local/python/3.10.13/lib/python3.10/site-packages/airflow/example_dags/example_branch_operator_decorator.py
[2024-07-02T19:51:11.011+0000] {processor.py:840} INFO - DAG(s) 'example_branch_python_operator_decorator' retrieved from /usr/local/python/3.10.13/lib/python3.10/site-packages/airflow/example_dags/example_branch_operator_decorator.py
[2024-07-02T19:51:11.031+0000] {logging_mixin.py:188} INFO - [2024-07-02T19:51:11.031+0000] {dag.py:3096} INFO - Sync 1 DAGs
[2024-07-02T19:51:11.045+0000] {logging_mixin.py:188} INFO - [2024-07-02T19:51:11.045+0000] {dag.py:3954} INFO - Setting next_dagrun for example_branch_python_operator_decorator to 2024-07-01 00:00:00+00:00, run_after=2024-07-02 00:00:00+00:00
[2024-07-02T19:51:11.091+0000] {processor.py:183} INFO - Processing /usr/local/python/3.10.13/lib/python3.10/site-packages/airflow/example_dags/example_branch_operator_decorator.py took 0.103 seconds
[2024-07-02T19:52:17.206+0000] {processor.py:161} INFO - Started process (PID=24966) to work on /usr/local/python/3.10.13/lib/python3.10/site-packages/airflow/example_dags/example_branch_operator_decorator.py
[2024-07-02T19:52:17.207+0000] {processor.py:830} INFO - Processing file /usr/local/python/3.10.13/lib/python3.10/site-packages/airflow/example_dags/example_branch_operator_decorator.py for tasks to queue
[2024-07-02T19:52:17.207+0000] {logging_mixin.py:188} INFO - [2024-07-02T19:52:17.207+0000] {dagbag.py:545} INFO - Filling up the DagBag from /usr/local/python/3.10.13/lib/python3.10/site-packages/airflow/example_dags/example_branch_operator_decorator.py
[2024-07-02T19:52:17.226+0000] {processor.py:840} INFO - DAG(s) 'example_branch_python_operator_decorator' retrieved from /usr/local/python/3.10.13/lib/python3.10/site-packages/airflow/example_dags/example_branch_operator_decorator.py
[2024-07-02T19:52:17.245+0000] {logging_mixin.py:188} INFO - [2024-07-02T19:52:17.244+0000] {dag.py:3096} INFO - Sync 1 DAGs
[2024-07-02T19:52:17.260+0000] {logging_mixin.py:188} INFO - [2024-07-02T19:52:17.259+0000] {dag.py:3954} INFO - Setting next_dagrun for example_branch_python_operator_decorator to 2024-07-01 00:00:00+00:00, run_after=2024-07-02 00:00:00+00:00
[2024-07-02T19:52:17.301+0000] {processor.py:183} INFO - Processing /usr/local/python/3.10.13/lib/python3.10/site-packages/airflow/example_dags/example_branch_operator_decorator.py took 0.100 seconds
[2024-07-02T19:53:24.794+0000] {processor.py:161} INFO - Started process (PID=25483) to work on /usr/local/python/3.10.13/lib/python3.10/site-packages/airflow/example_dags/example_branch_operator_decorator.py
[2024-07-02T19:53:24.795+0000] {processor.py:830} INFO - Processing file /usr/local/python/3.10.13/lib/python3.10/site-packages/airflow/example_dags/example_branch_operator_decorator.py for tasks to queue
[2024-07-02T19:53:24.795+0000] {logging_mixin.py:188} INFO - [2024-07-02T19:53:24.795+0000] {dagbag.py:545} INFO - Filling up the DagBag from /usr/local/python/3.10.13/lib/python3.10/site-packages/airflow/example_dags/example_branch_operator_decorator.py
[2024-07-02T19:53:24.813+0000] {processor.py:840} INFO - DAG(s) 'example_branch_python_operator_decorator' retrieved from /usr/local/python/3.10.13/lib/python3.10/site-packages/airflow/example_dags/example_branch_operator_decorator.py
[2024-07-02T19:53:24.833+0000] {logging_mixin.py:188} INFO - [2024-07-02T19:53:24.832+0000] {dag.py:3096} INFO - Sync 1 DAGs
[2024-07-02T19:53:24.847+0000] {logging_mixin.py:188} INFO - [2024-07-02T19:53:24.847+0000] {dag.py:3954} INFO - Setting next_dagrun for example_branch_python_operator_decorator to 2024-07-01 00:00:00+00:00, run_after=2024-07-02 00:00:00+00:00
[2024-07-02T19:53:24.887+0000] {processor.py:183} INFO - Processing /usr/local/python/3.10.13/lib/python3.10/site-packages/airflow/example_dags/example_branch_operator_decorator.py took 0.098 seconds
[2024-07-02T19:54:31.342+0000] {processor.py:161} INFO - Started process (PID=25976) to work on /usr/local/python/3.10.13/lib/python3.10/site-packages/airflow/example_dags/example_branch_operator_decorator.py
[2024-07-02T19:54:31.343+0000] {processor.py:830} INFO - Processing file /usr/local/python/3.10.13/lib/python3.10/site-packages/airflow/example_dags/example_branch_operator_decorator.py for tasks to queue
[2024-07-02T19:54:31.344+0000] {logging_mixin.py:188} INFO - [2024-07-02T19:54:31.343+0000] {dagbag.py:545} INFO - Filling up the DagBag from /usr/local/python/3.10.13/lib/python3.10/site-packages/airflow/example_dags/example_branch_operator_decorator.py
[2024-07-02T19:54:31.361+0000] {processor.py:840} INFO - DAG(s) 'example_branch_python_operator_decorator' retrieved from /usr/local/python/3.10.13/lib/python3.10/site-packages/airflow/example_dags/example_branch_operator_decorator.py
[2024-07-02T19:54:31.381+0000] {logging_mixin.py:188} INFO - [2024-07-02T19:54:31.381+0000] {dag.py:3096} INFO - Sync 1 DAGs
[2024-07-02T19:54:31.396+0000] {logging_mixin.py:188} INFO - [2024-07-02T19:54:31.396+0000] {dag.py:3954} INFO - Setting next_dagrun for example_branch_python_operator_decorator to 2024-07-01 00:00:00+00:00, run_after=2024-07-02 00:00:00+00:00
[2024-07-02T19:54:31.439+0000] {processor.py:183} INFO - Processing /usr/local/python/3.10.13/lib/python3.10/site-packages/airflow/example_dags/example_branch_operator_decorator.py took 0.102 seconds
[2024-07-02T19:55:37.271+0000] {processor.py:161} INFO - Started process (PID=26486) to work on /usr/local/python/3.10.13/lib/python3.10/site-packages/airflow/example_dags/example_branch_operator_decorator.py
[2024-07-02T19:55:37.272+0000] {processor.py:830} INFO - Processing file /usr/local/python/3.10.13/lib/python3.10/site-packages/airflow/example_dags/example_branch_operator_decorator.py for tasks to queue
[2024-07-02T19:55:37.272+0000] {logging_mixin.py:188} INFO - [2024-07-02T19:55:37.272+0000] {dagbag.py:545} INFO - Filling up the DagBag from /usr/local/python/3.10.13/lib/python3.10/site-packages/airflow/example_dags/example_branch_operator_decorator.py
[2024-07-02T19:55:37.290+0000] {processor.py:840} INFO - DAG(s) 'example_branch_python_operator_decorator' retrieved from /usr/local/python/3.10.13/lib/python3.10/site-packages/airflow/example_dags/example_branch_operator_decorator.py
[2024-07-02T19:55:37.309+0000] {logging_mixin.py:188} INFO - [2024-07-02T19:55:37.309+0000] {dag.py:3096} INFO - Sync 1 DAGs
[2024-07-02T19:55:37.324+0000] {logging_mixin.py:188} INFO - [2024-07-02T19:55:37.323+0000] {dag.py:3954} INFO - Setting next_dagrun for example_branch_python_operator_decorator to 2024-07-01 00:00:00+00:00, run_after=2024-07-02 00:00:00+00:00
[2024-07-02T19:55:37.363+0000] {processor.py:183} INFO - Processing /usr/local/python/3.10.13/lib/python3.10/site-packages/airflow/example_dags/example_branch_operator_decorator.py took 0.097 seconds
[2024-07-02T19:56:44.437+0000] {processor.py:161} INFO - Started process (PID=27121) to work on /usr/local/python/3.10.13/lib/python3.10/site-packages/airflow/example_dags/example_branch_operator_decorator.py
[2024-07-02T19:56:44.438+0000] {processor.py:830} INFO - Processing file /usr/local/python/3.10.13/lib/python3.10/site-packages/airflow/example_dags/example_branch_operator_decorator.py for tasks to queue
[2024-07-02T19:56:44.439+0000] {logging_mixin.py:188} INFO - [2024-07-02T19:56:44.438+0000] {dagbag.py:545} INFO - Filling up the DagBag from /usr/local/python/3.10.13/lib/python3.10/site-packages/airflow/example_dags/example_branch_operator_decorator.py
[2024-07-02T19:56:44.457+0000] {processor.py:840} INFO - DAG(s) 'example_branch_python_operator_decorator' retrieved from /usr/local/python/3.10.13/lib/python3.10/site-packages/airflow/example_dags/example_branch_operator_decorator.py
[2024-07-02T19:56:44.476+0000] {logging_mixin.py:188} INFO - [2024-07-02T19:56:44.476+0000] {dag.py:3096} INFO - Sync 1 DAGs
[2024-07-02T19:56:44.491+0000] {logging_mixin.py:188} INFO - [2024-07-02T19:56:44.491+0000] {dag.py:3954} INFO - Setting next_dagrun for example_branch_python_operator_decorator to 2024-07-01 00:00:00+00:00, run_after=2024-07-02 00:00:00+00:00
[2024-07-02T19:56:44.530+0000] {processor.py:183} INFO - Processing /usr/local/python/3.10.13/lib/python3.10/site-packages/airflow/example_dags/example_branch_operator_decorator.py took 0.097 seconds
[2024-07-02T19:57:40.114+0000] {processor.py:161} INFO - Started process (PID=27548) to work on /usr/local/python/3.10.13/lib/python3.10/site-packages/airflow/example_dags/example_branch_operator_decorator.py
[2024-07-02T19:57:40.115+0000] {processor.py:830} INFO - Processing file /usr/local/python/3.10.13/lib/python3.10/site-packages/airflow/example_dags/example_branch_operator_decorator.py for tasks to queue
[2024-07-02T19:57:40.115+0000] {logging_mixin.py:188} INFO - [2024-07-02T19:57:40.115+0000] {dagbag.py:545} INFO - Filling up the DagBag from /usr/local/python/3.10.13/lib/python3.10/site-packages/airflow/example_dags/example_branch_operator_decorator.py
[2024-07-02T19:57:40.133+0000] {processor.py:840} INFO - DAG(s) 'example_branch_python_operator_decorator' retrieved from /usr/local/python/3.10.13/lib/python3.10/site-packages/airflow/example_dags/example_branch_operator_decorator.py
[2024-07-02T19:57:40.152+0000] {logging_mixin.py:188} INFO - [2024-07-02T19:57:40.152+0000] {dag.py:3096} INFO - Sync 1 DAGs
[2024-07-02T19:57:40.167+0000] {logging_mixin.py:188} INFO - [2024-07-02T19:57:40.167+0000] {dag.py:3954} INFO - Setting next_dagrun for example_branch_python_operator_decorator to 2024-07-01 00:00:00+00:00, run_after=2024-07-02 00:00:00+00:00
[2024-07-02T19:57:40.207+0000] {processor.py:183} INFO - Processing /usr/local/python/3.10.13/lib/python3.10/site-packages/airflow/example_dags/example_branch_operator_decorator.py took 0.097 seconds
