[2024-07-02T19:09:23.753+0000] {processor.py:161} INFO - Started process (PID=4870) to work on /usr/local/python/3.10.13/lib/python3.10/site-packages/airflow/example_dags/example_xcom.py
[2024-07-02T19:09:23.753+0000] {processor.py:830} INFO - Processing file /usr/local/python/3.10.13/lib/python3.10/site-packages/airflow/example_dags/example_xcom.py for tasks to queue
[2024-07-02T19:09:23.754+0000] {logging_mixin.py:188} INFO - [2024-07-02T19:09:23.754+0000] {dagbag.py:545} INFO - Filling up the DagBag from /usr/local/python/3.10.13/lib/python3.10/site-packages/airflow/example_dags/example_xcom.py
[2024-07-02T19:09:23.762+0000] {processor.py:840} INFO - DAG(s) 'example_xcom' retrieved from /usr/local/python/3.10.13/lib/python3.10/site-packages/airflow/example_dags/example_xcom.py
[2024-07-02T19:09:23.989+0000] {logging_mixin.py:188} INFO - [2024-07-02T19:09:23.988+0000] {override.py:1829} INFO - Created Permission View: can read on DAG:example_xcom
[2024-07-02T19:09:24.023+0000] {logging_mixin.py:188} INFO - [2024-07-02T19:09:24.022+0000] {override.py:1829} INFO - Created Permission View: can delete on DAG:example_xcom
[2024-07-02T19:09:24.079+0000] {logging_mixin.py:188} INFO - [2024-07-02T19:09:24.078+0000] {override.py:1829} INFO - Created Permission View: can edit on DAG:example_xcom
[2024-07-02T19:09:24.079+0000] {logging_mixin.py:188} INFO - [2024-07-02T19:09:24.079+0000] {dag.py:3096} INFO - Sync 1 DAGs
[2024-07-02T19:09:24.087+0000] {logging_mixin.py:188} INFO - [2024-07-02T19:09:24.087+0000] {dag.py:3118} INFO - Creating ORM DAG for example_xcom
[2024-07-02T19:09:24.094+0000] {logging_mixin.py:188} INFO - [2024-07-02T19:09:24.094+0000] {dag.py:3954} INFO - Setting next_dagrun for example_xcom to 2021-01-01 00:00:00+00:00, run_after=2021-01-01 00:00:00+00:00
[2024-07-02T19:09:24.138+0000] {processor.py:183} INFO - Processing /usr/local/python/3.10.13/lib/python3.10/site-packages/airflow/example_dags/example_xcom.py took 0.390 seconds
[2024-07-02T19:10:17.536+0000] {processor.py:161} INFO - Started process (PID=5548) to work on /usr/local/python/3.10.13/lib/python3.10/site-packages/airflow/example_dags/example_xcom.py
[2024-07-02T19:10:17.536+0000] {processor.py:830} INFO - Processing file /usr/local/python/3.10.13/lib/python3.10/site-packages/airflow/example_dags/example_xcom.py for tasks to queue
[2024-07-02T19:10:17.537+0000] {logging_mixin.py:188} INFO - [2024-07-02T19:10:17.537+0000] {dagbag.py:545} INFO - Filling up the DagBag from /usr/local/python/3.10.13/lib/python3.10/site-packages/airflow/example_dags/example_xcom.py
[2024-07-02T19:10:17.544+0000] {processor.py:840} INFO - DAG(s) 'example_xcom' retrieved from /usr/local/python/3.10.13/lib/python3.10/site-packages/airflow/example_dags/example_xcom.py
[2024-07-02T19:10:17.557+0000] {logging_mixin.py:188} INFO - [2024-07-02T19:10:17.557+0000] {dag.py:3096} INFO - Sync 1 DAGs
[2024-07-02T19:10:17.571+0000] {logging_mixin.py:188} INFO - [2024-07-02T19:10:17.570+0000] {dag.py:3954} INFO - Setting next_dagrun for example_xcom to 2021-01-01 00:00:00+00:00, run_after=2021-01-01 00:00:00+00:00
[2024-07-02T19:10:17.610+0000] {processor.py:183} INFO - Processing /usr/local/python/3.10.13/lib/python3.10/site-packages/airflow/example_dags/example_xcom.py took 0.079 seconds
[2024-07-02T19:11:20.865+0000] {processor.py:161} INFO - Started process (PID=6008) to work on /usr/local/python/3.10.13/lib/python3.10/site-packages/airflow/example_dags/example_xcom.py
[2024-07-02T19:11:20.866+0000] {processor.py:830} INFO - Processing file /usr/local/python/3.10.13/lib/python3.10/site-packages/airflow/example_dags/example_xcom.py for tasks to queue
[2024-07-02T19:11:20.867+0000] {logging_mixin.py:188} INFO - [2024-07-02T19:11:20.867+0000] {dagbag.py:545} INFO - Filling up the DagBag from /usr/local/python/3.10.13/lib/python3.10/site-packages/airflow/example_dags/example_xcom.py
[2024-07-02T19:11:20.873+0000] {processor.py:840} INFO - DAG(s) 'example_xcom' retrieved from /usr/local/python/3.10.13/lib/python3.10/site-packages/airflow/example_dags/example_xcom.py
[2024-07-02T19:11:20.885+0000] {logging_mixin.py:188} INFO - [2024-07-02T19:11:20.884+0000] {dag.py:3096} INFO - Sync 1 DAGs
[2024-07-02T19:11:20.904+0000] {logging_mixin.py:188} INFO - [2024-07-02T19:11:20.904+0000] {dag.py:3954} INFO - Setting next_dagrun for example_xcom to 2021-01-01 00:00:00+00:00, run_after=2021-01-01 00:00:00+00:00
[2024-07-02T19:11:20.944+0000] {processor.py:183} INFO - Processing /usr/local/python/3.10.13/lib/python3.10/site-packages/airflow/example_dags/example_xcom.py took 0.083 seconds
[2024-07-02T19:12:11.268+0000] {processor.py:161} INFO - Started process (PID=6395) to work on /usr/local/python/3.10.13/lib/python3.10/site-packages/airflow/example_dags/example_xcom.py
[2024-07-02T19:12:11.269+0000] {processor.py:830} INFO - Processing file /usr/local/python/3.10.13/lib/python3.10/site-packages/airflow/example_dags/example_xcom.py for tasks to queue
[2024-07-02T19:12:11.270+0000] {logging_mixin.py:188} INFO - [2024-07-02T19:12:11.270+0000] {dagbag.py:545} INFO - Filling up the DagBag from /usr/local/python/3.10.13/lib/python3.10/site-packages/airflow/example_dags/example_xcom.py
[2024-07-02T19:12:11.276+0000] {processor.py:840} INFO - DAG(s) 'example_xcom' retrieved from /usr/local/python/3.10.13/lib/python3.10/site-packages/airflow/example_dags/example_xcom.py
[2024-07-02T19:12:11.288+0000] {logging_mixin.py:188} INFO - [2024-07-02T19:12:11.287+0000] {dag.py:3096} INFO - Sync 1 DAGs
[2024-07-02T19:12:11.301+0000] {logging_mixin.py:188} INFO - [2024-07-02T19:12:11.301+0000] {dag.py:3954} INFO - Setting next_dagrun for example_xcom to 2021-01-01 00:00:00+00:00, run_after=2021-01-01 00:00:00+00:00
[2024-07-02T19:12:11.342+0000] {processor.py:183} INFO - Processing /usr/local/python/3.10.13/lib/python3.10/site-packages/airflow/example_dags/example_xcom.py took 0.078 seconds
[2024-07-02T19:12:52.111+0000] {processor.py:161} INFO - Started process (PID=6707) to work on /usr/local/python/3.10.13/lib/python3.10/site-packages/airflow/example_dags/example_xcom.py
[2024-07-02T19:12:52.112+0000] {processor.py:830} INFO - Processing file /usr/local/python/3.10.13/lib/python3.10/site-packages/airflow/example_dags/example_xcom.py for tasks to queue
[2024-07-02T19:12:52.113+0000] {logging_mixin.py:188} INFO - [2024-07-02T19:12:52.113+0000] {dagbag.py:545} INFO - Filling up the DagBag from /usr/local/python/3.10.13/lib/python3.10/site-packages/airflow/example_dags/example_xcom.py
[2024-07-02T19:12:52.119+0000] {processor.py:840} INFO - DAG(s) 'example_xcom' retrieved from /usr/local/python/3.10.13/lib/python3.10/site-packages/airflow/example_dags/example_xcom.py
[2024-07-02T19:12:52.130+0000] {logging_mixin.py:188} INFO - [2024-07-02T19:12:52.130+0000] {dag.py:3096} INFO - Sync 1 DAGs
[2024-07-02T19:12:52.144+0000] {logging_mixin.py:188} INFO - [2024-07-02T19:12:52.144+0000] {dag.py:3954} INFO - Setting next_dagrun for example_xcom to 2021-01-01 00:00:00+00:00, run_after=2021-01-01 00:00:00+00:00
[2024-07-02T19:12:52.182+0000] {processor.py:183} INFO - Processing /usr/local/python/3.10.13/lib/python3.10/site-packages/airflow/example_dags/example_xcom.py took 0.076 seconds
[2024-07-02T19:13:33.781+0000] {processor.py:161} INFO - Started process (PID=7029) to work on /usr/local/python/3.10.13/lib/python3.10/site-packages/airflow/example_dags/example_xcom.py
[2024-07-02T19:13:33.782+0000] {processor.py:830} INFO - Processing file /usr/local/python/3.10.13/lib/python3.10/site-packages/airflow/example_dags/example_xcom.py for tasks to queue
[2024-07-02T19:13:33.783+0000] {logging_mixin.py:188} INFO - [2024-07-02T19:13:33.783+0000] {dagbag.py:545} INFO - Filling up the DagBag from /usr/local/python/3.10.13/lib/python3.10/site-packages/airflow/example_dags/example_xcom.py
[2024-07-02T19:13:33.789+0000] {processor.py:840} INFO - DAG(s) 'example_xcom' retrieved from /usr/local/python/3.10.13/lib/python3.10/site-packages/airflow/example_dags/example_xcom.py
[2024-07-02T19:13:33.801+0000] {logging_mixin.py:188} INFO - [2024-07-02T19:13:33.801+0000] {dag.py:3096} INFO - Sync 1 DAGs
[2024-07-02T19:13:33.815+0000] {logging_mixin.py:188} INFO - [2024-07-02T19:13:33.815+0000] {dag.py:3954} INFO - Setting next_dagrun for example_xcom to 2021-01-01 00:00:00+00:00, run_after=2021-01-01 00:00:00+00:00
[2024-07-02T19:13:33.858+0000] {processor.py:183} INFO - Processing /usr/local/python/3.10.13/lib/python3.10/site-packages/airflow/example_dags/example_xcom.py took 0.081 seconds
[2024-07-02T19:14:13.409+0000] {processor.py:161} INFO - Started process (PID=7332) to work on /usr/local/python/3.10.13/lib/python3.10/site-packages/airflow/example_dags/example_xcom.py
[2024-07-02T19:14:13.409+0000] {processor.py:830} INFO - Processing file /usr/local/python/3.10.13/lib/python3.10/site-packages/airflow/example_dags/example_xcom.py for tasks to queue
[2024-07-02T19:14:13.411+0000] {logging_mixin.py:188} INFO - [2024-07-02T19:14:13.411+0000] {dagbag.py:545} INFO - Filling up the DagBag from /usr/local/python/3.10.13/lib/python3.10/site-packages/airflow/example_dags/example_xcom.py
[2024-07-02T19:14:13.416+0000] {processor.py:840} INFO - DAG(s) 'example_xcom' retrieved from /usr/local/python/3.10.13/lib/python3.10/site-packages/airflow/example_dags/example_xcom.py
[2024-07-02T19:14:13.429+0000] {logging_mixin.py:188} INFO - [2024-07-02T19:14:13.429+0000] {dag.py:3096} INFO - Sync 1 DAGs
[2024-07-02T19:14:13.444+0000] {logging_mixin.py:188} INFO - [2024-07-02T19:14:13.444+0000] {dag.py:3954} INFO - Setting next_dagrun for example_xcom to 2021-01-01 00:00:00+00:00, run_after=2021-01-01 00:00:00+00:00
[2024-07-02T19:14:13.482+0000] {processor.py:183} INFO - Processing /usr/local/python/3.10.13/lib/python3.10/site-packages/airflow/example_dags/example_xcom.py took 0.078 seconds
[2024-07-02T19:14:55.916+0000] {processor.py:161} INFO - Started process (PID=7663) to work on /usr/local/python/3.10.13/lib/python3.10/site-packages/airflow/example_dags/example_xcom.py
[2024-07-02T19:14:55.917+0000] {processor.py:830} INFO - Processing file /usr/local/python/3.10.13/lib/python3.10/site-packages/airflow/example_dags/example_xcom.py for tasks to queue
[2024-07-02T19:14:55.919+0000] {logging_mixin.py:188} INFO - [2024-07-02T19:14:55.918+0000] {dagbag.py:545} INFO - Filling up the DagBag from /usr/local/python/3.10.13/lib/python3.10/site-packages/airflow/example_dags/example_xcom.py
[2024-07-02T19:14:55.924+0000] {processor.py:840} INFO - DAG(s) 'example_xcom' retrieved from /usr/local/python/3.10.13/lib/python3.10/site-packages/airflow/example_dags/example_xcom.py
[2024-07-02T19:14:55.936+0000] {logging_mixin.py:188} INFO - [2024-07-02T19:14:55.936+0000] {dag.py:3096} INFO - Sync 1 DAGs
[2024-07-02T19:14:55.950+0000] {logging_mixin.py:188} INFO - [2024-07-02T19:14:55.950+0000] {dag.py:3954} INFO - Setting next_dagrun for example_xcom to 2021-01-01 00:00:00+00:00, run_after=2021-01-01 00:00:00+00:00
[2024-07-02T19:14:55.991+0000] {processor.py:183} INFO - Processing /usr/local/python/3.10.13/lib/python3.10/site-packages/airflow/example_dags/example_xcom.py took 0.079 seconds
[2024-07-02T19:15:39.542+0000] {processor.py:161} INFO - Started process (PID=7993) to work on /usr/local/python/3.10.13/lib/python3.10/site-packages/airflow/example_dags/example_xcom.py
[2024-07-02T19:15:39.543+0000] {processor.py:830} INFO - Processing file /usr/local/python/3.10.13/lib/python3.10/site-packages/airflow/example_dags/example_xcom.py for tasks to queue
[2024-07-02T19:15:39.544+0000] {logging_mixin.py:188} INFO - [2024-07-02T19:15:39.544+0000] {dagbag.py:545} INFO - Filling up the DagBag from /usr/local/python/3.10.13/lib/python3.10/site-packages/airflow/example_dags/example_xcom.py
[2024-07-02T19:15:39.550+0000] {processor.py:840} INFO - DAG(s) 'example_xcom' retrieved from /usr/local/python/3.10.13/lib/python3.10/site-packages/airflow/example_dags/example_xcom.py
[2024-07-02T19:15:39.562+0000] {logging_mixin.py:188} INFO - [2024-07-02T19:15:39.562+0000] {dag.py:3096} INFO - Sync 1 DAGs
[2024-07-02T19:15:39.576+0000] {logging_mixin.py:188} INFO - [2024-07-02T19:15:39.576+0000] {dag.py:3954} INFO - Setting next_dagrun for example_xcom to 2021-01-01 00:00:00+00:00, run_after=2021-01-01 00:00:00+00:00
[2024-07-02T19:15:39.619+0000] {processor.py:183} INFO - Processing /usr/local/python/3.10.13/lib/python3.10/site-packages/airflow/example_dags/example_xcom.py took 0.081 seconds
[2024-07-02T19:16:21.212+0000] {processor.py:161} INFO - Started process (PID=8312) to work on /usr/local/python/3.10.13/lib/python3.10/site-packages/airflow/example_dags/example_xcom.py
[2024-07-02T19:16:21.212+0000] {processor.py:830} INFO - Processing file /usr/local/python/3.10.13/lib/python3.10/site-packages/airflow/example_dags/example_xcom.py for tasks to queue
[2024-07-02T19:16:21.213+0000] {logging_mixin.py:188} INFO - [2024-07-02T19:16:21.213+0000] {dagbag.py:545} INFO - Filling up the DagBag from /usr/local/python/3.10.13/lib/python3.10/site-packages/airflow/example_dags/example_xcom.py
[2024-07-02T19:16:21.219+0000] {processor.py:840} INFO - DAG(s) 'example_xcom' retrieved from /usr/local/python/3.10.13/lib/python3.10/site-packages/airflow/example_dags/example_xcom.py
[2024-07-02T19:16:21.232+0000] {logging_mixin.py:188} INFO - [2024-07-02T19:16:21.232+0000] {dag.py:3096} INFO - Sync 1 DAGs
[2024-07-02T19:16:21.246+0000] {logging_mixin.py:188} INFO - [2024-07-02T19:16:21.246+0000] {dag.py:3954} INFO - Setting next_dagrun for example_xcom to 2021-01-01 00:00:00+00:00, run_after=2021-01-01 00:00:00+00:00
[2024-07-02T19:16:21.289+0000] {processor.py:183} INFO - Processing /usr/local/python/3.10.13/lib/python3.10/site-packages/airflow/example_dags/example_xcom.py took 0.081 seconds
[2024-07-02T19:17:06.871+0000] {processor.py:161} INFO - Started process (PID=8643) to work on /usr/local/python/3.10.13/lib/python3.10/site-packages/airflow/example_dags/example_xcom.py
[2024-07-02T19:17:06.872+0000] {processor.py:830} INFO - Processing file /usr/local/python/3.10.13/lib/python3.10/site-packages/airflow/example_dags/example_xcom.py for tasks to queue
[2024-07-02T19:17:06.872+0000] {logging_mixin.py:188} INFO - [2024-07-02T19:17:06.872+0000] {dagbag.py:545} INFO - Filling up the DagBag from /usr/local/python/3.10.13/lib/python3.10/site-packages/airflow/example_dags/example_xcom.py
[2024-07-02T19:17:06.878+0000] {processor.py:840} INFO - DAG(s) 'example_xcom' retrieved from /usr/local/python/3.10.13/lib/python3.10/site-packages/airflow/example_dags/example_xcom.py
[2024-07-02T19:17:06.890+0000] {logging_mixin.py:188} INFO - [2024-07-02T19:17:06.890+0000] {dag.py:3096} INFO - Sync 1 DAGs
[2024-07-02T19:17:06.904+0000] {logging_mixin.py:188} INFO - [2024-07-02T19:17:06.904+0000] {dag.py:3954} INFO - Setting next_dagrun for example_xcom to 2021-01-01 00:00:00+00:00, run_after=2021-01-01 00:00:00+00:00
[2024-07-02T19:17:06.945+0000] {processor.py:183} INFO - Processing /usr/local/python/3.10.13/lib/python3.10/site-packages/airflow/example_dags/example_xcom.py took 0.078 seconds
[2024-07-02T19:17:53.347+0000] {processor.py:161} INFO - Started process (PID=9007) to work on /usr/local/python/3.10.13/lib/python3.10/site-packages/airflow/example_dags/example_xcom.py
[2024-07-02T19:17:53.348+0000] {processor.py:830} INFO - Processing file /usr/local/python/3.10.13/lib/python3.10/site-packages/airflow/example_dags/example_xcom.py for tasks to queue
[2024-07-02T19:17:53.348+0000] {logging_mixin.py:188} INFO - [2024-07-02T19:17:53.348+0000] {dagbag.py:545} INFO - Filling up the DagBag from /usr/local/python/3.10.13/lib/python3.10/site-packages/airflow/example_dags/example_xcom.py
[2024-07-02T19:17:53.354+0000] {processor.py:840} INFO - DAG(s) 'example_xcom' retrieved from /usr/local/python/3.10.13/lib/python3.10/site-packages/airflow/example_dags/example_xcom.py
[2024-07-02T19:17:53.366+0000] {logging_mixin.py:188} INFO - [2024-07-02T19:17:53.366+0000] {dag.py:3096} INFO - Sync 1 DAGs
[2024-07-02T19:17:53.380+0000] {logging_mixin.py:188} INFO - [2024-07-02T19:17:53.380+0000] {dag.py:3954} INFO - Setting next_dagrun for example_xcom to 2021-01-01 00:00:00+00:00, run_after=2021-01-01 00:00:00+00:00
[2024-07-02T19:17:53.421+0000] {processor.py:183} INFO - Processing /usr/local/python/3.10.13/lib/python3.10/site-packages/airflow/example_dags/example_xcom.py took 0.079 seconds
[2024-07-02T19:18:35.964+0000] {processor.py:161} INFO - Started process (PID=9329) to work on /usr/local/python/3.10.13/lib/python3.10/site-packages/airflow/example_dags/example_xcom.py
[2024-07-02T19:18:35.964+0000] {processor.py:830} INFO - Processing file /usr/local/python/3.10.13/lib/python3.10/site-packages/airflow/example_dags/example_xcom.py for tasks to queue
[2024-07-02T19:18:35.965+0000] {logging_mixin.py:188} INFO - [2024-07-02T19:18:35.965+0000] {dagbag.py:545} INFO - Filling up the DagBag from /usr/local/python/3.10.13/lib/python3.10/site-packages/airflow/example_dags/example_xcom.py
[2024-07-02T19:18:35.971+0000] {processor.py:840} INFO - DAG(s) 'example_xcom' retrieved from /usr/local/python/3.10.13/lib/python3.10/site-packages/airflow/example_dags/example_xcom.py
[2024-07-02T19:18:35.983+0000] {logging_mixin.py:188} INFO - [2024-07-02T19:18:35.983+0000] {dag.py:3096} INFO - Sync 1 DAGs
[2024-07-02T19:18:35.997+0000] {logging_mixin.py:188} INFO - [2024-07-02T19:18:35.997+0000] {dag.py:3954} INFO - Setting next_dagrun for example_xcom to 2021-01-01 00:00:00+00:00, run_after=2021-01-01 00:00:00+00:00
[2024-07-02T19:18:36.040+0000] {processor.py:183} INFO - Processing /usr/local/python/3.10.13/lib/python3.10/site-packages/airflow/example_dags/example_xcom.py took 0.080 seconds
[2024-07-02T19:19:18.174+0000] {processor.py:161} INFO - Started process (PID=9642) to work on /usr/local/python/3.10.13/lib/python3.10/site-packages/airflow/example_dags/example_xcom.py
[2024-07-02T19:19:18.175+0000] {processor.py:830} INFO - Processing file /usr/local/python/3.10.13/lib/python3.10/site-packages/airflow/example_dags/example_xcom.py for tasks to queue
[2024-07-02T19:19:18.176+0000] {logging_mixin.py:188} INFO - [2024-07-02T19:19:18.175+0000] {dagbag.py:545} INFO - Filling up the DagBag from /usr/local/python/3.10.13/lib/python3.10/site-packages/airflow/example_dags/example_xcom.py
[2024-07-02T19:19:18.182+0000] {processor.py:840} INFO - DAG(s) 'example_xcom' retrieved from /usr/local/python/3.10.13/lib/python3.10/site-packages/airflow/example_dags/example_xcom.py
[2024-07-02T19:19:18.194+0000] {logging_mixin.py:188} INFO - [2024-07-02T19:19:18.194+0000] {dag.py:3096} INFO - Sync 1 DAGs
[2024-07-02T19:19:18.209+0000] {logging_mixin.py:188} INFO - [2024-07-02T19:19:18.209+0000] {dag.py:3954} INFO - Setting next_dagrun for example_xcom to 2021-01-01 00:00:00+00:00, run_after=2021-01-01 00:00:00+00:00
[2024-07-02T19:19:18.249+0000] {processor.py:183} INFO - Processing /usr/local/python/3.10.13/lib/python3.10/site-packages/airflow/example_dags/example_xcom.py took 0.080 seconds
[2024-07-02T19:20:04.730+0000] {processor.py:161} INFO - Started process (PID=10001) to work on /usr/local/python/3.10.13/lib/python3.10/site-packages/airflow/example_dags/example_xcom.py
[2024-07-02T19:20:04.731+0000] {processor.py:830} INFO - Processing file /usr/local/python/3.10.13/lib/python3.10/site-packages/airflow/example_dags/example_xcom.py for tasks to queue
[2024-07-02T19:20:04.732+0000] {logging_mixin.py:188} INFO - [2024-07-02T19:20:04.732+0000] {dagbag.py:545} INFO - Filling up the DagBag from /usr/local/python/3.10.13/lib/python3.10/site-packages/airflow/example_dags/example_xcom.py
[2024-07-02T19:20:04.738+0000] {processor.py:840} INFO - DAG(s) 'example_xcom' retrieved from /usr/local/python/3.10.13/lib/python3.10/site-packages/airflow/example_dags/example_xcom.py
[2024-07-02T19:20:04.750+0000] {logging_mixin.py:188} INFO - [2024-07-02T19:20:04.750+0000] {dag.py:3096} INFO - Sync 1 DAGs
[2024-07-02T19:20:04.763+0000] {logging_mixin.py:188} INFO - [2024-07-02T19:20:04.763+0000] {dag.py:3954} INFO - Setting next_dagrun for example_xcom to 2021-01-01 00:00:00+00:00, run_after=2021-01-01 00:00:00+00:00
[2024-07-02T19:20:04.802+0000] {processor.py:183} INFO - Processing /usr/local/python/3.10.13/lib/python3.10/site-packages/airflow/example_dags/example_xcom.py took 0.076 seconds
[2024-07-02T19:20:52.850+0000] {processor.py:161} INFO - Started process (PID=10367) to work on /usr/local/python/3.10.13/lib/python3.10/site-packages/airflow/example_dags/example_xcom.py
[2024-07-02T19:20:52.851+0000] {processor.py:830} INFO - Processing file /usr/local/python/3.10.13/lib/python3.10/site-packages/airflow/example_dags/example_xcom.py for tasks to queue
[2024-07-02T19:20:52.852+0000] {logging_mixin.py:188} INFO - [2024-07-02T19:20:52.852+0000] {dagbag.py:545} INFO - Filling up the DagBag from /usr/local/python/3.10.13/lib/python3.10/site-packages/airflow/example_dags/example_xcom.py
[2024-07-02T19:20:52.858+0000] {processor.py:840} INFO - DAG(s) 'example_xcom' retrieved from /usr/local/python/3.10.13/lib/python3.10/site-packages/airflow/example_dags/example_xcom.py
[2024-07-02T19:20:52.870+0000] {logging_mixin.py:188} INFO - [2024-07-02T19:20:52.870+0000] {dag.py:3096} INFO - Sync 1 DAGs
[2024-07-02T19:20:52.884+0000] {logging_mixin.py:188} INFO - [2024-07-02T19:20:52.884+0000] {dag.py:3954} INFO - Setting next_dagrun for example_xcom to 2021-01-01 00:00:00+00:00, run_after=2021-01-01 00:00:00+00:00
[2024-07-02T19:20:52.936+0000] {processor.py:183} INFO - Processing /usr/local/python/3.10.13/lib/python3.10/site-packages/airflow/example_dags/example_xcom.py took 0.090 seconds
[2024-07-02T19:21:39.731+0000] {processor.py:161} INFO - Started process (PID=10712) to work on /usr/local/python/3.10.13/lib/python3.10/site-packages/airflow/example_dags/example_xcom.py
[2024-07-02T19:21:39.731+0000] {processor.py:830} INFO - Processing file /usr/local/python/3.10.13/lib/python3.10/site-packages/airflow/example_dags/example_xcom.py for tasks to queue
[2024-07-02T19:21:39.732+0000] {logging_mixin.py:188} INFO - [2024-07-02T19:21:39.732+0000] {dagbag.py:545} INFO - Filling up the DagBag from /usr/local/python/3.10.13/lib/python3.10/site-packages/airflow/example_dags/example_xcom.py
[2024-07-02T19:21:39.738+0000] {processor.py:840} INFO - DAG(s) 'example_xcom' retrieved from /usr/local/python/3.10.13/lib/python3.10/site-packages/airflow/example_dags/example_xcom.py
[2024-07-02T19:21:39.751+0000] {logging_mixin.py:188} INFO - [2024-07-02T19:21:39.750+0000] {dag.py:3096} INFO - Sync 1 DAGs
[2024-07-02T19:21:39.765+0000] {logging_mixin.py:188} INFO - [2024-07-02T19:21:39.765+0000] {dag.py:3954} INFO - Setting next_dagrun for example_xcom to 2021-01-01 00:00:00+00:00, run_after=2021-01-01 00:00:00+00:00
[2024-07-02T19:21:39.804+0000] {processor.py:183} INFO - Processing /usr/local/python/3.10.13/lib/python3.10/site-packages/airflow/example_dags/example_xcom.py took 0.077 seconds
[2024-07-02T19:22:25.914+0000] {processor.py:161} INFO - Started process (PID=11070) to work on /usr/local/python/3.10.13/lib/python3.10/site-packages/airflow/example_dags/example_xcom.py
[2024-07-02T19:22:25.915+0000] {processor.py:830} INFO - Processing file /usr/local/python/3.10.13/lib/python3.10/site-packages/airflow/example_dags/example_xcom.py for tasks to queue
[2024-07-02T19:22:25.916+0000] {logging_mixin.py:188} INFO - [2024-07-02T19:22:25.915+0000] {dagbag.py:545} INFO - Filling up the DagBag from /usr/local/python/3.10.13/lib/python3.10/site-packages/airflow/example_dags/example_xcom.py
[2024-07-02T19:22:25.922+0000] {processor.py:840} INFO - DAG(s) 'example_xcom' retrieved from /usr/local/python/3.10.13/lib/python3.10/site-packages/airflow/example_dags/example_xcom.py
[2024-07-02T19:22:25.939+0000] {logging_mixin.py:188} INFO - [2024-07-02T19:22:25.939+0000] {dag.py:3096} INFO - Sync 1 DAGs
[2024-07-02T19:22:25.958+0000] {logging_mixin.py:188} INFO - [2024-07-02T19:22:25.958+0000] {dag.py:3954} INFO - Setting next_dagrun for example_xcom to 2021-01-01 00:00:00+00:00, run_after=2021-01-01 00:00:00+00:00
[2024-07-02T19:22:26.000+0000] {processor.py:183} INFO - Processing /usr/local/python/3.10.13/lib/python3.10/site-packages/airflow/example_dags/example_xcom.py took 0.090 seconds
[2024-07-02T19:23:09.687+0000] {processor.py:161} INFO - Started process (PID=11393) to work on /usr/local/python/3.10.13/lib/python3.10/site-packages/airflow/example_dags/example_xcom.py
[2024-07-02T19:23:09.687+0000] {processor.py:830} INFO - Processing file /usr/local/python/3.10.13/lib/python3.10/site-packages/airflow/example_dags/example_xcom.py for tasks to queue
[2024-07-02T19:23:09.688+0000] {logging_mixin.py:188} INFO - [2024-07-02T19:23:09.688+0000] {dagbag.py:545} INFO - Filling up the DagBag from /usr/local/python/3.10.13/lib/python3.10/site-packages/airflow/example_dags/example_xcom.py
[2024-07-02T19:23:09.694+0000] {processor.py:840} INFO - DAG(s) 'example_xcom' retrieved from /usr/local/python/3.10.13/lib/python3.10/site-packages/airflow/example_dags/example_xcom.py
[2024-07-02T19:23:09.706+0000] {logging_mixin.py:188} INFO - [2024-07-02T19:23:09.706+0000] {dag.py:3096} INFO - Sync 1 DAGs
[2024-07-02T19:23:09.720+0000] {logging_mixin.py:188} INFO - [2024-07-02T19:23:09.720+0000] {dag.py:3954} INFO - Setting next_dagrun for example_xcom to 2021-01-01 00:00:00+00:00, run_after=2021-01-01 00:00:00+00:00
[2024-07-02T19:23:09.763+0000] {processor.py:183} INFO - Processing /usr/local/python/3.10.13/lib/python3.10/site-packages/airflow/example_dags/example_xcom.py took 0.081 seconds
[2024-07-02T19:23:50.094+0000] {processor.py:161} INFO - Started process (PID=11706) to work on /usr/local/python/3.10.13/lib/python3.10/site-packages/airflow/example_dags/example_xcom.py
[2024-07-02T19:23:50.095+0000] {processor.py:830} INFO - Processing file /usr/local/python/3.10.13/lib/python3.10/site-packages/airflow/example_dags/example_xcom.py for tasks to queue
[2024-07-02T19:23:50.095+0000] {logging_mixin.py:188} INFO - [2024-07-02T19:23:50.095+0000] {dagbag.py:545} INFO - Filling up the DagBag from /usr/local/python/3.10.13/lib/python3.10/site-packages/airflow/example_dags/example_xcom.py
[2024-07-02T19:23:50.101+0000] {processor.py:840} INFO - DAG(s) 'example_xcom' retrieved from /usr/local/python/3.10.13/lib/python3.10/site-packages/airflow/example_dags/example_xcom.py
[2024-07-02T19:23:50.114+0000] {logging_mixin.py:188} INFO - [2024-07-02T19:23:50.113+0000] {dag.py:3096} INFO - Sync 1 DAGs
[2024-07-02T19:23:50.128+0000] {logging_mixin.py:188} INFO - [2024-07-02T19:23:50.127+0000] {dag.py:3954} INFO - Setting next_dagrun for example_xcom to 2021-01-01 00:00:00+00:00, run_after=2021-01-01 00:00:00+00:00
[2024-07-02T19:23:50.171+0000] {processor.py:183} INFO - Processing /usr/local/python/3.10.13/lib/python3.10/site-packages/airflow/example_dags/example_xcom.py took 0.081 seconds
[2024-07-02T19:24:32.929+0000] {processor.py:161} INFO - Started process (PID=12027) to work on /usr/local/python/3.10.13/lib/python3.10/site-packages/airflow/example_dags/example_xcom.py
[2024-07-02T19:24:32.930+0000] {processor.py:830} INFO - Processing file /usr/local/python/3.10.13/lib/python3.10/site-packages/airflow/example_dags/example_xcom.py for tasks to queue
[2024-07-02T19:24:32.930+0000] {logging_mixin.py:188} INFO - [2024-07-02T19:24:32.930+0000] {dagbag.py:545} INFO - Filling up the DagBag from /usr/local/python/3.10.13/lib/python3.10/site-packages/airflow/example_dags/example_xcom.py
[2024-07-02T19:24:32.936+0000] {processor.py:840} INFO - DAG(s) 'example_xcom' retrieved from /usr/local/python/3.10.13/lib/python3.10/site-packages/airflow/example_dags/example_xcom.py
[2024-07-02T19:24:32.954+0000] {logging_mixin.py:188} INFO - [2024-07-02T19:24:32.954+0000] {dag.py:3096} INFO - Sync 1 DAGs
[2024-07-02T19:24:32.968+0000] {logging_mixin.py:188} INFO - [2024-07-02T19:24:32.968+0000] {dag.py:3954} INFO - Setting next_dagrun for example_xcom to 2021-01-01 00:00:00+00:00, run_after=2021-01-01 00:00:00+00:00
[2024-07-02T19:24:33.007+0000] {processor.py:183} INFO - Processing /usr/local/python/3.10.13/lib/python3.10/site-packages/airflow/example_dags/example_xcom.py took 0.083 seconds
[2024-07-02T19:25:15.521+0000] {processor.py:161} INFO - Started process (PID=12344) to work on /usr/local/python/3.10.13/lib/python3.10/site-packages/airflow/example_dags/example_xcom.py
[2024-07-02T19:25:15.522+0000] {processor.py:830} INFO - Processing file /usr/local/python/3.10.13/lib/python3.10/site-packages/airflow/example_dags/example_xcom.py for tasks to queue
[2024-07-02T19:25:15.522+0000] {logging_mixin.py:188} INFO - [2024-07-02T19:25:15.522+0000] {dagbag.py:545} INFO - Filling up the DagBag from /usr/local/python/3.10.13/lib/python3.10/site-packages/airflow/example_dags/example_xcom.py
[2024-07-02T19:25:15.531+0000] {processor.py:840} INFO - DAG(s) 'example_xcom' retrieved from /usr/local/python/3.10.13/lib/python3.10/site-packages/airflow/example_dags/example_xcom.py
[2024-07-02T19:25:15.549+0000] {logging_mixin.py:188} INFO - [2024-07-02T19:25:15.549+0000] {dag.py:3096} INFO - Sync 1 DAGs
[2024-07-02T19:25:15.563+0000] {logging_mixin.py:188} INFO - [2024-07-02T19:25:15.563+0000] {dag.py:3954} INFO - Setting next_dagrun for example_xcom to 2021-01-01 00:00:00+00:00, run_after=2021-01-01 00:00:00+00:00
[2024-07-02T19:25:15.603+0000] {processor.py:183} INFO - Processing /usr/local/python/3.10.13/lib/python3.10/site-packages/airflow/example_dags/example_xcom.py took 0.089 seconds
[2024-07-02T19:25:58.318+0000] {processor.py:161} INFO - Started process (PID=12685) to work on /usr/local/python/3.10.13/lib/python3.10/site-packages/airflow/example_dags/example_xcom.py
[2024-07-02T19:25:58.319+0000] {processor.py:830} INFO - Processing file /usr/local/python/3.10.13/lib/python3.10/site-packages/airflow/example_dags/example_xcom.py for tasks to queue
[2024-07-02T19:25:58.319+0000] {logging_mixin.py:188} INFO - [2024-07-02T19:25:58.319+0000] {dagbag.py:545} INFO - Filling up the DagBag from /usr/local/python/3.10.13/lib/python3.10/site-packages/airflow/example_dags/example_xcom.py
[2024-07-02T19:25:58.325+0000] {processor.py:840} INFO - DAG(s) 'example_xcom' retrieved from /usr/local/python/3.10.13/lib/python3.10/site-packages/airflow/example_dags/example_xcom.py
[2024-07-02T19:25:58.337+0000] {logging_mixin.py:188} INFO - [2024-07-02T19:25:58.337+0000] {dag.py:3096} INFO - Sync 1 DAGs
[2024-07-02T19:25:58.351+0000] {logging_mixin.py:188} INFO - [2024-07-02T19:25:58.351+0000] {dag.py:3954} INFO - Setting next_dagrun for example_xcom to 2021-01-01 00:00:00+00:00, run_after=2021-01-01 00:00:00+00:00
[2024-07-02T19:25:58.390+0000] {processor.py:183} INFO - Processing /usr/local/python/3.10.13/lib/python3.10/site-packages/airflow/example_dags/example_xcom.py took 0.077 seconds
[2024-07-02T19:26:42.396+0000] {processor.py:161} INFO - Started process (PID=13018) to work on /usr/local/python/3.10.13/lib/python3.10/site-packages/airflow/example_dags/example_xcom.py
[2024-07-02T19:26:42.396+0000] {processor.py:830} INFO - Processing file /usr/local/python/3.10.13/lib/python3.10/site-packages/airflow/example_dags/example_xcom.py for tasks to queue
[2024-07-02T19:26:42.397+0000] {logging_mixin.py:188} INFO - [2024-07-02T19:26:42.397+0000] {dagbag.py:545} INFO - Filling up the DagBag from /usr/local/python/3.10.13/lib/python3.10/site-packages/airflow/example_dags/example_xcom.py
[2024-07-02T19:26:42.403+0000] {processor.py:840} INFO - DAG(s) 'example_xcom' retrieved from /usr/local/python/3.10.13/lib/python3.10/site-packages/airflow/example_dags/example_xcom.py
[2024-07-02T19:26:42.415+0000] {logging_mixin.py:188} INFO - [2024-07-02T19:26:42.415+0000] {dag.py:3096} INFO - Sync 1 DAGs
[2024-07-02T19:26:42.430+0000] {logging_mixin.py:188} INFO - [2024-07-02T19:26:42.429+0000] {dag.py:3954} INFO - Setting next_dagrun for example_xcom to 2021-01-01 00:00:00+00:00, run_after=2021-01-01 00:00:00+00:00
[2024-07-02T19:26:42.476+0000] {processor.py:183} INFO - Processing /usr/local/python/3.10.13/lib/python3.10/site-packages/airflow/example_dags/example_xcom.py took 0.084 seconds
[2024-07-02T19:27:26.503+0000] {processor.py:161} INFO - Started process (PID=13405) to work on /usr/local/python/3.10.13/lib/python3.10/site-packages/airflow/example_dags/example_xcom.py
[2024-07-02T19:27:26.503+0000] {processor.py:830} INFO - Processing file /usr/local/python/3.10.13/lib/python3.10/site-packages/airflow/example_dags/example_xcom.py for tasks to queue
[2024-07-02T19:27:26.504+0000] {logging_mixin.py:188} INFO - [2024-07-02T19:27:26.504+0000] {dagbag.py:545} INFO - Filling up the DagBag from /usr/local/python/3.10.13/lib/python3.10/site-packages/airflow/example_dags/example_xcom.py
[2024-07-02T19:27:26.510+0000] {processor.py:840} INFO - DAG(s) 'example_xcom' retrieved from /usr/local/python/3.10.13/lib/python3.10/site-packages/airflow/example_dags/example_xcom.py
[2024-07-02T19:27:26.522+0000] {logging_mixin.py:188} INFO - [2024-07-02T19:27:26.522+0000] {dag.py:3096} INFO - Sync 1 DAGs
[2024-07-02T19:27:26.537+0000] {logging_mixin.py:188} INFO - [2024-07-02T19:27:26.537+0000] {dag.py:3954} INFO - Setting next_dagrun for example_xcom to 2021-01-01 00:00:00+00:00, run_after=2021-01-01 00:00:00+00:00
[2024-07-02T19:27:26.579+0000] {processor.py:183} INFO - Processing /usr/local/python/3.10.13/lib/python3.10/site-packages/airflow/example_dags/example_xcom.py took 0.081 seconds
[2024-07-02T19:28:07.237+0000] {processor.py:161} INFO - Started process (PID=13778) to work on /usr/local/python/3.10.13/lib/python3.10/site-packages/airflow/example_dags/example_xcom.py
[2024-07-02T19:28:07.237+0000] {processor.py:830} INFO - Processing file /usr/local/python/3.10.13/lib/python3.10/site-packages/airflow/example_dags/example_xcom.py for tasks to queue
[2024-07-02T19:28:07.238+0000] {logging_mixin.py:188} INFO - [2024-07-02T19:28:07.238+0000] {dagbag.py:545} INFO - Filling up the DagBag from /usr/local/python/3.10.13/lib/python3.10/site-packages/airflow/example_dags/example_xcom.py
[2024-07-02T19:28:07.244+0000] {processor.py:840} INFO - DAG(s) 'example_xcom' retrieved from /usr/local/python/3.10.13/lib/python3.10/site-packages/airflow/example_dags/example_xcom.py
[2024-07-02T19:28:07.257+0000] {logging_mixin.py:188} INFO - [2024-07-02T19:28:07.257+0000] {dag.py:3096} INFO - Sync 1 DAGs
[2024-07-02T19:28:07.272+0000] {logging_mixin.py:188} INFO - [2024-07-02T19:28:07.271+0000] {dag.py:3954} INFO - Setting next_dagrun for example_xcom to 2021-01-01 00:00:00+00:00, run_after=2021-01-01 00:00:00+00:00
[2024-07-02T19:28:07.311+0000] {processor.py:183} INFO - Processing /usr/local/python/3.10.13/lib/python3.10/site-packages/airflow/example_dags/example_xcom.py took 0.079 seconds
[2024-07-02T19:28:50.673+0000] {processor.py:161} INFO - Started process (PID=14169) to work on /usr/local/python/3.10.13/lib/python3.10/site-packages/airflow/example_dags/example_xcom.py
[2024-07-02T19:28:50.673+0000] {processor.py:830} INFO - Processing file /usr/local/python/3.10.13/lib/python3.10/site-packages/airflow/example_dags/example_xcom.py for tasks to queue
[2024-07-02T19:28:50.674+0000] {logging_mixin.py:188} INFO - [2024-07-02T19:28:50.674+0000] {dagbag.py:545} INFO - Filling up the DagBag from /usr/local/python/3.10.13/lib/python3.10/site-packages/airflow/example_dags/example_xcom.py
[2024-07-02T19:28:50.680+0000] {processor.py:840} INFO - DAG(s) 'example_xcom' retrieved from /usr/local/python/3.10.13/lib/python3.10/site-packages/airflow/example_dags/example_xcom.py
[2024-07-02T19:28:50.692+0000] {logging_mixin.py:188} INFO - [2024-07-02T19:28:50.692+0000] {dag.py:3096} INFO - Sync 1 DAGs
[2024-07-02T19:28:50.707+0000] {logging_mixin.py:188} INFO - [2024-07-02T19:28:50.707+0000] {dag.py:3954} INFO - Setting next_dagrun for example_xcom to 2021-01-01 00:00:00+00:00, run_after=2021-01-01 00:00:00+00:00
[2024-07-02T19:28:50.747+0000] {processor.py:183} INFO - Processing /usr/local/python/3.10.13/lib/python3.10/site-packages/airflow/example_dags/example_xcom.py took 0.079 seconds
[2024-07-02T19:29:37.295+0000] {processor.py:161} INFO - Started process (PID=14521) to work on /usr/local/python/3.10.13/lib/python3.10/site-packages/airflow/example_dags/example_xcom.py
[2024-07-02T19:29:37.295+0000] {processor.py:830} INFO - Processing file /usr/local/python/3.10.13/lib/python3.10/site-packages/airflow/example_dags/example_xcom.py for tasks to queue
[2024-07-02T19:29:37.296+0000] {logging_mixin.py:188} INFO - [2024-07-02T19:29:37.296+0000] {dagbag.py:545} INFO - Filling up the DagBag from /usr/local/python/3.10.13/lib/python3.10/site-packages/airflow/example_dags/example_xcom.py
[2024-07-02T19:29:37.302+0000] {processor.py:840} INFO - DAG(s) 'example_xcom' retrieved from /usr/local/python/3.10.13/lib/python3.10/site-packages/airflow/example_dags/example_xcom.py
[2024-07-02T19:29:37.314+0000] {logging_mixin.py:188} INFO - [2024-07-02T19:29:37.314+0000] {dag.py:3096} INFO - Sync 1 DAGs
[2024-07-02T19:29:37.328+0000] {logging_mixin.py:188} INFO - [2024-07-02T19:29:37.328+0000] {dag.py:3954} INFO - Setting next_dagrun for example_xcom to 2021-01-01 00:00:00+00:00, run_after=2021-01-01 00:00:00+00:00
[2024-07-02T19:29:37.368+0000] {processor.py:183} INFO - Processing /usr/local/python/3.10.13/lib/python3.10/site-packages/airflow/example_dags/example_xcom.py took 0.079 seconds
[2024-07-02T19:30:23.052+0000] {processor.py:161} INFO - Started process (PID=14918) to work on /usr/local/python/3.10.13/lib/python3.10/site-packages/airflow/example_dags/example_xcom.py
[2024-07-02T19:30:23.052+0000] {processor.py:830} INFO - Processing file /usr/local/python/3.10.13/lib/python3.10/site-packages/airflow/example_dags/example_xcom.py for tasks to queue
[2024-07-02T19:30:23.053+0000] {logging_mixin.py:188} INFO - [2024-07-02T19:30:23.053+0000] {dagbag.py:545} INFO - Filling up the DagBag from /usr/local/python/3.10.13/lib/python3.10/site-packages/airflow/example_dags/example_xcom.py
[2024-07-02T19:30:23.059+0000] {processor.py:840} INFO - DAG(s) 'example_xcom' retrieved from /usr/local/python/3.10.13/lib/python3.10/site-packages/airflow/example_dags/example_xcom.py
[2024-07-02T19:30:23.071+0000] {logging_mixin.py:188} INFO - [2024-07-02T19:30:23.070+0000] {dag.py:3096} INFO - Sync 1 DAGs
[2024-07-02T19:30:23.084+0000] {logging_mixin.py:188} INFO - [2024-07-02T19:30:23.084+0000] {dag.py:3954} INFO - Setting next_dagrun for example_xcom to 2021-01-01 00:00:00+00:00, run_after=2021-01-01 00:00:00+00:00
[2024-07-02T19:30:23.125+0000] {processor.py:183} INFO - Processing /usr/local/python/3.10.13/lib/python3.10/site-packages/airflow/example_dags/example_xcom.py took 0.077 seconds
[2024-07-02T19:31:09.531+0000] {processor.py:161} INFO - Started process (PID=15260) to work on /usr/local/python/3.10.13/lib/python3.10/site-packages/airflow/example_dags/example_xcom.py
[2024-07-02T19:31:09.532+0000] {processor.py:830} INFO - Processing file /usr/local/python/3.10.13/lib/python3.10/site-packages/airflow/example_dags/example_xcom.py for tasks to queue
[2024-07-02T19:31:09.533+0000] {logging_mixin.py:188} INFO - [2024-07-02T19:31:09.532+0000] {dagbag.py:545} INFO - Filling up the DagBag from /usr/local/python/3.10.13/lib/python3.10/site-packages/airflow/example_dags/example_xcom.py
[2024-07-02T19:31:09.538+0000] {processor.py:840} INFO - DAG(s) 'example_xcom' retrieved from /usr/local/python/3.10.13/lib/python3.10/site-packages/airflow/example_dags/example_xcom.py
[2024-07-02T19:31:09.551+0000] {logging_mixin.py:188} INFO - [2024-07-02T19:31:09.550+0000] {dag.py:3096} INFO - Sync 1 DAGs
[2024-07-02T19:31:09.564+0000] {logging_mixin.py:188} INFO - [2024-07-02T19:31:09.564+0000] {dag.py:3954} INFO - Setting next_dagrun for example_xcom to 2021-01-01 00:00:00+00:00, run_after=2021-01-01 00:00:00+00:00
[2024-07-02T19:31:09.609+0000] {processor.py:183} INFO - Processing /usr/local/python/3.10.13/lib/python3.10/site-packages/airflow/example_dags/example_xcom.py took 0.082 seconds
[2024-07-02T19:31:59.969+0000] {processor.py:161} INFO - Started process (PID=15637) to work on /usr/local/python/3.10.13/lib/python3.10/site-packages/airflow/example_dags/example_xcom.py
[2024-07-02T19:31:59.970+0000] {processor.py:830} INFO - Processing file /usr/local/python/3.10.13/lib/python3.10/site-packages/airflow/example_dags/example_xcom.py for tasks to queue
[2024-07-02T19:31:59.971+0000] {logging_mixin.py:188} INFO - [2024-07-02T19:31:59.970+0000] {dagbag.py:545} INFO - Filling up the DagBag from /usr/local/python/3.10.13/lib/python3.10/site-packages/airflow/example_dags/example_xcom.py
[2024-07-02T19:31:59.976+0000] {processor.py:840} INFO - DAG(s) 'example_xcom' retrieved from /usr/local/python/3.10.13/lib/python3.10/site-packages/airflow/example_dags/example_xcom.py
[2024-07-02T19:31:59.988+0000] {logging_mixin.py:188} INFO - [2024-07-02T19:31:59.988+0000] {dag.py:3096} INFO - Sync 1 DAGs
[2024-07-02T19:32:00.002+0000] {logging_mixin.py:188} INFO - [2024-07-02T19:32:00.002+0000] {dag.py:3954} INFO - Setting next_dagrun for example_xcom to 2021-01-01 00:00:00+00:00, run_after=2021-01-01 00:00:00+00:00
[2024-07-02T19:32:00.043+0000] {processor.py:183} INFO - Processing /usr/local/python/3.10.13/lib/python3.10/site-packages/airflow/example_dags/example_xcom.py took 0.079 seconds
[2024-07-02T19:32:42.771+0000] {processor.py:161} INFO - Started process (PID=15963) to work on /usr/local/python/3.10.13/lib/python3.10/site-packages/airflow/example_dags/example_xcom.py
[2024-07-02T19:32:42.771+0000] {processor.py:830} INFO - Processing file /usr/local/python/3.10.13/lib/python3.10/site-packages/airflow/example_dags/example_xcom.py for tasks to queue
[2024-07-02T19:32:42.772+0000] {logging_mixin.py:188} INFO - [2024-07-02T19:32:42.772+0000] {dagbag.py:545} INFO - Filling up the DagBag from /usr/local/python/3.10.13/lib/python3.10/site-packages/airflow/example_dags/example_xcom.py
[2024-07-02T19:32:42.778+0000] {processor.py:840} INFO - DAG(s) 'example_xcom' retrieved from /usr/local/python/3.10.13/lib/python3.10/site-packages/airflow/example_dags/example_xcom.py
[2024-07-02T19:32:42.790+0000] {logging_mixin.py:188} INFO - [2024-07-02T19:32:42.790+0000] {dag.py:3096} INFO - Sync 1 DAGs
[2024-07-02T19:32:42.804+0000] {logging_mixin.py:188} INFO - [2024-07-02T19:32:42.804+0000] {dag.py:3954} INFO - Setting next_dagrun for example_xcom to 2021-01-01 00:00:00+00:00, run_after=2021-01-01 00:00:00+00:00
[2024-07-02T19:32:42.846+0000] {processor.py:183} INFO - Processing /usr/local/python/3.10.13/lib/python3.10/site-packages/airflow/example_dags/example_xcom.py took 0.080 seconds
[2024-07-02T19:33:25.786+0000] {processor.py:161} INFO - Started process (PID=16372) to work on /usr/local/python/3.10.13/lib/python3.10/site-packages/airflow/example_dags/example_xcom.py
[2024-07-02T19:33:25.787+0000] {processor.py:830} INFO - Processing file /usr/local/python/3.10.13/lib/python3.10/site-packages/airflow/example_dags/example_xcom.py for tasks to queue
[2024-07-02T19:33:25.788+0000] {logging_mixin.py:188} INFO - [2024-07-02T19:33:25.787+0000] {dagbag.py:545} INFO - Filling up the DagBag from /usr/local/python/3.10.13/lib/python3.10/site-packages/airflow/example_dags/example_xcom.py
[2024-07-02T19:33:25.794+0000] {processor.py:840} INFO - DAG(s) 'example_xcom' retrieved from /usr/local/python/3.10.13/lib/python3.10/site-packages/airflow/example_dags/example_xcom.py
[2024-07-02T19:33:25.806+0000] {logging_mixin.py:188} INFO - [2024-07-02T19:33:25.806+0000] {dag.py:3096} INFO - Sync 1 DAGs
[2024-07-02T19:33:25.820+0000] {logging_mixin.py:188} INFO - [2024-07-02T19:33:25.820+0000] {dag.py:3954} INFO - Setting next_dagrun for example_xcom to 2021-01-01 00:00:00+00:00, run_after=2021-01-01 00:00:00+00:00
[2024-07-02T19:33:25.861+0000] {processor.py:183} INFO - Processing /usr/local/python/3.10.13/lib/python3.10/site-packages/airflow/example_dags/example_xcom.py took 0.079 seconds
[2024-07-02T19:34:10.855+0000] {processor.py:161} INFO - Started process (PID=16702) to work on /usr/local/python/3.10.13/lib/python3.10/site-packages/airflow/example_dags/example_xcom.py
[2024-07-02T19:34:10.855+0000] {processor.py:830} INFO - Processing file /usr/local/python/3.10.13/lib/python3.10/site-packages/airflow/example_dags/example_xcom.py for tasks to queue
[2024-07-02T19:34:10.856+0000] {logging_mixin.py:188} INFO - [2024-07-02T19:34:10.856+0000] {dagbag.py:545} INFO - Filling up the DagBag from /usr/local/python/3.10.13/lib/python3.10/site-packages/airflow/example_dags/example_xcom.py
[2024-07-02T19:34:10.862+0000] {processor.py:840} INFO - DAG(s) 'example_xcom' retrieved from /usr/local/python/3.10.13/lib/python3.10/site-packages/airflow/example_dags/example_xcom.py
[2024-07-02T19:34:10.874+0000] {logging_mixin.py:188} INFO - [2024-07-02T19:34:10.874+0000] {dag.py:3096} INFO - Sync 1 DAGs
[2024-07-02T19:34:10.889+0000] {logging_mixin.py:188} INFO - [2024-07-02T19:34:10.889+0000] {dag.py:3954} INFO - Setting next_dagrun for example_xcom to 2021-01-01 00:00:00+00:00, run_after=2021-01-01 00:00:00+00:00
[2024-07-02T19:34:10.931+0000] {processor.py:183} INFO - Processing /usr/local/python/3.10.13/lib/python3.10/site-packages/airflow/example_dags/example_xcom.py took 0.081 seconds
[2024-07-02T19:34:56.342+0000] {processor.py:161} INFO - Started process (PID=17096) to work on /usr/local/python/3.10.13/lib/python3.10/site-packages/airflow/example_dags/example_xcom.py
[2024-07-02T19:34:56.343+0000] {processor.py:830} INFO - Processing file /usr/local/python/3.10.13/lib/python3.10/site-packages/airflow/example_dags/example_xcom.py for tasks to queue
[2024-07-02T19:34:56.344+0000] {logging_mixin.py:188} INFO - [2024-07-02T19:34:56.343+0000] {dagbag.py:545} INFO - Filling up the DagBag from /usr/local/python/3.10.13/lib/python3.10/site-packages/airflow/example_dags/example_xcom.py
[2024-07-02T19:34:56.350+0000] {processor.py:840} INFO - DAG(s) 'example_xcom' retrieved from /usr/local/python/3.10.13/lib/python3.10/site-packages/airflow/example_dags/example_xcom.py
[2024-07-02T19:34:56.362+0000] {logging_mixin.py:188} INFO - [2024-07-02T19:34:56.362+0000] {dag.py:3096} INFO - Sync 1 DAGs
[2024-07-02T19:34:56.378+0000] {logging_mixin.py:188} INFO - [2024-07-02T19:34:56.377+0000] {dag.py:3954} INFO - Setting next_dagrun for example_xcom to 2021-01-01 00:00:00+00:00, run_after=2021-01-01 00:00:00+00:00
[2024-07-02T19:34:56.424+0000] {processor.py:183} INFO - Processing /usr/local/python/3.10.13/lib/python3.10/site-packages/airflow/example_dags/example_xcom.py took 0.087 seconds
[2024-07-02T19:35:44.011+0000] {processor.py:161} INFO - Started process (PID=17494) to work on /usr/local/python/3.10.13/lib/python3.10/site-packages/airflow/example_dags/example_xcom.py
[2024-07-02T19:35:44.011+0000] {processor.py:830} INFO - Processing file /usr/local/python/3.10.13/lib/python3.10/site-packages/airflow/example_dags/example_xcom.py for tasks to queue
[2024-07-02T19:35:44.012+0000] {logging_mixin.py:188} INFO - [2024-07-02T19:35:44.012+0000] {dagbag.py:545} INFO - Filling up the DagBag from /usr/local/python/3.10.13/lib/python3.10/site-packages/airflow/example_dags/example_xcom.py
[2024-07-02T19:35:44.018+0000] {processor.py:840} INFO - DAG(s) 'example_xcom' retrieved from /usr/local/python/3.10.13/lib/python3.10/site-packages/airflow/example_dags/example_xcom.py
[2024-07-02T19:35:44.030+0000] {logging_mixin.py:188} INFO - [2024-07-02T19:35:44.030+0000] {dag.py:3096} INFO - Sync 1 DAGs
[2024-07-02T19:35:44.044+0000] {logging_mixin.py:188} INFO - [2024-07-02T19:35:44.044+0000] {dag.py:3954} INFO - Setting next_dagrun for example_xcom to 2021-01-01 00:00:00+00:00, run_after=2021-01-01 00:00:00+00:00
[2024-07-02T19:35:44.083+0000] {processor.py:183} INFO - Processing /usr/local/python/3.10.13/lib/python3.10/site-packages/airflow/example_dags/example_xcom.py took 0.077 seconds
[2024-07-02T19:36:37.287+0000] {processor.py:161} INFO - Started process (PID=17948) to work on /usr/local/python/3.10.13/lib/python3.10/site-packages/airflow/example_dags/example_xcom.py
[2024-07-02T19:36:37.288+0000] {processor.py:830} INFO - Processing file /usr/local/python/3.10.13/lib/python3.10/site-packages/airflow/example_dags/example_xcom.py for tasks to queue
[2024-07-02T19:36:37.288+0000] {logging_mixin.py:188} INFO - [2024-07-02T19:36:37.288+0000] {dagbag.py:545} INFO - Filling up the DagBag from /usr/local/python/3.10.13/lib/python3.10/site-packages/airflow/example_dags/example_xcom.py
[2024-07-02T19:36:37.294+0000] {processor.py:840} INFO - DAG(s) 'example_xcom' retrieved from /usr/local/python/3.10.13/lib/python3.10/site-packages/airflow/example_dags/example_xcom.py
[2024-07-02T19:36:37.306+0000] {logging_mixin.py:188} INFO - [2024-07-02T19:36:37.306+0000] {dag.py:3096} INFO - Sync 1 DAGs
[2024-07-02T19:36:37.325+0000] {logging_mixin.py:188} INFO - [2024-07-02T19:36:37.325+0000] {dag.py:3954} INFO - Setting next_dagrun for example_xcom to 2021-01-01 00:00:00+00:00, run_after=2021-01-01 00:00:00+00:00
[2024-07-02T19:36:37.366+0000] {processor.py:183} INFO - Processing /usr/local/python/3.10.13/lib/python3.10/site-packages/airflow/example_dags/example_xcom.py took 0.083 seconds
[2024-07-02T19:37:28.712+0000] {processor.py:161} INFO - Started process (PID=18319) to work on /usr/local/python/3.10.13/lib/python3.10/site-packages/airflow/example_dags/example_xcom.py
[2024-07-02T19:37:28.713+0000] {processor.py:830} INFO - Processing file /usr/local/python/3.10.13/lib/python3.10/site-packages/airflow/example_dags/example_xcom.py for tasks to queue
[2024-07-02T19:37:28.714+0000] {logging_mixin.py:188} INFO - [2024-07-02T19:37:28.713+0000] {dagbag.py:545} INFO - Filling up the DagBag from /usr/local/python/3.10.13/lib/python3.10/site-packages/airflow/example_dags/example_xcom.py
[2024-07-02T19:37:28.721+0000] {processor.py:840} INFO - DAG(s) 'example_xcom' retrieved from /usr/local/python/3.10.13/lib/python3.10/site-packages/airflow/example_dags/example_xcom.py
[2024-07-02T19:37:28.733+0000] {logging_mixin.py:188} INFO - [2024-07-02T19:37:28.733+0000] {dag.py:3096} INFO - Sync 1 DAGs
[2024-07-02T19:37:28.747+0000] {logging_mixin.py:188} INFO - [2024-07-02T19:37:28.747+0000] {dag.py:3954} INFO - Setting next_dagrun for example_xcom to 2021-01-01 00:00:00+00:00, run_after=2021-01-01 00:00:00+00:00
[2024-07-02T19:37:28.790+0000] {processor.py:183} INFO - Processing /usr/local/python/3.10.13/lib/python3.10/site-packages/airflow/example_dags/example_xcom.py took 0.082 seconds
[2024-07-02T19:38:12.689+0000] {processor.py:161} INFO - Started process (PID=18633) to work on /usr/local/python/3.10.13/lib/python3.10/site-packages/airflow/example_dags/example_xcom.py
[2024-07-02T19:38:12.690+0000] {processor.py:830} INFO - Processing file /usr/local/python/3.10.13/lib/python3.10/site-packages/airflow/example_dags/example_xcom.py for tasks to queue
[2024-07-02T19:38:12.690+0000] {logging_mixin.py:188} INFO - [2024-07-02T19:38:12.690+0000] {dagbag.py:545} INFO - Filling up the DagBag from /usr/local/python/3.10.13/lib/python3.10/site-packages/airflow/example_dags/example_xcom.py
[2024-07-02T19:38:12.696+0000] {processor.py:840} INFO - DAG(s) 'example_xcom' retrieved from /usr/local/python/3.10.13/lib/python3.10/site-packages/airflow/example_dags/example_xcom.py
[2024-07-02T19:38:12.709+0000] {logging_mixin.py:188} INFO - [2024-07-02T19:38:12.709+0000] {dag.py:3096} INFO - Sync 1 DAGs
[2024-07-02T19:38:12.723+0000] {logging_mixin.py:188} INFO - [2024-07-02T19:38:12.723+0000] {dag.py:3954} INFO - Setting next_dagrun for example_xcom to 2021-01-01 00:00:00+00:00, run_after=2021-01-01 00:00:00+00:00
[2024-07-02T19:38:12.767+0000] {processor.py:183} INFO - Processing /usr/local/python/3.10.13/lib/python3.10/site-packages/airflow/example_dags/example_xcom.py took 0.082 seconds
[2024-07-02T19:38:55.348+0000] {processor.py:161} INFO - Started process (PID=18927) to work on /usr/local/python/3.10.13/lib/python3.10/site-packages/airflow/example_dags/example_xcom.py
[2024-07-02T19:38:55.348+0000] {processor.py:830} INFO - Processing file /usr/local/python/3.10.13/lib/python3.10/site-packages/airflow/example_dags/example_xcom.py for tasks to queue
[2024-07-02T19:38:55.349+0000] {logging_mixin.py:188} INFO - [2024-07-02T19:38:55.349+0000] {dagbag.py:545} INFO - Filling up the DagBag from /usr/local/python/3.10.13/lib/python3.10/site-packages/airflow/example_dags/example_xcom.py
[2024-07-02T19:38:55.355+0000] {processor.py:840} INFO - DAG(s) 'example_xcom' retrieved from /usr/local/python/3.10.13/lib/python3.10/site-packages/airflow/example_dags/example_xcom.py
[2024-07-02T19:38:55.367+0000] {logging_mixin.py:188} INFO - [2024-07-02T19:38:55.367+0000] {dag.py:3096} INFO - Sync 1 DAGs
[2024-07-02T19:38:55.381+0000] {logging_mixin.py:188} INFO - [2024-07-02T19:38:55.381+0000] {dag.py:3954} INFO - Setting next_dagrun for example_xcom to 2021-01-01 00:00:00+00:00, run_after=2021-01-01 00:00:00+00:00
[2024-07-02T19:38:55.420+0000] {processor.py:183} INFO - Processing /usr/local/python/3.10.13/lib/python3.10/site-packages/airflow/example_dags/example_xcom.py took 0.077 seconds
[2024-07-02T19:39:39.838+0000] {processor.py:161} INFO - Started process (PID=19260) to work on /usr/local/python/3.10.13/lib/python3.10/site-packages/airflow/example_dags/example_xcom.py
[2024-07-02T19:39:39.839+0000] {processor.py:830} INFO - Processing file /usr/local/python/3.10.13/lib/python3.10/site-packages/airflow/example_dags/example_xcom.py for tasks to queue
[2024-07-02T19:39:39.840+0000] {logging_mixin.py:188} INFO - [2024-07-02T19:39:39.839+0000] {dagbag.py:545} INFO - Filling up the DagBag from /usr/local/python/3.10.13/lib/python3.10/site-packages/airflow/example_dags/example_xcom.py
[2024-07-02T19:39:39.845+0000] {processor.py:840} INFO - DAG(s) 'example_xcom' retrieved from /usr/local/python/3.10.13/lib/python3.10/site-packages/airflow/example_dags/example_xcom.py
[2024-07-02T19:39:39.858+0000] {logging_mixin.py:188} INFO - [2024-07-02T19:39:39.858+0000] {dag.py:3096} INFO - Sync 1 DAGs
[2024-07-02T19:39:39.874+0000] {logging_mixin.py:188} INFO - [2024-07-02T19:39:39.873+0000] {dag.py:3954} INFO - Setting next_dagrun for example_xcom to 2021-01-01 00:00:00+00:00, run_after=2021-01-01 00:00:00+00:00
[2024-07-02T19:39:39.917+0000] {processor.py:183} INFO - Processing /usr/local/python/3.10.13/lib/python3.10/site-packages/airflow/example_dags/example_xcom.py took 0.084 seconds
[2024-07-02T19:40:36.357+0000] {processor.py:161} INFO - Started process (PID=19700) to work on /usr/local/python/3.10.13/lib/python3.10/site-packages/airflow/example_dags/example_xcom.py
[2024-07-02T19:40:36.358+0000] {processor.py:830} INFO - Processing file /usr/local/python/3.10.13/lib/python3.10/site-packages/airflow/example_dags/example_xcom.py for tasks to queue
[2024-07-02T19:40:36.359+0000] {logging_mixin.py:188} INFO - [2024-07-02T19:40:36.358+0000] {dagbag.py:545} INFO - Filling up the DagBag from /usr/local/python/3.10.13/lib/python3.10/site-packages/airflow/example_dags/example_xcom.py
[2024-07-02T19:40:36.364+0000] {processor.py:840} INFO - DAG(s) 'example_xcom' retrieved from /usr/local/python/3.10.13/lib/python3.10/site-packages/airflow/example_dags/example_xcom.py
[2024-07-02T19:40:36.377+0000] {logging_mixin.py:188} INFO - [2024-07-02T19:40:36.377+0000] {dag.py:3096} INFO - Sync 1 DAGs
[2024-07-02T19:40:36.391+0000] {logging_mixin.py:188} INFO - [2024-07-02T19:40:36.390+0000] {dag.py:3954} INFO - Setting next_dagrun for example_xcom to 2021-01-01 00:00:00+00:00, run_after=2021-01-01 00:00:00+00:00
[2024-07-02T19:40:36.430+0000] {processor.py:183} INFO - Processing /usr/local/python/3.10.13/lib/python3.10/site-packages/airflow/example_dags/example_xcom.py took 0.078 seconds
[2024-07-02T19:41:20.381+0000] {processor.py:161} INFO - Started process (PID=20031) to work on /usr/local/python/3.10.13/lib/python3.10/site-packages/airflow/example_dags/example_xcom.py
[2024-07-02T19:41:20.382+0000] {processor.py:830} INFO - Processing file /usr/local/python/3.10.13/lib/python3.10/site-packages/airflow/example_dags/example_xcom.py for tasks to queue
[2024-07-02T19:41:20.383+0000] {logging_mixin.py:188} INFO - [2024-07-02T19:41:20.383+0000] {dagbag.py:545} INFO - Filling up the DagBag from /usr/local/python/3.10.13/lib/python3.10/site-packages/airflow/example_dags/example_xcom.py
[2024-07-02T19:41:20.392+0000] {processor.py:840} INFO - DAG(s) 'example_xcom' retrieved from /usr/local/python/3.10.13/lib/python3.10/site-packages/airflow/example_dags/example_xcom.py
[2024-07-02T19:41:20.410+0000] {logging_mixin.py:188} INFO - [2024-07-02T19:41:20.410+0000] {dag.py:3096} INFO - Sync 1 DAGs
[2024-07-02T19:41:20.425+0000] {logging_mixin.py:188} INFO - [2024-07-02T19:41:20.425+0000] {dag.py:3954} INFO - Setting next_dagrun for example_xcom to 2021-01-01 00:00:00+00:00, run_after=2021-01-01 00:00:00+00:00
[2024-07-02T19:41:20.467+0000] {processor.py:183} INFO - Processing /usr/local/python/3.10.13/lib/python3.10/site-packages/airflow/example_dags/example_xcom.py took 0.093 seconds
[2024-07-02T19:42:03.287+0000] {processor.py:161} INFO - Started process (PID=20377) to work on /usr/local/python/3.10.13/lib/python3.10/site-packages/airflow/example_dags/example_xcom.py
[2024-07-02T19:42:03.287+0000] {processor.py:830} INFO - Processing file /usr/local/python/3.10.13/lib/python3.10/site-packages/airflow/example_dags/example_xcom.py for tasks to queue
[2024-07-02T19:42:03.288+0000] {logging_mixin.py:188} INFO - [2024-07-02T19:42:03.288+0000] {dagbag.py:545} INFO - Filling up the DagBag from /usr/local/python/3.10.13/lib/python3.10/site-packages/airflow/example_dags/example_xcom.py
[2024-07-02T19:42:03.294+0000] {processor.py:840} INFO - DAG(s) 'example_xcom' retrieved from /usr/local/python/3.10.13/lib/python3.10/site-packages/airflow/example_dags/example_xcom.py
[2024-07-02T19:42:03.306+0000] {logging_mixin.py:188} INFO - [2024-07-02T19:42:03.306+0000] {dag.py:3096} INFO - Sync 1 DAGs
[2024-07-02T19:42:03.320+0000] {logging_mixin.py:188} INFO - [2024-07-02T19:42:03.320+0000] {dag.py:3954} INFO - Setting next_dagrun for example_xcom to 2021-01-01 00:00:00+00:00, run_after=2021-01-01 00:00:00+00:00
[2024-07-02T19:42:03.361+0000] {processor.py:183} INFO - Processing /usr/local/python/3.10.13/lib/python3.10/site-packages/airflow/example_dags/example_xcom.py took 0.079 seconds
[2024-07-02T19:42:44.521+0000] {processor.py:161} INFO - Started process (PID=20686) to work on /usr/local/python/3.10.13/lib/python3.10/site-packages/airflow/example_dags/example_xcom.py
[2024-07-02T19:42:44.522+0000] {processor.py:830} INFO - Processing file /usr/local/python/3.10.13/lib/python3.10/site-packages/airflow/example_dags/example_xcom.py for tasks to queue
[2024-07-02T19:42:44.523+0000] {logging_mixin.py:188} INFO - [2024-07-02T19:42:44.523+0000] {dagbag.py:545} INFO - Filling up the DagBag from /usr/local/python/3.10.13/lib/python3.10/site-packages/airflow/example_dags/example_xcom.py
[2024-07-02T19:42:44.529+0000] {processor.py:840} INFO - DAG(s) 'example_xcom' retrieved from /usr/local/python/3.10.13/lib/python3.10/site-packages/airflow/example_dags/example_xcom.py
[2024-07-02T19:42:44.541+0000] {logging_mixin.py:188} INFO - [2024-07-02T19:42:44.541+0000] {dag.py:3096} INFO - Sync 1 DAGs
[2024-07-02T19:42:44.558+0000] {logging_mixin.py:188} INFO - [2024-07-02T19:42:44.558+0000] {dag.py:3954} INFO - Setting next_dagrun for example_xcom to 2021-01-01 00:00:00+00:00, run_after=2021-01-01 00:00:00+00:00
[2024-07-02T19:42:44.605+0000] {processor.py:183} INFO - Processing /usr/local/python/3.10.13/lib/python3.10/site-packages/airflow/example_dags/example_xcom.py took 0.088 seconds
[2024-07-02T19:43:34.070+0000] {processor.py:161} INFO - Started process (PID=21122) to work on /usr/local/python/3.10.13/lib/python3.10/site-packages/airflow/example_dags/example_xcom.py
[2024-07-02T19:43:34.070+0000] {processor.py:830} INFO - Processing file /usr/local/python/3.10.13/lib/python3.10/site-packages/airflow/example_dags/example_xcom.py for tasks to queue
[2024-07-02T19:43:34.071+0000] {logging_mixin.py:188} INFO - [2024-07-02T19:43:34.071+0000] {dagbag.py:545} INFO - Filling up the DagBag from /usr/local/python/3.10.13/lib/python3.10/site-packages/airflow/example_dags/example_xcom.py
[2024-07-02T19:43:34.077+0000] {processor.py:840} INFO - DAG(s) 'example_xcom' retrieved from /usr/local/python/3.10.13/lib/python3.10/site-packages/airflow/example_dags/example_xcom.py
[2024-07-02T19:43:34.089+0000] {logging_mixin.py:188} INFO - [2024-07-02T19:43:34.089+0000] {dag.py:3096} INFO - Sync 1 DAGs
[2024-07-02T19:43:34.105+0000] {logging_mixin.py:188} INFO - [2024-07-02T19:43:34.105+0000] {dag.py:3954} INFO - Setting next_dagrun for example_xcom to 2021-01-01 00:00:00+00:00, run_after=2021-01-01 00:00:00+00:00
[2024-07-02T19:43:34.146+0000] {processor.py:183} INFO - Processing /usr/local/python/3.10.13/lib/python3.10/site-packages/airflow/example_dags/example_xcom.py took 0.081 seconds
[2024-07-02T19:44:26.992+0000] {processor.py:161} INFO - Started process (PID=21516) to work on /usr/local/python/3.10.13/lib/python3.10/site-packages/airflow/example_dags/example_xcom.py
[2024-07-02T19:44:26.993+0000] {processor.py:830} INFO - Processing file /usr/local/python/3.10.13/lib/python3.10/site-packages/airflow/example_dags/example_xcom.py for tasks to queue
[2024-07-02T19:44:26.993+0000] {logging_mixin.py:188} INFO - [2024-07-02T19:44:26.993+0000] {dagbag.py:545} INFO - Filling up the DagBag from /usr/local/python/3.10.13/lib/python3.10/site-packages/airflow/example_dags/example_xcom.py
[2024-07-02T19:44:26.999+0000] {processor.py:840} INFO - DAG(s) 'example_xcom' retrieved from /usr/local/python/3.10.13/lib/python3.10/site-packages/airflow/example_dags/example_xcom.py
[2024-07-02T19:44:27.012+0000] {logging_mixin.py:188} INFO - [2024-07-02T19:44:27.011+0000] {dag.py:3096} INFO - Sync 1 DAGs
[2024-07-02T19:44:27.026+0000] {logging_mixin.py:188} INFO - [2024-07-02T19:44:27.025+0000] {dag.py:3954} INFO - Setting next_dagrun for example_xcom to 2021-01-01 00:00:00+00:00, run_after=2021-01-01 00:00:00+00:00
[2024-07-02T19:44:27.066+0000] {processor.py:183} INFO - Processing /usr/local/python/3.10.13/lib/python3.10/site-packages/airflow/example_dags/example_xcom.py took 0.078 seconds
[2024-07-02T19:45:09.649+0000] {processor.py:161} INFO - Started process (PID=21834) to work on /usr/local/python/3.10.13/lib/python3.10/site-packages/airflow/example_dags/example_xcom.py
[2024-07-02T19:45:09.650+0000] {processor.py:830} INFO - Processing file /usr/local/python/3.10.13/lib/python3.10/site-packages/airflow/example_dags/example_xcom.py for tasks to queue
[2024-07-02T19:45:09.650+0000] {logging_mixin.py:188} INFO - [2024-07-02T19:45:09.650+0000] {dagbag.py:545} INFO - Filling up the DagBag from /usr/local/python/3.10.13/lib/python3.10/site-packages/airflow/example_dags/example_xcom.py
[2024-07-02T19:45:09.656+0000] {processor.py:840} INFO - DAG(s) 'example_xcom' retrieved from /usr/local/python/3.10.13/lib/python3.10/site-packages/airflow/example_dags/example_xcom.py
[2024-07-02T19:45:09.668+0000] {logging_mixin.py:188} INFO - [2024-07-02T19:45:09.668+0000] {dag.py:3096} INFO - Sync 1 DAGs
[2024-07-02T19:45:09.687+0000] {logging_mixin.py:188} INFO - [2024-07-02T19:45:09.687+0000] {dag.py:3954} INFO - Setting next_dagrun for example_xcom to 2021-01-01 00:00:00+00:00, run_after=2021-01-01 00:00:00+00:00
[2024-07-02T19:45:09.729+0000] {processor.py:183} INFO - Processing /usr/local/python/3.10.13/lib/python3.10/site-packages/airflow/example_dags/example_xcom.py took 0.084 seconds
[2024-07-02T19:45:50.538+0000] {processor.py:161} INFO - Started process (PID=22125) to work on /usr/local/python/3.10.13/lib/python3.10/site-packages/airflow/example_dags/example_xcom.py
[2024-07-02T19:45:50.539+0000] {processor.py:830} INFO - Processing file /usr/local/python/3.10.13/lib/python3.10/site-packages/airflow/example_dags/example_xcom.py for tasks to queue
[2024-07-02T19:45:50.539+0000] {logging_mixin.py:188} INFO - [2024-07-02T19:45:50.539+0000] {dagbag.py:545} INFO - Filling up the DagBag from /usr/local/python/3.10.13/lib/python3.10/site-packages/airflow/example_dags/example_xcom.py
[2024-07-02T19:45:50.545+0000] {processor.py:840} INFO - DAG(s) 'example_xcom' retrieved from /usr/local/python/3.10.13/lib/python3.10/site-packages/airflow/example_dags/example_xcom.py
[2024-07-02T19:45:50.559+0000] {logging_mixin.py:188} INFO - [2024-07-02T19:45:50.559+0000] {dag.py:3096} INFO - Sync 1 DAGs
[2024-07-02T19:45:50.575+0000] {logging_mixin.py:188} INFO - [2024-07-02T19:45:50.575+0000] {dag.py:3954} INFO - Setting next_dagrun for example_xcom to 2021-01-01 00:00:00+00:00, run_after=2021-01-01 00:00:00+00:00
[2024-07-02T19:45:50.616+0000] {processor.py:183} INFO - Processing /usr/local/python/3.10.13/lib/python3.10/site-packages/airflow/example_dags/example_xcom.py took 0.082 seconds
[2024-07-02T19:46:33.458+0000] {processor.py:161} INFO - Started process (PID=22422) to work on /usr/local/python/3.10.13/lib/python3.10/site-packages/airflow/example_dags/example_xcom.py
[2024-07-02T19:46:33.459+0000] {processor.py:830} INFO - Processing file /usr/local/python/3.10.13/lib/python3.10/site-packages/airflow/example_dags/example_xcom.py for tasks to queue
[2024-07-02T19:46:33.459+0000] {logging_mixin.py:188} INFO - [2024-07-02T19:46:33.459+0000] {dagbag.py:545} INFO - Filling up the DagBag from /usr/local/python/3.10.13/lib/python3.10/site-packages/airflow/example_dags/example_xcom.py
[2024-07-02T19:46:33.465+0000] {processor.py:840} INFO - DAG(s) 'example_xcom' retrieved from /usr/local/python/3.10.13/lib/python3.10/site-packages/airflow/example_dags/example_xcom.py
[2024-07-02T19:46:33.477+0000] {logging_mixin.py:188} INFO - [2024-07-02T19:46:33.477+0000] {dag.py:3096} INFO - Sync 1 DAGs
[2024-07-02T19:46:33.492+0000] {logging_mixin.py:188} INFO - [2024-07-02T19:46:33.492+0000] {dag.py:3954} INFO - Setting next_dagrun for example_xcom to 2021-01-01 00:00:00+00:00, run_after=2021-01-01 00:00:00+00:00
[2024-07-02T19:46:33.532+0000] {processor.py:183} INFO - Processing /usr/local/python/3.10.13/lib/python3.10/site-packages/airflow/example_dags/example_xcom.py took 0.079 seconds
[2024-07-02T19:47:21.299+0000] {processor.py:161} INFO - Started process (PID=22759) to work on /usr/local/python/3.10.13/lib/python3.10/site-packages/airflow/example_dags/example_xcom.py
[2024-07-02T19:47:21.299+0000] {processor.py:830} INFO - Processing file /usr/local/python/3.10.13/lib/python3.10/site-packages/airflow/example_dags/example_xcom.py for tasks to queue
[2024-07-02T19:47:21.300+0000] {logging_mixin.py:188} INFO - [2024-07-02T19:47:21.300+0000] {dagbag.py:545} INFO - Filling up the DagBag from /usr/local/python/3.10.13/lib/python3.10/site-packages/airflow/example_dags/example_xcom.py
[2024-07-02T19:47:21.306+0000] {processor.py:840} INFO - DAG(s) 'example_xcom' retrieved from /usr/local/python/3.10.13/lib/python3.10/site-packages/airflow/example_dags/example_xcom.py
[2024-07-02T19:47:21.318+0000] {logging_mixin.py:188} INFO - [2024-07-02T19:47:21.318+0000] {dag.py:3096} INFO - Sync 1 DAGs
[2024-07-02T19:47:21.333+0000] {logging_mixin.py:188} INFO - [2024-07-02T19:47:21.333+0000] {dag.py:3954} INFO - Setting next_dagrun for example_xcom to 2021-01-01 00:00:00+00:00, run_after=2021-01-01 00:00:00+00:00
[2024-07-02T19:47:21.372+0000] {processor.py:183} INFO - Processing /usr/local/python/3.10.13/lib/python3.10/site-packages/airflow/example_dags/example_xcom.py took 0.078 seconds
[2024-07-02T19:48:04.829+0000] {processor.py:161} INFO - Started process (PID=23056) to work on /usr/local/python/3.10.13/lib/python3.10/site-packages/airflow/example_dags/example_xcom.py
[2024-07-02T19:48:04.829+0000] {processor.py:830} INFO - Processing file /usr/local/python/3.10.13/lib/python3.10/site-packages/airflow/example_dags/example_xcom.py for tasks to queue
[2024-07-02T19:48:04.830+0000] {logging_mixin.py:188} INFO - [2024-07-02T19:48:04.830+0000] {dagbag.py:545} INFO - Filling up the DagBag from /usr/local/python/3.10.13/lib/python3.10/site-packages/airflow/example_dags/example_xcom.py
[2024-07-02T19:48:04.836+0000] {processor.py:840} INFO - DAG(s) 'example_xcom' retrieved from /usr/local/python/3.10.13/lib/python3.10/site-packages/airflow/example_dags/example_xcom.py
[2024-07-02T19:48:04.848+0000] {logging_mixin.py:188} INFO - [2024-07-02T19:48:04.848+0000] {dag.py:3096} INFO - Sync 1 DAGs
[2024-07-02T19:48:04.862+0000] {logging_mixin.py:188} INFO - [2024-07-02T19:48:04.862+0000] {dag.py:3954} INFO - Setting next_dagrun for example_xcom to 2021-01-01 00:00:00+00:00, run_after=2021-01-01 00:00:00+00:00
[2024-07-02T19:48:04.902+0000] {processor.py:183} INFO - Processing /usr/local/python/3.10.13/lib/python3.10/site-packages/airflow/example_dags/example_xcom.py took 0.078 seconds
[2024-07-02T19:48:47.097+0000] {processor.py:161} INFO - Started process (PID=23359) to work on /usr/local/python/3.10.13/lib/python3.10/site-packages/airflow/example_dags/example_xcom.py
[2024-07-02T19:48:47.097+0000] {processor.py:830} INFO - Processing file /usr/local/python/3.10.13/lib/python3.10/site-packages/airflow/example_dags/example_xcom.py for tasks to queue
[2024-07-02T19:48:47.098+0000] {logging_mixin.py:188} INFO - [2024-07-02T19:48:47.098+0000] {dagbag.py:545} INFO - Filling up the DagBag from /usr/local/python/3.10.13/lib/python3.10/site-packages/airflow/example_dags/example_xcom.py
[2024-07-02T19:48:47.104+0000] {processor.py:840} INFO - DAG(s) 'example_xcom' retrieved from /usr/local/python/3.10.13/lib/python3.10/site-packages/airflow/example_dags/example_xcom.py
[2024-07-02T19:48:47.116+0000] {logging_mixin.py:188} INFO - [2024-07-02T19:48:47.116+0000] {dag.py:3096} INFO - Sync 1 DAGs
[2024-07-02T19:48:47.131+0000] {logging_mixin.py:188} INFO - [2024-07-02T19:48:47.130+0000] {dag.py:3954} INFO - Setting next_dagrun for example_xcom to 2021-01-01 00:00:00+00:00, run_after=2021-01-01 00:00:00+00:00
[2024-07-02T19:48:47.172+0000] {processor.py:183} INFO - Processing /usr/local/python/3.10.13/lib/python3.10/site-packages/airflow/example_dags/example_xcom.py took 0.080 seconds
[2024-07-02T19:49:31.162+0000] {processor.py:161} INFO - Started process (PID=23709) to work on /usr/local/python/3.10.13/lib/python3.10/site-packages/airflow/example_dags/example_xcom.py
[2024-07-02T19:49:31.163+0000] {processor.py:830} INFO - Processing file /usr/local/python/3.10.13/lib/python3.10/site-packages/airflow/example_dags/example_xcom.py for tasks to queue
[2024-07-02T19:49:31.163+0000] {logging_mixin.py:188} INFO - [2024-07-02T19:49:31.163+0000] {dagbag.py:545} INFO - Filling up the DagBag from /usr/local/python/3.10.13/lib/python3.10/site-packages/airflow/example_dags/example_xcom.py
[2024-07-02T19:49:31.169+0000] {processor.py:840} INFO - DAG(s) 'example_xcom' retrieved from /usr/local/python/3.10.13/lib/python3.10/site-packages/airflow/example_dags/example_xcom.py
[2024-07-02T19:49:31.182+0000] {logging_mixin.py:188} INFO - [2024-07-02T19:49:31.181+0000] {dag.py:3096} INFO - Sync 1 DAGs
[2024-07-02T19:49:31.195+0000] {logging_mixin.py:188} INFO - [2024-07-02T19:49:31.195+0000] {dag.py:3954} INFO - Setting next_dagrun for example_xcom to 2021-01-01 00:00:00+00:00, run_after=2021-01-01 00:00:00+00:00
[2024-07-02T19:49:31.235+0000] {processor.py:183} INFO - Processing /usr/local/python/3.10.13/lib/python3.10/site-packages/airflow/example_dags/example_xcom.py took 0.078 seconds
[2024-07-02T19:50:14.686+0000] {processor.py:161} INFO - Started process (PID=24041) to work on /usr/local/python/3.10.13/lib/python3.10/site-packages/airflow/example_dags/example_xcom.py
[2024-07-02T19:50:14.690+0000] {processor.py:830} INFO - Processing file /usr/local/python/3.10.13/lib/python3.10/site-packages/airflow/example_dags/example_xcom.py for tasks to queue
[2024-07-02T19:50:14.691+0000] {logging_mixin.py:188} INFO - [2024-07-02T19:50:14.691+0000] {dagbag.py:545} INFO - Filling up the DagBag from /usr/local/python/3.10.13/lib/python3.10/site-packages/airflow/example_dags/example_xcom.py
[2024-07-02T19:50:14.707+0000] {processor.py:840} INFO - DAG(s) 'example_xcom' retrieved from /usr/local/python/3.10.13/lib/python3.10/site-packages/airflow/example_dags/example_xcom.py
[2024-07-02T19:50:14.759+0000] {logging_mixin.py:188} INFO - [2024-07-02T19:50:14.759+0000] {dag.py:3096} INFO - Sync 1 DAGs
[2024-07-02T19:50:14.774+0000] {logging_mixin.py:188} INFO - [2024-07-02T19:50:14.774+0000] {dag.py:3954} INFO - Setting next_dagrun for example_xcom to 2021-01-01 00:00:00+00:00, run_after=2021-01-01 00:00:00+00:00
[2024-07-02T19:50:14.821+0000] {processor.py:183} INFO - Processing /usr/local/python/3.10.13/lib/python3.10/site-packages/airflow/example_dags/example_xcom.py took 0.168 seconds
[2024-07-02T19:50:59.525+0000] {processor.py:161} INFO - Started process (PID=24373) to work on /usr/local/python/3.10.13/lib/python3.10/site-packages/airflow/example_dags/example_xcom.py
[2024-07-02T19:50:59.525+0000] {processor.py:830} INFO - Processing file /usr/local/python/3.10.13/lib/python3.10/site-packages/airflow/example_dags/example_xcom.py for tasks to queue
[2024-07-02T19:50:59.526+0000] {logging_mixin.py:188} INFO - [2024-07-02T19:50:59.526+0000] {dagbag.py:545} INFO - Filling up the DagBag from /usr/local/python/3.10.13/lib/python3.10/site-packages/airflow/example_dags/example_xcom.py
[2024-07-02T19:50:59.532+0000] {processor.py:840} INFO - DAG(s) 'example_xcom' retrieved from /usr/local/python/3.10.13/lib/python3.10/site-packages/airflow/example_dags/example_xcom.py
[2024-07-02T19:50:59.544+0000] {logging_mixin.py:188} INFO - [2024-07-02T19:50:59.544+0000] {dag.py:3096} INFO - Sync 1 DAGs
[2024-07-02T19:50:59.558+0000] {logging_mixin.py:188} INFO - [2024-07-02T19:50:59.558+0000] {dag.py:3954} INFO - Setting next_dagrun for example_xcom to 2021-01-01 00:00:00+00:00, run_after=2021-01-01 00:00:00+00:00
[2024-07-02T19:50:59.598+0000] {processor.py:183} INFO - Processing /usr/local/python/3.10.13/lib/python3.10/site-packages/airflow/example_dags/example_xcom.py took 0.078 seconds
[2024-07-02T19:51:45.753+0000] {processor.py:161} INFO - Started process (PID=24729) to work on /usr/local/python/3.10.13/lib/python3.10/site-packages/airflow/example_dags/example_xcom.py
[2024-07-02T19:51:45.763+0000] {processor.py:830} INFO - Processing file /usr/local/python/3.10.13/lib/python3.10/site-packages/airflow/example_dags/example_xcom.py for tasks to queue
[2024-07-02T19:51:45.764+0000] {logging_mixin.py:188} INFO - [2024-07-02T19:51:45.764+0000] {dagbag.py:545} INFO - Filling up the DagBag from /usr/local/python/3.10.13/lib/python3.10/site-packages/airflow/example_dags/example_xcom.py
[2024-07-02T19:51:45.777+0000] {processor.py:840} INFO - DAG(s) 'example_xcom' retrieved from /usr/local/python/3.10.13/lib/python3.10/site-packages/airflow/example_dags/example_xcom.py
[2024-07-02T19:51:45.805+0000] {logging_mixin.py:188} INFO - [2024-07-02T19:51:45.805+0000] {dag.py:3096} INFO - Sync 1 DAGs
[2024-07-02T19:51:45.834+0000] {logging_mixin.py:188} INFO - [2024-07-02T19:51:45.831+0000] {dag.py:3954} INFO - Setting next_dagrun for example_xcom to 2021-01-01 00:00:00+00:00, run_after=2021-01-01 00:00:00+00:00
[2024-07-02T19:51:45.900+0000] {processor.py:183} INFO - Processing /usr/local/python/3.10.13/lib/python3.10/site-packages/airflow/example_dags/example_xcom.py took 0.156 seconds
[2024-07-02T19:52:28.905+0000] {processor.py:161} INFO - Started process (PID=25057) to work on /usr/local/python/3.10.13/lib/python3.10/site-packages/airflow/example_dags/example_xcom.py
[2024-07-02T19:52:28.905+0000] {processor.py:830} INFO - Processing file /usr/local/python/3.10.13/lib/python3.10/site-packages/airflow/example_dags/example_xcom.py for tasks to queue
[2024-07-02T19:52:28.906+0000] {logging_mixin.py:188} INFO - [2024-07-02T19:52:28.906+0000] {dagbag.py:545} INFO - Filling up the DagBag from /usr/local/python/3.10.13/lib/python3.10/site-packages/airflow/example_dags/example_xcom.py
[2024-07-02T19:52:28.912+0000] {processor.py:840} INFO - DAG(s) 'example_xcom' retrieved from /usr/local/python/3.10.13/lib/python3.10/site-packages/airflow/example_dags/example_xcom.py
[2024-07-02T19:52:28.924+0000] {logging_mixin.py:188} INFO - [2024-07-02T19:52:28.924+0000] {dag.py:3096} INFO - Sync 1 DAGs
[2024-07-02T19:52:28.937+0000] {logging_mixin.py:188} INFO - [2024-07-02T19:52:28.937+0000] {dag.py:3954} INFO - Setting next_dagrun for example_xcom to 2021-01-01 00:00:00+00:00, run_after=2021-01-01 00:00:00+00:00
[2024-07-02T19:52:28.979+0000] {processor.py:183} INFO - Processing /usr/local/python/3.10.13/lib/python3.10/site-packages/airflow/example_dags/example_xcom.py took 0.079 seconds
[2024-07-02T19:53:14.362+0000] {processor.py:161} INFO - Started process (PID=25405) to work on /usr/local/python/3.10.13/lib/python3.10/site-packages/airflow/example_dags/example_xcom.py
[2024-07-02T19:53:14.363+0000] {processor.py:830} INFO - Processing file /usr/local/python/3.10.13/lib/python3.10/site-packages/airflow/example_dags/example_xcom.py for tasks to queue
[2024-07-02T19:53:14.363+0000] {logging_mixin.py:188} INFO - [2024-07-02T19:53:14.363+0000] {dagbag.py:545} INFO - Filling up the DagBag from /usr/local/python/3.10.13/lib/python3.10/site-packages/airflow/example_dags/example_xcom.py
[2024-07-02T19:53:14.369+0000] {processor.py:840} INFO - DAG(s) 'example_xcom' retrieved from /usr/local/python/3.10.13/lib/python3.10/site-packages/airflow/example_dags/example_xcom.py
[2024-07-02T19:53:14.381+0000] {logging_mixin.py:188} INFO - [2024-07-02T19:53:14.381+0000] {dag.py:3096} INFO - Sync 1 DAGs
[2024-07-02T19:53:14.395+0000] {logging_mixin.py:188} INFO - [2024-07-02T19:53:14.395+0000] {dag.py:3954} INFO - Setting next_dagrun for example_xcom to 2021-01-01 00:00:00+00:00, run_after=2021-01-01 00:00:00+00:00
[2024-07-02T19:53:14.435+0000] {processor.py:183} INFO - Processing /usr/local/python/3.10.13/lib/python3.10/site-packages/airflow/example_dags/example_xcom.py took 0.078 seconds
[2024-07-02T19:53:58.756+0000] {processor.py:161} INFO - Started process (PID=25732) to work on /usr/local/python/3.10.13/lib/python3.10/site-packages/airflow/example_dags/example_xcom.py
[2024-07-02T19:53:58.757+0000] {processor.py:830} INFO - Processing file /usr/local/python/3.10.13/lib/python3.10/site-packages/airflow/example_dags/example_xcom.py for tasks to queue
[2024-07-02T19:53:58.757+0000] {logging_mixin.py:188} INFO - [2024-07-02T19:53:58.757+0000] {dagbag.py:545} INFO - Filling up the DagBag from /usr/local/python/3.10.13/lib/python3.10/site-packages/airflow/example_dags/example_xcom.py
[2024-07-02T19:53:58.763+0000] {processor.py:840} INFO - DAG(s) 'example_xcom' retrieved from /usr/local/python/3.10.13/lib/python3.10/site-packages/airflow/example_dags/example_xcom.py
[2024-07-02T19:53:58.775+0000] {logging_mixin.py:188} INFO - [2024-07-02T19:53:58.775+0000] {dag.py:3096} INFO - Sync 1 DAGs
[2024-07-02T19:53:58.789+0000] {logging_mixin.py:188} INFO - [2024-07-02T19:53:58.788+0000] {dag.py:3954} INFO - Setting next_dagrun for example_xcom to 2021-01-01 00:00:00+00:00, run_after=2021-01-01 00:00:00+00:00
[2024-07-02T19:53:58.828+0000] {processor.py:183} INFO - Processing /usr/local/python/3.10.13/lib/python3.10/site-packages/airflow/example_dags/example_xcom.py took 0.076 seconds
[2024-07-02T19:54:42.263+0000] {processor.py:161} INFO - Started process (PID=26058) to work on /usr/local/python/3.10.13/lib/python3.10/site-packages/airflow/example_dags/example_xcom.py
[2024-07-02T19:54:42.264+0000] {processor.py:830} INFO - Processing file /usr/local/python/3.10.13/lib/python3.10/site-packages/airflow/example_dags/example_xcom.py for tasks to queue
[2024-07-02T19:54:42.265+0000] {logging_mixin.py:188} INFO - [2024-07-02T19:54:42.264+0000] {dagbag.py:545} INFO - Filling up the DagBag from /usr/local/python/3.10.13/lib/python3.10/site-packages/airflow/example_dags/example_xcom.py
[2024-07-02T19:54:42.270+0000] {processor.py:840} INFO - DAG(s) 'example_xcom' retrieved from /usr/local/python/3.10.13/lib/python3.10/site-packages/airflow/example_dags/example_xcom.py
[2024-07-02T19:54:42.283+0000] {logging_mixin.py:188} INFO - [2024-07-02T19:54:42.282+0000] {dag.py:3096} INFO - Sync 1 DAGs
[2024-07-02T19:54:42.296+0000] {logging_mixin.py:188} INFO - [2024-07-02T19:54:42.296+0000] {dag.py:3954} INFO - Setting next_dagrun for example_xcom to 2021-01-01 00:00:00+00:00, run_after=2021-01-01 00:00:00+00:00
[2024-07-02T19:54:42.337+0000] {processor.py:183} INFO - Processing /usr/local/python/3.10.13/lib/python3.10/site-packages/airflow/example_dags/example_xcom.py took 0.078 seconds
[2024-07-02T19:55:24.749+0000] {processor.py:161} INFO - Started process (PID=26381) to work on /usr/local/python/3.10.13/lib/python3.10/site-packages/airflow/example_dags/example_xcom.py
[2024-07-02T19:55:24.750+0000] {processor.py:830} INFO - Processing file /usr/local/python/3.10.13/lib/python3.10/site-packages/airflow/example_dags/example_xcom.py for tasks to queue
[2024-07-02T19:55:24.751+0000] {logging_mixin.py:188} INFO - [2024-07-02T19:55:24.751+0000] {dagbag.py:545} INFO - Filling up the DagBag from /usr/local/python/3.10.13/lib/python3.10/site-packages/airflow/example_dags/example_xcom.py
[2024-07-02T19:55:24.757+0000] {processor.py:840} INFO - DAG(s) 'example_xcom' retrieved from /usr/local/python/3.10.13/lib/python3.10/site-packages/airflow/example_dags/example_xcom.py
[2024-07-02T19:55:24.769+0000] {logging_mixin.py:188} INFO - [2024-07-02T19:55:24.769+0000] {dag.py:3096} INFO - Sync 1 DAGs
[2024-07-02T19:55:24.783+0000] {logging_mixin.py:188} INFO - [2024-07-02T19:55:24.783+0000] {dag.py:3954} INFO - Setting next_dagrun for example_xcom to 2021-01-01 00:00:00+00:00, run_after=2021-01-01 00:00:00+00:00
[2024-07-02T19:55:24.822+0000] {processor.py:183} INFO - Processing /usr/local/python/3.10.13/lib/python3.10/site-packages/airflow/example_dags/example_xcom.py took 0.077 seconds
[2024-07-02T19:56:11.172+0000] {processor.py:161} INFO - Started process (PID=26815) to work on /usr/local/python/3.10.13/lib/python3.10/site-packages/airflow/example_dags/example_xcom.py
[2024-07-02T19:56:11.173+0000] {processor.py:830} INFO - Processing file /usr/local/python/3.10.13/lib/python3.10/site-packages/airflow/example_dags/example_xcom.py for tasks to queue
[2024-07-02T19:56:11.173+0000] {logging_mixin.py:188} INFO - [2024-07-02T19:56:11.173+0000] {dagbag.py:545} INFO - Filling up the DagBag from /usr/local/python/3.10.13/lib/python3.10/site-packages/airflow/example_dags/example_xcom.py
[2024-07-02T19:56:11.179+0000] {processor.py:840} INFO - DAG(s) 'example_xcom' retrieved from /usr/local/python/3.10.13/lib/python3.10/site-packages/airflow/example_dags/example_xcom.py
[2024-07-02T19:56:11.191+0000] {logging_mixin.py:188} INFO - [2024-07-02T19:56:11.191+0000] {dag.py:3096} INFO - Sync 1 DAGs
[2024-07-02T19:56:11.207+0000] {logging_mixin.py:188} INFO - [2024-07-02T19:56:11.207+0000] {dag.py:3954} INFO - Setting next_dagrun for example_xcom to 2021-01-01 00:00:00+00:00, run_after=2021-01-01 00:00:00+00:00
[2024-07-02T19:56:11.259+0000] {processor.py:183} INFO - Processing /usr/local/python/3.10.13/lib/python3.10/site-packages/airflow/example_dags/example_xcom.py took 0.092 seconds
[2024-07-02T19:57:03.658+0000] {processor.py:161} INFO - Started process (PID=27260) to work on /usr/local/python/3.10.13/lib/python3.10/site-packages/airflow/example_dags/example_xcom.py
[2024-07-02T19:57:03.659+0000] {processor.py:830} INFO - Processing file /usr/local/python/3.10.13/lib/python3.10/site-packages/airflow/example_dags/example_xcom.py for tasks to queue
[2024-07-02T19:57:03.660+0000] {logging_mixin.py:188} INFO - [2024-07-02T19:57:03.660+0000] {dagbag.py:545} INFO - Filling up the DagBag from /usr/local/python/3.10.13/lib/python3.10/site-packages/airflow/example_dags/example_xcom.py
[2024-07-02T19:57:03.666+0000] {processor.py:840} INFO - DAG(s) 'example_xcom' retrieved from /usr/local/python/3.10.13/lib/python3.10/site-packages/airflow/example_dags/example_xcom.py
[2024-07-02T19:57:03.678+0000] {logging_mixin.py:188} INFO - [2024-07-02T19:57:03.678+0000] {dag.py:3096} INFO - Sync 1 DAGs
[2024-07-02T19:57:03.693+0000] {logging_mixin.py:188} INFO - [2024-07-02T19:57:03.693+0000] {dag.py:3954} INFO - Setting next_dagrun for example_xcom to 2021-01-01 00:00:00+00:00, run_after=2021-01-01 00:00:00+00:00
[2024-07-02T19:57:03.735+0000] {processor.py:183} INFO - Processing /usr/local/python/3.10.13/lib/python3.10/site-packages/airflow/example_dags/example_xcom.py took 0.081 seconds
