[2024-07-02T19:10:57.395+0000] {processor.py:161} INFO - Started process (PID=5845) to work on /usr/local/python/3.10.13/lib/python3.10/site-packages/airflow/example_dags/example_complex.py
[2024-07-02T19:10:57.396+0000] {processor.py:830} INFO - Processing file /usr/local/python/3.10.13/lib/python3.10/site-packages/airflow/example_dags/example_complex.py for tasks to queue
[2024-07-02T19:10:57.397+0000] {logging_mixin.py:188} INFO - [2024-07-02T19:10:57.396+0000] {dagbag.py:545} INFO - Filling up the DagBag from /usr/local/python/3.10.13/lib/python3.10/site-packages/airflow/example_dags/example_complex.py
[2024-07-02T19:10:57.492+0000] {processor.py:840} INFO - DAG(s) 'example_complex' retrieved from /usr/local/python/3.10.13/lib/python3.10/site-packages/airflow/example_dags/example_complex.py
[2024-07-02T19:10:57.635+0000] {logging_mixin.py:188} INFO - [2024-07-02T19:10:57.635+0000] {override.py:1829} INFO - Created Permission View: can edit on DAG:example_complex
[2024-07-02T19:10:57.670+0000] {logging_mixin.py:188} INFO - [2024-07-02T19:10:57.669+0000] {override.py:1829} INFO - Created Permission View: can read on DAG:example_complex
[2024-07-02T19:10:57.700+0000] {logging_mixin.py:188} INFO - [2024-07-02T19:10:57.700+0000] {override.py:1829} INFO - Created Permission View: can delete on DAG:example_complex
[2024-07-02T19:10:57.701+0000] {logging_mixin.py:188} INFO - [2024-07-02T19:10:57.701+0000] {dag.py:3096} INFO - Sync 1 DAGs
[2024-07-02T19:10:57.709+0000] {logging_mixin.py:188} INFO - [2024-07-02T19:10:57.709+0000] {dag.py:3118} INFO - Creating ORM DAG for example_complex
[2024-07-02T19:10:57.710+0000] {logging_mixin.py:188} INFO - [2024-07-02T19:10:57.710+0000] {dag.py:3954} INFO - Setting next_dagrun for example_complex to None, run_after=None
[2024-07-02T19:10:57.755+0000] {processor.py:183} INFO - Processing /usr/local/python/3.10.13/lib/python3.10/site-packages/airflow/example_dags/example_complex.py took 0.364 seconds
[2024-07-02T19:11:52.402+0000] {processor.py:161} INFO - Started process (PID=6252) to work on /usr/local/python/3.10.13/lib/python3.10/site-packages/airflow/example_dags/example_complex.py
[2024-07-02T19:11:52.403+0000] {processor.py:830} INFO - Processing file /usr/local/python/3.10.13/lib/python3.10/site-packages/airflow/example_dags/example_complex.py for tasks to queue
[2024-07-02T19:11:52.404+0000] {logging_mixin.py:188} INFO - [2024-07-02T19:11:52.404+0000] {dagbag.py:545} INFO - Filling up the DagBag from /usr/local/python/3.10.13/lib/python3.10/site-packages/airflow/example_dags/example_complex.py
[2024-07-02T19:11:52.413+0000] {processor.py:840} INFO - DAG(s) 'example_complex' retrieved from /usr/local/python/3.10.13/lib/python3.10/site-packages/airflow/example_dags/example_complex.py
[2024-07-02T19:11:52.436+0000] {logging_mixin.py:188} INFO - [2024-07-02T19:11:52.436+0000] {dag.py:3096} INFO - Sync 1 DAGs
[2024-07-02T19:11:52.444+0000] {logging_mixin.py:188} INFO - [2024-07-02T19:11:52.444+0000] {dag.py:3954} INFO - Setting next_dagrun for example_complex to None, run_after=None
[2024-07-02T19:11:52.484+0000] {processor.py:183} INFO - Processing /usr/local/python/3.10.13/lib/python3.10/site-packages/airflow/example_dags/example_complex.py took 0.086 seconds
[2024-07-02T19:12:41.977+0000] {processor.py:161} INFO - Started process (PID=6630) to work on /usr/local/python/3.10.13/lib/python3.10/site-packages/airflow/example_dags/example_complex.py
[2024-07-02T19:12:41.977+0000] {processor.py:830} INFO - Processing file /usr/local/python/3.10.13/lib/python3.10/site-packages/airflow/example_dags/example_complex.py for tasks to queue
[2024-07-02T19:12:41.979+0000] {logging_mixin.py:188} INFO - [2024-07-02T19:12:41.978+0000] {dagbag.py:545} INFO - Filling up the DagBag from /usr/local/python/3.10.13/lib/python3.10/site-packages/airflow/example_dags/example_complex.py
[2024-07-02T19:12:41.988+0000] {processor.py:840} INFO - DAG(s) 'example_complex' retrieved from /usr/local/python/3.10.13/lib/python3.10/site-packages/airflow/example_dags/example_complex.py
[2024-07-02T19:12:42.010+0000] {logging_mixin.py:188} INFO - [2024-07-02T19:12:42.010+0000] {dag.py:3096} INFO - Sync 1 DAGs
[2024-07-02T19:12:42.019+0000] {logging_mixin.py:188} INFO - [2024-07-02T19:12:42.019+0000] {dag.py:3954} INFO - Setting next_dagrun for example_complex to None, run_after=None
[2024-07-02T19:12:42.059+0000] {processor.py:183} INFO - Processing /usr/local/python/3.10.13/lib/python3.10/site-packages/airflow/example_dags/example_complex.py took 0.087 seconds
[2024-07-02T19:13:43.917+0000] {processor.py:161} INFO - Started process (PID=7101) to work on /usr/local/python/3.10.13/lib/python3.10/site-packages/airflow/example_dags/example_complex.py
[2024-07-02T19:13:43.917+0000] {processor.py:830} INFO - Processing file /usr/local/python/3.10.13/lib/python3.10/site-packages/airflow/example_dags/example_complex.py for tasks to queue
[2024-07-02T19:13:43.919+0000] {logging_mixin.py:188} INFO - [2024-07-02T19:13:43.918+0000] {dagbag.py:545} INFO - Filling up the DagBag from /usr/local/python/3.10.13/lib/python3.10/site-packages/airflow/example_dags/example_complex.py
[2024-07-02T19:13:43.928+0000] {processor.py:840} INFO - DAG(s) 'example_complex' retrieved from /usr/local/python/3.10.13/lib/python3.10/site-packages/airflow/example_dags/example_complex.py
[2024-07-02T19:13:43.949+0000] {logging_mixin.py:188} INFO - [2024-07-02T19:13:43.949+0000] {dag.py:3096} INFO - Sync 1 DAGs
[2024-07-02T19:13:43.958+0000] {logging_mixin.py:188} INFO - [2024-07-02T19:13:43.958+0000] {dag.py:3954} INFO - Setting next_dagrun for example_complex to None, run_after=None
[2024-07-02T19:13:44.007+0000] {processor.py:183} INFO - Processing /usr/local/python/3.10.13/lib/python3.10/site-packages/airflow/example_dags/example_complex.py took 0.095 seconds
[2024-07-02T19:14:45.593+0000] {processor.py:161} INFO - Started process (PID=7587) to work on /usr/local/python/3.10.13/lib/python3.10/site-packages/airflow/example_dags/example_complex.py
[2024-07-02T19:14:45.594+0000] {processor.py:830} INFO - Processing file /usr/local/python/3.10.13/lib/python3.10/site-packages/airflow/example_dags/example_complex.py for tasks to queue
[2024-07-02T19:14:45.595+0000] {logging_mixin.py:188} INFO - [2024-07-02T19:14:45.594+0000] {dagbag.py:545} INFO - Filling up the DagBag from /usr/local/python/3.10.13/lib/python3.10/site-packages/airflow/example_dags/example_complex.py
[2024-07-02T19:14:45.604+0000] {processor.py:840} INFO - DAG(s) 'example_complex' retrieved from /usr/local/python/3.10.13/lib/python3.10/site-packages/airflow/example_dags/example_complex.py
[2024-07-02T19:14:45.626+0000] {logging_mixin.py:188} INFO - [2024-07-02T19:14:45.626+0000] {dag.py:3096} INFO - Sync 1 DAGs
[2024-07-02T19:14:45.635+0000] {logging_mixin.py:188} INFO - [2024-07-02T19:14:45.635+0000] {dag.py:3954} INFO - Setting next_dagrun for example_complex to None, run_after=None
[2024-07-02T19:14:45.676+0000] {processor.py:183} INFO - Processing /usr/local/python/3.10.13/lib/python3.10/site-packages/airflow/example_dags/example_complex.py took 0.088 seconds
[2024-07-02T19:15:50.082+0000] {processor.py:161} INFO - Started process (PID=8075) to work on /usr/local/python/3.10.13/lib/python3.10/site-packages/airflow/example_dags/example_complex.py
[2024-07-02T19:15:50.082+0000] {processor.py:830} INFO - Processing file /usr/local/python/3.10.13/lib/python3.10/site-packages/airflow/example_dags/example_complex.py for tasks to queue
[2024-07-02T19:15:50.083+0000] {logging_mixin.py:188} INFO - [2024-07-02T19:15:50.083+0000] {dagbag.py:545} INFO - Filling up the DagBag from /usr/local/python/3.10.13/lib/python3.10/site-packages/airflow/example_dags/example_complex.py
[2024-07-02T19:15:50.092+0000] {processor.py:840} INFO - DAG(s) 'example_complex' retrieved from /usr/local/python/3.10.13/lib/python3.10/site-packages/airflow/example_dags/example_complex.py
[2024-07-02T19:15:50.114+0000] {logging_mixin.py:188} INFO - [2024-07-02T19:15:50.114+0000] {dag.py:3096} INFO - Sync 1 DAGs
[2024-07-02T19:15:50.122+0000] {logging_mixin.py:188} INFO - [2024-07-02T19:15:50.122+0000] {dag.py:3954} INFO - Setting next_dagrun for example_complex to None, run_after=None
[2024-07-02T19:15:50.163+0000] {processor.py:183} INFO - Processing /usr/local/python/3.10.13/lib/python3.10/site-packages/airflow/example_dags/example_complex.py took 0.085 seconds
[2024-07-02T19:16:55.413+0000] {processor.py:161} INFO - Started process (PID=8566) to work on /usr/local/python/3.10.13/lib/python3.10/site-packages/airflow/example_dags/example_complex.py
[2024-07-02T19:16:55.413+0000] {processor.py:830} INFO - Processing file /usr/local/python/3.10.13/lib/python3.10/site-packages/airflow/example_dags/example_complex.py for tasks to queue
[2024-07-02T19:16:55.414+0000] {logging_mixin.py:188} INFO - [2024-07-02T19:16:55.414+0000] {dagbag.py:545} INFO - Filling up the DagBag from /usr/local/python/3.10.13/lib/python3.10/site-packages/airflow/example_dags/example_complex.py
[2024-07-02T19:16:55.424+0000] {processor.py:840} INFO - DAG(s) 'example_complex' retrieved from /usr/local/python/3.10.13/lib/python3.10/site-packages/airflow/example_dags/example_complex.py
[2024-07-02T19:16:55.446+0000] {logging_mixin.py:188} INFO - [2024-07-02T19:16:55.446+0000] {dag.py:3096} INFO - Sync 1 DAGs
[2024-07-02T19:16:55.454+0000] {logging_mixin.py:188} INFO - [2024-07-02T19:16:55.454+0000] {dag.py:3954} INFO - Setting next_dagrun for example_complex to None, run_after=None
[2024-07-02T19:16:55.494+0000] {processor.py:183} INFO - Processing /usr/local/python/3.10.13/lib/python3.10/site-packages/airflow/example_dags/example_complex.py took 0.086 seconds
[2024-07-02T19:18:03.786+0000] {processor.py:161} INFO - Started process (PID=9086) to work on /usr/local/python/3.10.13/lib/python3.10/site-packages/airflow/example_dags/example_complex.py
[2024-07-02T19:18:03.789+0000] {processor.py:830} INFO - Processing file /usr/local/python/3.10.13/lib/python3.10/site-packages/airflow/example_dags/example_complex.py for tasks to queue
[2024-07-02T19:18:03.790+0000] {logging_mixin.py:188} INFO - [2024-07-02T19:18:03.790+0000] {dagbag.py:545} INFO - Filling up the DagBag from /usr/local/python/3.10.13/lib/python3.10/site-packages/airflow/example_dags/example_complex.py
[2024-07-02T19:18:03.808+0000] {processor.py:840} INFO - DAG(s) 'example_complex' retrieved from /usr/local/python/3.10.13/lib/python3.10/site-packages/airflow/example_dags/example_complex.py
[2024-07-02T19:18:03.830+0000] {logging_mixin.py:188} INFO - [2024-07-02T19:18:03.830+0000] {dag.py:3096} INFO - Sync 1 DAGs
[2024-07-02T19:18:03.839+0000] {logging_mixin.py:188} INFO - [2024-07-02T19:18:03.839+0000] {dag.py:3954} INFO - Setting next_dagrun for example_complex to None, run_after=None
[2024-07-02T19:18:03.879+0000] {processor.py:183} INFO - Processing /usr/local/python/3.10.13/lib/python3.10/site-packages/airflow/example_dags/example_complex.py took 0.100 seconds
[2024-07-02T19:19:06.078+0000] {processor.py:161} INFO - Started process (PID=9557) to work on /usr/local/python/3.10.13/lib/python3.10/site-packages/airflow/example_dags/example_complex.py
[2024-07-02T19:19:06.079+0000] {processor.py:830} INFO - Processing file /usr/local/python/3.10.13/lib/python3.10/site-packages/airflow/example_dags/example_complex.py for tasks to queue
[2024-07-02T19:19:06.079+0000] {logging_mixin.py:188} INFO - [2024-07-02T19:19:06.079+0000] {dagbag.py:545} INFO - Filling up the DagBag from /usr/local/python/3.10.13/lib/python3.10/site-packages/airflow/example_dags/example_complex.py
[2024-07-02T19:19:06.088+0000] {processor.py:840} INFO - DAG(s) 'example_complex' retrieved from /usr/local/python/3.10.13/lib/python3.10/site-packages/airflow/example_dags/example_complex.py
[2024-07-02T19:19:06.110+0000] {logging_mixin.py:188} INFO - [2024-07-02T19:19:06.110+0000] {dag.py:3096} INFO - Sync 1 DAGs
[2024-07-02T19:19:06.119+0000] {logging_mixin.py:188} INFO - [2024-07-02T19:19:06.118+0000] {dag.py:3954} INFO - Setting next_dagrun for example_complex to None, run_after=None
[2024-07-02T19:19:06.160+0000] {processor.py:183} INFO - Processing /usr/local/python/3.10.13/lib/python3.10/site-packages/airflow/example_dags/example_complex.py took 0.087 seconds
[2024-07-02T19:20:15.331+0000] {processor.py:161} INFO - Started process (PID=10080) to work on /usr/local/python/3.10.13/lib/python3.10/site-packages/airflow/example_dags/example_complex.py
[2024-07-02T19:20:15.332+0000] {processor.py:830} INFO - Processing file /usr/local/python/3.10.13/lib/python3.10/site-packages/airflow/example_dags/example_complex.py for tasks to queue
[2024-07-02T19:20:15.332+0000] {logging_mixin.py:188} INFO - [2024-07-02T19:20:15.332+0000] {dagbag.py:545} INFO - Filling up the DagBag from /usr/local/python/3.10.13/lib/python3.10/site-packages/airflow/example_dags/example_complex.py
[2024-07-02T19:20:15.342+0000] {processor.py:840} INFO - DAG(s) 'example_complex' retrieved from /usr/local/python/3.10.13/lib/python3.10/site-packages/airflow/example_dags/example_complex.py
[2024-07-02T19:20:15.367+0000] {logging_mixin.py:188} INFO - [2024-07-02T19:20:15.367+0000] {dag.py:3096} INFO - Sync 1 DAGs
[2024-07-02T19:20:15.379+0000] {logging_mixin.py:188} INFO - [2024-07-02T19:20:15.378+0000] {dag.py:3954} INFO - Setting next_dagrun for example_complex to None, run_after=None
[2024-07-02T19:20:15.423+0000] {processor.py:183} INFO - Processing /usr/local/python/3.10.13/lib/python3.10/site-packages/airflow/example_dags/example_complex.py took 0.098 seconds
[2024-07-02T19:21:25.401+0000] {processor.py:161} INFO - Started process (PID=10610) to work on /usr/local/python/3.10.13/lib/python3.10/site-packages/airflow/example_dags/example_complex.py
[2024-07-02T19:21:25.401+0000] {processor.py:830} INFO - Processing file /usr/local/python/3.10.13/lib/python3.10/site-packages/airflow/example_dags/example_complex.py for tasks to queue
[2024-07-02T19:21:25.402+0000] {logging_mixin.py:188} INFO - [2024-07-02T19:21:25.402+0000] {dagbag.py:545} INFO - Filling up the DagBag from /usr/local/python/3.10.13/lib/python3.10/site-packages/airflow/example_dags/example_complex.py
[2024-07-02T19:21:25.412+0000] {processor.py:840} INFO - DAG(s) 'example_complex' retrieved from /usr/local/python/3.10.13/lib/python3.10/site-packages/airflow/example_dags/example_complex.py
[2024-07-02T19:21:25.435+0000] {logging_mixin.py:188} INFO - [2024-07-02T19:21:25.435+0000] {dag.py:3096} INFO - Sync 1 DAGs
[2024-07-02T19:21:25.443+0000] {logging_mixin.py:188} INFO - [2024-07-02T19:21:25.443+0000] {dag.py:3954} INFO - Setting next_dagrun for example_complex to None, run_after=None
[2024-07-02T19:21:25.484+0000] {processor.py:183} INFO - Processing /usr/local/python/3.10.13/lib/python3.10/site-packages/airflow/example_dags/example_complex.py took 0.088 seconds
[2024-07-02T19:22:34.855+0000] {processor.py:161} INFO - Started process (PID=11140) to work on /usr/local/python/3.10.13/lib/python3.10/site-packages/airflow/example_dags/example_complex.py
[2024-07-02T19:22:34.856+0000] {processor.py:830} INFO - Processing file /usr/local/python/3.10.13/lib/python3.10/site-packages/airflow/example_dags/example_complex.py for tasks to queue
[2024-07-02T19:22:34.857+0000] {logging_mixin.py:188} INFO - [2024-07-02T19:22:34.856+0000] {dagbag.py:545} INFO - Filling up the DagBag from /usr/local/python/3.10.13/lib/python3.10/site-packages/airflow/example_dags/example_complex.py
[2024-07-02T19:22:34.867+0000] {processor.py:840} INFO - DAG(s) 'example_complex' retrieved from /usr/local/python/3.10.13/lib/python3.10/site-packages/airflow/example_dags/example_complex.py
[2024-07-02T19:22:34.889+0000] {logging_mixin.py:188} INFO - [2024-07-02T19:22:34.889+0000] {dag.py:3096} INFO - Sync 1 DAGs
[2024-07-02T19:22:34.898+0000] {logging_mixin.py:188} INFO - [2024-07-02T19:22:34.898+0000] {dag.py:3954} INFO - Setting next_dagrun for example_complex to None, run_after=None
[2024-07-02T19:22:34.938+0000] {processor.py:183} INFO - Processing /usr/local/python/3.10.13/lib/python3.10/site-packages/airflow/example_dags/example_complex.py took 0.087 seconds
[2024-07-02T19:23:35.735+0000] {processor.py:161} INFO - Started process (PID=11601) to work on /usr/local/python/3.10.13/lib/python3.10/site-packages/airflow/example_dags/example_complex.py
[2024-07-02T19:23:35.735+0000] {processor.py:830} INFO - Processing file /usr/local/python/3.10.13/lib/python3.10/site-packages/airflow/example_dags/example_complex.py for tasks to queue
[2024-07-02T19:23:35.736+0000] {logging_mixin.py:188} INFO - [2024-07-02T19:23:35.736+0000] {dagbag.py:545} INFO - Filling up the DagBag from /usr/local/python/3.10.13/lib/python3.10/site-packages/airflow/example_dags/example_complex.py
[2024-07-02T19:23:35.745+0000] {processor.py:840} INFO - DAG(s) 'example_complex' retrieved from /usr/local/python/3.10.13/lib/python3.10/site-packages/airflow/example_dags/example_complex.py
[2024-07-02T19:23:35.767+0000] {logging_mixin.py:188} INFO - [2024-07-02T19:23:35.767+0000] {dag.py:3096} INFO - Sync 1 DAGs
[2024-07-02T19:23:35.775+0000] {logging_mixin.py:188} INFO - [2024-07-02T19:23:35.775+0000] {dag.py:3954} INFO - Setting next_dagrun for example_complex to None, run_after=None
[2024-07-02T19:23:35.815+0000] {processor.py:183} INFO - Processing /usr/local/python/3.10.13/lib/python3.10/site-packages/airflow/example_dags/example_complex.py took 0.085 seconds
[2024-07-02T19:24:40.550+0000] {processor.py:161} INFO - Started process (PID=12086) to work on /usr/local/python/3.10.13/lib/python3.10/site-packages/airflow/example_dags/example_complex.py
[2024-07-02T19:24:40.551+0000] {processor.py:830} INFO - Processing file /usr/local/python/3.10.13/lib/python3.10/site-packages/airflow/example_dags/example_complex.py for tasks to queue
[2024-07-02T19:24:40.551+0000] {logging_mixin.py:188} INFO - [2024-07-02T19:24:40.551+0000] {dagbag.py:545} INFO - Filling up the DagBag from /usr/local/python/3.10.13/lib/python3.10/site-packages/airflow/example_dags/example_complex.py
[2024-07-02T19:24:40.561+0000] {processor.py:840} INFO - DAG(s) 'example_complex' retrieved from /usr/local/python/3.10.13/lib/python3.10/site-packages/airflow/example_dags/example_complex.py
[2024-07-02T19:24:40.582+0000] {logging_mixin.py:188} INFO - [2024-07-02T19:24:40.582+0000] {dag.py:3096} INFO - Sync 1 DAGs
[2024-07-02T19:24:40.591+0000] {logging_mixin.py:188} INFO - [2024-07-02T19:24:40.591+0000] {dag.py:3954} INFO - Setting next_dagrun for example_complex to None, run_after=None
[2024-07-02T19:24:40.632+0000] {processor.py:183} INFO - Processing /usr/local/python/3.10.13/lib/python3.10/site-packages/airflow/example_dags/example_complex.py took 0.087 seconds
[2024-07-02T19:25:44.781+0000] {processor.py:161} INFO - Started process (PID=12573) to work on /usr/local/python/3.10.13/lib/python3.10/site-packages/airflow/example_dags/example_complex.py
[2024-07-02T19:25:44.782+0000] {processor.py:830} INFO - Processing file /usr/local/python/3.10.13/lib/python3.10/site-packages/airflow/example_dags/example_complex.py for tasks to queue
[2024-07-02T19:25:44.783+0000] {logging_mixin.py:188} INFO - [2024-07-02T19:25:44.782+0000] {dagbag.py:545} INFO - Filling up the DagBag from /usr/local/python/3.10.13/lib/python3.10/site-packages/airflow/example_dags/example_complex.py
[2024-07-02T19:25:44.792+0000] {processor.py:840} INFO - DAG(s) 'example_complex' retrieved from /usr/local/python/3.10.13/lib/python3.10/site-packages/airflow/example_dags/example_complex.py
[2024-07-02T19:25:44.814+0000] {logging_mixin.py:188} INFO - [2024-07-02T19:25:44.813+0000] {dag.py:3096} INFO - Sync 1 DAGs
[2024-07-02T19:25:44.823+0000] {logging_mixin.py:188} INFO - [2024-07-02T19:25:44.823+0000] {dag.py:3954} INFO - Setting next_dagrun for example_complex to None, run_after=None
[2024-07-02T19:25:44.862+0000] {processor.py:183} INFO - Processing /usr/local/python/3.10.13/lib/python3.10/site-packages/airflow/example_dags/example_complex.py took 0.085 seconds
[2024-07-02T19:26:50.698+0000] {processor.py:161} INFO - Started process (PID=13078) to work on /usr/local/python/3.10.13/lib/python3.10/site-packages/airflow/example_dags/example_complex.py
[2024-07-02T19:26:50.699+0000] {processor.py:830} INFO - Processing file /usr/local/python/3.10.13/lib/python3.10/site-packages/airflow/example_dags/example_complex.py for tasks to queue
[2024-07-02T19:26:50.700+0000] {logging_mixin.py:188} INFO - [2024-07-02T19:26:50.700+0000] {dagbag.py:545} INFO - Filling up the DagBag from /usr/local/python/3.10.13/lib/python3.10/site-packages/airflow/example_dags/example_complex.py
[2024-07-02T19:26:50.709+0000] {processor.py:840} INFO - DAG(s) 'example_complex' retrieved from /usr/local/python/3.10.13/lib/python3.10/site-packages/airflow/example_dags/example_complex.py
[2024-07-02T19:26:50.730+0000] {logging_mixin.py:188} INFO - [2024-07-02T19:26:50.730+0000] {dag.py:3096} INFO - Sync 1 DAGs
[2024-07-02T19:26:50.741+0000] {logging_mixin.py:188} INFO - [2024-07-02T19:26:50.741+0000] {dag.py:3954} INFO - Setting next_dagrun for example_complex to None, run_after=None
[2024-07-02T19:26:50.780+0000] {processor.py:183} INFO - Processing /usr/local/python/3.10.13/lib/python3.10/site-packages/airflow/example_dags/example_complex.py took 0.086 seconds
[2024-07-02T19:27:53.595+0000] {processor.py:161} INFO - Started process (PID=13619) to work on /usr/local/python/3.10.13/lib/python3.10/site-packages/airflow/example_dags/example_complex.py
[2024-07-02T19:27:53.596+0000] {processor.py:830} INFO - Processing file /usr/local/python/3.10.13/lib/python3.10/site-packages/airflow/example_dags/example_complex.py for tasks to queue
[2024-07-02T19:27:53.596+0000] {logging_mixin.py:188} INFO - [2024-07-02T19:27:53.596+0000] {dagbag.py:545} INFO - Filling up the DagBag from /usr/local/python/3.10.13/lib/python3.10/site-packages/airflow/example_dags/example_complex.py
[2024-07-02T19:27:53.606+0000] {processor.py:840} INFO - DAG(s) 'example_complex' retrieved from /usr/local/python/3.10.13/lib/python3.10/site-packages/airflow/example_dags/example_complex.py
[2024-07-02T19:27:53.636+0000] {logging_mixin.py:188} INFO - [2024-07-02T19:27:53.636+0000] {dag.py:3096} INFO - Sync 1 DAGs
[2024-07-02T19:27:53.646+0000] {logging_mixin.py:188} INFO - [2024-07-02T19:27:53.646+0000] {dag.py:3954} INFO - Setting next_dagrun for example_complex to None, run_after=None
[2024-07-02T19:27:53.689+0000] {processor.py:183} INFO - Processing /usr/local/python/3.10.13/lib/python3.10/site-packages/airflow/example_dags/example_complex.py took 0.098 seconds
[2024-07-02T19:28:59.838+0000] {processor.py:161} INFO - Started process (PID=14239) to work on /usr/local/python/3.10.13/lib/python3.10/site-packages/airflow/example_dags/example_complex.py
[2024-07-02T19:28:59.839+0000] {processor.py:830} INFO - Processing file /usr/local/python/3.10.13/lib/python3.10/site-packages/airflow/example_dags/example_complex.py for tasks to queue
[2024-07-02T19:28:59.840+0000] {logging_mixin.py:188} INFO - [2024-07-02T19:28:59.840+0000] {dagbag.py:545} INFO - Filling up the DagBag from /usr/local/python/3.10.13/lib/python3.10/site-packages/airflow/example_dags/example_complex.py
[2024-07-02T19:28:59.849+0000] {processor.py:840} INFO - DAG(s) 'example_complex' retrieved from /usr/local/python/3.10.13/lib/python3.10/site-packages/airflow/example_dags/example_complex.py
[2024-07-02T19:28:59.871+0000] {logging_mixin.py:188} INFO - [2024-07-02T19:28:59.870+0000] {dag.py:3096} INFO - Sync 1 DAGs
[2024-07-02T19:28:59.880+0000] {logging_mixin.py:188} INFO - [2024-07-02T19:28:59.880+0000] {dag.py:3954} INFO - Setting next_dagrun for example_complex to None, run_after=None
[2024-07-02T19:28:59.922+0000] {processor.py:183} INFO - Processing /usr/local/python/3.10.13/lib/python3.10/site-packages/airflow/example_dags/example_complex.py took 0.089 seconds
[2024-07-02T19:30:10.281+0000] {processor.py:161} INFO - Started process (PID=14798) to work on /usr/local/python/3.10.13/lib/python3.10/site-packages/airflow/example_dags/example_complex.py
[2024-07-02T19:30:10.282+0000] {processor.py:830} INFO - Processing file /usr/local/python/3.10.13/lib/python3.10/site-packages/airflow/example_dags/example_complex.py for tasks to queue
[2024-07-02T19:30:10.282+0000] {logging_mixin.py:188} INFO - [2024-07-02T19:30:10.282+0000] {dagbag.py:545} INFO - Filling up the DagBag from /usr/local/python/3.10.13/lib/python3.10/site-packages/airflow/example_dags/example_complex.py
[2024-07-02T19:30:10.291+0000] {processor.py:840} INFO - DAG(s) 'example_complex' retrieved from /usr/local/python/3.10.13/lib/python3.10/site-packages/airflow/example_dags/example_complex.py
[2024-07-02T19:30:10.313+0000] {logging_mixin.py:188} INFO - [2024-07-02T19:30:10.313+0000] {dag.py:3096} INFO - Sync 1 DAGs
[2024-07-02T19:30:10.322+0000] {logging_mixin.py:188} INFO - [2024-07-02T19:30:10.322+0000] {dag.py:3954} INFO - Setting next_dagrun for example_complex to None, run_after=None
[2024-07-02T19:30:10.363+0000] {processor.py:183} INFO - Processing /usr/local/python/3.10.13/lib/python3.10/site-packages/airflow/example_dags/example_complex.py took 0.087 seconds
[2024-07-02T19:31:20.355+0000] {processor.py:161} INFO - Started process (PID=15337) to work on /usr/local/python/3.10.13/lib/python3.10/site-packages/airflow/example_dags/example_complex.py
[2024-07-02T19:31:20.356+0000] {processor.py:830} INFO - Processing file /usr/local/python/3.10.13/lib/python3.10/site-packages/airflow/example_dags/example_complex.py for tasks to queue
[2024-07-02T19:31:20.357+0000] {logging_mixin.py:188} INFO - [2024-07-02T19:31:20.356+0000] {dagbag.py:545} INFO - Filling up the DagBag from /usr/local/python/3.10.13/lib/python3.10/site-packages/airflow/example_dags/example_complex.py
[2024-07-02T19:31:20.366+0000] {processor.py:840} INFO - DAG(s) 'example_complex' retrieved from /usr/local/python/3.10.13/lib/python3.10/site-packages/airflow/example_dags/example_complex.py
[2024-07-02T19:31:20.388+0000] {logging_mixin.py:188} INFO - [2024-07-02T19:31:20.388+0000] {dag.py:3096} INFO - Sync 1 DAGs
[2024-07-02T19:31:20.397+0000] {logging_mixin.py:188} INFO - [2024-07-02T19:31:20.396+0000] {dag.py:3954} INFO - Setting next_dagrun for example_complex to None, run_after=None
[2024-07-02T19:31:20.441+0000] {processor.py:183} INFO - Processing /usr/local/python/3.10.13/lib/python3.10/site-packages/airflow/example_dags/example_complex.py took 0.090 seconds
[2024-07-02T19:32:11.238+0000] {processor.py:161} INFO - Started process (PID=15715) to work on /usr/local/python/3.10.13/lib/python3.10/site-packages/airflow/example_dags/example_complex.py
[2024-07-02T19:32:11.239+0000] {processor.py:830} INFO - Processing file /usr/local/python/3.10.13/lib/python3.10/site-packages/airflow/example_dags/example_complex.py for tasks to queue
[2024-07-02T19:32:11.239+0000] {logging_mixin.py:188} INFO - [2024-07-02T19:32:11.239+0000] {dagbag.py:545} INFO - Filling up the DagBag from /usr/local/python/3.10.13/lib/python3.10/site-packages/airflow/example_dags/example_complex.py
[2024-07-02T19:32:11.249+0000] {processor.py:840} INFO - DAG(s) 'example_complex' retrieved from /usr/local/python/3.10.13/lib/python3.10/site-packages/airflow/example_dags/example_complex.py
[2024-07-02T19:32:11.272+0000] {logging_mixin.py:188} INFO - [2024-07-02T19:32:11.271+0000] {dag.py:3096} INFO - Sync 1 DAGs
[2024-07-02T19:32:11.280+0000] {logging_mixin.py:188} INFO - [2024-07-02T19:32:11.280+0000] {dag.py:3954} INFO - Setting next_dagrun for example_complex to None, run_after=None
[2024-07-02T19:32:11.323+0000] {processor.py:183} INFO - Processing /usr/local/python/3.10.13/lib/python3.10/site-packages/airflow/example_dags/example_complex.py took 0.089 seconds
[2024-07-02T19:33:15.475+0000] {processor.py:161} INFO - Started process (PID=16241) to work on /usr/local/python/3.10.13/lib/python3.10/site-packages/airflow/example_dags/example_complex.py
[2024-07-02T19:33:15.484+0000] {processor.py:830} INFO - Processing file /usr/local/python/3.10.13/lib/python3.10/site-packages/airflow/example_dags/example_complex.py for tasks to queue
[2024-07-02T19:33:15.485+0000] {logging_mixin.py:188} INFO - [2024-07-02T19:33:15.484+0000] {dagbag.py:545} INFO - Filling up the DagBag from /usr/local/python/3.10.13/lib/python3.10/site-packages/airflow/example_dags/example_complex.py
[2024-07-02T19:33:15.510+0000] {processor.py:840} INFO - DAG(s) 'example_complex' retrieved from /usr/local/python/3.10.13/lib/python3.10/site-packages/airflow/example_dags/example_complex.py
[2024-07-02T19:33:15.545+0000] {logging_mixin.py:188} INFO - [2024-07-02T19:33:15.545+0000] {dag.py:3096} INFO - Sync 1 DAGs
[2024-07-02T19:33:15.562+0000] {logging_mixin.py:188} INFO - [2024-07-02T19:33:15.562+0000] {dag.py:3954} INFO - Setting next_dagrun for example_complex to None, run_after=None
[2024-07-02T19:33:15.610+0000] {processor.py:183} INFO - Processing /usr/local/python/3.10.13/lib/python3.10/site-packages/airflow/example_dags/example_complex.py took 0.152 seconds
[2024-07-02T19:34:22.998+0000] {processor.py:161} INFO - Started process (PID=16845) to work on /usr/local/python/3.10.13/lib/python3.10/site-packages/airflow/example_dags/example_complex.py
[2024-07-02T19:34:22.999+0000] {processor.py:830} INFO - Processing file /usr/local/python/3.10.13/lib/python3.10/site-packages/airflow/example_dags/example_complex.py for tasks to queue
[2024-07-02T19:34:23.000+0000] {logging_mixin.py:188} INFO - [2024-07-02T19:34:23.000+0000] {dagbag.py:545} INFO - Filling up the DagBag from /usr/local/python/3.10.13/lib/python3.10/site-packages/airflow/example_dags/example_complex.py
[2024-07-02T19:34:23.016+0000] {processor.py:840} INFO - DAG(s) 'example_complex' retrieved from /usr/local/python/3.10.13/lib/python3.10/site-packages/airflow/example_dags/example_complex.py
[2024-07-02T19:34:23.053+0000] {logging_mixin.py:188} INFO - [2024-07-02T19:34:23.053+0000] {dag.py:3096} INFO - Sync 1 DAGs
[2024-07-02T19:34:23.067+0000] {logging_mixin.py:188} INFO - [2024-07-02T19:34:23.067+0000] {dag.py:3954} INFO - Setting next_dagrun for example_complex to None, run_after=None
[2024-07-02T19:34:23.144+0000] {processor.py:183} INFO - Processing /usr/local/python/3.10.13/lib/python3.10/site-packages/airflow/example_dags/example_complex.py took 0.153 seconds
[2024-07-02T19:35:32.522+0000] {processor.py:161} INFO - Started process (PID=17411) to work on /usr/local/python/3.10.13/lib/python3.10/site-packages/airflow/example_dags/example_complex.py
[2024-07-02T19:35:32.523+0000] {processor.py:830} INFO - Processing file /usr/local/python/3.10.13/lib/python3.10/site-packages/airflow/example_dags/example_complex.py for tasks to queue
[2024-07-02T19:35:32.524+0000] {logging_mixin.py:188} INFO - [2024-07-02T19:35:32.523+0000] {dagbag.py:545} INFO - Filling up the DagBag from /usr/local/python/3.10.13/lib/python3.10/site-packages/airflow/example_dags/example_complex.py
[2024-07-02T19:35:32.533+0000] {processor.py:840} INFO - DAG(s) 'example_complex' retrieved from /usr/local/python/3.10.13/lib/python3.10/site-packages/airflow/example_dags/example_complex.py
[2024-07-02T19:35:32.555+0000] {logging_mixin.py:188} INFO - [2024-07-02T19:35:32.555+0000] {dag.py:3096} INFO - Sync 1 DAGs
[2024-07-02T19:35:32.564+0000] {logging_mixin.py:188} INFO - [2024-07-02T19:35:32.563+0000] {dag.py:3954} INFO - Setting next_dagrun for example_complex to None, run_after=None
[2024-07-02T19:35:32.603+0000] {processor.py:183} INFO - Processing /usr/local/python/3.10.13/lib/python3.10/site-packages/airflow/example_dags/example_complex.py took 0.085 seconds
[2024-07-02T19:36:52.297+0000] {processor.py:161} INFO - Started process (PID=18052) to work on /usr/local/python/3.10.13/lib/python3.10/site-packages/airflow/example_dags/example_complex.py
[2024-07-02T19:36:52.298+0000] {processor.py:830} INFO - Processing file /usr/local/python/3.10.13/lib/python3.10/site-packages/airflow/example_dags/example_complex.py for tasks to queue
[2024-07-02T19:36:52.298+0000] {logging_mixin.py:188} INFO - [2024-07-02T19:36:52.298+0000] {dagbag.py:545} INFO - Filling up the DagBag from /usr/local/python/3.10.13/lib/python3.10/site-packages/airflow/example_dags/example_complex.py
[2024-07-02T19:36:52.307+0000] {processor.py:840} INFO - DAG(s) 'example_complex' retrieved from /usr/local/python/3.10.13/lib/python3.10/site-packages/airflow/example_dags/example_complex.py
[2024-07-02T19:36:52.329+0000] {logging_mixin.py:188} INFO - [2024-07-02T19:36:52.329+0000] {dag.py:3096} INFO - Sync 1 DAGs
[2024-07-02T19:36:52.338+0000] {logging_mixin.py:188} INFO - [2024-07-02T19:36:52.338+0000] {dag.py:3954} INFO - Setting next_dagrun for example_complex to None, run_after=None
[2024-07-02T19:36:52.377+0000] {processor.py:183} INFO - Processing /usr/local/python/3.10.13/lib/python3.10/site-packages/airflow/example_dags/example_complex.py took 0.085 seconds
[2024-07-02T19:37:57.361+0000] {processor.py:161} INFO - Started process (PID=18517) to work on /usr/local/python/3.10.13/lib/python3.10/site-packages/airflow/example_dags/example_complex.py
[2024-07-02T19:37:57.362+0000] {processor.py:830} INFO - Processing file /usr/local/python/3.10.13/lib/python3.10/site-packages/airflow/example_dags/example_complex.py for tasks to queue
[2024-07-02T19:37:57.363+0000] {logging_mixin.py:188} INFO - [2024-07-02T19:37:57.362+0000] {dagbag.py:545} INFO - Filling up the DagBag from /usr/local/python/3.10.13/lib/python3.10/site-packages/airflow/example_dags/example_complex.py
[2024-07-02T19:37:57.372+0000] {processor.py:840} INFO - DAG(s) 'example_complex' retrieved from /usr/local/python/3.10.13/lib/python3.10/site-packages/airflow/example_dags/example_complex.py
[2024-07-02T19:37:57.395+0000] {logging_mixin.py:188} INFO - [2024-07-02T19:37:57.395+0000] {dag.py:3096} INFO - Sync 1 DAGs
[2024-07-02T19:37:57.404+0000] {logging_mixin.py:188} INFO - [2024-07-02T19:37:57.404+0000] {dag.py:3954} INFO - Setting next_dagrun for example_complex to None, run_after=None
[2024-07-02T19:37:57.448+0000] {processor.py:183} INFO - Processing /usr/local/python/3.10.13/lib/python3.10/site-packages/airflow/example_dags/example_complex.py took 0.092 seconds
[2024-07-02T19:39:01.955+0000] {processor.py:161} INFO - Started process (PID=18986) to work on /usr/local/python/3.10.13/lib/python3.10/site-packages/airflow/example_dags/example_complex.py
[2024-07-02T19:39:01.956+0000] {processor.py:830} INFO - Processing file /usr/local/python/3.10.13/lib/python3.10/site-packages/airflow/example_dags/example_complex.py for tasks to queue
[2024-07-02T19:39:01.957+0000] {logging_mixin.py:188} INFO - [2024-07-02T19:39:01.956+0000] {dagbag.py:545} INFO - Filling up the DagBag from /usr/local/python/3.10.13/lib/python3.10/site-packages/airflow/example_dags/example_complex.py
[2024-07-02T19:39:01.966+0000] {processor.py:840} INFO - DAG(s) 'example_complex' retrieved from /usr/local/python/3.10.13/lib/python3.10/site-packages/airflow/example_dags/example_complex.py
[2024-07-02T19:39:01.988+0000] {logging_mixin.py:188} INFO - [2024-07-02T19:39:01.988+0000] {dag.py:3096} INFO - Sync 1 DAGs
[2024-07-02T19:39:01.996+0000] {logging_mixin.py:188} INFO - [2024-07-02T19:39:01.996+0000] {dag.py:3954} INFO - Setting next_dagrun for example_complex to None, run_after=None
[2024-07-02T19:39:02.036+0000] {processor.py:183} INFO - Processing /usr/local/python/3.10.13/lib/python3.10/site-packages/airflow/example_dags/example_complex.py took 0.085 seconds
[2024-07-02T19:40:17.068+0000] {processor.py:161} INFO - Started process (PID=19544) to work on /usr/local/python/3.10.13/lib/python3.10/site-packages/airflow/example_dags/example_complex.py
[2024-07-02T19:40:17.069+0000] {processor.py:830} INFO - Processing file /usr/local/python/3.10.13/lib/python3.10/site-packages/airflow/example_dags/example_complex.py for tasks to queue
[2024-07-02T19:40:17.070+0000] {logging_mixin.py:188} INFO - [2024-07-02T19:40:17.070+0000] {dagbag.py:545} INFO - Filling up the DagBag from /usr/local/python/3.10.13/lib/python3.10/site-packages/airflow/example_dags/example_complex.py
[2024-07-02T19:40:17.086+0000] {processor.py:840} INFO - DAG(s) 'example_complex' retrieved from /usr/local/python/3.10.13/lib/python3.10/site-packages/airflow/example_dags/example_complex.py
[2024-07-02T19:40:17.118+0000] {logging_mixin.py:188} INFO - [2024-07-02T19:40:17.118+0000] {dag.py:3096} INFO - Sync 1 DAGs
[2024-07-02T19:40:17.127+0000] {logging_mixin.py:188} INFO - [2024-07-02T19:40:17.127+0000] {dag.py:3954} INFO - Setting next_dagrun for example_complex to None, run_after=None
[2024-07-02T19:40:17.227+0000] {processor.py:183} INFO - Processing /usr/local/python/3.10.13/lib/python3.10/site-packages/airflow/example_dags/example_complex.py took 0.165 seconds
[2024-07-02T19:41:10.160+0000] {processor.py:161} INFO - Started process (PID=19948) to work on /usr/local/python/3.10.13/lib/python3.10/site-packages/airflow/example_dags/example_complex.py
[2024-07-02T19:41:10.161+0000] {processor.py:830} INFO - Processing file /usr/local/python/3.10.13/lib/python3.10/site-packages/airflow/example_dags/example_complex.py for tasks to queue
[2024-07-02T19:41:10.162+0000] {logging_mixin.py:188} INFO - [2024-07-02T19:41:10.161+0000] {dagbag.py:545} INFO - Filling up the DagBag from /usr/local/python/3.10.13/lib/python3.10/site-packages/airflow/example_dags/example_complex.py
[2024-07-02T19:41:10.182+0000] {processor.py:840} INFO - DAG(s) 'example_complex' retrieved from /usr/local/python/3.10.13/lib/python3.10/site-packages/airflow/example_dags/example_complex.py
[2024-07-02T19:41:10.220+0000] {logging_mixin.py:188} INFO - [2024-07-02T19:41:10.220+0000] {dag.py:3096} INFO - Sync 1 DAGs
[2024-07-02T19:41:10.229+0000] {logging_mixin.py:188} INFO - [2024-07-02T19:41:10.229+0000] {dag.py:3954} INFO - Setting next_dagrun for example_complex to None, run_after=None
[2024-07-02T19:41:10.270+0000] {processor.py:183} INFO - Processing /usr/local/python/3.10.13/lib/python3.10/site-packages/airflow/example_dags/example_complex.py took 0.116 seconds
[2024-07-02T19:42:12.495+0000] {processor.py:161} INFO - Started process (PID=20429) to work on /usr/local/python/3.10.13/lib/python3.10/site-packages/airflow/example_dags/example_complex.py
[2024-07-02T19:42:12.500+0000] {processor.py:830} INFO - Processing file /usr/local/python/3.10.13/lib/python3.10/site-packages/airflow/example_dags/example_complex.py for tasks to queue
[2024-07-02T19:42:12.501+0000] {logging_mixin.py:188} INFO - [2024-07-02T19:42:12.501+0000] {dagbag.py:545} INFO - Filling up the DagBag from /usr/local/python/3.10.13/lib/python3.10/site-packages/airflow/example_dags/example_complex.py
[2024-07-02T19:42:12.514+0000] {processor.py:840} INFO - DAG(s) 'example_complex' retrieved from /usr/local/python/3.10.13/lib/python3.10/site-packages/airflow/example_dags/example_complex.py
[2024-07-02T19:42:12.555+0000] {logging_mixin.py:188} INFO - [2024-07-02T19:42:12.555+0000] {dag.py:3096} INFO - Sync 1 DAGs
[2024-07-02T19:42:12.571+0000] {logging_mixin.py:188} INFO - [2024-07-02T19:42:12.570+0000] {dag.py:3954} INFO - Setting next_dagrun for example_complex to None, run_after=None
[2024-07-02T19:42:12.613+0000] {processor.py:183} INFO - Processing /usr/local/python/3.10.13/lib/python3.10/site-packages/airflow/example_dags/example_complex.py took 0.125 seconds
[2024-07-02T19:43:22.501+0000] {processor.py:161} INFO - Started process (PID=21014) to work on /usr/local/python/3.10.13/lib/python3.10/site-packages/airflow/example_dags/example_complex.py
[2024-07-02T19:43:22.501+0000] {processor.py:830} INFO - Processing file /usr/local/python/3.10.13/lib/python3.10/site-packages/airflow/example_dags/example_complex.py for tasks to queue
[2024-07-02T19:43:22.502+0000] {logging_mixin.py:188} INFO - [2024-07-02T19:43:22.502+0000] {dagbag.py:545} INFO - Filling up the DagBag from /usr/local/python/3.10.13/lib/python3.10/site-packages/airflow/example_dags/example_complex.py
[2024-07-02T19:43:22.511+0000] {processor.py:840} INFO - DAG(s) 'example_complex' retrieved from /usr/local/python/3.10.13/lib/python3.10/site-packages/airflow/example_dags/example_complex.py
[2024-07-02T19:43:22.533+0000] {logging_mixin.py:188} INFO - [2024-07-02T19:43:22.532+0000] {dag.py:3096} INFO - Sync 1 DAGs
[2024-07-02T19:43:22.541+0000] {logging_mixin.py:188} INFO - [2024-07-02T19:43:22.541+0000] {dag.py:3954} INFO - Setting next_dagrun for example_complex to None, run_after=None
[2024-07-02T19:43:22.583+0000] {processor.py:183} INFO - Processing /usr/local/python/3.10.13/lib/python3.10/site-packages/airflow/example_dags/example_complex.py took 0.087 seconds
[2024-07-02T19:44:15.484+0000] {processor.py:161} INFO - Started process (PID=21429) to work on /usr/local/python/3.10.13/lib/python3.10/site-packages/airflow/example_dags/example_complex.py
[2024-07-02T19:44:15.485+0000] {processor.py:830} INFO - Processing file /usr/local/python/3.10.13/lib/python3.10/site-packages/airflow/example_dags/example_complex.py for tasks to queue
[2024-07-02T19:44:15.486+0000] {logging_mixin.py:188} INFO - [2024-07-02T19:44:15.485+0000] {dagbag.py:545} INFO - Filling up the DagBag from /usr/local/python/3.10.13/lib/python3.10/site-packages/airflow/example_dags/example_complex.py
[2024-07-02T19:44:15.497+0000] {processor.py:840} INFO - DAG(s) 'example_complex' retrieved from /usr/local/python/3.10.13/lib/python3.10/site-packages/airflow/example_dags/example_complex.py
[2024-07-02T19:44:15.521+0000] {logging_mixin.py:188} INFO - [2024-07-02T19:44:15.520+0000] {dag.py:3096} INFO - Sync 1 DAGs
[2024-07-02T19:44:15.529+0000] {logging_mixin.py:188} INFO - [2024-07-02T19:44:15.529+0000] {dag.py:3954} INFO - Setting next_dagrun for example_complex to None, run_after=None
[2024-07-02T19:44:15.570+0000] {processor.py:183} INFO - Processing /usr/local/python/3.10.13/lib/python3.10/site-packages/airflow/example_dags/example_complex.py took 0.090 seconds
[2024-07-02T19:45:17.762+0000] {processor.py:161} INFO - Started process (PID=21902) to work on /usr/local/python/3.10.13/lib/python3.10/site-packages/airflow/example_dags/example_complex.py
[2024-07-02T19:45:17.763+0000] {processor.py:830} INFO - Processing file /usr/local/python/3.10.13/lib/python3.10/site-packages/airflow/example_dags/example_complex.py for tasks to queue
[2024-07-02T19:45:17.764+0000] {logging_mixin.py:188} INFO - [2024-07-02T19:45:17.763+0000] {dagbag.py:545} INFO - Filling up the DagBag from /usr/local/python/3.10.13/lib/python3.10/site-packages/airflow/example_dags/example_complex.py
[2024-07-02T19:45:17.776+0000] {processor.py:840} INFO - DAG(s) 'example_complex' retrieved from /usr/local/python/3.10.13/lib/python3.10/site-packages/airflow/example_dags/example_complex.py
[2024-07-02T19:45:17.800+0000] {logging_mixin.py:188} INFO - [2024-07-02T19:45:17.800+0000] {dag.py:3096} INFO - Sync 1 DAGs
[2024-07-02T19:45:17.809+0000] {logging_mixin.py:188} INFO - [2024-07-02T19:45:17.809+0000] {dag.py:3954} INFO - Setting next_dagrun for example_complex to None, run_after=None
[2024-07-02T19:45:17.852+0000] {processor.py:183} INFO - Processing /usr/local/python/3.10.13/lib/python3.10/site-packages/airflow/example_dags/example_complex.py took 0.094 seconds
[2024-07-02T19:46:20.943+0000] {processor.py:161} INFO - Started process (PID=22336) to work on /usr/local/python/3.10.13/lib/python3.10/site-packages/airflow/example_dags/example_complex.py
[2024-07-02T19:46:20.944+0000] {processor.py:830} INFO - Processing file /usr/local/python/3.10.13/lib/python3.10/site-packages/airflow/example_dags/example_complex.py for tasks to queue
[2024-07-02T19:46:20.944+0000] {logging_mixin.py:188} INFO - [2024-07-02T19:46:20.944+0000] {dagbag.py:545} INFO - Filling up the DagBag from /usr/local/python/3.10.13/lib/python3.10/site-packages/airflow/example_dags/example_complex.py
[2024-07-02T19:46:20.953+0000] {processor.py:840} INFO - DAG(s) 'example_complex' retrieved from /usr/local/python/3.10.13/lib/python3.10/site-packages/airflow/example_dags/example_complex.py
[2024-07-02T19:46:20.975+0000] {logging_mixin.py:188} INFO - [2024-07-02T19:46:20.975+0000] {dag.py:3096} INFO - Sync 1 DAGs
[2024-07-02T19:46:20.983+0000] {logging_mixin.py:188} INFO - [2024-07-02T19:46:20.983+0000] {dag.py:3954} INFO - Setting next_dagrun for example_complex to None, run_after=None
[2024-07-02T19:46:21.023+0000] {processor.py:183} INFO - Processing /usr/local/python/3.10.13/lib/python3.10/site-packages/airflow/example_dags/example_complex.py took 0.084 seconds
[2024-07-02T19:47:33.234+0000] {processor.py:161} INFO - Started process (PID=22833) to work on /usr/local/python/3.10.13/lib/python3.10/site-packages/airflow/example_dags/example_complex.py
[2024-07-02T19:47:33.235+0000] {processor.py:830} INFO - Processing file /usr/local/python/3.10.13/lib/python3.10/site-packages/airflow/example_dags/example_complex.py for tasks to queue
[2024-07-02T19:47:33.235+0000] {logging_mixin.py:188} INFO - [2024-07-02T19:47:33.235+0000] {dagbag.py:545} INFO - Filling up the DagBag from /usr/local/python/3.10.13/lib/python3.10/site-packages/airflow/example_dags/example_complex.py
[2024-07-02T19:47:33.244+0000] {processor.py:840} INFO - DAG(s) 'example_complex' retrieved from /usr/local/python/3.10.13/lib/python3.10/site-packages/airflow/example_dags/example_complex.py
[2024-07-02T19:47:33.281+0000] {logging_mixin.py:188} INFO - [2024-07-02T19:47:33.281+0000] {dag.py:3096} INFO - Sync 1 DAGs
[2024-07-02T19:47:33.295+0000] {logging_mixin.py:188} INFO - [2024-07-02T19:47:33.295+0000] {dag.py:3954} INFO - Setting next_dagrun for example_complex to None, run_after=None
[2024-07-02T19:47:33.337+0000] {processor.py:183} INFO - Processing /usr/local/python/3.10.13/lib/python3.10/site-packages/airflow/example_dags/example_complex.py took 0.108 seconds
[2024-07-02T19:48:34.586+0000] {processor.py:161} INFO - Started process (PID=23265) to work on /usr/local/python/3.10.13/lib/python3.10/site-packages/airflow/example_dags/example_complex.py
[2024-07-02T19:48:34.587+0000] {processor.py:830} INFO - Processing file /usr/local/python/3.10.13/lib/python3.10/site-packages/airflow/example_dags/example_complex.py for tasks to queue
[2024-07-02T19:48:34.588+0000] {logging_mixin.py:188} INFO - [2024-07-02T19:48:34.587+0000] {dagbag.py:545} INFO - Filling up the DagBag from /usr/local/python/3.10.13/lib/python3.10/site-packages/airflow/example_dags/example_complex.py
[2024-07-02T19:48:34.597+0000] {processor.py:840} INFO - DAG(s) 'example_complex' retrieved from /usr/local/python/3.10.13/lib/python3.10/site-packages/airflow/example_dags/example_complex.py
[2024-07-02T19:48:34.618+0000] {logging_mixin.py:188} INFO - [2024-07-02T19:48:34.618+0000] {dag.py:3096} INFO - Sync 1 DAGs
[2024-07-02T19:48:34.628+0000] {logging_mixin.py:188} INFO - [2024-07-02T19:48:34.628+0000] {dag.py:3954} INFO - Setting next_dagrun for example_complex to None, run_after=None
[2024-07-02T19:48:34.668+0000] {processor.py:183} INFO - Processing /usr/local/python/3.10.13/lib/python3.10/site-packages/airflow/example_dags/example_complex.py took 0.086 seconds
[2024-07-02T19:49:42.095+0000] {processor.py:161} INFO - Started process (PID=23795) to work on /usr/local/python/3.10.13/lib/python3.10/site-packages/airflow/example_dags/example_complex.py
[2024-07-02T19:49:42.096+0000] {processor.py:830} INFO - Processing file /usr/local/python/3.10.13/lib/python3.10/site-packages/airflow/example_dags/example_complex.py for tasks to queue
[2024-07-02T19:49:42.096+0000] {logging_mixin.py:188} INFO - [2024-07-02T19:49:42.096+0000] {dagbag.py:545} INFO - Filling up the DagBag from /usr/local/python/3.10.13/lib/python3.10/site-packages/airflow/example_dags/example_complex.py
[2024-07-02T19:49:42.105+0000] {processor.py:840} INFO - DAG(s) 'example_complex' retrieved from /usr/local/python/3.10.13/lib/python3.10/site-packages/airflow/example_dags/example_complex.py
[2024-07-02T19:49:42.127+0000] {logging_mixin.py:188} INFO - [2024-07-02T19:49:42.127+0000] {dag.py:3096} INFO - Sync 1 DAGs
[2024-07-02T19:49:42.137+0000] {logging_mixin.py:188} INFO - [2024-07-02T19:49:42.137+0000] {dag.py:3954} INFO - Setting next_dagrun for example_complex to None, run_after=None
[2024-07-02T19:49:42.176+0000] {processor.py:183} INFO - Processing /usr/local/python/3.10.13/lib/python3.10/site-packages/airflow/example_dags/example_complex.py took 0.087 seconds
[2024-07-02T19:50:48.512+0000] {processor.py:161} INFO - Started process (PID=24286) to work on /usr/local/python/3.10.13/lib/python3.10/site-packages/airflow/example_dags/example_complex.py
[2024-07-02T19:50:48.512+0000] {processor.py:830} INFO - Processing file /usr/local/python/3.10.13/lib/python3.10/site-packages/airflow/example_dags/example_complex.py for tasks to queue
[2024-07-02T19:50:48.513+0000] {logging_mixin.py:188} INFO - [2024-07-02T19:50:48.513+0000] {dagbag.py:545} INFO - Filling up the DagBag from /usr/local/python/3.10.13/lib/python3.10/site-packages/airflow/example_dags/example_complex.py
[2024-07-02T19:50:48.522+0000] {processor.py:840} INFO - DAG(s) 'example_complex' retrieved from /usr/local/python/3.10.13/lib/python3.10/site-packages/airflow/example_dags/example_complex.py
[2024-07-02T19:50:48.545+0000] {logging_mixin.py:188} INFO - [2024-07-02T19:50:48.544+0000] {dag.py:3096} INFO - Sync 1 DAGs
[2024-07-02T19:50:48.554+0000] {logging_mixin.py:188} INFO - [2024-07-02T19:50:48.554+0000] {dag.py:3954} INFO - Setting next_dagrun for example_complex to None, run_after=None
[2024-07-02T19:50:48.594+0000] {processor.py:183} INFO - Processing /usr/local/python/3.10.13/lib/python3.10/site-packages/airflow/example_dags/example_complex.py took 0.087 seconds
[2024-07-02T19:51:55.975+0000] {processor.py:161} INFO - Started process (PID=24807) to work on /usr/local/python/3.10.13/lib/python3.10/site-packages/airflow/example_dags/example_complex.py
[2024-07-02T19:51:55.975+0000] {processor.py:830} INFO - Processing file /usr/local/python/3.10.13/lib/python3.10/site-packages/airflow/example_dags/example_complex.py for tasks to queue
[2024-07-02T19:51:55.976+0000] {logging_mixin.py:188} INFO - [2024-07-02T19:51:55.976+0000] {dagbag.py:545} INFO - Filling up the DagBag from /usr/local/python/3.10.13/lib/python3.10/site-packages/airflow/example_dags/example_complex.py
[2024-07-02T19:51:55.988+0000] {processor.py:840} INFO - DAG(s) 'example_complex' retrieved from /usr/local/python/3.10.13/lib/python3.10/site-packages/airflow/example_dags/example_complex.py
[2024-07-02T19:51:56.012+0000] {logging_mixin.py:188} INFO - [2024-07-02T19:51:56.012+0000] {dag.py:3096} INFO - Sync 1 DAGs
[2024-07-02T19:51:56.023+0000] {logging_mixin.py:188} INFO - [2024-07-02T19:51:56.023+0000] {dag.py:3954} INFO - Setting next_dagrun for example_complex to None, run_after=None
[2024-07-02T19:51:56.063+0000] {processor.py:183} INFO - Processing /usr/local/python/3.10.13/lib/python3.10/site-packages/airflow/example_dags/example_complex.py took 0.093 seconds
[2024-07-02T19:53:03.541+0000] {processor.py:161} INFO - Started process (PID=25326) to work on /usr/local/python/3.10.13/lib/python3.10/site-packages/airflow/example_dags/example_complex.py
[2024-07-02T19:53:03.542+0000] {processor.py:830} INFO - Processing file /usr/local/python/3.10.13/lib/python3.10/site-packages/airflow/example_dags/example_complex.py for tasks to queue
[2024-07-02T19:53:03.543+0000] {logging_mixin.py:188} INFO - [2024-07-02T19:53:03.543+0000] {dagbag.py:545} INFO - Filling up the DagBag from /usr/local/python/3.10.13/lib/python3.10/site-packages/airflow/example_dags/example_complex.py
[2024-07-02T19:53:03.552+0000] {processor.py:840} INFO - DAG(s) 'example_complex' retrieved from /usr/local/python/3.10.13/lib/python3.10/site-packages/airflow/example_dags/example_complex.py
[2024-07-02T19:53:03.579+0000] {logging_mixin.py:188} INFO - [2024-07-02T19:53:03.579+0000] {dag.py:3096} INFO - Sync 1 DAGs
[2024-07-02T19:53:03.588+0000] {logging_mixin.py:188} INFO - [2024-07-02T19:53:03.587+0000] {dag.py:3954} INFO - Setting next_dagrun for example_complex to None, run_after=None
[2024-07-02T19:53:03.628+0000] {processor.py:183} INFO - Processing /usr/local/python/3.10.13/lib/python3.10/site-packages/airflow/example_dags/example_complex.py took 0.091 seconds
[2024-07-02T19:54:10.025+0000] {processor.py:161} INFO - Started process (PID=25809) to work on /usr/local/python/3.10.13/lib/python3.10/site-packages/airflow/example_dags/example_complex.py
[2024-07-02T19:54:10.025+0000] {processor.py:830} INFO - Processing file /usr/local/python/3.10.13/lib/python3.10/site-packages/airflow/example_dags/example_complex.py for tasks to queue
[2024-07-02T19:54:10.026+0000] {logging_mixin.py:188} INFO - [2024-07-02T19:54:10.026+0000] {dagbag.py:545} INFO - Filling up the DagBag from /usr/local/python/3.10.13/lib/python3.10/site-packages/airflow/example_dags/example_complex.py
[2024-07-02T19:54:10.035+0000] {processor.py:840} INFO - DAG(s) 'example_complex' retrieved from /usr/local/python/3.10.13/lib/python3.10/site-packages/airflow/example_dags/example_complex.py
[2024-07-02T19:54:10.057+0000] {logging_mixin.py:188} INFO - [2024-07-02T19:54:10.056+0000] {dag.py:3096} INFO - Sync 1 DAGs
[2024-07-02T19:54:10.065+0000] {logging_mixin.py:188} INFO - [2024-07-02T19:54:10.065+0000] {dag.py:3954} INFO - Setting next_dagrun for example_complex to None, run_after=None
[2024-07-02T19:54:10.106+0000] {processor.py:183} INFO - Processing /usr/local/python/3.10.13/lib/python3.10/site-packages/airflow/example_dags/example_complex.py took 0.086 seconds
[2024-07-02T19:55:13.247+0000] {processor.py:161} INFO - Started process (PID=26296) to work on /usr/local/python/3.10.13/lib/python3.10/site-packages/airflow/example_dags/example_complex.py
[2024-07-02T19:55:13.248+0000] {processor.py:830} INFO - Processing file /usr/local/python/3.10.13/lib/python3.10/site-packages/airflow/example_dags/example_complex.py for tasks to queue
[2024-07-02T19:55:13.249+0000] {logging_mixin.py:188} INFO - [2024-07-02T19:55:13.248+0000] {dagbag.py:545} INFO - Filling up the DagBag from /usr/local/python/3.10.13/lib/python3.10/site-packages/airflow/example_dags/example_complex.py
[2024-07-02T19:55:13.258+0000] {processor.py:840} INFO - DAG(s) 'example_complex' retrieved from /usr/local/python/3.10.13/lib/python3.10/site-packages/airflow/example_dags/example_complex.py
[2024-07-02T19:55:13.282+0000] {logging_mixin.py:188} INFO - [2024-07-02T19:55:13.282+0000] {dag.py:3096} INFO - Sync 1 DAGs
[2024-07-02T19:55:13.291+0000] {logging_mixin.py:188} INFO - [2024-07-02T19:55:13.291+0000] {dag.py:3954} INFO - Setting next_dagrun for example_complex to None, run_after=None
[2024-07-02T19:55:13.330+0000] {processor.py:183} INFO - Processing /usr/local/python/3.10.13/lib/python3.10/site-packages/airflow/example_dags/example_complex.py took 0.087 seconds
[2024-07-02T19:56:20.632+0000] {processor.py:161} INFO - Started process (PID=26881) to work on /usr/local/python/3.10.13/lib/python3.10/site-packages/airflow/example_dags/example_complex.py
[2024-07-02T19:56:20.632+0000] {processor.py:830} INFO - Processing file /usr/local/python/3.10.13/lib/python3.10/site-packages/airflow/example_dags/example_complex.py for tasks to queue
[2024-07-02T19:56:20.633+0000] {logging_mixin.py:188} INFO - [2024-07-02T19:56:20.633+0000] {dagbag.py:545} INFO - Filling up the DagBag from /usr/local/python/3.10.13/lib/python3.10/site-packages/airflow/example_dags/example_complex.py
[2024-07-02T19:56:20.643+0000] {processor.py:840} INFO - DAG(s) 'example_complex' retrieved from /usr/local/python/3.10.13/lib/python3.10/site-packages/airflow/example_dags/example_complex.py
[2024-07-02T19:56:20.665+0000] {logging_mixin.py:188} INFO - [2024-07-02T19:56:20.665+0000] {dag.py:3096} INFO - Sync 1 DAGs
[2024-07-02T19:56:20.673+0000] {logging_mixin.py:188} INFO - [2024-07-02T19:56:20.673+0000] {dag.py:3954} INFO - Setting next_dagrun for example_complex to None, run_after=None
[2024-07-02T19:56:20.714+0000] {processor.py:183} INFO - Processing /usr/local/python/3.10.13/lib/python3.10/site-packages/airflow/example_dags/example_complex.py took 0.087 seconds
