[2024-07-02T19:11:08.115+0000] {processor.py:161} INFO - Started process (PID=5921) to work on /usr/local/python/3.10.13/lib/python3.10/site-packages/airflow/example_dags/example_bash_decorator.py
[2024-07-02T19:11:08.116+0000] {processor.py:830} INFO - Processing file /usr/local/python/3.10.13/lib/python3.10/site-packages/airflow/example_dags/example_bash_decorator.py for tasks to queue
[2024-07-02T19:11:08.117+0000] {logging_mixin.py:188} INFO - [2024-07-02T19:11:08.117+0000] {dagbag.py:545} INFO - Filling up the DagBag from /usr/local/python/3.10.13/lib/python3.10/site-packages/airflow/example_dags/example_bash_decorator.py
[2024-07-02T19:11:08.128+0000] {processor.py:840} INFO - DAG(s) 'example_bash_decorator' retrieved from /usr/local/python/3.10.13/lib/python3.10/site-packages/airflow/example_dags/example_bash_decorator.py
[2024-07-02T19:11:08.266+0000] {logging_mixin.py:188} INFO - [2024-07-02T19:11:08.265+0000] {override.py:1829} INFO - Created Permission View: can edit on DAG:example_bash_decorator
[2024-07-02T19:11:08.297+0000] {logging_mixin.py:188} INFO - [2024-07-02T19:11:08.297+0000] {override.py:1829} INFO - Created Permission View: can read on DAG:example_bash_decorator
[2024-07-02T19:11:08.328+0000] {logging_mixin.py:188} INFO - [2024-07-02T19:11:08.328+0000] {override.py:1829} INFO - Created Permission View: can delete on DAG:example_bash_decorator
[2024-07-02T19:11:08.328+0000] {logging_mixin.py:188} INFO - [2024-07-02T19:11:08.328+0000] {dag.py:3096} INFO - Sync 1 DAGs
[2024-07-02T19:11:08.336+0000] {logging_mixin.py:188} INFO - [2024-07-02T19:11:08.336+0000] {dag.py:3118} INFO - Creating ORM DAG for example_bash_decorator
[2024-07-02T19:11:08.336+0000] {logging_mixin.py:188} INFO - [2024-07-02T19:11:08.336+0000] {dag.py:3954} INFO - Setting next_dagrun for example_bash_decorator to None, run_after=None
[2024-07-02T19:11:08.381+0000] {processor.py:183} INFO - Processing /usr/local/python/3.10.13/lib/python3.10/site-packages/airflow/example_dags/example_bash_decorator.py took 0.270 seconds
[2024-07-02T19:12:01.097+0000] {processor.py:161} INFO - Started process (PID=6316) to work on /usr/local/python/3.10.13/lib/python3.10/site-packages/airflow/example_dags/example_bash_decorator.py
[2024-07-02T19:12:01.098+0000] {processor.py:830} INFO - Processing file /usr/local/python/3.10.13/lib/python3.10/site-packages/airflow/example_dags/example_bash_decorator.py for tasks to queue
[2024-07-02T19:12:01.099+0000] {logging_mixin.py:188} INFO - [2024-07-02T19:12:01.099+0000] {dagbag.py:545} INFO - Filling up the DagBag from /usr/local/python/3.10.13/lib/python3.10/site-packages/airflow/example_dags/example_bash_decorator.py
[2024-07-02T19:12:01.110+0000] {processor.py:840} INFO - DAG(s) 'example_bash_decorator' retrieved from /usr/local/python/3.10.13/lib/python3.10/site-packages/airflow/example_dags/example_bash_decorator.py
[2024-07-02T19:12:01.124+0000] {logging_mixin.py:188} INFO - [2024-07-02T19:12:01.124+0000] {dag.py:3096} INFO - Sync 1 DAGs
[2024-07-02T19:12:01.133+0000] {logging_mixin.py:188} INFO - [2024-07-02T19:12:01.132+0000] {dag.py:3954} INFO - Setting next_dagrun for example_bash_decorator to None, run_after=None
[2024-07-02T19:12:01.172+0000] {processor.py:183} INFO - Processing /usr/local/python/3.10.13/lib/python3.10/site-packages/airflow/example_dags/example_bash_decorator.py took 0.079 seconds
[2024-07-02T19:13:03.378+0000] {processor.py:161} INFO - Started process (PID=6794) to work on /usr/local/python/3.10.13/lib/python3.10/site-packages/airflow/example_dags/example_bash_decorator.py
[2024-07-02T19:13:03.378+0000] {processor.py:830} INFO - Processing file /usr/local/python/3.10.13/lib/python3.10/site-packages/airflow/example_dags/example_bash_decorator.py for tasks to queue
[2024-07-02T19:13:03.380+0000] {logging_mixin.py:188} INFO - [2024-07-02T19:13:03.379+0000] {dagbag.py:545} INFO - Filling up the DagBag from /usr/local/python/3.10.13/lib/python3.10/site-packages/airflow/example_dags/example_bash_decorator.py
[2024-07-02T19:13:03.390+0000] {processor.py:840} INFO - DAG(s) 'example_bash_decorator' retrieved from /usr/local/python/3.10.13/lib/python3.10/site-packages/airflow/example_dags/example_bash_decorator.py
[2024-07-02T19:13:03.404+0000] {logging_mixin.py:188} INFO - [2024-07-02T19:13:03.403+0000] {dag.py:3096} INFO - Sync 1 DAGs
[2024-07-02T19:13:03.412+0000] {logging_mixin.py:188} INFO - [2024-07-02T19:13:03.412+0000] {dag.py:3954} INFO - Setting next_dagrun for example_bash_decorator to None, run_after=None
[2024-07-02T19:13:03.454+0000] {processor.py:183} INFO - Processing /usr/local/python/3.10.13/lib/python3.10/site-packages/airflow/example_dags/example_bash_decorator.py took 0.080 seconds
[2024-07-02T19:14:04.197+0000] {processor.py:161} INFO - Started process (PID=7260) to work on /usr/local/python/3.10.13/lib/python3.10/site-packages/airflow/example_dags/example_bash_decorator.py
[2024-07-02T19:14:04.198+0000] {processor.py:830} INFO - Processing file /usr/local/python/3.10.13/lib/python3.10/site-packages/airflow/example_dags/example_bash_decorator.py for tasks to queue
[2024-07-02T19:14:04.200+0000] {logging_mixin.py:188} INFO - [2024-07-02T19:14:04.199+0000] {dagbag.py:545} INFO - Filling up the DagBag from /usr/local/python/3.10.13/lib/python3.10/site-packages/airflow/example_dags/example_bash_decorator.py
[2024-07-02T19:14:04.218+0000] {processor.py:840} INFO - DAG(s) 'example_bash_decorator' retrieved from /usr/local/python/3.10.13/lib/python3.10/site-packages/airflow/example_dags/example_bash_decorator.py
[2024-07-02T19:14:04.237+0000] {logging_mixin.py:188} INFO - [2024-07-02T19:14:04.237+0000] {dag.py:3096} INFO - Sync 1 DAGs
[2024-07-02T19:14:04.245+0000] {logging_mixin.py:188} INFO - [2024-07-02T19:14:04.245+0000] {dag.py:3954} INFO - Setting next_dagrun for example_bash_decorator to None, run_after=None
[2024-07-02T19:14:04.286+0000] {processor.py:183} INFO - Processing /usr/local/python/3.10.13/lib/python3.10/site-packages/airflow/example_dags/example_bash_decorator.py took 0.095 seconds
[2024-07-02T19:15:07.478+0000] {processor.py:161} INFO - Started process (PID=7748) to work on /usr/local/python/3.10.13/lib/python3.10/site-packages/airflow/example_dags/example_bash_decorator.py
[2024-07-02T19:15:07.478+0000] {processor.py:830} INFO - Processing file /usr/local/python/3.10.13/lib/python3.10/site-packages/airflow/example_dags/example_bash_decorator.py for tasks to queue
[2024-07-02T19:15:07.479+0000] {logging_mixin.py:188} INFO - [2024-07-02T19:15:07.479+0000] {dagbag.py:545} INFO - Filling up the DagBag from /usr/local/python/3.10.13/lib/python3.10/site-packages/airflow/example_dags/example_bash_decorator.py
[2024-07-02T19:15:07.490+0000] {processor.py:840} INFO - DAG(s) 'example_bash_decorator' retrieved from /usr/local/python/3.10.13/lib/python3.10/site-packages/airflow/example_dags/example_bash_decorator.py
[2024-07-02T19:15:07.505+0000] {logging_mixin.py:188} INFO - [2024-07-02T19:15:07.504+0000] {dag.py:3096} INFO - Sync 1 DAGs
[2024-07-02T19:15:07.513+0000] {logging_mixin.py:188} INFO - [2024-07-02T19:15:07.513+0000] {dag.py:3954} INFO - Setting next_dagrun for example_bash_decorator to None, run_after=None
[2024-07-02T19:15:07.554+0000] {processor.py:183} INFO - Processing /usr/local/python/3.10.13/lib/python3.10/site-packages/airflow/example_dags/example_bash_decorator.py took 0.081 seconds
[2024-07-02T19:16:08.970+0000] {processor.py:161} INFO - Started process (PID=8223) to work on /usr/local/python/3.10.13/lib/python3.10/site-packages/airflow/example_dags/example_bash_decorator.py
[2024-07-02T19:16:08.971+0000] {processor.py:830} INFO - Processing file /usr/local/python/3.10.13/lib/python3.10/site-packages/airflow/example_dags/example_bash_decorator.py for tasks to queue
[2024-07-02T19:16:08.972+0000] {logging_mixin.py:188} INFO - [2024-07-02T19:16:08.971+0000] {dagbag.py:545} INFO - Filling up the DagBag from /usr/local/python/3.10.13/lib/python3.10/site-packages/airflow/example_dags/example_bash_decorator.py
[2024-07-02T19:16:08.983+0000] {processor.py:840} INFO - DAG(s) 'example_bash_decorator' retrieved from /usr/local/python/3.10.13/lib/python3.10/site-packages/airflow/example_dags/example_bash_decorator.py
[2024-07-02T19:16:08.999+0000] {logging_mixin.py:188} INFO - [2024-07-02T19:16:08.999+0000] {dag.py:3096} INFO - Sync 1 DAGs
[2024-07-02T19:16:09.008+0000] {logging_mixin.py:188} INFO - [2024-07-02T19:16:09.007+0000] {dag.py:3954} INFO - Setting next_dagrun for example_bash_decorator to None, run_after=None
[2024-07-02T19:16:09.047+0000] {processor.py:183} INFO - Processing /usr/local/python/3.10.13/lib/python3.10/site-packages/airflow/example_dags/example_bash_decorator.py took 0.081 seconds
[2024-07-02T19:17:20.068+0000] {processor.py:161} INFO - Started process (PID=8757) to work on /usr/local/python/3.10.13/lib/python3.10/site-packages/airflow/example_dags/example_bash_decorator.py
[2024-07-02T19:17:20.069+0000] {processor.py:830} INFO - Processing file /usr/local/python/3.10.13/lib/python3.10/site-packages/airflow/example_dags/example_bash_decorator.py for tasks to queue
[2024-07-02T19:17:20.070+0000] {logging_mixin.py:188} INFO - [2024-07-02T19:17:20.069+0000] {dagbag.py:545} INFO - Filling up the DagBag from /usr/local/python/3.10.13/lib/python3.10/site-packages/airflow/example_dags/example_bash_decorator.py
[2024-07-02T19:17:20.080+0000] {processor.py:840} INFO - DAG(s) 'example_bash_decorator' retrieved from /usr/local/python/3.10.13/lib/python3.10/site-packages/airflow/example_dags/example_bash_decorator.py
[2024-07-02T19:17:20.094+0000] {logging_mixin.py:188} INFO - [2024-07-02T19:17:20.094+0000] {dag.py:3096} INFO - Sync 1 DAGs
[2024-07-02T19:17:20.102+0000] {logging_mixin.py:188} INFO - [2024-07-02T19:17:20.102+0000] {dag.py:3954} INFO - Setting next_dagrun for example_bash_decorator to None, run_after=None
[2024-07-02T19:17:20.143+0000] {processor.py:183} INFO - Processing /usr/local/python/3.10.13/lib/python3.10/site-packages/airflow/example_dags/example_bash_decorator.py took 0.079 seconds
[2024-07-02T19:18:25.641+0000] {processor.py:161} INFO - Started process (PID=9252) to work on /usr/local/python/3.10.13/lib/python3.10/site-packages/airflow/example_dags/example_bash_decorator.py
[2024-07-02T19:18:25.642+0000] {processor.py:830} INFO - Processing file /usr/local/python/3.10.13/lib/python3.10/site-packages/airflow/example_dags/example_bash_decorator.py for tasks to queue
[2024-07-02T19:18:25.643+0000] {logging_mixin.py:188} INFO - [2024-07-02T19:18:25.642+0000] {dagbag.py:545} INFO - Filling up the DagBag from /usr/local/python/3.10.13/lib/python3.10/site-packages/airflow/example_dags/example_bash_decorator.py
[2024-07-02T19:18:25.653+0000] {processor.py:840} INFO - DAG(s) 'example_bash_decorator' retrieved from /usr/local/python/3.10.13/lib/python3.10/site-packages/airflow/example_dags/example_bash_decorator.py
[2024-07-02T19:18:25.668+0000] {logging_mixin.py:188} INFO - [2024-07-02T19:18:25.668+0000] {dag.py:3096} INFO - Sync 1 DAGs
[2024-07-02T19:18:25.677+0000] {logging_mixin.py:188} INFO - [2024-07-02T19:18:25.677+0000] {dag.py:3954} INFO - Setting next_dagrun for example_bash_decorator to None, run_after=None
[2024-07-02T19:18:25.718+0000] {processor.py:183} INFO - Processing /usr/local/python/3.10.13/lib/python3.10/site-packages/airflow/example_dags/example_bash_decorator.py took 0.081 seconds
[2024-07-02T19:19:29.441+0000] {processor.py:161} INFO - Started process (PID=9720) to work on /usr/local/python/3.10.13/lib/python3.10/site-packages/airflow/example_dags/example_bash_decorator.py
[2024-07-02T19:19:29.442+0000] {processor.py:830} INFO - Processing file /usr/local/python/3.10.13/lib/python3.10/site-packages/airflow/example_dags/example_bash_decorator.py for tasks to queue
[2024-07-02T19:19:29.443+0000] {logging_mixin.py:188} INFO - [2024-07-02T19:19:29.442+0000] {dagbag.py:545} INFO - Filling up the DagBag from /usr/local/python/3.10.13/lib/python3.10/site-packages/airflow/example_dags/example_bash_decorator.py
[2024-07-02T19:19:29.453+0000] {processor.py:840} INFO - DAG(s) 'example_bash_decorator' retrieved from /usr/local/python/3.10.13/lib/python3.10/site-packages/airflow/example_dags/example_bash_decorator.py
[2024-07-02T19:19:29.468+0000] {logging_mixin.py:188} INFO - [2024-07-02T19:19:29.467+0000] {dag.py:3096} INFO - Sync 1 DAGs
[2024-07-02T19:19:29.476+0000] {logging_mixin.py:188} INFO - [2024-07-02T19:19:29.476+0000] {dag.py:3954} INFO - Setting next_dagrun for example_bash_decorator to None, run_after=None
[2024-07-02T19:19:29.516+0000] {processor.py:183} INFO - Processing /usr/local/python/3.10.13/lib/python3.10/site-packages/airflow/example_dags/example_bash_decorator.py took 0.079 seconds
[2024-07-02T19:20:40.464+0000] {processor.py:161} INFO - Started process (PID=10260) to work on /usr/local/python/3.10.13/lib/python3.10/site-packages/airflow/example_dags/example_bash_decorator.py
[2024-07-02T19:20:40.466+0000] {processor.py:830} INFO - Processing file /usr/local/python/3.10.13/lib/python3.10/site-packages/airflow/example_dags/example_bash_decorator.py for tasks to queue
[2024-07-02T19:20:40.467+0000] {logging_mixin.py:188} INFO - [2024-07-02T19:20:40.467+0000] {dagbag.py:545} INFO - Filling up the DagBag from /usr/local/python/3.10.13/lib/python3.10/site-packages/airflow/example_dags/example_bash_decorator.py
[2024-07-02T19:20:40.485+0000] {processor.py:840} INFO - DAG(s) 'example_bash_decorator' retrieved from /usr/local/python/3.10.13/lib/python3.10/site-packages/airflow/example_dags/example_bash_decorator.py
[2024-07-02T19:20:40.505+0000] {logging_mixin.py:188} INFO - [2024-07-02T19:20:40.505+0000] {dag.py:3096} INFO - Sync 1 DAGs
[2024-07-02T19:20:40.516+0000] {logging_mixin.py:188} INFO - [2024-07-02T19:20:40.515+0000] {dag.py:3954} INFO - Setting next_dagrun for example_bash_decorator to None, run_after=None
[2024-07-02T19:20:40.556+0000] {processor.py:183} INFO - Processing /usr/local/python/3.10.13/lib/python3.10/site-packages/airflow/example_dags/example_bash_decorator.py took 0.098 seconds
[2024-07-02T19:21:50.675+0000] {processor.py:161} INFO - Started process (PID=10796) to work on /usr/local/python/3.10.13/lib/python3.10/site-packages/airflow/example_dags/example_bash_decorator.py
[2024-07-02T19:21:50.676+0000] {processor.py:830} INFO - Processing file /usr/local/python/3.10.13/lib/python3.10/site-packages/airflow/example_dags/example_bash_decorator.py for tasks to queue
[2024-07-02T19:21:50.677+0000] {logging_mixin.py:188} INFO - [2024-07-02T19:21:50.676+0000] {dagbag.py:545} INFO - Filling up the DagBag from /usr/local/python/3.10.13/lib/python3.10/site-packages/airflow/example_dags/example_bash_decorator.py
[2024-07-02T19:21:50.687+0000] {processor.py:840} INFO - DAG(s) 'example_bash_decorator' retrieved from /usr/local/python/3.10.13/lib/python3.10/site-packages/airflow/example_dags/example_bash_decorator.py
[2024-07-02T19:21:50.701+0000] {logging_mixin.py:188} INFO - [2024-07-02T19:21:50.701+0000] {dag.py:3096} INFO - Sync 1 DAGs
[2024-07-02T19:21:50.710+0000] {logging_mixin.py:188} INFO - [2024-07-02T19:21:50.710+0000] {dag.py:3954} INFO - Setting next_dagrun for example_bash_decorator to None, run_after=None
[2024-07-02T19:21:50.760+0000] {processor.py:183} INFO - Processing /usr/local/python/3.10.13/lib/python3.10/site-packages/airflow/example_dags/example_bash_decorator.py took 0.089 seconds
[2024-07-02T19:22:57.070+0000] {processor.py:161} INFO - Started process (PID=11308) to work on /usr/local/python/3.10.13/lib/python3.10/site-packages/airflow/example_dags/example_bash_decorator.py
[2024-07-02T19:22:57.071+0000] {processor.py:830} INFO - Processing file /usr/local/python/3.10.13/lib/python3.10/site-packages/airflow/example_dags/example_bash_decorator.py for tasks to queue
[2024-07-02T19:22:57.071+0000] {logging_mixin.py:188} INFO - [2024-07-02T19:22:57.071+0000] {dagbag.py:545} INFO - Filling up the DagBag from /usr/local/python/3.10.13/lib/python3.10/site-packages/airflow/example_dags/example_bash_decorator.py
[2024-07-02T19:22:57.082+0000] {processor.py:840} INFO - DAG(s) 'example_bash_decorator' retrieved from /usr/local/python/3.10.13/lib/python3.10/site-packages/airflow/example_dags/example_bash_decorator.py
[2024-07-02T19:22:57.096+0000] {logging_mixin.py:188} INFO - [2024-07-02T19:22:57.096+0000] {dag.py:3096} INFO - Sync 1 DAGs
[2024-07-02T19:22:57.105+0000] {logging_mixin.py:188} INFO - [2024-07-02T19:22:57.105+0000] {dag.py:3954} INFO - Setting next_dagrun for example_bash_decorator to None, run_after=None
[2024-07-02T19:22:57.145+0000] {processor.py:183} INFO - Processing /usr/local/python/3.10.13/lib/python3.10/site-packages/airflow/example_dags/example_bash_decorator.py took 0.079 seconds
[2024-07-02T19:23:59.236+0000] {processor.py:161} INFO - Started process (PID=11776) to work on /usr/local/python/3.10.13/lib/python3.10/site-packages/airflow/example_dags/example_bash_decorator.py
[2024-07-02T19:23:59.237+0000] {processor.py:830} INFO - Processing file /usr/local/python/3.10.13/lib/python3.10/site-packages/airflow/example_dags/example_bash_decorator.py for tasks to queue
[2024-07-02T19:23:59.238+0000] {logging_mixin.py:188} INFO - [2024-07-02T19:23:59.237+0000] {dagbag.py:545} INFO - Filling up the DagBag from /usr/local/python/3.10.13/lib/python3.10/site-packages/airflow/example_dags/example_bash_decorator.py
[2024-07-02T19:23:59.248+0000] {processor.py:840} INFO - DAG(s) 'example_bash_decorator' retrieved from /usr/local/python/3.10.13/lib/python3.10/site-packages/airflow/example_dags/example_bash_decorator.py
[2024-07-02T19:23:59.263+0000] {logging_mixin.py:188} INFO - [2024-07-02T19:23:59.263+0000] {dag.py:3096} INFO - Sync 1 DAGs
[2024-07-02T19:23:59.271+0000] {logging_mixin.py:188} INFO - [2024-07-02T19:23:59.271+0000] {dag.py:3954} INFO - Setting next_dagrun for example_bash_decorator to None, run_after=None
[2024-07-02T19:23:59.311+0000] {processor.py:183} INFO - Processing /usr/local/python/3.10.13/lib/python3.10/site-packages/airflow/example_dags/example_bash_decorator.py took 0.079 seconds
[2024-07-02T19:25:04.249+0000] {processor.py:161} INFO - Started process (PID=12262) to work on /usr/local/python/3.10.13/lib/python3.10/site-packages/airflow/example_dags/example_bash_decorator.py
[2024-07-02T19:25:04.249+0000] {processor.py:830} INFO - Processing file /usr/local/python/3.10.13/lib/python3.10/site-packages/airflow/example_dags/example_bash_decorator.py for tasks to queue
[2024-07-02T19:25:04.250+0000] {logging_mixin.py:188} INFO - [2024-07-02T19:25:04.250+0000] {dagbag.py:545} INFO - Filling up the DagBag from /usr/local/python/3.10.13/lib/python3.10/site-packages/airflow/example_dags/example_bash_decorator.py
[2024-07-02T19:25:04.261+0000] {processor.py:840} INFO - DAG(s) 'example_bash_decorator' retrieved from /usr/local/python/3.10.13/lib/python3.10/site-packages/airflow/example_dags/example_bash_decorator.py
[2024-07-02T19:25:04.282+0000] {logging_mixin.py:188} INFO - [2024-07-02T19:25:04.282+0000] {dag.py:3096} INFO - Sync 1 DAGs
[2024-07-02T19:25:04.291+0000] {logging_mixin.py:188} INFO - [2024-07-02T19:25:04.291+0000] {dag.py:3954} INFO - Setting next_dagrun for example_bash_decorator to None, run_after=None
[2024-07-02T19:25:04.334+0000] {processor.py:183} INFO - Processing /usr/local/python/3.10.13/lib/python3.10/site-packages/airflow/example_dags/example_bash_decorator.py took 0.091 seconds
[2024-07-02T19:26:08.587+0000] {processor.py:161} INFO - Started process (PID=12763) to work on /usr/local/python/3.10.13/lib/python3.10/site-packages/airflow/example_dags/example_bash_decorator.py
[2024-07-02T19:26:08.588+0000] {processor.py:830} INFO - Processing file /usr/local/python/3.10.13/lib/python3.10/site-packages/airflow/example_dags/example_bash_decorator.py for tasks to queue
[2024-07-02T19:26:08.588+0000] {logging_mixin.py:188} INFO - [2024-07-02T19:26:08.588+0000] {dagbag.py:545} INFO - Filling up the DagBag from /usr/local/python/3.10.13/lib/python3.10/site-packages/airflow/example_dags/example_bash_decorator.py
[2024-07-02T19:26:08.602+0000] {processor.py:840} INFO - DAG(s) 'example_bash_decorator' retrieved from /usr/local/python/3.10.13/lib/python3.10/site-packages/airflow/example_dags/example_bash_decorator.py
[2024-07-02T19:26:08.625+0000] {logging_mixin.py:188} INFO - [2024-07-02T19:26:08.625+0000] {dag.py:3096} INFO - Sync 1 DAGs
[2024-07-02T19:26:08.639+0000] {logging_mixin.py:188} INFO - [2024-07-02T19:26:08.639+0000] {dag.py:3954} INFO - Setting next_dagrun for example_bash_decorator to None, run_after=None
[2024-07-02T19:26:08.685+0000] {processor.py:183} INFO - Processing /usr/local/python/3.10.13/lib/python3.10/site-packages/airflow/example_dags/example_bash_decorator.py took 0.103 seconds
[2024-07-02T19:27:14.541+0000] {processor.py:161} INFO - Started process (PID=13251) to work on /usr/local/python/3.10.13/lib/python3.10/site-packages/airflow/example_dags/example_bash_decorator.py
[2024-07-02T19:27:14.541+0000] {processor.py:830} INFO - Processing file /usr/local/python/3.10.13/lib/python3.10/site-packages/airflow/example_dags/example_bash_decorator.py for tasks to queue
[2024-07-02T19:27:14.542+0000] {logging_mixin.py:188} INFO - [2024-07-02T19:27:14.542+0000] {dagbag.py:545} INFO - Filling up the DagBag from /usr/local/python/3.10.13/lib/python3.10/site-packages/airflow/example_dags/example_bash_decorator.py
[2024-07-02T19:27:14.553+0000] {processor.py:840} INFO - DAG(s) 'example_bash_decorator' retrieved from /usr/local/python/3.10.13/lib/python3.10/site-packages/airflow/example_dags/example_bash_decorator.py
[2024-07-02T19:27:14.567+0000] {logging_mixin.py:188} INFO - [2024-07-02T19:27:14.567+0000] {dag.py:3096} INFO - Sync 1 DAGs
[2024-07-02T19:27:14.576+0000] {logging_mixin.py:188} INFO - [2024-07-02T19:27:14.576+0000] {dag.py:3954} INFO - Setting next_dagrun for example_bash_decorator to None, run_after=None
[2024-07-02T19:27:14.617+0000] {processor.py:183} INFO - Processing /usr/local/python/3.10.13/lib/python3.10/site-packages/airflow/example_dags/example_bash_decorator.py took 0.081 seconds
[2024-07-02T19:28:16.725+0000] {processor.py:161} INFO - Started process (PID=13850) to work on /usr/local/python/3.10.13/lib/python3.10/site-packages/airflow/example_dags/example_bash_decorator.py
[2024-07-02T19:28:16.726+0000] {processor.py:830} INFO - Processing file /usr/local/python/3.10.13/lib/python3.10/site-packages/airflow/example_dags/example_bash_decorator.py for tasks to queue
[2024-07-02T19:28:16.726+0000] {logging_mixin.py:188} INFO - [2024-07-02T19:28:16.726+0000] {dagbag.py:545} INFO - Filling up the DagBag from /usr/local/python/3.10.13/lib/python3.10/site-packages/airflow/example_dags/example_bash_decorator.py
[2024-07-02T19:28:16.737+0000] {processor.py:840} INFO - DAG(s) 'example_bash_decorator' retrieved from /usr/local/python/3.10.13/lib/python3.10/site-packages/airflow/example_dags/example_bash_decorator.py
[2024-07-02T19:28:16.752+0000] {logging_mixin.py:188} INFO - [2024-07-02T19:28:16.752+0000] {dag.py:3096} INFO - Sync 1 DAGs
[2024-07-02T19:28:16.760+0000] {logging_mixin.py:188} INFO - [2024-07-02T19:28:16.760+0000] {dag.py:3954} INFO - Setting next_dagrun for example_bash_decorator to None, run_after=None
[2024-07-02T19:28:16.801+0000] {processor.py:183} INFO - Processing /usr/local/python/3.10.13/lib/python3.10/site-packages/airflow/example_dags/example_bash_decorator.py took 0.081 seconds
[2024-07-02T19:29:25.565+0000] {processor.py:161} INFO - Started process (PID=14431) to work on /usr/local/python/3.10.13/lib/python3.10/site-packages/airflow/example_dags/example_bash_decorator.py
[2024-07-02T19:29:25.566+0000] {processor.py:830} INFO - Processing file /usr/local/python/3.10.13/lib/python3.10/site-packages/airflow/example_dags/example_bash_decorator.py for tasks to queue
[2024-07-02T19:29:25.567+0000] {logging_mixin.py:188} INFO - [2024-07-02T19:29:25.566+0000] {dagbag.py:545} INFO - Filling up the DagBag from /usr/local/python/3.10.13/lib/python3.10/site-packages/airflow/example_dags/example_bash_decorator.py
[2024-07-02T19:29:25.577+0000] {processor.py:840} INFO - DAG(s) 'example_bash_decorator' retrieved from /usr/local/python/3.10.13/lib/python3.10/site-packages/airflow/example_dags/example_bash_decorator.py
[2024-07-02T19:29:25.592+0000] {logging_mixin.py:188} INFO - [2024-07-02T19:29:25.591+0000] {dag.py:3096} INFO - Sync 1 DAGs
[2024-07-02T19:29:25.600+0000] {logging_mixin.py:188} INFO - [2024-07-02T19:29:25.600+0000] {dag.py:3954} INFO - Setting next_dagrun for example_bash_decorator to None, run_after=None
[2024-07-02T19:29:25.641+0000] {processor.py:183} INFO - Processing /usr/local/python/3.10.13/lib/python3.10/site-packages/airflow/example_dags/example_bash_decorator.py took 0.080 seconds
[2024-07-02T19:30:35.673+0000] {processor.py:161} INFO - Started process (PID=15008) to work on /usr/local/python/3.10.13/lib/python3.10/site-packages/airflow/example_dags/example_bash_decorator.py
[2024-07-02T19:30:35.674+0000] {processor.py:830} INFO - Processing file /usr/local/python/3.10.13/lib/python3.10/site-packages/airflow/example_dags/example_bash_decorator.py for tasks to queue
[2024-07-02T19:30:35.675+0000] {logging_mixin.py:188} INFO - [2024-07-02T19:30:35.674+0000] {dagbag.py:545} INFO - Filling up the DagBag from /usr/local/python/3.10.13/lib/python3.10/site-packages/airflow/example_dags/example_bash_decorator.py
[2024-07-02T19:30:35.685+0000] {processor.py:840} INFO - DAG(s) 'example_bash_decorator' retrieved from /usr/local/python/3.10.13/lib/python3.10/site-packages/airflow/example_dags/example_bash_decorator.py
[2024-07-02T19:30:35.699+0000] {logging_mixin.py:188} INFO - [2024-07-02T19:30:35.699+0000] {dag.py:3096} INFO - Sync 1 DAGs
[2024-07-02T19:30:35.708+0000] {logging_mixin.py:188} INFO - [2024-07-02T19:30:35.707+0000] {dag.py:3954} INFO - Setting next_dagrun for example_bash_decorator to None, run_after=None
[2024-07-02T19:30:35.747+0000] {processor.py:183} INFO - Processing /usr/local/python/3.10.13/lib/python3.10/site-packages/airflow/example_dags/example_bash_decorator.py took 0.079 seconds
[2024-07-02T19:31:47.166+0000] {processor.py:161} INFO - Started process (PID=15549) to work on /usr/local/python/3.10.13/lib/python3.10/site-packages/airflow/example_dags/example_bash_decorator.py
[2024-07-02T19:31:47.167+0000] {processor.py:830} INFO - Processing file /usr/local/python/3.10.13/lib/python3.10/site-packages/airflow/example_dags/example_bash_decorator.py for tasks to queue
[2024-07-02T19:31:47.168+0000] {logging_mixin.py:188} INFO - [2024-07-02T19:31:47.168+0000] {dagbag.py:545} INFO - Filling up the DagBag from /usr/local/python/3.10.13/lib/python3.10/site-packages/airflow/example_dags/example_bash_decorator.py
[2024-07-02T19:31:47.185+0000] {processor.py:840} INFO - DAG(s) 'example_bash_decorator' retrieved from /usr/local/python/3.10.13/lib/python3.10/site-packages/airflow/example_dags/example_bash_decorator.py
[2024-07-02T19:31:47.208+0000] {logging_mixin.py:188} INFO - [2024-07-02T19:31:47.207+0000] {dag.py:3096} INFO - Sync 1 DAGs
[2024-07-02T19:31:47.221+0000] {logging_mixin.py:188} INFO - [2024-07-02T19:31:47.220+0000] {dag.py:3954} INFO - Setting next_dagrun for example_bash_decorator to None, run_after=None
[2024-07-02T19:31:47.274+0000] {processor.py:183} INFO - Processing /usr/local/python/3.10.13/lib/python3.10/site-packages/airflow/example_dags/example_bash_decorator.py took 0.114 seconds
[2024-07-02T19:32:52.906+0000] {processor.py:161} INFO - Started process (PID=16042) to work on /usr/local/python/3.10.13/lib/python3.10/site-packages/airflow/example_dags/example_bash_decorator.py
[2024-07-02T19:32:52.907+0000] {processor.py:830} INFO - Processing file /usr/local/python/3.10.13/lib/python3.10/site-packages/airflow/example_dags/example_bash_decorator.py for tasks to queue
[2024-07-02T19:32:52.908+0000] {logging_mixin.py:188} INFO - [2024-07-02T19:32:52.907+0000] {dagbag.py:545} INFO - Filling up the DagBag from /usr/local/python/3.10.13/lib/python3.10/site-packages/airflow/example_dags/example_bash_decorator.py
[2024-07-02T19:32:52.918+0000] {processor.py:840} INFO - DAG(s) 'example_bash_decorator' retrieved from /usr/local/python/3.10.13/lib/python3.10/site-packages/airflow/example_dags/example_bash_decorator.py
[2024-07-02T19:32:52.933+0000] {logging_mixin.py:188} INFO - [2024-07-02T19:32:52.933+0000] {dag.py:3096} INFO - Sync 1 DAGs
[2024-07-02T19:32:52.943+0000] {logging_mixin.py:188} INFO - [2024-07-02T19:32:52.943+0000] {dag.py:3954} INFO - Setting next_dagrun for example_bash_decorator to None, run_after=None
[2024-07-02T19:32:52.984+0000] {processor.py:183} INFO - Processing /usr/local/python/3.10.13/lib/python3.10/site-packages/airflow/example_dags/example_bash_decorator.py took 0.082 seconds
[2024-07-02T19:33:59.342+0000] {processor.py:161} INFO - Started process (PID=16615) to work on /usr/local/python/3.10.13/lib/python3.10/site-packages/airflow/example_dags/example_bash_decorator.py
[2024-07-02T19:33:59.342+0000] {processor.py:830} INFO - Processing file /usr/local/python/3.10.13/lib/python3.10/site-packages/airflow/example_dags/example_bash_decorator.py for tasks to queue
[2024-07-02T19:33:59.343+0000] {logging_mixin.py:188} INFO - [2024-07-02T19:33:59.343+0000] {dagbag.py:545} INFO - Filling up the DagBag from /usr/local/python/3.10.13/lib/python3.10/site-packages/airflow/example_dags/example_bash_decorator.py
[2024-07-02T19:33:59.354+0000] {processor.py:840} INFO - DAG(s) 'example_bash_decorator' retrieved from /usr/local/python/3.10.13/lib/python3.10/site-packages/airflow/example_dags/example_bash_decorator.py
[2024-07-02T19:33:59.368+0000] {logging_mixin.py:188} INFO - [2024-07-02T19:33:59.368+0000] {dag.py:3096} INFO - Sync 1 DAGs
[2024-07-02T19:33:59.376+0000] {logging_mixin.py:188} INFO - [2024-07-02T19:33:59.376+0000] {dag.py:3954} INFO - Setting next_dagrun for example_bash_decorator to None, run_after=None
[2024-07-02T19:33:59.417+0000] {processor.py:183} INFO - Processing /usr/local/python/3.10.13/lib/python3.10/site-packages/airflow/example_dags/example_bash_decorator.py took 0.079 seconds
[2024-07-02T19:35:08.234+0000] {processor.py:161} INFO - Started process (PID=17182) to work on /usr/local/python/3.10.13/lib/python3.10/site-packages/airflow/example_dags/example_bash_decorator.py
[2024-07-02T19:35:08.235+0000] {processor.py:830} INFO - Processing file /usr/local/python/3.10.13/lib/python3.10/site-packages/airflow/example_dags/example_bash_decorator.py for tasks to queue
[2024-07-02T19:35:08.236+0000] {logging_mixin.py:188} INFO - [2024-07-02T19:35:08.236+0000] {dagbag.py:545} INFO - Filling up the DagBag from /usr/local/python/3.10.13/lib/python3.10/site-packages/airflow/example_dags/example_bash_decorator.py
[2024-07-02T19:35:08.246+0000] {processor.py:840} INFO - DAG(s) 'example_bash_decorator' retrieved from /usr/local/python/3.10.13/lib/python3.10/site-packages/airflow/example_dags/example_bash_decorator.py
[2024-07-02T19:35:08.261+0000] {logging_mixin.py:188} INFO - [2024-07-02T19:35:08.261+0000] {dag.py:3096} INFO - Sync 1 DAGs
[2024-07-02T19:35:08.270+0000] {logging_mixin.py:188} INFO - [2024-07-02T19:35:08.269+0000] {dag.py:3954} INFO - Setting next_dagrun for example_bash_decorator to None, run_after=None
[2024-07-02T19:35:08.310+0000] {processor.py:183} INFO - Processing /usr/local/python/3.10.13/lib/python3.10/site-packages/airflow/example_dags/example_bash_decorator.py took 0.080 seconds
[2024-07-02T19:36:25.120+0000] {processor.py:161} INFO - Started process (PID=17850) to work on /usr/local/python/3.10.13/lib/python3.10/site-packages/airflow/example_dags/example_bash_decorator.py
[2024-07-02T19:36:25.120+0000] {processor.py:830} INFO - Processing file /usr/local/python/3.10.13/lib/python3.10/site-packages/airflow/example_dags/example_bash_decorator.py for tasks to queue
[2024-07-02T19:36:25.121+0000] {logging_mixin.py:188} INFO - [2024-07-02T19:36:25.121+0000] {dagbag.py:545} INFO - Filling up the DagBag from /usr/local/python/3.10.13/lib/python3.10/site-packages/airflow/example_dags/example_bash_decorator.py
[2024-07-02T19:36:25.132+0000] {processor.py:840} INFO - DAG(s) 'example_bash_decorator' retrieved from /usr/local/python/3.10.13/lib/python3.10/site-packages/airflow/example_dags/example_bash_decorator.py
[2024-07-02T19:36:25.146+0000] {logging_mixin.py:188} INFO - [2024-07-02T19:36:25.146+0000] {dag.py:3096} INFO - Sync 1 DAGs
[2024-07-02T19:36:25.154+0000] {logging_mixin.py:188} INFO - [2024-07-02T19:36:25.154+0000] {dag.py:3954} INFO - Setting next_dagrun for example_bash_decorator to None, run_after=None
[2024-07-02T19:36:25.193+0000] {processor.py:183} INFO - Processing /usr/local/python/3.10.13/lib/python3.10/site-packages/airflow/example_dags/example_bash_decorator.py took 0.078 seconds
[2024-07-02T19:37:16.793+0000] {processor.py:161} INFO - Started process (PID=18220) to work on /usr/local/python/3.10.13/lib/python3.10/site-packages/airflow/example_dags/example_bash_decorator.py
[2024-07-02T19:37:16.793+0000] {processor.py:830} INFO - Processing file /usr/local/python/3.10.13/lib/python3.10/site-packages/airflow/example_dags/example_bash_decorator.py for tasks to queue
[2024-07-02T19:37:16.794+0000] {logging_mixin.py:188} INFO - [2024-07-02T19:37:16.794+0000] {dagbag.py:545} INFO - Filling up the DagBag from /usr/local/python/3.10.13/lib/python3.10/site-packages/airflow/example_dags/example_bash_decorator.py
[2024-07-02T19:37:16.805+0000] {processor.py:840} INFO - DAG(s) 'example_bash_decorator' retrieved from /usr/local/python/3.10.13/lib/python3.10/site-packages/airflow/example_dags/example_bash_decorator.py
[2024-07-02T19:37:16.820+0000] {logging_mixin.py:188} INFO - [2024-07-02T19:37:16.820+0000] {dag.py:3096} INFO - Sync 1 DAGs
[2024-07-02T19:37:16.829+0000] {logging_mixin.py:188} INFO - [2024-07-02T19:37:16.828+0000] {dag.py:3954} INFO - Setting next_dagrun for example_bash_decorator to None, run_after=None
[2024-07-02T19:37:16.869+0000] {processor.py:183} INFO - Processing /usr/local/python/3.10.13/lib/python3.10/site-packages/airflow/example_dags/example_bash_decorator.py took 0.081 seconds
[2024-07-02T19:38:22.122+0000] {processor.py:161} INFO - Started process (PID=18704) to work on /usr/local/python/3.10.13/lib/python3.10/site-packages/airflow/example_dags/example_bash_decorator.py
[2024-07-02T19:38:22.123+0000] {processor.py:830} INFO - Processing file /usr/local/python/3.10.13/lib/python3.10/site-packages/airflow/example_dags/example_bash_decorator.py for tasks to queue
[2024-07-02T19:38:22.124+0000] {logging_mixin.py:188} INFO - [2024-07-02T19:38:22.123+0000] {dagbag.py:545} INFO - Filling up the DagBag from /usr/local/python/3.10.13/lib/python3.10/site-packages/airflow/example_dags/example_bash_decorator.py
[2024-07-02T19:38:22.134+0000] {processor.py:840} INFO - DAG(s) 'example_bash_decorator' retrieved from /usr/local/python/3.10.13/lib/python3.10/site-packages/airflow/example_dags/example_bash_decorator.py
[2024-07-02T19:38:22.150+0000] {logging_mixin.py:188} INFO - [2024-07-02T19:38:22.149+0000] {dag.py:3096} INFO - Sync 1 DAGs
[2024-07-02T19:38:22.158+0000] {logging_mixin.py:188} INFO - [2024-07-02T19:38:22.158+0000] {dag.py:3954} INFO - Setting next_dagrun for example_bash_decorator to None, run_after=None
[2024-07-02T19:38:22.197+0000] {processor.py:183} INFO - Processing /usr/local/python/3.10.13/lib/python3.10/site-packages/airflow/example_dags/example_bash_decorator.py took 0.080 seconds
[2024-07-02T19:39:27.766+0000] {processor.py:161} INFO - Started process (PID=19171) to work on /usr/local/python/3.10.13/lib/python3.10/site-packages/airflow/example_dags/example_bash_decorator.py
[2024-07-02T19:39:27.767+0000] {processor.py:830} INFO - Processing file /usr/local/python/3.10.13/lib/python3.10/site-packages/airflow/example_dags/example_bash_decorator.py for tasks to queue
[2024-07-02T19:39:27.767+0000] {logging_mixin.py:188} INFO - [2024-07-02T19:39:27.767+0000] {dagbag.py:545} INFO - Filling up the DagBag from /usr/local/python/3.10.13/lib/python3.10/site-packages/airflow/example_dags/example_bash_decorator.py
[2024-07-02T19:39:27.778+0000] {processor.py:840} INFO - DAG(s) 'example_bash_decorator' retrieved from /usr/local/python/3.10.13/lib/python3.10/site-packages/airflow/example_dags/example_bash_decorator.py
[2024-07-02T19:39:27.793+0000] {logging_mixin.py:188} INFO - [2024-07-02T19:39:27.792+0000] {dag.py:3096} INFO - Sync 1 DAGs
[2024-07-02T19:39:27.801+0000] {logging_mixin.py:188} INFO - [2024-07-02T19:39:27.801+0000] {dag.py:3954} INFO - Setting next_dagrun for example_bash_decorator to None, run_after=None
[2024-07-02T19:39:27.842+0000] {processor.py:183} INFO - Processing /usr/local/python/3.10.13/lib/python3.10/site-packages/airflow/example_dags/example_bash_decorator.py took 0.080 seconds
[2024-07-02T19:40:24.858+0000] {processor.py:161} INFO - Started process (PID=19613) to work on /usr/local/python/3.10.13/lib/python3.10/site-packages/airflow/example_dags/example_bash_decorator.py
[2024-07-02T19:40:24.859+0000] {processor.py:830} INFO - Processing file /usr/local/python/3.10.13/lib/python3.10/site-packages/airflow/example_dags/example_bash_decorator.py for tasks to queue
[2024-07-02T19:40:24.859+0000] {logging_mixin.py:188} INFO - [2024-07-02T19:40:24.859+0000] {dagbag.py:545} INFO - Filling up the DagBag from /usr/local/python/3.10.13/lib/python3.10/site-packages/airflow/example_dags/example_bash_decorator.py
[2024-07-02T19:40:24.870+0000] {processor.py:840} INFO - DAG(s) 'example_bash_decorator' retrieved from /usr/local/python/3.10.13/lib/python3.10/site-packages/airflow/example_dags/example_bash_decorator.py
[2024-07-02T19:40:24.884+0000] {logging_mixin.py:188} INFO - [2024-07-02T19:40:24.884+0000] {dag.py:3096} INFO - Sync 1 DAGs
[2024-07-02T19:40:24.893+0000] {logging_mixin.py:188} INFO - [2024-07-02T19:40:24.893+0000] {dag.py:3954} INFO - Setting next_dagrun for example_bash_decorator to None, run_after=None
[2024-07-02T19:40:24.934+0000] {processor.py:183} INFO - Processing /usr/local/python/3.10.13/lib/python3.10/site-packages/airflow/example_dags/example_bash_decorator.py took 0.081 seconds
[2024-07-02T19:41:31.754+0000] {processor.py:161} INFO - Started process (PID=20112) to work on /usr/local/python/3.10.13/lib/python3.10/site-packages/airflow/example_dags/example_bash_decorator.py
[2024-07-02T19:41:31.755+0000] {processor.py:830} INFO - Processing file /usr/local/python/3.10.13/lib/python3.10/site-packages/airflow/example_dags/example_bash_decorator.py for tasks to queue
[2024-07-02T19:41:31.755+0000] {logging_mixin.py:188} INFO - [2024-07-02T19:41:31.755+0000] {dagbag.py:545} INFO - Filling up the DagBag from /usr/local/python/3.10.13/lib/python3.10/site-packages/airflow/example_dags/example_bash_decorator.py
[2024-07-02T19:41:31.766+0000] {processor.py:840} INFO - DAG(s) 'example_bash_decorator' retrieved from /usr/local/python/3.10.13/lib/python3.10/site-packages/airflow/example_dags/example_bash_decorator.py
[2024-07-02T19:41:31.784+0000] {logging_mixin.py:188} INFO - [2024-07-02T19:41:31.784+0000] {dag.py:3096} INFO - Sync 1 DAGs
[2024-07-02T19:41:31.797+0000] {logging_mixin.py:188} INFO - [2024-07-02T19:41:31.797+0000] {dag.py:3954} INFO - Setting next_dagrun for example_bash_decorator to None, run_after=None
[2024-07-02T19:41:31.845+0000] {processor.py:183} INFO - Processing /usr/local/python/3.10.13/lib/python3.10/site-packages/airflow/example_dags/example_bash_decorator.py took 0.095 seconds
[2024-07-02T19:42:32.422+0000] {processor.py:161} INFO - Started process (PID=20579) to work on /usr/local/python/3.10.13/lib/python3.10/site-packages/airflow/example_dags/example_bash_decorator.py
[2024-07-02T19:42:32.423+0000] {processor.py:830} INFO - Processing file /usr/local/python/3.10.13/lib/python3.10/site-packages/airflow/example_dags/example_bash_decorator.py for tasks to queue
[2024-07-02T19:42:32.423+0000] {logging_mixin.py:188} INFO - [2024-07-02T19:42:32.423+0000] {dagbag.py:545} INFO - Filling up the DagBag from /usr/local/python/3.10.13/lib/python3.10/site-packages/airflow/example_dags/example_bash_decorator.py
[2024-07-02T19:42:32.434+0000] {processor.py:840} INFO - DAG(s) 'example_bash_decorator' retrieved from /usr/local/python/3.10.13/lib/python3.10/site-packages/airflow/example_dags/example_bash_decorator.py
[2024-07-02T19:42:32.448+0000] {logging_mixin.py:188} INFO - [2024-07-02T19:42:32.448+0000] {dag.py:3096} INFO - Sync 1 DAGs
[2024-07-02T19:42:32.457+0000] {logging_mixin.py:188} INFO - [2024-07-02T19:42:32.457+0000] {dag.py:3954} INFO - Setting next_dagrun for example_bash_decorator to None, run_after=None
[2024-07-02T19:42:32.497+0000] {processor.py:183} INFO - Processing /usr/local/python/3.10.13/lib/python3.10/site-packages/airflow/example_dags/example_bash_decorator.py took 0.080 seconds
[2024-07-02T19:43:52.737+0000] {processor.py:161} INFO - Started process (PID=21243) to work on /usr/local/python/3.10.13/lib/python3.10/site-packages/airflow/example_dags/example_bash_decorator.py
[2024-07-02T19:43:52.738+0000] {processor.py:830} INFO - Processing file /usr/local/python/3.10.13/lib/python3.10/site-packages/airflow/example_dags/example_bash_decorator.py for tasks to queue
[2024-07-02T19:43:52.738+0000] {logging_mixin.py:188} INFO - [2024-07-02T19:43:52.738+0000] {dagbag.py:545} INFO - Filling up the DagBag from /usr/local/python/3.10.13/lib/python3.10/site-packages/airflow/example_dags/example_bash_decorator.py
[2024-07-02T19:43:52.750+0000] {processor.py:840} INFO - DAG(s) 'example_bash_decorator' retrieved from /usr/local/python/3.10.13/lib/python3.10/site-packages/airflow/example_dags/example_bash_decorator.py
[2024-07-02T19:43:52.764+0000] {logging_mixin.py:188} INFO - [2024-07-02T19:43:52.764+0000] {dag.py:3096} INFO - Sync 1 DAGs
[2024-07-02T19:43:52.772+0000] {logging_mixin.py:188} INFO - [2024-07-02T19:43:52.772+0000] {dag.py:3954} INFO - Setting next_dagrun for example_bash_decorator to None, run_after=None
[2024-07-02T19:43:52.815+0000] {processor.py:183} INFO - Processing /usr/local/python/3.10.13/lib/python3.10/site-packages/airflow/example_dags/example_bash_decorator.py took 0.082 seconds
[2024-07-02T19:44:58.374+0000] {processor.py:161} INFO - Started process (PID=21749) to work on /usr/local/python/3.10.13/lib/python3.10/site-packages/airflow/example_dags/example_bash_decorator.py
[2024-07-02T19:44:58.374+0000] {processor.py:830} INFO - Processing file /usr/local/python/3.10.13/lib/python3.10/site-packages/airflow/example_dags/example_bash_decorator.py for tasks to queue
[2024-07-02T19:44:58.375+0000] {logging_mixin.py:188} INFO - [2024-07-02T19:44:58.375+0000] {dagbag.py:545} INFO - Filling up the DagBag from /usr/local/python/3.10.13/lib/python3.10/site-packages/airflow/example_dags/example_bash_decorator.py
[2024-07-02T19:44:58.387+0000] {processor.py:840} INFO - DAG(s) 'example_bash_decorator' retrieved from /usr/local/python/3.10.13/lib/python3.10/site-packages/airflow/example_dags/example_bash_decorator.py
[2024-07-02T19:44:58.401+0000] {logging_mixin.py:188} INFO - [2024-07-02T19:44:58.401+0000] {dag.py:3096} INFO - Sync 1 DAGs
[2024-07-02T19:44:58.410+0000] {logging_mixin.py:188} INFO - [2024-07-02T19:44:58.410+0000] {dag.py:3954} INFO - Setting next_dagrun for example_bash_decorator to None, run_after=None
[2024-07-02T19:44:58.452+0000] {processor.py:183} INFO - Processing /usr/local/python/3.10.13/lib/python3.10/site-packages/airflow/example_dags/example_bash_decorator.py took 0.083 seconds
[2024-07-02T19:46:00.191+0000] {processor.py:161} INFO - Started process (PID=22196) to work on /usr/local/python/3.10.13/lib/python3.10/site-packages/airflow/example_dags/example_bash_decorator.py
[2024-07-02T19:46:00.191+0000] {processor.py:830} INFO - Processing file /usr/local/python/3.10.13/lib/python3.10/site-packages/airflow/example_dags/example_bash_decorator.py for tasks to queue
[2024-07-02T19:46:00.192+0000] {logging_mixin.py:188} INFO - [2024-07-02T19:46:00.192+0000] {dagbag.py:545} INFO - Filling up the DagBag from /usr/local/python/3.10.13/lib/python3.10/site-packages/airflow/example_dags/example_bash_decorator.py
[2024-07-02T19:46:00.203+0000] {processor.py:840} INFO - DAG(s) 'example_bash_decorator' retrieved from /usr/local/python/3.10.13/lib/python3.10/site-packages/airflow/example_dags/example_bash_decorator.py
[2024-07-02T19:46:00.217+0000] {logging_mixin.py:188} INFO - [2024-07-02T19:46:00.217+0000] {dag.py:3096} INFO - Sync 1 DAGs
[2024-07-02T19:46:00.226+0000] {logging_mixin.py:188} INFO - [2024-07-02T19:46:00.226+0000] {dag.py:3954} INFO - Setting next_dagrun for example_bash_decorator to None, run_after=None
[2024-07-02T19:46:00.268+0000] {processor.py:183} INFO - Processing /usr/local/python/3.10.13/lib/python3.10/site-packages/airflow/example_dags/example_bash_decorator.py took 0.083 seconds
[2024-07-02T19:47:09.851+0000] {processor.py:161} INFO - Started process (PID=22675) to work on /usr/local/python/3.10.13/lib/python3.10/site-packages/airflow/example_dags/example_bash_decorator.py
[2024-07-02T19:47:09.852+0000] {processor.py:830} INFO - Processing file /usr/local/python/3.10.13/lib/python3.10/site-packages/airflow/example_dags/example_bash_decorator.py for tasks to queue
[2024-07-02T19:47:09.852+0000] {logging_mixin.py:188} INFO - [2024-07-02T19:47:09.852+0000] {dagbag.py:545} INFO - Filling up the DagBag from /usr/local/python/3.10.13/lib/python3.10/site-packages/airflow/example_dags/example_bash_decorator.py
[2024-07-02T19:47:09.863+0000] {processor.py:840} INFO - DAG(s) 'example_bash_decorator' retrieved from /usr/local/python/3.10.13/lib/python3.10/site-packages/airflow/example_dags/example_bash_decorator.py
[2024-07-02T19:47:09.877+0000] {logging_mixin.py:188} INFO - [2024-07-02T19:47:09.877+0000] {dag.py:3096} INFO - Sync 1 DAGs
[2024-07-02T19:47:09.886+0000] {logging_mixin.py:188} INFO - [2024-07-02T19:47:09.886+0000] {dag.py:3954} INFO - Setting next_dagrun for example_bash_decorator to None, run_after=None
[2024-07-02T19:47:09.928+0000] {processor.py:183} INFO - Processing /usr/local/python/3.10.13/lib/python3.10/site-packages/airflow/example_dags/example_bash_decorator.py took 0.081 seconds
[2024-07-02T19:48:13.991+0000] {processor.py:161} INFO - Started process (PID=23115) to work on /usr/local/python/3.10.13/lib/python3.10/site-packages/airflow/example_dags/example_bash_decorator.py
[2024-07-02T19:48:13.992+0000] {processor.py:830} INFO - Processing file /usr/local/python/3.10.13/lib/python3.10/site-packages/airflow/example_dags/example_bash_decorator.py for tasks to queue
[2024-07-02T19:48:13.992+0000] {logging_mixin.py:188} INFO - [2024-07-02T19:48:13.992+0000] {dagbag.py:545} INFO - Filling up the DagBag from /usr/local/python/3.10.13/lib/python3.10/site-packages/airflow/example_dags/example_bash_decorator.py
[2024-07-02T19:48:14.004+0000] {processor.py:840} INFO - DAG(s) 'example_bash_decorator' retrieved from /usr/local/python/3.10.13/lib/python3.10/site-packages/airflow/example_dags/example_bash_decorator.py
[2024-07-02T19:48:14.019+0000] {logging_mixin.py:188} INFO - [2024-07-02T19:48:14.019+0000] {dag.py:3096} INFO - Sync 1 DAGs
[2024-07-02T19:48:14.028+0000] {logging_mixin.py:188} INFO - [2024-07-02T19:48:14.028+0000] {dag.py:3954} INFO - Setting next_dagrun for example_bash_decorator to None, run_after=None
[2024-07-02T19:48:14.070+0000] {processor.py:183} INFO - Processing /usr/local/python/3.10.13/lib/python3.10/site-packages/airflow/example_dags/example_bash_decorator.py took 0.083 seconds
[2024-07-02T19:49:19.706+0000] {processor.py:161} INFO - Started process (PID=23626) to work on /usr/local/python/3.10.13/lib/python3.10/site-packages/airflow/example_dags/example_bash_decorator.py
[2024-07-02T19:49:19.706+0000] {processor.py:830} INFO - Processing file /usr/local/python/3.10.13/lib/python3.10/site-packages/airflow/example_dags/example_bash_decorator.py for tasks to queue
[2024-07-02T19:49:19.707+0000] {logging_mixin.py:188} INFO - [2024-07-02T19:49:19.707+0000] {dagbag.py:545} INFO - Filling up the DagBag from /usr/local/python/3.10.13/lib/python3.10/site-packages/airflow/example_dags/example_bash_decorator.py
[2024-07-02T19:49:19.717+0000] {processor.py:840} INFO - DAG(s) 'example_bash_decorator' retrieved from /usr/local/python/3.10.13/lib/python3.10/site-packages/airflow/example_dags/example_bash_decorator.py
[2024-07-02T19:49:19.732+0000] {logging_mixin.py:188} INFO - [2024-07-02T19:49:19.731+0000] {dag.py:3096} INFO - Sync 1 DAGs
[2024-07-02T19:49:19.741+0000] {logging_mixin.py:188} INFO - [2024-07-02T19:49:19.740+0000] {dag.py:3954} INFO - Setting next_dagrun for example_bash_decorator to None, run_after=None
[2024-07-02T19:49:19.779+0000] {processor.py:183} INFO - Processing /usr/local/python/3.10.13/lib/python3.10/site-packages/airflow/example_dags/example_bash_decorator.py took 0.078 seconds
[2024-07-02T19:50:26.695+0000] {processor.py:161} INFO - Started process (PID=24130) to work on /usr/local/python/3.10.13/lib/python3.10/site-packages/airflow/example_dags/example_bash_decorator.py
[2024-07-02T19:50:26.695+0000] {processor.py:830} INFO - Processing file /usr/local/python/3.10.13/lib/python3.10/site-packages/airflow/example_dags/example_bash_decorator.py for tasks to queue
[2024-07-02T19:50:26.696+0000] {logging_mixin.py:188} INFO - [2024-07-02T19:50:26.696+0000] {dagbag.py:545} INFO - Filling up the DagBag from /usr/local/python/3.10.13/lib/python3.10/site-packages/airflow/example_dags/example_bash_decorator.py
[2024-07-02T19:50:26.707+0000] {processor.py:840} INFO - DAG(s) 'example_bash_decorator' retrieved from /usr/local/python/3.10.13/lib/python3.10/site-packages/airflow/example_dags/example_bash_decorator.py
[2024-07-02T19:50:26.721+0000] {logging_mixin.py:188} INFO - [2024-07-02T19:50:26.721+0000] {dag.py:3096} INFO - Sync 1 DAGs
[2024-07-02T19:50:26.730+0000] {logging_mixin.py:188} INFO - [2024-07-02T19:50:26.730+0000] {dag.py:3954} INFO - Setting next_dagrun for example_bash_decorator to None, run_after=None
[2024-07-02T19:50:26.767+0000] {processor.py:183} INFO - Processing /usr/local/python/3.10.13/lib/python3.10/site-packages/airflow/example_dags/example_bash_decorator.py took 0.077 seconds
[2024-07-02T19:51:34.260+0000] {processor.py:161} INFO - Started process (PID=24640) to work on /usr/local/python/3.10.13/lib/python3.10/site-packages/airflow/example_dags/example_bash_decorator.py
[2024-07-02T19:51:34.261+0000] {processor.py:830} INFO - Processing file /usr/local/python/3.10.13/lib/python3.10/site-packages/airflow/example_dags/example_bash_decorator.py for tasks to queue
[2024-07-02T19:51:34.261+0000] {logging_mixin.py:188} INFO - [2024-07-02T19:51:34.261+0000] {dagbag.py:545} INFO - Filling up the DagBag from /usr/local/python/3.10.13/lib/python3.10/site-packages/airflow/example_dags/example_bash_decorator.py
[2024-07-02T19:51:34.272+0000] {processor.py:840} INFO - DAG(s) 'example_bash_decorator' retrieved from /usr/local/python/3.10.13/lib/python3.10/site-packages/airflow/example_dags/example_bash_decorator.py
[2024-07-02T19:51:34.286+0000] {logging_mixin.py:188} INFO - [2024-07-02T19:51:34.286+0000] {dag.py:3096} INFO - Sync 1 DAGs
[2024-07-02T19:51:34.295+0000] {logging_mixin.py:188} INFO - [2024-07-02T19:51:34.295+0000] {dag.py:3954} INFO - Setting next_dagrun for example_bash_decorator to None, run_after=None
[2024-07-02T19:51:34.345+0000] {processor.py:183} INFO - Processing /usr/local/python/3.10.13/lib/python3.10/site-packages/airflow/example_dags/example_bash_decorator.py took 0.089 seconds
[2024-07-02T19:52:40.369+0000] {processor.py:161} INFO - Started process (PID=25135) to work on /usr/local/python/3.10.13/lib/python3.10/site-packages/airflow/example_dags/example_bash_decorator.py
[2024-07-02T19:52:40.369+0000] {processor.py:830} INFO - Processing file /usr/local/python/3.10.13/lib/python3.10/site-packages/airflow/example_dags/example_bash_decorator.py for tasks to queue
[2024-07-02T19:52:40.370+0000] {logging_mixin.py:188} INFO - [2024-07-02T19:52:40.370+0000] {dagbag.py:545} INFO - Filling up the DagBag from /usr/local/python/3.10.13/lib/python3.10/site-packages/airflow/example_dags/example_bash_decorator.py
[2024-07-02T19:52:40.380+0000] {processor.py:840} INFO - DAG(s) 'example_bash_decorator' retrieved from /usr/local/python/3.10.13/lib/python3.10/site-packages/airflow/example_dags/example_bash_decorator.py
[2024-07-02T19:52:40.395+0000] {logging_mixin.py:188} INFO - [2024-07-02T19:52:40.395+0000] {dag.py:3096} INFO - Sync 1 DAGs
[2024-07-02T19:52:40.404+0000] {logging_mixin.py:188} INFO - [2024-07-02T19:52:40.403+0000] {dag.py:3954} INFO - Setting next_dagrun for example_bash_decorator to None, run_after=None
[2024-07-02T19:52:40.444+0000] {processor.py:183} INFO - Processing /usr/local/python/3.10.13/lib/python3.10/site-packages/airflow/example_dags/example_bash_decorator.py took 0.080 seconds
[2024-07-02T19:53:46.556+0000] {processor.py:161} INFO - Started process (PID=25648) to work on /usr/local/python/3.10.13/lib/python3.10/site-packages/airflow/example_dags/example_bash_decorator.py
[2024-07-02T19:53:46.557+0000] {processor.py:830} INFO - Processing file /usr/local/python/3.10.13/lib/python3.10/site-packages/airflow/example_dags/example_bash_decorator.py for tasks to queue
[2024-07-02T19:53:46.557+0000] {logging_mixin.py:188} INFO - [2024-07-02T19:53:46.557+0000] {dagbag.py:545} INFO - Filling up the DagBag from /usr/local/python/3.10.13/lib/python3.10/site-packages/airflow/example_dags/example_bash_decorator.py
[2024-07-02T19:53:46.568+0000] {processor.py:840} INFO - DAG(s) 'example_bash_decorator' retrieved from /usr/local/python/3.10.13/lib/python3.10/site-packages/airflow/example_dags/example_bash_decorator.py
[2024-07-02T19:53:46.582+0000] {logging_mixin.py:188} INFO - [2024-07-02T19:53:46.582+0000] {dag.py:3096} INFO - Sync 1 DAGs
[2024-07-02T19:53:46.591+0000] {logging_mixin.py:188} INFO - [2024-07-02T19:53:46.591+0000] {dag.py:3954} INFO - Setting next_dagrun for example_bash_decorator to None, run_after=None
[2024-07-02T19:53:46.651+0000] {processor.py:183} INFO - Processing /usr/local/python/3.10.13/lib/python3.10/site-packages/airflow/example_dags/example_bash_decorator.py took 0.100 seconds
[2024-07-02T19:54:51.617+0000] {processor.py:161} INFO - Started process (PID=26130) to work on /usr/local/python/3.10.13/lib/python3.10/site-packages/airflow/example_dags/example_bash_decorator.py
[2024-07-02T19:54:51.618+0000] {processor.py:830} INFO - Processing file /usr/local/python/3.10.13/lib/python3.10/site-packages/airflow/example_dags/example_bash_decorator.py for tasks to queue
[2024-07-02T19:54:51.619+0000] {logging_mixin.py:188} INFO - [2024-07-02T19:54:51.618+0000] {dagbag.py:545} INFO - Filling up the DagBag from /usr/local/python/3.10.13/lib/python3.10/site-packages/airflow/example_dags/example_bash_decorator.py
[2024-07-02T19:54:51.630+0000] {processor.py:840} INFO - DAG(s) 'example_bash_decorator' retrieved from /usr/local/python/3.10.13/lib/python3.10/site-packages/airflow/example_dags/example_bash_decorator.py
[2024-07-02T19:54:51.644+0000] {logging_mixin.py:188} INFO - [2024-07-02T19:54:51.644+0000] {dag.py:3096} INFO - Sync 1 DAGs
[2024-07-02T19:54:51.652+0000] {logging_mixin.py:188} INFO - [2024-07-02T19:54:51.652+0000] {dag.py:3954} INFO - Setting next_dagrun for example_bash_decorator to None, run_after=None
[2024-07-02T19:54:51.693+0000] {processor.py:183} INFO - Processing /usr/local/python/3.10.13/lib/python3.10/site-packages/airflow/example_dags/example_bash_decorator.py took 0.080 seconds
[2024-07-02T19:55:58.934+0000] {processor.py:161} INFO - Started process (PID=26655) to work on /usr/local/python/3.10.13/lib/python3.10/site-packages/airflow/example_dags/example_bash_decorator.py
[2024-07-02T19:55:58.934+0000] {processor.py:830} INFO - Processing file /usr/local/python/3.10.13/lib/python3.10/site-packages/airflow/example_dags/example_bash_decorator.py for tasks to queue
[2024-07-02T19:55:58.935+0000] {logging_mixin.py:188} INFO - [2024-07-02T19:55:58.935+0000] {dagbag.py:545} INFO - Filling up the DagBag from /usr/local/python/3.10.13/lib/python3.10/site-packages/airflow/example_dags/example_bash_decorator.py
[2024-07-02T19:55:58.945+0000] {processor.py:840} INFO - DAG(s) 'example_bash_decorator' retrieved from /usr/local/python/3.10.13/lib/python3.10/site-packages/airflow/example_dags/example_bash_decorator.py
[2024-07-02T19:55:58.960+0000] {logging_mixin.py:188} INFO - [2024-07-02T19:55:58.960+0000] {dag.py:3096} INFO - Sync 1 DAGs
[2024-07-02T19:55:58.968+0000] {logging_mixin.py:188} INFO - [2024-07-02T19:55:58.968+0000] {dag.py:3954} INFO - Setting next_dagrun for example_bash_decorator to None, run_after=None
[2024-07-02T19:55:59.007+0000] {processor.py:183} INFO - Processing /usr/local/python/3.10.13/lib/python3.10/site-packages/airflow/example_dags/example_bash_decorator.py took 0.078 seconds
[2024-07-02T19:57:15.154+0000] {processor.py:161} INFO - Started process (PID=27344) to work on /usr/local/python/3.10.13/lib/python3.10/site-packages/airflow/example_dags/example_bash_decorator.py
[2024-07-02T19:57:15.155+0000] {processor.py:830} INFO - Processing file /usr/local/python/3.10.13/lib/python3.10/site-packages/airflow/example_dags/example_bash_decorator.py for tasks to queue
[2024-07-02T19:57:15.156+0000] {logging_mixin.py:188} INFO - [2024-07-02T19:57:15.156+0000] {dagbag.py:545} INFO - Filling up the DagBag from /usr/local/python/3.10.13/lib/python3.10/site-packages/airflow/example_dags/example_bash_decorator.py
[2024-07-02T19:57:15.166+0000] {processor.py:840} INFO - DAG(s) 'example_bash_decorator' retrieved from /usr/local/python/3.10.13/lib/python3.10/site-packages/airflow/example_dags/example_bash_decorator.py
[2024-07-02T19:57:15.181+0000] {logging_mixin.py:188} INFO - [2024-07-02T19:57:15.180+0000] {dag.py:3096} INFO - Sync 1 DAGs
[2024-07-02T19:57:15.189+0000] {logging_mixin.py:188} INFO - [2024-07-02T19:57:15.189+0000] {dag.py:3954} INFO - Setting next_dagrun for example_bash_decorator to None, run_after=None
[2024-07-02T19:57:15.230+0000] {processor.py:183} INFO - Processing /usr/local/python/3.10.13/lib/python3.10/site-packages/airflow/example_dags/example_bash_decorator.py took 0.080 seconds
