[2024-07-02T19:09:15.350+0000] {processor.py:161} INFO - Started process (PID=4793) to work on /usr/local/python/3.10.13/lib/python3.10/site-packages/airflow/example_dags/example_trigger_controller_dag.py
[2024-07-02T19:09:15.351+0000] {processor.py:830} INFO - Processing file /usr/local/python/3.10.13/lib/python3.10/site-packages/airflow/example_dags/example_trigger_controller_dag.py for tasks to queue
[2024-07-02T19:09:15.352+0000] {logging_mixin.py:188} INFO - [2024-07-02T19:09:15.352+0000] {dagbag.py:545} INFO - Filling up the DagBag from /usr/local/python/3.10.13/lib/python3.10/site-packages/airflow/example_dags/example_trigger_controller_dag.py
[2024-07-02T19:09:15.357+0000] {processor.py:840} INFO - DAG(s) 'example_trigger_controller_dag' retrieved from /usr/local/python/3.10.13/lib/python3.10/site-packages/airflow/example_dags/example_trigger_controller_dag.py
[2024-07-02T19:09:15.510+0000] {logging_mixin.py:188} INFO - [2024-07-02T19:09:15.510+0000] {override.py:1829} INFO - Created Permission View: can read on DAG:example_trigger_controller_dag
[2024-07-02T19:09:15.615+0000] {logging_mixin.py:188} INFO - [2024-07-02T19:09:15.614+0000] {override.py:1829} INFO - Created Permission View: can delete on DAG:example_trigger_controller_dag
[2024-07-02T19:09:15.647+0000] {logging_mixin.py:188} INFO - [2024-07-02T19:09:15.647+0000] {override.py:1829} INFO - Created Permission View: can edit on DAG:example_trigger_controller_dag
[2024-07-02T19:09:15.647+0000] {logging_mixin.py:188} INFO - [2024-07-02T19:09:15.647+0000] {dag.py:3096} INFO - Sync 1 DAGs
[2024-07-02T19:09:15.655+0000] {logging_mixin.py:188} INFO - [2024-07-02T19:09:15.654+0000] {dag.py:3118} INFO - Creating ORM DAG for example_trigger_controller_dag
[2024-07-02T19:09:15.660+0000] {logging_mixin.py:188} INFO - [2024-07-02T19:09:15.660+0000] {dag.py:3954} INFO - Setting next_dagrun for example_trigger_controller_dag to 2021-01-01 00:00:00+00:00, run_after=2021-01-01 00:00:00+00:00
[2024-07-02T19:09:15.704+0000] {processor.py:183} INFO - Processing /usr/local/python/3.10.13/lib/python3.10/site-packages/airflow/example_dags/example_trigger_controller_dag.py took 0.358 seconds
[2024-07-02T19:10:10.423+0000] {processor.py:161} INFO - Started process (PID=5482) to work on /usr/local/python/3.10.13/lib/python3.10/site-packages/airflow/example_dags/example_trigger_controller_dag.py
[2024-07-02T19:10:10.423+0000] {processor.py:830} INFO - Processing file /usr/local/python/3.10.13/lib/python3.10/site-packages/airflow/example_dags/example_trigger_controller_dag.py for tasks to queue
[2024-07-02T19:10:10.424+0000] {logging_mixin.py:188} INFO - [2024-07-02T19:10:10.424+0000] {dagbag.py:545} INFO - Filling up the DagBag from /usr/local/python/3.10.13/lib/python3.10/site-packages/airflow/example_dags/example_trigger_controller_dag.py
[2024-07-02T19:10:10.429+0000] {processor.py:840} INFO - DAG(s) 'example_trigger_controller_dag' retrieved from /usr/local/python/3.10.13/lib/python3.10/site-packages/airflow/example_dags/example_trigger_controller_dag.py
[2024-07-02T19:10:10.440+0000] {logging_mixin.py:188} INFO - [2024-07-02T19:10:10.440+0000] {dag.py:3096} INFO - Sync 1 DAGs
[2024-07-02T19:10:10.455+0000] {logging_mixin.py:188} INFO - [2024-07-02T19:10:10.455+0000] {dag.py:3954} INFO - Setting next_dagrun for example_trigger_controller_dag to 2021-01-01 00:00:00+00:00, run_after=2021-01-01 00:00:00+00:00
[2024-07-02T19:10:10.496+0000] {processor.py:183} INFO - Processing /usr/local/python/3.10.13/lib/python3.10/site-packages/airflow/example_dags/example_trigger_controller_dag.py took 0.078 seconds
[2024-07-02T19:11:14.635+0000] {processor.py:161} INFO - Started process (PID=5975) to work on /usr/local/python/3.10.13/lib/python3.10/site-packages/airflow/example_dags/example_trigger_controller_dag.py
[2024-07-02T19:11:14.635+0000] {processor.py:830} INFO - Processing file /usr/local/python/3.10.13/lib/python3.10/site-packages/airflow/example_dags/example_trigger_controller_dag.py for tasks to queue
[2024-07-02T19:11:14.637+0000] {logging_mixin.py:188} INFO - [2024-07-02T19:11:14.636+0000] {dagbag.py:545} INFO - Filling up the DagBag from /usr/local/python/3.10.13/lib/python3.10/site-packages/airflow/example_dags/example_trigger_controller_dag.py
[2024-07-02T19:11:14.640+0000] {processor.py:840} INFO - DAG(s) 'example_trigger_controller_dag' retrieved from /usr/local/python/3.10.13/lib/python3.10/site-packages/airflow/example_dags/example_trigger_controller_dag.py
[2024-07-02T19:11:14.651+0000] {logging_mixin.py:188} INFO - [2024-07-02T19:11:14.650+0000] {dag.py:3096} INFO - Sync 1 DAGs
[2024-07-02T19:11:14.665+0000] {logging_mixin.py:188} INFO - [2024-07-02T19:11:14.664+0000] {dag.py:3954} INFO - Setting next_dagrun for example_trigger_controller_dag to 2021-01-01 00:00:00+00:00, run_after=2021-01-01 00:00:00+00:00
[2024-07-02T19:11:14.705+0000] {processor.py:183} INFO - Processing /usr/local/python/3.10.13/lib/python3.10/site-packages/airflow/example_dags/example_trigger_controller_dag.py took 0.074 seconds
[2024-07-02T19:12:06.115+0000] {processor.py:161} INFO - Started process (PID=6368) to work on /usr/local/python/3.10.13/lib/python3.10/site-packages/airflow/example_dags/example_trigger_controller_dag.py
[2024-07-02T19:12:06.116+0000] {processor.py:830} INFO - Processing file /usr/local/python/3.10.13/lib/python3.10/site-packages/airflow/example_dags/example_trigger_controller_dag.py for tasks to queue
[2024-07-02T19:12:06.117+0000] {logging_mixin.py:188} INFO - [2024-07-02T19:12:06.117+0000] {dagbag.py:545} INFO - Filling up the DagBag from /usr/local/python/3.10.13/lib/python3.10/site-packages/airflow/example_dags/example_trigger_controller_dag.py
[2024-07-02T19:12:06.121+0000] {processor.py:840} INFO - DAG(s) 'example_trigger_controller_dag' retrieved from /usr/local/python/3.10.13/lib/python3.10/site-packages/airflow/example_dags/example_trigger_controller_dag.py
[2024-07-02T19:12:06.131+0000] {logging_mixin.py:188} INFO - [2024-07-02T19:12:06.131+0000] {dag.py:3096} INFO - Sync 1 DAGs
[2024-07-02T19:12:06.145+0000] {logging_mixin.py:188} INFO - [2024-07-02T19:12:06.145+0000] {dag.py:3954} INFO - Setting next_dagrun for example_trigger_controller_dag to 2021-01-01 00:00:00+00:00, run_after=2021-01-01 00:00:00+00:00
[2024-07-02T19:12:06.186+0000] {processor.py:183} INFO - Processing /usr/local/python/3.10.13/lib/python3.10/site-packages/airflow/example_dags/example_trigger_controller_dag.py took 0.076 seconds
[2024-07-02T19:12:46.505+0000] {processor.py:161} INFO - Started process (PID=6674) to work on /usr/local/python/3.10.13/lib/python3.10/site-packages/airflow/example_dags/example_trigger_controller_dag.py
[2024-07-02T19:12:46.505+0000] {processor.py:830} INFO - Processing file /usr/local/python/3.10.13/lib/python3.10/site-packages/airflow/example_dags/example_trigger_controller_dag.py for tasks to queue
[2024-07-02T19:12:46.507+0000] {logging_mixin.py:188} INFO - [2024-07-02T19:12:46.506+0000] {dagbag.py:545} INFO - Filling up the DagBag from /usr/local/python/3.10.13/lib/python3.10/site-packages/airflow/example_dags/example_trigger_controller_dag.py
[2024-07-02T19:12:46.510+0000] {processor.py:840} INFO - DAG(s) 'example_trigger_controller_dag' retrieved from /usr/local/python/3.10.13/lib/python3.10/site-packages/airflow/example_dags/example_trigger_controller_dag.py
[2024-07-02T19:12:46.521+0000] {logging_mixin.py:188} INFO - [2024-07-02T19:12:46.520+0000] {dag.py:3096} INFO - Sync 1 DAGs
[2024-07-02T19:12:46.535+0000] {logging_mixin.py:188} INFO - [2024-07-02T19:12:46.535+0000] {dag.py:3954} INFO - Setting next_dagrun for example_trigger_controller_dag to 2021-01-01 00:00:00+00:00, run_after=2021-01-01 00:00:00+00:00
[2024-07-02T19:12:46.578+0000] {processor.py:183} INFO - Processing /usr/local/python/3.10.13/lib/python3.10/site-packages/airflow/example_dags/example_trigger_controller_dag.py took 0.078 seconds
[2024-07-02T19:13:28.093+0000] {processor.py:161} INFO - Started process (PID=6996) to work on /usr/local/python/3.10.13/lib/python3.10/site-packages/airflow/example_dags/example_trigger_controller_dag.py
[2024-07-02T19:13:28.094+0000] {processor.py:830} INFO - Processing file /usr/local/python/3.10.13/lib/python3.10/site-packages/airflow/example_dags/example_trigger_controller_dag.py for tasks to queue
[2024-07-02T19:13:28.095+0000] {logging_mixin.py:188} INFO - [2024-07-02T19:13:28.095+0000] {dagbag.py:545} INFO - Filling up the DagBag from /usr/local/python/3.10.13/lib/python3.10/site-packages/airflow/example_dags/example_trigger_controller_dag.py
[2024-07-02T19:13:28.099+0000] {processor.py:840} INFO - DAG(s) 'example_trigger_controller_dag' retrieved from /usr/local/python/3.10.13/lib/python3.10/site-packages/airflow/example_dags/example_trigger_controller_dag.py
[2024-07-02T19:13:28.110+0000] {logging_mixin.py:188} INFO - [2024-07-02T19:13:28.110+0000] {dag.py:3096} INFO - Sync 1 DAGs
[2024-07-02T19:13:28.130+0000] {logging_mixin.py:188} INFO - [2024-07-02T19:13:28.130+0000] {dag.py:3954} INFO - Setting next_dagrun for example_trigger_controller_dag to 2021-01-01 00:00:00+00:00, run_after=2021-01-01 00:00:00+00:00
[2024-07-02T19:13:28.179+0000] {processor.py:183} INFO - Processing /usr/local/python/3.10.13/lib/python3.10/site-packages/airflow/example_dags/example_trigger_controller_dag.py took 0.091 seconds
[2024-07-02T19:14:08.703+0000] {processor.py:161} INFO - Started process (PID=7304) to work on /usr/local/python/3.10.13/lib/python3.10/site-packages/airflow/example_dags/example_trigger_controller_dag.py
[2024-07-02T19:14:08.704+0000] {processor.py:830} INFO - Processing file /usr/local/python/3.10.13/lib/python3.10/site-packages/airflow/example_dags/example_trigger_controller_dag.py for tasks to queue
[2024-07-02T19:14:08.705+0000] {logging_mixin.py:188} INFO - [2024-07-02T19:14:08.705+0000] {dagbag.py:545} INFO - Filling up the DagBag from /usr/local/python/3.10.13/lib/python3.10/site-packages/airflow/example_dags/example_trigger_controller_dag.py
[2024-07-02T19:14:08.709+0000] {processor.py:840} INFO - DAG(s) 'example_trigger_controller_dag' retrieved from /usr/local/python/3.10.13/lib/python3.10/site-packages/airflow/example_dags/example_trigger_controller_dag.py
[2024-07-02T19:14:08.720+0000] {logging_mixin.py:188} INFO - [2024-07-02T19:14:08.720+0000] {dag.py:3096} INFO - Sync 1 DAGs
[2024-07-02T19:14:08.734+0000] {logging_mixin.py:188} INFO - [2024-07-02T19:14:08.734+0000] {dag.py:3954} INFO - Setting next_dagrun for example_trigger_controller_dag to 2021-01-01 00:00:00+00:00, run_after=2021-01-01 00:00:00+00:00
[2024-07-02T19:14:08.774+0000] {processor.py:183} INFO - Processing /usr/local/python/3.10.13/lib/python3.10/site-packages/airflow/example_dags/example_trigger_controller_dag.py took 0.075 seconds
[2024-07-02T19:14:49.592+0000] {processor.py:161} INFO - Started process (PID=7612) to work on /usr/local/python/3.10.13/lib/python3.10/site-packages/airflow/example_dags/example_trigger_controller_dag.py
[2024-07-02T19:14:49.592+0000] {processor.py:830} INFO - Processing file /usr/local/python/3.10.13/lib/python3.10/site-packages/airflow/example_dags/example_trigger_controller_dag.py for tasks to queue
[2024-07-02T19:14:49.593+0000] {logging_mixin.py:188} INFO - [2024-07-02T19:14:49.593+0000] {dagbag.py:545} INFO - Filling up the DagBag from /usr/local/python/3.10.13/lib/python3.10/site-packages/airflow/example_dags/example_trigger_controller_dag.py
[2024-07-02T19:14:49.597+0000] {processor.py:840} INFO - DAG(s) 'example_trigger_controller_dag' retrieved from /usr/local/python/3.10.13/lib/python3.10/site-packages/airflow/example_dags/example_trigger_controller_dag.py
[2024-07-02T19:14:49.607+0000] {logging_mixin.py:188} INFO - [2024-07-02T19:14:49.607+0000] {dag.py:3096} INFO - Sync 1 DAGs
[2024-07-02T19:14:49.621+0000] {logging_mixin.py:188} INFO - [2024-07-02T19:14:49.621+0000] {dag.py:3954} INFO - Setting next_dagrun for example_trigger_controller_dag to 2021-01-01 00:00:00+00:00, run_after=2021-01-01 00:00:00+00:00
[2024-07-02T19:14:49.662+0000] {processor.py:183} INFO - Processing /usr/local/python/3.10.13/lib/python3.10/site-packages/airflow/example_dags/example_trigger_controller_dag.py took 0.075 seconds
[2024-07-02T19:15:33.335+0000] {processor.py:161} INFO - Started process (PID=7937) to work on /usr/local/python/3.10.13/lib/python3.10/site-packages/airflow/example_dags/example_trigger_controller_dag.py
[2024-07-02T19:15:33.336+0000] {processor.py:830} INFO - Processing file /usr/local/python/3.10.13/lib/python3.10/site-packages/airflow/example_dags/example_trigger_controller_dag.py for tasks to queue
[2024-07-02T19:15:33.336+0000] {logging_mixin.py:188} INFO - [2024-07-02T19:15:33.336+0000] {dagbag.py:545} INFO - Filling up the DagBag from /usr/local/python/3.10.13/lib/python3.10/site-packages/airflow/example_dags/example_trigger_controller_dag.py
[2024-07-02T19:15:33.342+0000] {processor.py:840} INFO - DAG(s) 'example_trigger_controller_dag' retrieved from /usr/local/python/3.10.13/lib/python3.10/site-packages/airflow/example_dags/example_trigger_controller_dag.py
[2024-07-02T19:15:33.356+0000] {logging_mixin.py:188} INFO - [2024-07-02T19:15:33.356+0000] {dag.py:3096} INFO - Sync 1 DAGs
[2024-07-02T19:15:33.375+0000] {logging_mixin.py:188} INFO - [2024-07-02T19:15:33.375+0000] {dag.py:3954} INFO - Setting next_dagrun for example_trigger_controller_dag to 2021-01-01 00:00:00+00:00, run_after=2021-01-01 00:00:00+00:00
[2024-07-02T19:15:33.426+0000] {processor.py:183} INFO - Processing /usr/local/python/3.10.13/lib/python3.10/site-packages/airflow/example_dags/example_trigger_controller_dag.py took 0.095 seconds
[2024-07-02T19:16:14.763+0000] {processor.py:161} INFO - Started process (PID=8255) to work on /usr/local/python/3.10.13/lib/python3.10/site-packages/airflow/example_dags/example_trigger_controller_dag.py
[2024-07-02T19:16:14.764+0000] {processor.py:830} INFO - Processing file /usr/local/python/3.10.13/lib/python3.10/site-packages/airflow/example_dags/example_trigger_controller_dag.py for tasks to queue
[2024-07-02T19:16:14.765+0000] {logging_mixin.py:188} INFO - [2024-07-02T19:16:14.764+0000] {dagbag.py:545} INFO - Filling up the DagBag from /usr/local/python/3.10.13/lib/python3.10/site-packages/airflow/example_dags/example_trigger_controller_dag.py
[2024-07-02T19:16:14.768+0000] {processor.py:840} INFO - DAG(s) 'example_trigger_controller_dag' retrieved from /usr/local/python/3.10.13/lib/python3.10/site-packages/airflow/example_dags/example_trigger_controller_dag.py
[2024-07-02T19:16:14.779+0000] {logging_mixin.py:188} INFO - [2024-07-02T19:16:14.779+0000] {dag.py:3096} INFO - Sync 1 DAGs
[2024-07-02T19:16:14.794+0000] {logging_mixin.py:188} INFO - [2024-07-02T19:16:14.794+0000] {dag.py:3954} INFO - Setting next_dagrun for example_trigger_controller_dag to 2021-01-01 00:00:00+00:00, run_after=2021-01-01 00:00:00+00:00
[2024-07-02T19:16:14.839+0000] {processor.py:183} INFO - Processing /usr/local/python/3.10.13/lib/python3.10/site-packages/airflow/example_dags/example_trigger_controller_dag.py took 0.081 seconds
[2024-07-02T19:17:00.575+0000] {processor.py:161} INFO - Started process (PID=8610) to work on /usr/local/python/3.10.13/lib/python3.10/site-packages/airflow/example_dags/example_trigger_controller_dag.py
[2024-07-02T19:17:00.576+0000] {processor.py:830} INFO - Processing file /usr/local/python/3.10.13/lib/python3.10/site-packages/airflow/example_dags/example_trigger_controller_dag.py for tasks to queue
[2024-07-02T19:17:00.577+0000] {logging_mixin.py:188} INFO - [2024-07-02T19:17:00.576+0000] {dagbag.py:545} INFO - Filling up the DagBag from /usr/local/python/3.10.13/lib/python3.10/site-packages/airflow/example_dags/example_trigger_controller_dag.py
[2024-07-02T19:17:00.581+0000] {processor.py:840} INFO - DAG(s) 'example_trigger_controller_dag' retrieved from /usr/local/python/3.10.13/lib/python3.10/site-packages/airflow/example_dags/example_trigger_controller_dag.py
[2024-07-02T19:17:00.591+0000] {logging_mixin.py:188} INFO - [2024-07-02T19:17:00.591+0000] {dag.py:3096} INFO - Sync 1 DAGs
[2024-07-02T19:17:00.605+0000] {logging_mixin.py:188} INFO - [2024-07-02T19:17:00.605+0000] {dag.py:3954} INFO - Setting next_dagrun for example_trigger_controller_dag to 2021-01-01 00:00:00+00:00, run_after=2021-01-01 00:00:00+00:00
[2024-07-02T19:17:00.653+0000] {processor.py:183} INFO - Processing /usr/local/python/3.10.13/lib/python3.10/site-packages/airflow/example_dags/example_trigger_controller_dag.py took 0.082 seconds
[2024-07-02T19:17:46.573+0000] {processor.py:161} INFO - Started process (PID=8949) to work on /usr/local/python/3.10.13/lib/python3.10/site-packages/airflow/example_dags/example_trigger_controller_dag.py
[2024-07-02T19:17:46.573+0000] {processor.py:830} INFO - Processing file /usr/local/python/3.10.13/lib/python3.10/site-packages/airflow/example_dags/example_trigger_controller_dag.py for tasks to queue
[2024-07-02T19:17:46.574+0000] {logging_mixin.py:188} INFO - [2024-07-02T19:17:46.574+0000] {dagbag.py:545} INFO - Filling up the DagBag from /usr/local/python/3.10.13/lib/python3.10/site-packages/airflow/example_dags/example_trigger_controller_dag.py
[2024-07-02T19:17:46.578+0000] {processor.py:840} INFO - DAG(s) 'example_trigger_controller_dag' retrieved from /usr/local/python/3.10.13/lib/python3.10/site-packages/airflow/example_dags/example_trigger_controller_dag.py
[2024-07-02T19:17:46.588+0000] {logging_mixin.py:188} INFO - [2024-07-02T19:17:46.588+0000] {dag.py:3096} INFO - Sync 1 DAGs
[2024-07-02T19:17:46.602+0000] {logging_mixin.py:188} INFO - [2024-07-02T19:17:46.602+0000] {dag.py:3954} INFO - Setting next_dagrun for example_trigger_controller_dag to 2021-01-01 00:00:00+00:00, run_after=2021-01-01 00:00:00+00:00
[2024-07-02T19:17:46.647+0000] {processor.py:183} INFO - Processing /usr/local/python/3.10.13/lib/python3.10/site-packages/airflow/example_dags/example_trigger_controller_dag.py took 0.079 seconds
[2024-07-02T19:18:29.899+0000] {processor.py:161} INFO - Started process (PID=9290) to work on /usr/local/python/3.10.13/lib/python3.10/site-packages/airflow/example_dags/example_trigger_controller_dag.py
[2024-07-02T19:18:29.900+0000] {processor.py:830} INFO - Processing file /usr/local/python/3.10.13/lib/python3.10/site-packages/airflow/example_dags/example_trigger_controller_dag.py for tasks to queue
[2024-07-02T19:18:29.901+0000] {logging_mixin.py:188} INFO - [2024-07-02T19:18:29.900+0000] {dagbag.py:545} INFO - Filling up the DagBag from /usr/local/python/3.10.13/lib/python3.10/site-packages/airflow/example_dags/example_trigger_controller_dag.py
[2024-07-02T19:18:29.904+0000] {processor.py:840} INFO - DAG(s) 'example_trigger_controller_dag' retrieved from /usr/local/python/3.10.13/lib/python3.10/site-packages/airflow/example_dags/example_trigger_controller_dag.py
[2024-07-02T19:18:29.915+0000] {logging_mixin.py:188} INFO - [2024-07-02T19:18:29.915+0000] {dag.py:3096} INFO - Sync 1 DAGs
[2024-07-02T19:18:29.930+0000] {logging_mixin.py:188} INFO - [2024-07-02T19:18:29.929+0000] {dag.py:3954} INFO - Setting next_dagrun for example_trigger_controller_dag to 2021-01-01 00:00:00+00:00, run_after=2021-01-01 00:00:00+00:00
[2024-07-02T19:18:29.969+0000] {processor.py:183} INFO - Processing /usr/local/python/3.10.13/lib/python3.10/site-packages/airflow/example_dags/example_trigger_controller_dag.py took 0.075 seconds
[2024-07-02T19:19:11.946+0000] {processor.py:161} INFO - Started process (PID=9608) to work on /usr/local/python/3.10.13/lib/python3.10/site-packages/airflow/example_dags/example_trigger_controller_dag.py
[2024-07-02T19:19:11.947+0000] {processor.py:830} INFO - Processing file /usr/local/python/3.10.13/lib/python3.10/site-packages/airflow/example_dags/example_trigger_controller_dag.py for tasks to queue
[2024-07-02T19:19:11.948+0000] {logging_mixin.py:188} INFO - [2024-07-02T19:19:11.947+0000] {dagbag.py:545} INFO - Filling up the DagBag from /usr/local/python/3.10.13/lib/python3.10/site-packages/airflow/example_dags/example_trigger_controller_dag.py
[2024-07-02T19:19:11.951+0000] {processor.py:840} INFO - DAG(s) 'example_trigger_controller_dag' retrieved from /usr/local/python/3.10.13/lib/python3.10/site-packages/airflow/example_dags/example_trigger_controller_dag.py
[2024-07-02T19:19:11.962+0000] {logging_mixin.py:188} INFO - [2024-07-02T19:19:11.962+0000] {dag.py:3096} INFO - Sync 1 DAGs
[2024-07-02T19:19:11.977+0000] {logging_mixin.py:188} INFO - [2024-07-02T19:19:11.977+0000] {dag.py:3954} INFO - Setting next_dagrun for example_trigger_controller_dag to 2021-01-01 00:00:00+00:00, run_after=2021-01-01 00:00:00+00:00
[2024-07-02T19:19:12.018+0000] {processor.py:183} INFO - Processing /usr/local/python/3.10.13/lib/python3.10/site-packages/airflow/example_dags/example_trigger_controller_dag.py took 0.076 seconds
[2024-07-02T19:19:58.707+0000] {processor.py:161} INFO - Started process (PID=9952) to work on /usr/local/python/3.10.13/lib/python3.10/site-packages/airflow/example_dags/example_trigger_controller_dag.py
[2024-07-02T19:19:58.708+0000] {processor.py:830} INFO - Processing file /usr/local/python/3.10.13/lib/python3.10/site-packages/airflow/example_dags/example_trigger_controller_dag.py for tasks to queue
[2024-07-02T19:19:58.709+0000] {logging_mixin.py:188} INFO - [2024-07-02T19:19:58.708+0000] {dagbag.py:545} INFO - Filling up the DagBag from /usr/local/python/3.10.13/lib/python3.10/site-packages/airflow/example_dags/example_trigger_controller_dag.py
[2024-07-02T19:19:58.712+0000] {processor.py:840} INFO - DAG(s) 'example_trigger_controller_dag' retrieved from /usr/local/python/3.10.13/lib/python3.10/site-packages/airflow/example_dags/example_trigger_controller_dag.py
[2024-07-02T19:19:58.723+0000] {logging_mixin.py:188} INFO - [2024-07-02T19:19:58.723+0000] {dag.py:3096} INFO - Sync 1 DAGs
[2024-07-02T19:19:58.737+0000] {logging_mixin.py:188} INFO - [2024-07-02T19:19:58.737+0000] {dag.py:3954} INFO - Setting next_dagrun for example_trigger_controller_dag to 2021-01-01 00:00:00+00:00, run_after=2021-01-01 00:00:00+00:00
[2024-07-02T19:19:58.775+0000] {processor.py:183} INFO - Processing /usr/local/python/3.10.13/lib/python3.10/site-packages/airflow/example_dags/example_trigger_controller_dag.py took 0.072 seconds
[2024-07-02T19:20:47.341+0000] {processor.py:161} INFO - Started process (PID=10320) to work on /usr/local/python/3.10.13/lib/python3.10/site-packages/airflow/example_dags/example_trigger_controller_dag.py
[2024-07-02T19:20:47.342+0000] {processor.py:830} INFO - Processing file /usr/local/python/3.10.13/lib/python3.10/site-packages/airflow/example_dags/example_trigger_controller_dag.py for tasks to queue
[2024-07-02T19:20:47.343+0000] {logging_mixin.py:188} INFO - [2024-07-02T19:20:47.342+0000] {dagbag.py:545} INFO - Filling up the DagBag from /usr/local/python/3.10.13/lib/python3.10/site-packages/airflow/example_dags/example_trigger_controller_dag.py
[2024-07-02T19:20:47.346+0000] {processor.py:840} INFO - DAG(s) 'example_trigger_controller_dag' retrieved from /usr/local/python/3.10.13/lib/python3.10/site-packages/airflow/example_dags/example_trigger_controller_dag.py
[2024-07-02T19:20:47.357+0000] {logging_mixin.py:188} INFO - [2024-07-02T19:20:47.357+0000] {dag.py:3096} INFO - Sync 1 DAGs
[2024-07-02T19:20:47.371+0000] {logging_mixin.py:188} INFO - [2024-07-02T19:20:47.371+0000] {dag.py:3954} INFO - Setting next_dagrun for example_trigger_controller_dag to 2021-01-01 00:00:00+00:00, run_after=2021-01-01 00:00:00+00:00
[2024-07-02T19:20:47.411+0000] {processor.py:183} INFO - Processing /usr/local/python/3.10.13/lib/python3.10/site-packages/airflow/example_dags/example_trigger_controller_dag.py took 0.075 seconds
[2024-07-02T19:21:33.807+0000] {processor.py:161} INFO - Started process (PID=10673) to work on /usr/local/python/3.10.13/lib/python3.10/site-packages/airflow/example_dags/example_trigger_controller_dag.py
[2024-07-02T19:21:33.807+0000] {processor.py:830} INFO - Processing file /usr/local/python/3.10.13/lib/python3.10/site-packages/airflow/example_dags/example_trigger_controller_dag.py for tasks to queue
[2024-07-02T19:21:33.808+0000] {logging_mixin.py:188} INFO - [2024-07-02T19:21:33.808+0000] {dagbag.py:545} INFO - Filling up the DagBag from /usr/local/python/3.10.13/lib/python3.10/site-packages/airflow/example_dags/example_trigger_controller_dag.py
[2024-07-02T19:21:33.812+0000] {processor.py:840} INFO - DAG(s) 'example_trigger_controller_dag' retrieved from /usr/local/python/3.10.13/lib/python3.10/site-packages/airflow/example_dags/example_trigger_controller_dag.py
[2024-07-02T19:21:33.823+0000] {logging_mixin.py:188} INFO - [2024-07-02T19:21:33.823+0000] {dag.py:3096} INFO - Sync 1 DAGs
[2024-07-02T19:21:33.837+0000] {logging_mixin.py:188} INFO - [2024-07-02T19:21:33.837+0000] {dag.py:3954} INFO - Setting next_dagrun for example_trigger_controller_dag to 2021-01-01 00:00:00+00:00, run_after=2021-01-01 00:00:00+00:00
[2024-07-02T19:21:33.877+0000] {processor.py:183} INFO - Processing /usr/local/python/3.10.13/lib/python3.10/site-packages/airflow/example_dags/example_trigger_controller_dag.py took 0.074 seconds
[2024-07-02T19:22:20.751+0000] {processor.py:161} INFO - Started process (PID=11019) to work on /usr/local/python/3.10.13/lib/python3.10/site-packages/airflow/example_dags/example_trigger_controller_dag.py
[2024-07-02T19:22:20.752+0000] {processor.py:830} INFO - Processing file /usr/local/python/3.10.13/lib/python3.10/site-packages/airflow/example_dags/example_trigger_controller_dag.py for tasks to queue
[2024-07-02T19:22:20.753+0000] {logging_mixin.py:188} INFO - [2024-07-02T19:22:20.752+0000] {dagbag.py:545} INFO - Filling up the DagBag from /usr/local/python/3.10.13/lib/python3.10/site-packages/airflow/example_dags/example_trigger_controller_dag.py
[2024-07-02T19:22:20.756+0000] {processor.py:840} INFO - DAG(s) 'example_trigger_controller_dag' retrieved from /usr/local/python/3.10.13/lib/python3.10/site-packages/airflow/example_dags/example_trigger_controller_dag.py
[2024-07-02T19:22:20.767+0000] {logging_mixin.py:188} INFO - [2024-07-02T19:22:20.767+0000] {dag.py:3096} INFO - Sync 1 DAGs
[2024-07-02T19:22:20.781+0000] {logging_mixin.py:188} INFO - [2024-07-02T19:22:20.780+0000] {dag.py:3954} INFO - Setting next_dagrun for example_trigger_controller_dag to 2021-01-01 00:00:00+00:00, run_after=2021-01-01 00:00:00+00:00
[2024-07-02T19:22:20.820+0000] {processor.py:183} INFO - Processing /usr/local/python/3.10.13/lib/python3.10/site-packages/airflow/example_dags/example_trigger_controller_dag.py took 0.073 seconds
[2024-07-02T19:23:02.860+0000] {processor.py:161} INFO - Started process (PID=11342) to work on /usr/local/python/3.10.13/lib/python3.10/site-packages/airflow/example_dags/example_trigger_controller_dag.py
[2024-07-02T19:23:02.860+0000] {processor.py:830} INFO - Processing file /usr/local/python/3.10.13/lib/python3.10/site-packages/airflow/example_dags/example_trigger_controller_dag.py for tasks to queue
[2024-07-02T19:23:02.861+0000] {logging_mixin.py:188} INFO - [2024-07-02T19:23:02.861+0000] {dagbag.py:545} INFO - Filling up the DagBag from /usr/local/python/3.10.13/lib/python3.10/site-packages/airflow/example_dags/example_trigger_controller_dag.py
[2024-07-02T19:23:02.865+0000] {processor.py:840} INFO - DAG(s) 'example_trigger_controller_dag' retrieved from /usr/local/python/3.10.13/lib/python3.10/site-packages/airflow/example_dags/example_trigger_controller_dag.py
[2024-07-02T19:23:02.875+0000] {logging_mixin.py:188} INFO - [2024-07-02T19:23:02.875+0000] {dag.py:3096} INFO - Sync 1 DAGs
[2024-07-02T19:23:02.889+0000] {logging_mixin.py:188} INFO - [2024-07-02T19:23:02.889+0000] {dag.py:3954} INFO - Setting next_dagrun for example_trigger_controller_dag to 2021-01-01 00:00:00+00:00, run_after=2021-01-01 00:00:00+00:00
[2024-07-02T19:23:02.928+0000] {processor.py:183} INFO - Processing /usr/local/python/3.10.13/lib/python3.10/site-packages/airflow/example_dags/example_trigger_controller_dag.py took 0.073 seconds
[2024-07-02T19:23:43.762+0000] {processor.py:161} INFO - Started process (PID=11646) to work on /usr/local/python/3.10.13/lib/python3.10/site-packages/airflow/example_dags/example_trigger_controller_dag.py
[2024-07-02T19:23:43.763+0000] {processor.py:830} INFO - Processing file /usr/local/python/3.10.13/lib/python3.10/site-packages/airflow/example_dags/example_trigger_controller_dag.py for tasks to queue
[2024-07-02T19:23:43.763+0000] {logging_mixin.py:188} INFO - [2024-07-02T19:23:43.763+0000] {dagbag.py:545} INFO - Filling up the DagBag from /usr/local/python/3.10.13/lib/python3.10/site-packages/airflow/example_dags/example_trigger_controller_dag.py
[2024-07-02T19:23:43.767+0000] {processor.py:840} INFO - DAG(s) 'example_trigger_controller_dag' retrieved from /usr/local/python/3.10.13/lib/python3.10/site-packages/airflow/example_dags/example_trigger_controller_dag.py
[2024-07-02T19:23:43.777+0000] {logging_mixin.py:188} INFO - [2024-07-02T19:23:43.777+0000] {dag.py:3096} INFO - Sync 1 DAGs
[2024-07-02T19:23:43.791+0000] {logging_mixin.py:188} INFO - [2024-07-02T19:23:43.791+0000] {dag.py:3954} INFO - Setting next_dagrun for example_trigger_controller_dag to 2021-01-01 00:00:00+00:00, run_after=2021-01-01 00:00:00+00:00
[2024-07-02T19:23:43.832+0000] {processor.py:183} INFO - Processing /usr/local/python/3.10.13/lib/python3.10/site-packages/airflow/example_dags/example_trigger_controller_dag.py took 0.075 seconds
[2024-07-02T19:24:26.623+0000] {processor.py:161} INFO - Started process (PID=11988) to work on /usr/local/python/3.10.13/lib/python3.10/site-packages/airflow/example_dags/example_trigger_controller_dag.py
[2024-07-02T19:24:26.623+0000] {processor.py:830} INFO - Processing file /usr/local/python/3.10.13/lib/python3.10/site-packages/airflow/example_dags/example_trigger_controller_dag.py for tasks to queue
[2024-07-02T19:24:26.624+0000] {logging_mixin.py:188} INFO - [2024-07-02T19:24:26.624+0000] {dagbag.py:545} INFO - Filling up the DagBag from /usr/local/python/3.10.13/lib/python3.10/site-packages/airflow/example_dags/example_trigger_controller_dag.py
[2024-07-02T19:24:26.628+0000] {processor.py:840} INFO - DAG(s) 'example_trigger_controller_dag' retrieved from /usr/local/python/3.10.13/lib/python3.10/site-packages/airflow/example_dags/example_trigger_controller_dag.py
[2024-07-02T19:24:26.638+0000] {logging_mixin.py:188} INFO - [2024-07-02T19:24:26.638+0000] {dag.py:3096} INFO - Sync 1 DAGs
[2024-07-02T19:24:26.652+0000] {logging_mixin.py:188} INFO - [2024-07-02T19:24:26.652+0000] {dag.py:3954} INFO - Setting next_dagrun for example_trigger_controller_dag to 2021-01-01 00:00:00+00:00, run_after=2021-01-01 00:00:00+00:00
[2024-07-02T19:24:26.692+0000] {processor.py:183} INFO - Processing /usr/local/python/3.10.13/lib/python3.10/site-packages/airflow/example_dags/example_trigger_controller_dag.py took 0.074 seconds
[2024-07-02T19:25:10.006+0000] {processor.py:161} INFO - Started process (PID=12316) to work on /usr/local/python/3.10.13/lib/python3.10/site-packages/airflow/example_dags/example_trigger_controller_dag.py
[2024-07-02T19:25:10.007+0000] {processor.py:830} INFO - Processing file /usr/local/python/3.10.13/lib/python3.10/site-packages/airflow/example_dags/example_trigger_controller_dag.py for tasks to queue
[2024-07-02T19:25:10.008+0000] {logging_mixin.py:188} INFO - [2024-07-02T19:25:10.008+0000] {dagbag.py:545} INFO - Filling up the DagBag from /usr/local/python/3.10.13/lib/python3.10/site-packages/airflow/example_dags/example_trigger_controller_dag.py
[2024-07-02T19:25:10.011+0000] {processor.py:840} INFO - DAG(s) 'example_trigger_controller_dag' retrieved from /usr/local/python/3.10.13/lib/python3.10/site-packages/airflow/example_dags/example_trigger_controller_dag.py
[2024-07-02T19:25:10.022+0000] {logging_mixin.py:188} INFO - [2024-07-02T19:25:10.022+0000] {dag.py:3096} INFO - Sync 1 DAGs
[2024-07-02T19:25:10.036+0000] {logging_mixin.py:188} INFO - [2024-07-02T19:25:10.036+0000] {dag.py:3954} INFO - Setting next_dagrun for example_trigger_controller_dag to 2021-01-01 00:00:00+00:00, run_after=2021-01-01 00:00:00+00:00
[2024-07-02T19:25:10.077+0000] {processor.py:183} INFO - Processing /usr/local/python/3.10.13/lib/python3.10/site-packages/airflow/example_dags/example_trigger_controller_dag.py took 0.075 seconds
[2024-07-02T19:25:53.120+0000] {processor.py:161} INFO - Started process (PID=12643) to work on /usr/local/python/3.10.13/lib/python3.10/site-packages/airflow/example_dags/example_trigger_controller_dag.py
[2024-07-02T19:25:53.121+0000] {processor.py:830} INFO - Processing file /usr/local/python/3.10.13/lib/python3.10/site-packages/airflow/example_dags/example_trigger_controller_dag.py for tasks to queue
[2024-07-02T19:25:53.121+0000] {logging_mixin.py:188} INFO - [2024-07-02T19:25:53.121+0000] {dagbag.py:545} INFO - Filling up the DagBag from /usr/local/python/3.10.13/lib/python3.10/site-packages/airflow/example_dags/example_trigger_controller_dag.py
[2024-07-02T19:25:53.125+0000] {processor.py:840} INFO - DAG(s) 'example_trigger_controller_dag' retrieved from /usr/local/python/3.10.13/lib/python3.10/site-packages/airflow/example_dags/example_trigger_controller_dag.py
[2024-07-02T19:25:53.136+0000] {logging_mixin.py:188} INFO - [2024-07-02T19:25:53.136+0000] {dag.py:3096} INFO - Sync 1 DAGs
[2024-07-02T19:25:53.150+0000] {logging_mixin.py:188} INFO - [2024-07-02T19:25:53.149+0000] {dag.py:3954} INFO - Setting next_dagrun for example_trigger_controller_dag to 2021-01-01 00:00:00+00:00, run_after=2021-01-01 00:00:00+00:00
[2024-07-02T19:25:53.191+0000] {processor.py:183} INFO - Processing /usr/local/python/3.10.13/lib/python3.10/site-packages/airflow/example_dags/example_trigger_controller_dag.py took 0.075 seconds
[2024-07-02T19:26:35.563+0000] {processor.py:161} INFO - Started process (PID=12958) to work on /usr/local/python/3.10.13/lib/python3.10/site-packages/airflow/example_dags/example_trigger_controller_dag.py
[2024-07-02T19:26:35.564+0000] {processor.py:830} INFO - Processing file /usr/local/python/3.10.13/lib/python3.10/site-packages/airflow/example_dags/example_trigger_controller_dag.py for tasks to queue
[2024-07-02T19:26:35.565+0000] {logging_mixin.py:188} INFO - [2024-07-02T19:26:35.564+0000] {dagbag.py:545} INFO - Filling up the DagBag from /usr/local/python/3.10.13/lib/python3.10/site-packages/airflow/example_dags/example_trigger_controller_dag.py
[2024-07-02T19:26:35.568+0000] {processor.py:840} INFO - DAG(s) 'example_trigger_controller_dag' retrieved from /usr/local/python/3.10.13/lib/python3.10/site-packages/airflow/example_dags/example_trigger_controller_dag.py
[2024-07-02T19:26:35.580+0000] {logging_mixin.py:188} INFO - [2024-07-02T19:26:35.580+0000] {dag.py:3096} INFO - Sync 1 DAGs
[2024-07-02T19:26:35.594+0000] {logging_mixin.py:188} INFO - [2024-07-02T19:26:35.594+0000] {dag.py:3954} INFO - Setting next_dagrun for example_trigger_controller_dag to 2021-01-01 00:00:00+00:00, run_after=2021-01-01 00:00:00+00:00
[2024-07-02T19:26:35.635+0000] {processor.py:183} INFO - Processing /usr/local/python/3.10.13/lib/python3.10/site-packages/airflow/example_dags/example_trigger_controller_dag.py took 0.078 seconds
[2024-07-02T19:27:20.915+0000] {processor.py:161} INFO - Started process (PID=13354) to work on /usr/local/python/3.10.13/lib/python3.10/site-packages/airflow/example_dags/example_trigger_controller_dag.py
[2024-07-02T19:27:20.916+0000] {processor.py:830} INFO - Processing file /usr/local/python/3.10.13/lib/python3.10/site-packages/airflow/example_dags/example_trigger_controller_dag.py for tasks to queue
[2024-07-02T19:27:20.916+0000] {logging_mixin.py:188} INFO - [2024-07-02T19:27:20.916+0000] {dagbag.py:545} INFO - Filling up the DagBag from /usr/local/python/3.10.13/lib/python3.10/site-packages/airflow/example_dags/example_trigger_controller_dag.py
[2024-07-02T19:27:20.920+0000] {processor.py:840} INFO - DAG(s) 'example_trigger_controller_dag' retrieved from /usr/local/python/3.10.13/lib/python3.10/site-packages/airflow/example_dags/example_trigger_controller_dag.py
[2024-07-02T19:27:20.932+0000] {logging_mixin.py:188} INFO - [2024-07-02T19:27:20.932+0000] {dag.py:3096} INFO - Sync 1 DAGs
[2024-07-02T19:27:20.946+0000] {logging_mixin.py:188} INFO - [2024-07-02T19:27:20.946+0000] {dag.py:3954} INFO - Setting next_dagrun for example_trigger_controller_dag to 2021-01-01 00:00:00+00:00, run_after=2021-01-01 00:00:00+00:00
[2024-07-02T19:27:20.986+0000] {processor.py:183} INFO - Processing /usr/local/python/3.10.13/lib/python3.10/site-packages/airflow/example_dags/example_trigger_controller_dag.py took 0.075 seconds
[2024-07-02T19:28:02.454+0000] {processor.py:161} INFO - Started process (PID=13733) to work on /usr/local/python/3.10.13/lib/python3.10/site-packages/airflow/example_dags/example_trigger_controller_dag.py
[2024-07-02T19:28:02.455+0000] {processor.py:830} INFO - Processing file /usr/local/python/3.10.13/lib/python3.10/site-packages/airflow/example_dags/example_trigger_controller_dag.py for tasks to queue
[2024-07-02T19:28:02.455+0000] {logging_mixin.py:188} INFO - [2024-07-02T19:28:02.455+0000] {dagbag.py:545} INFO - Filling up the DagBag from /usr/local/python/3.10.13/lib/python3.10/site-packages/airflow/example_dags/example_trigger_controller_dag.py
[2024-07-02T19:28:02.459+0000] {processor.py:840} INFO - DAG(s) 'example_trigger_controller_dag' retrieved from /usr/local/python/3.10.13/lib/python3.10/site-packages/airflow/example_dags/example_trigger_controller_dag.py
[2024-07-02T19:28:02.469+0000] {logging_mixin.py:188} INFO - [2024-07-02T19:28:02.469+0000] {dag.py:3096} INFO - Sync 1 DAGs
[2024-07-02T19:28:02.483+0000] {logging_mixin.py:188} INFO - [2024-07-02T19:28:02.483+0000] {dag.py:3954} INFO - Setting next_dagrun for example_trigger_controller_dag to 2021-01-01 00:00:00+00:00, run_after=2021-01-01 00:00:00+00:00
[2024-07-02T19:28:02.523+0000] {processor.py:183} INFO - Processing /usr/local/python/3.10.13/lib/python3.10/site-packages/airflow/example_dags/example_trigger_controller_dag.py took 0.074 seconds
[2024-07-02T19:28:44.346+0000] {processor.py:161} INFO - Started process (PID=14092) to work on /usr/local/python/3.10.13/lib/python3.10/site-packages/airflow/example_dags/example_trigger_controller_dag.py
[2024-07-02T19:28:44.347+0000] {processor.py:830} INFO - Processing file /usr/local/python/3.10.13/lib/python3.10/site-packages/airflow/example_dags/example_trigger_controller_dag.py for tasks to queue
[2024-07-02T19:28:44.347+0000] {logging_mixin.py:188} INFO - [2024-07-02T19:28:44.347+0000] {dagbag.py:545} INFO - Filling up the DagBag from /usr/local/python/3.10.13/lib/python3.10/site-packages/airflow/example_dags/example_trigger_controller_dag.py
[2024-07-02T19:28:44.351+0000] {processor.py:840} INFO - DAG(s) 'example_trigger_controller_dag' retrieved from /usr/local/python/3.10.13/lib/python3.10/site-packages/airflow/example_dags/example_trigger_controller_dag.py
[2024-07-02T19:28:44.362+0000] {logging_mixin.py:188} INFO - [2024-07-02T19:28:44.362+0000] {dag.py:3096} INFO - Sync 1 DAGs
[2024-07-02T19:28:44.376+0000] {logging_mixin.py:188} INFO - [2024-07-02T19:28:44.376+0000] {dag.py:3954} INFO - Setting next_dagrun for example_trigger_controller_dag to 2021-01-01 00:00:00+00:00, run_after=2021-01-01 00:00:00+00:00
[2024-07-02T19:28:44.418+0000] {processor.py:183} INFO - Processing /usr/local/python/3.10.13/lib/python3.10/site-packages/airflow/example_dags/example_trigger_controller_dag.py took 0.076 seconds
[2024-07-02T19:29:31.114+0000] {processor.py:161} INFO - Started process (PID=14484) to work on /usr/local/python/3.10.13/lib/python3.10/site-packages/airflow/example_dags/example_trigger_controller_dag.py
[2024-07-02T19:29:31.115+0000] {processor.py:830} INFO - Processing file /usr/local/python/3.10.13/lib/python3.10/site-packages/airflow/example_dags/example_trigger_controller_dag.py for tasks to queue
[2024-07-02T19:29:31.115+0000] {logging_mixin.py:188} INFO - [2024-07-02T19:29:31.115+0000] {dagbag.py:545} INFO - Filling up the DagBag from /usr/local/python/3.10.13/lib/python3.10/site-packages/airflow/example_dags/example_trigger_controller_dag.py
[2024-07-02T19:29:31.119+0000] {processor.py:840} INFO - DAG(s) 'example_trigger_controller_dag' retrieved from /usr/local/python/3.10.13/lib/python3.10/site-packages/airflow/example_dags/example_trigger_controller_dag.py
[2024-07-02T19:29:31.130+0000] {logging_mixin.py:188} INFO - [2024-07-02T19:29:31.129+0000] {dag.py:3096} INFO - Sync 1 DAGs
[2024-07-02T19:29:31.144+0000] {logging_mixin.py:188} INFO - [2024-07-02T19:29:31.143+0000] {dag.py:3954} INFO - Setting next_dagrun for example_trigger_controller_dag to 2021-01-01 00:00:00+00:00, run_after=2021-01-01 00:00:00+00:00
[2024-07-02T19:29:31.187+0000] {processor.py:183} INFO - Processing /usr/local/python/3.10.13/lib/python3.10/site-packages/airflow/example_dags/example_trigger_controller_dag.py took 0.078 seconds
[2024-07-02T19:30:17.889+0000] {processor.py:161} INFO - Started process (PID=14873) to work on /usr/local/python/3.10.13/lib/python3.10/site-packages/airflow/example_dags/example_trigger_controller_dag.py
[2024-07-02T19:30:17.890+0000] {processor.py:830} INFO - Processing file /usr/local/python/3.10.13/lib/python3.10/site-packages/airflow/example_dags/example_trigger_controller_dag.py for tasks to queue
[2024-07-02T19:30:17.891+0000] {logging_mixin.py:188} INFO - [2024-07-02T19:30:17.891+0000] {dagbag.py:545} INFO - Filling up the DagBag from /usr/local/python/3.10.13/lib/python3.10/site-packages/airflow/example_dags/example_trigger_controller_dag.py
[2024-07-02T19:30:17.895+0000] {processor.py:840} INFO - DAG(s) 'example_trigger_controller_dag' retrieved from /usr/local/python/3.10.13/lib/python3.10/site-packages/airflow/example_dags/example_trigger_controller_dag.py
[2024-07-02T19:30:17.906+0000] {logging_mixin.py:188} INFO - [2024-07-02T19:30:17.905+0000] {dag.py:3096} INFO - Sync 1 DAGs
[2024-07-02T19:30:17.919+0000] {logging_mixin.py:188} INFO - [2024-07-02T19:30:17.919+0000] {dag.py:3954} INFO - Setting next_dagrun for example_trigger_controller_dag to 2021-01-01 00:00:00+00:00, run_after=2021-01-01 00:00:00+00:00
[2024-07-02T19:30:17.960+0000] {processor.py:183} INFO - Processing /usr/local/python/3.10.13/lib/python3.10/site-packages/airflow/example_dags/example_trigger_controller_dag.py took 0.075 seconds
[2024-07-02T19:31:03.491+0000] {processor.py:161} INFO - Started process (PID=15227) to work on /usr/local/python/3.10.13/lib/python3.10/site-packages/airflow/example_dags/example_trigger_controller_dag.py
[2024-07-02T19:31:03.492+0000] {processor.py:830} INFO - Processing file /usr/local/python/3.10.13/lib/python3.10/site-packages/airflow/example_dags/example_trigger_controller_dag.py for tasks to queue
[2024-07-02T19:31:03.493+0000] {logging_mixin.py:188} INFO - [2024-07-02T19:31:03.492+0000] {dagbag.py:545} INFO - Filling up the DagBag from /usr/local/python/3.10.13/lib/python3.10/site-packages/airflow/example_dags/example_trigger_controller_dag.py
[2024-07-02T19:31:03.496+0000] {processor.py:840} INFO - DAG(s) 'example_trigger_controller_dag' retrieved from /usr/local/python/3.10.13/lib/python3.10/site-packages/airflow/example_dags/example_trigger_controller_dag.py
[2024-07-02T19:31:03.507+0000] {logging_mixin.py:188} INFO - [2024-07-02T19:31:03.507+0000] {dag.py:3096} INFO - Sync 1 DAGs
[2024-07-02T19:31:03.520+0000] {logging_mixin.py:188} INFO - [2024-07-02T19:31:03.520+0000] {dag.py:3954} INFO - Setting next_dagrun for example_trigger_controller_dag to 2021-01-01 00:00:00+00:00, run_after=2021-01-01 00:00:00+00:00
[2024-07-02T19:31:03.593+0000] {processor.py:183} INFO - Processing /usr/local/python/3.10.13/lib/python3.10/site-packages/airflow/example_dags/example_trigger_controller_dag.py took 0.106 seconds
[2024-07-02T19:31:53.404+0000] {processor.py:161} INFO - Started process (PID=15604) to work on /usr/local/python/3.10.13/lib/python3.10/site-packages/airflow/example_dags/example_trigger_controller_dag.py
[2024-07-02T19:31:53.405+0000] {processor.py:830} INFO - Processing file /usr/local/python/3.10.13/lib/python3.10/site-packages/airflow/example_dags/example_trigger_controller_dag.py for tasks to queue
[2024-07-02T19:31:53.405+0000] {logging_mixin.py:188} INFO - [2024-07-02T19:31:53.405+0000] {dagbag.py:545} INFO - Filling up the DagBag from /usr/local/python/3.10.13/lib/python3.10/site-packages/airflow/example_dags/example_trigger_controller_dag.py
[2024-07-02T19:31:53.409+0000] {processor.py:840} INFO - DAG(s) 'example_trigger_controller_dag' retrieved from /usr/local/python/3.10.13/lib/python3.10/site-packages/airflow/example_dags/example_trigger_controller_dag.py
[2024-07-02T19:31:53.420+0000] {logging_mixin.py:188} INFO - [2024-07-02T19:31:53.419+0000] {dag.py:3096} INFO - Sync 1 DAGs
[2024-07-02T19:31:53.434+0000] {logging_mixin.py:188} INFO - [2024-07-02T19:31:53.434+0000] {dag.py:3954} INFO - Setting next_dagrun for example_trigger_controller_dag to 2021-01-01 00:00:00+00:00, run_after=2021-01-01 00:00:00+00:00
[2024-07-02T19:31:53.480+0000] {processor.py:183} INFO - Processing /usr/local/python/3.10.13/lib/python3.10/site-packages/airflow/example_dags/example_trigger_controller_dag.py took 0.080 seconds
[2024-07-02T19:32:37.830+0000] {processor.py:161} INFO - Started process (PID=15927) to work on /usr/local/python/3.10.13/lib/python3.10/site-packages/airflow/example_dags/example_trigger_controller_dag.py
[2024-07-02T19:32:37.830+0000] {processor.py:830} INFO - Processing file /usr/local/python/3.10.13/lib/python3.10/site-packages/airflow/example_dags/example_trigger_controller_dag.py for tasks to queue
[2024-07-02T19:32:37.831+0000] {logging_mixin.py:188} INFO - [2024-07-02T19:32:37.831+0000] {dagbag.py:545} INFO - Filling up the DagBag from /usr/local/python/3.10.13/lib/python3.10/site-packages/airflow/example_dags/example_trigger_controller_dag.py
[2024-07-02T19:32:37.835+0000] {processor.py:840} INFO - DAG(s) 'example_trigger_controller_dag' retrieved from /usr/local/python/3.10.13/lib/python3.10/site-packages/airflow/example_dags/example_trigger_controller_dag.py
[2024-07-02T19:32:37.846+0000] {logging_mixin.py:188} INFO - [2024-07-02T19:32:37.846+0000] {dag.py:3096} INFO - Sync 1 DAGs
[2024-07-02T19:32:37.865+0000] {logging_mixin.py:188} INFO - [2024-07-02T19:32:37.865+0000] {dag.py:3954} INFO - Setting next_dagrun for example_trigger_controller_dag to 2021-01-01 00:00:00+00:00, run_after=2021-01-01 00:00:00+00:00
[2024-07-02T19:32:37.907+0000] {processor.py:183} INFO - Processing /usr/local/python/3.10.13/lib/python3.10/site-packages/airflow/example_dags/example_trigger_controller_dag.py took 0.082 seconds
[2024-07-02T19:33:20.622+0000] {processor.py:161} INFO - Started process (PID=16319) to work on /usr/local/python/3.10.13/lib/python3.10/site-packages/airflow/example_dags/example_trigger_controller_dag.py
[2024-07-02T19:33:20.622+0000] {processor.py:830} INFO - Processing file /usr/local/python/3.10.13/lib/python3.10/site-packages/airflow/example_dags/example_trigger_controller_dag.py for tasks to queue
[2024-07-02T19:33:20.623+0000] {logging_mixin.py:188} INFO - [2024-07-02T19:33:20.623+0000] {dagbag.py:545} INFO - Filling up the DagBag from /usr/local/python/3.10.13/lib/python3.10/site-packages/airflow/example_dags/example_trigger_controller_dag.py
[2024-07-02T19:33:20.627+0000] {processor.py:840} INFO - DAG(s) 'example_trigger_controller_dag' retrieved from /usr/local/python/3.10.13/lib/python3.10/site-packages/airflow/example_dags/example_trigger_controller_dag.py
[2024-07-02T19:33:20.637+0000] {logging_mixin.py:188} INFO - [2024-07-02T19:33:20.637+0000] {dag.py:3096} INFO - Sync 1 DAGs
[2024-07-02T19:33:20.651+0000] {logging_mixin.py:188} INFO - [2024-07-02T19:33:20.651+0000] {dag.py:3954} INFO - Setting next_dagrun for example_trigger_controller_dag to 2021-01-01 00:00:00+00:00, run_after=2021-01-01 00:00:00+00:00
[2024-07-02T19:33:20.696+0000] {processor.py:183} INFO - Processing /usr/local/python/3.10.13/lib/python3.10/site-packages/airflow/example_dags/example_trigger_controller_dag.py took 0.080 seconds
[2024-07-02T19:34:05.257+0000] {processor.py:161} INFO - Started process (PID=16669) to work on /usr/local/python/3.10.13/lib/python3.10/site-packages/airflow/example_dags/example_trigger_controller_dag.py
[2024-07-02T19:34:05.258+0000] {processor.py:830} INFO - Processing file /usr/local/python/3.10.13/lib/python3.10/site-packages/airflow/example_dags/example_trigger_controller_dag.py for tasks to queue
[2024-07-02T19:34:05.258+0000] {logging_mixin.py:188} INFO - [2024-07-02T19:34:05.258+0000] {dagbag.py:545} INFO - Filling up the DagBag from /usr/local/python/3.10.13/lib/python3.10/site-packages/airflow/example_dags/example_trigger_controller_dag.py
[2024-07-02T19:34:05.262+0000] {processor.py:840} INFO - DAG(s) 'example_trigger_controller_dag' retrieved from /usr/local/python/3.10.13/lib/python3.10/site-packages/airflow/example_dags/example_trigger_controller_dag.py
[2024-07-02T19:34:05.272+0000] {logging_mixin.py:188} INFO - [2024-07-02T19:34:05.272+0000] {dag.py:3096} INFO - Sync 1 DAGs
[2024-07-02T19:34:05.286+0000] {logging_mixin.py:188} INFO - [2024-07-02T19:34:05.286+0000] {dag.py:3954} INFO - Setting next_dagrun for example_trigger_controller_dag to 2021-01-01 00:00:00+00:00, run_after=2021-01-01 00:00:00+00:00
[2024-07-02T19:34:05.327+0000] {processor.py:183} INFO - Processing /usr/local/python/3.10.13/lib/python3.10/site-packages/airflow/example_dags/example_trigger_controller_dag.py took 0.074 seconds
[2024-07-02T19:34:51.011+0000] {processor.py:161} INFO - Started process (PID=17048) to work on /usr/local/python/3.10.13/lib/python3.10/site-packages/airflow/example_dags/example_trigger_controller_dag.py
[2024-07-02T19:34:51.011+0000] {processor.py:830} INFO - Processing file /usr/local/python/3.10.13/lib/python3.10/site-packages/airflow/example_dags/example_trigger_controller_dag.py for tasks to queue
[2024-07-02T19:34:51.012+0000] {logging_mixin.py:188} INFO - [2024-07-02T19:34:51.012+0000] {dagbag.py:545} INFO - Filling up the DagBag from /usr/local/python/3.10.13/lib/python3.10/site-packages/airflow/example_dags/example_trigger_controller_dag.py
[2024-07-02T19:34:51.016+0000] {processor.py:840} INFO - DAG(s) 'example_trigger_controller_dag' retrieved from /usr/local/python/3.10.13/lib/python3.10/site-packages/airflow/example_dags/example_trigger_controller_dag.py
[2024-07-02T19:34:51.027+0000] {logging_mixin.py:188} INFO - [2024-07-02T19:34:51.027+0000] {dag.py:3096} INFO - Sync 1 DAGs
[2024-07-02T19:34:51.041+0000] {logging_mixin.py:188} INFO - [2024-07-02T19:34:51.041+0000] {dag.py:3954} INFO - Setting next_dagrun for example_trigger_controller_dag to 2021-01-01 00:00:00+00:00, run_after=2021-01-01 00:00:00+00:00
[2024-07-02T19:34:51.082+0000] {processor.py:183} INFO - Processing /usr/local/python/3.10.13/lib/python3.10/site-packages/airflow/example_dags/example_trigger_controller_dag.py took 0.076 seconds
[2024-07-02T19:35:38.209+0000] {processor.py:161} INFO - Started process (PID=17461) to work on /usr/local/python/3.10.13/lib/python3.10/site-packages/airflow/example_dags/example_trigger_controller_dag.py
[2024-07-02T19:35:38.210+0000] {processor.py:830} INFO - Processing file /usr/local/python/3.10.13/lib/python3.10/site-packages/airflow/example_dags/example_trigger_controller_dag.py for tasks to queue
[2024-07-02T19:35:38.210+0000] {logging_mixin.py:188} INFO - [2024-07-02T19:35:38.210+0000] {dagbag.py:545} INFO - Filling up the DagBag from /usr/local/python/3.10.13/lib/python3.10/site-packages/airflow/example_dags/example_trigger_controller_dag.py
[2024-07-02T19:35:38.214+0000] {processor.py:840} INFO - DAG(s) 'example_trigger_controller_dag' retrieved from /usr/local/python/3.10.13/lib/python3.10/site-packages/airflow/example_dags/example_trigger_controller_dag.py
[2024-07-02T19:35:38.225+0000] {logging_mixin.py:188} INFO - [2024-07-02T19:35:38.225+0000] {dag.py:3096} INFO - Sync 1 DAGs
[2024-07-02T19:35:38.239+0000] {logging_mixin.py:188} INFO - [2024-07-02T19:35:38.239+0000] {dag.py:3954} INFO - Setting next_dagrun for example_trigger_controller_dag to 2021-01-01 00:00:00+00:00, run_after=2021-01-01 00:00:00+00:00
[2024-07-02T19:35:38.279+0000] {processor.py:183} INFO - Processing /usr/local/python/3.10.13/lib/python3.10/site-packages/airflow/example_dags/example_trigger_controller_dag.py took 0.074 seconds
[2024-07-02T19:36:31.378+0000] {processor.py:161} INFO - Started process (PID=17899) to work on /usr/local/python/3.10.13/lib/python3.10/site-packages/airflow/example_dags/example_trigger_controller_dag.py
[2024-07-02T19:36:31.378+0000] {processor.py:830} INFO - Processing file /usr/local/python/3.10.13/lib/python3.10/site-packages/airflow/example_dags/example_trigger_controller_dag.py for tasks to queue
[2024-07-02T19:36:31.379+0000] {logging_mixin.py:188} INFO - [2024-07-02T19:36:31.379+0000] {dagbag.py:545} INFO - Filling up the DagBag from /usr/local/python/3.10.13/lib/python3.10/site-packages/airflow/example_dags/example_trigger_controller_dag.py
[2024-07-02T19:36:31.383+0000] {processor.py:840} INFO - DAG(s) 'example_trigger_controller_dag' retrieved from /usr/local/python/3.10.13/lib/python3.10/site-packages/airflow/example_dags/example_trigger_controller_dag.py
[2024-07-02T19:36:31.393+0000] {logging_mixin.py:188} INFO - [2024-07-02T19:36:31.393+0000] {dag.py:3096} INFO - Sync 1 DAGs
[2024-07-02T19:36:31.407+0000] {logging_mixin.py:188} INFO - [2024-07-02T19:36:31.407+0000] {dag.py:3954} INFO - Setting next_dagrun for example_trigger_controller_dag to 2021-01-01 00:00:00+00:00, run_after=2021-01-01 00:00:00+00:00
[2024-07-02T19:36:31.446+0000] {processor.py:183} INFO - Processing /usr/local/python/3.10.13/lib/python3.10/site-packages/airflow/example_dags/example_trigger_controller_dag.py took 0.073 seconds
[2024-07-02T19:37:23.487+0000] {processor.py:161} INFO - Started process (PID=18270) to work on /usr/local/python/3.10.13/lib/python3.10/site-packages/airflow/example_dags/example_trigger_controller_dag.py
[2024-07-02T19:37:23.488+0000] {processor.py:830} INFO - Processing file /usr/local/python/3.10.13/lib/python3.10/site-packages/airflow/example_dags/example_trigger_controller_dag.py for tasks to queue
[2024-07-02T19:37:23.488+0000] {logging_mixin.py:188} INFO - [2024-07-02T19:37:23.488+0000] {dagbag.py:545} INFO - Filling up the DagBag from /usr/local/python/3.10.13/lib/python3.10/site-packages/airflow/example_dags/example_trigger_controller_dag.py
[2024-07-02T19:37:23.492+0000] {processor.py:840} INFO - DAG(s) 'example_trigger_controller_dag' retrieved from /usr/local/python/3.10.13/lib/python3.10/site-packages/airflow/example_dags/example_trigger_controller_dag.py
[2024-07-02T19:37:23.503+0000] {logging_mixin.py:188} INFO - [2024-07-02T19:37:23.503+0000] {dag.py:3096} INFO - Sync 1 DAGs
[2024-07-02T19:37:23.517+0000] {logging_mixin.py:188} INFO - [2024-07-02T19:37:23.517+0000] {dag.py:3954} INFO - Setting next_dagrun for example_trigger_controller_dag to 2021-01-01 00:00:00+00:00, run_after=2021-01-01 00:00:00+00:00
[2024-07-02T19:37:23.559+0000] {processor.py:183} INFO - Processing /usr/local/python/3.10.13/lib/python3.10/site-packages/airflow/example_dags/example_trigger_controller_dag.py took 0.077 seconds
[2024-07-02T19:38:06.529+0000] {processor.py:161} INFO - Started process (PID=18584) to work on /usr/local/python/3.10.13/lib/python3.10/site-packages/airflow/example_dags/example_trigger_controller_dag.py
[2024-07-02T19:38:06.530+0000] {processor.py:830} INFO - Processing file /usr/local/python/3.10.13/lib/python3.10/site-packages/airflow/example_dags/example_trigger_controller_dag.py for tasks to queue
[2024-07-02T19:38:06.531+0000] {logging_mixin.py:188} INFO - [2024-07-02T19:38:06.530+0000] {dagbag.py:545} INFO - Filling up the DagBag from /usr/local/python/3.10.13/lib/python3.10/site-packages/airflow/example_dags/example_trigger_controller_dag.py
[2024-07-02T19:38:06.534+0000] {processor.py:840} INFO - DAG(s) 'example_trigger_controller_dag' retrieved from /usr/local/python/3.10.13/lib/python3.10/site-packages/airflow/example_dags/example_trigger_controller_dag.py
[2024-07-02T19:38:06.555+0000] {logging_mixin.py:188} INFO - [2024-07-02T19:38:06.554+0000] {dag.py:3096} INFO - Sync 1 DAGs
[2024-07-02T19:38:06.576+0000] {logging_mixin.py:188} INFO - [2024-07-02T19:38:06.576+0000] {dag.py:3954} INFO - Setting next_dagrun for example_trigger_controller_dag to 2021-01-01 00:00:00+00:00, run_after=2021-01-01 00:00:00+00:00
[2024-07-02T19:38:06.630+0000] {processor.py:183} INFO - Processing /usr/local/python/3.10.13/lib/python3.10/site-packages/airflow/example_dags/example_trigger_controller_dag.py took 0.105 seconds
[2024-07-02T19:38:49.455+0000] {processor.py:161} INFO - Started process (PID=18901) to work on /usr/local/python/3.10.13/lib/python3.10/site-packages/airflow/example_dags/example_trigger_controller_dag.py
[2024-07-02T19:38:49.456+0000] {processor.py:830} INFO - Processing file /usr/local/python/3.10.13/lib/python3.10/site-packages/airflow/example_dags/example_trigger_controller_dag.py for tasks to queue
[2024-07-02T19:38:49.456+0000] {logging_mixin.py:188} INFO - [2024-07-02T19:38:49.456+0000] {dagbag.py:545} INFO - Filling up the DagBag from /usr/local/python/3.10.13/lib/python3.10/site-packages/airflow/example_dags/example_trigger_controller_dag.py
[2024-07-02T19:38:49.460+0000] {processor.py:840} INFO - DAG(s) 'example_trigger_controller_dag' retrieved from /usr/local/python/3.10.13/lib/python3.10/site-packages/airflow/example_dags/example_trigger_controller_dag.py
[2024-07-02T19:38:49.471+0000] {logging_mixin.py:188} INFO - [2024-07-02T19:38:49.471+0000] {dag.py:3096} INFO - Sync 1 DAGs
[2024-07-02T19:38:49.485+0000] {logging_mixin.py:188} INFO - [2024-07-02T19:38:49.485+0000] {dag.py:3954} INFO - Setting next_dagrun for example_trigger_controller_dag to 2021-01-01 00:00:00+00:00, run_after=2021-01-01 00:00:00+00:00
[2024-07-02T19:38:49.523+0000] {processor.py:183} INFO - Processing /usr/local/python/3.10.13/lib/python3.10/site-packages/airflow/example_dags/example_trigger_controller_dag.py took 0.074 seconds
[2024-07-02T19:39:33.754+0000] {processor.py:161} INFO - Started process (PID=19224) to work on /usr/local/python/3.10.13/lib/python3.10/site-packages/airflow/example_dags/example_trigger_controller_dag.py
[2024-07-02T19:39:33.755+0000] {processor.py:830} INFO - Processing file /usr/local/python/3.10.13/lib/python3.10/site-packages/airflow/example_dags/example_trigger_controller_dag.py for tasks to queue
[2024-07-02T19:39:33.756+0000] {logging_mixin.py:188} INFO - [2024-07-02T19:39:33.756+0000] {dagbag.py:545} INFO - Filling up the DagBag from /usr/local/python/3.10.13/lib/python3.10/site-packages/airflow/example_dags/example_trigger_controller_dag.py
[2024-07-02T19:39:33.760+0000] {processor.py:840} INFO - DAG(s) 'example_trigger_controller_dag' retrieved from /usr/local/python/3.10.13/lib/python3.10/site-packages/airflow/example_dags/example_trigger_controller_dag.py
[2024-07-02T19:39:33.770+0000] {logging_mixin.py:188} INFO - [2024-07-02T19:39:33.770+0000] {dag.py:3096} INFO - Sync 1 DAGs
[2024-07-02T19:39:33.784+0000] {logging_mixin.py:188} INFO - [2024-07-02T19:39:33.784+0000] {dag.py:3954} INFO - Setting next_dagrun for example_trigger_controller_dag to 2021-01-01 00:00:00+00:00, run_after=2021-01-01 00:00:00+00:00
[2024-07-02T19:39:33.824+0000] {processor.py:183} INFO - Processing /usr/local/python/3.10.13/lib/python3.10/site-packages/airflow/example_dags/example_trigger_controller_dag.py took 0.074 seconds
[2024-07-02T19:40:31.065+0000] {processor.py:161} INFO - Started process (PID=19665) to work on /usr/local/python/3.10.13/lib/python3.10/site-packages/airflow/example_dags/example_trigger_controller_dag.py
[2024-07-02T19:40:31.066+0000] {processor.py:830} INFO - Processing file /usr/local/python/3.10.13/lib/python3.10/site-packages/airflow/example_dags/example_trigger_controller_dag.py for tasks to queue
[2024-07-02T19:40:31.067+0000] {logging_mixin.py:188} INFO - [2024-07-02T19:40:31.066+0000] {dagbag.py:545} INFO - Filling up the DagBag from /usr/local/python/3.10.13/lib/python3.10/site-packages/airflow/example_dags/example_trigger_controller_dag.py
[2024-07-02T19:40:31.070+0000] {processor.py:840} INFO - DAG(s) 'example_trigger_controller_dag' retrieved from /usr/local/python/3.10.13/lib/python3.10/site-packages/airflow/example_dags/example_trigger_controller_dag.py
[2024-07-02T19:40:31.081+0000] {logging_mixin.py:188} INFO - [2024-07-02T19:40:31.081+0000] {dag.py:3096} INFO - Sync 1 DAGs
[2024-07-02T19:40:31.095+0000] {logging_mixin.py:188} INFO - [2024-07-02T19:40:31.095+0000] {dag.py:3954} INFO - Setting next_dagrun for example_trigger_controller_dag to 2021-01-01 00:00:00+00:00, run_after=2021-01-01 00:00:00+00:00
[2024-07-02T19:40:31.137+0000] {processor.py:183} INFO - Processing /usr/local/python/3.10.13/lib/python3.10/site-packages/airflow/example_dags/example_trigger_controller_dag.py took 0.076 seconds
[2024-07-02T19:41:15.125+0000] {processor.py:161} INFO - Started process (PID=20001) to work on /usr/local/python/3.10.13/lib/python3.10/site-packages/airflow/example_dags/example_trigger_controller_dag.py
[2024-07-02T19:41:15.125+0000] {processor.py:830} INFO - Processing file /usr/local/python/3.10.13/lib/python3.10/site-packages/airflow/example_dags/example_trigger_controller_dag.py for tasks to queue
[2024-07-02T19:41:15.126+0000] {logging_mixin.py:188} INFO - [2024-07-02T19:41:15.126+0000] {dagbag.py:545} INFO - Filling up the DagBag from /usr/local/python/3.10.13/lib/python3.10/site-packages/airflow/example_dags/example_trigger_controller_dag.py
[2024-07-02T19:41:15.130+0000] {processor.py:840} INFO - DAG(s) 'example_trigger_controller_dag' retrieved from /usr/local/python/3.10.13/lib/python3.10/site-packages/airflow/example_dags/example_trigger_controller_dag.py
[2024-07-02T19:41:15.141+0000] {logging_mixin.py:188} INFO - [2024-07-02T19:41:15.140+0000] {dag.py:3096} INFO - Sync 1 DAGs
[2024-07-02T19:41:15.155+0000] {logging_mixin.py:188} INFO - [2024-07-02T19:41:15.155+0000] {dag.py:3954} INFO - Setting next_dagrun for example_trigger_controller_dag to 2021-01-01 00:00:00+00:00, run_after=2021-01-01 00:00:00+00:00
[2024-07-02T19:41:15.198+0000] {processor.py:183} INFO - Processing /usr/local/python/3.10.13/lib/python3.10/site-packages/airflow/example_dags/example_trigger_controller_dag.py took 0.078 seconds
[2024-07-02T19:41:58.023+0000] {processor.py:161} INFO - Started process (PID=20323) to work on /usr/local/python/3.10.13/lib/python3.10/site-packages/airflow/example_dags/example_trigger_controller_dag.py
[2024-07-02T19:41:58.023+0000] {processor.py:830} INFO - Processing file /usr/local/python/3.10.13/lib/python3.10/site-packages/airflow/example_dags/example_trigger_controller_dag.py for tasks to queue
[2024-07-02T19:41:58.024+0000] {logging_mixin.py:188} INFO - [2024-07-02T19:41:58.024+0000] {dagbag.py:545} INFO - Filling up the DagBag from /usr/local/python/3.10.13/lib/python3.10/site-packages/airflow/example_dags/example_trigger_controller_dag.py
[2024-07-02T19:41:58.028+0000] {processor.py:840} INFO - DAG(s) 'example_trigger_controller_dag' retrieved from /usr/local/python/3.10.13/lib/python3.10/site-packages/airflow/example_dags/example_trigger_controller_dag.py
[2024-07-02T19:41:58.039+0000] {logging_mixin.py:188} INFO - [2024-07-02T19:41:58.038+0000] {dag.py:3096} INFO - Sync 1 DAGs
[2024-07-02T19:41:58.052+0000] {logging_mixin.py:188} INFO - [2024-07-02T19:41:58.052+0000] {dag.py:3954} INFO - Setting next_dagrun for example_trigger_controller_dag to 2021-01-01 00:00:00+00:00, run_after=2021-01-01 00:00:00+00:00
[2024-07-02T19:41:58.092+0000] {processor.py:183} INFO - Processing /usr/local/python/3.10.13/lib/python3.10/site-packages/airflow/example_dags/example_trigger_controller_dag.py took 0.074 seconds
[2024-07-02T19:42:38.482+0000] {processor.py:161} INFO - Started process (PID=20631) to work on /usr/local/python/3.10.13/lib/python3.10/site-packages/airflow/example_dags/example_trigger_controller_dag.py
[2024-07-02T19:42:38.483+0000] {processor.py:830} INFO - Processing file /usr/local/python/3.10.13/lib/python3.10/site-packages/airflow/example_dags/example_trigger_controller_dag.py for tasks to queue
[2024-07-02T19:42:38.484+0000] {logging_mixin.py:188} INFO - [2024-07-02T19:42:38.483+0000] {dagbag.py:545} INFO - Filling up the DagBag from /usr/local/python/3.10.13/lib/python3.10/site-packages/airflow/example_dags/example_trigger_controller_dag.py
[2024-07-02T19:42:38.487+0000] {processor.py:840} INFO - DAG(s) 'example_trigger_controller_dag' retrieved from /usr/local/python/3.10.13/lib/python3.10/site-packages/airflow/example_dags/example_trigger_controller_dag.py
[2024-07-02T19:42:38.498+0000] {logging_mixin.py:188} INFO - [2024-07-02T19:42:38.497+0000] {dag.py:3096} INFO - Sync 1 DAGs
[2024-07-02T19:42:38.512+0000] {logging_mixin.py:188} INFO - [2024-07-02T19:42:38.512+0000] {dag.py:3954} INFO - Setting next_dagrun for example_trigger_controller_dag to 2021-01-01 00:00:00+00:00, run_after=2021-01-01 00:00:00+00:00
[2024-07-02T19:42:38.551+0000] {processor.py:183} INFO - Processing /usr/local/python/3.10.13/lib/python3.10/site-packages/airflow/example_dags/example_trigger_controller_dag.py took 0.073 seconds
[2024-07-02T19:43:28.551+0000] {processor.py:161} INFO - Started process (PID=21072) to work on /usr/local/python/3.10.13/lib/python3.10/site-packages/airflow/example_dags/example_trigger_controller_dag.py
[2024-07-02T19:43:28.552+0000] {processor.py:830} INFO - Processing file /usr/local/python/3.10.13/lib/python3.10/site-packages/airflow/example_dags/example_trigger_controller_dag.py for tasks to queue
[2024-07-02T19:43:28.553+0000] {logging_mixin.py:188} INFO - [2024-07-02T19:43:28.552+0000] {dagbag.py:545} INFO - Filling up the DagBag from /usr/local/python/3.10.13/lib/python3.10/site-packages/airflow/example_dags/example_trigger_controller_dag.py
[2024-07-02T19:43:28.558+0000] {processor.py:840} INFO - DAG(s) 'example_trigger_controller_dag' retrieved from /usr/local/python/3.10.13/lib/python3.10/site-packages/airflow/example_dags/example_trigger_controller_dag.py
[2024-07-02T19:43:28.572+0000] {logging_mixin.py:188} INFO - [2024-07-02T19:43:28.572+0000] {dag.py:3096} INFO - Sync 1 DAGs
[2024-07-02T19:43:28.587+0000] {logging_mixin.py:188} INFO - [2024-07-02T19:43:28.587+0000] {dag.py:3954} INFO - Setting next_dagrun for example_trigger_controller_dag to 2021-01-01 00:00:00+00:00, run_after=2021-01-01 00:00:00+00:00
[2024-07-02T19:43:28.630+0000] {processor.py:183} INFO - Processing /usr/local/python/3.10.13/lib/python3.10/site-packages/airflow/example_dags/example_trigger_controller_dag.py took 0.086 seconds
[2024-07-02T19:44:20.648+0000] {processor.py:161} INFO - Started process (PID=21462) to work on /usr/local/python/3.10.13/lib/python3.10/site-packages/airflow/example_dags/example_trigger_controller_dag.py
[2024-07-02T19:44:20.649+0000] {processor.py:830} INFO - Processing file /usr/local/python/3.10.13/lib/python3.10/site-packages/airflow/example_dags/example_trigger_controller_dag.py for tasks to queue
[2024-07-02T19:44:20.649+0000] {logging_mixin.py:188} INFO - [2024-07-02T19:44:20.649+0000] {dagbag.py:545} INFO - Filling up the DagBag from /usr/local/python/3.10.13/lib/python3.10/site-packages/airflow/example_dags/example_trigger_controller_dag.py
[2024-07-02T19:44:20.653+0000] {processor.py:840} INFO - DAG(s) 'example_trigger_controller_dag' retrieved from /usr/local/python/3.10.13/lib/python3.10/site-packages/airflow/example_dags/example_trigger_controller_dag.py
[2024-07-02T19:44:20.664+0000] {logging_mixin.py:188} INFO - [2024-07-02T19:44:20.663+0000] {dag.py:3096} INFO - Sync 1 DAGs
[2024-07-02T19:44:20.677+0000] {logging_mixin.py:188} INFO - [2024-07-02T19:44:20.677+0000] {dag.py:3954} INFO - Setting next_dagrun for example_trigger_controller_dag to 2021-01-01 00:00:00+00:00, run_after=2021-01-01 00:00:00+00:00
[2024-07-02T19:44:20.718+0000] {processor.py:183} INFO - Processing /usr/local/python/3.10.13/lib/python3.10/site-packages/airflow/example_dags/example_trigger_controller_dag.py took 0.075 seconds
[2024-07-02T19:45:03.535+0000] {processor.py:161} INFO - Started process (PID=21782) to work on /usr/local/python/3.10.13/lib/python3.10/site-packages/airflow/example_dags/example_trigger_controller_dag.py
[2024-07-02T19:45:03.536+0000] {processor.py:830} INFO - Processing file /usr/local/python/3.10.13/lib/python3.10/site-packages/airflow/example_dags/example_trigger_controller_dag.py for tasks to queue
[2024-07-02T19:45:03.536+0000] {logging_mixin.py:188} INFO - [2024-07-02T19:45:03.536+0000] {dagbag.py:545} INFO - Filling up the DagBag from /usr/local/python/3.10.13/lib/python3.10/site-packages/airflow/example_dags/example_trigger_controller_dag.py
[2024-07-02T19:45:03.540+0000] {processor.py:840} INFO - DAG(s) 'example_trigger_controller_dag' retrieved from /usr/local/python/3.10.13/lib/python3.10/site-packages/airflow/example_dags/example_trigger_controller_dag.py
[2024-07-02T19:45:03.551+0000] {logging_mixin.py:188} INFO - [2024-07-02T19:45:03.550+0000] {dag.py:3096} INFO - Sync 1 DAGs
[2024-07-02T19:45:03.564+0000] {logging_mixin.py:188} INFO - [2024-07-02T19:45:03.564+0000] {dag.py:3954} INFO - Setting next_dagrun for example_trigger_controller_dag to 2021-01-01 00:00:00+00:00, run_after=2021-01-01 00:00:00+00:00
[2024-07-02T19:45:03.606+0000] {processor.py:183} INFO - Processing /usr/local/python/3.10.13/lib/python3.10/site-packages/airflow/example_dags/example_trigger_controller_dag.py took 0.075 seconds
[2024-07-02T19:45:44.700+0000] {processor.py:161} INFO - Started process (PID=22076) to work on /usr/local/python/3.10.13/lib/python3.10/site-packages/airflow/example_dags/example_trigger_controller_dag.py
[2024-07-02T19:45:44.700+0000] {processor.py:830} INFO - Processing file /usr/local/python/3.10.13/lib/python3.10/site-packages/airflow/example_dags/example_trigger_controller_dag.py for tasks to queue
[2024-07-02T19:45:44.701+0000] {logging_mixin.py:188} INFO - [2024-07-02T19:45:44.701+0000] {dagbag.py:545} INFO - Filling up the DagBag from /usr/local/python/3.10.13/lib/python3.10/site-packages/airflow/example_dags/example_trigger_controller_dag.py
[2024-07-02T19:45:44.705+0000] {processor.py:840} INFO - DAG(s) 'example_trigger_controller_dag' retrieved from /usr/local/python/3.10.13/lib/python3.10/site-packages/airflow/example_dags/example_trigger_controller_dag.py
[2024-07-02T19:45:44.716+0000] {logging_mixin.py:188} INFO - [2024-07-02T19:45:44.715+0000] {dag.py:3096} INFO - Sync 1 DAGs
[2024-07-02T19:45:44.730+0000] {logging_mixin.py:188} INFO - [2024-07-02T19:45:44.730+0000] {dag.py:3954} INFO - Setting next_dagrun for example_trigger_controller_dag to 2021-01-01 00:00:00+00:00, run_after=2021-01-01 00:00:00+00:00
[2024-07-02T19:45:44.770+0000] {processor.py:183} INFO - Processing /usr/local/python/3.10.13/lib/python3.10/site-packages/airflow/example_dags/example_trigger_controller_dag.py took 0.074 seconds
[2024-07-02T19:46:27.541+0000] {processor.py:161} INFO - Started process (PID=22392) to work on /usr/local/python/3.10.13/lib/python3.10/site-packages/airflow/example_dags/example_trigger_controller_dag.py
[2024-07-02T19:46:27.542+0000] {processor.py:830} INFO - Processing file /usr/local/python/3.10.13/lib/python3.10/site-packages/airflow/example_dags/example_trigger_controller_dag.py for tasks to queue
[2024-07-02T19:46:27.543+0000] {logging_mixin.py:188} INFO - [2024-07-02T19:46:27.542+0000] {dagbag.py:545} INFO - Filling up the DagBag from /usr/local/python/3.10.13/lib/python3.10/site-packages/airflow/example_dags/example_trigger_controller_dag.py
[2024-07-02T19:46:27.546+0000] {processor.py:840} INFO - DAG(s) 'example_trigger_controller_dag' retrieved from /usr/local/python/3.10.13/lib/python3.10/site-packages/airflow/example_dags/example_trigger_controller_dag.py
[2024-07-02T19:46:27.557+0000] {logging_mixin.py:188} INFO - [2024-07-02T19:46:27.557+0000] {dag.py:3096} INFO - Sync 1 DAGs
[2024-07-02T19:46:27.571+0000] {logging_mixin.py:188} INFO - [2024-07-02T19:46:27.570+0000] {dag.py:3954} INFO - Setting next_dagrun for example_trigger_controller_dag to 2021-01-01 00:00:00+00:00, run_after=2021-01-01 00:00:00+00:00
[2024-07-02T19:46:27.610+0000] {processor.py:183} INFO - Processing /usr/local/python/3.10.13/lib/python3.10/site-packages/airflow/example_dags/example_trigger_controller_dag.py took 0.073 seconds
[2024-07-02T19:47:15.264+0000] {processor.py:161} INFO - Started process (PID=22705) to work on /usr/local/python/3.10.13/lib/python3.10/site-packages/airflow/example_dags/example_trigger_controller_dag.py
[2024-07-02T19:47:15.264+0000] {processor.py:830} INFO - Processing file /usr/local/python/3.10.13/lib/python3.10/site-packages/airflow/example_dags/example_trigger_controller_dag.py for tasks to queue
[2024-07-02T19:47:15.265+0000] {logging_mixin.py:188} INFO - [2024-07-02T19:47:15.265+0000] {dagbag.py:545} INFO - Filling up the DagBag from /usr/local/python/3.10.13/lib/python3.10/site-packages/airflow/example_dags/example_trigger_controller_dag.py
[2024-07-02T19:47:15.269+0000] {processor.py:840} INFO - DAG(s) 'example_trigger_controller_dag' retrieved from /usr/local/python/3.10.13/lib/python3.10/site-packages/airflow/example_dags/example_trigger_controller_dag.py
[2024-07-02T19:47:15.280+0000] {logging_mixin.py:188} INFO - [2024-07-02T19:47:15.279+0000] {dag.py:3096} INFO - Sync 1 DAGs
[2024-07-02T19:47:15.294+0000] {logging_mixin.py:188} INFO - [2024-07-02T19:47:15.294+0000] {dag.py:3954} INFO - Setting next_dagrun for example_trigger_controller_dag to 2021-01-01 00:00:00+00:00, run_after=2021-01-01 00:00:00+00:00
[2024-07-02T19:47:15.332+0000] {processor.py:183} INFO - Processing /usr/local/python/3.10.13/lib/python3.10/site-packages/airflow/example_dags/example_trigger_controller_dag.py took 0.073 seconds
[2024-07-02T19:47:59.667+0000] {processor.py:161} INFO - Started process (PID=23026) to work on /usr/local/python/3.10.13/lib/python3.10/site-packages/airflow/example_dags/example_trigger_controller_dag.py
[2024-07-02T19:47:59.668+0000] {processor.py:830} INFO - Processing file /usr/local/python/3.10.13/lib/python3.10/site-packages/airflow/example_dags/example_trigger_controller_dag.py for tasks to queue
[2024-07-02T19:47:59.669+0000] {logging_mixin.py:188} INFO - [2024-07-02T19:47:59.669+0000] {dagbag.py:545} INFO - Filling up the DagBag from /usr/local/python/3.10.13/lib/python3.10/site-packages/airflow/example_dags/example_trigger_controller_dag.py
[2024-07-02T19:47:59.673+0000] {processor.py:840} INFO - DAG(s) 'example_trigger_controller_dag' retrieved from /usr/local/python/3.10.13/lib/python3.10/site-packages/airflow/example_dags/example_trigger_controller_dag.py
[2024-07-02T19:47:59.684+0000] {logging_mixin.py:188} INFO - [2024-07-02T19:47:59.683+0000] {dag.py:3096} INFO - Sync 1 DAGs
[2024-07-02T19:47:59.697+0000] {logging_mixin.py:188} INFO - [2024-07-02T19:47:59.697+0000] {dag.py:3954} INFO - Setting next_dagrun for example_trigger_controller_dag to 2021-01-01 00:00:00+00:00, run_after=2021-01-01 00:00:00+00:00
[2024-07-02T19:47:59.737+0000] {processor.py:183} INFO - Processing /usr/local/python/3.10.13/lib/python3.10/site-packages/airflow/example_dags/example_trigger_controller_dag.py took 0.074 seconds
[2024-07-02T19:48:40.781+0000] {processor.py:161} INFO - Started process (PID=23326) to work on /usr/local/python/3.10.13/lib/python3.10/site-packages/airflow/example_dags/example_trigger_controller_dag.py
[2024-07-02T19:48:40.781+0000] {processor.py:830} INFO - Processing file /usr/local/python/3.10.13/lib/python3.10/site-packages/airflow/example_dags/example_trigger_controller_dag.py for tasks to queue
[2024-07-02T19:48:40.782+0000] {logging_mixin.py:188} INFO - [2024-07-02T19:48:40.782+0000] {dagbag.py:545} INFO - Filling up the DagBag from /usr/local/python/3.10.13/lib/python3.10/site-packages/airflow/example_dags/example_trigger_controller_dag.py
[2024-07-02T19:48:40.786+0000] {processor.py:840} INFO - DAG(s) 'example_trigger_controller_dag' retrieved from /usr/local/python/3.10.13/lib/python3.10/site-packages/airflow/example_dags/example_trigger_controller_dag.py
[2024-07-02T19:48:40.796+0000] {logging_mixin.py:188} INFO - [2024-07-02T19:48:40.796+0000] {dag.py:3096} INFO - Sync 1 DAGs
[2024-07-02T19:48:40.811+0000] {logging_mixin.py:188} INFO - [2024-07-02T19:48:40.810+0000] {dag.py:3954} INFO - Setting next_dagrun for example_trigger_controller_dag to 2021-01-01 00:00:00+00:00, run_after=2021-01-01 00:00:00+00:00
[2024-07-02T19:48:40.849+0000] {processor.py:183} INFO - Processing /usr/local/python/3.10.13/lib/python3.10/site-packages/airflow/example_dags/example_trigger_controller_dag.py took 0.073 seconds
[2024-07-02T19:49:25.015+0000] {processor.py:161} INFO - Started process (PID=23647) to work on /usr/local/python/3.10.13/lib/python3.10/site-packages/airflow/example_dags/example_trigger_controller_dag.py
[2024-07-02T19:49:25.015+0000] {processor.py:830} INFO - Processing file /usr/local/python/3.10.13/lib/python3.10/site-packages/airflow/example_dags/example_trigger_controller_dag.py for tasks to queue
[2024-07-02T19:49:25.016+0000] {logging_mixin.py:188} INFO - [2024-07-02T19:49:25.016+0000] {dagbag.py:545} INFO - Filling up the DagBag from /usr/local/python/3.10.13/lib/python3.10/site-packages/airflow/example_dags/example_trigger_controller_dag.py
[2024-07-02T19:49:25.021+0000] {processor.py:840} INFO - DAG(s) 'example_trigger_controller_dag' retrieved from /usr/local/python/3.10.13/lib/python3.10/site-packages/airflow/example_dags/example_trigger_controller_dag.py
[2024-07-02T19:49:25.036+0000] {logging_mixin.py:188} INFO - [2024-07-02T19:49:25.036+0000] {dag.py:3096} INFO - Sync 1 DAGs
[2024-07-02T19:49:25.059+0000] {logging_mixin.py:188} INFO - [2024-07-02T19:49:25.059+0000] {dag.py:3954} INFO - Setting next_dagrun for example_trigger_controller_dag to 2021-01-01 00:00:00+00:00, run_after=2021-01-01 00:00:00+00:00
[2024-07-02T19:49:25.102+0000] {processor.py:183} INFO - Processing /usr/local/python/3.10.13/lib/python3.10/site-packages/airflow/example_dags/example_trigger_controller_dag.py took 0.092 seconds
[2024-07-02T19:50:09.808+0000] {processor.py:161} INFO - Started process (PID=23988) to work on /usr/local/python/3.10.13/lib/python3.10/site-packages/airflow/example_dags/example_trigger_controller_dag.py
[2024-07-02T19:50:09.808+0000] {processor.py:830} INFO - Processing file /usr/local/python/3.10.13/lib/python3.10/site-packages/airflow/example_dags/example_trigger_controller_dag.py for tasks to queue
[2024-07-02T19:50:09.809+0000] {logging_mixin.py:188} INFO - [2024-07-02T19:50:09.809+0000] {dagbag.py:545} INFO - Filling up the DagBag from /usr/local/python/3.10.13/lib/python3.10/site-packages/airflow/example_dags/example_trigger_controller_dag.py
[2024-07-02T19:50:09.813+0000] {processor.py:840} INFO - DAG(s) 'example_trigger_controller_dag' retrieved from /usr/local/python/3.10.13/lib/python3.10/site-packages/airflow/example_dags/example_trigger_controller_dag.py
[2024-07-02T19:50:09.824+0000] {logging_mixin.py:188} INFO - [2024-07-02T19:50:09.823+0000] {dag.py:3096} INFO - Sync 1 DAGs
[2024-07-02T19:50:09.837+0000] {logging_mixin.py:188} INFO - [2024-07-02T19:50:09.837+0000] {dag.py:3954} INFO - Setting next_dagrun for example_trigger_controller_dag to 2021-01-01 00:00:00+00:00, run_after=2021-01-01 00:00:00+00:00
[2024-07-02T19:50:09.876+0000] {processor.py:183} INFO - Processing /usr/local/python/3.10.13/lib/python3.10/site-packages/airflow/example_dags/example_trigger_controller_dag.py took 0.073 seconds
[2024-07-02T19:50:54.361+0000] {processor.py:161} INFO - Started process (PID=24339) to work on /usr/local/python/3.10.13/lib/python3.10/site-packages/airflow/example_dags/example_trigger_controller_dag.py
[2024-07-02T19:50:54.362+0000] {processor.py:830} INFO - Processing file /usr/local/python/3.10.13/lib/python3.10/site-packages/airflow/example_dags/example_trigger_controller_dag.py for tasks to queue
[2024-07-02T19:50:54.362+0000] {logging_mixin.py:188} INFO - [2024-07-02T19:50:54.362+0000] {dagbag.py:545} INFO - Filling up the DagBag from /usr/local/python/3.10.13/lib/python3.10/site-packages/airflow/example_dags/example_trigger_controller_dag.py
[2024-07-02T19:50:54.366+0000] {processor.py:840} INFO - DAG(s) 'example_trigger_controller_dag' retrieved from /usr/local/python/3.10.13/lib/python3.10/site-packages/airflow/example_dags/example_trigger_controller_dag.py
[2024-07-02T19:50:54.376+0000] {logging_mixin.py:188} INFO - [2024-07-02T19:50:54.376+0000] {dag.py:3096} INFO - Sync 1 DAGs
[2024-07-02T19:50:54.390+0000] {logging_mixin.py:188} INFO - [2024-07-02T19:50:54.390+0000] {dag.py:3954} INFO - Setting next_dagrun for example_trigger_controller_dag to 2021-01-01 00:00:00+00:00, run_after=2021-01-01 00:00:00+00:00
[2024-07-02T19:50:54.429+0000] {processor.py:183} INFO - Processing /usr/local/python/3.10.13/lib/python3.10/site-packages/airflow/example_dags/example_trigger_controller_dag.py took 0.073 seconds
[2024-07-02T19:51:39.421+0000] {processor.py:161} INFO - Started process (PID=24667) to work on /usr/local/python/3.10.13/lib/python3.10/site-packages/airflow/example_dags/example_trigger_controller_dag.py
[2024-07-02T19:51:39.422+0000] {processor.py:830} INFO - Processing file /usr/local/python/3.10.13/lib/python3.10/site-packages/airflow/example_dags/example_trigger_controller_dag.py for tasks to queue
[2024-07-02T19:51:39.422+0000] {logging_mixin.py:188} INFO - [2024-07-02T19:51:39.422+0000] {dagbag.py:545} INFO - Filling up the DagBag from /usr/local/python/3.10.13/lib/python3.10/site-packages/airflow/example_dags/example_trigger_controller_dag.py
[2024-07-02T19:51:39.426+0000] {processor.py:840} INFO - DAG(s) 'example_trigger_controller_dag' retrieved from /usr/local/python/3.10.13/lib/python3.10/site-packages/airflow/example_dags/example_trigger_controller_dag.py
[2024-07-02T19:51:39.437+0000] {logging_mixin.py:188} INFO - [2024-07-02T19:51:39.436+0000] {dag.py:3096} INFO - Sync 1 DAGs
[2024-07-02T19:51:39.450+0000] {logging_mixin.py:188} INFO - [2024-07-02T19:51:39.450+0000] {dag.py:3954} INFO - Setting next_dagrun for example_trigger_controller_dag to 2021-01-01 00:00:00+00:00, run_after=2021-01-01 00:00:00+00:00
[2024-07-02T19:51:39.490+0000] {processor.py:183} INFO - Processing /usr/local/python/3.10.13/lib/python3.10/site-packages/airflow/example_dags/example_trigger_controller_dag.py took 0.074 seconds
[2024-07-02T19:52:23.743+0000] {processor.py:161} INFO - Started process (PID=25024) to work on /usr/local/python/3.10.13/lib/python3.10/site-packages/airflow/example_dags/example_trigger_controller_dag.py
[2024-07-02T19:52:23.743+0000] {processor.py:830} INFO - Processing file /usr/local/python/3.10.13/lib/python3.10/site-packages/airflow/example_dags/example_trigger_controller_dag.py for tasks to queue
[2024-07-02T19:52:23.744+0000] {logging_mixin.py:188} INFO - [2024-07-02T19:52:23.744+0000] {dagbag.py:545} INFO - Filling up the DagBag from /usr/local/python/3.10.13/lib/python3.10/site-packages/airflow/example_dags/example_trigger_controller_dag.py
[2024-07-02T19:52:23.748+0000] {processor.py:840} INFO - DAG(s) 'example_trigger_controller_dag' retrieved from /usr/local/python/3.10.13/lib/python3.10/site-packages/airflow/example_dags/example_trigger_controller_dag.py
[2024-07-02T19:52:23.758+0000] {logging_mixin.py:188} INFO - [2024-07-02T19:52:23.758+0000] {dag.py:3096} INFO - Sync 1 DAGs
[2024-07-02T19:52:23.772+0000] {logging_mixin.py:188} INFO - [2024-07-02T19:52:23.772+0000] {dag.py:3954} INFO - Setting next_dagrun for example_trigger_controller_dag to 2021-01-01 00:00:00+00:00, run_after=2021-01-01 00:00:00+00:00
[2024-07-02T19:52:23.815+0000] {processor.py:183} INFO - Processing /usr/local/python/3.10.13/lib/python3.10/site-packages/airflow/example_dags/example_trigger_controller_dag.py took 0.076 seconds
[2024-07-02T19:53:09.014+0000] {processor.py:161} INFO - Started process (PID=25353) to work on /usr/local/python/3.10.13/lib/python3.10/site-packages/airflow/example_dags/example_trigger_controller_dag.py
[2024-07-02T19:53:09.015+0000] {processor.py:830} INFO - Processing file /usr/local/python/3.10.13/lib/python3.10/site-packages/airflow/example_dags/example_trigger_controller_dag.py for tasks to queue
[2024-07-02T19:53:09.015+0000] {logging_mixin.py:188} INFO - [2024-07-02T19:53:09.015+0000] {dagbag.py:545} INFO - Filling up the DagBag from /usr/local/python/3.10.13/lib/python3.10/site-packages/airflow/example_dags/example_trigger_controller_dag.py
[2024-07-02T19:53:09.019+0000] {processor.py:840} INFO - DAG(s) 'example_trigger_controller_dag' retrieved from /usr/local/python/3.10.13/lib/python3.10/site-packages/airflow/example_dags/example_trigger_controller_dag.py
[2024-07-02T19:53:09.030+0000] {logging_mixin.py:188} INFO - [2024-07-02T19:53:09.030+0000] {dag.py:3096} INFO - Sync 1 DAGs
[2024-07-02T19:53:09.044+0000] {logging_mixin.py:188} INFO - [2024-07-02T19:53:09.044+0000] {dag.py:3954} INFO - Setting next_dagrun for example_trigger_controller_dag to 2021-01-01 00:00:00+00:00, run_after=2021-01-01 00:00:00+00:00
[2024-07-02T19:53:09.096+0000] {processor.py:183} INFO - Processing /usr/local/python/3.10.13/lib/python3.10/site-packages/airflow/example_dags/example_trigger_controller_dag.py took 0.087 seconds
[2024-07-02T19:53:52.847+0000] {processor.py:161} INFO - Started process (PID=25681) to work on /usr/local/python/3.10.13/lib/python3.10/site-packages/airflow/example_dags/example_trigger_controller_dag.py
[2024-07-02T19:53:52.848+0000] {processor.py:830} INFO - Processing file /usr/local/python/3.10.13/lib/python3.10/site-packages/airflow/example_dags/example_trigger_controller_dag.py for tasks to queue
[2024-07-02T19:53:52.849+0000] {logging_mixin.py:188} INFO - [2024-07-02T19:53:52.848+0000] {dagbag.py:545} INFO - Filling up the DagBag from /usr/local/python/3.10.13/lib/python3.10/site-packages/airflow/example_dags/example_trigger_controller_dag.py
[2024-07-02T19:53:52.852+0000] {processor.py:840} INFO - DAG(s) 'example_trigger_controller_dag' retrieved from /usr/local/python/3.10.13/lib/python3.10/site-packages/airflow/example_dags/example_trigger_controller_dag.py
[2024-07-02T19:53:52.862+0000] {logging_mixin.py:188} INFO - [2024-07-02T19:53:52.862+0000] {dag.py:3096} INFO - Sync 1 DAGs
[2024-07-02T19:53:52.876+0000] {logging_mixin.py:188} INFO - [2024-07-02T19:53:52.876+0000] {dag.py:3954} INFO - Setting next_dagrun for example_trigger_controller_dag to 2021-01-01 00:00:00+00:00, run_after=2021-01-01 00:00:00+00:00
[2024-07-02T19:53:52.917+0000] {processor.py:183} INFO - Processing /usr/local/python/3.10.13/lib/python3.10/site-packages/airflow/example_dags/example_trigger_controller_dag.py took 0.075 seconds
[2024-07-02T19:54:37.100+0000] {processor.py:161} INFO - Started process (PID=26031) to work on /usr/local/python/3.10.13/lib/python3.10/site-packages/airflow/example_dags/example_trigger_controller_dag.py
[2024-07-02T19:54:37.101+0000] {processor.py:830} INFO - Processing file /usr/local/python/3.10.13/lib/python3.10/site-packages/airflow/example_dags/example_trigger_controller_dag.py for tasks to queue
[2024-07-02T19:54:37.102+0000] {logging_mixin.py:188} INFO - [2024-07-02T19:54:37.101+0000] {dagbag.py:545} INFO - Filling up the DagBag from /usr/local/python/3.10.13/lib/python3.10/site-packages/airflow/example_dags/example_trigger_controller_dag.py
[2024-07-02T19:54:37.105+0000] {processor.py:840} INFO - DAG(s) 'example_trigger_controller_dag' retrieved from /usr/local/python/3.10.13/lib/python3.10/site-packages/airflow/example_dags/example_trigger_controller_dag.py
[2024-07-02T19:54:37.116+0000] {logging_mixin.py:188} INFO - [2024-07-02T19:54:37.116+0000] {dag.py:3096} INFO - Sync 1 DAGs
[2024-07-02T19:54:37.130+0000] {logging_mixin.py:188} INFO - [2024-07-02T19:54:37.130+0000] {dag.py:3954} INFO - Setting next_dagrun for example_trigger_controller_dag to 2021-01-01 00:00:00+00:00, run_after=2021-01-01 00:00:00+00:00
[2024-07-02T19:54:37.171+0000] {processor.py:183} INFO - Processing /usr/local/python/3.10.13/lib/python3.10/site-packages/airflow/example_dags/example_trigger_controller_dag.py took 0.075 seconds
[2024-07-02T19:55:18.616+0000] {processor.py:161} INFO - Started process (PID=26349) to work on /usr/local/python/3.10.13/lib/python3.10/site-packages/airflow/example_dags/example_trigger_controller_dag.py
[2024-07-02T19:55:18.617+0000] {processor.py:830} INFO - Processing file /usr/local/python/3.10.13/lib/python3.10/site-packages/airflow/example_dags/example_trigger_controller_dag.py for tasks to queue
[2024-07-02T19:55:18.618+0000] {logging_mixin.py:188} INFO - [2024-07-02T19:55:18.617+0000] {dagbag.py:545} INFO - Filling up the DagBag from /usr/local/python/3.10.13/lib/python3.10/site-packages/airflow/example_dags/example_trigger_controller_dag.py
[2024-07-02T19:55:18.621+0000] {processor.py:840} INFO - DAG(s) 'example_trigger_controller_dag' retrieved from /usr/local/python/3.10.13/lib/python3.10/site-packages/airflow/example_dags/example_trigger_controller_dag.py
[2024-07-02T19:55:18.632+0000] {logging_mixin.py:188} INFO - [2024-07-02T19:55:18.632+0000] {dag.py:3096} INFO - Sync 1 DAGs
[2024-07-02T19:55:18.646+0000] {logging_mixin.py:188} INFO - [2024-07-02T19:55:18.646+0000] {dag.py:3954} INFO - Setting next_dagrun for example_trigger_controller_dag to 2021-01-01 00:00:00+00:00, run_after=2021-01-01 00:00:00+00:00
[2024-07-02T19:55:18.687+0000] {processor.py:183} INFO - Processing /usr/local/python/3.10.13/lib/python3.10/site-packages/airflow/example_dags/example_trigger_controller_dag.py took 0.075 seconds
[2024-07-02T19:56:05.326+0000] {processor.py:161} INFO - Started process (PID=26747) to work on /usr/local/python/3.10.13/lib/python3.10/site-packages/airflow/example_dags/example_trigger_controller_dag.py
[2024-07-02T19:56:05.327+0000] {processor.py:830} INFO - Processing file /usr/local/python/3.10.13/lib/python3.10/site-packages/airflow/example_dags/example_trigger_controller_dag.py for tasks to queue
[2024-07-02T19:56:05.328+0000] {logging_mixin.py:188} INFO - [2024-07-02T19:56:05.327+0000] {dagbag.py:545} INFO - Filling up the DagBag from /usr/local/python/3.10.13/lib/python3.10/site-packages/airflow/example_dags/example_trigger_controller_dag.py
[2024-07-02T19:56:05.331+0000] {processor.py:840} INFO - DAG(s) 'example_trigger_controller_dag' retrieved from /usr/local/python/3.10.13/lib/python3.10/site-packages/airflow/example_dags/example_trigger_controller_dag.py
[2024-07-02T19:56:05.342+0000] {logging_mixin.py:188} INFO - [2024-07-02T19:56:05.342+0000] {dag.py:3096} INFO - Sync 1 DAGs
[2024-07-02T19:56:05.356+0000] {logging_mixin.py:188} INFO - [2024-07-02T19:56:05.356+0000] {dag.py:3954} INFO - Setting next_dagrun for example_trigger_controller_dag to 2021-01-01 00:00:00+00:00, run_after=2021-01-01 00:00:00+00:00
[2024-07-02T19:56:05.396+0000] {processor.py:183} INFO - Processing /usr/local/python/3.10.13/lib/python3.10/site-packages/airflow/example_dags/example_trigger_controller_dag.py took 0.074 seconds
[2024-07-02T19:56:55.719+0000] {processor.py:161} INFO - Started process (PID=27202) to work on /usr/local/python/3.10.13/lib/python3.10/site-packages/airflow/example_dags/example_trigger_controller_dag.py
[2024-07-02T19:56:55.720+0000] {processor.py:830} INFO - Processing file /usr/local/python/3.10.13/lib/python3.10/site-packages/airflow/example_dags/example_trigger_controller_dag.py for tasks to queue
[2024-07-02T19:56:55.720+0000] {logging_mixin.py:188} INFO - [2024-07-02T19:56:55.720+0000] {dagbag.py:545} INFO - Filling up the DagBag from /usr/local/python/3.10.13/lib/python3.10/site-packages/airflow/example_dags/example_trigger_controller_dag.py
[2024-07-02T19:56:55.724+0000] {processor.py:840} INFO - DAG(s) 'example_trigger_controller_dag' retrieved from /usr/local/python/3.10.13/lib/python3.10/site-packages/airflow/example_dags/example_trigger_controller_dag.py
[2024-07-02T19:56:55.735+0000] {logging_mixin.py:188} INFO - [2024-07-02T19:56:55.735+0000] {dag.py:3096} INFO - Sync 1 DAGs
[2024-07-02T19:56:55.750+0000] {logging_mixin.py:188} INFO - [2024-07-02T19:56:55.750+0000] {dag.py:3954} INFO - Setting next_dagrun for example_trigger_controller_dag to 2021-01-01 00:00:00+00:00, run_after=2021-01-01 00:00:00+00:00
[2024-07-02T19:56:55.789+0000] {processor.py:183} INFO - Processing /usr/local/python/3.10.13/lib/python3.10/site-packages/airflow/example_dags/example_trigger_controller_dag.py took 0.075 seconds
