[2024-07-02T19:11:11.868+0000] {processor.py:161} INFO - Started process (PID=5937) to work on /usr/local/python/3.10.13/lib/python3.10/site-packages/airflow/example_dags/example_display_name.py
[2024-07-02T19:11:11.869+0000] {processor.py:830} INFO - Processing file /usr/local/python/3.10.13/lib/python3.10/site-packages/airflow/example_dags/example_display_name.py for tasks to queue
[2024-07-02T19:11:11.871+0000] {logging_mixin.py:188} INFO - [2024-07-02T19:11:11.870+0000] {dagbag.py:545} INFO - Filling up the DagBag from /usr/local/python/3.10.13/lib/python3.10/site-packages/airflow/example_dags/example_display_name.py
[2024-07-02T19:11:11.877+0000] {processor.py:840} INFO - DAG(s) 'example_display_name' retrieved from /usr/local/python/3.10.13/lib/python3.10/site-packages/airflow/example_dags/example_display_name.py
[2024-07-02T19:11:12.057+0000] {logging_mixin.py:188} INFO - [2024-07-02T19:11:12.057+0000] {override.py:1829} INFO - Created Permission View: can edit on DAG:example_display_name
[2024-07-02T19:11:12.096+0000] {logging_mixin.py:188} INFO - [2024-07-02T19:11:12.095+0000] {override.py:1829} INFO - Created Permission View: can read on DAG:example_display_name
[2024-07-02T19:11:12.125+0000] {logging_mixin.py:188} INFO - [2024-07-02T19:11:12.125+0000] {override.py:1829} INFO - Created Permission View: can delete on DAG:example_display_name
[2024-07-02T19:11:12.125+0000] {logging_mixin.py:188} INFO - [2024-07-02T19:11:12.125+0000] {dag.py:3096} INFO - Sync 1 DAGs
[2024-07-02T19:11:12.133+0000] {logging_mixin.py:188} INFO - [2024-07-02T19:11:12.133+0000] {dag.py:3118} INFO - Creating ORM DAG for example_display_name
[2024-07-02T19:11:12.134+0000] {logging_mixin.py:188} INFO - [2024-07-02T19:11:12.134+0000] {dag.py:3954} INFO - Setting next_dagrun for example_display_name to None, run_after=None
[2024-07-02T19:11:12.178+0000] {processor.py:183} INFO - Processing /usr/local/python/3.10.13/lib/python3.10/site-packages/airflow/example_dags/example_display_name.py took 0.316 seconds
[2024-07-02T19:12:23.980+0000] {processor.py:161} INFO - Started process (PID=6509) to work on /usr/local/python/3.10.13/lib/python3.10/site-packages/airflow/example_dags/example_display_name.py
[2024-07-02T19:12:23.980+0000] {processor.py:830} INFO - Processing file /usr/local/python/3.10.13/lib/python3.10/site-packages/airflow/example_dags/example_display_name.py for tasks to queue
[2024-07-02T19:12:23.982+0000] {logging_mixin.py:188} INFO - [2024-07-02T19:12:23.981+0000] {dagbag.py:545} INFO - Filling up the DagBag from /usr/local/python/3.10.13/lib/python3.10/site-packages/airflow/example_dags/example_display_name.py
[2024-07-02T19:12:23.987+0000] {processor.py:840} INFO - DAG(s) 'example_display_name' retrieved from /usr/local/python/3.10.13/lib/python3.10/site-packages/airflow/example_dags/example_display_name.py
[2024-07-02T19:12:23.998+0000] {logging_mixin.py:188} INFO - [2024-07-02T19:12:23.998+0000] {dag.py:3096} INFO - Sync 1 DAGs
[2024-07-02T19:12:24.007+0000] {logging_mixin.py:188} INFO - [2024-07-02T19:12:24.006+0000] {dag.py:3954} INFO - Setting next_dagrun for example_display_name to None, run_after=None
[2024-07-02T19:12:24.048+0000] {processor.py:183} INFO - Processing /usr/local/python/3.10.13/lib/python3.10/site-packages/airflow/example_dags/example_display_name.py took 0.074 seconds
[2024-07-02T19:13:24.780+0000] {processor.py:161} INFO - Started process (PID=6971) to work on /usr/local/python/3.10.13/lib/python3.10/site-packages/airflow/example_dags/example_display_name.py
[2024-07-02T19:13:24.780+0000] {processor.py:830} INFO - Processing file /usr/local/python/3.10.13/lib/python3.10/site-packages/airflow/example_dags/example_display_name.py for tasks to queue
[2024-07-02T19:13:24.781+0000] {logging_mixin.py:188} INFO - [2024-07-02T19:13:24.781+0000] {dagbag.py:545} INFO - Filling up the DagBag from /usr/local/python/3.10.13/lib/python3.10/site-packages/airflow/example_dags/example_display_name.py
[2024-07-02T19:13:24.786+0000] {processor.py:840} INFO - DAG(s) 'example_display_name' retrieved from /usr/local/python/3.10.13/lib/python3.10/site-packages/airflow/example_dags/example_display_name.py
[2024-07-02T19:13:24.797+0000] {logging_mixin.py:188} INFO - [2024-07-02T19:13:24.796+0000] {dag.py:3096} INFO - Sync 1 DAGs
[2024-07-02T19:13:24.805+0000] {logging_mixin.py:188} INFO - [2024-07-02T19:13:24.805+0000] {dag.py:3954} INFO - Setting next_dagrun for example_display_name to None, run_after=None
[2024-07-02T19:13:24.858+0000] {processor.py:183} INFO - Processing /usr/local/python/3.10.13/lib/python3.10/site-packages/airflow/example_dags/example_display_name.py took 0.083 seconds
[2024-07-02T19:14:26.031+0000] {processor.py:161} INFO - Started process (PID=7434) to work on /usr/local/python/3.10.13/lib/python3.10/site-packages/airflow/example_dags/example_display_name.py
[2024-07-02T19:14:26.031+0000] {processor.py:830} INFO - Processing file /usr/local/python/3.10.13/lib/python3.10/site-packages/airflow/example_dags/example_display_name.py for tasks to queue
[2024-07-02T19:14:26.033+0000] {logging_mixin.py:188} INFO - [2024-07-02T19:14:26.032+0000] {dagbag.py:545} INFO - Filling up the DagBag from /usr/local/python/3.10.13/lib/python3.10/site-packages/airflow/example_dags/example_display_name.py
[2024-07-02T19:14:26.037+0000] {processor.py:840} INFO - DAG(s) 'example_display_name' retrieved from /usr/local/python/3.10.13/lib/python3.10/site-packages/airflow/example_dags/example_display_name.py
[2024-07-02T19:14:26.048+0000] {logging_mixin.py:188} INFO - [2024-07-02T19:14:26.048+0000] {dag.py:3096} INFO - Sync 1 DAGs
[2024-07-02T19:14:26.057+0000] {logging_mixin.py:188} INFO - [2024-07-02T19:14:26.056+0000] {dag.py:3954} INFO - Setting next_dagrun for example_display_name to None, run_after=None
[2024-07-02T19:14:26.097+0000] {processor.py:183} INFO - Processing /usr/local/python/3.10.13/lib/python3.10/site-packages/airflow/example_dags/example_display_name.py took 0.071 seconds
[2024-07-02T19:15:30.477+0000] {processor.py:161} INFO - Started process (PID=7922) to work on /usr/local/python/3.10.13/lib/python3.10/site-packages/airflow/example_dags/example_display_name.py
[2024-07-02T19:15:30.478+0000] {processor.py:830} INFO - Processing file /usr/local/python/3.10.13/lib/python3.10/site-packages/airflow/example_dags/example_display_name.py for tasks to queue
[2024-07-02T19:15:30.478+0000] {logging_mixin.py:188} INFO - [2024-07-02T19:15:30.478+0000] {dagbag.py:545} INFO - Filling up the DagBag from /usr/local/python/3.10.13/lib/python3.10/site-packages/airflow/example_dags/example_display_name.py
[2024-07-02T19:15:30.485+0000] {processor.py:840} INFO - DAG(s) 'example_display_name' retrieved from /usr/local/python/3.10.13/lib/python3.10/site-packages/airflow/example_dags/example_display_name.py
[2024-07-02T19:15:30.498+0000] {logging_mixin.py:188} INFO - [2024-07-02T19:15:30.498+0000] {dag.py:3096} INFO - Sync 1 DAGs
[2024-07-02T19:15:30.507+0000] {logging_mixin.py:188} INFO - [2024-07-02T19:15:30.507+0000] {dag.py:3954} INFO - Setting next_dagrun for example_display_name to None, run_after=None
[2024-07-02T19:15:30.547+0000] {processor.py:183} INFO - Processing /usr/local/python/3.10.13/lib/python3.10/site-packages/airflow/example_dags/example_display_name.py took 0.074 seconds
[2024-07-02T19:16:34.569+0000] {processor.py:161} INFO - Started process (PID=8403) to work on /usr/local/python/3.10.13/lib/python3.10/site-packages/airflow/example_dags/example_display_name.py
[2024-07-02T19:16:34.570+0000] {processor.py:830} INFO - Processing file /usr/local/python/3.10.13/lib/python3.10/site-packages/airflow/example_dags/example_display_name.py for tasks to queue
[2024-07-02T19:16:34.570+0000] {logging_mixin.py:188} INFO - [2024-07-02T19:16:34.570+0000] {dagbag.py:545} INFO - Filling up the DagBag from /usr/local/python/3.10.13/lib/python3.10/site-packages/airflow/example_dags/example_display_name.py
[2024-07-02T19:16:34.575+0000] {processor.py:840} INFO - DAG(s) 'example_display_name' retrieved from /usr/local/python/3.10.13/lib/python3.10/site-packages/airflow/example_dags/example_display_name.py
[2024-07-02T19:16:34.586+0000] {logging_mixin.py:188} INFO - [2024-07-02T19:16:34.586+0000] {dag.py:3096} INFO - Sync 1 DAGs
[2024-07-02T19:16:34.594+0000] {logging_mixin.py:188} INFO - [2024-07-02T19:16:34.594+0000] {dag.py:3954} INFO - Setting next_dagrun for example_display_name to None, run_after=None
[2024-07-02T19:16:34.646+0000] {processor.py:183} INFO - Processing /usr/local/python/3.10.13/lib/python3.10/site-packages/airflow/example_dags/example_display_name.py took 0.081 seconds
[2024-07-02T19:17:44.488+0000] {processor.py:161} INFO - Started process (PID=8940) to work on /usr/local/python/3.10.13/lib/python3.10/site-packages/airflow/example_dags/example_display_name.py
[2024-07-02T19:17:44.489+0000] {processor.py:830} INFO - Processing file /usr/local/python/3.10.13/lib/python3.10/site-packages/airflow/example_dags/example_display_name.py for tasks to queue
[2024-07-02T19:17:44.490+0000] {logging_mixin.py:188} INFO - [2024-07-02T19:17:44.490+0000] {dagbag.py:545} INFO - Filling up the DagBag from /usr/local/python/3.10.13/lib/python3.10/site-packages/airflow/example_dags/example_display_name.py
[2024-07-02T19:17:44.495+0000] {processor.py:840} INFO - DAG(s) 'example_display_name' retrieved from /usr/local/python/3.10.13/lib/python3.10/site-packages/airflow/example_dags/example_display_name.py
[2024-07-02T19:17:44.506+0000] {logging_mixin.py:188} INFO - [2024-07-02T19:17:44.505+0000] {dag.py:3096} INFO - Sync 1 DAGs
[2024-07-02T19:17:44.515+0000] {logging_mixin.py:188} INFO - [2024-07-02T19:17:44.515+0000] {dag.py:3954} INFO - Setting next_dagrun for example_display_name to None, run_after=None
[2024-07-02T19:17:44.555+0000] {processor.py:183} INFO - Processing /usr/local/python/3.10.13/lib/python3.10/site-packages/airflow/example_dags/example_display_name.py took 0.072 seconds
[2024-07-02T19:18:47.669+0000] {processor.py:161} INFO - Started process (PID=9414) to work on /usr/local/python/3.10.13/lib/python3.10/site-packages/airflow/example_dags/example_display_name.py
[2024-07-02T19:18:47.670+0000] {processor.py:830} INFO - Processing file /usr/local/python/3.10.13/lib/python3.10/site-packages/airflow/example_dags/example_display_name.py for tasks to queue
[2024-07-02T19:18:47.671+0000] {logging_mixin.py:188} INFO - [2024-07-02T19:18:47.670+0000] {dagbag.py:545} INFO - Filling up the DagBag from /usr/local/python/3.10.13/lib/python3.10/site-packages/airflow/example_dags/example_display_name.py
[2024-07-02T19:18:47.675+0000] {processor.py:840} INFO - DAG(s) 'example_display_name' retrieved from /usr/local/python/3.10.13/lib/python3.10/site-packages/airflow/example_dags/example_display_name.py
[2024-07-02T19:18:47.686+0000] {logging_mixin.py:188} INFO - [2024-07-02T19:18:47.686+0000] {dag.py:3096} INFO - Sync 1 DAGs
[2024-07-02T19:18:47.694+0000] {logging_mixin.py:188} INFO - [2024-07-02T19:18:47.694+0000] {dag.py:3954} INFO - Setting next_dagrun for example_display_name to None, run_after=None
[2024-07-02T19:18:47.734+0000] {processor.py:183} INFO - Processing /usr/local/python/3.10.13/lib/python3.10/site-packages/airflow/example_dags/example_display_name.py took 0.069 seconds
[2024-07-02T19:19:55.349+0000] {processor.py:161} INFO - Started process (PID=9929) to work on /usr/local/python/3.10.13/lib/python3.10/site-packages/airflow/example_dags/example_display_name.py
[2024-07-02T19:19:55.350+0000] {processor.py:830} INFO - Processing file /usr/local/python/3.10.13/lib/python3.10/site-packages/airflow/example_dags/example_display_name.py for tasks to queue
[2024-07-02T19:19:55.350+0000] {logging_mixin.py:188} INFO - [2024-07-02T19:19:55.350+0000] {dagbag.py:545} INFO - Filling up the DagBag from /usr/local/python/3.10.13/lib/python3.10/site-packages/airflow/example_dags/example_display_name.py
[2024-07-02T19:19:55.354+0000] {processor.py:840} INFO - DAG(s) 'example_display_name' retrieved from /usr/local/python/3.10.13/lib/python3.10/site-packages/airflow/example_dags/example_display_name.py
[2024-07-02T19:19:55.365+0000] {logging_mixin.py:188} INFO - [2024-07-02T19:19:55.365+0000] {dag.py:3096} INFO - Sync 1 DAGs
[2024-07-02T19:19:55.374+0000] {logging_mixin.py:188} INFO - [2024-07-02T19:19:55.374+0000] {dag.py:3954} INFO - Setting next_dagrun for example_display_name to None, run_after=None
[2024-07-02T19:19:55.415+0000] {processor.py:183} INFO - Processing /usr/local/python/3.10.13/lib/python3.10/site-packages/airflow/example_dags/example_display_name.py took 0.072 seconds
[2024-07-02T19:21:05.979+0000] {processor.py:161} INFO - Started process (PID=10463) to work on /usr/local/python/3.10.13/lib/python3.10/site-packages/airflow/example_dags/example_display_name.py
[2024-07-02T19:21:05.980+0000] {processor.py:830} INFO - Processing file /usr/local/python/3.10.13/lib/python3.10/site-packages/airflow/example_dags/example_display_name.py for tasks to queue
[2024-07-02T19:21:05.980+0000] {logging_mixin.py:188} INFO - [2024-07-02T19:21:05.980+0000] {dagbag.py:545} INFO - Filling up the DagBag from /usr/local/python/3.10.13/lib/python3.10/site-packages/airflow/example_dags/example_display_name.py
[2024-07-02T19:21:05.984+0000] {processor.py:840} INFO - DAG(s) 'example_display_name' retrieved from /usr/local/python/3.10.13/lib/python3.10/site-packages/airflow/example_dags/example_display_name.py
[2024-07-02T19:21:05.995+0000] {logging_mixin.py:188} INFO - [2024-07-02T19:21:05.995+0000] {dag.py:3096} INFO - Sync 1 DAGs
[2024-07-02T19:21:06.003+0000] {logging_mixin.py:188} INFO - [2024-07-02T19:21:06.003+0000] {dag.py:3954} INFO - Setting next_dagrun for example_display_name to None, run_after=None
[2024-07-02T19:21:06.045+0000] {processor.py:183} INFO - Processing /usr/local/python/3.10.13/lib/python3.10/site-packages/airflow/example_dags/example_display_name.py took 0.070 seconds
[2024-07-02T19:22:16.852+0000] {processor.py:161} INFO - Started process (PID=10995) to work on /usr/local/python/3.10.13/lib/python3.10/site-packages/airflow/example_dags/example_display_name.py
[2024-07-02T19:22:16.852+0000] {processor.py:830} INFO - Processing file /usr/local/python/3.10.13/lib/python3.10/site-packages/airflow/example_dags/example_display_name.py for tasks to queue
[2024-07-02T19:22:16.853+0000] {logging_mixin.py:188} INFO - [2024-07-02T19:22:16.853+0000] {dagbag.py:545} INFO - Filling up the DagBag from /usr/local/python/3.10.13/lib/python3.10/site-packages/airflow/example_dags/example_display_name.py
[2024-07-02T19:22:16.857+0000] {processor.py:840} INFO - DAG(s) 'example_display_name' retrieved from /usr/local/python/3.10.13/lib/python3.10/site-packages/airflow/example_dags/example_display_name.py
[2024-07-02T19:22:16.868+0000] {logging_mixin.py:188} INFO - [2024-07-02T19:22:16.868+0000] {dag.py:3096} INFO - Sync 1 DAGs
[2024-07-02T19:22:16.877+0000] {logging_mixin.py:188} INFO - [2024-07-02T19:22:16.876+0000] {dag.py:3954} INFO - Setting next_dagrun for example_display_name to None, run_after=None
[2024-07-02T19:22:16.917+0000] {processor.py:183} INFO - Processing /usr/local/python/3.10.13/lib/python3.10/site-packages/airflow/example_dags/example_display_name.py took 0.070 seconds
[2024-07-02T19:23:19.234+0000] {processor.py:161} INFO - Started process (PID=11472) to work on /usr/local/python/3.10.13/lib/python3.10/site-packages/airflow/example_dags/example_display_name.py
[2024-07-02T19:23:19.234+0000] {processor.py:830} INFO - Processing file /usr/local/python/3.10.13/lib/python3.10/site-packages/airflow/example_dags/example_display_name.py for tasks to queue
[2024-07-02T19:23:19.235+0000] {logging_mixin.py:188} INFO - [2024-07-02T19:23:19.235+0000] {dagbag.py:545} INFO - Filling up the DagBag from /usr/local/python/3.10.13/lib/python3.10/site-packages/airflow/example_dags/example_display_name.py
[2024-07-02T19:23:19.239+0000] {processor.py:840} INFO - DAG(s) 'example_display_name' retrieved from /usr/local/python/3.10.13/lib/python3.10/site-packages/airflow/example_dags/example_display_name.py
[2024-07-02T19:23:19.250+0000] {logging_mixin.py:188} INFO - [2024-07-02T19:23:19.250+0000] {dag.py:3096} INFO - Sync 1 DAGs
[2024-07-02T19:23:19.258+0000] {logging_mixin.py:188} INFO - [2024-07-02T19:23:19.258+0000] {dag.py:3954} INFO - Setting next_dagrun for example_display_name to None, run_after=None
[2024-07-02T19:23:19.299+0000] {processor.py:183} INFO - Processing /usr/local/python/3.10.13/lib/python3.10/site-packages/airflow/example_dags/example_display_name.py took 0.070 seconds
[2024-07-02T19:24:22.698+0000] {processor.py:161} INFO - Started process (PID=11950) to work on /usr/local/python/3.10.13/lib/python3.10/site-packages/airflow/example_dags/example_display_name.py
[2024-07-02T19:24:22.699+0000] {processor.py:830} INFO - Processing file /usr/local/python/3.10.13/lib/python3.10/site-packages/airflow/example_dags/example_display_name.py for tasks to queue
[2024-07-02T19:24:22.699+0000] {logging_mixin.py:188} INFO - [2024-07-02T19:24:22.699+0000] {dagbag.py:545} INFO - Filling up the DagBag from /usr/local/python/3.10.13/lib/python3.10/site-packages/airflow/example_dags/example_display_name.py
[2024-07-02T19:24:22.703+0000] {processor.py:840} INFO - DAG(s) 'example_display_name' retrieved from /usr/local/python/3.10.13/lib/python3.10/site-packages/airflow/example_dags/example_display_name.py
[2024-07-02T19:24:22.714+0000] {logging_mixin.py:188} INFO - [2024-07-02T19:24:22.714+0000] {dag.py:3096} INFO - Sync 1 DAGs
[2024-07-02T19:24:22.722+0000] {logging_mixin.py:188} INFO - [2024-07-02T19:24:22.722+0000] {dag.py:3954} INFO - Setting next_dagrun for example_display_name to None, run_after=None
[2024-07-02T19:24:22.763+0000] {processor.py:183} INFO - Processing /usr/local/python/3.10.13/lib/python3.10/site-packages/airflow/example_dags/example_display_name.py took 0.069 seconds
[2024-07-02T19:25:27.707+0000] {processor.py:161} INFO - Started process (PID=12455) to work on /usr/local/python/3.10.13/lib/python3.10/site-packages/airflow/example_dags/example_display_name.py
[2024-07-02T19:25:27.707+0000] {processor.py:830} INFO - Processing file /usr/local/python/3.10.13/lib/python3.10/site-packages/airflow/example_dags/example_display_name.py for tasks to queue
[2024-07-02T19:25:27.708+0000] {logging_mixin.py:188} INFO - [2024-07-02T19:25:27.708+0000] {dagbag.py:545} INFO - Filling up the DagBag from /usr/local/python/3.10.13/lib/python3.10/site-packages/airflow/example_dags/example_display_name.py
[2024-07-02T19:25:27.712+0000] {processor.py:840} INFO - DAG(s) 'example_display_name' retrieved from /usr/local/python/3.10.13/lib/python3.10/site-packages/airflow/example_dags/example_display_name.py
[2024-07-02T19:25:27.724+0000] {logging_mixin.py:188} INFO - [2024-07-02T19:25:27.724+0000] {dag.py:3096} INFO - Sync 1 DAGs
[2024-07-02T19:25:27.732+0000] {logging_mixin.py:188} INFO - [2024-07-02T19:25:27.732+0000] {dag.py:3954} INFO - Setting next_dagrun for example_display_name to None, run_after=None
[2024-07-02T19:25:27.773+0000] {processor.py:183} INFO - Processing /usr/local/python/3.10.13/lib/python3.10/site-packages/airflow/example_dags/example_display_name.py took 0.071 seconds
[2024-07-02T19:26:32.199+0000] {processor.py:161} INFO - Started process (PID=12941) to work on /usr/local/python/3.10.13/lib/python3.10/site-packages/airflow/example_dags/example_display_name.py
[2024-07-02T19:26:32.200+0000] {processor.py:830} INFO - Processing file /usr/local/python/3.10.13/lib/python3.10/site-packages/airflow/example_dags/example_display_name.py for tasks to queue
[2024-07-02T19:26:32.201+0000] {logging_mixin.py:188} INFO - [2024-07-02T19:26:32.201+0000] {dagbag.py:545} INFO - Filling up the DagBag from /usr/local/python/3.10.13/lib/python3.10/site-packages/airflow/example_dags/example_display_name.py
[2024-07-02T19:26:32.205+0000] {processor.py:840} INFO - DAG(s) 'example_display_name' retrieved from /usr/local/python/3.10.13/lib/python3.10/site-packages/airflow/example_dags/example_display_name.py
[2024-07-02T19:26:32.216+0000] {logging_mixin.py:188} INFO - [2024-07-02T19:26:32.216+0000] {dag.py:3096} INFO - Sync 1 DAGs
[2024-07-02T19:26:32.225+0000] {logging_mixin.py:188} INFO - [2024-07-02T19:26:32.225+0000] {dag.py:3954} INFO - Setting next_dagrun for example_display_name to None, run_after=None
[2024-07-02T19:26:32.266+0000] {processor.py:183} INFO - Processing /usr/local/python/3.10.13/lib/python3.10/site-packages/airflow/example_dags/example_display_name.py took 0.071 seconds
[2024-07-02T19:27:36.990+0000] {processor.py:161} INFO - Started process (PID=13486) to work on /usr/local/python/3.10.13/lib/python3.10/site-packages/airflow/example_dags/example_display_name.py
[2024-07-02T19:27:36.990+0000] {processor.py:830} INFO - Processing file /usr/local/python/3.10.13/lib/python3.10/site-packages/airflow/example_dags/example_display_name.py for tasks to queue
[2024-07-02T19:27:36.991+0000] {logging_mixin.py:188} INFO - [2024-07-02T19:27:36.991+0000] {dagbag.py:545} INFO - Filling up the DagBag from /usr/local/python/3.10.13/lib/python3.10/site-packages/airflow/example_dags/example_display_name.py
[2024-07-02T19:27:36.996+0000] {processor.py:840} INFO - DAG(s) 'example_display_name' retrieved from /usr/local/python/3.10.13/lib/python3.10/site-packages/airflow/example_dags/example_display_name.py
[2024-07-02T19:27:37.007+0000] {logging_mixin.py:188} INFO - [2024-07-02T19:27:37.006+0000] {dag.py:3096} INFO - Sync 1 DAGs
[2024-07-02T19:27:37.016+0000] {logging_mixin.py:188} INFO - [2024-07-02T19:27:37.016+0000] {dag.py:3954} INFO - Setting next_dagrun for example_display_name to None, run_after=None
[2024-07-02T19:27:37.059+0000] {processor.py:183} INFO - Processing /usr/local/python/3.10.13/lib/python3.10/site-packages/airflow/example_dags/example_display_name.py took 0.073 seconds
[2024-07-02T19:28:40.346+0000] {processor.py:161} INFO - Started process (PID=14041) to work on /usr/local/python/3.10.13/lib/python3.10/site-packages/airflow/example_dags/example_display_name.py
[2024-07-02T19:28:40.347+0000] {processor.py:830} INFO - Processing file /usr/local/python/3.10.13/lib/python3.10/site-packages/airflow/example_dags/example_display_name.py for tasks to queue
[2024-07-02T19:28:40.348+0000] {logging_mixin.py:188} INFO - [2024-07-02T19:28:40.347+0000] {dagbag.py:545} INFO - Filling up the DagBag from /usr/local/python/3.10.13/lib/python3.10/site-packages/airflow/example_dags/example_display_name.py
[2024-07-02T19:28:40.352+0000] {processor.py:840} INFO - DAG(s) 'example_display_name' retrieved from /usr/local/python/3.10.13/lib/python3.10/site-packages/airflow/example_dags/example_display_name.py
[2024-07-02T19:28:40.364+0000] {logging_mixin.py:188} INFO - [2024-07-02T19:28:40.364+0000] {dag.py:3096} INFO - Sync 1 DAGs
[2024-07-02T19:28:40.372+0000] {logging_mixin.py:188} INFO - [2024-07-02T19:28:40.372+0000] {dag.py:3954} INFO - Setting next_dagrun for example_display_name to None, run_after=None
[2024-07-02T19:28:40.412+0000] {processor.py:183} INFO - Processing /usr/local/python/3.10.13/lib/python3.10/site-packages/airflow/example_dags/example_display_name.py took 0.071 seconds
[2024-07-02T19:29:51.292+0000] {processor.py:161} INFO - Started process (PID=14631) to work on /usr/local/python/3.10.13/lib/python3.10/site-packages/airflow/example_dags/example_display_name.py
[2024-07-02T19:29:51.292+0000] {processor.py:830} INFO - Processing file /usr/local/python/3.10.13/lib/python3.10/site-packages/airflow/example_dags/example_display_name.py for tasks to queue
[2024-07-02T19:29:51.293+0000] {logging_mixin.py:188} INFO - [2024-07-02T19:29:51.293+0000] {dagbag.py:545} INFO - Filling up the DagBag from /usr/local/python/3.10.13/lib/python3.10/site-packages/airflow/example_dags/example_display_name.py
[2024-07-02T19:29:51.297+0000] {processor.py:840} INFO - DAG(s) 'example_display_name' retrieved from /usr/local/python/3.10.13/lib/python3.10/site-packages/airflow/example_dags/example_display_name.py
[2024-07-02T19:29:51.308+0000] {logging_mixin.py:188} INFO - [2024-07-02T19:29:51.308+0000] {dag.py:3096} INFO - Sync 1 DAGs
[2024-07-02T19:29:51.317+0000] {logging_mixin.py:188} INFO - [2024-07-02T19:29:51.317+0000] {dag.py:3954} INFO - Setting next_dagrun for example_display_name to None, run_after=None
[2024-07-02T19:29:51.357+0000] {processor.py:183} INFO - Processing /usr/local/python/3.10.13/lib/python3.10/site-packages/airflow/example_dags/example_display_name.py took 0.070 seconds
[2024-07-02T19:30:59.203+0000] {processor.py:161} INFO - Started process (PID=15183) to work on /usr/local/python/3.10.13/lib/python3.10/site-packages/airflow/example_dags/example_display_name.py
[2024-07-02T19:30:59.203+0000] {processor.py:830} INFO - Processing file /usr/local/python/3.10.13/lib/python3.10/site-packages/airflow/example_dags/example_display_name.py for tasks to queue
[2024-07-02T19:30:59.204+0000] {logging_mixin.py:188} INFO - [2024-07-02T19:30:59.204+0000] {dagbag.py:545} INFO - Filling up the DagBag from /usr/local/python/3.10.13/lib/python3.10/site-packages/airflow/example_dags/example_display_name.py
[2024-07-02T19:30:59.208+0000] {processor.py:840} INFO - DAG(s) 'example_display_name' retrieved from /usr/local/python/3.10.13/lib/python3.10/site-packages/airflow/example_dags/example_display_name.py
[2024-07-02T19:30:59.219+0000] {logging_mixin.py:188} INFO - [2024-07-02T19:30:59.219+0000] {dag.py:3096} INFO - Sync 1 DAGs
[2024-07-02T19:30:59.228+0000] {logging_mixin.py:188} INFO - [2024-07-02T19:30:59.228+0000] {dag.py:3954} INFO - Setting next_dagrun for example_display_name to None, run_after=None
[2024-07-02T19:30:59.272+0000] {processor.py:183} INFO - Processing /usr/local/python/3.10.13/lib/python3.10/site-packages/airflow/example_dags/example_display_name.py took 0.074 seconds
[2024-07-02T19:32:11.397+0000] {processor.py:161} INFO - Started process (PID=15716) to work on /usr/local/python/3.10.13/lib/python3.10/site-packages/airflow/example_dags/example_display_name.py
[2024-07-02T19:32:11.398+0000] {processor.py:830} INFO - Processing file /usr/local/python/3.10.13/lib/python3.10/site-packages/airflow/example_dags/example_display_name.py for tasks to queue
[2024-07-02T19:32:11.398+0000] {logging_mixin.py:188} INFO - [2024-07-02T19:32:11.398+0000] {dagbag.py:545} INFO - Filling up the DagBag from /usr/local/python/3.10.13/lib/python3.10/site-packages/airflow/example_dags/example_display_name.py
[2024-07-02T19:32:11.404+0000] {processor.py:840} INFO - DAG(s) 'example_display_name' retrieved from /usr/local/python/3.10.13/lib/python3.10/site-packages/airflow/example_dags/example_display_name.py
[2024-07-02T19:32:11.415+0000] {logging_mixin.py:188} INFO - [2024-07-02T19:32:11.415+0000] {dag.py:3096} INFO - Sync 1 DAGs
[2024-07-02T19:32:11.424+0000] {logging_mixin.py:188} INFO - [2024-07-02T19:32:11.424+0000] {dag.py:3954} INFO - Setting next_dagrun for example_display_name to None, run_after=None
[2024-07-02T19:32:11.464+0000] {processor.py:183} INFO - Processing /usr/local/python/3.10.13/lib/python3.10/site-packages/airflow/example_dags/example_display_name.py took 0.071 seconds
[2024-07-02T19:33:16.697+0000] {processor.py:161} INFO - Started process (PID=16281) to work on /usr/local/python/3.10.13/lib/python3.10/site-packages/airflow/example_dags/example_display_name.py
[2024-07-02T19:33:16.697+0000] {processor.py:830} INFO - Processing file /usr/local/python/3.10.13/lib/python3.10/site-packages/airflow/example_dags/example_display_name.py for tasks to queue
[2024-07-02T19:33:16.698+0000] {logging_mixin.py:188} INFO - [2024-07-02T19:33:16.698+0000] {dagbag.py:545} INFO - Filling up the DagBag from /usr/local/python/3.10.13/lib/python3.10/site-packages/airflow/example_dags/example_display_name.py
[2024-07-02T19:33:16.702+0000] {processor.py:840} INFO - DAG(s) 'example_display_name' retrieved from /usr/local/python/3.10.13/lib/python3.10/site-packages/airflow/example_dags/example_display_name.py
[2024-07-02T19:33:16.714+0000] {logging_mixin.py:188} INFO - [2024-07-02T19:33:16.714+0000] {dag.py:3096} INFO - Sync 1 DAGs
[2024-07-02T19:33:16.726+0000] {logging_mixin.py:188} INFO - [2024-07-02T19:33:16.726+0000] {dag.py:3954} INFO - Setting next_dagrun for example_display_name to None, run_after=None
[2024-07-02T19:33:16.777+0000] {processor.py:183} INFO - Processing /usr/local/python/3.10.13/lib/python3.10/site-packages/airflow/example_dags/example_display_name.py took 0.085 seconds
[2024-07-02T19:34:23.260+0000] {processor.py:161} INFO - Started process (PID=16846) to work on /usr/local/python/3.10.13/lib/python3.10/site-packages/airflow/example_dags/example_display_name.py
[2024-07-02T19:34:23.261+0000] {processor.py:830} INFO - Processing file /usr/local/python/3.10.13/lib/python3.10/site-packages/airflow/example_dags/example_display_name.py for tasks to queue
[2024-07-02T19:34:23.262+0000] {logging_mixin.py:188} INFO - [2024-07-02T19:34:23.262+0000] {dagbag.py:545} INFO - Filling up the DagBag from /usr/local/python/3.10.13/lib/python3.10/site-packages/airflow/example_dags/example_display_name.py
[2024-07-02T19:34:23.267+0000] {processor.py:840} INFO - DAG(s) 'example_display_name' retrieved from /usr/local/python/3.10.13/lib/python3.10/site-packages/airflow/example_dags/example_display_name.py
[2024-07-02T19:34:23.278+0000] {logging_mixin.py:188} INFO - [2024-07-02T19:34:23.278+0000] {dag.py:3096} INFO - Sync 1 DAGs
[2024-07-02T19:34:23.287+0000] {logging_mixin.py:188} INFO - [2024-07-02T19:34:23.287+0000] {dag.py:3954} INFO - Setting next_dagrun for example_display_name to None, run_after=None
[2024-07-02T19:34:23.326+0000] {processor.py:183} INFO - Processing /usr/local/python/3.10.13/lib/python3.10/site-packages/airflow/example_dags/example_display_name.py took 0.072 seconds
[2024-07-02T19:35:33.662+0000] {processor.py:161} INFO - Started process (PID=17418) to work on /usr/local/python/3.10.13/lib/python3.10/site-packages/airflow/example_dags/example_display_name.py
[2024-07-02T19:35:33.663+0000] {processor.py:830} INFO - Processing file /usr/local/python/3.10.13/lib/python3.10/site-packages/airflow/example_dags/example_display_name.py for tasks to queue
[2024-07-02T19:35:33.664+0000] {logging_mixin.py:188} INFO - [2024-07-02T19:35:33.663+0000] {dagbag.py:545} INFO - Filling up the DagBag from /usr/local/python/3.10.13/lib/python3.10/site-packages/airflow/example_dags/example_display_name.py
[2024-07-02T19:35:33.668+0000] {processor.py:840} INFO - DAG(s) 'example_display_name' retrieved from /usr/local/python/3.10.13/lib/python3.10/site-packages/airflow/example_dags/example_display_name.py
[2024-07-02T19:35:33.680+0000] {logging_mixin.py:188} INFO - [2024-07-02T19:35:33.680+0000] {dag.py:3096} INFO - Sync 1 DAGs
[2024-07-02T19:35:33.689+0000] {logging_mixin.py:188} INFO - [2024-07-02T19:35:33.689+0000] {dag.py:3954} INFO - Setting next_dagrun for example_display_name to None, run_after=None
[2024-07-02T19:35:33.729+0000] {processor.py:183} INFO - Processing /usr/local/python/3.10.13/lib/python3.10/site-packages/airflow/example_dags/example_display_name.py took 0.072 seconds
[2024-07-02T19:36:57.272+0000] {processor.py:161} INFO - Started process (PID=18091) to work on /usr/local/python/3.10.13/lib/python3.10/site-packages/airflow/example_dags/example_display_name.py
[2024-07-02T19:36:57.273+0000] {processor.py:830} INFO - Processing file /usr/local/python/3.10.13/lib/python3.10/site-packages/airflow/example_dags/example_display_name.py for tasks to queue
[2024-07-02T19:36:57.274+0000] {logging_mixin.py:188} INFO - [2024-07-02T19:36:57.274+0000] {dagbag.py:545} INFO - Filling up the DagBag from /usr/local/python/3.10.13/lib/python3.10/site-packages/airflow/example_dags/example_display_name.py
[2024-07-02T19:36:57.280+0000] {processor.py:840} INFO - DAG(s) 'example_display_name' retrieved from /usr/local/python/3.10.13/lib/python3.10/site-packages/airflow/example_dags/example_display_name.py
[2024-07-02T19:36:57.296+0000] {logging_mixin.py:188} INFO - [2024-07-02T19:36:57.296+0000] {dag.py:3096} INFO - Sync 1 DAGs
[2024-07-02T19:36:57.322+0000] {logging_mixin.py:188} INFO - [2024-07-02T19:36:57.322+0000] {dag.py:3954} INFO - Setting next_dagrun for example_display_name to None, run_after=None
[2024-07-02T19:36:57.367+0000] {processor.py:183} INFO - Processing /usr/local/python/3.10.13/lib/python3.10/site-packages/airflow/example_dags/example_display_name.py took 0.102 seconds
[2024-07-02T19:38:02.531+0000] {processor.py:161} INFO - Started process (PID=18561) to work on /usr/local/python/3.10.13/lib/python3.10/site-packages/airflow/example_dags/example_display_name.py
[2024-07-02T19:38:02.532+0000] {processor.py:830} INFO - Processing file /usr/local/python/3.10.13/lib/python3.10/site-packages/airflow/example_dags/example_display_name.py for tasks to queue
[2024-07-02T19:38:02.533+0000] {logging_mixin.py:188} INFO - [2024-07-02T19:38:02.532+0000] {dagbag.py:545} INFO - Filling up the DagBag from /usr/local/python/3.10.13/lib/python3.10/site-packages/airflow/example_dags/example_display_name.py
[2024-07-02T19:38:02.537+0000] {processor.py:840} INFO - DAG(s) 'example_display_name' retrieved from /usr/local/python/3.10.13/lib/python3.10/site-packages/airflow/example_dags/example_display_name.py
[2024-07-02T19:38:02.552+0000] {logging_mixin.py:188} INFO - [2024-07-02T19:38:02.552+0000] {dag.py:3096} INFO - Sync 1 DAGs
[2024-07-02T19:38:02.567+0000] {logging_mixin.py:188} INFO - [2024-07-02T19:38:02.567+0000] {dag.py:3954} INFO - Setting next_dagrun for example_display_name to None, run_after=None
[2024-07-02T19:38:02.614+0000] {processor.py:183} INFO - Processing /usr/local/python/3.10.13/lib/python3.10/site-packages/airflow/example_dags/example_display_name.py took 0.087 seconds
[2024-07-02T19:39:06.811+0000] {processor.py:161} INFO - Started process (PID=19012) to work on /usr/local/python/3.10.13/lib/python3.10/site-packages/airflow/example_dags/example_display_name.py
[2024-07-02T19:39:06.812+0000] {processor.py:830} INFO - Processing file /usr/local/python/3.10.13/lib/python3.10/site-packages/airflow/example_dags/example_display_name.py for tasks to queue
[2024-07-02T19:39:06.813+0000] {logging_mixin.py:188} INFO - [2024-07-02T19:39:06.812+0000] {dagbag.py:545} INFO - Filling up the DagBag from /usr/local/python/3.10.13/lib/python3.10/site-packages/airflow/example_dags/example_display_name.py
[2024-07-02T19:39:06.818+0000] {processor.py:840} INFO - DAG(s) 'example_display_name' retrieved from /usr/local/python/3.10.13/lib/python3.10/site-packages/airflow/example_dags/example_display_name.py
[2024-07-02T19:39:06.834+0000] {logging_mixin.py:188} INFO - [2024-07-02T19:39:06.834+0000] {dag.py:3096} INFO - Sync 1 DAGs
[2024-07-02T19:39:06.843+0000] {logging_mixin.py:188} INFO - [2024-07-02T19:39:06.843+0000] {dag.py:3954} INFO - Setting next_dagrun for example_display_name to None, run_after=None
[2024-07-02T19:39:06.883+0000] {processor.py:183} INFO - Processing /usr/local/python/3.10.13/lib/python3.10/site-packages/airflow/example_dags/example_display_name.py took 0.077 seconds
[2024-07-02T19:40:28.292+0000] {processor.py:161} INFO - Started process (PID=19631) to work on /usr/local/python/3.10.13/lib/python3.10/site-packages/airflow/example_dags/example_display_name.py
[2024-07-02T19:40:28.293+0000] {processor.py:830} INFO - Processing file /usr/local/python/3.10.13/lib/python3.10/site-packages/airflow/example_dags/example_display_name.py for tasks to queue
[2024-07-02T19:40:28.294+0000] {logging_mixin.py:188} INFO - [2024-07-02T19:40:28.293+0000] {dagbag.py:545} INFO - Filling up the DagBag from /usr/local/python/3.10.13/lib/python3.10/site-packages/airflow/example_dags/example_display_name.py
[2024-07-02T19:40:28.298+0000] {processor.py:840} INFO - DAG(s) 'example_display_name' retrieved from /usr/local/python/3.10.13/lib/python3.10/site-packages/airflow/example_dags/example_display_name.py
[2024-07-02T19:40:28.310+0000] {logging_mixin.py:188} INFO - [2024-07-02T19:40:28.310+0000] {dag.py:3096} INFO - Sync 1 DAGs
[2024-07-02T19:40:28.319+0000] {logging_mixin.py:188} INFO - [2024-07-02T19:40:28.319+0000] {dag.py:3954} INFO - Setting next_dagrun for example_display_name to None, run_after=None
[2024-07-02T19:40:28.361+0000] {processor.py:183} INFO - Processing /usr/local/python/3.10.13/lib/python3.10/site-packages/airflow/example_dags/example_display_name.py took 0.073 seconds
[2024-07-02T19:41:34.258+0000] {processor.py:161} INFO - Started process (PID=20143) to work on /usr/local/python/3.10.13/lib/python3.10/site-packages/airflow/example_dags/example_display_name.py
[2024-07-02T19:41:34.259+0000] {processor.py:830} INFO - Processing file /usr/local/python/3.10.13/lib/python3.10/site-packages/airflow/example_dags/example_display_name.py for tasks to queue
[2024-07-02T19:41:34.260+0000] {logging_mixin.py:188} INFO - [2024-07-02T19:41:34.259+0000] {dagbag.py:545} INFO - Filling up the DagBag from /usr/local/python/3.10.13/lib/python3.10/site-packages/airflow/example_dags/example_display_name.py
[2024-07-02T19:41:34.264+0000] {processor.py:840} INFO - DAG(s) 'example_display_name' retrieved from /usr/local/python/3.10.13/lib/python3.10/site-packages/airflow/example_dags/example_display_name.py
[2024-07-02T19:41:34.275+0000] {logging_mixin.py:188} INFO - [2024-07-02T19:41:34.275+0000] {dag.py:3096} INFO - Sync 1 DAGs
[2024-07-02T19:41:34.284+0000] {logging_mixin.py:188} INFO - [2024-07-02T19:41:34.284+0000] {dag.py:3954} INFO - Setting next_dagrun for example_display_name to None, run_after=None
[2024-07-02T19:41:34.326+0000] {processor.py:183} INFO - Processing /usr/local/python/3.10.13/lib/python3.10/site-packages/airflow/example_dags/example_display_name.py took 0.072 seconds
[2024-07-02T19:42:35.084+0000] {processor.py:161} INFO - Started process (PID=20616) to work on /usr/local/python/3.10.13/lib/python3.10/site-packages/airflow/example_dags/example_display_name.py
[2024-07-02T19:42:35.085+0000] {processor.py:830} INFO - Processing file /usr/local/python/3.10.13/lib/python3.10/site-packages/airflow/example_dags/example_display_name.py for tasks to queue
[2024-07-02T19:42:35.085+0000] {logging_mixin.py:188} INFO - [2024-07-02T19:42:35.085+0000] {dagbag.py:545} INFO - Filling up the DagBag from /usr/local/python/3.10.13/lib/python3.10/site-packages/airflow/example_dags/example_display_name.py
[2024-07-02T19:42:35.090+0000] {processor.py:840} INFO - DAG(s) 'example_display_name' retrieved from /usr/local/python/3.10.13/lib/python3.10/site-packages/airflow/example_dags/example_display_name.py
[2024-07-02T19:42:35.101+0000] {logging_mixin.py:188} INFO - [2024-07-02T19:42:35.101+0000] {dag.py:3096} INFO - Sync 1 DAGs
[2024-07-02T19:42:35.111+0000] {logging_mixin.py:188} INFO - [2024-07-02T19:42:35.111+0000] {dag.py:3954} INFO - Setting next_dagrun for example_display_name to None, run_after=None
[2024-07-02T19:42:35.152+0000] {processor.py:183} INFO - Processing /usr/local/python/3.10.13/lib/python3.10/site-packages/airflow/example_dags/example_display_name.py took 0.073 seconds
[2024-07-02T19:43:56.098+0000] {processor.py:161} INFO - Started process (PID=21286) to work on /usr/local/python/3.10.13/lib/python3.10/site-packages/airflow/example_dags/example_display_name.py
[2024-07-02T19:43:56.099+0000] {processor.py:830} INFO - Processing file /usr/local/python/3.10.13/lib/python3.10/site-packages/airflow/example_dags/example_display_name.py for tasks to queue
[2024-07-02T19:43:56.099+0000] {logging_mixin.py:188} INFO - [2024-07-02T19:43:56.099+0000] {dagbag.py:545} INFO - Filling up the DagBag from /usr/local/python/3.10.13/lib/python3.10/site-packages/airflow/example_dags/example_display_name.py
[2024-07-02T19:43:56.105+0000] {processor.py:840} INFO - DAG(s) 'example_display_name' retrieved from /usr/local/python/3.10.13/lib/python3.10/site-packages/airflow/example_dags/example_display_name.py
[2024-07-02T19:43:56.116+0000] {logging_mixin.py:188} INFO - [2024-07-02T19:43:56.116+0000] {dag.py:3096} INFO - Sync 1 DAGs
[2024-07-02T19:43:56.124+0000] {logging_mixin.py:188} INFO - [2024-07-02T19:43:56.124+0000] {dag.py:3954} INFO - Setting next_dagrun for example_display_name to None, run_after=None
[2024-07-02T19:43:56.164+0000] {processor.py:183} INFO - Processing /usr/local/python/3.10.13/lib/python3.10/site-packages/airflow/example_dags/example_display_name.py took 0.071 seconds
[2024-07-02T19:45:00.900+0000] {processor.py:161} INFO - Started process (PID=21773) to work on /usr/local/python/3.10.13/lib/python3.10/site-packages/airflow/example_dags/example_display_name.py
[2024-07-02T19:45:00.900+0000] {processor.py:830} INFO - Processing file /usr/local/python/3.10.13/lib/python3.10/site-packages/airflow/example_dags/example_display_name.py for tasks to queue
[2024-07-02T19:45:00.901+0000] {logging_mixin.py:188} INFO - [2024-07-02T19:45:00.901+0000] {dagbag.py:545} INFO - Filling up the DagBag from /usr/local/python/3.10.13/lib/python3.10/site-packages/airflow/example_dags/example_display_name.py
[2024-07-02T19:45:00.905+0000] {processor.py:840} INFO - DAG(s) 'example_display_name' retrieved from /usr/local/python/3.10.13/lib/python3.10/site-packages/airflow/example_dags/example_display_name.py
[2024-07-02T19:45:00.916+0000] {logging_mixin.py:188} INFO - [2024-07-02T19:45:00.916+0000] {dag.py:3096} INFO - Sync 1 DAGs
[2024-07-02T19:45:00.925+0000] {logging_mixin.py:188} INFO - [2024-07-02T19:45:00.925+0000] {dag.py:3954} INFO - Setting next_dagrun for example_display_name to None, run_after=None
[2024-07-02T19:45:00.965+0000] {processor.py:183} INFO - Processing /usr/local/python/3.10.13/lib/python3.10/site-packages/airflow/example_dags/example_display_name.py took 0.070 seconds
[2024-07-02T19:46:03.044+0000] {processor.py:161} INFO - Started process (PID=22205) to work on /usr/local/python/3.10.13/lib/python3.10/site-packages/airflow/example_dags/example_display_name.py
[2024-07-02T19:46:03.044+0000] {processor.py:830} INFO - Processing file /usr/local/python/3.10.13/lib/python3.10/site-packages/airflow/example_dags/example_display_name.py for tasks to queue
[2024-07-02T19:46:03.045+0000] {logging_mixin.py:188} INFO - [2024-07-02T19:46:03.045+0000] {dagbag.py:545} INFO - Filling up the DagBag from /usr/local/python/3.10.13/lib/python3.10/site-packages/airflow/example_dags/example_display_name.py
[2024-07-02T19:46:03.049+0000] {processor.py:840} INFO - DAG(s) 'example_display_name' retrieved from /usr/local/python/3.10.13/lib/python3.10/site-packages/airflow/example_dags/example_display_name.py
[2024-07-02T19:46:03.060+0000] {logging_mixin.py:188} INFO - [2024-07-02T19:46:03.060+0000] {dag.py:3096} INFO - Sync 1 DAGs
[2024-07-02T19:46:03.069+0000] {logging_mixin.py:188} INFO - [2024-07-02T19:46:03.068+0000] {dag.py:3954} INFO - Setting next_dagrun for example_display_name to None, run_after=None
[2024-07-02T19:46:03.108+0000] {processor.py:183} INFO - Processing /usr/local/python/3.10.13/lib/python3.10/site-packages/airflow/example_dags/example_display_name.py took 0.068 seconds
[2024-07-02T19:47:12.739+0000] {processor.py:161} INFO - Started process (PID=22690) to work on /usr/local/python/3.10.13/lib/python3.10/site-packages/airflow/example_dags/example_display_name.py
[2024-07-02T19:47:12.746+0000] {processor.py:830} INFO - Processing file /usr/local/python/3.10.13/lib/python3.10/site-packages/airflow/example_dags/example_display_name.py for tasks to queue
[2024-07-02T19:47:12.747+0000] {logging_mixin.py:188} INFO - [2024-07-02T19:47:12.747+0000] {dagbag.py:545} INFO - Filling up the DagBag from /usr/local/python/3.10.13/lib/python3.10/site-packages/airflow/example_dags/example_display_name.py
[2024-07-02T19:47:12.753+0000] {processor.py:840} INFO - DAG(s) 'example_display_name' retrieved from /usr/local/python/3.10.13/lib/python3.10/site-packages/airflow/example_dags/example_display_name.py
[2024-07-02T19:47:12.769+0000] {logging_mixin.py:188} INFO - [2024-07-02T19:47:12.769+0000] {dag.py:3096} INFO - Sync 1 DAGs
[2024-07-02T19:47:12.782+0000] {logging_mixin.py:188} INFO - [2024-07-02T19:47:12.782+0000] {dag.py:3954} INFO - Setting next_dagrun for example_display_name to None, run_after=None
[2024-07-02T19:47:12.827+0000] {processor.py:183} INFO - Processing /usr/local/python/3.10.13/lib/python3.10/site-packages/airflow/example_dags/example_display_name.py took 0.094 seconds
[2024-07-02T19:48:16.529+0000] {processor.py:161} INFO - Started process (PID=23136) to work on /usr/local/python/3.10.13/lib/python3.10/site-packages/airflow/example_dags/example_display_name.py
[2024-07-02T19:48:16.529+0000] {processor.py:830} INFO - Processing file /usr/local/python/3.10.13/lib/python3.10/site-packages/airflow/example_dags/example_display_name.py for tasks to queue
[2024-07-02T19:48:16.530+0000] {logging_mixin.py:188} INFO - [2024-07-02T19:48:16.530+0000] {dagbag.py:545} INFO - Filling up the DagBag from /usr/local/python/3.10.13/lib/python3.10/site-packages/airflow/example_dags/example_display_name.py
[2024-07-02T19:48:16.534+0000] {processor.py:840} INFO - DAG(s) 'example_display_name' retrieved from /usr/local/python/3.10.13/lib/python3.10/site-packages/airflow/example_dags/example_display_name.py
[2024-07-02T19:48:16.545+0000] {logging_mixin.py:188} INFO - [2024-07-02T19:48:16.545+0000] {dag.py:3096} INFO - Sync 1 DAGs
[2024-07-02T19:48:16.553+0000] {logging_mixin.py:188} INFO - [2024-07-02T19:48:16.553+0000] {dag.py:3954} INFO - Setting next_dagrun for example_display_name to None, run_after=None
[2024-07-02T19:48:16.596+0000] {processor.py:183} INFO - Processing /usr/local/python/3.10.13/lib/python3.10/site-packages/airflow/example_dags/example_display_name.py took 0.071 seconds
[2024-07-02T19:49:22.602+0000] {processor.py:161} INFO - Started process (PID=23638) to work on /usr/local/python/3.10.13/lib/python3.10/site-packages/airflow/example_dags/example_display_name.py
[2024-07-02T19:49:22.603+0000] {processor.py:830} INFO - Processing file /usr/local/python/3.10.13/lib/python3.10/site-packages/airflow/example_dags/example_display_name.py for tasks to queue
[2024-07-02T19:49:22.603+0000] {logging_mixin.py:188} INFO - [2024-07-02T19:49:22.603+0000] {dagbag.py:545} INFO - Filling up the DagBag from /usr/local/python/3.10.13/lib/python3.10/site-packages/airflow/example_dags/example_display_name.py
[2024-07-02T19:49:22.608+0000] {processor.py:840} INFO - DAG(s) 'example_display_name' retrieved from /usr/local/python/3.10.13/lib/python3.10/site-packages/airflow/example_dags/example_display_name.py
[2024-07-02T19:49:22.618+0000] {logging_mixin.py:188} INFO - [2024-07-02T19:49:22.618+0000] {dag.py:3096} INFO - Sync 1 DAGs
[2024-07-02T19:49:22.627+0000] {logging_mixin.py:188} INFO - [2024-07-02T19:49:22.627+0000] {dag.py:3954} INFO - Setting next_dagrun for example_display_name to None, run_after=None
[2024-07-02T19:49:22.667+0000] {processor.py:183} INFO - Processing /usr/local/python/3.10.13/lib/python3.10/site-packages/airflow/example_dags/example_display_name.py took 0.069 seconds
[2024-07-02T19:50:29.710+0000] {processor.py:161} INFO - Started process (PID=24139) to work on /usr/local/python/3.10.13/lib/python3.10/site-packages/airflow/example_dags/example_display_name.py
[2024-07-02T19:50:29.711+0000] {processor.py:830} INFO - Processing file /usr/local/python/3.10.13/lib/python3.10/site-packages/airflow/example_dags/example_display_name.py for tasks to queue
[2024-07-02T19:50:29.711+0000] {logging_mixin.py:188} INFO - [2024-07-02T19:50:29.711+0000] {dagbag.py:545} INFO - Filling up the DagBag from /usr/local/python/3.10.13/lib/python3.10/site-packages/airflow/example_dags/example_display_name.py
[2024-07-02T19:50:29.716+0000] {processor.py:840} INFO - DAG(s) 'example_display_name' retrieved from /usr/local/python/3.10.13/lib/python3.10/site-packages/airflow/example_dags/example_display_name.py
[2024-07-02T19:50:29.726+0000] {logging_mixin.py:188} INFO - [2024-07-02T19:50:29.726+0000] {dag.py:3096} INFO - Sync 1 DAGs
[2024-07-02T19:50:29.735+0000] {logging_mixin.py:188} INFO - [2024-07-02T19:50:29.734+0000] {dag.py:3954} INFO - Setting next_dagrun for example_display_name to None, run_after=None
[2024-07-02T19:50:29.774+0000] {processor.py:183} INFO - Processing /usr/local/python/3.10.13/lib/python3.10/site-packages/airflow/example_dags/example_display_name.py took 0.068 seconds
[2024-07-02T19:51:35.992+0000] {processor.py:161} INFO - Started process (PID=24658) to work on /usr/local/python/3.10.13/lib/python3.10/site-packages/airflow/example_dags/example_display_name.py
[2024-07-02T19:51:35.993+0000] {processor.py:830} INFO - Processing file /usr/local/python/3.10.13/lib/python3.10/site-packages/airflow/example_dags/example_display_name.py for tasks to queue
[2024-07-02T19:51:35.994+0000] {logging_mixin.py:188} INFO - [2024-07-02T19:51:35.993+0000] {dagbag.py:545} INFO - Filling up the DagBag from /usr/local/python/3.10.13/lib/python3.10/site-packages/airflow/example_dags/example_display_name.py
[2024-07-02T19:51:35.998+0000] {processor.py:840} INFO - DAG(s) 'example_display_name' retrieved from /usr/local/python/3.10.13/lib/python3.10/site-packages/airflow/example_dags/example_display_name.py
[2024-07-02T19:51:36.009+0000] {logging_mixin.py:188} INFO - [2024-07-02T19:51:36.009+0000] {dag.py:3096} INFO - Sync 1 DAGs
[2024-07-02T19:51:36.017+0000] {logging_mixin.py:188} INFO - [2024-07-02T19:51:36.017+0000] {dag.py:3954} INFO - Setting next_dagrun for example_display_name to None, run_after=None
[2024-07-02T19:51:36.056+0000] {processor.py:183} INFO - Processing /usr/local/python/3.10.13/lib/python3.10/site-packages/airflow/example_dags/example_display_name.py took 0.068 seconds
[2024-07-02T19:52:43.129+0000] {processor.py:161} INFO - Started process (PID=25173) to work on /usr/local/python/3.10.13/lib/python3.10/site-packages/airflow/example_dags/example_display_name.py
[2024-07-02T19:52:43.129+0000] {processor.py:830} INFO - Processing file /usr/local/python/3.10.13/lib/python3.10/site-packages/airflow/example_dags/example_display_name.py for tasks to queue
[2024-07-02T19:52:43.130+0000] {logging_mixin.py:188} INFO - [2024-07-02T19:52:43.130+0000] {dagbag.py:545} INFO - Filling up the DagBag from /usr/local/python/3.10.13/lib/python3.10/site-packages/airflow/example_dags/example_display_name.py
[2024-07-02T19:52:43.134+0000] {processor.py:840} INFO - DAG(s) 'example_display_name' retrieved from /usr/local/python/3.10.13/lib/python3.10/site-packages/airflow/example_dags/example_display_name.py
[2024-07-02T19:52:43.145+0000] {logging_mixin.py:188} INFO - [2024-07-02T19:52:43.145+0000] {dag.py:3096} INFO - Sync 1 DAGs
[2024-07-02T19:52:43.154+0000] {logging_mixin.py:188} INFO - [2024-07-02T19:52:43.153+0000] {dag.py:3954} INFO - Setting next_dagrun for example_display_name to None, run_after=None
[2024-07-02T19:52:43.196+0000] {processor.py:183} INFO - Processing /usr/local/python/3.10.13/lib/python3.10/site-packages/airflow/example_dags/example_display_name.py took 0.072 seconds
[2024-07-02T19:53:49.754+0000] {processor.py:161} INFO - Started process (PID=25657) to work on /usr/local/python/3.10.13/lib/python3.10/site-packages/airflow/example_dags/example_display_name.py
[2024-07-02T19:53:49.755+0000] {processor.py:830} INFO - Processing file /usr/local/python/3.10.13/lib/python3.10/site-packages/airflow/example_dags/example_display_name.py for tasks to queue
[2024-07-02T19:53:49.755+0000] {logging_mixin.py:188} INFO - [2024-07-02T19:53:49.755+0000] {dagbag.py:545} INFO - Filling up the DagBag from /usr/local/python/3.10.13/lib/python3.10/site-packages/airflow/example_dags/example_display_name.py
[2024-07-02T19:53:49.760+0000] {processor.py:840} INFO - DAG(s) 'example_display_name' retrieved from /usr/local/python/3.10.13/lib/python3.10/site-packages/airflow/example_dags/example_display_name.py
[2024-07-02T19:53:49.771+0000] {logging_mixin.py:188} INFO - [2024-07-02T19:53:49.771+0000] {dag.py:3096} INFO - Sync 1 DAGs
[2024-07-02T19:53:49.779+0000] {logging_mixin.py:188} INFO - [2024-07-02T19:53:49.779+0000] {dag.py:3954} INFO - Setting next_dagrun for example_display_name to None, run_after=None
[2024-07-02T19:53:49.819+0000] {processor.py:183} INFO - Processing /usr/local/python/3.10.13/lib/python3.10/site-packages/airflow/example_dags/example_display_name.py took 0.069 seconds
[2024-07-02T19:54:54.896+0000] {processor.py:161} INFO - Started process (PID=26152) to work on /usr/local/python/3.10.13/lib/python3.10/site-packages/airflow/example_dags/example_display_name.py
[2024-07-02T19:54:54.897+0000] {processor.py:830} INFO - Processing file /usr/local/python/3.10.13/lib/python3.10/site-packages/airflow/example_dags/example_display_name.py for tasks to queue
[2024-07-02T19:54:54.898+0000] {logging_mixin.py:188} INFO - [2024-07-02T19:54:54.897+0000] {dagbag.py:545} INFO - Filling up the DagBag from /usr/local/python/3.10.13/lib/python3.10/site-packages/airflow/example_dags/example_display_name.py
[2024-07-02T19:54:54.902+0000] {processor.py:840} INFO - DAG(s) 'example_display_name' retrieved from /usr/local/python/3.10.13/lib/python3.10/site-packages/airflow/example_dags/example_display_name.py
[2024-07-02T19:54:54.913+0000] {logging_mixin.py:188} INFO - [2024-07-02T19:54:54.913+0000] {dag.py:3096} INFO - Sync 1 DAGs
[2024-07-02T19:54:54.922+0000] {logging_mixin.py:188} INFO - [2024-07-02T19:54:54.922+0000] {dag.py:3954} INFO - Setting next_dagrun for example_display_name to None, run_after=None
[2024-07-02T19:54:54.961+0000] {processor.py:183} INFO - Processing /usr/local/python/3.10.13/lib/python3.10/site-packages/airflow/example_dags/example_display_name.py took 0.071 seconds
[2024-07-02T19:56:01.329+0000] {processor.py:161} INFO - Started process (PID=26679) to work on /usr/local/python/3.10.13/lib/python3.10/site-packages/airflow/example_dags/example_display_name.py
[2024-07-02T19:56:01.330+0000] {processor.py:830} INFO - Processing file /usr/local/python/3.10.13/lib/python3.10/site-packages/airflow/example_dags/example_display_name.py for tasks to queue
[2024-07-02T19:56:01.330+0000] {logging_mixin.py:188} INFO - [2024-07-02T19:56:01.330+0000] {dagbag.py:545} INFO - Filling up the DagBag from /usr/local/python/3.10.13/lib/python3.10/site-packages/airflow/example_dags/example_display_name.py
[2024-07-02T19:56:01.335+0000] {processor.py:840} INFO - DAG(s) 'example_display_name' retrieved from /usr/local/python/3.10.13/lib/python3.10/site-packages/airflow/example_dags/example_display_name.py
[2024-07-02T19:56:01.346+0000] {logging_mixin.py:188} INFO - [2024-07-02T19:56:01.345+0000] {dag.py:3096} INFO - Sync 1 DAGs
[2024-07-02T19:56:01.354+0000] {logging_mixin.py:188} INFO - [2024-07-02T19:56:01.354+0000] {dag.py:3954} INFO - Setting next_dagrun for example_display_name to None, run_after=None
[2024-07-02T19:56:01.393+0000] {processor.py:183} INFO - Processing /usr/local/python/3.10.13/lib/python3.10/site-packages/airflow/example_dags/example_display_name.py took 0.071 seconds
[2024-07-02T19:57:18.014+0000] {processor.py:161} INFO - Started process (PID=27388) to work on /usr/local/python/3.10.13/lib/python3.10/site-packages/airflow/example_dags/example_display_name.py
[2024-07-02T19:57:18.014+0000] {processor.py:830} INFO - Processing file /usr/local/python/3.10.13/lib/python3.10/site-packages/airflow/example_dags/example_display_name.py for tasks to queue
[2024-07-02T19:57:18.015+0000] {logging_mixin.py:188} INFO - [2024-07-02T19:57:18.015+0000] {dagbag.py:545} INFO - Filling up the DagBag from /usr/local/python/3.10.13/lib/python3.10/site-packages/airflow/example_dags/example_display_name.py
[2024-07-02T19:57:18.019+0000] {processor.py:840} INFO - DAG(s) 'example_display_name' retrieved from /usr/local/python/3.10.13/lib/python3.10/site-packages/airflow/example_dags/example_display_name.py
[2024-07-02T19:57:18.031+0000] {logging_mixin.py:188} INFO - [2024-07-02T19:57:18.031+0000] {dag.py:3096} INFO - Sync 1 DAGs
[2024-07-02T19:57:18.040+0000] {logging_mixin.py:188} INFO - [2024-07-02T19:57:18.040+0000] {dag.py:3954} INFO - Setting next_dagrun for example_display_name to None, run_after=None
[2024-07-02T19:57:18.081+0000] {processor.py:183} INFO - Processing /usr/local/python/3.10.13/lib/python3.10/site-packages/airflow/example_dags/example_display_name.py took 0.073 seconds
