[2024-07-02T19:11:00.256+0000] {processor.py:161} INFO - Started process (PID=5853) to work on /usr/local/python/3.10.13/lib/python3.10/site-packages/airflow/example_dags/example_branch_day_of_week_operator.py
[2024-07-02T19:11:00.256+0000] {processor.py:830} INFO - Processing file /usr/local/python/3.10.13/lib/python3.10/site-packages/airflow/example_dags/example_branch_day_of_week_operator.py for tasks to queue
[2024-07-02T19:11:00.257+0000] {logging_mixin.py:188} INFO - [2024-07-02T19:11:00.257+0000] {dagbag.py:545} INFO - Filling up the DagBag from /usr/local/python/3.10.13/lib/python3.10/site-packages/airflow/example_dags/example_branch_day_of_week_operator.py
[2024-07-02T19:11:00.335+0000] {processor.py:840} INFO - DAG(s) 'example_weekday_branch_operator' retrieved from /usr/local/python/3.10.13/lib/python3.10/site-packages/airflow/example_dags/example_branch_day_of_week_operator.py
[2024-07-02T19:11:00.463+0000] {logging_mixin.py:188} INFO - [2024-07-02T19:11:00.462+0000] {override.py:1829} INFO - Created Permission View: can edit on DAG:example_weekday_branch_operator
[2024-07-02T19:11:00.497+0000] {logging_mixin.py:188} INFO - [2024-07-02T19:11:00.497+0000] {override.py:1829} INFO - Created Permission View: can read on DAG:example_weekday_branch_operator
[2024-07-02T19:11:00.528+0000] {logging_mixin.py:188} INFO - [2024-07-02T19:11:00.527+0000] {override.py:1829} INFO - Created Permission View: can delete on DAG:example_weekday_branch_operator
[2024-07-02T19:11:00.528+0000] {logging_mixin.py:188} INFO - [2024-07-02T19:11:00.528+0000] {dag.py:3096} INFO - Sync 1 DAGs
[2024-07-02T19:11:00.535+0000] {logging_mixin.py:188} INFO - [2024-07-02T19:11:00.535+0000] {dag.py:3118} INFO - Creating ORM DAG for example_weekday_branch_operator
[2024-07-02T19:11:00.542+0000] {logging_mixin.py:188} INFO - [2024-07-02T19:11:00.542+0000] {dag.py:3954} INFO - Setting next_dagrun for example_weekday_branch_operator to 2024-07-01 00:00:00+00:00, run_after=2024-07-02 00:00:00+00:00
[2024-07-02T19:11:00.590+0000] {processor.py:183} INFO - Processing /usr/local/python/3.10.13/lib/python3.10/site-packages/airflow/example_dags/example_branch_day_of_week_operator.py took 0.339 seconds
[2024-07-02T19:11:54.699+0000] {processor.py:161} INFO - Started process (PID=6284) to work on /usr/local/python/3.10.13/lib/python3.10/site-packages/airflow/example_dags/example_branch_day_of_week_operator.py
[2024-07-02T19:11:54.699+0000] {processor.py:830} INFO - Processing file /usr/local/python/3.10.13/lib/python3.10/site-packages/airflow/example_dags/example_branch_day_of_week_operator.py for tasks to queue
[2024-07-02T19:11:54.701+0000] {logging_mixin.py:188} INFO - [2024-07-02T19:11:54.700+0000] {dagbag.py:545} INFO - Filling up the DagBag from /usr/local/python/3.10.13/lib/python3.10/site-packages/airflow/example_dags/example_branch_day_of_week_operator.py
[2024-07-02T19:11:54.707+0000] {processor.py:840} INFO - DAG(s) 'example_weekday_branch_operator' retrieved from /usr/local/python/3.10.13/lib/python3.10/site-packages/airflow/example_dags/example_branch_day_of_week_operator.py
[2024-07-02T19:11:54.719+0000] {logging_mixin.py:188} INFO - [2024-07-02T19:11:54.718+0000] {dag.py:3096} INFO - Sync 1 DAGs
[2024-07-02T19:11:54.736+0000] {logging_mixin.py:188} INFO - [2024-07-02T19:11:54.735+0000] {dag.py:3954} INFO - Setting next_dagrun for example_weekday_branch_operator to 2024-07-01 00:00:00+00:00, run_after=2024-07-02 00:00:00+00:00
[2024-07-02T19:11:54.775+0000] {processor.py:183} INFO - Processing /usr/local/python/3.10.13/lib/python3.10/site-packages/airflow/example_dags/example_branch_day_of_week_operator.py took 0.081 seconds
[2024-07-02T19:12:57.819+0000] {processor.py:161} INFO - Started process (PID=6758) to work on /usr/local/python/3.10.13/lib/python3.10/site-packages/airflow/example_dags/example_branch_day_of_week_operator.py
[2024-07-02T19:12:57.820+0000] {processor.py:830} INFO - Processing file /usr/local/python/3.10.13/lib/python3.10/site-packages/airflow/example_dags/example_branch_day_of_week_operator.py for tasks to queue
[2024-07-02T19:12:57.821+0000] {logging_mixin.py:188} INFO - [2024-07-02T19:12:57.821+0000] {dagbag.py:545} INFO - Filling up the DagBag from /usr/local/python/3.10.13/lib/python3.10/site-packages/airflow/example_dags/example_branch_day_of_week_operator.py
[2024-07-02T19:12:57.827+0000] {processor.py:840} INFO - DAG(s) 'example_weekday_branch_operator' retrieved from /usr/local/python/3.10.13/lib/python3.10/site-packages/airflow/example_dags/example_branch_day_of_week_operator.py
[2024-07-02T19:12:57.839+0000] {logging_mixin.py:188} INFO - [2024-07-02T19:12:57.839+0000] {dag.py:3096} INFO - Sync 1 DAGs
[2024-07-02T19:12:57.854+0000] {logging_mixin.py:188} INFO - [2024-07-02T19:12:57.854+0000] {dag.py:3954} INFO - Setting next_dagrun for example_weekday_branch_operator to 2024-07-01 00:00:00+00:00, run_after=2024-07-02 00:00:00+00:00
[2024-07-02T19:12:57.897+0000] {processor.py:183} INFO - Processing /usr/local/python/3.10.13/lib/python3.10/site-packages/airflow/example_dags/example_branch_day_of_week_operator.py took 0.083 seconds
[2024-07-02T19:13:57.848+0000] {processor.py:161} INFO - Started process (PID=7217) to work on /usr/local/python/3.10.13/lib/python3.10/site-packages/airflow/example_dags/example_branch_day_of_week_operator.py
[2024-07-02T19:13:57.849+0000] {processor.py:830} INFO - Processing file /usr/local/python/3.10.13/lib/python3.10/site-packages/airflow/example_dags/example_branch_day_of_week_operator.py for tasks to queue
[2024-07-02T19:13:57.850+0000] {logging_mixin.py:188} INFO - [2024-07-02T19:13:57.850+0000] {dagbag.py:545} INFO - Filling up the DagBag from /usr/local/python/3.10.13/lib/python3.10/site-packages/airflow/example_dags/example_branch_day_of_week_operator.py
[2024-07-02T19:13:57.856+0000] {processor.py:840} INFO - DAG(s) 'example_weekday_branch_operator' retrieved from /usr/local/python/3.10.13/lib/python3.10/site-packages/airflow/example_dags/example_branch_day_of_week_operator.py
[2024-07-02T19:13:57.868+0000] {logging_mixin.py:188} INFO - [2024-07-02T19:13:57.868+0000] {dag.py:3096} INFO - Sync 1 DAGs
[2024-07-02T19:13:57.884+0000] {logging_mixin.py:188} INFO - [2024-07-02T19:13:57.883+0000] {dag.py:3954} INFO - Setting next_dagrun for example_weekday_branch_operator to 2024-07-01 00:00:00+00:00, run_after=2024-07-02 00:00:00+00:00
[2024-07-02T19:13:57.928+0000] {processor.py:183} INFO - Processing /usr/local/python/3.10.13/lib/python3.10/site-packages/airflow/example_dags/example_branch_day_of_week_operator.py took 0.084 seconds
[2024-07-02T19:15:01.081+0000] {processor.py:161} INFO - Started process (PID=7690) to work on /usr/local/python/3.10.13/lib/python3.10/site-packages/airflow/example_dags/example_branch_day_of_week_operator.py
[2024-07-02T19:15:01.082+0000] {processor.py:830} INFO - Processing file /usr/local/python/3.10.13/lib/python3.10/site-packages/airflow/example_dags/example_branch_day_of_week_operator.py for tasks to queue
[2024-07-02T19:15:01.083+0000] {logging_mixin.py:188} INFO - [2024-07-02T19:15:01.083+0000] {dagbag.py:545} INFO - Filling up the DagBag from /usr/local/python/3.10.13/lib/python3.10/site-packages/airflow/example_dags/example_branch_day_of_week_operator.py
[2024-07-02T19:15:01.091+0000] {processor.py:840} INFO - DAG(s) 'example_weekday_branch_operator' retrieved from /usr/local/python/3.10.13/lib/python3.10/site-packages/airflow/example_dags/example_branch_day_of_week_operator.py
[2024-07-02T19:15:01.110+0000] {logging_mixin.py:188} INFO - [2024-07-02T19:15:01.109+0000] {dag.py:3096} INFO - Sync 1 DAGs
[2024-07-02T19:15:01.133+0000] {logging_mixin.py:188} INFO - [2024-07-02T19:15:01.133+0000] {dag.py:3954} INFO - Setting next_dagrun for example_weekday_branch_operator to 2024-07-01 00:00:00+00:00, run_after=2024-07-02 00:00:00+00:00
[2024-07-02T19:15:01.174+0000] {processor.py:183} INFO - Processing /usr/local/python/3.10.13/lib/python3.10/site-packages/airflow/example_dags/example_branch_day_of_week_operator.py took 0.098 seconds
[2024-07-02T19:16:03.506+0000] {processor.py:161} INFO - Started process (PID=8167) to work on /usr/local/python/3.10.13/lib/python3.10/site-packages/airflow/example_dags/example_branch_day_of_week_operator.py
[2024-07-02T19:16:03.507+0000] {processor.py:830} INFO - Processing file /usr/local/python/3.10.13/lib/python3.10/site-packages/airflow/example_dags/example_branch_day_of_week_operator.py for tasks to queue
[2024-07-02T19:16:03.508+0000] {logging_mixin.py:188} INFO - [2024-07-02T19:16:03.508+0000] {dagbag.py:545} INFO - Filling up the DagBag from /usr/local/python/3.10.13/lib/python3.10/site-packages/airflow/example_dags/example_branch_day_of_week_operator.py
[2024-07-02T19:16:03.515+0000] {processor.py:840} INFO - DAG(s) 'example_weekday_branch_operator' retrieved from /usr/local/python/3.10.13/lib/python3.10/site-packages/airflow/example_dags/example_branch_day_of_week_operator.py
[2024-07-02T19:16:03.527+0000] {logging_mixin.py:188} INFO - [2024-07-02T19:16:03.527+0000] {dag.py:3096} INFO - Sync 1 DAGs
[2024-07-02T19:16:03.542+0000] {logging_mixin.py:188} INFO - [2024-07-02T19:16:03.542+0000] {dag.py:3954} INFO - Setting next_dagrun for example_weekday_branch_operator to 2024-07-01 00:00:00+00:00, run_after=2024-07-02 00:00:00+00:00
[2024-07-02T19:16:03.597+0000] {processor.py:183} INFO - Processing /usr/local/python/3.10.13/lib/python3.10/site-packages/airflow/example_dags/example_branch_day_of_week_operator.py took 0.096 seconds
[2024-07-02T19:16:56.834+0000] {processor.py:161} INFO - Started process (PID=8568) to work on /usr/local/python/3.10.13/lib/python3.10/site-packages/airflow/example_dags/example_branch_day_of_week_operator.py
[2024-07-02T19:16:56.834+0000] {processor.py:830} INFO - Processing file /usr/local/python/3.10.13/lib/python3.10/site-packages/airflow/example_dags/example_branch_day_of_week_operator.py for tasks to queue
[2024-07-02T19:16:56.835+0000] {logging_mixin.py:188} INFO - [2024-07-02T19:16:56.835+0000] {dagbag.py:545} INFO - Filling up the DagBag from /usr/local/python/3.10.13/lib/python3.10/site-packages/airflow/example_dags/example_branch_day_of_week_operator.py
[2024-07-02T19:16:56.841+0000] {processor.py:840} INFO - DAG(s) 'example_weekday_branch_operator' retrieved from /usr/local/python/3.10.13/lib/python3.10/site-packages/airflow/example_dags/example_branch_day_of_week_operator.py
[2024-07-02T19:16:56.853+0000] {logging_mixin.py:188} INFO - [2024-07-02T19:16:56.853+0000] {dag.py:3096} INFO - Sync 1 DAGs
[2024-07-02T19:16:56.868+0000] {logging_mixin.py:188} INFO - [2024-07-02T19:16:56.868+0000] {dag.py:3954} INFO - Setting next_dagrun for example_weekday_branch_operator to 2024-07-01 00:00:00+00:00, run_after=2024-07-02 00:00:00+00:00
[2024-07-02T19:16:56.909+0000] {processor.py:183} INFO - Processing /usr/local/python/3.10.13/lib/python3.10/site-packages/airflow/example_dags/example_branch_day_of_week_operator.py took 0.080 seconds
[2024-07-02T19:18:06.145+0000] {processor.py:161} INFO - Started process (PID=9097) to work on /usr/local/python/3.10.13/lib/python3.10/site-packages/airflow/example_dags/example_branch_day_of_week_operator.py
[2024-07-02T19:18:06.146+0000] {processor.py:830} INFO - Processing file /usr/local/python/3.10.13/lib/python3.10/site-packages/airflow/example_dags/example_branch_day_of_week_operator.py for tasks to queue
[2024-07-02T19:18:06.146+0000] {logging_mixin.py:188} INFO - [2024-07-02T19:18:06.146+0000] {dagbag.py:545} INFO - Filling up the DagBag from /usr/local/python/3.10.13/lib/python3.10/site-packages/airflow/example_dags/example_branch_day_of_week_operator.py
[2024-07-02T19:18:06.152+0000] {processor.py:840} INFO - DAG(s) 'example_weekday_branch_operator' retrieved from /usr/local/python/3.10.13/lib/python3.10/site-packages/airflow/example_dags/example_branch_day_of_week_operator.py
[2024-07-02T19:18:06.165+0000] {logging_mixin.py:188} INFO - [2024-07-02T19:18:06.165+0000] {dag.py:3096} INFO - Sync 1 DAGs
[2024-07-02T19:18:06.180+0000] {logging_mixin.py:188} INFO - [2024-07-02T19:18:06.180+0000] {dag.py:3954} INFO - Setting next_dagrun for example_weekday_branch_operator to 2024-07-01 00:00:00+00:00, run_after=2024-07-02 00:00:00+00:00
[2024-07-02T19:18:06.219+0000] {processor.py:183} INFO - Processing /usr/local/python/3.10.13/lib/python3.10/site-packages/airflow/example_dags/example_branch_day_of_week_operator.py took 0.079 seconds
[2024-07-02T19:19:08.041+0000] {processor.py:161} INFO - Started process (PID=9565) to work on /usr/local/python/3.10.13/lib/python3.10/site-packages/airflow/example_dags/example_branch_day_of_week_operator.py
[2024-07-02T19:19:08.041+0000] {processor.py:830} INFO - Processing file /usr/local/python/3.10.13/lib/python3.10/site-packages/airflow/example_dags/example_branch_day_of_week_operator.py for tasks to queue
[2024-07-02T19:19:08.042+0000] {logging_mixin.py:188} INFO - [2024-07-02T19:19:08.042+0000] {dagbag.py:545} INFO - Filling up the DagBag from /usr/local/python/3.10.13/lib/python3.10/site-packages/airflow/example_dags/example_branch_day_of_week_operator.py
[2024-07-02T19:19:08.048+0000] {processor.py:840} INFO - DAG(s) 'example_weekday_branch_operator' retrieved from /usr/local/python/3.10.13/lib/python3.10/site-packages/airflow/example_dags/example_branch_day_of_week_operator.py
[2024-07-02T19:19:08.060+0000] {logging_mixin.py:188} INFO - [2024-07-02T19:19:08.060+0000] {dag.py:3096} INFO - Sync 1 DAGs
[2024-07-02T19:19:08.075+0000] {logging_mixin.py:188} INFO - [2024-07-02T19:19:08.075+0000] {dag.py:3954} INFO - Setting next_dagrun for example_weekday_branch_operator to 2024-07-01 00:00:00+00:00, run_after=2024-07-02 00:00:00+00:00
[2024-07-02T19:19:08.116+0000] {processor.py:183} INFO - Processing /usr/local/python/3.10.13/lib/python3.10/site-packages/airflow/example_dags/example_branch_day_of_week_operator.py took 0.080 seconds
[2024-07-02T19:20:16.918+0000] {processor.py:161} INFO - Started process (PID=10088) to work on /usr/local/python/3.10.13/lib/python3.10/site-packages/airflow/example_dags/example_branch_day_of_week_operator.py
[2024-07-02T19:20:16.918+0000] {processor.py:830} INFO - Processing file /usr/local/python/3.10.13/lib/python3.10/site-packages/airflow/example_dags/example_branch_day_of_week_operator.py for tasks to queue
[2024-07-02T19:20:16.919+0000] {logging_mixin.py:188} INFO - [2024-07-02T19:20:16.919+0000] {dagbag.py:545} INFO - Filling up the DagBag from /usr/local/python/3.10.13/lib/python3.10/site-packages/airflow/example_dags/example_branch_day_of_week_operator.py
[2024-07-02T19:20:16.925+0000] {processor.py:840} INFO - DAG(s) 'example_weekday_branch_operator' retrieved from /usr/local/python/3.10.13/lib/python3.10/site-packages/airflow/example_dags/example_branch_day_of_week_operator.py
[2024-07-02T19:20:16.937+0000] {logging_mixin.py:188} INFO - [2024-07-02T19:20:16.937+0000] {dag.py:3096} INFO - Sync 1 DAGs
[2024-07-02T19:20:16.952+0000] {logging_mixin.py:188} INFO - [2024-07-02T19:20:16.952+0000] {dag.py:3954} INFO - Setting next_dagrun for example_weekday_branch_operator to 2024-07-01 00:00:00+00:00, run_after=2024-07-02 00:00:00+00:00
[2024-07-02T19:20:16.994+0000] {processor.py:183} INFO - Processing /usr/local/python/3.10.13/lib/python3.10/site-packages/airflow/example_dags/example_branch_day_of_week_operator.py took 0.081 seconds
[2024-07-02T19:21:27.666+0000] {processor.py:161} INFO - Started process (PID=10621) to work on /usr/local/python/3.10.13/lib/python3.10/site-packages/airflow/example_dags/example_branch_day_of_week_operator.py
[2024-07-02T19:21:27.667+0000] {processor.py:830} INFO - Processing file /usr/local/python/3.10.13/lib/python3.10/site-packages/airflow/example_dags/example_branch_day_of_week_operator.py for tasks to queue
[2024-07-02T19:21:27.668+0000] {logging_mixin.py:188} INFO - [2024-07-02T19:21:27.668+0000] {dagbag.py:545} INFO - Filling up the DagBag from /usr/local/python/3.10.13/lib/python3.10/site-packages/airflow/example_dags/example_branch_day_of_week_operator.py
[2024-07-02T19:21:27.674+0000] {processor.py:840} INFO - DAG(s) 'example_weekday_branch_operator' retrieved from /usr/local/python/3.10.13/lib/python3.10/site-packages/airflow/example_dags/example_branch_day_of_week_operator.py
[2024-07-02T19:21:27.686+0000] {logging_mixin.py:188} INFO - [2024-07-02T19:21:27.686+0000] {dag.py:3096} INFO - Sync 1 DAGs
[2024-07-02T19:21:27.702+0000] {logging_mixin.py:188} INFO - [2024-07-02T19:21:27.702+0000] {dag.py:3954} INFO - Setting next_dagrun for example_weekday_branch_operator to 2024-07-01 00:00:00+00:00, run_after=2024-07-02 00:00:00+00:00
[2024-07-02T19:21:27.742+0000] {processor.py:183} INFO - Processing /usr/local/python/3.10.13/lib/python3.10/site-packages/airflow/example_dags/example_branch_day_of_week_operator.py took 0.080 seconds
[2024-07-02T19:22:36.252+0000] {processor.py:161} INFO - Started process (PID=11151) to work on /usr/local/python/3.10.13/lib/python3.10/site-packages/airflow/example_dags/example_branch_day_of_week_operator.py
[2024-07-02T19:22:36.253+0000] {processor.py:830} INFO - Processing file /usr/local/python/3.10.13/lib/python3.10/site-packages/airflow/example_dags/example_branch_day_of_week_operator.py for tasks to queue
[2024-07-02T19:22:36.254+0000] {logging_mixin.py:188} INFO - [2024-07-02T19:22:36.253+0000] {dagbag.py:545} INFO - Filling up the DagBag from /usr/local/python/3.10.13/lib/python3.10/site-packages/airflow/example_dags/example_branch_day_of_week_operator.py
[2024-07-02T19:22:36.260+0000] {processor.py:840} INFO - DAG(s) 'example_weekday_branch_operator' retrieved from /usr/local/python/3.10.13/lib/python3.10/site-packages/airflow/example_dags/example_branch_day_of_week_operator.py
[2024-07-02T19:22:36.272+0000] {logging_mixin.py:188} INFO - [2024-07-02T19:22:36.272+0000] {dag.py:3096} INFO - Sync 1 DAGs
[2024-07-02T19:22:36.287+0000] {logging_mixin.py:188} INFO - [2024-07-02T19:22:36.287+0000] {dag.py:3954} INFO - Setting next_dagrun for example_weekday_branch_operator to 2024-07-01 00:00:00+00:00, run_after=2024-07-02 00:00:00+00:00
[2024-07-02T19:22:36.329+0000] {processor.py:183} INFO - Processing /usr/local/python/3.10.13/lib/python3.10/site-packages/airflow/example_dags/example_branch_day_of_week_operator.py took 0.081 seconds
[2024-07-02T19:23:37.998+0000] {processor.py:161} INFO - Started process (PID=11612) to work on /usr/local/python/3.10.13/lib/python3.10/site-packages/airflow/example_dags/example_branch_day_of_week_operator.py
[2024-07-02T19:23:37.999+0000] {processor.py:830} INFO - Processing file /usr/local/python/3.10.13/lib/python3.10/site-packages/airflow/example_dags/example_branch_day_of_week_operator.py for tasks to queue
[2024-07-02T19:23:37.999+0000] {logging_mixin.py:188} INFO - [2024-07-02T19:23:37.999+0000] {dagbag.py:545} INFO - Filling up the DagBag from /usr/local/python/3.10.13/lib/python3.10/site-packages/airflow/example_dags/example_branch_day_of_week_operator.py
[2024-07-02T19:23:38.005+0000] {processor.py:840} INFO - DAG(s) 'example_weekday_branch_operator' retrieved from /usr/local/python/3.10.13/lib/python3.10/site-packages/airflow/example_dags/example_branch_day_of_week_operator.py
[2024-07-02T19:23:38.017+0000] {logging_mixin.py:188} INFO - [2024-07-02T19:23:38.017+0000] {dag.py:3096} INFO - Sync 1 DAGs
[2024-07-02T19:23:38.033+0000] {logging_mixin.py:188} INFO - [2024-07-02T19:23:38.033+0000] {dag.py:3954} INFO - Setting next_dagrun for example_weekday_branch_operator to 2024-07-01 00:00:00+00:00, run_after=2024-07-02 00:00:00+00:00
[2024-07-02T19:23:38.076+0000] {processor.py:183} INFO - Processing /usr/local/python/3.10.13/lib/python3.10/site-packages/airflow/example_dags/example_branch_day_of_week_operator.py took 0.083 seconds
[2024-07-02T19:24:42.113+0000] {processor.py:161} INFO - Started process (PID=12097) to work on /usr/local/python/3.10.13/lib/python3.10/site-packages/airflow/example_dags/example_branch_day_of_week_operator.py
[2024-07-02T19:24:42.114+0000] {processor.py:830} INFO - Processing file /usr/local/python/3.10.13/lib/python3.10/site-packages/airflow/example_dags/example_branch_day_of_week_operator.py for tasks to queue
[2024-07-02T19:24:42.114+0000] {logging_mixin.py:188} INFO - [2024-07-02T19:24:42.114+0000] {dagbag.py:545} INFO - Filling up the DagBag from /usr/local/python/3.10.13/lib/python3.10/site-packages/airflow/example_dags/example_branch_day_of_week_operator.py
[2024-07-02T19:24:42.120+0000] {processor.py:840} INFO - DAG(s) 'example_weekday_branch_operator' retrieved from /usr/local/python/3.10.13/lib/python3.10/site-packages/airflow/example_dags/example_branch_day_of_week_operator.py
[2024-07-02T19:24:42.132+0000] {logging_mixin.py:188} INFO - [2024-07-02T19:24:42.132+0000] {dag.py:3096} INFO - Sync 1 DAGs
[2024-07-02T19:24:42.147+0000] {logging_mixin.py:188} INFO - [2024-07-02T19:24:42.147+0000] {dag.py:3954} INFO - Setting next_dagrun for example_weekday_branch_operator to 2024-07-01 00:00:00+00:00, run_after=2024-07-02 00:00:00+00:00
[2024-07-02T19:24:42.192+0000] {processor.py:183} INFO - Processing /usr/local/python/3.10.13/lib/python3.10/site-packages/airflow/example_dags/example_branch_day_of_week_operator.py took 0.084 seconds
[2024-07-02T19:25:47.050+0000] {processor.py:161} INFO - Started process (PID=12607) to work on /usr/local/python/3.10.13/lib/python3.10/site-packages/airflow/example_dags/example_branch_day_of_week_operator.py
[2024-07-02T19:25:47.050+0000] {processor.py:830} INFO - Processing file /usr/local/python/3.10.13/lib/python3.10/site-packages/airflow/example_dags/example_branch_day_of_week_operator.py for tasks to queue
[2024-07-02T19:25:47.051+0000] {logging_mixin.py:188} INFO - [2024-07-02T19:25:47.051+0000] {dagbag.py:545} INFO - Filling up the DagBag from /usr/local/python/3.10.13/lib/python3.10/site-packages/airflow/example_dags/example_branch_day_of_week_operator.py
[2024-07-02T19:25:47.057+0000] {processor.py:840} INFO - DAG(s) 'example_weekday_branch_operator' retrieved from /usr/local/python/3.10.13/lib/python3.10/site-packages/airflow/example_dags/example_branch_day_of_week_operator.py
[2024-07-02T19:25:47.070+0000] {logging_mixin.py:188} INFO - [2024-07-02T19:25:47.069+0000] {dag.py:3096} INFO - Sync 1 DAGs
[2024-07-02T19:25:47.085+0000] {logging_mixin.py:188} INFO - [2024-07-02T19:25:47.085+0000] {dag.py:3954} INFO - Setting next_dagrun for example_weekday_branch_operator to 2024-07-01 00:00:00+00:00, run_after=2024-07-02 00:00:00+00:00
[2024-07-02T19:25:47.124+0000] {processor.py:183} INFO - Processing /usr/local/python/3.10.13/lib/python3.10/site-packages/airflow/example_dags/example_branch_day_of_week_operator.py took 0.080 seconds
[2024-07-02T19:26:52.971+0000] {processor.py:161} INFO - Started process (PID=13089) to work on /usr/local/python/3.10.13/lib/python3.10/site-packages/airflow/example_dags/example_branch_day_of_week_operator.py
[2024-07-02T19:26:52.972+0000] {processor.py:830} INFO - Processing file /usr/local/python/3.10.13/lib/python3.10/site-packages/airflow/example_dags/example_branch_day_of_week_operator.py for tasks to queue
[2024-07-02T19:26:52.973+0000] {logging_mixin.py:188} INFO - [2024-07-02T19:26:52.972+0000] {dagbag.py:545} INFO - Filling up the DagBag from /usr/local/python/3.10.13/lib/python3.10/site-packages/airflow/example_dags/example_branch_day_of_week_operator.py
[2024-07-02T19:26:52.979+0000] {processor.py:840} INFO - DAG(s) 'example_weekday_branch_operator' retrieved from /usr/local/python/3.10.13/lib/python3.10/site-packages/airflow/example_dags/example_branch_day_of_week_operator.py
[2024-07-02T19:26:52.992+0000] {logging_mixin.py:188} INFO - [2024-07-02T19:26:52.991+0000] {dag.py:3096} INFO - Sync 1 DAGs
[2024-07-02T19:26:53.007+0000] {logging_mixin.py:188} INFO - [2024-07-02T19:26:53.007+0000] {dag.py:3954} INFO - Setting next_dagrun for example_weekday_branch_operator to 2024-07-01 00:00:00+00:00, run_after=2024-07-02 00:00:00+00:00
[2024-07-02T19:26:53.048+0000] {processor.py:183} INFO - Processing /usr/local/python/3.10.13/lib/python3.10/site-packages/airflow/example_dags/example_branch_day_of_week_operator.py took 0.081 seconds
[2024-07-02T19:27:55.971+0000] {processor.py:161} INFO - Started process (PID=13627) to work on /usr/local/python/3.10.13/lib/python3.10/site-packages/airflow/example_dags/example_branch_day_of_week_operator.py
[2024-07-02T19:27:55.972+0000] {processor.py:830} INFO - Processing file /usr/local/python/3.10.13/lib/python3.10/site-packages/airflow/example_dags/example_branch_day_of_week_operator.py for tasks to queue
[2024-07-02T19:27:55.972+0000] {logging_mixin.py:188} INFO - [2024-07-02T19:27:55.972+0000] {dagbag.py:545} INFO - Filling up the DagBag from /usr/local/python/3.10.13/lib/python3.10/site-packages/airflow/example_dags/example_branch_day_of_week_operator.py
[2024-07-02T19:27:55.978+0000] {processor.py:840} INFO - DAG(s) 'example_weekday_branch_operator' retrieved from /usr/local/python/3.10.13/lib/python3.10/site-packages/airflow/example_dags/example_branch_day_of_week_operator.py
[2024-07-02T19:27:55.991+0000] {logging_mixin.py:188} INFO - [2024-07-02T19:27:55.990+0000] {dag.py:3096} INFO - Sync 1 DAGs
[2024-07-02T19:27:56.006+0000] {logging_mixin.py:188} INFO - [2024-07-02T19:27:56.006+0000] {dag.py:3954} INFO - Setting next_dagrun for example_weekday_branch_operator to 2024-07-01 00:00:00+00:00, run_after=2024-07-02 00:00:00+00:00
[2024-07-02T19:27:56.050+0000] {processor.py:183} INFO - Processing /usr/local/python/3.10.13/lib/python3.10/site-packages/airflow/example_dags/example_branch_day_of_week_operator.py took 0.084 seconds
[2024-07-02T19:29:02.137+0000] {processor.py:161} INFO - Started process (PID=14253) to work on /usr/local/python/3.10.13/lib/python3.10/site-packages/airflow/example_dags/example_branch_day_of_week_operator.py
[2024-07-02T19:29:02.138+0000] {processor.py:830} INFO - Processing file /usr/local/python/3.10.13/lib/python3.10/site-packages/airflow/example_dags/example_branch_day_of_week_operator.py for tasks to queue
[2024-07-02T19:29:02.139+0000] {logging_mixin.py:188} INFO - [2024-07-02T19:29:02.139+0000] {dagbag.py:545} INFO - Filling up the DagBag from /usr/local/python/3.10.13/lib/python3.10/site-packages/airflow/example_dags/example_branch_day_of_week_operator.py
[2024-07-02T19:29:02.148+0000] {processor.py:840} INFO - DAG(s) 'example_weekday_branch_operator' retrieved from /usr/local/python/3.10.13/lib/python3.10/site-packages/airflow/example_dags/example_branch_day_of_week_operator.py
[2024-07-02T19:29:02.164+0000] {logging_mixin.py:188} INFO - [2024-07-02T19:29:02.163+0000] {dag.py:3096} INFO - Sync 1 DAGs
[2024-07-02T19:29:02.180+0000] {logging_mixin.py:188} INFO - [2024-07-02T19:29:02.180+0000] {dag.py:3954} INFO - Setting next_dagrun for example_weekday_branch_operator to 2024-07-01 00:00:00+00:00, run_after=2024-07-02 00:00:00+00:00
[2024-07-02T19:29:02.222+0000] {processor.py:183} INFO - Processing /usr/local/python/3.10.13/lib/python3.10/site-packages/airflow/example_dags/example_branch_day_of_week_operator.py took 0.092 seconds
[2024-07-02T19:30:12.266+0000] {processor.py:161} INFO - Started process (PID=14827) to work on /usr/local/python/3.10.13/lib/python3.10/site-packages/airflow/example_dags/example_branch_day_of_week_operator.py
[2024-07-02T19:30:12.267+0000] {processor.py:830} INFO - Processing file /usr/local/python/3.10.13/lib/python3.10/site-packages/airflow/example_dags/example_branch_day_of_week_operator.py for tasks to queue
[2024-07-02T19:30:12.268+0000] {logging_mixin.py:188} INFO - [2024-07-02T19:30:12.267+0000] {dagbag.py:545} INFO - Filling up the DagBag from /usr/local/python/3.10.13/lib/python3.10/site-packages/airflow/example_dags/example_branch_day_of_week_operator.py
[2024-07-02T19:30:12.274+0000] {processor.py:840} INFO - DAG(s) 'example_weekday_branch_operator' retrieved from /usr/local/python/3.10.13/lib/python3.10/site-packages/airflow/example_dags/example_branch_day_of_week_operator.py
[2024-07-02T19:30:12.286+0000] {logging_mixin.py:188} INFO - [2024-07-02T19:30:12.286+0000] {dag.py:3096} INFO - Sync 1 DAGs
[2024-07-02T19:30:12.301+0000] {logging_mixin.py:188} INFO - [2024-07-02T19:30:12.301+0000] {dag.py:3954} INFO - Setting next_dagrun for example_weekday_branch_operator to 2024-07-01 00:00:00+00:00, run_after=2024-07-02 00:00:00+00:00
[2024-07-02T19:30:12.342+0000] {processor.py:183} INFO - Processing /usr/local/python/3.10.13/lib/python3.10/site-packages/airflow/example_dags/example_branch_day_of_week_operator.py took 0.081 seconds
[2024-07-02T19:31:22.644+0000] {processor.py:161} INFO - Started process (PID=15370) to work on /usr/local/python/3.10.13/lib/python3.10/site-packages/airflow/example_dags/example_branch_day_of_week_operator.py
[2024-07-02T19:31:22.645+0000] {processor.py:830} INFO - Processing file /usr/local/python/3.10.13/lib/python3.10/site-packages/airflow/example_dags/example_branch_day_of_week_operator.py for tasks to queue
[2024-07-02T19:31:22.646+0000] {logging_mixin.py:188} INFO - [2024-07-02T19:31:22.646+0000] {dagbag.py:545} INFO - Filling up the DagBag from /usr/local/python/3.10.13/lib/python3.10/site-packages/airflow/example_dags/example_branch_day_of_week_operator.py
[2024-07-02T19:31:22.655+0000] {processor.py:840} INFO - DAG(s) 'example_weekday_branch_operator' retrieved from /usr/local/python/3.10.13/lib/python3.10/site-packages/airflow/example_dags/example_branch_day_of_week_operator.py
[2024-07-02T19:31:22.668+0000] {logging_mixin.py:188} INFO - [2024-07-02T19:31:22.668+0000] {dag.py:3096} INFO - Sync 1 DAGs
[2024-07-02T19:31:22.684+0000] {logging_mixin.py:188} INFO - [2024-07-02T19:31:22.684+0000] {dag.py:3954} INFO - Setting next_dagrun for example_weekday_branch_operator to 2024-07-01 00:00:00+00:00, run_after=2024-07-02 00:00:00+00:00
[2024-07-02T19:31:22.727+0000] {processor.py:183} INFO - Processing /usr/local/python/3.10.13/lib/python3.10/site-packages/airflow/example_dags/example_branch_day_of_week_operator.py took 0.089 seconds
[2024-07-02T19:32:31.504+0000] {processor.py:161} INFO - Started process (PID=15872) to work on /usr/local/python/3.10.13/lib/python3.10/site-packages/airflow/example_dags/example_branch_day_of_week_operator.py
[2024-07-02T19:32:31.504+0000] {processor.py:830} INFO - Processing file /usr/local/python/3.10.13/lib/python3.10/site-packages/airflow/example_dags/example_branch_day_of_week_operator.py for tasks to queue
[2024-07-02T19:32:31.505+0000] {logging_mixin.py:188} INFO - [2024-07-02T19:32:31.505+0000] {dagbag.py:545} INFO - Filling up the DagBag from /usr/local/python/3.10.13/lib/python3.10/site-packages/airflow/example_dags/example_branch_day_of_week_operator.py
[2024-07-02T19:32:31.511+0000] {processor.py:840} INFO - DAG(s) 'example_weekday_branch_operator' retrieved from /usr/local/python/3.10.13/lib/python3.10/site-packages/airflow/example_dags/example_branch_day_of_week_operator.py
[2024-07-02T19:32:31.524+0000] {logging_mixin.py:188} INFO - [2024-07-02T19:32:31.524+0000] {dag.py:3096} INFO - Sync 1 DAGs
[2024-07-02T19:32:31.540+0000] {logging_mixin.py:188} INFO - [2024-07-02T19:32:31.540+0000] {dag.py:3954} INFO - Setting next_dagrun for example_weekday_branch_operator to 2024-07-01 00:00:00+00:00, run_after=2024-07-02 00:00:00+00:00
[2024-07-02T19:32:31.578+0000] {processor.py:183} INFO - Processing /usr/local/python/3.10.13/lib/python3.10/site-packages/airflow/example_dags/example_branch_day_of_week_operator.py took 0.079 seconds
[2024-07-02T19:33:36.122+0000] {processor.py:161} INFO - Started process (PID=16450) to work on /usr/local/python/3.10.13/lib/python3.10/site-packages/airflow/example_dags/example_branch_day_of_week_operator.py
[2024-07-02T19:33:36.123+0000] {processor.py:830} INFO - Processing file /usr/local/python/3.10.13/lib/python3.10/site-packages/airflow/example_dags/example_branch_day_of_week_operator.py for tasks to queue
[2024-07-02T19:33:36.124+0000] {logging_mixin.py:188} INFO - [2024-07-02T19:33:36.123+0000] {dagbag.py:545} INFO - Filling up the DagBag from /usr/local/python/3.10.13/lib/python3.10/site-packages/airflow/example_dags/example_branch_day_of_week_operator.py
[2024-07-02T19:33:36.129+0000] {processor.py:840} INFO - DAG(s) 'example_weekday_branch_operator' retrieved from /usr/local/python/3.10.13/lib/python3.10/site-packages/airflow/example_dags/example_branch_day_of_week_operator.py
[2024-07-02T19:33:36.142+0000] {logging_mixin.py:188} INFO - [2024-07-02T19:33:36.142+0000] {dag.py:3096} INFO - Sync 1 DAGs
[2024-07-02T19:33:36.157+0000] {logging_mixin.py:188} INFO - [2024-07-02T19:33:36.157+0000] {dag.py:3954} INFO - Setting next_dagrun for example_weekday_branch_operator to 2024-07-01 00:00:00+00:00, run_after=2024-07-02 00:00:00+00:00
[2024-07-02T19:33:36.198+0000] {processor.py:183} INFO - Processing /usr/local/python/3.10.13/lib/python3.10/site-packages/airflow/example_dags/example_branch_day_of_week_operator.py took 0.081 seconds
[2024-07-02T19:34:45.720+0000] {processor.py:161} INFO - Started process (PID=17015) to work on /usr/local/python/3.10.13/lib/python3.10/site-packages/airflow/example_dags/example_branch_day_of_week_operator.py
[2024-07-02T19:34:45.720+0000] {processor.py:830} INFO - Processing file /usr/local/python/3.10.13/lib/python3.10/site-packages/airflow/example_dags/example_branch_day_of_week_operator.py for tasks to queue
[2024-07-02T19:34:45.721+0000] {logging_mixin.py:188} INFO - [2024-07-02T19:34:45.721+0000] {dagbag.py:545} INFO - Filling up the DagBag from /usr/local/python/3.10.13/lib/python3.10/site-packages/airflow/example_dags/example_branch_day_of_week_operator.py
[2024-07-02T19:34:45.727+0000] {processor.py:840} INFO - DAG(s) 'example_weekday_branch_operator' retrieved from /usr/local/python/3.10.13/lib/python3.10/site-packages/airflow/example_dags/example_branch_day_of_week_operator.py
[2024-07-02T19:34:45.740+0000] {logging_mixin.py:188} INFO - [2024-07-02T19:34:45.740+0000] {dag.py:3096} INFO - Sync 1 DAGs
[2024-07-02T19:34:45.755+0000] {logging_mixin.py:188} INFO - [2024-07-02T19:34:45.755+0000] {dag.py:3954} INFO - Setting next_dagrun for example_weekday_branch_operator to 2024-07-01 00:00:00+00:00, run_after=2024-07-02 00:00:00+00:00
[2024-07-02T19:34:45.796+0000] {processor.py:183} INFO - Processing /usr/local/python/3.10.13/lib/python3.10/site-packages/airflow/example_dags/example_branch_day_of_week_operator.py took 0.081 seconds
[2024-07-02T19:35:54.951+0000] {processor.py:161} INFO - Started process (PID=17635) to work on /usr/local/python/3.10.13/lib/python3.10/site-packages/airflow/example_dags/example_branch_day_of_week_operator.py
[2024-07-02T19:35:54.952+0000] {processor.py:830} INFO - Processing file /usr/local/python/3.10.13/lib/python3.10/site-packages/airflow/example_dags/example_branch_day_of_week_operator.py for tasks to queue
[2024-07-02T19:35:54.953+0000] {logging_mixin.py:188} INFO - [2024-07-02T19:35:54.952+0000] {dagbag.py:545} INFO - Filling up the DagBag from /usr/local/python/3.10.13/lib/python3.10/site-packages/airflow/example_dags/example_branch_day_of_week_operator.py
[2024-07-02T19:35:54.959+0000] {processor.py:840} INFO - DAG(s) 'example_weekday_branch_operator' retrieved from /usr/local/python/3.10.13/lib/python3.10/site-packages/airflow/example_dags/example_branch_day_of_week_operator.py
[2024-07-02T19:35:54.971+0000] {logging_mixin.py:188} INFO - [2024-07-02T19:35:54.971+0000] {dag.py:3096} INFO - Sync 1 DAGs
[2024-07-02T19:35:54.987+0000] {logging_mixin.py:188} INFO - [2024-07-02T19:35:54.987+0000] {dag.py:3954} INFO - Setting next_dagrun for example_weekday_branch_operator to 2024-07-01 00:00:00+00:00, run_after=2024-07-02 00:00:00+00:00
[2024-07-02T19:35:55.027+0000] {processor.py:183} INFO - Processing /usr/local/python/3.10.13/lib/python3.10/site-packages/airflow/example_dags/example_branch_day_of_week_operator.py took 0.080 seconds
[2024-07-02T19:36:53.830+0000] {processor.py:161} INFO - Started process (PID=18067) to work on /usr/local/python/3.10.13/lib/python3.10/site-packages/airflow/example_dags/example_branch_day_of_week_operator.py
[2024-07-02T19:36:53.830+0000] {processor.py:830} INFO - Processing file /usr/local/python/3.10.13/lib/python3.10/site-packages/airflow/example_dags/example_branch_day_of_week_operator.py for tasks to queue
[2024-07-02T19:36:53.831+0000] {logging_mixin.py:188} INFO - [2024-07-02T19:36:53.831+0000] {dagbag.py:545} INFO - Filling up the DagBag from /usr/local/python/3.10.13/lib/python3.10/site-packages/airflow/example_dags/example_branch_day_of_week_operator.py
[2024-07-02T19:36:53.837+0000] {processor.py:840} INFO - DAG(s) 'example_weekday_branch_operator' retrieved from /usr/local/python/3.10.13/lib/python3.10/site-packages/airflow/example_dags/example_branch_day_of_week_operator.py
[2024-07-02T19:36:53.849+0000] {logging_mixin.py:188} INFO - [2024-07-02T19:36:53.849+0000] {dag.py:3096} INFO - Sync 1 DAGs
[2024-07-02T19:36:53.865+0000] {logging_mixin.py:188} INFO - [2024-07-02T19:36:53.865+0000] {dag.py:3954} INFO - Setting next_dagrun for example_weekday_branch_operator to 2024-07-01 00:00:00+00:00, run_after=2024-07-02 00:00:00+00:00
[2024-07-02T19:36:53.905+0000] {processor.py:183} INFO - Processing /usr/local/python/3.10.13/lib/python3.10/site-packages/airflow/example_dags/example_branch_day_of_week_operator.py took 0.080 seconds
[2024-07-02T19:37:59.285+0000] {processor.py:161} INFO - Started process (PID=18549) to work on /usr/local/python/3.10.13/lib/python3.10/site-packages/airflow/example_dags/example_branch_day_of_week_operator.py
[2024-07-02T19:37:59.286+0000] {processor.py:830} INFO - Processing file /usr/local/python/3.10.13/lib/python3.10/site-packages/airflow/example_dags/example_branch_day_of_week_operator.py for tasks to queue
[2024-07-02T19:37:59.287+0000] {logging_mixin.py:188} INFO - [2024-07-02T19:37:59.286+0000] {dagbag.py:545} INFO - Filling up the DagBag from /usr/local/python/3.10.13/lib/python3.10/site-packages/airflow/example_dags/example_branch_day_of_week_operator.py
[2024-07-02T19:37:59.293+0000] {processor.py:840} INFO - DAG(s) 'example_weekday_branch_operator' retrieved from /usr/local/python/3.10.13/lib/python3.10/site-packages/airflow/example_dags/example_branch_day_of_week_operator.py
[2024-07-02T19:37:59.306+0000] {logging_mixin.py:188} INFO - [2024-07-02T19:37:59.306+0000] {dag.py:3096} INFO - Sync 1 DAGs
[2024-07-02T19:37:59.322+0000] {logging_mixin.py:188} INFO - [2024-07-02T19:37:59.321+0000] {dag.py:3954} INFO - Setting next_dagrun for example_weekday_branch_operator to 2024-07-01 00:00:00+00:00, run_after=2024-07-02 00:00:00+00:00
[2024-07-02T19:37:59.361+0000] {processor.py:183} INFO - Processing /usr/local/python/3.10.13/lib/python3.10/site-packages/airflow/example_dags/example_branch_day_of_week_operator.py took 0.081 seconds
[2024-07-02T19:39:03.393+0000] {processor.py:161} INFO - Started process (PID=18988) to work on /usr/local/python/3.10.13/lib/python3.10/site-packages/airflow/example_dags/example_branch_day_of_week_operator.py
[2024-07-02T19:39:03.393+0000] {processor.py:830} INFO - Processing file /usr/local/python/3.10.13/lib/python3.10/site-packages/airflow/example_dags/example_branch_day_of_week_operator.py for tasks to queue
[2024-07-02T19:39:03.394+0000] {logging_mixin.py:188} INFO - [2024-07-02T19:39:03.394+0000] {dagbag.py:545} INFO - Filling up the DagBag from /usr/local/python/3.10.13/lib/python3.10/site-packages/airflow/example_dags/example_branch_day_of_week_operator.py
[2024-07-02T19:39:03.401+0000] {processor.py:840} INFO - DAG(s) 'example_weekday_branch_operator' retrieved from /usr/local/python/3.10.13/lib/python3.10/site-packages/airflow/example_dags/example_branch_day_of_week_operator.py
[2024-07-02T19:39:03.417+0000] {logging_mixin.py:188} INFO - [2024-07-02T19:39:03.417+0000] {dag.py:3096} INFO - Sync 1 DAGs
[2024-07-02T19:39:03.433+0000] {logging_mixin.py:188} INFO - [2024-07-02T19:39:03.433+0000] {dag.py:3954} INFO - Setting next_dagrun for example_weekday_branch_operator to 2024-07-01 00:00:00+00:00, run_after=2024-07-02 00:00:00+00:00
[2024-07-02T19:39:03.473+0000] {processor.py:183} INFO - Processing /usr/local/python/3.10.13/lib/python3.10/site-packages/airflow/example_dags/example_branch_day_of_week_operator.py took 0.090 seconds
[2024-07-02T19:40:19.431+0000] {processor.py:161} INFO - Started process (PID=19567) to work on /usr/local/python/3.10.13/lib/python3.10/site-packages/airflow/example_dags/example_branch_day_of_week_operator.py
[2024-07-02T19:40:19.432+0000] {processor.py:830} INFO - Processing file /usr/local/python/3.10.13/lib/python3.10/site-packages/airflow/example_dags/example_branch_day_of_week_operator.py for tasks to queue
[2024-07-02T19:40:19.433+0000] {logging_mixin.py:188} INFO - [2024-07-02T19:40:19.432+0000] {dagbag.py:545} INFO - Filling up the DagBag from /usr/local/python/3.10.13/lib/python3.10/site-packages/airflow/example_dags/example_branch_day_of_week_operator.py
[2024-07-02T19:40:19.439+0000] {processor.py:840} INFO - DAG(s) 'example_weekday_branch_operator' retrieved from /usr/local/python/3.10.13/lib/python3.10/site-packages/airflow/example_dags/example_branch_day_of_week_operator.py
[2024-07-02T19:40:19.453+0000] {logging_mixin.py:188} INFO - [2024-07-02T19:40:19.453+0000] {dag.py:3096} INFO - Sync 1 DAGs
[2024-07-02T19:40:19.468+0000] {logging_mixin.py:188} INFO - [2024-07-02T19:40:19.468+0000] {dag.py:3954} INFO - Setting next_dagrun for example_weekday_branch_operator to 2024-07-01 00:00:00+00:00, run_after=2024-07-02 00:00:00+00:00
[2024-07-02T19:40:19.512+0000] {processor.py:183} INFO - Processing /usr/local/python/3.10.13/lib/python3.10/site-packages/airflow/example_dags/example_branch_day_of_week_operator.py took 0.085 seconds
[2024-07-02T19:41:11.786+0000] {processor.py:161} INFO - Started process (PID=19976) to work on /usr/local/python/3.10.13/lib/python3.10/site-packages/airflow/example_dags/example_branch_day_of_week_operator.py
[2024-07-02T19:41:11.787+0000] {processor.py:830} INFO - Processing file /usr/local/python/3.10.13/lib/python3.10/site-packages/airflow/example_dags/example_branch_day_of_week_operator.py for tasks to queue
[2024-07-02T19:41:11.788+0000] {logging_mixin.py:188} INFO - [2024-07-02T19:41:11.788+0000] {dagbag.py:545} INFO - Filling up the DagBag from /usr/local/python/3.10.13/lib/python3.10/site-packages/airflow/example_dags/example_branch_day_of_week_operator.py
[2024-07-02T19:41:11.794+0000] {processor.py:840} INFO - DAG(s) 'example_weekday_branch_operator' retrieved from /usr/local/python/3.10.13/lib/python3.10/site-packages/airflow/example_dags/example_branch_day_of_week_operator.py
[2024-07-02T19:41:11.806+0000] {logging_mixin.py:188} INFO - [2024-07-02T19:41:11.806+0000] {dag.py:3096} INFO - Sync 1 DAGs
[2024-07-02T19:41:11.823+0000] {logging_mixin.py:188} INFO - [2024-07-02T19:41:11.822+0000] {dag.py:3954} INFO - Setting next_dagrun for example_weekday_branch_operator to 2024-07-01 00:00:00+00:00, run_after=2024-07-02 00:00:00+00:00
[2024-07-02T19:41:11.861+0000] {processor.py:183} INFO - Processing /usr/local/python/3.10.13/lib/python3.10/site-packages/airflow/example_dags/example_branch_day_of_week_operator.py took 0.079 seconds
[2024-07-02T19:42:13.945+0000] {processor.py:161} INFO - Started process (PID=20458) to work on /usr/local/python/3.10.13/lib/python3.10/site-packages/airflow/example_dags/example_branch_day_of_week_operator.py
[2024-07-02T19:42:13.946+0000] {processor.py:830} INFO - Processing file /usr/local/python/3.10.13/lib/python3.10/site-packages/airflow/example_dags/example_branch_day_of_week_operator.py for tasks to queue
[2024-07-02T19:42:13.947+0000] {logging_mixin.py:188} INFO - [2024-07-02T19:42:13.946+0000] {dagbag.py:545} INFO - Filling up the DagBag from /usr/local/python/3.10.13/lib/python3.10/site-packages/airflow/example_dags/example_branch_day_of_week_operator.py
[2024-07-02T19:42:13.953+0000] {processor.py:840} INFO - DAG(s) 'example_weekday_branch_operator' retrieved from /usr/local/python/3.10.13/lib/python3.10/site-packages/airflow/example_dags/example_branch_day_of_week_operator.py
[2024-07-02T19:42:13.965+0000] {logging_mixin.py:188} INFO - [2024-07-02T19:42:13.965+0000] {dag.py:3096} INFO - Sync 1 DAGs
[2024-07-02T19:42:13.981+0000] {logging_mixin.py:188} INFO - [2024-07-02T19:42:13.981+0000] {dag.py:3954} INFO - Setting next_dagrun for example_weekday_branch_operator to 2024-07-01 00:00:00+00:00, run_after=2024-07-02 00:00:00+00:00
[2024-07-02T19:42:14.024+0000] {processor.py:183} INFO - Processing /usr/local/python/3.10.13/lib/python3.10/site-packages/airflow/example_dags/example_branch_day_of_week_operator.py took 0.083 seconds
[2024-07-02T19:43:24.900+0000] {processor.py:161} INFO - Started process (PID=21053) to work on /usr/local/python/3.10.13/lib/python3.10/site-packages/airflow/example_dags/example_branch_day_of_week_operator.py
[2024-07-02T19:43:24.901+0000] {processor.py:830} INFO - Processing file /usr/local/python/3.10.13/lib/python3.10/site-packages/airflow/example_dags/example_branch_day_of_week_operator.py for tasks to queue
[2024-07-02T19:43:24.901+0000] {logging_mixin.py:188} INFO - [2024-07-02T19:43:24.901+0000] {dagbag.py:545} INFO - Filling up the DagBag from /usr/local/python/3.10.13/lib/python3.10/site-packages/airflow/example_dags/example_branch_day_of_week_operator.py
[2024-07-02T19:43:24.907+0000] {processor.py:840} INFO - DAG(s) 'example_weekday_branch_operator' retrieved from /usr/local/python/3.10.13/lib/python3.10/site-packages/airflow/example_dags/example_branch_day_of_week_operator.py
[2024-07-02T19:43:24.920+0000] {logging_mixin.py:188} INFO - [2024-07-02T19:43:24.920+0000] {dag.py:3096} INFO - Sync 1 DAGs
[2024-07-02T19:43:24.935+0000] {logging_mixin.py:188} INFO - [2024-07-02T19:43:24.935+0000] {dag.py:3954} INFO - Setting next_dagrun for example_weekday_branch_operator to 2024-07-01 00:00:00+00:00, run_after=2024-07-02 00:00:00+00:00
[2024-07-02T19:43:24.975+0000] {processor.py:183} INFO - Processing /usr/local/python/3.10.13/lib/python3.10/site-packages/airflow/example_dags/example_branch_day_of_week_operator.py took 0.079 seconds
[2024-07-02T19:44:17.782+0000] {processor.py:161} INFO - Started process (PID=21449) to work on /usr/local/python/3.10.13/lib/python3.10/site-packages/airflow/example_dags/example_branch_day_of_week_operator.py
[2024-07-02T19:44:17.782+0000] {processor.py:830} INFO - Processing file /usr/local/python/3.10.13/lib/python3.10/site-packages/airflow/example_dags/example_branch_day_of_week_operator.py for tasks to queue
[2024-07-02T19:44:17.783+0000] {logging_mixin.py:188} INFO - [2024-07-02T19:44:17.783+0000] {dagbag.py:545} INFO - Filling up the DagBag from /usr/local/python/3.10.13/lib/python3.10/site-packages/airflow/example_dags/example_branch_day_of_week_operator.py
[2024-07-02T19:44:17.789+0000] {processor.py:840} INFO - DAG(s) 'example_weekday_branch_operator' retrieved from /usr/local/python/3.10.13/lib/python3.10/site-packages/airflow/example_dags/example_branch_day_of_week_operator.py
[2024-07-02T19:44:17.801+0000] {logging_mixin.py:188} INFO - [2024-07-02T19:44:17.801+0000] {dag.py:3096} INFO - Sync 1 DAGs
[2024-07-02T19:44:17.817+0000] {logging_mixin.py:188} INFO - [2024-07-02T19:44:17.816+0000] {dag.py:3954} INFO - Setting next_dagrun for example_weekday_branch_operator to 2024-07-01 00:00:00+00:00, run_after=2024-07-02 00:00:00+00:00
[2024-07-02T19:44:17.858+0000] {processor.py:183} INFO - Processing /usr/local/python/3.10.13/lib/python3.10/site-packages/airflow/example_dags/example_branch_day_of_week_operator.py took 0.081 seconds
[2024-07-02T19:45:20.034+0000] {processor.py:161} INFO - Started process (PID=21910) to work on /usr/local/python/3.10.13/lib/python3.10/site-packages/airflow/example_dags/example_branch_day_of_week_operator.py
[2024-07-02T19:45:20.035+0000] {processor.py:830} INFO - Processing file /usr/local/python/3.10.13/lib/python3.10/site-packages/airflow/example_dags/example_branch_day_of_week_operator.py for tasks to queue
[2024-07-02T19:45:20.035+0000] {logging_mixin.py:188} INFO - [2024-07-02T19:45:20.035+0000] {dagbag.py:545} INFO - Filling up the DagBag from /usr/local/python/3.10.13/lib/python3.10/site-packages/airflow/example_dags/example_branch_day_of_week_operator.py
[2024-07-02T19:45:20.041+0000] {processor.py:840} INFO - DAG(s) 'example_weekday_branch_operator' retrieved from /usr/local/python/3.10.13/lib/python3.10/site-packages/airflow/example_dags/example_branch_day_of_week_operator.py
[2024-07-02T19:45:20.054+0000] {logging_mixin.py:188} INFO - [2024-07-02T19:45:20.054+0000] {dag.py:3096} INFO - Sync 1 DAGs
[2024-07-02T19:45:20.070+0000] {logging_mixin.py:188} INFO - [2024-07-02T19:45:20.070+0000] {dag.py:3954} INFO - Setting next_dagrun for example_weekday_branch_operator to 2024-07-01 00:00:00+00:00, run_after=2024-07-02 00:00:00+00:00
[2024-07-02T19:45:20.112+0000] {processor.py:183} INFO - Processing /usr/local/python/3.10.13/lib/python3.10/site-packages/airflow/example_dags/example_branch_day_of_week_operator.py took 0.083 seconds
[2024-07-02T19:46:23.312+0000] {processor.py:161} INFO - Started process (PID=22351) to work on /usr/local/python/3.10.13/lib/python3.10/site-packages/airflow/example_dags/example_branch_day_of_week_operator.py
[2024-07-02T19:46:23.312+0000] {processor.py:830} INFO - Processing file /usr/local/python/3.10.13/lib/python3.10/site-packages/airflow/example_dags/example_branch_day_of_week_operator.py for tasks to queue
[2024-07-02T19:46:23.313+0000] {logging_mixin.py:188} INFO - [2024-07-02T19:46:23.313+0000] {dagbag.py:545} INFO - Filling up the DagBag from /usr/local/python/3.10.13/lib/python3.10/site-packages/airflow/example_dags/example_branch_day_of_week_operator.py
[2024-07-02T19:46:23.319+0000] {processor.py:840} INFO - DAG(s) 'example_weekday_branch_operator' retrieved from /usr/local/python/3.10.13/lib/python3.10/site-packages/airflow/example_dags/example_branch_day_of_week_operator.py
[2024-07-02T19:46:23.331+0000] {logging_mixin.py:188} INFO - [2024-07-02T19:46:23.331+0000] {dag.py:3096} INFO - Sync 1 DAGs
[2024-07-02T19:46:23.346+0000] {logging_mixin.py:188} INFO - [2024-07-02T19:46:23.346+0000] {dag.py:3954} INFO - Setting next_dagrun for example_weekday_branch_operator to 2024-07-01 00:00:00+00:00, run_after=2024-07-02 00:00:00+00:00
[2024-07-02T19:46:23.387+0000] {processor.py:183} INFO - Processing /usr/local/python/3.10.13/lib/python3.10/site-packages/airflow/example_dags/example_branch_day_of_week_operator.py took 0.080 seconds
[2024-07-02T19:47:35.598+0000] {processor.py:161} INFO - Started process (PID=22847) to work on /usr/local/python/3.10.13/lib/python3.10/site-packages/airflow/example_dags/example_branch_day_of_week_operator.py
[2024-07-02T19:47:35.599+0000] {processor.py:830} INFO - Processing file /usr/local/python/3.10.13/lib/python3.10/site-packages/airflow/example_dags/example_branch_day_of_week_operator.py for tasks to queue
[2024-07-02T19:47:35.600+0000] {logging_mixin.py:188} INFO - [2024-07-02T19:47:35.600+0000] {dagbag.py:545} INFO - Filling up the DagBag from /usr/local/python/3.10.13/lib/python3.10/site-packages/airflow/example_dags/example_branch_day_of_week_operator.py
[2024-07-02T19:47:35.606+0000] {processor.py:840} INFO - DAG(s) 'example_weekday_branch_operator' retrieved from /usr/local/python/3.10.13/lib/python3.10/site-packages/airflow/example_dags/example_branch_day_of_week_operator.py
[2024-07-02T19:47:35.618+0000] {logging_mixin.py:188} INFO - [2024-07-02T19:47:35.618+0000] {dag.py:3096} INFO - Sync 1 DAGs
[2024-07-02T19:47:35.634+0000] {logging_mixin.py:188} INFO - [2024-07-02T19:47:35.633+0000] {dag.py:3954} INFO - Setting next_dagrun for example_weekday_branch_operator to 2024-07-01 00:00:00+00:00, run_after=2024-07-02 00:00:00+00:00
[2024-07-02T19:47:35.674+0000] {processor.py:183} INFO - Processing /usr/local/python/3.10.13/lib/python3.10/site-packages/airflow/example_dags/example_branch_day_of_week_operator.py took 0.080 seconds
[2024-07-02T19:48:36.880+0000] {processor.py:161} INFO - Started process (PID=23286) to work on /usr/local/python/3.10.13/lib/python3.10/site-packages/airflow/example_dags/example_branch_day_of_week_operator.py
[2024-07-02T19:48:36.880+0000] {processor.py:830} INFO - Processing file /usr/local/python/3.10.13/lib/python3.10/site-packages/airflow/example_dags/example_branch_day_of_week_operator.py for tasks to queue
[2024-07-02T19:48:36.881+0000] {logging_mixin.py:188} INFO - [2024-07-02T19:48:36.881+0000] {dagbag.py:545} INFO - Filling up the DagBag from /usr/local/python/3.10.13/lib/python3.10/site-packages/airflow/example_dags/example_branch_day_of_week_operator.py
[2024-07-02T19:48:36.887+0000] {processor.py:840} INFO - DAG(s) 'example_weekday_branch_operator' retrieved from /usr/local/python/3.10.13/lib/python3.10/site-packages/airflow/example_dags/example_branch_day_of_week_operator.py
[2024-07-02T19:48:36.899+0000] {logging_mixin.py:188} INFO - [2024-07-02T19:48:36.899+0000] {dag.py:3096} INFO - Sync 1 DAGs
[2024-07-02T19:48:36.916+0000] {logging_mixin.py:188} INFO - [2024-07-02T19:48:36.915+0000] {dag.py:3954} INFO - Setting next_dagrun for example_weekday_branch_operator to 2024-07-01 00:00:00+00:00, run_after=2024-07-02 00:00:00+00:00
[2024-07-02T19:48:36.955+0000] {processor.py:183} INFO - Processing /usr/local/python/3.10.13/lib/python3.10/site-packages/airflow/example_dags/example_branch_day_of_week_operator.py took 0.080 seconds
[2024-07-02T19:49:43.920+0000] {processor.py:161} INFO - Started process (PID=23803) to work on /usr/local/python/3.10.13/lib/python3.10/site-packages/airflow/example_dags/example_branch_day_of_week_operator.py
[2024-07-02T19:49:43.921+0000] {processor.py:830} INFO - Processing file /usr/local/python/3.10.13/lib/python3.10/site-packages/airflow/example_dags/example_branch_day_of_week_operator.py for tasks to queue
[2024-07-02T19:49:43.921+0000] {logging_mixin.py:188} INFO - [2024-07-02T19:49:43.921+0000] {dagbag.py:545} INFO - Filling up the DagBag from /usr/local/python/3.10.13/lib/python3.10/site-packages/airflow/example_dags/example_branch_day_of_week_operator.py
[2024-07-02T19:49:43.927+0000] {processor.py:840} INFO - DAG(s) 'example_weekday_branch_operator' retrieved from /usr/local/python/3.10.13/lib/python3.10/site-packages/airflow/example_dags/example_branch_day_of_week_operator.py
[2024-07-02T19:49:43.939+0000] {logging_mixin.py:188} INFO - [2024-07-02T19:49:43.939+0000] {dag.py:3096} INFO - Sync 1 DAGs
[2024-07-02T19:49:43.956+0000] {logging_mixin.py:188} INFO - [2024-07-02T19:49:43.956+0000] {dag.py:3954} INFO - Setting next_dagrun for example_weekday_branch_operator to 2024-07-01 00:00:00+00:00, run_after=2024-07-02 00:00:00+00:00
[2024-07-02T19:49:43.995+0000] {processor.py:183} INFO - Processing /usr/local/python/3.10.13/lib/python3.10/site-packages/airflow/example_dags/example_branch_day_of_week_operator.py took 0.080 seconds
[2024-07-02T19:50:50.362+0000] {processor.py:161} INFO - Started process (PID=24294) to work on /usr/local/python/3.10.13/lib/python3.10/site-packages/airflow/example_dags/example_branch_day_of_week_operator.py
[2024-07-02T19:50:50.363+0000] {processor.py:830} INFO - Processing file /usr/local/python/3.10.13/lib/python3.10/site-packages/airflow/example_dags/example_branch_day_of_week_operator.py for tasks to queue
[2024-07-02T19:50:50.363+0000] {logging_mixin.py:188} INFO - [2024-07-02T19:50:50.363+0000] {dagbag.py:545} INFO - Filling up the DagBag from /usr/local/python/3.10.13/lib/python3.10/site-packages/airflow/example_dags/example_branch_day_of_week_operator.py
[2024-07-02T19:50:50.369+0000] {processor.py:840} INFO - DAG(s) 'example_weekday_branch_operator' retrieved from /usr/local/python/3.10.13/lib/python3.10/site-packages/airflow/example_dags/example_branch_day_of_week_operator.py
[2024-07-02T19:50:50.381+0000] {logging_mixin.py:188} INFO - [2024-07-02T19:50:50.381+0000] {dag.py:3096} INFO - Sync 1 DAGs
[2024-07-02T19:50:50.397+0000] {logging_mixin.py:188} INFO - [2024-07-02T19:50:50.397+0000] {dag.py:3954} INFO - Setting next_dagrun for example_weekday_branch_operator to 2024-07-01 00:00:00+00:00, run_after=2024-07-02 00:00:00+00:00
[2024-07-02T19:50:50.437+0000] {processor.py:183} INFO - Processing /usr/local/python/3.10.13/lib/python3.10/site-packages/airflow/example_dags/example_branch_day_of_week_operator.py took 0.079 seconds
[2024-07-02T19:51:57.814+0000] {processor.py:161} INFO - Started process (PID=24815) to work on /usr/local/python/3.10.13/lib/python3.10/site-packages/airflow/example_dags/example_branch_day_of_week_operator.py
[2024-07-02T19:51:57.814+0000] {processor.py:830} INFO - Processing file /usr/local/python/3.10.13/lib/python3.10/site-packages/airflow/example_dags/example_branch_day_of_week_operator.py for tasks to queue
[2024-07-02T19:51:57.815+0000] {logging_mixin.py:188} INFO - [2024-07-02T19:51:57.815+0000] {dagbag.py:545} INFO - Filling up the DagBag from /usr/local/python/3.10.13/lib/python3.10/site-packages/airflow/example_dags/example_branch_day_of_week_operator.py
[2024-07-02T19:51:57.821+0000] {processor.py:840} INFO - DAG(s) 'example_weekday_branch_operator' retrieved from /usr/local/python/3.10.13/lib/python3.10/site-packages/airflow/example_dags/example_branch_day_of_week_operator.py
[2024-07-02T19:51:57.833+0000] {logging_mixin.py:188} INFO - [2024-07-02T19:51:57.833+0000] {dag.py:3096} INFO - Sync 1 DAGs
[2024-07-02T19:51:57.848+0000] {logging_mixin.py:188} INFO - [2024-07-02T19:51:57.848+0000] {dag.py:3954} INFO - Setting next_dagrun for example_weekday_branch_operator to 2024-07-01 00:00:00+00:00, run_after=2024-07-02 00:00:00+00:00
[2024-07-02T19:51:57.890+0000] {processor.py:183} INFO - Processing /usr/local/python/3.10.13/lib/python3.10/site-packages/airflow/example_dags/example_branch_day_of_week_operator.py took 0.081 seconds
[2024-07-02T19:53:05.199+0000] {processor.py:161} INFO - Started process (PID=25328) to work on /usr/local/python/3.10.13/lib/python3.10/site-packages/airflow/example_dags/example_branch_day_of_week_operator.py
[2024-07-02T19:53:05.200+0000] {processor.py:830} INFO - Processing file /usr/local/python/3.10.13/lib/python3.10/site-packages/airflow/example_dags/example_branch_day_of_week_operator.py for tasks to queue
[2024-07-02T19:53:05.200+0000] {logging_mixin.py:188} INFO - [2024-07-02T19:53:05.200+0000] {dagbag.py:545} INFO - Filling up the DagBag from /usr/local/python/3.10.13/lib/python3.10/site-packages/airflow/example_dags/example_branch_day_of_week_operator.py
[2024-07-02T19:53:05.207+0000] {processor.py:840} INFO - DAG(s) 'example_weekday_branch_operator' retrieved from /usr/local/python/3.10.13/lib/python3.10/site-packages/airflow/example_dags/example_branch_day_of_week_operator.py
[2024-07-02T19:53:05.220+0000] {logging_mixin.py:188} INFO - [2024-07-02T19:53:05.220+0000] {dag.py:3096} INFO - Sync 1 DAGs
[2024-07-02T19:53:05.236+0000] {logging_mixin.py:188} INFO - [2024-07-02T19:53:05.236+0000] {dag.py:3954} INFO - Setting next_dagrun for example_weekday_branch_operator to 2024-07-01 00:00:00+00:00, run_after=2024-07-02 00:00:00+00:00
[2024-07-02T19:53:05.278+0000] {processor.py:183} INFO - Processing /usr/local/python/3.10.13/lib/python3.10/site-packages/airflow/example_dags/example_branch_day_of_week_operator.py took 0.084 seconds
[2024-07-02T19:54:11.210+0000] {processor.py:161} INFO - Started process (PID=25817) to work on /usr/local/python/3.10.13/lib/python3.10/site-packages/airflow/example_dags/example_branch_day_of_week_operator.py
[2024-07-02T19:54:11.211+0000] {processor.py:830} INFO - Processing file /usr/local/python/3.10.13/lib/python3.10/site-packages/airflow/example_dags/example_branch_day_of_week_operator.py for tasks to queue
[2024-07-02T19:54:11.211+0000] {logging_mixin.py:188} INFO - [2024-07-02T19:54:11.211+0000] {dagbag.py:545} INFO - Filling up the DagBag from /usr/local/python/3.10.13/lib/python3.10/site-packages/airflow/example_dags/example_branch_day_of_week_operator.py
[2024-07-02T19:54:11.217+0000] {processor.py:840} INFO - DAG(s) 'example_weekday_branch_operator' retrieved from /usr/local/python/3.10.13/lib/python3.10/site-packages/airflow/example_dags/example_branch_day_of_week_operator.py
[2024-07-02T19:54:11.230+0000] {logging_mixin.py:188} INFO - [2024-07-02T19:54:11.230+0000] {dag.py:3096} INFO - Sync 1 DAGs
[2024-07-02T19:54:11.246+0000] {logging_mixin.py:188} INFO - [2024-07-02T19:54:11.246+0000] {dag.py:3954} INFO - Setting next_dagrun for example_weekday_branch_operator to 2024-07-01 00:00:00+00:00, run_after=2024-07-02 00:00:00+00:00
[2024-07-02T19:54:11.284+0000] {processor.py:183} INFO - Processing /usr/local/python/3.10.13/lib/python3.10/site-packages/airflow/example_dags/example_branch_day_of_week_operator.py took 0.080 seconds
[2024-07-02T19:55:15.329+0000] {processor.py:161} INFO - Started process (PID=26304) to work on /usr/local/python/3.10.13/lib/python3.10/site-packages/airflow/example_dags/example_branch_day_of_week_operator.py
[2024-07-02T19:55:15.329+0000] {processor.py:830} INFO - Processing file /usr/local/python/3.10.13/lib/python3.10/site-packages/airflow/example_dags/example_branch_day_of_week_operator.py for tasks to queue
[2024-07-02T19:55:15.330+0000] {logging_mixin.py:188} INFO - [2024-07-02T19:55:15.330+0000] {dagbag.py:545} INFO - Filling up the DagBag from /usr/local/python/3.10.13/lib/python3.10/site-packages/airflow/example_dags/example_branch_day_of_week_operator.py
[2024-07-02T19:55:15.336+0000] {processor.py:840} INFO - DAG(s) 'example_weekday_branch_operator' retrieved from /usr/local/python/3.10.13/lib/python3.10/site-packages/airflow/example_dags/example_branch_day_of_week_operator.py
[2024-07-02T19:55:15.348+0000] {logging_mixin.py:188} INFO - [2024-07-02T19:55:15.348+0000] {dag.py:3096} INFO - Sync 1 DAGs
[2024-07-02T19:55:15.372+0000] {logging_mixin.py:188} INFO - [2024-07-02T19:55:15.372+0000] {dag.py:3954} INFO - Setting next_dagrun for example_weekday_branch_operator to 2024-07-01 00:00:00+00:00, run_after=2024-07-02 00:00:00+00:00
[2024-07-02T19:55:15.419+0000] {processor.py:183} INFO - Processing /usr/local/python/3.10.13/lib/python3.10/site-packages/airflow/example_dags/example_branch_day_of_week_operator.py took 0.095 seconds
[2024-07-02T19:56:22.926+0000] {processor.py:161} INFO - Started process (PID=26906) to work on /usr/local/python/3.10.13/lib/python3.10/site-packages/airflow/example_dags/example_branch_day_of_week_operator.py
[2024-07-02T19:56:22.926+0000] {processor.py:830} INFO - Processing file /usr/local/python/3.10.13/lib/python3.10/site-packages/airflow/example_dags/example_branch_day_of_week_operator.py for tasks to queue
[2024-07-02T19:56:22.927+0000] {logging_mixin.py:188} INFO - [2024-07-02T19:56:22.927+0000] {dagbag.py:545} INFO - Filling up the DagBag from /usr/local/python/3.10.13/lib/python3.10/site-packages/airflow/example_dags/example_branch_day_of_week_operator.py
[2024-07-02T19:56:22.933+0000] {processor.py:840} INFO - DAG(s) 'example_weekday_branch_operator' retrieved from /usr/local/python/3.10.13/lib/python3.10/site-packages/airflow/example_dags/example_branch_day_of_week_operator.py
[2024-07-02T19:56:22.945+0000] {logging_mixin.py:188} INFO - [2024-07-02T19:56:22.945+0000] {dag.py:3096} INFO - Sync 1 DAGs
[2024-07-02T19:56:22.961+0000] {logging_mixin.py:188} INFO - [2024-07-02T19:56:22.961+0000] {dag.py:3954} INFO - Setting next_dagrun for example_weekday_branch_operator to 2024-07-01 00:00:00+00:00, run_after=2024-07-02 00:00:00+00:00
[2024-07-02T19:56:23.013+0000] {processor.py:183} INFO - Processing /usr/local/python/3.10.13/lib/python3.10/site-packages/airflow/example_dags/example_branch_day_of_week_operator.py took 0.092 seconds
