[2024-07-02T19:09:13.913+0000] {processor.py:161} INFO - Started process (PID=4783) to work on /usr/local/python/3.10.13/lib/python3.10/site-packages/airflow/example_dags/example_time_delta_sensor_async.py
[2024-07-02T19:09:13.914+0000] {processor.py:830} INFO - Processing file /usr/local/python/3.10.13/lib/python3.10/site-packages/airflow/example_dags/example_time_delta_sensor_async.py for tasks to queue
[2024-07-02T19:09:13.915+0000] {logging_mixin.py:188} INFO - [2024-07-02T19:09:13.915+0000] {dagbag.py:545} INFO - Filling up the DagBag from /usr/local/python/3.10.13/lib/python3.10/site-packages/airflow/example_dags/example_time_delta_sensor_async.py
[2024-07-02T19:09:13.920+0000] {processor.py:840} INFO - DAG(s) 'example_time_delta_sensor_async' retrieved from /usr/local/python/3.10.13/lib/python3.10/site-packages/airflow/example_dags/example_time_delta_sensor_async.py
[2024-07-02T19:09:14.074+0000] {logging_mixin.py:188} INFO - [2024-07-02T19:09:14.072+0000] {override.py:1829} INFO - Created Permission View: can read on DAG:example_time_delta_sensor_async
[2024-07-02T19:09:14.178+0000] {logging_mixin.py:188} INFO - [2024-07-02T19:09:14.178+0000] {override.py:1829} INFO - Created Permission View: can delete on DAG:example_time_delta_sensor_async
[2024-07-02T19:09:14.210+0000] {logging_mixin.py:188} INFO - [2024-07-02T19:09:14.210+0000] {override.py:1829} INFO - Created Permission View: can edit on DAG:example_time_delta_sensor_async
[2024-07-02T19:09:14.210+0000] {logging_mixin.py:188} INFO - [2024-07-02T19:09:14.210+0000] {dag.py:3096} INFO - Sync 1 DAGs
[2024-07-02T19:09:14.218+0000] {logging_mixin.py:188} INFO - [2024-07-02T19:09:14.217+0000] {dag.py:3118} INFO - Creating ORM DAG for example_time_delta_sensor_async
[2024-07-02T19:09:14.218+0000] {logging_mixin.py:188} INFO - [2024-07-02T19:09:14.218+0000] {dag.py:3954} INFO - Setting next_dagrun for example_time_delta_sensor_async to None, run_after=None
[2024-07-02T19:09:14.258+0000] {processor.py:183} INFO - Processing /usr/local/python/3.10.13/lib/python3.10/site-packages/airflow/example_dags/example_time_delta_sensor_async.py took 0.349 seconds
[2024-07-02T19:10:09.283+0000] {processor.py:161} INFO - Started process (PID=5472) to work on /usr/local/python/3.10.13/lib/python3.10/site-packages/airflow/example_dags/example_time_delta_sensor_async.py
[2024-07-02T19:10:09.284+0000] {processor.py:830} INFO - Processing file /usr/local/python/3.10.13/lib/python3.10/site-packages/airflow/example_dags/example_time_delta_sensor_async.py for tasks to queue
[2024-07-02T19:10:09.285+0000] {logging_mixin.py:188} INFO - [2024-07-02T19:10:09.285+0000] {dagbag.py:545} INFO - Filling up the DagBag from /usr/local/python/3.10.13/lib/python3.10/site-packages/airflow/example_dags/example_time_delta_sensor_async.py
[2024-07-02T19:10:09.290+0000] {processor.py:840} INFO - DAG(s) 'example_time_delta_sensor_async' retrieved from /usr/local/python/3.10.13/lib/python3.10/site-packages/airflow/example_dags/example_time_delta_sensor_async.py
[2024-07-02T19:10:09.306+0000] {logging_mixin.py:188} INFO - [2024-07-02T19:10:09.306+0000] {dag.py:3096} INFO - Sync 1 DAGs
[2024-07-02T19:10:09.315+0000] {logging_mixin.py:188} INFO - [2024-07-02T19:10:09.315+0000] {dag.py:3954} INFO - Setting next_dagrun for example_time_delta_sensor_async to None, run_after=None
[2024-07-02T19:10:09.356+0000] {processor.py:183} INFO - Processing /usr/local/python/3.10.13/lib/python3.10/site-packages/airflow/example_dags/example_time_delta_sensor_async.py took 0.076 seconds
[2024-07-02T19:11:13.503+0000] {processor.py:161} INFO - Started process (PID=5974) to work on /usr/local/python/3.10.13/lib/python3.10/site-packages/airflow/example_dags/example_time_delta_sensor_async.py
[2024-07-02T19:11:13.503+0000] {processor.py:830} INFO - Processing file /usr/local/python/3.10.13/lib/python3.10/site-packages/airflow/example_dags/example_time_delta_sensor_async.py for tasks to queue
[2024-07-02T19:11:13.504+0000] {logging_mixin.py:188} INFO - [2024-07-02T19:11:13.504+0000] {dagbag.py:545} INFO - Filling up the DagBag from /usr/local/python/3.10.13/lib/python3.10/site-packages/airflow/example_dags/example_time_delta_sensor_async.py
[2024-07-02T19:11:13.508+0000] {processor.py:840} INFO - DAG(s) 'example_time_delta_sensor_async' retrieved from /usr/local/python/3.10.13/lib/python3.10/site-packages/airflow/example_dags/example_time_delta_sensor_async.py
[2024-07-02T19:11:13.519+0000] {logging_mixin.py:188} INFO - [2024-07-02T19:11:13.519+0000] {dag.py:3096} INFO - Sync 1 DAGs
[2024-07-02T19:11:13.528+0000] {logging_mixin.py:188} INFO - [2024-07-02T19:11:13.528+0000] {dag.py:3954} INFO - Setting next_dagrun for example_time_delta_sensor_async to None, run_after=None
[2024-07-02T19:11:13.572+0000] {processor.py:183} INFO - Processing /usr/local/python/3.10.13/lib/python3.10/site-packages/airflow/example_dags/example_time_delta_sensor_async.py took 0.074 seconds
[2024-07-02T19:12:04.982+0000] {processor.py:161} INFO - Started process (PID=6361) to work on /usr/local/python/3.10.13/lib/python3.10/site-packages/airflow/example_dags/example_time_delta_sensor_async.py
[2024-07-02T19:12:04.983+0000] {processor.py:830} INFO - Processing file /usr/local/python/3.10.13/lib/python3.10/site-packages/airflow/example_dags/example_time_delta_sensor_async.py for tasks to queue
[2024-07-02T19:12:04.985+0000] {logging_mixin.py:188} INFO - [2024-07-02T19:12:04.984+0000] {dagbag.py:545} INFO - Filling up the DagBag from /usr/local/python/3.10.13/lib/python3.10/site-packages/airflow/example_dags/example_time_delta_sensor_async.py
[2024-07-02T19:12:04.990+0000] {processor.py:840} INFO - DAG(s) 'example_time_delta_sensor_async' retrieved from /usr/local/python/3.10.13/lib/python3.10/site-packages/airflow/example_dags/example_time_delta_sensor_async.py
[2024-07-02T19:12:05.005+0000] {logging_mixin.py:188} INFO - [2024-07-02T19:12:05.005+0000] {dag.py:3096} INFO - Sync 1 DAGs
[2024-07-02T19:12:05.016+0000] {logging_mixin.py:188} INFO - [2024-07-02T19:12:05.016+0000] {dag.py:3954} INFO - Setting next_dagrun for example_time_delta_sensor_async to None, run_after=None
[2024-07-02T19:12:05.058+0000] {processor.py:183} INFO - Processing /usr/local/python/3.10.13/lib/python3.10/site-packages/airflow/example_dags/example_time_delta_sensor_async.py took 0.082 seconds
[2024-07-02T19:12:45.334+0000] {processor.py:161} INFO - Started process (PID=6673) to work on /usr/local/python/3.10.13/lib/python3.10/site-packages/airflow/example_dags/example_time_delta_sensor_async.py
[2024-07-02T19:12:45.335+0000] {processor.py:830} INFO - Processing file /usr/local/python/3.10.13/lib/python3.10/site-packages/airflow/example_dags/example_time_delta_sensor_async.py for tasks to queue
[2024-07-02T19:12:45.336+0000] {logging_mixin.py:188} INFO - [2024-07-02T19:12:45.336+0000] {dagbag.py:545} INFO - Filling up the DagBag from /usr/local/python/3.10.13/lib/python3.10/site-packages/airflow/example_dags/example_time_delta_sensor_async.py
[2024-07-02T19:12:45.340+0000] {processor.py:840} INFO - DAG(s) 'example_time_delta_sensor_async' retrieved from /usr/local/python/3.10.13/lib/python3.10/site-packages/airflow/example_dags/example_time_delta_sensor_async.py
[2024-07-02T19:12:45.357+0000] {logging_mixin.py:188} INFO - [2024-07-02T19:12:45.357+0000] {dag.py:3096} INFO - Sync 1 DAGs
[2024-07-02T19:12:45.370+0000] {logging_mixin.py:188} INFO - [2024-07-02T19:12:45.370+0000] {dag.py:3954} INFO - Setting next_dagrun for example_time_delta_sensor_async to None, run_after=None
[2024-07-02T19:12:45.424+0000] {processor.py:183} INFO - Processing /usr/local/python/3.10.13/lib/python3.10/site-packages/airflow/example_dags/example_time_delta_sensor_async.py took 0.094 seconds
[2024-07-02T19:13:26.925+0000] {processor.py:161} INFO - Started process (PID=6979) to work on /usr/local/python/3.10.13/lib/python3.10/site-packages/airflow/example_dags/example_time_delta_sensor_async.py
[2024-07-02T19:13:26.926+0000] {processor.py:830} INFO - Processing file /usr/local/python/3.10.13/lib/python3.10/site-packages/airflow/example_dags/example_time_delta_sensor_async.py for tasks to queue
[2024-07-02T19:13:26.927+0000] {logging_mixin.py:188} INFO - [2024-07-02T19:13:26.927+0000] {dagbag.py:545} INFO - Filling up the DagBag from /usr/local/python/3.10.13/lib/python3.10/site-packages/airflow/example_dags/example_time_delta_sensor_async.py
[2024-07-02T19:13:26.931+0000] {processor.py:840} INFO - DAG(s) 'example_time_delta_sensor_async' retrieved from /usr/local/python/3.10.13/lib/python3.10/site-packages/airflow/example_dags/example_time_delta_sensor_async.py
[2024-07-02T19:13:26.942+0000] {logging_mixin.py:188} INFO - [2024-07-02T19:13:26.942+0000] {dag.py:3096} INFO - Sync 1 DAGs
[2024-07-02T19:13:26.950+0000] {logging_mixin.py:188} INFO - [2024-07-02T19:13:26.950+0000] {dag.py:3954} INFO - Setting next_dagrun for example_time_delta_sensor_async to None, run_after=None
[2024-07-02T19:13:26.995+0000] {processor.py:183} INFO - Processing /usr/local/python/3.10.13/lib/python3.10/site-packages/airflow/example_dags/example_time_delta_sensor_async.py took 0.074 seconds
[2024-07-02T19:14:08.197+0000] {processor.py:161} INFO - Started process (PID=7300) to work on /usr/local/python/3.10.13/lib/python3.10/site-packages/airflow/example_dags/example_time_delta_sensor_async.py
[2024-07-02T19:14:08.199+0000] {processor.py:830} INFO - Processing file /usr/local/python/3.10.13/lib/python3.10/site-packages/airflow/example_dags/example_time_delta_sensor_async.py for tasks to queue
[2024-07-02T19:14:08.200+0000] {logging_mixin.py:188} INFO - [2024-07-02T19:14:08.200+0000] {dagbag.py:545} INFO - Filling up the DagBag from /usr/local/python/3.10.13/lib/python3.10/site-packages/airflow/example_dags/example_time_delta_sensor_async.py
[2024-07-02T19:14:08.205+0000] {processor.py:840} INFO - DAG(s) 'example_time_delta_sensor_async' retrieved from /usr/local/python/3.10.13/lib/python3.10/site-packages/airflow/example_dags/example_time_delta_sensor_async.py
[2024-07-02T19:14:08.218+0000] {logging_mixin.py:188} INFO - [2024-07-02T19:14:08.218+0000] {dag.py:3096} INFO - Sync 1 DAGs
[2024-07-02T19:14:08.228+0000] {logging_mixin.py:188} INFO - [2024-07-02T19:14:08.228+0000] {dag.py:3954} INFO - Setting next_dagrun for example_time_delta_sensor_async to None, run_after=None
[2024-07-02T19:14:08.269+0000] {processor.py:183} INFO - Processing /usr/local/python/3.10.13/lib/python3.10/site-packages/airflow/example_dags/example_time_delta_sensor_async.py took 0.078 seconds
[2024-07-02T19:14:49.098+0000] {processor.py:161} INFO - Started process (PID=7611) to work on /usr/local/python/3.10.13/lib/python3.10/site-packages/airflow/example_dags/example_time_delta_sensor_async.py
[2024-07-02T19:14:49.099+0000] {processor.py:830} INFO - Processing file /usr/local/python/3.10.13/lib/python3.10/site-packages/airflow/example_dags/example_time_delta_sensor_async.py for tasks to queue
[2024-07-02T19:14:49.101+0000] {logging_mixin.py:188} INFO - [2024-07-02T19:14:49.100+0000] {dagbag.py:545} INFO - Filling up the DagBag from /usr/local/python/3.10.13/lib/python3.10/site-packages/airflow/example_dags/example_time_delta_sensor_async.py
[2024-07-02T19:14:49.105+0000] {processor.py:840} INFO - DAG(s) 'example_time_delta_sensor_async' retrieved from /usr/local/python/3.10.13/lib/python3.10/site-packages/airflow/example_dags/example_time_delta_sensor_async.py
[2024-07-02T19:14:49.118+0000] {logging_mixin.py:188} INFO - [2024-07-02T19:14:49.118+0000] {dag.py:3096} INFO - Sync 1 DAGs
[2024-07-02T19:14:49.127+0000] {logging_mixin.py:188} INFO - [2024-07-02T19:14:49.126+0000] {dag.py:3954} INFO - Setting next_dagrun for example_time_delta_sensor_async to None, run_after=None
[2024-07-02T19:14:49.167+0000] {processor.py:183} INFO - Processing /usr/local/python/3.10.13/lib/python3.10/site-packages/airflow/example_dags/example_time_delta_sensor_async.py took 0.076 seconds
[2024-07-02T19:15:32.102+0000] {processor.py:161} INFO - Started process (PID=7930) to work on /usr/local/python/3.10.13/lib/python3.10/site-packages/airflow/example_dags/example_time_delta_sensor_async.py
[2024-07-02T19:15:32.103+0000] {processor.py:830} INFO - Processing file /usr/local/python/3.10.13/lib/python3.10/site-packages/airflow/example_dags/example_time_delta_sensor_async.py for tasks to queue
[2024-07-02T19:15:32.103+0000] {logging_mixin.py:188} INFO - [2024-07-02T19:15:32.103+0000] {dagbag.py:545} INFO - Filling up the DagBag from /usr/local/python/3.10.13/lib/python3.10/site-packages/airflow/example_dags/example_time_delta_sensor_async.py
[2024-07-02T19:15:32.107+0000] {processor.py:840} INFO - DAG(s) 'example_time_delta_sensor_async' retrieved from /usr/local/python/3.10.13/lib/python3.10/site-packages/airflow/example_dags/example_time_delta_sensor_async.py
[2024-07-02T19:15:32.124+0000] {logging_mixin.py:188} INFO - [2024-07-02T19:15:32.124+0000] {dag.py:3096} INFO - Sync 1 DAGs
[2024-07-02T19:15:32.141+0000] {logging_mixin.py:188} INFO - [2024-07-02T19:15:32.140+0000] {dag.py:3954} INFO - Setting next_dagrun for example_time_delta_sensor_async to None, run_after=None
[2024-07-02T19:15:32.199+0000] {processor.py:183} INFO - Processing /usr/local/python/3.10.13/lib/python3.10/site-packages/airflow/example_dags/example_time_delta_sensor_async.py took 0.101 seconds
[2024-07-02T19:16:13.621+0000] {processor.py:161} INFO - Started process (PID=8245) to work on /usr/local/python/3.10.13/lib/python3.10/site-packages/airflow/example_dags/example_time_delta_sensor_async.py
[2024-07-02T19:16:13.622+0000] {processor.py:830} INFO - Processing file /usr/local/python/3.10.13/lib/python3.10/site-packages/airflow/example_dags/example_time_delta_sensor_async.py for tasks to queue
[2024-07-02T19:16:13.623+0000] {logging_mixin.py:188} INFO - [2024-07-02T19:16:13.623+0000] {dagbag.py:545} INFO - Filling up the DagBag from /usr/local/python/3.10.13/lib/python3.10/site-packages/airflow/example_dags/example_time_delta_sensor_async.py
[2024-07-02T19:16:13.627+0000] {processor.py:840} INFO - DAG(s) 'example_time_delta_sensor_async' retrieved from /usr/local/python/3.10.13/lib/python3.10/site-packages/airflow/example_dags/example_time_delta_sensor_async.py
[2024-07-02T19:16:13.639+0000] {logging_mixin.py:188} INFO - [2024-07-02T19:16:13.638+0000] {dag.py:3096} INFO - Sync 1 DAGs
[2024-07-02T19:16:13.647+0000] {logging_mixin.py:188} INFO - [2024-07-02T19:16:13.647+0000] {dag.py:3954} INFO - Setting next_dagrun for example_time_delta_sensor_async to None, run_after=None
[2024-07-02T19:16:13.689+0000] {processor.py:183} INFO - Processing /usr/local/python/3.10.13/lib/python3.10/site-packages/airflow/example_dags/example_time_delta_sensor_async.py took 0.072 seconds
[2024-07-02T19:16:59.411+0000] {processor.py:161} INFO - Started process (PID=8609) to work on /usr/local/python/3.10.13/lib/python3.10/site-packages/airflow/example_dags/example_time_delta_sensor_async.py
[2024-07-02T19:16:59.412+0000] {processor.py:830} INFO - Processing file /usr/local/python/3.10.13/lib/python3.10/site-packages/airflow/example_dags/example_time_delta_sensor_async.py for tasks to queue
[2024-07-02T19:16:59.413+0000] {logging_mixin.py:188} INFO - [2024-07-02T19:16:59.412+0000] {dagbag.py:545} INFO - Filling up the DagBag from /usr/local/python/3.10.13/lib/python3.10/site-packages/airflow/example_dags/example_time_delta_sensor_async.py
[2024-07-02T19:16:59.416+0000] {processor.py:840} INFO - DAG(s) 'example_time_delta_sensor_async' retrieved from /usr/local/python/3.10.13/lib/python3.10/site-packages/airflow/example_dags/example_time_delta_sensor_async.py
[2024-07-02T19:16:59.428+0000] {logging_mixin.py:188} INFO - [2024-07-02T19:16:59.427+0000] {dag.py:3096} INFO - Sync 1 DAGs
[2024-07-02T19:16:59.436+0000] {logging_mixin.py:188} INFO - [2024-07-02T19:16:59.436+0000] {dag.py:3954} INFO - Setting next_dagrun for example_time_delta_sensor_async to None, run_after=None
[2024-07-02T19:16:59.477+0000] {processor.py:183} INFO - Processing /usr/local/python/3.10.13/lib/python3.10/site-packages/airflow/example_dags/example_time_delta_sensor_async.py took 0.070 seconds
[2024-07-02T19:17:45.886+0000] {processor.py:161} INFO - Started process (PID=8942) to work on /usr/local/python/3.10.13/lib/python3.10/site-packages/airflow/example_dags/example_time_delta_sensor_async.py
[2024-07-02T19:17:45.887+0000] {processor.py:830} INFO - Processing file /usr/local/python/3.10.13/lib/python3.10/site-packages/airflow/example_dags/example_time_delta_sensor_async.py for tasks to queue
[2024-07-02T19:17:45.887+0000] {logging_mixin.py:188} INFO - [2024-07-02T19:17:45.887+0000] {dagbag.py:545} INFO - Filling up the DagBag from /usr/local/python/3.10.13/lib/python3.10/site-packages/airflow/example_dags/example_time_delta_sensor_async.py
[2024-07-02T19:17:45.891+0000] {processor.py:840} INFO - DAG(s) 'example_time_delta_sensor_async' retrieved from /usr/local/python/3.10.13/lib/python3.10/site-packages/airflow/example_dags/example_time_delta_sensor_async.py
[2024-07-02T19:17:45.903+0000] {logging_mixin.py:188} INFO - [2024-07-02T19:17:45.902+0000] {dag.py:3096} INFO - Sync 1 DAGs
[2024-07-02T19:17:45.913+0000] {logging_mixin.py:188} INFO - [2024-07-02T19:17:45.913+0000] {dag.py:3954} INFO - Setting next_dagrun for example_time_delta_sensor_async to None, run_after=None
[2024-07-02T19:17:45.953+0000] {processor.py:183} INFO - Processing /usr/local/python/3.10.13/lib/python3.10/site-packages/airflow/example_dags/example_time_delta_sensor_async.py took 0.071 seconds
[2024-07-02T19:18:29.674+0000] {processor.py:161} INFO - Started process (PID=9289) to work on /usr/local/python/3.10.13/lib/python3.10/site-packages/airflow/example_dags/example_time_delta_sensor_async.py
[2024-07-02T19:18:29.675+0000] {processor.py:830} INFO - Processing file /usr/local/python/3.10.13/lib/python3.10/site-packages/airflow/example_dags/example_time_delta_sensor_async.py for tasks to queue
[2024-07-02T19:18:29.676+0000] {logging_mixin.py:188} INFO - [2024-07-02T19:18:29.675+0000] {dagbag.py:545} INFO - Filling up the DagBag from /usr/local/python/3.10.13/lib/python3.10/site-packages/airflow/example_dags/example_time_delta_sensor_async.py
[2024-07-02T19:18:29.679+0000] {processor.py:840} INFO - DAG(s) 'example_time_delta_sensor_async' retrieved from /usr/local/python/3.10.13/lib/python3.10/site-packages/airflow/example_dags/example_time_delta_sensor_async.py
[2024-07-02T19:18:29.690+0000] {logging_mixin.py:188} INFO - [2024-07-02T19:18:29.690+0000] {dag.py:3096} INFO - Sync 1 DAGs
[2024-07-02T19:18:29.699+0000] {logging_mixin.py:188} INFO - [2024-07-02T19:18:29.699+0000] {dag.py:3954} INFO - Setting next_dagrun for example_time_delta_sensor_async to None, run_after=None
[2024-07-02T19:18:29.739+0000] {processor.py:183} INFO - Processing /usr/local/python/3.10.13/lib/python3.10/site-packages/airflow/example_dags/example_time_delta_sensor_async.py took 0.070 seconds
[2024-07-02T19:19:10.815+0000] {processor.py:161} INFO - Started process (PID=9601) to work on /usr/local/python/3.10.13/lib/python3.10/site-packages/airflow/example_dags/example_time_delta_sensor_async.py
[2024-07-02T19:19:10.815+0000] {processor.py:830} INFO - Processing file /usr/local/python/3.10.13/lib/python3.10/site-packages/airflow/example_dags/example_time_delta_sensor_async.py for tasks to queue
[2024-07-02T19:19:10.816+0000] {logging_mixin.py:188} INFO - [2024-07-02T19:19:10.816+0000] {dagbag.py:545} INFO - Filling up the DagBag from /usr/local/python/3.10.13/lib/python3.10/site-packages/airflow/example_dags/example_time_delta_sensor_async.py
[2024-07-02T19:19:10.819+0000] {processor.py:840} INFO - DAG(s) 'example_time_delta_sensor_async' retrieved from /usr/local/python/3.10.13/lib/python3.10/site-packages/airflow/example_dags/example_time_delta_sensor_async.py
[2024-07-02T19:19:10.831+0000] {logging_mixin.py:188} INFO - [2024-07-02T19:19:10.831+0000] {dag.py:3096} INFO - Sync 1 DAGs
[2024-07-02T19:19:10.840+0000] {logging_mixin.py:188} INFO - [2024-07-02T19:19:10.839+0000] {dag.py:3954} INFO - Setting next_dagrun for example_time_delta_sensor_async to None, run_after=None
[2024-07-02T19:19:10.880+0000] {processor.py:183} INFO - Processing /usr/local/python/3.10.13/lib/python3.10/site-packages/airflow/example_dags/example_time_delta_sensor_async.py took 0.070 seconds
[2024-07-02T19:19:58.437+0000] {processor.py:161} INFO - Started process (PID=9951) to work on /usr/local/python/3.10.13/lib/python3.10/site-packages/airflow/example_dags/example_time_delta_sensor_async.py
[2024-07-02T19:19:58.437+0000] {processor.py:830} INFO - Processing file /usr/local/python/3.10.13/lib/python3.10/site-packages/airflow/example_dags/example_time_delta_sensor_async.py for tasks to queue
[2024-07-02T19:19:58.438+0000] {logging_mixin.py:188} INFO - [2024-07-02T19:19:58.438+0000] {dagbag.py:545} INFO - Filling up the DagBag from /usr/local/python/3.10.13/lib/python3.10/site-packages/airflow/example_dags/example_time_delta_sensor_async.py
[2024-07-02T19:19:58.441+0000] {processor.py:840} INFO - DAG(s) 'example_time_delta_sensor_async' retrieved from /usr/local/python/3.10.13/lib/python3.10/site-packages/airflow/example_dags/example_time_delta_sensor_async.py
[2024-07-02T19:19:58.453+0000] {logging_mixin.py:188} INFO - [2024-07-02T19:19:58.453+0000] {dag.py:3096} INFO - Sync 1 DAGs
[2024-07-02T19:19:58.461+0000] {logging_mixin.py:188} INFO - [2024-07-02T19:19:58.461+0000] {dag.py:3954} INFO - Setting next_dagrun for example_time_delta_sensor_async to None, run_after=None
[2024-07-02T19:19:58.502+0000] {processor.py:183} INFO - Processing /usr/local/python/3.10.13/lib/python3.10/site-packages/airflow/example_dags/example_time_delta_sensor_async.py took 0.070 seconds
[2024-07-02T19:20:46.199+0000] {processor.py:161} INFO - Started process (PID=10313) to work on /usr/local/python/3.10.13/lib/python3.10/site-packages/airflow/example_dags/example_time_delta_sensor_async.py
[2024-07-02T19:20:46.200+0000] {processor.py:830} INFO - Processing file /usr/local/python/3.10.13/lib/python3.10/site-packages/airflow/example_dags/example_time_delta_sensor_async.py for tasks to queue
[2024-07-02T19:20:46.201+0000] {logging_mixin.py:188} INFO - [2024-07-02T19:20:46.200+0000] {dagbag.py:545} INFO - Filling up the DagBag from /usr/local/python/3.10.13/lib/python3.10/site-packages/airflow/example_dags/example_time_delta_sensor_async.py
[2024-07-02T19:20:46.205+0000] {processor.py:840} INFO - DAG(s) 'example_time_delta_sensor_async' retrieved from /usr/local/python/3.10.13/lib/python3.10/site-packages/airflow/example_dags/example_time_delta_sensor_async.py
[2024-07-02T19:20:46.216+0000] {logging_mixin.py:188} INFO - [2024-07-02T19:20:46.216+0000] {dag.py:3096} INFO - Sync 1 DAGs
[2024-07-02T19:20:46.226+0000] {logging_mixin.py:188} INFO - [2024-07-02T19:20:46.226+0000] {dag.py:3954} INFO - Setting next_dagrun for example_time_delta_sensor_async to None, run_after=None
[2024-07-02T19:20:46.269+0000] {processor.py:183} INFO - Processing /usr/local/python/3.10.13/lib/python3.10/site-packages/airflow/example_dags/example_time_delta_sensor_async.py took 0.074 seconds
[2024-07-02T19:21:32.674+0000] {processor.py:161} INFO - Started process (PID=10672) to work on /usr/local/python/3.10.13/lib/python3.10/site-packages/airflow/example_dags/example_time_delta_sensor_async.py
[2024-07-02T19:21:32.675+0000] {processor.py:830} INFO - Processing file /usr/local/python/3.10.13/lib/python3.10/site-packages/airflow/example_dags/example_time_delta_sensor_async.py for tasks to queue
[2024-07-02T19:21:32.676+0000] {logging_mixin.py:188} INFO - [2024-07-02T19:21:32.675+0000] {dagbag.py:545} INFO - Filling up the DagBag from /usr/local/python/3.10.13/lib/python3.10/site-packages/airflow/example_dags/example_time_delta_sensor_async.py
[2024-07-02T19:21:32.679+0000] {processor.py:840} INFO - DAG(s) 'example_time_delta_sensor_async' retrieved from /usr/local/python/3.10.13/lib/python3.10/site-packages/airflow/example_dags/example_time_delta_sensor_async.py
[2024-07-02T19:21:32.690+0000] {logging_mixin.py:188} INFO - [2024-07-02T19:21:32.690+0000] {dag.py:3096} INFO - Sync 1 DAGs
[2024-07-02T19:21:32.699+0000] {logging_mixin.py:188} INFO - [2024-07-02T19:21:32.699+0000] {dag.py:3954} INFO - Setting next_dagrun for example_time_delta_sensor_async to None, run_after=None
[2024-07-02T19:21:32.739+0000] {processor.py:183} INFO - Processing /usr/local/python/3.10.13/lib/python3.10/site-packages/airflow/example_dags/example_time_delta_sensor_async.py took 0.069 seconds
[2024-07-02T19:22:19.623+0000] {processor.py:161} INFO - Started process (PID=11018) to work on /usr/local/python/3.10.13/lib/python3.10/site-packages/airflow/example_dags/example_time_delta_sensor_async.py
[2024-07-02T19:22:19.623+0000] {processor.py:830} INFO - Processing file /usr/local/python/3.10.13/lib/python3.10/site-packages/airflow/example_dags/example_time_delta_sensor_async.py for tasks to queue
[2024-07-02T19:22:19.624+0000] {logging_mixin.py:188} INFO - [2024-07-02T19:22:19.624+0000] {dagbag.py:545} INFO - Filling up the DagBag from /usr/local/python/3.10.13/lib/python3.10/site-packages/airflow/example_dags/example_time_delta_sensor_async.py
[2024-07-02T19:22:19.627+0000] {processor.py:840} INFO - DAG(s) 'example_time_delta_sensor_async' retrieved from /usr/local/python/3.10.13/lib/python3.10/site-packages/airflow/example_dags/example_time_delta_sensor_async.py
[2024-07-02T19:22:19.638+0000] {logging_mixin.py:188} INFO - [2024-07-02T19:22:19.638+0000] {dag.py:3096} INFO - Sync 1 DAGs
[2024-07-02T19:22:19.647+0000] {logging_mixin.py:188} INFO - [2024-07-02T19:22:19.647+0000] {dag.py:3954} INFO - Setting next_dagrun for example_time_delta_sensor_async to None, run_after=None
[2024-07-02T19:22:19.689+0000] {processor.py:183} INFO - Processing /usr/local/python/3.10.13/lib/python3.10/site-packages/airflow/example_dags/example_time_delta_sensor_async.py took 0.072 seconds
[2024-07-02T19:23:02.231+0000] {processor.py:161} INFO - Started process (PID=11341) to work on /usr/local/python/3.10.13/lib/python3.10/site-packages/airflow/example_dags/example_time_delta_sensor_async.py
[2024-07-02T19:23:02.232+0000] {processor.py:830} INFO - Processing file /usr/local/python/3.10.13/lib/python3.10/site-packages/airflow/example_dags/example_time_delta_sensor_async.py for tasks to queue
[2024-07-02T19:23:02.233+0000] {logging_mixin.py:188} INFO - [2024-07-02T19:23:02.232+0000] {dagbag.py:545} INFO - Filling up the DagBag from /usr/local/python/3.10.13/lib/python3.10/site-packages/airflow/example_dags/example_time_delta_sensor_async.py
[2024-07-02T19:23:02.236+0000] {processor.py:840} INFO - DAG(s) 'example_time_delta_sensor_async' retrieved from /usr/local/python/3.10.13/lib/python3.10/site-packages/airflow/example_dags/example_time_delta_sensor_async.py
[2024-07-02T19:23:02.247+0000] {logging_mixin.py:188} INFO - [2024-07-02T19:23:02.247+0000] {dag.py:3096} INFO - Sync 1 DAGs
[2024-07-02T19:23:02.255+0000] {logging_mixin.py:188} INFO - [2024-07-02T19:23:02.255+0000] {dag.py:3954} INFO - Setting next_dagrun for example_time_delta_sensor_async to None, run_after=None
[2024-07-02T19:23:02.297+0000] {processor.py:183} INFO - Processing /usr/local/python/3.10.13/lib/python3.10/site-packages/airflow/example_dags/example_time_delta_sensor_async.py took 0.070 seconds
[2024-07-02T19:23:42.704+0000] {processor.py:161} INFO - Started process (PID=11645) to work on /usr/local/python/3.10.13/lib/python3.10/site-packages/airflow/example_dags/example_time_delta_sensor_async.py
[2024-07-02T19:23:42.705+0000] {processor.py:830} INFO - Processing file /usr/local/python/3.10.13/lib/python3.10/site-packages/airflow/example_dags/example_time_delta_sensor_async.py for tasks to queue
[2024-07-02T19:23:42.705+0000] {logging_mixin.py:188} INFO - [2024-07-02T19:23:42.705+0000] {dagbag.py:545} INFO - Filling up the DagBag from /usr/local/python/3.10.13/lib/python3.10/site-packages/airflow/example_dags/example_time_delta_sensor_async.py
[2024-07-02T19:23:42.709+0000] {processor.py:840} INFO - DAG(s) 'example_time_delta_sensor_async' retrieved from /usr/local/python/3.10.13/lib/python3.10/site-packages/airflow/example_dags/example_time_delta_sensor_async.py
[2024-07-02T19:23:42.720+0000] {logging_mixin.py:188} INFO - [2024-07-02T19:23:42.720+0000] {dag.py:3096} INFO - Sync 1 DAGs
[2024-07-02T19:23:42.729+0000] {logging_mixin.py:188} INFO - [2024-07-02T19:23:42.728+0000] {dag.py:3954} INFO - Setting next_dagrun for example_time_delta_sensor_async to None, run_after=None
[2024-07-02T19:23:42.768+0000] {processor.py:183} INFO - Processing /usr/local/python/3.10.13/lib/python3.10/site-packages/airflow/example_dags/example_time_delta_sensor_async.py took 0.068 seconds
[2024-07-02T19:24:25.460+0000] {processor.py:161} INFO - Started process (PID=11984) to work on /usr/local/python/3.10.13/lib/python3.10/site-packages/airflow/example_dags/example_time_delta_sensor_async.py
[2024-07-02T19:24:25.460+0000] {processor.py:830} INFO - Processing file /usr/local/python/3.10.13/lib/python3.10/site-packages/airflow/example_dags/example_time_delta_sensor_async.py for tasks to queue
[2024-07-02T19:24:25.461+0000] {logging_mixin.py:188} INFO - [2024-07-02T19:24:25.461+0000] {dagbag.py:545} INFO - Filling up the DagBag from /usr/local/python/3.10.13/lib/python3.10/site-packages/airflow/example_dags/example_time_delta_sensor_async.py
[2024-07-02T19:24:25.465+0000] {processor.py:840} INFO - DAG(s) 'example_time_delta_sensor_async' retrieved from /usr/local/python/3.10.13/lib/python3.10/site-packages/airflow/example_dags/example_time_delta_sensor_async.py
[2024-07-02T19:24:25.476+0000] {logging_mixin.py:188} INFO - [2024-07-02T19:24:25.476+0000] {dag.py:3096} INFO - Sync 1 DAGs
[2024-07-02T19:24:25.484+0000] {logging_mixin.py:188} INFO - [2024-07-02T19:24:25.484+0000] {dag.py:3954} INFO - Setting next_dagrun for example_time_delta_sensor_async to None, run_after=None
[2024-07-02T19:24:25.527+0000] {processor.py:183} INFO - Processing /usr/local/python/3.10.13/lib/python3.10/site-packages/airflow/example_dags/example_time_delta_sensor_async.py took 0.072 seconds
[2024-07-02T19:25:08.871+0000] {processor.py:161} INFO - Started process (PID=12309) to work on /usr/local/python/3.10.13/lib/python3.10/site-packages/airflow/example_dags/example_time_delta_sensor_async.py
[2024-07-02T19:25:08.872+0000] {processor.py:830} INFO - Processing file /usr/local/python/3.10.13/lib/python3.10/site-packages/airflow/example_dags/example_time_delta_sensor_async.py for tasks to queue
[2024-07-02T19:25:08.872+0000] {logging_mixin.py:188} INFO - [2024-07-02T19:25:08.872+0000] {dagbag.py:545} INFO - Filling up the DagBag from /usr/local/python/3.10.13/lib/python3.10/site-packages/airflow/example_dags/example_time_delta_sensor_async.py
[2024-07-02T19:25:08.876+0000] {processor.py:840} INFO - DAG(s) 'example_time_delta_sensor_async' retrieved from /usr/local/python/3.10.13/lib/python3.10/site-packages/airflow/example_dags/example_time_delta_sensor_async.py
[2024-07-02T19:25:08.887+0000] {logging_mixin.py:188} INFO - [2024-07-02T19:25:08.887+0000] {dag.py:3096} INFO - Sync 1 DAGs
[2024-07-02T19:25:08.896+0000] {logging_mixin.py:188} INFO - [2024-07-02T19:25:08.896+0000] {dag.py:3954} INFO - Setting next_dagrun for example_time_delta_sensor_async to None, run_after=None
[2024-07-02T19:25:08.939+0000] {processor.py:183} INFO - Processing /usr/local/python/3.10.13/lib/python3.10/site-packages/airflow/example_dags/example_time_delta_sensor_async.py took 0.072 seconds
[2024-07-02T19:25:51.987+0000] {processor.py:161} INFO - Started process (PID=12636) to work on /usr/local/python/3.10.13/lib/python3.10/site-packages/airflow/example_dags/example_time_delta_sensor_async.py
[2024-07-02T19:25:51.988+0000] {processor.py:830} INFO - Processing file /usr/local/python/3.10.13/lib/python3.10/site-packages/airflow/example_dags/example_time_delta_sensor_async.py for tasks to queue
[2024-07-02T19:25:51.989+0000] {logging_mixin.py:188} INFO - [2024-07-02T19:25:51.988+0000] {dagbag.py:545} INFO - Filling up the DagBag from /usr/local/python/3.10.13/lib/python3.10/site-packages/airflow/example_dags/example_time_delta_sensor_async.py
[2024-07-02T19:25:51.993+0000] {processor.py:840} INFO - DAG(s) 'example_time_delta_sensor_async' retrieved from /usr/local/python/3.10.13/lib/python3.10/site-packages/airflow/example_dags/example_time_delta_sensor_async.py
[2024-07-02T19:25:52.007+0000] {logging_mixin.py:188} INFO - [2024-07-02T19:25:52.007+0000] {dag.py:3096} INFO - Sync 1 DAGs
[2024-07-02T19:25:52.017+0000] {logging_mixin.py:188} INFO - [2024-07-02T19:25:52.017+0000] {dag.py:3954} INFO - Setting next_dagrun for example_time_delta_sensor_async to None, run_after=None
[2024-07-02T19:25:52.059+0000] {processor.py:183} INFO - Processing /usr/local/python/3.10.13/lib/python3.10/site-packages/airflow/example_dags/example_time_delta_sensor_async.py took 0.076 seconds
[2024-07-02T19:26:34.964+0000] {processor.py:161} INFO - Started process (PID=12951) to work on /usr/local/python/3.10.13/lib/python3.10/site-packages/airflow/example_dags/example_time_delta_sensor_async.py
[2024-07-02T19:26:34.965+0000] {processor.py:830} INFO - Processing file /usr/local/python/3.10.13/lib/python3.10/site-packages/airflow/example_dags/example_time_delta_sensor_async.py for tasks to queue
[2024-07-02T19:26:34.966+0000] {logging_mixin.py:188} INFO - [2024-07-02T19:26:34.965+0000] {dagbag.py:545} INFO - Filling up the DagBag from /usr/local/python/3.10.13/lib/python3.10/site-packages/airflow/example_dags/example_time_delta_sensor_async.py
[2024-07-02T19:26:34.969+0000] {processor.py:840} INFO - DAG(s) 'example_time_delta_sensor_async' retrieved from /usr/local/python/3.10.13/lib/python3.10/site-packages/airflow/example_dags/example_time_delta_sensor_async.py
[2024-07-02T19:26:34.981+0000] {logging_mixin.py:188} INFO - [2024-07-02T19:26:34.981+0000] {dag.py:3096} INFO - Sync 1 DAGs
[2024-07-02T19:26:34.989+0000] {logging_mixin.py:188} INFO - [2024-07-02T19:26:34.989+0000] {dag.py:3954} INFO - Setting next_dagrun for example_time_delta_sensor_async to None, run_after=None
[2024-07-02T19:26:35.030+0000] {processor.py:183} INFO - Processing /usr/local/python/3.10.13/lib/python3.10/site-packages/airflow/example_dags/example_time_delta_sensor_async.py took 0.071 seconds
[2024-07-02T19:27:20.080+0000] {processor.py:161} INFO - Started process (PID=13332) to work on /usr/local/python/3.10.13/lib/python3.10/site-packages/airflow/example_dags/example_time_delta_sensor_async.py
[2024-07-02T19:27:20.081+0000] {processor.py:830} INFO - Processing file /usr/local/python/3.10.13/lib/python3.10/site-packages/airflow/example_dags/example_time_delta_sensor_async.py for tasks to queue
[2024-07-02T19:27:20.081+0000] {logging_mixin.py:188} INFO - [2024-07-02T19:27:20.081+0000] {dagbag.py:545} INFO - Filling up the DagBag from /usr/local/python/3.10.13/lib/python3.10/site-packages/airflow/example_dags/example_time_delta_sensor_async.py
[2024-07-02T19:27:20.085+0000] {processor.py:840} INFO - DAG(s) 'example_time_delta_sensor_async' retrieved from /usr/local/python/3.10.13/lib/python3.10/site-packages/airflow/example_dags/example_time_delta_sensor_async.py
[2024-07-02T19:27:20.096+0000] {logging_mixin.py:188} INFO - [2024-07-02T19:27:20.096+0000] {dag.py:3096} INFO - Sync 1 DAGs
[2024-07-02T19:27:20.105+0000] {logging_mixin.py:188} INFO - [2024-07-02T19:27:20.105+0000] {dag.py:3954} INFO - Setting next_dagrun for example_time_delta_sensor_async to None, run_after=None
[2024-07-02T19:27:20.157+0000] {processor.py:183} INFO - Processing /usr/local/python/3.10.13/lib/python3.10/site-packages/airflow/example_dags/example_time_delta_sensor_async.py took 0.082 seconds
[2024-07-02T19:28:01.322+0000] {processor.py:161} INFO - Started process (PID=13732) to work on /usr/local/python/3.10.13/lib/python3.10/site-packages/airflow/example_dags/example_time_delta_sensor_async.py
[2024-07-02T19:28:01.324+0000] {processor.py:830} INFO - Processing file /usr/local/python/3.10.13/lib/python3.10/site-packages/airflow/example_dags/example_time_delta_sensor_async.py for tasks to queue
[2024-07-02T19:28:01.325+0000] {logging_mixin.py:188} INFO - [2024-07-02T19:28:01.324+0000] {dagbag.py:545} INFO - Filling up the DagBag from /usr/local/python/3.10.13/lib/python3.10/site-packages/airflow/example_dags/example_time_delta_sensor_async.py
[2024-07-02T19:28:01.328+0000] {processor.py:840} INFO - DAG(s) 'example_time_delta_sensor_async' retrieved from /usr/local/python/3.10.13/lib/python3.10/site-packages/airflow/example_dags/example_time_delta_sensor_async.py
[2024-07-02T19:28:01.342+0000] {logging_mixin.py:188} INFO - [2024-07-02T19:28:01.341+0000] {dag.py:3096} INFO - Sync 1 DAGs
[2024-07-02T19:28:01.350+0000] {logging_mixin.py:188} INFO - [2024-07-02T19:28:01.350+0000] {dag.py:3954} INFO - Setting next_dagrun for example_time_delta_sensor_async to None, run_after=None
[2024-07-02T19:28:01.394+0000] {processor.py:183} INFO - Processing /usr/local/python/3.10.13/lib/python3.10/site-packages/airflow/example_dags/example_time_delta_sensor_async.py took 0.076 seconds
[2024-07-02T19:28:44.045+0000] {processor.py:161} INFO - Started process (PID=14091) to work on /usr/local/python/3.10.13/lib/python3.10/site-packages/airflow/example_dags/example_time_delta_sensor_async.py
[2024-07-02T19:28:44.046+0000] {processor.py:830} INFO - Processing file /usr/local/python/3.10.13/lib/python3.10/site-packages/airflow/example_dags/example_time_delta_sensor_async.py for tasks to queue
[2024-07-02T19:28:44.046+0000] {logging_mixin.py:188} INFO - [2024-07-02T19:28:44.046+0000] {dagbag.py:545} INFO - Filling up the DagBag from /usr/local/python/3.10.13/lib/python3.10/site-packages/airflow/example_dags/example_time_delta_sensor_async.py
[2024-07-02T19:28:44.050+0000] {processor.py:840} INFO - DAG(s) 'example_time_delta_sensor_async' retrieved from /usr/local/python/3.10.13/lib/python3.10/site-packages/airflow/example_dags/example_time_delta_sensor_async.py
[2024-07-02T19:28:44.061+0000] {logging_mixin.py:188} INFO - [2024-07-02T19:28:44.061+0000] {dag.py:3096} INFO - Sync 1 DAGs
[2024-07-02T19:28:44.070+0000] {logging_mixin.py:188} INFO - [2024-07-02T19:28:44.069+0000] {dag.py:3954} INFO - Setting next_dagrun for example_time_delta_sensor_async to None, run_after=None
[2024-07-02T19:28:44.112+0000] {processor.py:183} INFO - Processing /usr/local/python/3.10.13/lib/python3.10/site-packages/airflow/example_dags/example_time_delta_sensor_async.py took 0.071 seconds
[2024-07-02T19:29:30.814+0000] {processor.py:161} INFO - Started process (PID=14483) to work on /usr/local/python/3.10.13/lib/python3.10/site-packages/airflow/example_dags/example_time_delta_sensor_async.py
[2024-07-02T19:29:30.815+0000] {processor.py:830} INFO - Processing file /usr/local/python/3.10.13/lib/python3.10/site-packages/airflow/example_dags/example_time_delta_sensor_async.py for tasks to queue
[2024-07-02T19:29:30.815+0000] {logging_mixin.py:188} INFO - [2024-07-02T19:29:30.815+0000] {dagbag.py:545} INFO - Filling up the DagBag from /usr/local/python/3.10.13/lib/python3.10/site-packages/airflow/example_dags/example_time_delta_sensor_async.py
[2024-07-02T19:29:30.819+0000] {processor.py:840} INFO - DAG(s) 'example_time_delta_sensor_async' retrieved from /usr/local/python/3.10.13/lib/python3.10/site-packages/airflow/example_dags/example_time_delta_sensor_async.py
[2024-07-02T19:29:30.830+0000] {logging_mixin.py:188} INFO - [2024-07-02T19:29:30.830+0000] {dag.py:3096} INFO - Sync 1 DAGs
[2024-07-02T19:29:30.839+0000] {logging_mixin.py:188} INFO - [2024-07-02T19:29:30.839+0000] {dag.py:3954} INFO - Setting next_dagrun for example_time_delta_sensor_async to None, run_after=None
[2024-07-02T19:29:30.882+0000] {processor.py:183} INFO - Processing /usr/local/python/3.10.13/lib/python3.10/site-packages/airflow/example_dags/example_time_delta_sensor_async.py took 0.072 seconds
[2024-07-02T19:30:17.492+0000] {processor.py:161} INFO - Started process (PID=14872) to work on /usr/local/python/3.10.13/lib/python3.10/site-packages/airflow/example_dags/example_time_delta_sensor_async.py
[2024-07-02T19:30:17.492+0000] {processor.py:830} INFO - Processing file /usr/local/python/3.10.13/lib/python3.10/site-packages/airflow/example_dags/example_time_delta_sensor_async.py for tasks to queue
[2024-07-02T19:30:17.493+0000] {logging_mixin.py:188} INFO - [2024-07-02T19:30:17.493+0000] {dagbag.py:545} INFO - Filling up the DagBag from /usr/local/python/3.10.13/lib/python3.10/site-packages/airflow/example_dags/example_time_delta_sensor_async.py
[2024-07-02T19:30:17.497+0000] {processor.py:840} INFO - DAG(s) 'example_time_delta_sensor_async' retrieved from /usr/local/python/3.10.13/lib/python3.10/site-packages/airflow/example_dags/example_time_delta_sensor_async.py
[2024-07-02T19:30:17.509+0000] {logging_mixin.py:188} INFO - [2024-07-02T19:30:17.508+0000] {dag.py:3096} INFO - Sync 1 DAGs
[2024-07-02T19:30:17.517+0000] {logging_mixin.py:188} INFO - [2024-07-02T19:30:17.517+0000] {dag.py:3954} INFO - Setting next_dagrun for example_time_delta_sensor_async to None, run_after=None
[2024-07-02T19:30:17.559+0000] {processor.py:183} INFO - Processing /usr/local/python/3.10.13/lib/python3.10/site-packages/airflow/example_dags/example_time_delta_sensor_async.py took 0.072 seconds
[2024-07-02T19:31:02.359+0000] {processor.py:161} INFO - Started process (PID=15226) to work on /usr/local/python/3.10.13/lib/python3.10/site-packages/airflow/example_dags/example_time_delta_sensor_async.py
[2024-07-02T19:31:02.360+0000] {processor.py:830} INFO - Processing file /usr/local/python/3.10.13/lib/python3.10/site-packages/airflow/example_dags/example_time_delta_sensor_async.py for tasks to queue
[2024-07-02T19:31:02.361+0000] {logging_mixin.py:188} INFO - [2024-07-02T19:31:02.360+0000] {dagbag.py:545} INFO - Filling up the DagBag from /usr/local/python/3.10.13/lib/python3.10/site-packages/airflow/example_dags/example_time_delta_sensor_async.py
[2024-07-02T19:31:02.364+0000] {processor.py:840} INFO - DAG(s) 'example_time_delta_sensor_async' retrieved from /usr/local/python/3.10.13/lib/python3.10/site-packages/airflow/example_dags/example_time_delta_sensor_async.py
[2024-07-02T19:31:02.375+0000] {logging_mixin.py:188} INFO - [2024-07-02T19:31:02.375+0000] {dag.py:3096} INFO - Sync 1 DAGs
[2024-07-02T19:31:02.384+0000] {logging_mixin.py:188} INFO - [2024-07-02T19:31:02.384+0000] {dag.py:3954} INFO - Setting next_dagrun for example_time_delta_sensor_async to None, run_after=None
[2024-07-02T19:31:02.427+0000] {processor.py:183} INFO - Processing /usr/local/python/3.10.13/lib/python3.10/site-packages/airflow/example_dags/example_time_delta_sensor_async.py took 0.073 seconds
[2024-07-02T19:31:52.535+0000] {processor.py:161} INFO - Started process (PID=15597) to work on /usr/local/python/3.10.13/lib/python3.10/site-packages/airflow/example_dags/example_time_delta_sensor_async.py
[2024-07-02T19:31:52.536+0000] {processor.py:830} INFO - Processing file /usr/local/python/3.10.13/lib/python3.10/site-packages/airflow/example_dags/example_time_delta_sensor_async.py for tasks to queue
[2024-07-02T19:31:52.537+0000] {logging_mixin.py:188} INFO - [2024-07-02T19:31:52.536+0000] {dagbag.py:545} INFO - Filling up the DagBag from /usr/local/python/3.10.13/lib/python3.10/site-packages/airflow/example_dags/example_time_delta_sensor_async.py
[2024-07-02T19:31:52.540+0000] {processor.py:840} INFO - DAG(s) 'example_time_delta_sensor_async' retrieved from /usr/local/python/3.10.13/lib/python3.10/site-packages/airflow/example_dags/example_time_delta_sensor_async.py
[2024-07-02T19:31:52.551+0000] {logging_mixin.py:188} INFO - [2024-07-02T19:31:52.551+0000] {dag.py:3096} INFO - Sync 1 DAGs
[2024-07-02T19:31:52.560+0000] {logging_mixin.py:188} INFO - [2024-07-02T19:31:52.560+0000] {dag.py:3954} INFO - Setting next_dagrun for example_time_delta_sensor_async to None, run_after=None
[2024-07-02T19:31:52.606+0000] {processor.py:183} INFO - Processing /usr/local/python/3.10.13/lib/python3.10/site-packages/airflow/example_dags/example_time_delta_sensor_async.py took 0.076 seconds
[2024-07-02T19:32:36.697+0000] {processor.py:161} INFO - Started process (PID=15923) to work on /usr/local/python/3.10.13/lib/python3.10/site-packages/airflow/example_dags/example_time_delta_sensor_async.py
[2024-07-02T19:32:36.698+0000] {processor.py:830} INFO - Processing file /usr/local/python/3.10.13/lib/python3.10/site-packages/airflow/example_dags/example_time_delta_sensor_async.py for tasks to queue
[2024-07-02T19:32:36.699+0000] {logging_mixin.py:188} INFO - [2024-07-02T19:32:36.698+0000] {dagbag.py:545} INFO - Filling up the DagBag from /usr/local/python/3.10.13/lib/python3.10/site-packages/airflow/example_dags/example_time_delta_sensor_async.py
[2024-07-02T19:32:36.702+0000] {processor.py:840} INFO - DAG(s) 'example_time_delta_sensor_async' retrieved from /usr/local/python/3.10.13/lib/python3.10/site-packages/airflow/example_dags/example_time_delta_sensor_async.py
[2024-07-02T19:32:36.714+0000] {logging_mixin.py:188} INFO - [2024-07-02T19:32:36.714+0000] {dag.py:3096} INFO - Sync 1 DAGs
[2024-07-02T19:32:36.723+0000] {logging_mixin.py:188} INFO - [2024-07-02T19:32:36.723+0000] {dag.py:3954} INFO - Setting next_dagrun for example_time_delta_sensor_async to None, run_after=None
[2024-07-02T19:32:36.764+0000] {processor.py:183} INFO - Processing /usr/local/python/3.10.13/lib/python3.10/site-packages/airflow/example_dags/example_time_delta_sensor_async.py took 0.071 seconds
[2024-07-02T19:33:19.456+0000] {processor.py:161} INFO - Started process (PID=16315) to work on /usr/local/python/3.10.13/lib/python3.10/site-packages/airflow/example_dags/example_time_delta_sensor_async.py
[2024-07-02T19:33:19.457+0000] {processor.py:830} INFO - Processing file /usr/local/python/3.10.13/lib/python3.10/site-packages/airflow/example_dags/example_time_delta_sensor_async.py for tasks to queue
[2024-07-02T19:33:19.458+0000] {logging_mixin.py:188} INFO - [2024-07-02T19:33:19.457+0000] {dagbag.py:545} INFO - Filling up the DagBag from /usr/local/python/3.10.13/lib/python3.10/site-packages/airflow/example_dags/example_time_delta_sensor_async.py
[2024-07-02T19:33:19.461+0000] {processor.py:840} INFO - DAG(s) 'example_time_delta_sensor_async' retrieved from /usr/local/python/3.10.13/lib/python3.10/site-packages/airflow/example_dags/example_time_delta_sensor_async.py
[2024-07-02T19:33:19.472+0000] {logging_mixin.py:188} INFO - [2024-07-02T19:33:19.472+0000] {dag.py:3096} INFO - Sync 1 DAGs
[2024-07-02T19:33:19.481+0000] {logging_mixin.py:188} INFO - [2024-07-02T19:33:19.481+0000] {dag.py:3954} INFO - Setting next_dagrun for example_time_delta_sensor_async to None, run_after=None
[2024-07-02T19:33:19.523+0000] {processor.py:183} INFO - Processing /usr/local/python/3.10.13/lib/python3.10/site-packages/airflow/example_dags/example_time_delta_sensor_async.py took 0.071 seconds
[2024-07-02T19:34:04.125+0000] {processor.py:161} INFO - Started process (PID=16648) to work on /usr/local/python/3.10.13/lib/python3.10/site-packages/airflow/example_dags/example_time_delta_sensor_async.py
[2024-07-02T19:34:04.125+0000] {processor.py:830} INFO - Processing file /usr/local/python/3.10.13/lib/python3.10/site-packages/airflow/example_dags/example_time_delta_sensor_async.py for tasks to queue
[2024-07-02T19:34:04.126+0000] {logging_mixin.py:188} INFO - [2024-07-02T19:34:04.126+0000] {dagbag.py:545} INFO - Filling up the DagBag from /usr/local/python/3.10.13/lib/python3.10/site-packages/airflow/example_dags/example_time_delta_sensor_async.py
[2024-07-02T19:34:04.130+0000] {processor.py:840} INFO - DAG(s) 'example_time_delta_sensor_async' retrieved from /usr/local/python/3.10.13/lib/python3.10/site-packages/airflow/example_dags/example_time_delta_sensor_async.py
[2024-07-02T19:34:04.141+0000] {logging_mixin.py:188} INFO - [2024-07-02T19:34:04.141+0000] {dag.py:3096} INFO - Sync 1 DAGs
[2024-07-02T19:34:04.150+0000] {logging_mixin.py:188} INFO - [2024-07-02T19:34:04.150+0000] {dag.py:3954} INFO - Setting next_dagrun for example_time_delta_sensor_async to None, run_after=None
[2024-07-02T19:34:04.192+0000] {processor.py:183} INFO - Processing /usr/local/python/3.10.13/lib/python3.10/site-packages/airflow/example_dags/example_time_delta_sensor_async.py took 0.072 seconds
[2024-07-02T19:34:49.879+0000] {processor.py:161} INFO - Started process (PID=17041) to work on /usr/local/python/3.10.13/lib/python3.10/site-packages/airflow/example_dags/example_time_delta_sensor_async.py
[2024-07-02T19:34:49.879+0000] {processor.py:830} INFO - Processing file /usr/local/python/3.10.13/lib/python3.10/site-packages/airflow/example_dags/example_time_delta_sensor_async.py for tasks to queue
[2024-07-02T19:34:49.880+0000] {logging_mixin.py:188} INFO - [2024-07-02T19:34:49.880+0000] {dagbag.py:545} INFO - Filling up the DagBag from /usr/local/python/3.10.13/lib/python3.10/site-packages/airflow/example_dags/example_time_delta_sensor_async.py
[2024-07-02T19:34:49.884+0000] {processor.py:840} INFO - DAG(s) 'example_time_delta_sensor_async' retrieved from /usr/local/python/3.10.13/lib/python3.10/site-packages/airflow/example_dags/example_time_delta_sensor_async.py
[2024-07-02T19:34:49.895+0000] {logging_mixin.py:188} INFO - [2024-07-02T19:34:49.895+0000] {dag.py:3096} INFO - Sync 1 DAGs
[2024-07-02T19:34:49.904+0000] {logging_mixin.py:188} INFO - [2024-07-02T19:34:49.904+0000] {dag.py:3954} INFO - Setting next_dagrun for example_time_delta_sensor_async to None, run_after=None
[2024-07-02T19:34:49.958+0000] {processor.py:183} INFO - Processing /usr/local/python/3.10.13/lib/python3.10/site-packages/airflow/example_dags/example_time_delta_sensor_async.py took 0.084 seconds
[2024-07-02T19:35:36.986+0000] {processor.py:161} INFO - Started process (PID=17448) to work on /usr/local/python/3.10.13/lib/python3.10/site-packages/airflow/example_dags/example_time_delta_sensor_async.py
[2024-07-02T19:35:36.989+0000] {processor.py:830} INFO - Processing file /usr/local/python/3.10.13/lib/python3.10/site-packages/airflow/example_dags/example_time_delta_sensor_async.py for tasks to queue
[2024-07-02T19:35:36.990+0000] {logging_mixin.py:188} INFO - [2024-07-02T19:35:36.990+0000] {dagbag.py:545} INFO - Filling up the DagBag from /usr/local/python/3.10.13/lib/python3.10/site-packages/airflow/example_dags/example_time_delta_sensor_async.py
[2024-07-02T19:35:36.999+0000] {processor.py:840} INFO - DAG(s) 'example_time_delta_sensor_async' retrieved from /usr/local/python/3.10.13/lib/python3.10/site-packages/airflow/example_dags/example_time_delta_sensor_async.py
[2024-07-02T19:35:37.020+0000] {logging_mixin.py:188} INFO - [2024-07-02T19:35:37.020+0000] {dag.py:3096} INFO - Sync 1 DAGs
[2024-07-02T19:35:37.035+0000] {logging_mixin.py:188} INFO - [2024-07-02T19:35:37.034+0000] {dag.py:3954} INFO - Setting next_dagrun for example_time_delta_sensor_async to None, run_after=None
[2024-07-02T19:35:37.109+0000] {processor.py:183} INFO - Processing /usr/local/python/3.10.13/lib/python3.10/site-packages/airflow/example_dags/example_time_delta_sensor_async.py took 0.135 seconds
[2024-07-02T19:36:30.247+0000] {processor.py:161} INFO - Started process (PID=17892) to work on /usr/local/python/3.10.13/lib/python3.10/site-packages/airflow/example_dags/example_time_delta_sensor_async.py
[2024-07-02T19:36:30.248+0000] {processor.py:830} INFO - Processing file /usr/local/python/3.10.13/lib/python3.10/site-packages/airflow/example_dags/example_time_delta_sensor_async.py for tasks to queue
[2024-07-02T19:36:30.249+0000] {logging_mixin.py:188} INFO - [2024-07-02T19:36:30.248+0000] {dagbag.py:545} INFO - Filling up the DagBag from /usr/local/python/3.10.13/lib/python3.10/site-packages/airflow/example_dags/example_time_delta_sensor_async.py
[2024-07-02T19:36:30.255+0000] {processor.py:840} INFO - DAG(s) 'example_time_delta_sensor_async' retrieved from /usr/local/python/3.10.13/lib/python3.10/site-packages/airflow/example_dags/example_time_delta_sensor_async.py
[2024-07-02T19:36:30.267+0000] {logging_mixin.py:188} INFO - [2024-07-02T19:36:30.267+0000] {dag.py:3096} INFO - Sync 1 DAGs
[2024-07-02T19:36:30.276+0000] {logging_mixin.py:188} INFO - [2024-07-02T19:36:30.276+0000] {dag.py:3954} INFO - Setting next_dagrun for example_time_delta_sensor_async to None, run_after=None
[2024-07-02T19:36:30.315+0000] {processor.py:183} INFO - Processing /usr/local/python/3.10.13/lib/python3.10/site-packages/airflow/example_dags/example_time_delta_sensor_async.py took 0.073 seconds
[2024-07-02T19:37:22.355+0000] {processor.py:161} INFO - Started process (PID=18269) to work on /usr/local/python/3.10.13/lib/python3.10/site-packages/airflow/example_dags/example_time_delta_sensor_async.py
[2024-07-02T19:37:22.356+0000] {processor.py:830} INFO - Processing file /usr/local/python/3.10.13/lib/python3.10/site-packages/airflow/example_dags/example_time_delta_sensor_async.py for tasks to queue
[2024-07-02T19:37:22.357+0000] {logging_mixin.py:188} INFO - [2024-07-02T19:37:22.357+0000] {dagbag.py:545} INFO - Filling up the DagBag from /usr/local/python/3.10.13/lib/python3.10/site-packages/airflow/example_dags/example_time_delta_sensor_async.py
[2024-07-02T19:37:22.361+0000] {processor.py:840} INFO - DAG(s) 'example_time_delta_sensor_async' retrieved from /usr/local/python/3.10.13/lib/python3.10/site-packages/airflow/example_dags/example_time_delta_sensor_async.py
[2024-07-02T19:37:22.372+0000] {logging_mixin.py:188} INFO - [2024-07-02T19:37:22.372+0000] {dag.py:3096} INFO - Sync 1 DAGs
[2024-07-02T19:37:22.381+0000] {logging_mixin.py:188} INFO - [2024-07-02T19:37:22.381+0000] {dag.py:3954} INFO - Setting next_dagrun for example_time_delta_sensor_async to None, run_after=None
[2024-07-02T19:37:22.421+0000] {processor.py:183} INFO - Processing /usr/local/python/3.10.13/lib/python3.10/site-packages/airflow/example_dags/example_time_delta_sensor_async.py took 0.070 seconds
[2024-07-02T19:38:06.329+0000] {processor.py:161} INFO - Started process (PID=18583) to work on /usr/local/python/3.10.13/lib/python3.10/site-packages/airflow/example_dags/example_time_delta_sensor_async.py
[2024-07-02T19:38:06.329+0000] {processor.py:830} INFO - Processing file /usr/local/python/3.10.13/lib/python3.10/site-packages/airflow/example_dags/example_time_delta_sensor_async.py for tasks to queue
[2024-07-02T19:38:06.330+0000] {logging_mixin.py:188} INFO - [2024-07-02T19:38:06.330+0000] {dagbag.py:545} INFO - Filling up the DagBag from /usr/local/python/3.10.13/lib/python3.10/site-packages/airflow/example_dags/example_time_delta_sensor_async.py
[2024-07-02T19:38:06.334+0000] {processor.py:840} INFO - DAG(s) 'example_time_delta_sensor_async' retrieved from /usr/local/python/3.10.13/lib/python3.10/site-packages/airflow/example_dags/example_time_delta_sensor_async.py
[2024-07-02T19:38:06.345+0000] {logging_mixin.py:188} INFO - [2024-07-02T19:38:06.345+0000] {dag.py:3096} INFO - Sync 1 DAGs
[2024-07-02T19:38:06.354+0000] {logging_mixin.py:188} INFO - [2024-07-02T19:38:06.353+0000] {dag.py:3954} INFO - Setting next_dagrun for example_time_delta_sensor_async to None, run_after=None
[2024-07-02T19:38:06.395+0000] {processor.py:183} INFO - Processing /usr/local/python/3.10.13/lib/python3.10/site-packages/airflow/example_dags/example_time_delta_sensor_async.py took 0.071 seconds
[2024-07-02T19:38:49.043+0000] {processor.py:161} INFO - Started process (PID=18878) to work on /usr/local/python/3.10.13/lib/python3.10/site-packages/airflow/example_dags/example_time_delta_sensor_async.py
[2024-07-02T19:38:49.044+0000] {processor.py:830} INFO - Processing file /usr/local/python/3.10.13/lib/python3.10/site-packages/airflow/example_dags/example_time_delta_sensor_async.py for tasks to queue
[2024-07-02T19:38:49.045+0000] {logging_mixin.py:188} INFO - [2024-07-02T19:38:49.045+0000] {dagbag.py:545} INFO - Filling up the DagBag from /usr/local/python/3.10.13/lib/python3.10/site-packages/airflow/example_dags/example_time_delta_sensor_async.py
[2024-07-02T19:38:49.050+0000] {processor.py:840} INFO - DAG(s) 'example_time_delta_sensor_async' retrieved from /usr/local/python/3.10.13/lib/python3.10/site-packages/airflow/example_dags/example_time_delta_sensor_async.py
[2024-07-02T19:38:49.066+0000] {logging_mixin.py:188} INFO - [2024-07-02T19:38:49.066+0000] {dag.py:3096} INFO - Sync 1 DAGs
[2024-07-02T19:38:49.079+0000] {logging_mixin.py:188} INFO - [2024-07-02T19:38:49.079+0000] {dag.py:3954} INFO - Setting next_dagrun for example_time_delta_sensor_async to None, run_after=None
[2024-07-02T19:38:49.127+0000] {processor.py:183} INFO - Processing /usr/local/python/3.10.13/lib/python3.10/site-packages/airflow/example_dags/example_time_delta_sensor_async.py took 0.089 seconds
[2024-07-02T19:39:32.623+0000] {processor.py:161} INFO - Started process (PID=19223) to work on /usr/local/python/3.10.13/lib/python3.10/site-packages/airflow/example_dags/example_time_delta_sensor_async.py
[2024-07-02T19:39:32.624+0000] {processor.py:830} INFO - Processing file /usr/local/python/3.10.13/lib/python3.10/site-packages/airflow/example_dags/example_time_delta_sensor_async.py for tasks to queue
[2024-07-02T19:39:32.624+0000] {logging_mixin.py:188} INFO - [2024-07-02T19:39:32.624+0000] {dagbag.py:545} INFO - Filling up the DagBag from /usr/local/python/3.10.13/lib/python3.10/site-packages/airflow/example_dags/example_time_delta_sensor_async.py
[2024-07-02T19:39:32.628+0000] {processor.py:840} INFO - DAG(s) 'example_time_delta_sensor_async' retrieved from /usr/local/python/3.10.13/lib/python3.10/site-packages/airflow/example_dags/example_time_delta_sensor_async.py
[2024-07-02T19:39:32.639+0000] {logging_mixin.py:188} INFO - [2024-07-02T19:39:32.639+0000] {dag.py:3096} INFO - Sync 1 DAGs
[2024-07-02T19:39:32.648+0000] {logging_mixin.py:188} INFO - [2024-07-02T19:39:32.648+0000] {dag.py:3954} INFO - Setting next_dagrun for example_time_delta_sensor_async to None, run_after=None
[2024-07-02T19:39:32.687+0000] {processor.py:183} INFO - Processing /usr/local/python/3.10.13/lib/python3.10/site-packages/airflow/example_dags/example_time_delta_sensor_async.py took 0.069 seconds
[2024-07-02T19:40:30.036+0000] {processor.py:161} INFO - Started process (PID=19644) to work on /usr/local/python/3.10.13/lib/python3.10/site-packages/airflow/example_dags/example_time_delta_sensor_async.py
[2024-07-02T19:40:30.037+0000] {processor.py:830} INFO - Processing file /usr/local/python/3.10.13/lib/python3.10/site-packages/airflow/example_dags/example_time_delta_sensor_async.py for tasks to queue
[2024-07-02T19:40:30.038+0000] {logging_mixin.py:188} INFO - [2024-07-02T19:40:30.038+0000] {dagbag.py:545} INFO - Filling up the DagBag from /usr/local/python/3.10.13/lib/python3.10/site-packages/airflow/example_dags/example_time_delta_sensor_async.py
[2024-07-02T19:40:30.041+0000] {processor.py:840} INFO - DAG(s) 'example_time_delta_sensor_async' retrieved from /usr/local/python/3.10.13/lib/python3.10/site-packages/airflow/example_dags/example_time_delta_sensor_async.py
[2024-07-02T19:40:30.057+0000] {logging_mixin.py:188} INFO - [2024-07-02T19:40:30.056+0000] {dag.py:3096} INFO - Sync 1 DAGs
[2024-07-02T19:40:30.070+0000] {logging_mixin.py:188} INFO - [2024-07-02T19:40:30.069+0000] {dag.py:3954} INFO - Setting next_dagrun for example_time_delta_sensor_async to None, run_after=None
[2024-07-02T19:40:30.110+0000] {processor.py:183} INFO - Processing /usr/local/python/3.10.13/lib/python3.10/site-packages/airflow/example_dags/example_time_delta_sensor_async.py took 0.083 seconds
[2024-07-02T19:41:13.991+0000] {processor.py:161} INFO - Started process (PID=19994) to work on /usr/local/python/3.10.13/lib/python3.10/site-packages/airflow/example_dags/example_time_delta_sensor_async.py
[2024-07-02T19:41:13.991+0000] {processor.py:830} INFO - Processing file /usr/local/python/3.10.13/lib/python3.10/site-packages/airflow/example_dags/example_time_delta_sensor_async.py for tasks to queue
[2024-07-02T19:41:13.992+0000] {logging_mixin.py:188} INFO - [2024-07-02T19:41:13.992+0000] {dagbag.py:545} INFO - Filling up the DagBag from /usr/local/python/3.10.13/lib/python3.10/site-packages/airflow/example_dags/example_time_delta_sensor_async.py
[2024-07-02T19:41:13.995+0000] {processor.py:840} INFO - DAG(s) 'example_time_delta_sensor_async' retrieved from /usr/local/python/3.10.13/lib/python3.10/site-packages/airflow/example_dags/example_time_delta_sensor_async.py
[2024-07-02T19:41:14.008+0000] {logging_mixin.py:188} INFO - [2024-07-02T19:41:14.008+0000] {dag.py:3096} INFO - Sync 1 DAGs
[2024-07-02T19:41:14.017+0000] {logging_mixin.py:188} INFO - [2024-07-02T19:41:14.017+0000] {dag.py:3954} INFO - Setting next_dagrun for example_time_delta_sensor_async to None, run_after=None
[2024-07-02T19:41:14.059+0000] {processor.py:183} INFO - Processing /usr/local/python/3.10.13/lib/python3.10/site-packages/airflow/example_dags/example_time_delta_sensor_async.py took 0.073 seconds
[2024-07-02T19:41:56.891+0000] {processor.py:161} INFO - Started process (PID=20316) to work on /usr/local/python/3.10.13/lib/python3.10/site-packages/airflow/example_dags/example_time_delta_sensor_async.py
[2024-07-02T19:41:56.892+0000] {processor.py:830} INFO - Processing file /usr/local/python/3.10.13/lib/python3.10/site-packages/airflow/example_dags/example_time_delta_sensor_async.py for tasks to queue
[2024-07-02T19:41:56.892+0000] {logging_mixin.py:188} INFO - [2024-07-02T19:41:56.892+0000] {dagbag.py:545} INFO - Filling up the DagBag from /usr/local/python/3.10.13/lib/python3.10/site-packages/airflow/example_dags/example_time_delta_sensor_async.py
[2024-07-02T19:41:56.896+0000] {processor.py:840} INFO - DAG(s) 'example_time_delta_sensor_async' retrieved from /usr/local/python/3.10.13/lib/python3.10/site-packages/airflow/example_dags/example_time_delta_sensor_async.py
[2024-07-02T19:41:56.907+0000] {logging_mixin.py:188} INFO - [2024-07-02T19:41:56.907+0000] {dag.py:3096} INFO - Sync 1 DAGs
[2024-07-02T19:41:56.916+0000] {logging_mixin.py:188} INFO - [2024-07-02T19:41:56.916+0000] {dag.py:3954} INFO - Setting next_dagrun for example_time_delta_sensor_async to None, run_after=None
[2024-07-02T19:41:56.959+0000] {processor.py:183} INFO - Processing /usr/local/python/3.10.13/lib/python3.10/site-packages/airflow/example_dags/example_time_delta_sensor_async.py took 0.073 seconds
[2024-07-02T19:42:37.350+0000] {processor.py:161} INFO - Started process (PID=20624) to work on /usr/local/python/3.10.13/lib/python3.10/site-packages/airflow/example_dags/example_time_delta_sensor_async.py
[2024-07-02T19:42:37.351+0000] {processor.py:830} INFO - Processing file /usr/local/python/3.10.13/lib/python3.10/site-packages/airflow/example_dags/example_time_delta_sensor_async.py for tasks to queue
[2024-07-02T19:42:37.352+0000] {logging_mixin.py:188} INFO - [2024-07-02T19:42:37.351+0000] {dagbag.py:545} INFO - Filling up the DagBag from /usr/local/python/3.10.13/lib/python3.10/site-packages/airflow/example_dags/example_time_delta_sensor_async.py
[2024-07-02T19:42:37.356+0000] {processor.py:840} INFO - DAG(s) 'example_time_delta_sensor_async' retrieved from /usr/local/python/3.10.13/lib/python3.10/site-packages/airflow/example_dags/example_time_delta_sensor_async.py
[2024-07-02T19:42:37.367+0000] {logging_mixin.py:188} INFO - [2024-07-02T19:42:37.367+0000] {dag.py:3096} INFO - Sync 1 DAGs
[2024-07-02T19:42:37.375+0000] {logging_mixin.py:188} INFO - [2024-07-02T19:42:37.375+0000] {dag.py:3954} INFO - Setting next_dagrun for example_time_delta_sensor_async to None, run_after=None
[2024-07-02T19:42:37.417+0000] {processor.py:183} INFO - Processing /usr/local/python/3.10.13/lib/python3.10/site-packages/airflow/example_dags/example_time_delta_sensor_async.py took 0.071 seconds
[2024-07-02T19:43:28.299+0000] {processor.py:161} INFO - Started process (PID=21065) to work on /usr/local/python/3.10.13/lib/python3.10/site-packages/airflow/example_dags/example_time_delta_sensor_async.py
[2024-07-02T19:43:28.299+0000] {processor.py:830} INFO - Processing file /usr/local/python/3.10.13/lib/python3.10/site-packages/airflow/example_dags/example_time_delta_sensor_async.py for tasks to queue
[2024-07-02T19:43:28.300+0000] {logging_mixin.py:188} INFO - [2024-07-02T19:43:28.300+0000] {dagbag.py:545} INFO - Filling up the DagBag from /usr/local/python/3.10.13/lib/python3.10/site-packages/airflow/example_dags/example_time_delta_sensor_async.py
[2024-07-02T19:43:28.303+0000] {processor.py:840} INFO - DAG(s) 'example_time_delta_sensor_async' retrieved from /usr/local/python/3.10.13/lib/python3.10/site-packages/airflow/example_dags/example_time_delta_sensor_async.py
[2024-07-02T19:43:28.315+0000] {logging_mixin.py:188} INFO - [2024-07-02T19:43:28.315+0000] {dag.py:3096} INFO - Sync 1 DAGs
[2024-07-02T19:43:28.326+0000] {logging_mixin.py:188} INFO - [2024-07-02T19:43:28.326+0000] {dag.py:3954} INFO - Setting next_dagrun for example_time_delta_sensor_async to None, run_after=None
[2024-07-02T19:43:28.378+0000] {processor.py:183} INFO - Processing /usr/local/python/3.10.13/lib/python3.10/site-packages/airflow/example_dags/example_time_delta_sensor_async.py took 0.084 seconds
[2024-07-02T19:44:20.354+0000] {processor.py:161} INFO - Started process (PID=21461) to work on /usr/local/python/3.10.13/lib/python3.10/site-packages/airflow/example_dags/example_time_delta_sensor_async.py
[2024-07-02T19:44:20.355+0000] {processor.py:830} INFO - Processing file /usr/local/python/3.10.13/lib/python3.10/site-packages/airflow/example_dags/example_time_delta_sensor_async.py for tasks to queue
[2024-07-02T19:44:20.355+0000] {logging_mixin.py:188} INFO - [2024-07-02T19:44:20.355+0000] {dagbag.py:545} INFO - Filling up the DagBag from /usr/local/python/3.10.13/lib/python3.10/site-packages/airflow/example_dags/example_time_delta_sensor_async.py
[2024-07-02T19:44:20.359+0000] {processor.py:840} INFO - DAG(s) 'example_time_delta_sensor_async' retrieved from /usr/local/python/3.10.13/lib/python3.10/site-packages/airflow/example_dags/example_time_delta_sensor_async.py
[2024-07-02T19:44:20.370+0000] {logging_mixin.py:188} INFO - [2024-07-02T19:44:20.370+0000] {dag.py:3096} INFO - Sync 1 DAGs
[2024-07-02T19:44:20.379+0000] {logging_mixin.py:188} INFO - [2024-07-02T19:44:20.378+0000] {dag.py:3954} INFO - Setting next_dagrun for example_time_delta_sensor_async to None, run_after=None
[2024-07-02T19:44:20.420+0000] {processor.py:183} INFO - Processing /usr/local/python/3.10.13/lib/python3.10/site-packages/airflow/example_dags/example_time_delta_sensor_async.py took 0.071 seconds
[2024-07-02T19:45:02.372+0000] {processor.py:161} INFO - Started process (PID=21775) to work on /usr/local/python/3.10.13/lib/python3.10/site-packages/airflow/example_dags/example_time_delta_sensor_async.py
[2024-07-02T19:45:02.372+0000] {processor.py:830} INFO - Processing file /usr/local/python/3.10.13/lib/python3.10/site-packages/airflow/example_dags/example_time_delta_sensor_async.py for tasks to queue
[2024-07-02T19:45:02.373+0000] {logging_mixin.py:188} INFO - [2024-07-02T19:45:02.373+0000] {dagbag.py:545} INFO - Filling up the DagBag from /usr/local/python/3.10.13/lib/python3.10/site-packages/airflow/example_dags/example_time_delta_sensor_async.py
[2024-07-02T19:45:02.377+0000] {processor.py:840} INFO - DAG(s) 'example_time_delta_sensor_async' retrieved from /usr/local/python/3.10.13/lib/python3.10/site-packages/airflow/example_dags/example_time_delta_sensor_async.py
[2024-07-02T19:45:02.390+0000] {logging_mixin.py:188} INFO - [2024-07-02T19:45:02.390+0000] {dag.py:3096} INFO - Sync 1 DAGs
[2024-07-02T19:45:02.400+0000] {logging_mixin.py:188} INFO - [2024-07-02T19:45:02.399+0000] {dag.py:3954} INFO - Setting next_dagrun for example_time_delta_sensor_async to None, run_after=None
[2024-07-02T19:45:02.441+0000] {processor.py:183} INFO - Processing /usr/local/python/3.10.13/lib/python3.10/site-packages/airflow/example_dags/example_time_delta_sensor_async.py took 0.074 seconds
[2024-07-02T19:45:43.536+0000] {processor.py:161} INFO - Started process (PID=22075) to work on /usr/local/python/3.10.13/lib/python3.10/site-packages/airflow/example_dags/example_time_delta_sensor_async.py
[2024-07-02T19:45:43.537+0000] {processor.py:830} INFO - Processing file /usr/local/python/3.10.13/lib/python3.10/site-packages/airflow/example_dags/example_time_delta_sensor_async.py for tasks to queue
[2024-07-02T19:45:43.538+0000] {logging_mixin.py:188} INFO - [2024-07-02T19:45:43.537+0000] {dagbag.py:545} INFO - Filling up the DagBag from /usr/local/python/3.10.13/lib/python3.10/site-packages/airflow/example_dags/example_time_delta_sensor_async.py
[2024-07-02T19:45:43.542+0000] {processor.py:840} INFO - DAG(s) 'example_time_delta_sensor_async' retrieved from /usr/local/python/3.10.13/lib/python3.10/site-packages/airflow/example_dags/example_time_delta_sensor_async.py
[2024-07-02T19:45:43.554+0000] {logging_mixin.py:188} INFO - [2024-07-02T19:45:43.554+0000] {dag.py:3096} INFO - Sync 1 DAGs
[2024-07-02T19:45:43.563+0000] {logging_mixin.py:188} INFO - [2024-07-02T19:45:43.563+0000] {dag.py:3954} INFO - Setting next_dagrun for example_time_delta_sensor_async to None, run_after=None
[2024-07-02T19:45:43.603+0000] {processor.py:183} INFO - Processing /usr/local/python/3.10.13/lib/python3.10/site-packages/airflow/example_dags/example_time_delta_sensor_async.py took 0.071 seconds
[2024-07-02T19:46:26.410+0000] {processor.py:161} INFO - Started process (PID=22366) to work on /usr/local/python/3.10.13/lib/python3.10/site-packages/airflow/example_dags/example_time_delta_sensor_async.py
[2024-07-02T19:46:26.410+0000] {processor.py:830} INFO - Processing file /usr/local/python/3.10.13/lib/python3.10/site-packages/airflow/example_dags/example_time_delta_sensor_async.py for tasks to queue
[2024-07-02T19:46:26.411+0000] {logging_mixin.py:188} INFO - [2024-07-02T19:46:26.411+0000] {dagbag.py:545} INFO - Filling up the DagBag from /usr/local/python/3.10.13/lib/python3.10/site-packages/airflow/example_dags/example_time_delta_sensor_async.py
[2024-07-02T19:46:26.415+0000] {processor.py:840} INFO - DAG(s) 'example_time_delta_sensor_async' retrieved from /usr/local/python/3.10.13/lib/python3.10/site-packages/airflow/example_dags/example_time_delta_sensor_async.py
[2024-07-02T19:46:26.426+0000] {logging_mixin.py:188} INFO - [2024-07-02T19:46:26.426+0000] {dag.py:3096} INFO - Sync 1 DAGs
[2024-07-02T19:46:26.435+0000] {logging_mixin.py:188} INFO - [2024-07-02T19:46:26.435+0000] {dag.py:3954} INFO - Setting next_dagrun for example_time_delta_sensor_async to None, run_after=None
[2024-07-02T19:46:26.476+0000] {processor.py:183} INFO - Processing /usr/local/python/3.10.13/lib/python3.10/site-packages/airflow/example_dags/example_time_delta_sensor_async.py took 0.071 seconds
[2024-07-02T19:47:14.129+0000] {processor.py:161} INFO - Started process (PID=22698) to work on /usr/local/python/3.10.13/lib/python3.10/site-packages/airflow/example_dags/example_time_delta_sensor_async.py
[2024-07-02T19:47:14.129+0000] {processor.py:830} INFO - Processing file /usr/local/python/3.10.13/lib/python3.10/site-packages/airflow/example_dags/example_time_delta_sensor_async.py for tasks to queue
[2024-07-02T19:47:14.130+0000] {logging_mixin.py:188} INFO - [2024-07-02T19:47:14.130+0000] {dagbag.py:545} INFO - Filling up the DagBag from /usr/local/python/3.10.13/lib/python3.10/site-packages/airflow/example_dags/example_time_delta_sensor_async.py
[2024-07-02T19:47:14.134+0000] {processor.py:840} INFO - DAG(s) 'example_time_delta_sensor_async' retrieved from /usr/local/python/3.10.13/lib/python3.10/site-packages/airflow/example_dags/example_time_delta_sensor_async.py
[2024-07-02T19:47:14.145+0000] {logging_mixin.py:188} INFO - [2024-07-02T19:47:14.145+0000] {dag.py:3096} INFO - Sync 1 DAGs
[2024-07-02T19:47:14.154+0000] {logging_mixin.py:188} INFO - [2024-07-02T19:47:14.153+0000] {dag.py:3954} INFO - Setting next_dagrun for example_time_delta_sensor_async to None, run_after=None
[2024-07-02T19:47:14.193+0000] {processor.py:183} INFO - Processing /usr/local/python/3.10.13/lib/python3.10/site-packages/airflow/example_dags/example_time_delta_sensor_async.py took 0.069 seconds
[2024-07-02T19:47:58.497+0000] {processor.py:161} INFO - Started process (PID=23018) to work on /usr/local/python/3.10.13/lib/python3.10/site-packages/airflow/example_dags/example_time_delta_sensor_async.py
[2024-07-02T19:47:58.497+0000] {processor.py:830} INFO - Processing file /usr/local/python/3.10.13/lib/python3.10/site-packages/airflow/example_dags/example_time_delta_sensor_async.py for tasks to queue
[2024-07-02T19:47:58.498+0000] {logging_mixin.py:188} INFO - [2024-07-02T19:47:58.498+0000] {dagbag.py:545} INFO - Filling up the DagBag from /usr/local/python/3.10.13/lib/python3.10/site-packages/airflow/example_dags/example_time_delta_sensor_async.py
[2024-07-02T19:47:58.502+0000] {processor.py:840} INFO - DAG(s) 'example_time_delta_sensor_async' retrieved from /usr/local/python/3.10.13/lib/python3.10/site-packages/airflow/example_dags/example_time_delta_sensor_async.py
[2024-07-02T19:47:58.513+0000] {logging_mixin.py:188} INFO - [2024-07-02T19:47:58.513+0000] {dag.py:3096} INFO - Sync 1 DAGs
[2024-07-02T19:47:58.522+0000] {logging_mixin.py:188} INFO - [2024-07-02T19:47:58.522+0000] {dag.py:3954} INFO - Setting next_dagrun for example_time_delta_sensor_async to None, run_after=None
[2024-07-02T19:47:58.562+0000] {processor.py:183} INFO - Processing /usr/local/python/3.10.13/lib/python3.10/site-packages/airflow/example_dags/example_time_delta_sensor_async.py took 0.070 seconds
[2024-07-02T19:48:39.614+0000] {processor.py:161} INFO - Started process (PID=23314) to work on /usr/local/python/3.10.13/lib/python3.10/site-packages/airflow/example_dags/example_time_delta_sensor_async.py
[2024-07-02T19:48:39.615+0000] {processor.py:830} INFO - Processing file /usr/local/python/3.10.13/lib/python3.10/site-packages/airflow/example_dags/example_time_delta_sensor_async.py for tasks to queue
[2024-07-02T19:48:39.616+0000] {logging_mixin.py:188} INFO - [2024-07-02T19:48:39.615+0000] {dagbag.py:545} INFO - Filling up the DagBag from /usr/local/python/3.10.13/lib/python3.10/site-packages/airflow/example_dags/example_time_delta_sensor_async.py
[2024-07-02T19:48:39.619+0000] {processor.py:840} INFO - DAG(s) 'example_time_delta_sensor_async' retrieved from /usr/local/python/3.10.13/lib/python3.10/site-packages/airflow/example_dags/example_time_delta_sensor_async.py
[2024-07-02T19:48:39.631+0000] {logging_mixin.py:188} INFO - [2024-07-02T19:48:39.630+0000] {dag.py:3096} INFO - Sync 1 DAGs
[2024-07-02T19:48:39.639+0000] {logging_mixin.py:188} INFO - [2024-07-02T19:48:39.639+0000] {dag.py:3954} INFO - Setting next_dagrun for example_time_delta_sensor_async to None, run_after=None
[2024-07-02T19:48:39.679+0000] {processor.py:183} INFO - Processing /usr/local/python/3.10.13/lib/python3.10/site-packages/airflow/example_dags/example_time_delta_sensor_async.py took 0.069 seconds
[2024-07-02T19:49:23.880+0000] {processor.py:161} INFO - Started process (PID=23646) to work on /usr/local/python/3.10.13/lib/python3.10/site-packages/airflow/example_dags/example_time_delta_sensor_async.py
[2024-07-02T19:49:23.881+0000] {processor.py:830} INFO - Processing file /usr/local/python/3.10.13/lib/python3.10/site-packages/airflow/example_dags/example_time_delta_sensor_async.py for tasks to queue
[2024-07-02T19:49:23.882+0000] {logging_mixin.py:188} INFO - [2024-07-02T19:49:23.882+0000] {dagbag.py:545} INFO - Filling up the DagBag from /usr/local/python/3.10.13/lib/python3.10/site-packages/airflow/example_dags/example_time_delta_sensor_async.py
[2024-07-02T19:49:23.885+0000] {processor.py:840} INFO - DAG(s) 'example_time_delta_sensor_async' retrieved from /usr/local/python/3.10.13/lib/python3.10/site-packages/airflow/example_dags/example_time_delta_sensor_async.py
[2024-07-02T19:49:23.896+0000] {logging_mixin.py:188} INFO - [2024-07-02T19:49:23.896+0000] {dag.py:3096} INFO - Sync 1 DAGs
[2024-07-02T19:49:23.905+0000] {logging_mixin.py:188} INFO - [2024-07-02T19:49:23.905+0000] {dag.py:3954} INFO - Setting next_dagrun for example_time_delta_sensor_async to None, run_after=None
[2024-07-02T19:49:23.945+0000] {processor.py:183} INFO - Processing /usr/local/python/3.10.13/lib/python3.10/site-packages/airflow/example_dags/example_time_delta_sensor_async.py took 0.069 seconds
[2024-07-02T19:50:09.190+0000] {processor.py:161} INFO - Started process (PID=23987) to work on /usr/local/python/3.10.13/lib/python3.10/site-packages/airflow/example_dags/example_time_delta_sensor_async.py
[2024-07-02T19:50:09.190+0000] {processor.py:830} INFO - Processing file /usr/local/python/3.10.13/lib/python3.10/site-packages/airflow/example_dags/example_time_delta_sensor_async.py for tasks to queue
[2024-07-02T19:50:09.191+0000] {logging_mixin.py:188} INFO - [2024-07-02T19:50:09.191+0000] {dagbag.py:545} INFO - Filling up the DagBag from /usr/local/python/3.10.13/lib/python3.10/site-packages/airflow/example_dags/example_time_delta_sensor_async.py
[2024-07-02T19:50:09.194+0000] {processor.py:840} INFO - DAG(s) 'example_time_delta_sensor_async' retrieved from /usr/local/python/3.10.13/lib/python3.10/site-packages/airflow/example_dags/example_time_delta_sensor_async.py
[2024-07-02T19:50:09.206+0000] {logging_mixin.py:188} INFO - [2024-07-02T19:50:09.206+0000] {dag.py:3096} INFO - Sync 1 DAGs
[2024-07-02T19:50:09.215+0000] {logging_mixin.py:188} INFO - [2024-07-02T19:50:09.215+0000] {dag.py:3954} INFO - Setting next_dagrun for example_time_delta_sensor_async to None, run_after=None
[2024-07-02T19:50:09.255+0000] {processor.py:183} INFO - Processing /usr/local/python/3.10.13/lib/python3.10/site-packages/airflow/example_dags/example_time_delta_sensor_async.py took 0.070 seconds
[2024-07-02T19:50:53.760+0000] {processor.py:161} INFO - Started process (PID=24338) to work on /usr/local/python/3.10.13/lib/python3.10/site-packages/airflow/example_dags/example_time_delta_sensor_async.py
[2024-07-02T19:50:53.760+0000] {processor.py:830} INFO - Processing file /usr/local/python/3.10.13/lib/python3.10/site-packages/airflow/example_dags/example_time_delta_sensor_async.py for tasks to queue
[2024-07-02T19:50:53.761+0000] {logging_mixin.py:188} INFO - [2024-07-02T19:50:53.761+0000] {dagbag.py:545} INFO - Filling up the DagBag from /usr/local/python/3.10.13/lib/python3.10/site-packages/airflow/example_dags/example_time_delta_sensor_async.py
[2024-07-02T19:50:53.765+0000] {processor.py:840} INFO - DAG(s) 'example_time_delta_sensor_async' retrieved from /usr/local/python/3.10.13/lib/python3.10/site-packages/airflow/example_dags/example_time_delta_sensor_async.py
[2024-07-02T19:50:53.776+0000] {logging_mixin.py:188} INFO - [2024-07-02T19:50:53.775+0000] {dag.py:3096} INFO - Sync 1 DAGs
[2024-07-02T19:50:53.784+0000] {logging_mixin.py:188} INFO - [2024-07-02T19:50:53.784+0000] {dag.py:3954} INFO - Setting next_dagrun for example_time_delta_sensor_async to None, run_after=None
[2024-07-02T19:50:53.824+0000] {processor.py:183} INFO - Processing /usr/local/python/3.10.13/lib/python3.10/site-packages/airflow/example_dags/example_time_delta_sensor_async.py took 0.068 seconds
[2024-07-02T19:51:38.289+0000] {processor.py:161} INFO - Started process (PID=24666) to work on /usr/local/python/3.10.13/lib/python3.10/site-packages/airflow/example_dags/example_time_delta_sensor_async.py
[2024-07-02T19:51:38.290+0000] {processor.py:830} INFO - Processing file /usr/local/python/3.10.13/lib/python3.10/site-packages/airflow/example_dags/example_time_delta_sensor_async.py for tasks to queue
[2024-07-02T19:51:38.290+0000] {logging_mixin.py:188} INFO - [2024-07-02T19:51:38.290+0000] {dagbag.py:545} INFO - Filling up the DagBag from /usr/local/python/3.10.13/lib/python3.10/site-packages/airflow/example_dags/example_time_delta_sensor_async.py
[2024-07-02T19:51:38.294+0000] {processor.py:840} INFO - DAG(s) 'example_time_delta_sensor_async' retrieved from /usr/local/python/3.10.13/lib/python3.10/site-packages/airflow/example_dags/example_time_delta_sensor_async.py
[2024-07-02T19:51:38.305+0000] {logging_mixin.py:188} INFO - [2024-07-02T19:51:38.305+0000] {dag.py:3096} INFO - Sync 1 DAGs
[2024-07-02T19:51:38.313+0000] {logging_mixin.py:188} INFO - [2024-07-02T19:51:38.313+0000] {dag.py:3954} INFO - Setting next_dagrun for example_time_delta_sensor_async to None, run_after=None
[2024-07-02T19:51:38.354+0000] {processor.py:183} INFO - Processing /usr/local/python/3.10.13/lib/python3.10/site-packages/airflow/example_dags/example_time_delta_sensor_async.py took 0.069 seconds
[2024-07-02T19:52:22.500+0000] {processor.py:161} INFO - Started process (PID=25007) to work on /usr/local/python/3.10.13/lib/python3.10/site-packages/airflow/example_dags/example_time_delta_sensor_async.py
[2024-07-02T19:52:22.502+0000] {processor.py:830} INFO - Processing file /usr/local/python/3.10.13/lib/python3.10/site-packages/airflow/example_dags/example_time_delta_sensor_async.py for tasks to queue
[2024-07-02T19:52:22.503+0000] {logging_mixin.py:188} INFO - [2024-07-02T19:52:22.503+0000] {dagbag.py:545} INFO - Filling up the DagBag from /usr/local/python/3.10.13/lib/python3.10/site-packages/airflow/example_dags/example_time_delta_sensor_async.py
[2024-07-02T19:52:22.508+0000] {processor.py:840} INFO - DAG(s) 'example_time_delta_sensor_async' retrieved from /usr/local/python/3.10.13/lib/python3.10/site-packages/airflow/example_dags/example_time_delta_sensor_async.py
[2024-07-02T19:52:22.533+0000] {logging_mixin.py:188} INFO - [2024-07-02T19:52:22.533+0000] {dag.py:3096} INFO - Sync 1 DAGs
[2024-07-02T19:52:22.552+0000] {logging_mixin.py:188} INFO - [2024-07-02T19:52:22.552+0000] {dag.py:3954} INFO - Setting next_dagrun for example_time_delta_sensor_async to None, run_after=None
[2024-07-02T19:52:22.595+0000] {processor.py:183} INFO - Processing /usr/local/python/3.10.13/lib/python3.10/site-packages/airflow/example_dags/example_time_delta_sensor_async.py took 0.115 seconds
[2024-07-02T19:53:07.881+0000] {processor.py:161} INFO - Started process (PID=25352) to work on /usr/local/python/3.10.13/lib/python3.10/site-packages/airflow/example_dags/example_time_delta_sensor_async.py
[2024-07-02T19:53:07.882+0000] {processor.py:830} INFO - Processing file /usr/local/python/3.10.13/lib/python3.10/site-packages/airflow/example_dags/example_time_delta_sensor_async.py for tasks to queue
[2024-07-02T19:53:07.883+0000] {logging_mixin.py:188} INFO - [2024-07-02T19:53:07.882+0000] {dagbag.py:545} INFO - Filling up the DagBag from /usr/local/python/3.10.13/lib/python3.10/site-packages/airflow/example_dags/example_time_delta_sensor_async.py
[2024-07-02T19:53:07.886+0000] {processor.py:840} INFO - DAG(s) 'example_time_delta_sensor_async' retrieved from /usr/local/python/3.10.13/lib/python3.10/site-packages/airflow/example_dags/example_time_delta_sensor_async.py
[2024-07-02T19:53:07.897+0000] {logging_mixin.py:188} INFO - [2024-07-02T19:53:07.897+0000] {dag.py:3096} INFO - Sync 1 DAGs
[2024-07-02T19:53:07.906+0000] {logging_mixin.py:188} INFO - [2024-07-02T19:53:07.906+0000] {dag.py:3954} INFO - Setting next_dagrun for example_time_delta_sensor_async to None, run_after=None
[2024-07-02T19:53:07.948+0000] {processor.py:183} INFO - Processing /usr/local/python/3.10.13/lib/python3.10/site-packages/airflow/example_dags/example_time_delta_sensor_async.py took 0.071 seconds
[2024-07-02T19:53:51.715+0000] {processor.py:161} INFO - Started process (PID=25674) to work on /usr/local/python/3.10.13/lib/python3.10/site-packages/airflow/example_dags/example_time_delta_sensor_async.py
[2024-07-02T19:53:51.716+0000] {processor.py:830} INFO - Processing file /usr/local/python/3.10.13/lib/python3.10/site-packages/airflow/example_dags/example_time_delta_sensor_async.py for tasks to queue
[2024-07-02T19:53:51.717+0000] {logging_mixin.py:188} INFO - [2024-07-02T19:53:51.716+0000] {dagbag.py:545} INFO - Filling up the DagBag from /usr/local/python/3.10.13/lib/python3.10/site-packages/airflow/example_dags/example_time_delta_sensor_async.py
[2024-07-02T19:53:51.720+0000] {processor.py:840} INFO - DAG(s) 'example_time_delta_sensor_async' retrieved from /usr/local/python/3.10.13/lib/python3.10/site-packages/airflow/example_dags/example_time_delta_sensor_async.py
[2024-07-02T19:53:51.731+0000] {logging_mixin.py:188} INFO - [2024-07-02T19:53:51.731+0000] {dag.py:3096} INFO - Sync 1 DAGs
[2024-07-02T19:53:51.740+0000] {logging_mixin.py:188} INFO - [2024-07-02T19:53:51.740+0000] {dag.py:3954} INFO - Setting next_dagrun for example_time_delta_sensor_async to None, run_after=None
[2024-07-02T19:53:51.782+0000] {processor.py:183} INFO - Processing /usr/local/python/3.10.13/lib/python3.10/site-packages/airflow/example_dags/example_time_delta_sensor_async.py took 0.071 seconds
[2024-07-02T19:54:36.610+0000] {processor.py:161} INFO - Started process (PID=26021) to work on /usr/local/python/3.10.13/lib/python3.10/site-packages/airflow/example_dags/example_time_delta_sensor_async.py
[2024-07-02T19:54:36.611+0000] {processor.py:830} INFO - Processing file /usr/local/python/3.10.13/lib/python3.10/site-packages/airflow/example_dags/example_time_delta_sensor_async.py for tasks to queue
[2024-07-02T19:54:36.612+0000] {logging_mixin.py:188} INFO - [2024-07-02T19:54:36.611+0000] {dagbag.py:545} INFO - Filling up the DagBag from /usr/local/python/3.10.13/lib/python3.10/site-packages/airflow/example_dags/example_time_delta_sensor_async.py
[2024-07-02T19:54:36.615+0000] {processor.py:840} INFO - DAG(s) 'example_time_delta_sensor_async' retrieved from /usr/local/python/3.10.13/lib/python3.10/site-packages/airflow/example_dags/example_time_delta_sensor_async.py
[2024-07-02T19:54:36.626+0000] {logging_mixin.py:188} INFO - [2024-07-02T19:54:36.626+0000] {dag.py:3096} INFO - Sync 1 DAGs
[2024-07-02T19:54:36.635+0000] {logging_mixin.py:188} INFO - [2024-07-02T19:54:36.635+0000] {dag.py:3954} INFO - Setting next_dagrun for example_time_delta_sensor_async to None, run_after=None
[2024-07-02T19:54:36.678+0000] {processor.py:183} INFO - Processing /usr/local/python/3.10.13/lib/python3.10/site-packages/airflow/example_dags/example_time_delta_sensor_async.py took 0.073 seconds
[2024-07-02T19:55:18.420+0000] {processor.py:161} INFO - Started process (PID=26348) to work on /usr/local/python/3.10.13/lib/python3.10/site-packages/airflow/example_dags/example_time_delta_sensor_async.py
[2024-07-02T19:55:18.420+0000] {processor.py:830} INFO - Processing file /usr/local/python/3.10.13/lib/python3.10/site-packages/airflow/example_dags/example_time_delta_sensor_async.py for tasks to queue
[2024-07-02T19:55:18.421+0000] {logging_mixin.py:188} INFO - [2024-07-02T19:55:18.421+0000] {dagbag.py:545} INFO - Filling up the DagBag from /usr/local/python/3.10.13/lib/python3.10/site-packages/airflow/example_dags/example_time_delta_sensor_async.py
[2024-07-02T19:55:18.425+0000] {processor.py:840} INFO - DAG(s) 'example_time_delta_sensor_async' retrieved from /usr/local/python/3.10.13/lib/python3.10/site-packages/airflow/example_dags/example_time_delta_sensor_async.py
[2024-07-02T19:55:18.438+0000] {logging_mixin.py:188} INFO - [2024-07-02T19:55:18.437+0000] {dag.py:3096} INFO - Sync 1 DAGs
[2024-07-02T19:55:18.447+0000] {logging_mixin.py:188} INFO - [2024-07-02T19:55:18.446+0000] {dag.py:3954} INFO - Setting next_dagrun for example_time_delta_sensor_async to None, run_after=None
[2024-07-02T19:55:18.486+0000] {processor.py:183} INFO - Processing /usr/local/python/3.10.13/lib/python3.10/site-packages/airflow/example_dags/example_time_delta_sensor_async.py took 0.071 seconds
[2024-07-02T19:56:05.135+0000] {processor.py:161} INFO - Started process (PID=26746) to work on /usr/local/python/3.10.13/lib/python3.10/site-packages/airflow/example_dags/example_time_delta_sensor_async.py
[2024-07-02T19:56:05.136+0000] {processor.py:830} INFO - Processing file /usr/local/python/3.10.13/lib/python3.10/site-packages/airflow/example_dags/example_time_delta_sensor_async.py for tasks to queue
[2024-07-02T19:56:05.137+0000] {logging_mixin.py:188} INFO - [2024-07-02T19:56:05.136+0000] {dagbag.py:545} INFO - Filling up the DagBag from /usr/local/python/3.10.13/lib/python3.10/site-packages/airflow/example_dags/example_time_delta_sensor_async.py
[2024-07-02T19:56:05.140+0000] {processor.py:840} INFO - DAG(s) 'example_time_delta_sensor_async' retrieved from /usr/local/python/3.10.13/lib/python3.10/site-packages/airflow/example_dags/example_time_delta_sensor_async.py
[2024-07-02T19:56:05.151+0000] {logging_mixin.py:188} INFO - [2024-07-02T19:56:05.151+0000] {dag.py:3096} INFO - Sync 1 DAGs
[2024-07-02T19:56:05.160+0000] {logging_mixin.py:188} INFO - [2024-07-02T19:56:05.160+0000] {dag.py:3954} INFO - Setting next_dagrun for example_time_delta_sensor_async to None, run_after=None
[2024-07-02T19:56:05.199+0000] {processor.py:183} INFO - Processing /usr/local/python/3.10.13/lib/python3.10/site-packages/airflow/example_dags/example_time_delta_sensor_async.py took 0.068 seconds
[2024-07-02T19:56:52.830+0000] {processor.py:161} INFO - Started process (PID=27180) to work on /usr/local/python/3.10.13/lib/python3.10/site-packages/airflow/example_dags/example_time_delta_sensor_async.py
[2024-07-02T19:56:52.831+0000] {processor.py:830} INFO - Processing file /usr/local/python/3.10.13/lib/python3.10/site-packages/airflow/example_dags/example_time_delta_sensor_async.py for tasks to queue
[2024-07-02T19:56:52.832+0000] {logging_mixin.py:188} INFO - [2024-07-02T19:56:52.831+0000] {dagbag.py:545} INFO - Filling up the DagBag from /usr/local/python/3.10.13/lib/python3.10/site-packages/airflow/example_dags/example_time_delta_sensor_async.py
[2024-07-02T19:56:52.835+0000] {processor.py:840} INFO - DAG(s) 'example_time_delta_sensor_async' retrieved from /usr/local/python/3.10.13/lib/python3.10/site-packages/airflow/example_dags/example_time_delta_sensor_async.py
[2024-07-02T19:56:52.846+0000] {logging_mixin.py:188} INFO - [2024-07-02T19:56:52.846+0000] {dag.py:3096} INFO - Sync 1 DAGs
[2024-07-02T19:56:52.855+0000] {logging_mixin.py:188} INFO - [2024-07-02T19:56:52.855+0000] {dag.py:3954} INFO - Setting next_dagrun for example_time_delta_sensor_async to None, run_after=None
[2024-07-02T19:56:52.895+0000] {processor.py:183} INFO - Processing /usr/local/python/3.10.13/lib/python3.10/site-packages/airflow/example_dags/example_time_delta_sensor_async.py took 0.070 seconds
