[2024-07-02T19:10:37.256+0000] {processor.py:161} INFO - Started process (PID=5697) to work on /usr/local/python/3.10.13/lib/python3.10/site-packages/airflow/example_dags/example_latest_only.py
[2024-07-02T19:10:37.257+0000] {processor.py:830} INFO - Processing file /usr/local/python/3.10.13/lib/python3.10/site-packages/airflow/example_dags/example_latest_only.py for tasks to queue
[2024-07-02T19:10:37.259+0000] {logging_mixin.py:188} INFO - [2024-07-02T19:10:37.258+0000] {dagbag.py:545} INFO - Filling up the DagBag from /usr/local/python/3.10.13/lib/python3.10/site-packages/airflow/example_dags/example_latest_only.py
[2024-07-02T19:10:37.264+0000] {processor.py:840} INFO - DAG(s) 'latest_only' retrieved from /usr/local/python/3.10.13/lib/python3.10/site-packages/airflow/example_dags/example_latest_only.py
[2024-07-02T19:10:37.487+0000] {logging_mixin.py:188} INFO - [2024-07-02T19:10:37.486+0000] {override.py:1829} INFO - Created Permission View: can edit on DAG:latest_only
[2024-07-02T19:10:37.520+0000] {logging_mixin.py:188} INFO - [2024-07-02T19:10:37.520+0000] {override.py:1829} INFO - Created Permission View: can read on DAG:latest_only
[2024-07-02T19:10:37.549+0000] {logging_mixin.py:188} INFO - [2024-07-02T19:10:37.549+0000] {override.py:1829} INFO - Created Permission View: can delete on DAG:latest_only
[2024-07-02T19:10:37.550+0000] {logging_mixin.py:188} INFO - [2024-07-02T19:10:37.550+0000] {dag.py:3096} INFO - Sync 1 DAGs
[2024-07-02T19:10:37.559+0000] {logging_mixin.py:188} INFO - [2024-07-02T19:10:37.559+0000] {dag.py:3118} INFO - Creating ORM DAG for latest_only
[2024-07-02T19:10:37.565+0000] {logging_mixin.py:188} INFO - [2024-07-02T19:10:37.565+0000] {dag.py:3954} INFO - Setting next_dagrun for latest_only to 2024-07-02 12:00:00+00:00, run_after=2024-07-02 16:00:00+00:00
[2024-07-02T19:10:37.609+0000] {processor.py:183} INFO - Processing /usr/local/python/3.10.13/lib/python3.10/site-packages/airflow/example_dags/example_latest_only.py took 0.357 seconds
[2024-07-02T19:11:37.659+0000] {processor.py:161} INFO - Started process (PID=6146) to work on /usr/local/python/3.10.13/lib/python3.10/site-packages/airflow/example_dags/example_latest_only.py
[2024-07-02T19:11:37.660+0000] {processor.py:830} INFO - Processing file /usr/local/python/3.10.13/lib/python3.10/site-packages/airflow/example_dags/example_latest_only.py for tasks to queue
[2024-07-02T19:11:37.661+0000] {logging_mixin.py:188} INFO - [2024-07-02T19:11:37.660+0000] {dagbag.py:545} INFO - Filling up the DagBag from /usr/local/python/3.10.13/lib/python3.10/site-packages/airflow/example_dags/example_latest_only.py
[2024-07-02T19:11:37.665+0000] {processor.py:840} INFO - DAG(s) 'latest_only' retrieved from /usr/local/python/3.10.13/lib/python3.10/site-packages/airflow/example_dags/example_latest_only.py
[2024-07-02T19:11:37.677+0000] {logging_mixin.py:188} INFO - [2024-07-02T19:11:37.676+0000] {dag.py:3096} INFO - Sync 1 DAGs
[2024-07-02T19:11:37.691+0000] {logging_mixin.py:188} INFO - [2024-07-02T19:11:37.691+0000] {dag.py:3954} INFO - Setting next_dagrun for latest_only to 2024-07-02 12:00:00+00:00, run_after=2024-07-02 16:00:00+00:00
[2024-07-02T19:11:37.731+0000] {processor.py:183} INFO - Processing /usr/local/python/3.10.13/lib/python3.10/site-packages/airflow/example_dags/example_latest_only.py took 0.076 seconds
[2024-07-02T19:12:27.644+0000] {processor.py:161} INFO - Started process (PID=6525) to work on /usr/local/python/3.10.13/lib/python3.10/site-packages/airflow/example_dags/example_latest_only.py
[2024-07-02T19:12:27.644+0000] {processor.py:830} INFO - Processing file /usr/local/python/3.10.13/lib/python3.10/site-packages/airflow/example_dags/example_latest_only.py for tasks to queue
[2024-07-02T19:12:27.646+0000] {logging_mixin.py:188} INFO - [2024-07-02T19:12:27.645+0000] {dagbag.py:545} INFO - Filling up the DagBag from /usr/local/python/3.10.13/lib/python3.10/site-packages/airflow/example_dags/example_latest_only.py
[2024-07-02T19:12:27.649+0000] {processor.py:840} INFO - DAG(s) 'latest_only' retrieved from /usr/local/python/3.10.13/lib/python3.10/site-packages/airflow/example_dags/example_latest_only.py
[2024-07-02T19:12:27.661+0000] {logging_mixin.py:188} INFO - [2024-07-02T19:12:27.661+0000] {dag.py:3096} INFO - Sync 1 DAGs
[2024-07-02T19:12:27.675+0000] {logging_mixin.py:188} INFO - [2024-07-02T19:12:27.675+0000] {dag.py:3954} INFO - Setting next_dagrun for latest_only to 2024-07-02 12:00:00+00:00, run_after=2024-07-02 16:00:00+00:00
[2024-07-02T19:12:27.715+0000] {processor.py:183} INFO - Processing /usr/local/python/3.10.13/lib/python3.10/site-packages/airflow/example_dags/example_latest_only.py took 0.076 seconds
[2024-07-02T19:13:16.598+0000] {processor.py:161} INFO - Started process (PID=6902) to work on /usr/local/python/3.10.13/lib/python3.10/site-packages/airflow/example_dags/example_latest_only.py
[2024-07-02T19:13:16.599+0000] {processor.py:830} INFO - Processing file /usr/local/python/3.10.13/lib/python3.10/site-packages/airflow/example_dags/example_latest_only.py for tasks to queue
[2024-07-02T19:13:16.600+0000] {logging_mixin.py:188} INFO - [2024-07-02T19:13:16.600+0000] {dagbag.py:545} INFO - Filling up the DagBag from /usr/local/python/3.10.13/lib/python3.10/site-packages/airflow/example_dags/example_latest_only.py
[2024-07-02T19:13:16.604+0000] {processor.py:840} INFO - DAG(s) 'latest_only' retrieved from /usr/local/python/3.10.13/lib/python3.10/site-packages/airflow/example_dags/example_latest_only.py
[2024-07-02T19:13:16.614+0000] {logging_mixin.py:188} INFO - [2024-07-02T19:13:16.614+0000] {dag.py:3096} INFO - Sync 1 DAGs
[2024-07-02T19:13:16.630+0000] {logging_mixin.py:188} INFO - [2024-07-02T19:13:16.630+0000] {dag.py:3954} INFO - Setting next_dagrun for latest_only to 2024-07-02 12:00:00+00:00, run_after=2024-07-02 16:00:00+00:00
[2024-07-02T19:13:16.670+0000] {processor.py:183} INFO - Processing /usr/local/python/3.10.13/lib/python3.10/site-packages/airflow/example_dags/example_latest_only.py took 0.076 seconds
[2024-07-02T19:14:17.966+0000] {processor.py:161} INFO - Started process (PID=7372) to work on /usr/local/python/3.10.13/lib/python3.10/site-packages/airflow/example_dags/example_latest_only.py
[2024-07-02T19:14:17.967+0000] {processor.py:830} INFO - Processing file /usr/local/python/3.10.13/lib/python3.10/site-packages/airflow/example_dags/example_latest_only.py for tasks to queue
[2024-07-02T19:14:17.968+0000] {logging_mixin.py:188} INFO - [2024-07-02T19:14:17.968+0000] {dagbag.py:545} INFO - Filling up the DagBag from /usr/local/python/3.10.13/lib/python3.10/site-packages/airflow/example_dags/example_latest_only.py
[2024-07-02T19:14:17.972+0000] {processor.py:840} INFO - DAG(s) 'latest_only' retrieved from /usr/local/python/3.10.13/lib/python3.10/site-packages/airflow/example_dags/example_latest_only.py
[2024-07-02T19:14:17.982+0000] {logging_mixin.py:188} INFO - [2024-07-02T19:14:17.982+0000] {dag.py:3096} INFO - Sync 1 DAGs
[2024-07-02T19:14:17.996+0000] {logging_mixin.py:188} INFO - [2024-07-02T19:14:17.996+0000] {dag.py:3954} INFO - Setting next_dagrun for latest_only to 2024-07-02 12:00:00+00:00, run_after=2024-07-02 16:00:00+00:00
[2024-07-02T19:14:18.038+0000] {processor.py:183} INFO - Processing /usr/local/python/3.10.13/lib/python3.10/site-packages/airflow/example_dags/example_latest_only.py took 0.077 seconds
[2024-07-02T19:15:21.780+0000] {processor.py:161} INFO - Started process (PID=7858) to work on /usr/local/python/3.10.13/lib/python3.10/site-packages/airflow/example_dags/example_latest_only.py
[2024-07-02T19:15:21.780+0000] {processor.py:830} INFO - Processing file /usr/local/python/3.10.13/lib/python3.10/site-packages/airflow/example_dags/example_latest_only.py for tasks to queue
[2024-07-02T19:15:21.781+0000] {logging_mixin.py:188} INFO - [2024-07-02T19:15:21.781+0000] {dagbag.py:545} INFO - Filling up the DagBag from /usr/local/python/3.10.13/lib/python3.10/site-packages/airflow/example_dags/example_latest_only.py
[2024-07-02T19:15:21.785+0000] {processor.py:840} INFO - DAG(s) 'latest_only' retrieved from /usr/local/python/3.10.13/lib/python3.10/site-packages/airflow/example_dags/example_latest_only.py
[2024-07-02T19:15:21.796+0000] {logging_mixin.py:188} INFO - [2024-07-02T19:15:21.796+0000] {dag.py:3096} INFO - Sync 1 DAGs
[2024-07-02T19:15:21.811+0000] {logging_mixin.py:188} INFO - [2024-07-02T19:15:21.811+0000] {dag.py:3954} INFO - Setting next_dagrun for latest_only to 2024-07-02 12:00:00+00:00, run_after=2024-07-02 16:00:00+00:00
[2024-07-02T19:15:21.852+0000] {processor.py:183} INFO - Processing /usr/local/python/3.10.13/lib/python3.10/site-packages/airflow/example_dags/example_latest_only.py took 0.077 seconds
[2024-07-02T19:16:24.129+0000] {processor.py:161} INFO - Started process (PID=8324) to work on /usr/local/python/3.10.13/lib/python3.10/site-packages/airflow/example_dags/example_latest_only.py
[2024-07-02T19:16:24.130+0000] {processor.py:830} INFO - Processing file /usr/local/python/3.10.13/lib/python3.10/site-packages/airflow/example_dags/example_latest_only.py for tasks to queue
[2024-07-02T19:16:24.131+0000] {logging_mixin.py:188} INFO - [2024-07-02T19:16:24.130+0000] {dagbag.py:545} INFO - Filling up the DagBag from /usr/local/python/3.10.13/lib/python3.10/site-packages/airflow/example_dags/example_latest_only.py
[2024-07-02T19:16:24.135+0000] {processor.py:840} INFO - DAG(s) 'latest_only' retrieved from /usr/local/python/3.10.13/lib/python3.10/site-packages/airflow/example_dags/example_latest_only.py
[2024-07-02T19:16:24.146+0000] {logging_mixin.py:188} INFO - [2024-07-02T19:16:24.146+0000] {dag.py:3096} INFO - Sync 1 DAGs
[2024-07-02T19:16:24.164+0000] {logging_mixin.py:188} INFO - [2024-07-02T19:16:24.163+0000] {dag.py:3954} INFO - Setting next_dagrun for latest_only to 2024-07-02 12:00:00+00:00, run_after=2024-07-02 16:00:00+00:00
[2024-07-02T19:16:24.205+0000] {processor.py:183} INFO - Processing /usr/local/python/3.10.13/lib/python3.10/site-packages/airflow/example_dags/example_latest_only.py took 0.080 seconds
[2024-07-02T19:17:09.737+0000] {processor.py:161} INFO - Started process (PID=8685) to work on /usr/local/python/3.10.13/lib/python3.10/site-packages/airflow/example_dags/example_latest_only.py
[2024-07-02T19:17:09.738+0000] {processor.py:830} INFO - Processing file /usr/local/python/3.10.13/lib/python3.10/site-packages/airflow/example_dags/example_latest_only.py for tasks to queue
[2024-07-02T19:17:09.738+0000] {logging_mixin.py:188} INFO - [2024-07-02T19:17:09.738+0000] {dagbag.py:545} INFO - Filling up the DagBag from /usr/local/python/3.10.13/lib/python3.10/site-packages/airflow/example_dags/example_latest_only.py
[2024-07-02T19:17:09.742+0000] {processor.py:840} INFO - DAG(s) 'latest_only' retrieved from /usr/local/python/3.10.13/lib/python3.10/site-packages/airflow/example_dags/example_latest_only.py
[2024-07-02T19:17:09.753+0000] {logging_mixin.py:188} INFO - [2024-07-02T19:17:09.753+0000] {dag.py:3096} INFO - Sync 1 DAGs
[2024-07-02T19:17:09.781+0000] {logging_mixin.py:188} INFO - [2024-07-02T19:17:09.781+0000] {dag.py:3954} INFO - Setting next_dagrun for latest_only to 2024-07-02 12:00:00+00:00, run_after=2024-07-02 16:00:00+00:00
[2024-07-02T19:17:09.827+0000] {processor.py:183} INFO - Processing /usr/local/python/3.10.13/lib/python3.10/site-packages/airflow/example_dags/example_latest_only.py took 0.095 seconds
[2024-07-02T19:17:56.216+0000] {processor.py:161} INFO - Started process (PID=9025) to work on /usr/local/python/3.10.13/lib/python3.10/site-packages/airflow/example_dags/example_latest_only.py
[2024-07-02T19:17:56.217+0000] {processor.py:830} INFO - Processing file /usr/local/python/3.10.13/lib/python3.10/site-packages/airflow/example_dags/example_latest_only.py for tasks to queue
[2024-07-02T19:17:56.218+0000] {logging_mixin.py:188} INFO - [2024-07-02T19:17:56.218+0000] {dagbag.py:545} INFO - Filling up the DagBag from /usr/local/python/3.10.13/lib/python3.10/site-packages/airflow/example_dags/example_latest_only.py
[2024-07-02T19:17:56.223+0000] {processor.py:840} INFO - DAG(s) 'latest_only' retrieved from /usr/local/python/3.10.13/lib/python3.10/site-packages/airflow/example_dags/example_latest_only.py
[2024-07-02T19:17:56.233+0000] {logging_mixin.py:188} INFO - [2024-07-02T19:17:56.233+0000] {dag.py:3096} INFO - Sync 1 DAGs
[2024-07-02T19:17:56.248+0000] {logging_mixin.py:188} INFO - [2024-07-02T19:17:56.248+0000] {dag.py:3954} INFO - Setting next_dagrun for latest_only to 2024-07-02 12:00:00+00:00, run_after=2024-07-02 16:00:00+00:00
[2024-07-02T19:17:56.289+0000] {processor.py:183} INFO - Processing /usr/local/python/3.10.13/lib/python3.10/site-packages/airflow/example_dags/example_latest_only.py took 0.077 seconds
[2024-07-02T19:18:37.693+0000] {processor.py:161} INFO - Started process (PID=9338) to work on /usr/local/python/3.10.13/lib/python3.10/site-packages/airflow/example_dags/example_latest_only.py
[2024-07-02T19:18:37.694+0000] {processor.py:830} INFO - Processing file /usr/local/python/3.10.13/lib/python3.10/site-packages/airflow/example_dags/example_latest_only.py for tasks to queue
[2024-07-02T19:18:37.695+0000] {logging_mixin.py:188} INFO - [2024-07-02T19:18:37.694+0000] {dagbag.py:545} INFO - Filling up the DagBag from /usr/local/python/3.10.13/lib/python3.10/site-packages/airflow/example_dags/example_latest_only.py
[2024-07-02T19:18:37.699+0000] {processor.py:840} INFO - DAG(s) 'latest_only' retrieved from /usr/local/python/3.10.13/lib/python3.10/site-packages/airflow/example_dags/example_latest_only.py
[2024-07-02T19:18:37.710+0000] {logging_mixin.py:188} INFO - [2024-07-02T19:18:37.709+0000] {dag.py:3096} INFO - Sync 1 DAGs
[2024-07-02T19:18:37.724+0000] {logging_mixin.py:188} INFO - [2024-07-02T19:18:37.724+0000] {dag.py:3954} INFO - Setting next_dagrun for latest_only to 2024-07-02 12:00:00+00:00, run_after=2024-07-02 16:00:00+00:00
[2024-07-02T19:18:37.764+0000] {processor.py:183} INFO - Processing /usr/local/python/3.10.13/lib/python3.10/site-packages/airflow/example_dags/example_latest_only.py took 0.075 seconds
[2024-07-02T19:19:23.833+0000] {processor.py:161} INFO - Started process (PID=9693) to work on /usr/local/python/3.10.13/lib/python3.10/site-packages/airflow/example_dags/example_latest_only.py
[2024-07-02T19:19:23.834+0000] {processor.py:830} INFO - Processing file /usr/local/python/3.10.13/lib/python3.10/site-packages/airflow/example_dags/example_latest_only.py for tasks to queue
[2024-07-02T19:19:23.835+0000] {logging_mixin.py:188} INFO - [2024-07-02T19:19:23.834+0000] {dagbag.py:545} INFO - Filling up the DagBag from /usr/local/python/3.10.13/lib/python3.10/site-packages/airflow/example_dags/example_latest_only.py
[2024-07-02T19:19:23.840+0000] {processor.py:840} INFO - DAG(s) 'latest_only' retrieved from /usr/local/python/3.10.13/lib/python3.10/site-packages/airflow/example_dags/example_latest_only.py
[2024-07-02T19:19:23.851+0000] {logging_mixin.py:188} INFO - [2024-07-02T19:19:23.851+0000] {dag.py:3096} INFO - Sync 1 DAGs
[2024-07-02T19:19:23.865+0000] {logging_mixin.py:188} INFO - [2024-07-02T19:19:23.865+0000] {dag.py:3954} INFO - Setting next_dagrun for latest_only to 2024-07-02 12:00:00+00:00, run_after=2024-07-02 16:00:00+00:00
[2024-07-02T19:19:23.917+0000] {processor.py:183} INFO - Processing /usr/local/python/3.10.13/lib/python3.10/site-packages/airflow/example_dags/example_latest_only.py took 0.091 seconds
[2024-07-02T19:20:09.813+0000] {processor.py:161} INFO - Started process (PID=10027) to work on /usr/local/python/3.10.13/lib/python3.10/site-packages/airflow/example_dags/example_latest_only.py
[2024-07-02T19:20:09.814+0000] {processor.py:830} INFO - Processing file /usr/local/python/3.10.13/lib/python3.10/site-packages/airflow/example_dags/example_latest_only.py for tasks to queue
[2024-07-02T19:20:09.814+0000] {logging_mixin.py:188} INFO - [2024-07-02T19:20:09.814+0000] {dagbag.py:545} INFO - Filling up the DagBag from /usr/local/python/3.10.13/lib/python3.10/site-packages/airflow/example_dags/example_latest_only.py
[2024-07-02T19:20:09.818+0000] {processor.py:840} INFO - DAG(s) 'latest_only' retrieved from /usr/local/python/3.10.13/lib/python3.10/site-packages/airflow/example_dags/example_latest_only.py
[2024-07-02T19:20:09.829+0000] {logging_mixin.py:188} INFO - [2024-07-02T19:20:09.829+0000] {dag.py:3096} INFO - Sync 1 DAGs
[2024-07-02T19:20:09.844+0000] {logging_mixin.py:188} INFO - [2024-07-02T19:20:09.844+0000] {dag.py:3954} INFO - Setting next_dagrun for latest_only to 2024-07-02 12:00:00+00:00, run_after=2024-07-02 16:00:00+00:00
[2024-07-02T19:20:09.882+0000] {processor.py:183} INFO - Processing /usr/local/python/3.10.13/lib/python3.10/site-packages/airflow/example_dags/example_latest_only.py took 0.074 seconds
[2024-07-02T19:20:57.735+0000] {processor.py:161} INFO - Started process (PID=10399) to work on /usr/local/python/3.10.13/lib/python3.10/site-packages/airflow/example_dags/example_latest_only.py
[2024-07-02T19:20:57.736+0000] {processor.py:830} INFO - Processing file /usr/local/python/3.10.13/lib/python3.10/site-packages/airflow/example_dags/example_latest_only.py for tasks to queue
[2024-07-02T19:20:57.736+0000] {logging_mixin.py:188} INFO - [2024-07-02T19:20:57.736+0000] {dagbag.py:545} INFO - Filling up the DagBag from /usr/local/python/3.10.13/lib/python3.10/site-packages/airflow/example_dags/example_latest_only.py
[2024-07-02T19:20:57.740+0000] {processor.py:840} INFO - DAG(s) 'latest_only' retrieved from /usr/local/python/3.10.13/lib/python3.10/site-packages/airflow/example_dags/example_latest_only.py
[2024-07-02T19:20:57.751+0000] {logging_mixin.py:188} INFO - [2024-07-02T19:20:57.751+0000] {dag.py:3096} INFO - Sync 1 DAGs
[2024-07-02T19:20:57.766+0000] {logging_mixin.py:188} INFO - [2024-07-02T19:20:57.766+0000] {dag.py:3954} INFO - Setting next_dagrun for latest_only to 2024-07-02 12:00:00+00:00, run_after=2024-07-02 16:00:00+00:00
[2024-07-02T19:20:57.807+0000] {processor.py:183} INFO - Processing /usr/local/python/3.10.13/lib/python3.10/site-packages/airflow/example_dags/example_latest_only.py took 0.076 seconds
[2024-07-02T19:21:44.896+0000] {processor.py:161} INFO - Started process (PID=10757) to work on /usr/local/python/3.10.13/lib/python3.10/site-packages/airflow/example_dags/example_latest_only.py
[2024-07-02T19:21:44.900+0000] {processor.py:830} INFO - Processing file /usr/local/python/3.10.13/lib/python3.10/site-packages/airflow/example_dags/example_latest_only.py for tasks to queue
[2024-07-02T19:21:44.901+0000] {logging_mixin.py:188} INFO - [2024-07-02T19:21:44.900+0000] {dagbag.py:545} INFO - Filling up the DagBag from /usr/local/python/3.10.13/lib/python3.10/site-packages/airflow/example_dags/example_latest_only.py
[2024-07-02T19:21:44.907+0000] {processor.py:840} INFO - DAG(s) 'latest_only' retrieved from /usr/local/python/3.10.13/lib/python3.10/site-packages/airflow/example_dags/example_latest_only.py
[2024-07-02T19:21:44.925+0000] {logging_mixin.py:188} INFO - [2024-07-02T19:21:44.925+0000] {dag.py:3096} INFO - Sync 1 DAGs
[2024-07-02T19:21:44.953+0000] {logging_mixin.py:188} INFO - [2024-07-02T19:21:44.952+0000] {dag.py:3954} INFO - Setting next_dagrun for latest_only to 2024-07-02 12:00:00+00:00, run_after=2024-07-02 16:00:00+00:00
[2024-07-02T19:21:45.009+0000] {processor.py:183} INFO - Processing /usr/local/python/3.10.13/lib/python3.10/site-packages/airflow/example_dags/example_latest_only.py took 0.121 seconds
[2024-07-02T19:22:31.080+0000] {processor.py:161} INFO - Started process (PID=11099) to work on /usr/local/python/3.10.13/lib/python3.10/site-packages/airflow/example_dags/example_latest_only.py
[2024-07-02T19:22:31.081+0000] {processor.py:830} INFO - Processing file /usr/local/python/3.10.13/lib/python3.10/site-packages/airflow/example_dags/example_latest_only.py for tasks to queue
[2024-07-02T19:22:31.082+0000] {logging_mixin.py:188} INFO - [2024-07-02T19:22:31.082+0000] {dagbag.py:545} INFO - Filling up the DagBag from /usr/local/python/3.10.13/lib/python3.10/site-packages/airflow/example_dags/example_latest_only.py
[2024-07-02T19:22:31.086+0000] {processor.py:840} INFO - DAG(s) 'latest_only' retrieved from /usr/local/python/3.10.13/lib/python3.10/site-packages/airflow/example_dags/example_latest_only.py
[2024-07-02T19:22:31.097+0000] {logging_mixin.py:188} INFO - [2024-07-02T19:22:31.097+0000] {dag.py:3096} INFO - Sync 1 DAGs
[2024-07-02T19:22:31.112+0000] {logging_mixin.py:188} INFO - [2024-07-02T19:22:31.112+0000] {dag.py:3954} INFO - Setting next_dagrun for latest_only to 2024-07-02 12:00:00+00:00, run_after=2024-07-02 16:00:00+00:00
[2024-07-02T19:22:31.155+0000] {processor.py:183} INFO - Processing /usr/local/python/3.10.13/lib/python3.10/site-packages/airflow/example_dags/example_latest_only.py took 0.081 seconds
[2024-07-02T19:23:32.572+0000] {processor.py:161} INFO - Started process (PID=11567) to work on /usr/local/python/3.10.13/lib/python3.10/site-packages/airflow/example_dags/example_latest_only.py
[2024-07-02T19:23:32.573+0000] {processor.py:830} INFO - Processing file /usr/local/python/3.10.13/lib/python3.10/site-packages/airflow/example_dags/example_latest_only.py for tasks to queue
[2024-07-02T19:23:32.574+0000] {logging_mixin.py:188} INFO - [2024-07-02T19:23:32.573+0000] {dagbag.py:545} INFO - Filling up the DagBag from /usr/local/python/3.10.13/lib/python3.10/site-packages/airflow/example_dags/example_latest_only.py
[2024-07-02T19:23:32.578+0000] {processor.py:840} INFO - DAG(s) 'latest_only' retrieved from /usr/local/python/3.10.13/lib/python3.10/site-packages/airflow/example_dags/example_latest_only.py
[2024-07-02T19:23:32.590+0000] {logging_mixin.py:188} INFO - [2024-07-02T19:23:32.590+0000] {dag.py:3096} INFO - Sync 1 DAGs
[2024-07-02T19:23:32.605+0000] {logging_mixin.py:188} INFO - [2024-07-02T19:23:32.604+0000] {dag.py:3954} INFO - Setting next_dagrun for latest_only to 2024-07-02 12:00:00+00:00, run_after=2024-07-02 16:00:00+00:00
[2024-07-02T19:23:32.647+0000] {processor.py:183} INFO - Processing /usr/local/python/3.10.13/lib/python3.10/site-packages/airflow/example_dags/example_latest_only.py took 0.080 seconds
[2024-07-02T19:24:15.034+0000] {processor.py:161} INFO - Started process (PID=11906) to work on /usr/local/python/3.10.13/lib/python3.10/site-packages/airflow/example_dags/example_latest_only.py
[2024-07-02T19:24:15.035+0000] {processor.py:830} INFO - Processing file /usr/local/python/3.10.13/lib/python3.10/site-packages/airflow/example_dags/example_latest_only.py for tasks to queue
[2024-07-02T19:24:15.036+0000] {logging_mixin.py:188} INFO - [2024-07-02T19:24:15.036+0000] {dagbag.py:545} INFO - Filling up the DagBag from /usr/local/python/3.10.13/lib/python3.10/site-packages/airflow/example_dags/example_latest_only.py
[2024-07-02T19:24:15.040+0000] {processor.py:840} INFO - DAG(s) 'latest_only' retrieved from /usr/local/python/3.10.13/lib/python3.10/site-packages/airflow/example_dags/example_latest_only.py
[2024-07-02T19:24:15.051+0000] {logging_mixin.py:188} INFO - [2024-07-02T19:24:15.051+0000] {dag.py:3096} INFO - Sync 1 DAGs
[2024-07-02T19:24:15.065+0000] {logging_mixin.py:188} INFO - [2024-07-02T19:24:15.065+0000] {dag.py:3954} INFO - Setting next_dagrun for latest_only to 2024-07-02 12:00:00+00:00, run_after=2024-07-02 16:00:00+00:00
[2024-07-02T19:24:15.118+0000] {processor.py:183} INFO - Processing /usr/local/python/3.10.13/lib/python3.10/site-packages/airflow/example_dags/example_latest_only.py took 0.089 seconds
[2024-07-02T19:25:17.478+0000] {processor.py:161} INFO - Started process (PID=12379) to work on /usr/local/python/3.10.13/lib/python3.10/site-packages/airflow/example_dags/example_latest_only.py
[2024-07-02T19:25:17.478+0000] {processor.py:830} INFO - Processing file /usr/local/python/3.10.13/lib/python3.10/site-packages/airflow/example_dags/example_latest_only.py for tasks to queue
[2024-07-02T19:25:17.479+0000] {logging_mixin.py:188} INFO - [2024-07-02T19:25:17.479+0000] {dagbag.py:545} INFO - Filling up the DagBag from /usr/local/python/3.10.13/lib/python3.10/site-packages/airflow/example_dags/example_latest_only.py
[2024-07-02T19:25:17.483+0000] {processor.py:840} INFO - DAG(s) 'latest_only' retrieved from /usr/local/python/3.10.13/lib/python3.10/site-packages/airflow/example_dags/example_latest_only.py
[2024-07-02T19:25:17.494+0000] {logging_mixin.py:188} INFO - [2024-07-02T19:25:17.494+0000] {dag.py:3096} INFO - Sync 1 DAGs
[2024-07-02T19:25:17.508+0000] {logging_mixin.py:188} INFO - [2024-07-02T19:25:17.508+0000] {dag.py:3954} INFO - Setting next_dagrun for latest_only to 2024-07-02 12:00:00+00:00, run_after=2024-07-02 16:00:00+00:00
[2024-07-02T19:25:17.547+0000] {processor.py:183} INFO - Processing /usr/local/python/3.10.13/lib/python3.10/site-packages/airflow/example_dags/example_latest_only.py took 0.075 seconds
[2024-07-02T19:25:59.854+0000] {processor.py:161} INFO - Started process (PID=12699) to work on /usr/local/python/3.10.13/lib/python3.10/site-packages/airflow/example_dags/example_latest_only.py
[2024-07-02T19:25:59.855+0000] {processor.py:830} INFO - Processing file /usr/local/python/3.10.13/lib/python3.10/site-packages/airflow/example_dags/example_latest_only.py for tasks to queue
[2024-07-02T19:25:59.855+0000] {logging_mixin.py:188} INFO - [2024-07-02T19:25:59.855+0000] {dagbag.py:545} INFO - Filling up the DagBag from /usr/local/python/3.10.13/lib/python3.10/site-packages/airflow/example_dags/example_latest_only.py
[2024-07-02T19:25:59.859+0000] {processor.py:840} INFO - DAG(s) 'latest_only' retrieved from /usr/local/python/3.10.13/lib/python3.10/site-packages/airflow/example_dags/example_latest_only.py
[2024-07-02T19:25:59.870+0000] {logging_mixin.py:188} INFO - [2024-07-02T19:25:59.870+0000] {dag.py:3096} INFO - Sync 1 DAGs
[2024-07-02T19:25:59.884+0000] {logging_mixin.py:188} INFO - [2024-07-02T19:25:59.884+0000] {dag.py:3954} INFO - Setting next_dagrun for latest_only to 2024-07-02 12:00:00+00:00, run_after=2024-07-02 16:00:00+00:00
[2024-07-02T19:25:59.925+0000] {processor.py:183} INFO - Processing /usr/local/python/3.10.13/lib/python3.10/site-packages/airflow/example_dags/example_latest_only.py took 0.075 seconds
[2024-07-02T19:26:45.262+0000] {processor.py:161} INFO - Started process (PID=13027) to work on /usr/local/python/3.10.13/lib/python3.10/site-packages/airflow/example_dags/example_latest_only.py
[2024-07-02T19:26:45.263+0000] {processor.py:830} INFO - Processing file /usr/local/python/3.10.13/lib/python3.10/site-packages/airflow/example_dags/example_latest_only.py for tasks to queue
[2024-07-02T19:26:45.264+0000] {logging_mixin.py:188} INFO - [2024-07-02T19:26:45.264+0000] {dagbag.py:545} INFO - Filling up the DagBag from /usr/local/python/3.10.13/lib/python3.10/site-packages/airflow/example_dags/example_latest_only.py
[2024-07-02T19:26:45.270+0000] {processor.py:840} INFO - DAG(s) 'latest_only' retrieved from /usr/local/python/3.10.13/lib/python3.10/site-packages/airflow/example_dags/example_latest_only.py
[2024-07-02T19:26:45.283+0000] {logging_mixin.py:188} INFO - [2024-07-02T19:26:45.283+0000] {dag.py:3096} INFO - Sync 1 DAGs
[2024-07-02T19:26:45.298+0000] {logging_mixin.py:188} INFO - [2024-07-02T19:26:45.297+0000] {dag.py:3954} INFO - Setting next_dagrun for latest_only to 2024-07-02 12:00:00+00:00, run_after=2024-07-02 16:00:00+00:00
[2024-07-02T19:26:45.338+0000] {processor.py:183} INFO - Processing /usr/local/python/3.10.13/lib/python3.10/site-packages/airflow/example_dags/example_latest_only.py took 0.080 seconds
[2024-07-02T19:27:28.970+0000] {processor.py:161} INFO - Started process (PID=13433) to work on /usr/local/python/3.10.13/lib/python3.10/site-packages/airflow/example_dags/example_latest_only.py
[2024-07-02T19:27:28.971+0000] {processor.py:830} INFO - Processing file /usr/local/python/3.10.13/lib/python3.10/site-packages/airflow/example_dags/example_latest_only.py for tasks to queue
[2024-07-02T19:27:28.972+0000] {logging_mixin.py:188} INFO - [2024-07-02T19:27:28.971+0000] {dagbag.py:545} INFO - Filling up the DagBag from /usr/local/python/3.10.13/lib/python3.10/site-packages/airflow/example_dags/example_latest_only.py
[2024-07-02T19:27:28.976+0000] {processor.py:840} INFO - DAG(s) 'latest_only' retrieved from /usr/local/python/3.10.13/lib/python3.10/site-packages/airflow/example_dags/example_latest_only.py
[2024-07-02T19:27:28.986+0000] {logging_mixin.py:188} INFO - [2024-07-02T19:27:28.986+0000] {dag.py:3096} INFO - Sync 1 DAGs
[2024-07-02T19:27:29.001+0000] {logging_mixin.py:188} INFO - [2024-07-02T19:27:29.001+0000] {dag.py:3954} INFO - Setting next_dagrun for latest_only to 2024-07-02 12:00:00+00:00, run_after=2024-07-02 16:00:00+00:00
[2024-07-02T19:27:29.042+0000] {processor.py:183} INFO - Processing /usr/local/python/3.10.13/lib/python3.10/site-packages/airflow/example_dags/example_latest_only.py took 0.076 seconds
[2024-07-02T19:28:32.283+0000] {processor.py:161} INFO - Started process (PID=13980) to work on /usr/local/python/3.10.13/lib/python3.10/site-packages/airflow/example_dags/example_latest_only.py
[2024-07-02T19:28:32.283+0000] {processor.py:830} INFO - Processing file /usr/local/python/3.10.13/lib/python3.10/site-packages/airflow/example_dags/example_latest_only.py for tasks to queue
[2024-07-02T19:28:32.284+0000] {logging_mixin.py:188} INFO - [2024-07-02T19:28:32.284+0000] {dagbag.py:545} INFO - Filling up the DagBag from /usr/local/python/3.10.13/lib/python3.10/site-packages/airflow/example_dags/example_latest_only.py
[2024-07-02T19:28:32.288+0000] {processor.py:840} INFO - DAG(s) 'latest_only' retrieved from /usr/local/python/3.10.13/lib/python3.10/site-packages/airflow/example_dags/example_latest_only.py
[2024-07-02T19:28:32.299+0000] {logging_mixin.py:188} INFO - [2024-07-02T19:28:32.299+0000] {dag.py:3096} INFO - Sync 1 DAGs
[2024-07-02T19:28:32.315+0000] {logging_mixin.py:188} INFO - [2024-07-02T19:28:32.315+0000] {dag.py:3954} INFO - Setting next_dagrun for latest_only to 2024-07-02 12:00:00+00:00, run_after=2024-07-02 16:00:00+00:00
[2024-07-02T19:28:32.355+0000] {processor.py:183} INFO - Processing /usr/local/python/3.10.13/lib/python3.10/site-packages/airflow/example_dags/example_latest_only.py took 0.077 seconds
[2024-07-02T19:29:18.180+0000] {processor.py:161} INFO - Started process (PID=14364) to work on /usr/local/python/3.10.13/lib/python3.10/site-packages/airflow/example_dags/example_latest_only.py
[2024-07-02T19:29:18.181+0000] {processor.py:830} INFO - Processing file /usr/local/python/3.10.13/lib/python3.10/site-packages/airflow/example_dags/example_latest_only.py for tasks to queue
[2024-07-02T19:29:18.182+0000] {logging_mixin.py:188} INFO - [2024-07-02T19:29:18.181+0000] {dagbag.py:545} INFO - Filling up the DagBag from /usr/local/python/3.10.13/lib/python3.10/site-packages/airflow/example_dags/example_latest_only.py
[2024-07-02T19:29:18.186+0000] {processor.py:840} INFO - DAG(s) 'latest_only' retrieved from /usr/local/python/3.10.13/lib/python3.10/site-packages/airflow/example_dags/example_latest_only.py
[2024-07-02T19:29:18.198+0000] {logging_mixin.py:188} INFO - [2024-07-02T19:29:18.197+0000] {dag.py:3096} INFO - Sync 1 DAGs
[2024-07-02T19:29:18.212+0000] {logging_mixin.py:188} INFO - [2024-07-02T19:29:18.212+0000] {dag.py:3954} INFO - Setting next_dagrun for latest_only to 2024-07-02 12:00:00+00:00, run_after=2024-07-02 16:00:00+00:00
[2024-07-02T19:29:18.255+0000] {processor.py:183} INFO - Processing /usr/local/python/3.10.13/lib/python3.10/site-packages/airflow/example_dags/example_latest_only.py took 0.079 seconds
[2024-07-02T19:30:06.048+0000] {processor.py:161} INFO - Started process (PID=14735) to work on /usr/local/python/3.10.13/lib/python3.10/site-packages/airflow/example_dags/example_latest_only.py
[2024-07-02T19:30:06.049+0000] {processor.py:830} INFO - Processing file /usr/local/python/3.10.13/lib/python3.10/site-packages/airflow/example_dags/example_latest_only.py for tasks to queue
[2024-07-02T19:30:06.049+0000] {logging_mixin.py:188} INFO - [2024-07-02T19:30:06.049+0000] {dagbag.py:545} INFO - Filling up the DagBag from /usr/local/python/3.10.13/lib/python3.10/site-packages/airflow/example_dags/example_latest_only.py
[2024-07-02T19:30:06.053+0000] {processor.py:840} INFO - DAG(s) 'latest_only' retrieved from /usr/local/python/3.10.13/lib/python3.10/site-packages/airflow/example_dags/example_latest_only.py
[2024-07-02T19:30:06.065+0000] {logging_mixin.py:188} INFO - [2024-07-02T19:30:06.065+0000] {dag.py:3096} INFO - Sync 1 DAGs
[2024-07-02T19:30:06.080+0000] {logging_mixin.py:188} INFO - [2024-07-02T19:30:06.080+0000] {dag.py:3954} INFO - Setting next_dagrun for latest_only to 2024-07-02 12:00:00+00:00, run_after=2024-07-02 16:00:00+00:00
[2024-07-02T19:30:06.121+0000] {processor.py:183} INFO - Processing /usr/local/python/3.10.13/lib/python3.10/site-packages/airflow/example_dags/example_latest_only.py took 0.078 seconds
[2024-07-02T19:30:50.882+0000] {processor.py:161} INFO - Started process (PID=15113) to work on /usr/local/python/3.10.13/lib/python3.10/site-packages/airflow/example_dags/example_latest_only.py
[2024-07-02T19:30:50.882+0000] {processor.py:830} INFO - Processing file /usr/local/python/3.10.13/lib/python3.10/site-packages/airflow/example_dags/example_latest_only.py for tasks to queue
[2024-07-02T19:30:50.883+0000] {logging_mixin.py:188} INFO - [2024-07-02T19:30:50.883+0000] {dagbag.py:545} INFO - Filling up the DagBag from /usr/local/python/3.10.13/lib/python3.10/site-packages/airflow/example_dags/example_latest_only.py
[2024-07-02T19:30:50.887+0000] {processor.py:840} INFO - DAG(s) 'latest_only' retrieved from /usr/local/python/3.10.13/lib/python3.10/site-packages/airflow/example_dags/example_latest_only.py
[2024-07-02T19:30:50.898+0000] {logging_mixin.py:188} INFO - [2024-07-02T19:30:50.897+0000] {dag.py:3096} INFO - Sync 1 DAGs
[2024-07-02T19:30:50.912+0000] {logging_mixin.py:188} INFO - [2024-07-02T19:30:50.912+0000] {dag.py:3954} INFO - Setting next_dagrun for latest_only to 2024-07-02 12:00:00+00:00, run_after=2024-07-02 16:00:00+00:00
[2024-07-02T19:30:50.954+0000] {processor.py:183} INFO - Processing /usr/local/python/3.10.13/lib/python3.10/site-packages/airflow/example_dags/example_latest_only.py took 0.076 seconds
[2024-07-02T19:31:38.058+0000] {processor.py:161} INFO - Started process (PID=15476) to work on /usr/local/python/3.10.13/lib/python3.10/site-packages/airflow/example_dags/example_latest_only.py
[2024-07-02T19:31:38.059+0000] {processor.py:830} INFO - Processing file /usr/local/python/3.10.13/lib/python3.10/site-packages/airflow/example_dags/example_latest_only.py for tasks to queue
[2024-07-02T19:31:38.059+0000] {logging_mixin.py:188} INFO - [2024-07-02T19:31:38.059+0000] {dagbag.py:545} INFO - Filling up the DagBag from /usr/local/python/3.10.13/lib/python3.10/site-packages/airflow/example_dags/example_latest_only.py
[2024-07-02T19:31:38.063+0000] {processor.py:840} INFO - DAG(s) 'latest_only' retrieved from /usr/local/python/3.10.13/lib/python3.10/site-packages/airflow/example_dags/example_latest_only.py
[2024-07-02T19:31:38.074+0000] {logging_mixin.py:188} INFO - [2024-07-02T19:31:38.074+0000] {dag.py:3096} INFO - Sync 1 DAGs
[2024-07-02T19:31:38.089+0000] {logging_mixin.py:188} INFO - [2024-07-02T19:31:38.088+0000] {dag.py:3954} INFO - Setting next_dagrun for latest_only to 2024-07-02 12:00:00+00:00, run_after=2024-07-02 16:00:00+00:00
[2024-07-02T19:31:38.130+0000] {processor.py:183} INFO - Processing /usr/local/python/3.10.13/lib/python3.10/site-packages/airflow/example_dags/example_latest_only.py took 0.076 seconds
[2024-07-02T19:32:26.157+0000] {processor.py:161} INFO - Started process (PID=15845) to work on /usr/local/python/3.10.13/lib/python3.10/site-packages/airflow/example_dags/example_latest_only.py
[2024-07-02T19:32:26.158+0000] {processor.py:830} INFO - Processing file /usr/local/python/3.10.13/lib/python3.10/site-packages/airflow/example_dags/example_latest_only.py for tasks to queue
[2024-07-02T19:32:26.159+0000] {logging_mixin.py:188} INFO - [2024-07-02T19:32:26.158+0000] {dagbag.py:545} INFO - Filling up the DagBag from /usr/local/python/3.10.13/lib/python3.10/site-packages/airflow/example_dags/example_latest_only.py
[2024-07-02T19:32:26.162+0000] {processor.py:840} INFO - DAG(s) 'latest_only' retrieved from /usr/local/python/3.10.13/lib/python3.10/site-packages/airflow/example_dags/example_latest_only.py
[2024-07-02T19:32:26.173+0000] {logging_mixin.py:188} INFO - [2024-07-02T19:32:26.173+0000] {dag.py:3096} INFO - Sync 1 DAGs
[2024-07-02T19:32:26.188+0000] {logging_mixin.py:188} INFO - [2024-07-02T19:32:26.188+0000] {dag.py:3954} INFO - Setting next_dagrun for latest_only to 2024-07-02 12:00:00+00:00, run_after=2024-07-02 16:00:00+00:00
[2024-07-02T19:32:26.232+0000] {processor.py:183} INFO - Processing /usr/local/python/3.10.13/lib/python3.10/site-packages/airflow/example_dags/example_latest_only.py took 0.079 seconds
[2024-07-02T19:33:29.787+0000] {processor.py:161} INFO - Started process (PID=16397) to work on /usr/local/python/3.10.13/lib/python3.10/site-packages/airflow/example_dags/example_latest_only.py
[2024-07-02T19:33:29.787+0000] {processor.py:830} INFO - Processing file /usr/local/python/3.10.13/lib/python3.10/site-packages/airflow/example_dags/example_latest_only.py for tasks to queue
[2024-07-02T19:33:29.788+0000] {logging_mixin.py:188} INFO - [2024-07-02T19:33:29.788+0000] {dagbag.py:545} INFO - Filling up the DagBag from /usr/local/python/3.10.13/lib/python3.10/site-packages/airflow/example_dags/example_latest_only.py
[2024-07-02T19:33:29.792+0000] {processor.py:840} INFO - DAG(s) 'latest_only' retrieved from /usr/local/python/3.10.13/lib/python3.10/site-packages/airflow/example_dags/example_latest_only.py
[2024-07-02T19:33:29.802+0000] {logging_mixin.py:188} INFO - [2024-07-02T19:33:29.802+0000] {dag.py:3096} INFO - Sync 1 DAGs
[2024-07-02T19:33:29.817+0000] {logging_mixin.py:188} INFO - [2024-07-02T19:33:29.817+0000] {dag.py:3954} INFO - Setting next_dagrun for latest_only to 2024-07-02 12:00:00+00:00, run_after=2024-07-02 16:00:00+00:00
[2024-07-02T19:33:29.857+0000] {processor.py:183} INFO - Processing /usr/local/python/3.10.13/lib/python3.10/site-packages/airflow/example_dags/example_latest_only.py took 0.075 seconds
[2024-07-02T19:34:14.260+0000] {processor.py:161} INFO - Started process (PID=16727) to work on /usr/local/python/3.10.13/lib/python3.10/site-packages/airflow/example_dags/example_latest_only.py
[2024-07-02T19:34:14.261+0000] {processor.py:830} INFO - Processing file /usr/local/python/3.10.13/lib/python3.10/site-packages/airflow/example_dags/example_latest_only.py for tasks to queue
[2024-07-02T19:34:14.262+0000] {logging_mixin.py:188} INFO - [2024-07-02T19:34:14.262+0000] {dagbag.py:545} INFO - Filling up the DagBag from /usr/local/python/3.10.13/lib/python3.10/site-packages/airflow/example_dags/example_latest_only.py
[2024-07-02T19:34:14.266+0000] {processor.py:840} INFO - DAG(s) 'latest_only' retrieved from /usr/local/python/3.10.13/lib/python3.10/site-packages/airflow/example_dags/example_latest_only.py
[2024-07-02T19:34:14.277+0000] {logging_mixin.py:188} INFO - [2024-07-02T19:34:14.277+0000] {dag.py:3096} INFO - Sync 1 DAGs
[2024-07-02T19:34:14.292+0000] {logging_mixin.py:188} INFO - [2024-07-02T19:34:14.292+0000] {dag.py:3954} INFO - Setting next_dagrun for latest_only to 2024-07-02 12:00:00+00:00, run_after=2024-07-02 16:00:00+00:00
[2024-07-02T19:34:14.333+0000] {processor.py:183} INFO - Processing /usr/local/python/3.10.13/lib/python3.10/site-packages/airflow/example_dags/example_latest_only.py took 0.077 seconds
[2024-07-02T19:35:00.209+0000] {processor.py:161} INFO - Started process (PID=17121) to work on /usr/local/python/3.10.13/lib/python3.10/site-packages/airflow/example_dags/example_latest_only.py
[2024-07-02T19:35:00.210+0000] {processor.py:830} INFO - Processing file /usr/local/python/3.10.13/lib/python3.10/site-packages/airflow/example_dags/example_latest_only.py for tasks to queue
[2024-07-02T19:35:00.211+0000] {logging_mixin.py:188} INFO - [2024-07-02T19:35:00.211+0000] {dagbag.py:545} INFO - Filling up the DagBag from /usr/local/python/3.10.13/lib/python3.10/site-packages/airflow/example_dags/example_latest_only.py
[2024-07-02T19:35:00.217+0000] {processor.py:840} INFO - DAG(s) 'latest_only' retrieved from /usr/local/python/3.10.13/lib/python3.10/site-packages/airflow/example_dags/example_latest_only.py
[2024-07-02T19:35:00.234+0000] {logging_mixin.py:188} INFO - [2024-07-02T19:35:00.233+0000] {dag.py:3096} INFO - Sync 1 DAGs
[2024-07-02T19:35:00.249+0000] {logging_mixin.py:188} INFO - [2024-07-02T19:35:00.248+0000] {dag.py:3954} INFO - Setting next_dagrun for latest_only to 2024-07-02 12:00:00+00:00, run_after=2024-07-02 16:00:00+00:00
[2024-07-02T19:35:00.291+0000] {processor.py:183} INFO - Processing /usr/local/python/3.10.13/lib/python3.10/site-packages/airflow/example_dags/example_latest_only.py took 0.089 seconds
[2024-07-02T19:35:47.292+0000] {processor.py:161} INFO - Started process (PID=17526) to work on /usr/local/python/3.10.13/lib/python3.10/site-packages/airflow/example_dags/example_latest_only.py
[2024-07-02T19:35:47.292+0000] {processor.py:830} INFO - Processing file /usr/local/python/3.10.13/lib/python3.10/site-packages/airflow/example_dags/example_latest_only.py for tasks to queue
[2024-07-02T19:35:47.293+0000] {logging_mixin.py:188} INFO - [2024-07-02T19:35:47.293+0000] {dagbag.py:545} INFO - Filling up the DagBag from /usr/local/python/3.10.13/lib/python3.10/site-packages/airflow/example_dags/example_latest_only.py
[2024-07-02T19:35:47.297+0000] {processor.py:840} INFO - DAG(s) 'latest_only' retrieved from /usr/local/python/3.10.13/lib/python3.10/site-packages/airflow/example_dags/example_latest_only.py
[2024-07-02T19:35:47.308+0000] {logging_mixin.py:188} INFO - [2024-07-02T19:35:47.308+0000] {dag.py:3096} INFO - Sync 1 DAGs
[2024-07-02T19:35:47.323+0000] {logging_mixin.py:188} INFO - [2024-07-02T19:35:47.322+0000] {dag.py:3954} INFO - Setting next_dagrun for latest_only to 2024-07-02 12:00:00+00:00, run_after=2024-07-02 16:00:00+00:00
[2024-07-02T19:35:47.362+0000] {processor.py:183} INFO - Processing /usr/local/python/3.10.13/lib/python3.10/site-packages/airflow/example_dags/example_latest_only.py took 0.075 seconds
[2024-07-02T19:36:41.824+0000] {processor.py:161} INFO - Started process (PID=17971) to work on /usr/local/python/3.10.13/lib/python3.10/site-packages/airflow/example_dags/example_latest_only.py
[2024-07-02T19:36:41.825+0000] {processor.py:830} INFO - Processing file /usr/local/python/3.10.13/lib/python3.10/site-packages/airflow/example_dags/example_latest_only.py for tasks to queue
[2024-07-02T19:36:41.825+0000] {logging_mixin.py:188} INFO - [2024-07-02T19:36:41.825+0000] {dagbag.py:545} INFO - Filling up the DagBag from /usr/local/python/3.10.13/lib/python3.10/site-packages/airflow/example_dags/example_latest_only.py
[2024-07-02T19:36:41.829+0000] {processor.py:840} INFO - DAG(s) 'latest_only' retrieved from /usr/local/python/3.10.13/lib/python3.10/site-packages/airflow/example_dags/example_latest_only.py
[2024-07-02T19:36:41.840+0000] {logging_mixin.py:188} INFO - [2024-07-02T19:36:41.840+0000] {dag.py:3096} INFO - Sync 1 DAGs
[2024-07-02T19:36:41.855+0000] {logging_mixin.py:188} INFO - [2024-07-02T19:36:41.854+0000] {dag.py:3954} INFO - Setting next_dagrun for latest_only to 2024-07-02 12:00:00+00:00, run_after=2024-07-02 16:00:00+00:00
[2024-07-02T19:36:41.906+0000] {processor.py:183} INFO - Processing /usr/local/python/3.10.13/lib/python3.10/site-packages/airflow/example_dags/example_latest_only.py took 0.087 seconds
[2024-07-02T19:37:32.682+0000] {processor.py:161} INFO - Started process (PID=18342) to work on /usr/local/python/3.10.13/lib/python3.10/site-packages/airflow/example_dags/example_latest_only.py
[2024-07-02T19:37:32.682+0000] {processor.py:830} INFO - Processing file /usr/local/python/3.10.13/lib/python3.10/site-packages/airflow/example_dags/example_latest_only.py for tasks to queue
[2024-07-02T19:37:32.683+0000] {logging_mixin.py:188} INFO - [2024-07-02T19:37:32.683+0000] {dagbag.py:545} INFO - Filling up the DagBag from /usr/local/python/3.10.13/lib/python3.10/site-packages/airflow/example_dags/example_latest_only.py
[2024-07-02T19:37:32.689+0000] {processor.py:840} INFO - DAG(s) 'latest_only' retrieved from /usr/local/python/3.10.13/lib/python3.10/site-packages/airflow/example_dags/example_latest_only.py
[2024-07-02T19:37:32.700+0000] {logging_mixin.py:188} INFO - [2024-07-02T19:37:32.700+0000] {dag.py:3096} INFO - Sync 1 DAGs
[2024-07-02T19:37:32.715+0000] {logging_mixin.py:188} INFO - [2024-07-02T19:37:32.715+0000] {dag.py:3954} INFO - Setting next_dagrun for latest_only to 2024-07-02 12:00:00+00:00, run_after=2024-07-02 16:00:00+00:00
[2024-07-02T19:37:32.756+0000] {processor.py:183} INFO - Processing /usr/local/python/3.10.13/lib/python3.10/site-packages/airflow/example_dags/example_latest_only.py took 0.079 seconds
[2024-07-02T19:38:16.693+0000] {processor.py:161} INFO - Started process (PID=18655) to work on /usr/local/python/3.10.13/lib/python3.10/site-packages/airflow/example_dags/example_latest_only.py
[2024-07-02T19:38:16.694+0000] {processor.py:830} INFO - Processing file /usr/local/python/3.10.13/lib/python3.10/site-packages/airflow/example_dags/example_latest_only.py for tasks to queue
[2024-07-02T19:38:16.695+0000] {logging_mixin.py:188} INFO - [2024-07-02T19:38:16.694+0000] {dagbag.py:545} INFO - Filling up the DagBag from /usr/local/python/3.10.13/lib/python3.10/site-packages/airflow/example_dags/example_latest_only.py
[2024-07-02T19:38:16.701+0000] {processor.py:840} INFO - DAG(s) 'latest_only' retrieved from /usr/local/python/3.10.13/lib/python3.10/site-packages/airflow/example_dags/example_latest_only.py
[2024-07-02T19:38:16.712+0000] {logging_mixin.py:188} INFO - [2024-07-02T19:38:16.712+0000] {dag.py:3096} INFO - Sync 1 DAGs
[2024-07-02T19:38:16.727+0000] {logging_mixin.py:188} INFO - [2024-07-02T19:38:16.727+0000] {dag.py:3954} INFO - Setting next_dagrun for latest_only to 2024-07-02 12:00:00+00:00, run_after=2024-07-02 16:00:00+00:00
[2024-07-02T19:38:16.768+0000] {processor.py:183} INFO - Processing /usr/local/python/3.10.13/lib/python3.10/site-packages/airflow/example_dags/example_latest_only.py took 0.082 seconds
[2024-07-02T19:38:59.389+0000] {processor.py:161} INFO - Started process (PID=18968) to work on /usr/local/python/3.10.13/lib/python3.10/site-packages/airflow/example_dags/example_latest_only.py
[2024-07-02T19:38:59.390+0000] {processor.py:830} INFO - Processing file /usr/local/python/3.10.13/lib/python3.10/site-packages/airflow/example_dags/example_latest_only.py for tasks to queue
[2024-07-02T19:38:59.390+0000] {logging_mixin.py:188} INFO - [2024-07-02T19:38:59.390+0000] {dagbag.py:545} INFO - Filling up the DagBag from /usr/local/python/3.10.13/lib/python3.10/site-packages/airflow/example_dags/example_latest_only.py
[2024-07-02T19:38:59.395+0000] {processor.py:840} INFO - DAG(s) 'latest_only' retrieved from /usr/local/python/3.10.13/lib/python3.10/site-packages/airflow/example_dags/example_latest_only.py
[2024-07-02T19:38:59.406+0000] {logging_mixin.py:188} INFO - [2024-07-02T19:38:59.405+0000] {dag.py:3096} INFO - Sync 1 DAGs
[2024-07-02T19:38:59.420+0000] {logging_mixin.py:188} INFO - [2024-07-02T19:38:59.420+0000] {dag.py:3954} INFO - Setting next_dagrun for latest_only to 2024-07-02 12:00:00+00:00, run_after=2024-07-02 16:00:00+00:00
[2024-07-02T19:38:59.476+0000] {processor.py:183} INFO - Processing /usr/local/python/3.10.13/lib/python3.10/site-packages/airflow/example_dags/example_latest_only.py took 0.092 seconds
[2024-07-02T19:39:43.890+0000] {processor.py:161} INFO - Started process (PID=19301) to work on /usr/local/python/3.10.13/lib/python3.10/site-packages/airflow/example_dags/example_latest_only.py
[2024-07-02T19:39:43.890+0000] {processor.py:830} INFO - Processing file /usr/local/python/3.10.13/lib/python3.10/site-packages/airflow/example_dags/example_latest_only.py for tasks to queue
[2024-07-02T19:39:43.891+0000] {logging_mixin.py:188} INFO - [2024-07-02T19:39:43.891+0000] {dagbag.py:545} INFO - Filling up the DagBag from /usr/local/python/3.10.13/lib/python3.10/site-packages/airflow/example_dags/example_latest_only.py
[2024-07-02T19:39:43.895+0000] {processor.py:840} INFO - DAG(s) 'latest_only' retrieved from /usr/local/python/3.10.13/lib/python3.10/site-packages/airflow/example_dags/example_latest_only.py
[2024-07-02T19:39:43.906+0000] {logging_mixin.py:188} INFO - [2024-07-02T19:39:43.906+0000] {dag.py:3096} INFO - Sync 1 DAGs
[2024-07-02T19:39:43.922+0000] {logging_mixin.py:188} INFO - [2024-07-02T19:39:43.922+0000] {dag.py:3954} INFO - Setting next_dagrun for latest_only to 2024-07-02 12:00:00+00:00, run_after=2024-07-02 16:00:00+00:00
[2024-07-02T19:39:43.970+0000] {processor.py:183} INFO - Processing /usr/local/python/3.10.13/lib/python3.10/site-packages/airflow/example_dags/example_latest_only.py took 0.085 seconds
[2024-07-02T19:40:40.356+0000] {processor.py:161} INFO - Started process (PID=19719) to work on /usr/local/python/3.10.13/lib/python3.10/site-packages/airflow/example_dags/example_latest_only.py
[2024-07-02T19:40:40.357+0000] {processor.py:830} INFO - Processing file /usr/local/python/3.10.13/lib/python3.10/site-packages/airflow/example_dags/example_latest_only.py for tasks to queue
[2024-07-02T19:40:40.358+0000] {logging_mixin.py:188} INFO - [2024-07-02T19:40:40.357+0000] {dagbag.py:545} INFO - Filling up the DagBag from /usr/local/python/3.10.13/lib/python3.10/site-packages/airflow/example_dags/example_latest_only.py
[2024-07-02T19:40:40.362+0000] {processor.py:840} INFO - DAG(s) 'latest_only' retrieved from /usr/local/python/3.10.13/lib/python3.10/site-packages/airflow/example_dags/example_latest_only.py
[2024-07-02T19:40:40.373+0000] {logging_mixin.py:188} INFO - [2024-07-02T19:40:40.372+0000] {dag.py:3096} INFO - Sync 1 DAGs
[2024-07-02T19:40:40.387+0000] {logging_mixin.py:188} INFO - [2024-07-02T19:40:40.387+0000] {dag.py:3954} INFO - Setting next_dagrun for latest_only to 2024-07-02 12:00:00+00:00, run_after=2024-07-02 16:00:00+00:00
[2024-07-02T19:40:40.427+0000] {processor.py:183} INFO - Processing /usr/local/python/3.10.13/lib/python3.10/site-packages/airflow/example_dags/example_latest_only.py took 0.076 seconds
[2024-07-02T19:41:24.124+0000] {processor.py:161} INFO - Started process (PID=20072) to work on /usr/local/python/3.10.13/lib/python3.10/site-packages/airflow/example_dags/example_latest_only.py
[2024-07-02T19:41:24.125+0000] {processor.py:830} INFO - Processing file /usr/local/python/3.10.13/lib/python3.10/site-packages/airflow/example_dags/example_latest_only.py for tasks to queue
[2024-07-02T19:41:24.126+0000] {logging_mixin.py:188} INFO - [2024-07-02T19:41:24.125+0000] {dagbag.py:545} INFO - Filling up the DagBag from /usr/local/python/3.10.13/lib/python3.10/site-packages/airflow/example_dags/example_latest_only.py
[2024-07-02T19:41:24.130+0000] {processor.py:840} INFO - DAG(s) 'latest_only' retrieved from /usr/local/python/3.10.13/lib/python3.10/site-packages/airflow/example_dags/example_latest_only.py
[2024-07-02T19:41:24.141+0000] {logging_mixin.py:188} INFO - [2024-07-02T19:41:24.141+0000] {dag.py:3096} INFO - Sync 1 DAGs
[2024-07-02T19:41:24.156+0000] {logging_mixin.py:188} INFO - [2024-07-02T19:41:24.156+0000] {dag.py:3954} INFO - Setting next_dagrun for latest_only to 2024-07-02 12:00:00+00:00, run_after=2024-07-02 16:00:00+00:00
[2024-07-02T19:41:24.198+0000] {processor.py:183} INFO - Processing /usr/local/python/3.10.13/lib/python3.10/site-packages/airflow/example_dags/example_latest_only.py took 0.079 seconds
[2024-07-02T19:42:06.954+0000] {processor.py:161} INFO - Started process (PID=20390) to work on /usr/local/python/3.10.13/lib/python3.10/site-packages/airflow/example_dags/example_latest_only.py
[2024-07-02T19:42:06.955+0000] {processor.py:830} INFO - Processing file /usr/local/python/3.10.13/lib/python3.10/site-packages/airflow/example_dags/example_latest_only.py for tasks to queue
[2024-07-02T19:42:06.956+0000] {logging_mixin.py:188} INFO - [2024-07-02T19:42:06.956+0000] {dagbag.py:545} INFO - Filling up the DagBag from /usr/local/python/3.10.13/lib/python3.10/site-packages/airflow/example_dags/example_latest_only.py
[2024-07-02T19:42:06.960+0000] {processor.py:840} INFO - DAG(s) 'latest_only' retrieved from /usr/local/python/3.10.13/lib/python3.10/site-packages/airflow/example_dags/example_latest_only.py
[2024-07-02T19:42:06.971+0000] {logging_mixin.py:188} INFO - [2024-07-02T19:42:06.970+0000] {dag.py:3096} INFO - Sync 1 DAGs
[2024-07-02T19:42:06.985+0000] {logging_mixin.py:188} INFO - [2024-07-02T19:42:06.985+0000] {dag.py:3954} INFO - Setting next_dagrun for latest_only to 2024-07-02 12:00:00+00:00, run_after=2024-07-02 16:00:00+00:00
[2024-07-02T19:42:07.029+0000] {processor.py:183} INFO - Processing /usr/local/python/3.10.13/lib/python3.10/site-packages/airflow/example_dags/example_latest_only.py took 0.079 seconds
[2024-07-02T19:43:17.021+0000] {processor.py:161} INFO - Started process (PID=20986) to work on /usr/local/python/3.10.13/lib/python3.10/site-packages/airflow/example_dags/example_latest_only.py
[2024-07-02T19:43:17.022+0000] {processor.py:830} INFO - Processing file /usr/local/python/3.10.13/lib/python3.10/site-packages/airflow/example_dags/example_latest_only.py for tasks to queue
[2024-07-02T19:43:17.022+0000] {logging_mixin.py:188} INFO - [2024-07-02T19:43:17.022+0000] {dagbag.py:545} INFO - Filling up the DagBag from /usr/local/python/3.10.13/lib/python3.10/site-packages/airflow/example_dags/example_latest_only.py
[2024-07-02T19:43:17.026+0000] {processor.py:840} INFO - DAG(s) 'latest_only' retrieved from /usr/local/python/3.10.13/lib/python3.10/site-packages/airflow/example_dags/example_latest_only.py
[2024-07-02T19:43:17.037+0000] {logging_mixin.py:188} INFO - [2024-07-02T19:43:17.037+0000] {dag.py:3096} INFO - Sync 1 DAGs
[2024-07-02T19:43:17.053+0000] {logging_mixin.py:188} INFO - [2024-07-02T19:43:17.052+0000] {dag.py:3954} INFO - Setting next_dagrun for latest_only to 2024-07-02 12:00:00+00:00, run_after=2024-07-02 16:00:00+00:00
[2024-07-02T19:43:17.103+0000] {processor.py:183} INFO - Processing /usr/local/python/3.10.13/lib/python3.10/site-packages/airflow/example_dags/example_latest_only.py took 0.087 seconds
[2024-07-02T19:44:07.982+0000] {processor.py:161} INFO - Started process (PID=21374) to work on /usr/local/python/3.10.13/lib/python3.10/site-packages/airflow/example_dags/example_latest_only.py
[2024-07-02T19:44:07.983+0000] {processor.py:830} INFO - Processing file /usr/local/python/3.10.13/lib/python3.10/site-packages/airflow/example_dags/example_latest_only.py for tasks to queue
[2024-07-02T19:44:07.984+0000] {logging_mixin.py:188} INFO - [2024-07-02T19:44:07.983+0000] {dagbag.py:545} INFO - Filling up the DagBag from /usr/local/python/3.10.13/lib/python3.10/site-packages/airflow/example_dags/example_latest_only.py
[2024-07-02T19:44:07.987+0000] {processor.py:840} INFO - DAG(s) 'latest_only' retrieved from /usr/local/python/3.10.13/lib/python3.10/site-packages/airflow/example_dags/example_latest_only.py
[2024-07-02T19:44:07.998+0000] {logging_mixin.py:188} INFO - [2024-07-02T19:44:07.998+0000] {dag.py:3096} INFO - Sync 1 DAGs
[2024-07-02T19:44:08.018+0000] {logging_mixin.py:188} INFO - [2024-07-02T19:44:08.018+0000] {dag.py:3954} INFO - Setting next_dagrun for latest_only to 2024-07-02 12:00:00+00:00, run_after=2024-07-02 16:00:00+00:00
[2024-07-02T19:44:08.059+0000] {processor.py:183} INFO - Processing /usr/local/python/3.10.13/lib/python3.10/site-packages/airflow/example_dags/example_latest_only.py took 0.081 seconds
[2024-07-02T19:44:52.046+0000] {processor.py:161} INFO - Started process (PID=21698) to work on /usr/local/python/3.10.13/lib/python3.10/site-packages/airflow/example_dags/example_latest_only.py
[2024-07-02T19:44:52.047+0000] {processor.py:830} INFO - Processing file /usr/local/python/3.10.13/lib/python3.10/site-packages/airflow/example_dags/example_latest_only.py for tasks to queue
[2024-07-02T19:44:52.047+0000] {logging_mixin.py:188} INFO - [2024-07-02T19:44:52.047+0000] {dagbag.py:545} INFO - Filling up the DagBag from /usr/local/python/3.10.13/lib/python3.10/site-packages/airflow/example_dags/example_latest_only.py
[2024-07-02T19:44:52.051+0000] {processor.py:840} INFO - DAG(s) 'latest_only' retrieved from /usr/local/python/3.10.13/lib/python3.10/site-packages/airflow/example_dags/example_latest_only.py
[2024-07-02T19:44:52.062+0000] {logging_mixin.py:188} INFO - [2024-07-02T19:44:52.062+0000] {dag.py:3096} INFO - Sync 1 DAGs
[2024-07-02T19:44:52.076+0000] {logging_mixin.py:188} INFO - [2024-07-02T19:44:52.076+0000] {dag.py:3954} INFO - Setting next_dagrun for latest_only to 2024-07-02 12:00:00+00:00, run_after=2024-07-02 16:00:00+00:00
[2024-07-02T19:44:52.116+0000] {processor.py:183} INFO - Processing /usr/local/python/3.10.13/lib/python3.10/site-packages/airflow/example_dags/example_latest_only.py took 0.075 seconds
[2024-07-02T19:45:53.862+0000] {processor.py:161} INFO - Started process (PID=22141) to work on /usr/local/python/3.10.13/lib/python3.10/site-packages/airflow/example_dags/example_latest_only.py
[2024-07-02T19:45:53.863+0000] {processor.py:830} INFO - Processing file /usr/local/python/3.10.13/lib/python3.10/site-packages/airflow/example_dags/example_latest_only.py for tasks to queue
[2024-07-02T19:45:53.863+0000] {logging_mixin.py:188} INFO - [2024-07-02T19:45:53.863+0000] {dagbag.py:545} INFO - Filling up the DagBag from /usr/local/python/3.10.13/lib/python3.10/site-packages/airflow/example_dags/example_latest_only.py
[2024-07-02T19:45:53.868+0000] {processor.py:840} INFO - DAG(s) 'latest_only' retrieved from /usr/local/python/3.10.13/lib/python3.10/site-packages/airflow/example_dags/example_latest_only.py
[2024-07-02T19:45:53.879+0000] {logging_mixin.py:188} INFO - [2024-07-02T19:45:53.879+0000] {dag.py:3096} INFO - Sync 1 DAGs
[2024-07-02T19:45:53.894+0000] {logging_mixin.py:188} INFO - [2024-07-02T19:45:53.893+0000] {dag.py:3954} INFO - Setting next_dagrun for latest_only to 2024-07-02 12:00:00+00:00, run_after=2024-07-02 16:00:00+00:00
[2024-07-02T19:45:53.934+0000] {processor.py:183} INFO - Processing /usr/local/python/3.10.13/lib/python3.10/site-packages/airflow/example_dags/example_latest_only.py took 0.077 seconds
[2024-07-02T19:46:37.318+0000] {processor.py:161} INFO - Started process (PID=22457) to work on /usr/local/python/3.10.13/lib/python3.10/site-packages/airflow/example_dags/example_latest_only.py
[2024-07-02T19:46:37.319+0000] {processor.py:830} INFO - Processing file /usr/local/python/3.10.13/lib/python3.10/site-packages/airflow/example_dags/example_latest_only.py for tasks to queue
[2024-07-02T19:46:37.320+0000] {logging_mixin.py:188} INFO - [2024-07-02T19:46:37.319+0000] {dagbag.py:545} INFO - Filling up the DagBag from /usr/local/python/3.10.13/lib/python3.10/site-packages/airflow/example_dags/example_latest_only.py
[2024-07-02T19:46:37.325+0000] {processor.py:840} INFO - DAG(s) 'latest_only' retrieved from /usr/local/python/3.10.13/lib/python3.10/site-packages/airflow/example_dags/example_latest_only.py
[2024-07-02T19:46:37.342+0000] {logging_mixin.py:188} INFO - [2024-07-02T19:46:37.342+0000] {dag.py:3096} INFO - Sync 1 DAGs
[2024-07-02T19:46:37.365+0000] {logging_mixin.py:188} INFO - [2024-07-02T19:46:37.365+0000] {dag.py:3954} INFO - Setting next_dagrun for latest_only to 2024-07-02 12:00:00+00:00, run_after=2024-07-02 16:00:00+00:00
[2024-07-02T19:46:37.406+0000] {processor.py:183} INFO - Processing /usr/local/python/3.10.13/lib/python3.10/site-packages/airflow/example_dags/example_latest_only.py took 0.095 seconds
[2024-07-02T19:47:25.080+0000] {processor.py:161} INFO - Started process (PID=22769) to work on /usr/local/python/3.10.13/lib/python3.10/site-packages/airflow/example_dags/example_latest_only.py
[2024-07-02T19:47:25.081+0000] {processor.py:830} INFO - Processing file /usr/local/python/3.10.13/lib/python3.10/site-packages/airflow/example_dags/example_latest_only.py for tasks to queue
[2024-07-02T19:47:25.082+0000] {logging_mixin.py:188} INFO - [2024-07-02T19:47:25.081+0000] {dagbag.py:545} INFO - Filling up the DagBag from /usr/local/python/3.10.13/lib/python3.10/site-packages/airflow/example_dags/example_latest_only.py
[2024-07-02T19:47:25.085+0000] {processor.py:840} INFO - DAG(s) 'latest_only' retrieved from /usr/local/python/3.10.13/lib/python3.10/site-packages/airflow/example_dags/example_latest_only.py
[2024-07-02T19:47:25.102+0000] {logging_mixin.py:188} INFO - [2024-07-02T19:47:25.102+0000] {dag.py:3096} INFO - Sync 1 DAGs
[2024-07-02T19:47:25.126+0000] {logging_mixin.py:188} INFO - [2024-07-02T19:47:25.125+0000] {dag.py:3954} INFO - Setting next_dagrun for latest_only to 2024-07-02 12:00:00+00:00, run_after=2024-07-02 16:00:00+00:00
[2024-07-02T19:47:25.177+0000] {processor.py:183} INFO - Processing /usr/local/python/3.10.13/lib/python3.10/site-packages/airflow/example_dags/example_latest_only.py took 0.103 seconds
[2024-07-02T19:48:08.827+0000] {processor.py:161} INFO - Started process (PID=23090) to work on /usr/local/python/3.10.13/lib/python3.10/site-packages/airflow/example_dags/example_latest_only.py
[2024-07-02T19:48:08.828+0000] {processor.py:830} INFO - Processing file /usr/local/python/3.10.13/lib/python3.10/site-packages/airflow/example_dags/example_latest_only.py for tasks to queue
[2024-07-02T19:48:08.829+0000] {logging_mixin.py:188} INFO - [2024-07-02T19:48:08.828+0000] {dagbag.py:545} INFO - Filling up the DagBag from /usr/local/python/3.10.13/lib/python3.10/site-packages/airflow/example_dags/example_latest_only.py
[2024-07-02T19:48:08.833+0000] {processor.py:840} INFO - DAG(s) 'latest_only' retrieved from /usr/local/python/3.10.13/lib/python3.10/site-packages/airflow/example_dags/example_latest_only.py
[2024-07-02T19:48:08.844+0000] {logging_mixin.py:188} INFO - [2024-07-02T19:48:08.844+0000] {dag.py:3096} INFO - Sync 1 DAGs
[2024-07-02T19:48:08.859+0000] {logging_mixin.py:188} INFO - [2024-07-02T19:48:08.858+0000] {dag.py:3954} INFO - Setting next_dagrun for latest_only to 2024-07-02 12:00:00+00:00, run_after=2024-07-02 16:00:00+00:00
[2024-07-02T19:48:08.897+0000] {processor.py:183} INFO - Processing /usr/local/python/3.10.13/lib/python3.10/site-packages/airflow/example_dags/example_latest_only.py took 0.074 seconds
[2024-07-02T19:49:12.278+0000] {processor.py:161} INFO - Started process (PID=23560) to work on /usr/local/python/3.10.13/lib/python3.10/site-packages/airflow/example_dags/example_latest_only.py
[2024-07-02T19:49:12.279+0000] {processor.py:830} INFO - Processing file /usr/local/python/3.10.13/lib/python3.10/site-packages/airflow/example_dags/example_latest_only.py for tasks to queue
[2024-07-02T19:49:12.279+0000] {logging_mixin.py:188} INFO - [2024-07-02T19:49:12.279+0000] {dagbag.py:545} INFO - Filling up the DagBag from /usr/local/python/3.10.13/lib/python3.10/site-packages/airflow/example_dags/example_latest_only.py
[2024-07-02T19:49:12.283+0000] {processor.py:840} INFO - DAG(s) 'latest_only' retrieved from /usr/local/python/3.10.13/lib/python3.10/site-packages/airflow/example_dags/example_latest_only.py
[2024-07-02T19:49:12.294+0000] {logging_mixin.py:188} INFO - [2024-07-02T19:49:12.294+0000] {dag.py:3096} INFO - Sync 1 DAGs
[2024-07-02T19:49:12.308+0000] {logging_mixin.py:188} INFO - [2024-07-02T19:49:12.308+0000] {dag.py:3954} INFO - Setting next_dagrun for latest_only to 2024-07-02 12:00:00+00:00, run_after=2024-07-02 16:00:00+00:00
[2024-07-02T19:49:12.347+0000] {processor.py:183} INFO - Processing /usr/local/python/3.10.13/lib/python3.10/site-packages/airflow/example_dags/example_latest_only.py took 0.074 seconds
[2024-07-02T19:49:57.556+0000] {processor.py:161} INFO - Started process (PID=23902) to work on /usr/local/python/3.10.13/lib/python3.10/site-packages/airflow/example_dags/example_latest_only.py
[2024-07-02T19:49:57.557+0000] {processor.py:830} INFO - Processing file /usr/local/python/3.10.13/lib/python3.10/site-packages/airflow/example_dags/example_latest_only.py for tasks to queue
[2024-07-02T19:49:57.558+0000] {logging_mixin.py:188} INFO - [2024-07-02T19:49:57.557+0000] {dagbag.py:545} INFO - Filling up the DagBag from /usr/local/python/3.10.13/lib/python3.10/site-packages/airflow/example_dags/example_latest_only.py
[2024-07-02T19:49:57.561+0000] {processor.py:840} INFO - DAG(s) 'latest_only' retrieved from /usr/local/python/3.10.13/lib/python3.10/site-packages/airflow/example_dags/example_latest_only.py
[2024-07-02T19:49:57.572+0000] {logging_mixin.py:188} INFO - [2024-07-02T19:49:57.572+0000] {dag.py:3096} INFO - Sync 1 DAGs
[2024-07-02T19:49:57.586+0000] {logging_mixin.py:188} INFO - [2024-07-02T19:49:57.586+0000] {dag.py:3954} INFO - Setting next_dagrun for latest_only to 2024-07-02 12:00:00+00:00, run_after=2024-07-02 16:00:00+00:00
[2024-07-02T19:49:57.628+0000] {processor.py:183} INFO - Processing /usr/local/python/3.10.13/lib/python3.10/site-packages/airflow/example_dags/example_latest_only.py took 0.077 seconds
[2024-07-02T19:50:41.935+0000] {processor.py:161} INFO - Started process (PID=24253) to work on /usr/local/python/3.10.13/lib/python3.10/site-packages/airflow/example_dags/example_latest_only.py
[2024-07-02T19:50:41.936+0000] {processor.py:830} INFO - Processing file /usr/local/python/3.10.13/lib/python3.10/site-packages/airflow/example_dags/example_latest_only.py for tasks to queue
[2024-07-02T19:50:41.937+0000] {logging_mixin.py:188} INFO - [2024-07-02T19:50:41.936+0000] {dagbag.py:545} INFO - Filling up the DagBag from /usr/local/python/3.10.13/lib/python3.10/site-packages/airflow/example_dags/example_latest_only.py
[2024-07-02T19:50:41.940+0000] {processor.py:840} INFO - DAG(s) 'latest_only' retrieved from /usr/local/python/3.10.13/lib/python3.10/site-packages/airflow/example_dags/example_latest_only.py
[2024-07-02T19:50:41.952+0000] {logging_mixin.py:188} INFO - [2024-07-02T19:50:41.952+0000] {dag.py:3096} INFO - Sync 1 DAGs
[2024-07-02T19:50:41.966+0000] {logging_mixin.py:188} INFO - [2024-07-02T19:50:41.966+0000] {dag.py:3954} INFO - Setting next_dagrun for latest_only to 2024-07-02 12:00:00+00:00, run_after=2024-07-02 16:00:00+00:00
[2024-07-02T19:50:42.006+0000] {processor.py:183} INFO - Processing /usr/local/python/3.10.13/lib/python3.10/site-packages/airflow/example_dags/example_latest_only.py took 0.076 seconds
[2024-07-02T19:51:26.833+0000] {processor.py:161} INFO - Started process (PID=24582) to work on /usr/local/python/3.10.13/lib/python3.10/site-packages/airflow/example_dags/example_latest_only.py
[2024-07-02T19:51:26.833+0000] {processor.py:830} INFO - Processing file /usr/local/python/3.10.13/lib/python3.10/site-packages/airflow/example_dags/example_latest_only.py for tasks to queue
[2024-07-02T19:51:26.834+0000] {logging_mixin.py:188} INFO - [2024-07-02T19:51:26.834+0000] {dagbag.py:545} INFO - Filling up the DagBag from /usr/local/python/3.10.13/lib/python3.10/site-packages/airflow/example_dags/example_latest_only.py
[2024-07-02T19:51:26.838+0000] {processor.py:840} INFO - DAG(s) 'latest_only' retrieved from /usr/local/python/3.10.13/lib/python3.10/site-packages/airflow/example_dags/example_latest_only.py
[2024-07-02T19:51:26.849+0000] {logging_mixin.py:188} INFO - [2024-07-02T19:51:26.848+0000] {dag.py:3096} INFO - Sync 1 DAGs
[2024-07-02T19:51:26.863+0000] {logging_mixin.py:188} INFO - [2024-07-02T19:51:26.863+0000] {dag.py:3954} INFO - Setting next_dagrun for latest_only to 2024-07-02 12:00:00+00:00, run_after=2024-07-02 16:00:00+00:00
[2024-07-02T19:51:26.905+0000] {processor.py:183} INFO - Processing /usr/local/python/3.10.13/lib/python3.10/site-packages/airflow/example_dags/example_latest_only.py took 0.077 seconds
[2024-07-02T19:52:10.890+0000] {processor.py:161} INFO - Started process (PID=24911) to work on /usr/local/python/3.10.13/lib/python3.10/site-packages/airflow/example_dags/example_latest_only.py
[2024-07-02T19:52:10.891+0000] {processor.py:830} INFO - Processing file /usr/local/python/3.10.13/lib/python3.10/site-packages/airflow/example_dags/example_latest_only.py for tasks to queue
[2024-07-02T19:52:10.891+0000] {logging_mixin.py:188} INFO - [2024-07-02T19:52:10.891+0000] {dagbag.py:545} INFO - Filling up the DagBag from /usr/local/python/3.10.13/lib/python3.10/site-packages/airflow/example_dags/example_latest_only.py
[2024-07-02T19:52:10.895+0000] {processor.py:840} INFO - DAG(s) 'latest_only' retrieved from /usr/local/python/3.10.13/lib/python3.10/site-packages/airflow/example_dags/example_latest_only.py
[2024-07-02T19:52:10.906+0000] {logging_mixin.py:188} INFO - [2024-07-02T19:52:10.906+0000] {dag.py:3096} INFO - Sync 1 DAGs
[2024-07-02T19:52:10.920+0000] {logging_mixin.py:188} INFO - [2024-07-02T19:52:10.920+0000] {dag.py:3954} INFO - Setting next_dagrun for latest_only to 2024-07-02 12:00:00+00:00, run_after=2024-07-02 16:00:00+00:00
[2024-07-02T19:52:10.979+0000] {processor.py:183} INFO - Processing /usr/local/python/3.10.13/lib/python3.10/site-packages/airflow/example_dags/example_latest_only.py took 0.094 seconds
[2024-07-02T19:52:55.994+0000] {processor.py:161} INFO - Started process (PID=25265) to work on /usr/local/python/3.10.13/lib/python3.10/site-packages/airflow/example_dags/example_latest_only.py
[2024-07-02T19:52:55.995+0000] {processor.py:830} INFO - Processing file /usr/local/python/3.10.13/lib/python3.10/site-packages/airflow/example_dags/example_latest_only.py for tasks to queue
[2024-07-02T19:52:55.996+0000] {logging_mixin.py:188} INFO - [2024-07-02T19:52:55.995+0000] {dagbag.py:545} INFO - Filling up the DagBag from /usr/local/python/3.10.13/lib/python3.10/site-packages/airflow/example_dags/example_latest_only.py
[2024-07-02T19:52:55.999+0000] {processor.py:840} INFO - DAG(s) 'latest_only' retrieved from /usr/local/python/3.10.13/lib/python3.10/site-packages/airflow/example_dags/example_latest_only.py
[2024-07-02T19:52:56.010+0000] {logging_mixin.py:188} INFO - [2024-07-02T19:52:56.010+0000] {dag.py:3096} INFO - Sync 1 DAGs
[2024-07-02T19:52:56.030+0000] {logging_mixin.py:188} INFO - [2024-07-02T19:52:56.030+0000] {dag.py:3954} INFO - Setting next_dagrun for latest_only to 2024-07-02 12:00:00+00:00, run_after=2024-07-02 16:00:00+00:00
[2024-07-02T19:52:56.074+0000] {processor.py:183} INFO - Processing /usr/local/python/3.10.13/lib/python3.10/site-packages/airflow/example_dags/example_latest_only.py took 0.084 seconds
[2024-07-02T19:53:40.214+0000] {processor.py:161} INFO - Started process (PID=25593) to work on /usr/local/python/3.10.13/lib/python3.10/site-packages/airflow/example_dags/example_latest_only.py
[2024-07-02T19:53:40.215+0000] {processor.py:830} INFO - Processing file /usr/local/python/3.10.13/lib/python3.10/site-packages/airflow/example_dags/example_latest_only.py for tasks to queue
[2024-07-02T19:53:40.215+0000] {logging_mixin.py:188} INFO - [2024-07-02T19:53:40.215+0000] {dagbag.py:545} INFO - Filling up the DagBag from /usr/local/python/3.10.13/lib/python3.10/site-packages/airflow/example_dags/example_latest_only.py
[2024-07-02T19:53:40.219+0000] {processor.py:840} INFO - DAG(s) 'latest_only' retrieved from /usr/local/python/3.10.13/lib/python3.10/site-packages/airflow/example_dags/example_latest_only.py
[2024-07-02T19:53:40.230+0000] {logging_mixin.py:188} INFO - [2024-07-02T19:53:40.230+0000] {dag.py:3096} INFO - Sync 1 DAGs
[2024-07-02T19:53:40.244+0000] {logging_mixin.py:188} INFO - [2024-07-02T19:53:40.244+0000] {dag.py:3954} INFO - Setting next_dagrun for latest_only to 2024-07-02 12:00:00+00:00, run_after=2024-07-02 16:00:00+00:00
[2024-07-02T19:53:40.282+0000] {processor.py:183} INFO - Processing /usr/local/python/3.10.13/lib/python3.10/site-packages/airflow/example_dags/example_latest_only.py took 0.073 seconds
[2024-07-02T19:54:25.133+0000] {processor.py:161} INFO - Started process (PID=25939) to work on /usr/local/python/3.10.13/lib/python3.10/site-packages/airflow/example_dags/example_latest_only.py
[2024-07-02T19:54:25.133+0000] {processor.py:830} INFO - Processing file /usr/local/python/3.10.13/lib/python3.10/site-packages/airflow/example_dags/example_latest_only.py for tasks to queue
[2024-07-02T19:54:25.134+0000] {logging_mixin.py:188} INFO - [2024-07-02T19:54:25.134+0000] {dagbag.py:545} INFO - Filling up the DagBag from /usr/local/python/3.10.13/lib/python3.10/site-packages/airflow/example_dags/example_latest_only.py
[2024-07-02T19:54:25.138+0000] {processor.py:840} INFO - DAG(s) 'latest_only' retrieved from /usr/local/python/3.10.13/lib/python3.10/site-packages/airflow/example_dags/example_latest_only.py
[2024-07-02T19:54:25.149+0000] {logging_mixin.py:188} INFO - [2024-07-02T19:54:25.149+0000] {dag.py:3096} INFO - Sync 1 DAGs
[2024-07-02T19:54:25.163+0000] {logging_mixin.py:188} INFO - [2024-07-02T19:54:25.163+0000] {dag.py:3954} INFO - Setting next_dagrun for latest_only to 2024-07-02 12:00:00+00:00, run_after=2024-07-02 16:00:00+00:00
[2024-07-02T19:54:25.205+0000] {processor.py:183} INFO - Processing /usr/local/python/3.10.13/lib/python3.10/site-packages/airflow/example_dags/example_latest_only.py took 0.077 seconds
[2024-07-02T19:55:07.689+0000] {processor.py:161} INFO - Started process (PID=26267) to work on /usr/local/python/3.10.13/lib/python3.10/site-packages/airflow/example_dags/example_latest_only.py
[2024-07-02T19:55:07.689+0000] {processor.py:830} INFO - Processing file /usr/local/python/3.10.13/lib/python3.10/site-packages/airflow/example_dags/example_latest_only.py for tasks to queue
[2024-07-02T19:55:07.690+0000] {logging_mixin.py:188} INFO - [2024-07-02T19:55:07.690+0000] {dagbag.py:545} INFO - Filling up the DagBag from /usr/local/python/3.10.13/lib/python3.10/site-packages/airflow/example_dags/example_latest_only.py
[2024-07-02T19:55:07.694+0000] {processor.py:840} INFO - DAG(s) 'latest_only' retrieved from /usr/local/python/3.10.13/lib/python3.10/site-packages/airflow/example_dags/example_latest_only.py
[2024-07-02T19:55:07.705+0000] {logging_mixin.py:188} INFO - [2024-07-02T19:55:07.705+0000] {dag.py:3096} INFO - Sync 1 DAGs
[2024-07-02T19:55:07.719+0000] {logging_mixin.py:188} INFO - [2024-07-02T19:55:07.719+0000] {dag.py:3954} INFO - Setting next_dagrun for latest_only to 2024-07-02 12:00:00+00:00, run_after=2024-07-02 16:00:00+00:00
[2024-07-02T19:55:07.759+0000] {processor.py:183} INFO - Processing /usr/local/python/3.10.13/lib/python3.10/site-packages/airflow/example_dags/example_latest_only.py took 0.074 seconds
[2024-07-02T19:55:52.231+0000] {processor.py:161} INFO - Started process (PID=26593) to work on /usr/local/python/3.10.13/lib/python3.10/site-packages/airflow/example_dags/example_latest_only.py
[2024-07-02T19:55:52.231+0000] {processor.py:830} INFO - Processing file /usr/local/python/3.10.13/lib/python3.10/site-packages/airflow/example_dags/example_latest_only.py for tasks to queue
[2024-07-02T19:55:52.232+0000] {logging_mixin.py:188} INFO - [2024-07-02T19:55:52.232+0000] {dagbag.py:545} INFO - Filling up the DagBag from /usr/local/python/3.10.13/lib/python3.10/site-packages/airflow/example_dags/example_latest_only.py
[2024-07-02T19:55:52.236+0000] {processor.py:840} INFO - DAG(s) 'latest_only' retrieved from /usr/local/python/3.10.13/lib/python3.10/site-packages/airflow/example_dags/example_latest_only.py
[2024-07-02T19:55:52.249+0000] {logging_mixin.py:188} INFO - [2024-07-02T19:55:52.249+0000] {dag.py:3096} INFO - Sync 1 DAGs
[2024-07-02T19:55:52.271+0000] {logging_mixin.py:188} INFO - [2024-07-02T19:55:52.271+0000] {dag.py:3954} INFO - Setting next_dagrun for latest_only to 2024-07-02 12:00:00+00:00, run_after=2024-07-02 16:00:00+00:00
[2024-07-02T19:55:52.315+0000] {processor.py:183} INFO - Processing /usr/local/python/3.10.13/lib/python3.10/site-packages/airflow/example_dags/example_latest_only.py took 0.088 seconds
[2024-07-02T19:56:36.441+0000] {processor.py:161} INFO - Started process (PID=27046) to work on /usr/local/python/3.10.13/lib/python3.10/site-packages/airflow/example_dags/example_latest_only.py
[2024-07-02T19:56:36.442+0000] {processor.py:830} INFO - Processing file /usr/local/python/3.10.13/lib/python3.10/site-packages/airflow/example_dags/example_latest_only.py for tasks to queue
[2024-07-02T19:56:36.443+0000] {logging_mixin.py:188} INFO - [2024-07-02T19:56:36.442+0000] {dagbag.py:545} INFO - Filling up the DagBag from /usr/local/python/3.10.13/lib/python3.10/site-packages/airflow/example_dags/example_latest_only.py
[2024-07-02T19:56:36.446+0000] {processor.py:840} INFO - DAG(s) 'latest_only' retrieved from /usr/local/python/3.10.13/lib/python3.10/site-packages/airflow/example_dags/example_latest_only.py
[2024-07-02T19:56:36.458+0000] {logging_mixin.py:188} INFO - [2024-07-02T19:56:36.457+0000] {dag.py:3096} INFO - Sync 1 DAGs
[2024-07-02T19:56:36.472+0000] {logging_mixin.py:188} INFO - [2024-07-02T19:56:36.472+0000] {dag.py:3954} INFO - Setting next_dagrun for latest_only to 2024-07-02 12:00:00+00:00, run_after=2024-07-02 16:00:00+00:00
[2024-07-02T19:56:36.518+0000] {processor.py:183} INFO - Processing /usr/local/python/3.10.13/lib/python3.10/site-packages/airflow/example_dags/example_latest_only.py took 0.081 seconds
[2024-07-02T19:57:31.445+0000] {processor.py:161} INFO - Started process (PID=27482) to work on /usr/local/python/3.10.13/lib/python3.10/site-packages/airflow/example_dags/example_latest_only.py
[2024-07-02T19:57:31.446+0000] {processor.py:830} INFO - Processing file /usr/local/python/3.10.13/lib/python3.10/site-packages/airflow/example_dags/example_latest_only.py for tasks to queue
[2024-07-02T19:57:31.446+0000] {logging_mixin.py:188} INFO - [2024-07-02T19:57:31.446+0000] {dagbag.py:545} INFO - Filling up the DagBag from /usr/local/python/3.10.13/lib/python3.10/site-packages/airflow/example_dags/example_latest_only.py
[2024-07-02T19:57:31.450+0000] {processor.py:840} INFO - DAG(s) 'latest_only' retrieved from /usr/local/python/3.10.13/lib/python3.10/site-packages/airflow/example_dags/example_latest_only.py
[2024-07-02T19:57:31.463+0000] {logging_mixin.py:188} INFO - [2024-07-02T19:57:31.463+0000] {dag.py:3096} INFO - Sync 1 DAGs
[2024-07-02T19:57:31.481+0000] {logging_mixin.py:188} INFO - [2024-07-02T19:57:31.481+0000] {dag.py:3954} INFO - Setting next_dagrun for latest_only to 2024-07-02 12:00:00+00:00, run_after=2024-07-02 16:00:00+00:00
[2024-07-02T19:57:31.521+0000] {processor.py:183} INFO - Processing /usr/local/python/3.10.13/lib/python3.10/site-packages/airflow/example_dags/example_latest_only.py took 0.081 seconds
