[2024-07-02T19:10:39.351+0000] {processor.py:161} INFO - Started process (PID=5705) to work on /usr/local/python/3.10.13/lib/python3.10/site-packages/airflow/example_dags/example_nested_branch_dag.py
[2024-07-02T19:10:39.352+0000] {processor.py:830} INFO - Processing file /usr/local/python/3.10.13/lib/python3.10/site-packages/airflow/example_dags/example_nested_branch_dag.py for tasks to queue
[2024-07-02T19:10:39.353+0000] {logging_mixin.py:188} INFO - [2024-07-02T19:10:39.353+0000] {dagbag.py:545} INFO - Filling up the DagBag from /usr/local/python/3.10.13/lib/python3.10/site-packages/airflow/example_dags/example_nested_branch_dag.py
[2024-07-02T19:10:39.362+0000] {processor.py:840} INFO - DAG(s) 'example_nested_branch_dag' retrieved from /usr/local/python/3.10.13/lib/python3.10/site-packages/airflow/example_dags/example_nested_branch_dag.py
[2024-07-02T19:10:39.568+0000] {logging_mixin.py:188} INFO - [2024-07-02T19:10:39.567+0000] {override.py:1829} INFO - Created Permission View: can edit on DAG:example_nested_branch_dag
[2024-07-02T19:10:39.600+0000] {logging_mixin.py:188} INFO - [2024-07-02T19:10:39.600+0000] {override.py:1829} INFO - Created Permission View: can read on DAG:example_nested_branch_dag
[2024-07-02T19:10:39.629+0000] {logging_mixin.py:188} INFO - [2024-07-02T19:10:39.629+0000] {override.py:1829} INFO - Created Permission View: can delete on DAG:example_nested_branch_dag
[2024-07-02T19:10:39.629+0000] {logging_mixin.py:188} INFO - [2024-07-02T19:10:39.629+0000] {dag.py:3096} INFO - Sync 1 DAGs
[2024-07-02T19:10:39.637+0000] {logging_mixin.py:188} INFO - [2024-07-02T19:10:39.636+0000] {dag.py:3118} INFO - Creating ORM DAG for example_nested_branch_dag
[2024-07-02T19:10:39.644+0000] {logging_mixin.py:188} INFO - [2024-07-02T19:10:39.643+0000] {dag.py:3954} INFO - Setting next_dagrun for example_nested_branch_dag to 2024-07-01 00:00:00+00:00, run_after=2024-07-02 00:00:00+00:00
[2024-07-02T19:10:39.690+0000] {processor.py:183} INFO - Processing /usr/local/python/3.10.13/lib/python3.10/site-packages/airflow/example_dags/example_nested_branch_dag.py took 0.343 seconds
[2024-07-02T19:11:39.323+0000] {processor.py:161} INFO - Started process (PID=6148) to work on /usr/local/python/3.10.13/lib/python3.10/site-packages/airflow/example_dags/example_nested_branch_dag.py
[2024-07-02T19:11:39.323+0000] {processor.py:830} INFO - Processing file /usr/local/python/3.10.13/lib/python3.10/site-packages/airflow/example_dags/example_nested_branch_dag.py for tasks to queue
[2024-07-02T19:11:39.324+0000] {logging_mixin.py:188} INFO - [2024-07-02T19:11:39.324+0000] {dagbag.py:545} INFO - Filling up the DagBag from /usr/local/python/3.10.13/lib/python3.10/site-packages/airflow/example_dags/example_nested_branch_dag.py
[2024-07-02T19:11:39.332+0000] {processor.py:840} INFO - DAG(s) 'example_nested_branch_dag' retrieved from /usr/local/python/3.10.13/lib/python3.10/site-packages/airflow/example_dags/example_nested_branch_dag.py
[2024-07-02T19:11:39.345+0000] {logging_mixin.py:188} INFO - [2024-07-02T19:11:39.344+0000] {dag.py:3096} INFO - Sync 1 DAGs
[2024-07-02T19:11:39.360+0000] {logging_mixin.py:188} INFO - [2024-07-02T19:11:39.360+0000] {dag.py:3954} INFO - Setting next_dagrun for example_nested_branch_dag to 2024-07-01 00:00:00+00:00, run_after=2024-07-02 00:00:00+00:00
[2024-07-02T19:11:39.402+0000] {processor.py:183} INFO - Processing /usr/local/python/3.10.13/lib/python3.10/site-packages/airflow/example_dags/example_nested_branch_dag.py took 0.084 seconds
[2024-07-02T19:12:29.738+0000] {processor.py:161} INFO - Started process (PID=6542) to work on /usr/local/python/3.10.13/lib/python3.10/site-packages/airflow/example_dags/example_nested_branch_dag.py
[2024-07-02T19:12:29.739+0000] {processor.py:830} INFO - Processing file /usr/local/python/3.10.13/lib/python3.10/site-packages/airflow/example_dags/example_nested_branch_dag.py for tasks to queue
[2024-07-02T19:12:29.740+0000] {logging_mixin.py:188} INFO - [2024-07-02T19:12:29.740+0000] {dagbag.py:545} INFO - Filling up the DagBag from /usr/local/python/3.10.13/lib/python3.10/site-packages/airflow/example_dags/example_nested_branch_dag.py
[2024-07-02T19:12:29.748+0000] {processor.py:840} INFO - DAG(s) 'example_nested_branch_dag' retrieved from /usr/local/python/3.10.13/lib/python3.10/site-packages/airflow/example_dags/example_nested_branch_dag.py
[2024-07-02T19:12:29.761+0000] {logging_mixin.py:188} INFO - [2024-07-02T19:12:29.761+0000] {dag.py:3096} INFO - Sync 1 DAGs
[2024-07-02T19:12:29.777+0000] {logging_mixin.py:188} INFO - [2024-07-02T19:12:29.777+0000] {dag.py:3954} INFO - Setting next_dagrun for example_nested_branch_dag to 2024-07-01 00:00:00+00:00, run_after=2024-07-02 00:00:00+00:00
[2024-07-02T19:12:29.819+0000] {processor.py:183} INFO - Processing /usr/local/python/3.10.13/lib/python3.10/site-packages/airflow/example_dags/example_nested_branch_dag.py took 0.085 seconds
[2024-07-02T19:13:18.895+0000] {processor.py:161} INFO - Started process (PID=6920) to work on /usr/local/python/3.10.13/lib/python3.10/site-packages/airflow/example_dags/example_nested_branch_dag.py
[2024-07-02T19:13:18.895+0000] {processor.py:830} INFO - Processing file /usr/local/python/3.10.13/lib/python3.10/site-packages/airflow/example_dags/example_nested_branch_dag.py for tasks to queue
[2024-07-02T19:13:18.896+0000] {logging_mixin.py:188} INFO - [2024-07-02T19:13:18.896+0000] {dagbag.py:545} INFO - Filling up the DagBag from /usr/local/python/3.10.13/lib/python3.10/site-packages/airflow/example_dags/example_nested_branch_dag.py
[2024-07-02T19:13:18.904+0000] {processor.py:840} INFO - DAG(s) 'example_nested_branch_dag' retrieved from /usr/local/python/3.10.13/lib/python3.10/site-packages/airflow/example_dags/example_nested_branch_dag.py
[2024-07-02T19:13:18.917+0000] {logging_mixin.py:188} INFO - [2024-07-02T19:13:18.917+0000] {dag.py:3096} INFO - Sync 1 DAGs
[2024-07-02T19:13:18.932+0000] {logging_mixin.py:188} INFO - [2024-07-02T19:13:18.932+0000] {dag.py:3954} INFO - Setting next_dagrun for example_nested_branch_dag to 2024-07-01 00:00:00+00:00, run_after=2024-07-02 00:00:00+00:00
[2024-07-02T19:13:18.971+0000] {processor.py:183} INFO - Processing /usr/local/python/3.10.13/lib/python3.10/site-packages/airflow/example_dags/example_nested_branch_dag.py took 0.081 seconds
[2024-07-02T19:14:19.733+0000] {processor.py:161} INFO - Started process (PID=7383) to work on /usr/local/python/3.10.13/lib/python3.10/site-packages/airflow/example_dags/example_nested_branch_dag.py
[2024-07-02T19:14:19.734+0000] {processor.py:830} INFO - Processing file /usr/local/python/3.10.13/lib/python3.10/site-packages/airflow/example_dags/example_nested_branch_dag.py for tasks to queue
[2024-07-02T19:14:19.735+0000] {logging_mixin.py:188} INFO - [2024-07-02T19:14:19.734+0000] {dagbag.py:545} INFO - Filling up the DagBag from /usr/local/python/3.10.13/lib/python3.10/site-packages/airflow/example_dags/example_nested_branch_dag.py
[2024-07-02T19:14:19.742+0000] {processor.py:840} INFO - DAG(s) 'example_nested_branch_dag' retrieved from /usr/local/python/3.10.13/lib/python3.10/site-packages/airflow/example_dags/example_nested_branch_dag.py
[2024-07-02T19:14:19.760+0000] {logging_mixin.py:188} INFO - [2024-07-02T19:14:19.760+0000] {dag.py:3096} INFO - Sync 1 DAGs
[2024-07-02T19:14:19.777+0000] {logging_mixin.py:188} INFO - [2024-07-02T19:14:19.777+0000] {dag.py:3954} INFO - Setting next_dagrun for example_nested_branch_dag to 2024-07-01 00:00:00+00:00, run_after=2024-07-02 00:00:00+00:00
[2024-07-02T19:14:19.818+0000] {processor.py:183} INFO - Processing /usr/local/python/3.10.13/lib/python3.10/site-packages/airflow/example_dags/example_nested_branch_dag.py took 0.090 seconds
[2024-07-02T19:15:24.044+0000] {processor.py:161} INFO - Started process (PID=7869) to work on /usr/local/python/3.10.13/lib/python3.10/site-packages/airflow/example_dags/example_nested_branch_dag.py
[2024-07-02T19:15:24.045+0000] {processor.py:830} INFO - Processing file /usr/local/python/3.10.13/lib/python3.10/site-packages/airflow/example_dags/example_nested_branch_dag.py for tasks to queue
[2024-07-02T19:15:24.046+0000] {logging_mixin.py:188} INFO - [2024-07-02T19:15:24.045+0000] {dagbag.py:545} INFO - Filling up the DagBag from /usr/local/python/3.10.13/lib/python3.10/site-packages/airflow/example_dags/example_nested_branch_dag.py
[2024-07-02T19:15:24.053+0000] {processor.py:840} INFO - DAG(s) 'example_nested_branch_dag' retrieved from /usr/local/python/3.10.13/lib/python3.10/site-packages/airflow/example_dags/example_nested_branch_dag.py
[2024-07-02T19:15:24.066+0000] {logging_mixin.py:188} INFO - [2024-07-02T19:15:24.066+0000] {dag.py:3096} INFO - Sync 1 DAGs
[2024-07-02T19:15:24.081+0000] {logging_mixin.py:188} INFO - [2024-07-02T19:15:24.081+0000] {dag.py:3954} INFO - Setting next_dagrun for example_nested_branch_dag to 2024-07-01 00:00:00+00:00, run_after=2024-07-02 00:00:00+00:00
[2024-07-02T19:15:24.123+0000] {processor.py:183} INFO - Processing /usr/local/python/3.10.13/lib/python3.10/site-packages/airflow/example_dags/example_nested_branch_dag.py took 0.083 seconds
[2024-07-02T19:16:26.035+0000] {processor.py:161} INFO - Started process (PID=8334) to work on /usr/local/python/3.10.13/lib/python3.10/site-packages/airflow/example_dags/example_nested_branch_dag.py
[2024-07-02T19:16:26.035+0000] {processor.py:830} INFO - Processing file /usr/local/python/3.10.13/lib/python3.10/site-packages/airflow/example_dags/example_nested_branch_dag.py for tasks to queue
[2024-07-02T19:16:26.036+0000] {logging_mixin.py:188} INFO - [2024-07-02T19:16:26.036+0000] {dagbag.py:545} INFO - Filling up the DagBag from /usr/local/python/3.10.13/lib/python3.10/site-packages/airflow/example_dags/example_nested_branch_dag.py
[2024-07-02T19:16:26.046+0000] {processor.py:840} INFO - DAG(s) 'example_nested_branch_dag' retrieved from /usr/local/python/3.10.13/lib/python3.10/site-packages/airflow/example_dags/example_nested_branch_dag.py
[2024-07-02T19:16:26.065+0000] {logging_mixin.py:188} INFO - [2024-07-02T19:16:26.064+0000] {dag.py:3096} INFO - Sync 1 DAGs
[2024-07-02T19:16:26.080+0000] {logging_mixin.py:188} INFO - [2024-07-02T19:16:26.080+0000] {dag.py:3954} INFO - Setting next_dagrun for example_nested_branch_dag to 2024-07-01 00:00:00+00:00, run_after=2024-07-02 00:00:00+00:00
[2024-07-02T19:16:26.121+0000] {processor.py:183} INFO - Processing /usr/local/python/3.10.13/lib/python3.10/site-packages/airflow/example_dags/example_nested_branch_dag.py took 0.091 seconds
[2024-07-02T19:17:12.035+0000] {processor.py:161} INFO - Started process (PID=8693) to work on /usr/local/python/3.10.13/lib/python3.10/site-packages/airflow/example_dags/example_nested_branch_dag.py
[2024-07-02T19:17:12.035+0000] {processor.py:830} INFO - Processing file /usr/local/python/3.10.13/lib/python3.10/site-packages/airflow/example_dags/example_nested_branch_dag.py for tasks to queue
[2024-07-02T19:17:12.036+0000] {logging_mixin.py:188} INFO - [2024-07-02T19:17:12.036+0000] {dagbag.py:545} INFO - Filling up the DagBag from /usr/local/python/3.10.13/lib/python3.10/site-packages/airflow/example_dags/example_nested_branch_dag.py
[2024-07-02T19:17:12.044+0000] {processor.py:840} INFO - DAG(s) 'example_nested_branch_dag' retrieved from /usr/local/python/3.10.13/lib/python3.10/site-packages/airflow/example_dags/example_nested_branch_dag.py
[2024-07-02T19:17:12.057+0000] {logging_mixin.py:188} INFO - [2024-07-02T19:17:12.056+0000] {dag.py:3096} INFO - Sync 1 DAGs
[2024-07-02T19:17:12.072+0000] {logging_mixin.py:188} INFO - [2024-07-02T19:17:12.071+0000] {dag.py:3954} INFO - Setting next_dagrun for example_nested_branch_dag to 2024-07-01 00:00:00+00:00, run_after=2024-07-02 00:00:00+00:00
[2024-07-02T19:17:12.112+0000] {processor.py:183} INFO - Processing /usr/local/python/3.10.13/lib/python3.10/site-packages/airflow/example_dags/example_nested_branch_dag.py took 0.081 seconds
[2024-07-02T19:17:57.842+0000] {processor.py:161} INFO - Started process (PID=9027) to work on /usr/local/python/3.10.13/lib/python3.10/site-packages/airflow/example_dags/example_nested_branch_dag.py
[2024-07-02T19:17:57.843+0000] {processor.py:830} INFO - Processing file /usr/local/python/3.10.13/lib/python3.10/site-packages/airflow/example_dags/example_nested_branch_dag.py for tasks to queue
[2024-07-02T19:17:57.844+0000] {logging_mixin.py:188} INFO - [2024-07-02T19:17:57.844+0000] {dagbag.py:545} INFO - Filling up the DagBag from /usr/local/python/3.10.13/lib/python3.10/site-packages/airflow/example_dags/example_nested_branch_dag.py
[2024-07-02T19:17:57.852+0000] {processor.py:840} INFO - DAG(s) 'example_nested_branch_dag' retrieved from /usr/local/python/3.10.13/lib/python3.10/site-packages/airflow/example_dags/example_nested_branch_dag.py
[2024-07-02T19:17:57.866+0000] {logging_mixin.py:188} INFO - [2024-07-02T19:17:57.866+0000] {dag.py:3096} INFO - Sync 1 DAGs
[2024-07-02T19:17:57.883+0000] {logging_mixin.py:188} INFO - [2024-07-02T19:17:57.883+0000] {dag.py:3954} INFO - Setting next_dagrun for example_nested_branch_dag to 2024-07-01 00:00:00+00:00, run_after=2024-07-02 00:00:00+00:00
[2024-07-02T19:17:57.923+0000] {processor.py:183} INFO - Processing /usr/local/python/3.10.13/lib/python3.10/site-packages/airflow/example_dags/example_nested_branch_dag.py took 0.085 seconds
[2024-07-02T19:18:39.993+0000] {processor.py:161} INFO - Started process (PID=9367) to work on /usr/local/python/3.10.13/lib/python3.10/site-packages/airflow/example_dags/example_nested_branch_dag.py
[2024-07-02T19:18:39.994+0000] {processor.py:830} INFO - Processing file /usr/local/python/3.10.13/lib/python3.10/site-packages/airflow/example_dags/example_nested_branch_dag.py for tasks to queue
[2024-07-02T19:18:39.995+0000] {logging_mixin.py:188} INFO - [2024-07-02T19:18:39.994+0000] {dagbag.py:545} INFO - Filling up the DagBag from /usr/local/python/3.10.13/lib/python3.10/site-packages/airflow/example_dags/example_nested_branch_dag.py
[2024-07-02T19:18:40.004+0000] {processor.py:840} INFO - DAG(s) 'example_nested_branch_dag' retrieved from /usr/local/python/3.10.13/lib/python3.10/site-packages/airflow/example_dags/example_nested_branch_dag.py
[2024-07-02T19:18:40.017+0000] {logging_mixin.py:188} INFO - [2024-07-02T19:18:40.017+0000] {dag.py:3096} INFO - Sync 1 DAGs
[2024-07-02T19:18:40.033+0000] {logging_mixin.py:188} INFO - [2024-07-02T19:18:40.033+0000] {dag.py:3954} INFO - Setting next_dagrun for example_nested_branch_dag to 2024-07-01 00:00:00+00:00, run_after=2024-07-02 00:00:00+00:00
[2024-07-02T19:18:40.073+0000] {processor.py:183} INFO - Processing /usr/local/python/3.10.13/lib/python3.10/site-packages/airflow/example_dags/example_nested_branch_dag.py took 0.086 seconds
[2024-07-02T19:19:45.113+0000] {processor.py:161} INFO - Started process (PID=9852) to work on /usr/local/python/3.10.13/lib/python3.10/site-packages/airflow/example_dags/example_nested_branch_dag.py
[2024-07-02T19:19:45.113+0000] {processor.py:830} INFO - Processing file /usr/local/python/3.10.13/lib/python3.10/site-packages/airflow/example_dags/example_nested_branch_dag.py for tasks to queue
[2024-07-02T19:19:45.114+0000] {logging_mixin.py:188} INFO - [2024-07-02T19:19:45.114+0000] {dagbag.py:545} INFO - Filling up the DagBag from /usr/local/python/3.10.13/lib/python3.10/site-packages/airflow/example_dags/example_nested_branch_dag.py
[2024-07-02T19:19:45.122+0000] {processor.py:840} INFO - DAG(s) 'example_nested_branch_dag' retrieved from /usr/local/python/3.10.13/lib/python3.10/site-packages/airflow/example_dags/example_nested_branch_dag.py
[2024-07-02T19:19:45.134+0000] {logging_mixin.py:188} INFO - [2024-07-02T19:19:45.134+0000] {dag.py:3096} INFO - Sync 1 DAGs
[2024-07-02T19:19:45.150+0000] {logging_mixin.py:188} INFO - [2024-07-02T19:19:45.150+0000] {dag.py:3954} INFO - Setting next_dagrun for example_nested_branch_dag to 2024-07-01 00:00:00+00:00, run_after=2024-07-02 00:00:00+00:00
[2024-07-02T19:19:45.190+0000] {processor.py:183} INFO - Processing /usr/local/python/3.10.13/lib/python3.10/site-packages/airflow/example_dags/example_nested_branch_dag.py took 0.081 seconds
[2024-07-02T19:20:32.200+0000] {processor.py:161} INFO - Started process (PID=10209) to work on /usr/local/python/3.10.13/lib/python3.10/site-packages/airflow/example_dags/example_nested_branch_dag.py
[2024-07-02T19:20:32.201+0000] {processor.py:830} INFO - Processing file /usr/local/python/3.10.13/lib/python3.10/site-packages/airflow/example_dags/example_nested_branch_dag.py for tasks to queue
[2024-07-02T19:20:32.202+0000] {logging_mixin.py:188} INFO - [2024-07-02T19:20:32.202+0000] {dagbag.py:545} INFO - Filling up the DagBag from /usr/local/python/3.10.13/lib/python3.10/site-packages/airflow/example_dags/example_nested_branch_dag.py
[2024-07-02T19:20:32.210+0000] {processor.py:840} INFO - DAG(s) 'example_nested_branch_dag' retrieved from /usr/local/python/3.10.13/lib/python3.10/site-packages/airflow/example_dags/example_nested_branch_dag.py
[2024-07-02T19:20:32.223+0000] {logging_mixin.py:188} INFO - [2024-07-02T19:20:32.222+0000] {dag.py:3096} INFO - Sync 1 DAGs
[2024-07-02T19:20:32.239+0000] {logging_mixin.py:188} INFO - [2024-07-02T19:20:32.238+0000] {dag.py:3954} INFO - Setting next_dagrun for example_nested_branch_dag to 2024-07-01 00:00:00+00:00, run_after=2024-07-02 00:00:00+00:00
[2024-07-02T19:20:32.279+0000] {processor.py:183} INFO - Processing /usr/local/python/3.10.13/lib/python3.10/site-packages/airflow/example_dags/example_nested_branch_dag.py took 0.084 seconds
[2024-07-02T19:21:18.851+0000] {processor.py:161} INFO - Started process (PID=10557) to work on /usr/local/python/3.10.13/lib/python3.10/site-packages/airflow/example_dags/example_nested_branch_dag.py
[2024-07-02T19:21:18.852+0000] {processor.py:830} INFO - Processing file /usr/local/python/3.10.13/lib/python3.10/site-packages/airflow/example_dags/example_nested_branch_dag.py for tasks to queue
[2024-07-02T19:21:18.852+0000] {logging_mixin.py:188} INFO - [2024-07-02T19:21:18.852+0000] {dagbag.py:545} INFO - Filling up the DagBag from /usr/local/python/3.10.13/lib/python3.10/site-packages/airflow/example_dags/example_nested_branch_dag.py
[2024-07-02T19:21:18.860+0000] {processor.py:840} INFO - DAG(s) 'example_nested_branch_dag' retrieved from /usr/local/python/3.10.13/lib/python3.10/site-packages/airflow/example_dags/example_nested_branch_dag.py
[2024-07-02T19:21:18.872+0000] {logging_mixin.py:188} INFO - [2024-07-02T19:21:18.872+0000] {dag.py:3096} INFO - Sync 1 DAGs
[2024-07-02T19:21:18.888+0000] {logging_mixin.py:188} INFO - [2024-07-02T19:21:18.888+0000] {dag.py:3954} INFO - Setting next_dagrun for example_nested_branch_dag to 2024-07-01 00:00:00+00:00, run_after=2024-07-02 00:00:00+00:00
[2024-07-02T19:21:18.942+0000] {processor.py:183} INFO - Processing /usr/local/python/3.10.13/lib/python3.10/site-packages/airflow/example_dags/example_nested_branch_dag.py took 0.096 seconds
[2024-07-02T19:22:05.419+0000] {processor.py:161} INFO - Started process (PID=10914) to work on /usr/local/python/3.10.13/lib/python3.10/site-packages/airflow/example_dags/example_nested_branch_dag.py
[2024-07-02T19:22:05.420+0000] {processor.py:830} INFO - Processing file /usr/local/python/3.10.13/lib/python3.10/site-packages/airflow/example_dags/example_nested_branch_dag.py for tasks to queue
[2024-07-02T19:22:05.421+0000] {logging_mixin.py:188} INFO - [2024-07-02T19:22:05.420+0000] {dagbag.py:545} INFO - Filling up the DagBag from /usr/local/python/3.10.13/lib/python3.10/site-packages/airflow/example_dags/example_nested_branch_dag.py
[2024-07-02T19:22:05.433+0000] {processor.py:840} INFO - DAG(s) 'example_nested_branch_dag' retrieved from /usr/local/python/3.10.13/lib/python3.10/site-packages/airflow/example_dags/example_nested_branch_dag.py
[2024-07-02T19:22:05.448+0000] {logging_mixin.py:188} INFO - [2024-07-02T19:22:05.448+0000] {dag.py:3096} INFO - Sync 1 DAGs
[2024-07-02T19:22:05.463+0000] {logging_mixin.py:188} INFO - [2024-07-02T19:22:05.463+0000] {dag.py:3954} INFO - Setting next_dagrun for example_nested_branch_dag to 2024-07-01 00:00:00+00:00, run_after=2024-07-02 00:00:00+00:00
[2024-07-02T19:22:05.502+0000] {processor.py:183} INFO - Processing /usr/local/python/3.10.13/lib/python3.10/site-packages/airflow/example_dags/example_nested_branch_dag.py took 0.088 seconds
[2024-07-02T19:22:51.227+0000] {processor.py:161} INFO - Started process (PID=11255) to work on /usr/local/python/3.10.13/lib/python3.10/site-packages/airflow/example_dags/example_nested_branch_dag.py
[2024-07-02T19:22:51.227+0000] {processor.py:830} INFO - Processing file /usr/local/python/3.10.13/lib/python3.10/site-packages/airflow/example_dags/example_nested_branch_dag.py for tasks to queue
[2024-07-02T19:22:51.228+0000] {logging_mixin.py:188} INFO - [2024-07-02T19:22:51.228+0000] {dagbag.py:545} INFO - Filling up the DagBag from /usr/local/python/3.10.13/lib/python3.10/site-packages/airflow/example_dags/example_nested_branch_dag.py
[2024-07-02T19:22:51.236+0000] {processor.py:840} INFO - DAG(s) 'example_nested_branch_dag' retrieved from /usr/local/python/3.10.13/lib/python3.10/site-packages/airflow/example_dags/example_nested_branch_dag.py
[2024-07-02T19:22:51.249+0000] {logging_mixin.py:188} INFO - [2024-07-02T19:22:51.249+0000] {dag.py:3096} INFO - Sync 1 DAGs
[2024-07-02T19:22:51.264+0000] {logging_mixin.py:188} INFO - [2024-07-02T19:22:51.264+0000] {dag.py:3954} INFO - Setting next_dagrun for example_nested_branch_dag to 2024-07-01 00:00:00+00:00, run_after=2024-07-02 00:00:00+00:00
[2024-07-02T19:22:51.308+0000] {processor.py:183} INFO - Processing /usr/local/python/3.10.13/lib/python3.10/site-packages/airflow/example_dags/example_nested_branch_dag.py took 0.086 seconds
[2024-07-02T19:23:52.370+0000] {processor.py:161} INFO - Started process (PID=11717) to work on /usr/local/python/3.10.13/lib/python3.10/site-packages/airflow/example_dags/example_nested_branch_dag.py
[2024-07-02T19:23:52.371+0000] {processor.py:830} INFO - Processing file /usr/local/python/3.10.13/lib/python3.10/site-packages/airflow/example_dags/example_nested_branch_dag.py for tasks to queue
[2024-07-02T19:23:52.372+0000] {logging_mixin.py:188} INFO - [2024-07-02T19:23:52.371+0000] {dagbag.py:545} INFO - Filling up the DagBag from /usr/local/python/3.10.13/lib/python3.10/site-packages/airflow/example_dags/example_nested_branch_dag.py
[2024-07-02T19:23:52.380+0000] {processor.py:840} INFO - DAG(s) 'example_nested_branch_dag' retrieved from /usr/local/python/3.10.13/lib/python3.10/site-packages/airflow/example_dags/example_nested_branch_dag.py
[2024-07-02T19:23:52.393+0000] {logging_mixin.py:188} INFO - [2024-07-02T19:23:52.393+0000] {dag.py:3096} INFO - Sync 1 DAGs
[2024-07-02T19:23:52.408+0000] {logging_mixin.py:188} INFO - [2024-07-02T19:23:52.408+0000] {dag.py:3954} INFO - Setting next_dagrun for example_nested_branch_dag to 2024-07-01 00:00:00+00:00, run_after=2024-07-02 00:00:00+00:00
[2024-07-02T19:23:52.455+0000] {processor.py:183} INFO - Processing /usr/local/python/3.10.13/lib/python3.10/site-packages/airflow/example_dags/example_nested_branch_dag.py took 0.092 seconds
[2024-07-02T19:24:35.788+0000] {processor.py:161} INFO - Started process (PID=12061) to work on /usr/local/python/3.10.13/lib/python3.10/site-packages/airflow/example_dags/example_nested_branch_dag.py
[2024-07-02T19:24:35.788+0000] {processor.py:830} INFO - Processing file /usr/local/python/3.10.13/lib/python3.10/site-packages/airflow/example_dags/example_nested_branch_dag.py for tasks to queue
[2024-07-02T19:24:35.789+0000] {logging_mixin.py:188} INFO - [2024-07-02T19:24:35.789+0000] {dagbag.py:545} INFO - Filling up the DagBag from /usr/local/python/3.10.13/lib/python3.10/site-packages/airflow/example_dags/example_nested_branch_dag.py
[2024-07-02T19:24:35.797+0000] {processor.py:840} INFO - DAG(s) 'example_nested_branch_dag' retrieved from /usr/local/python/3.10.13/lib/python3.10/site-packages/airflow/example_dags/example_nested_branch_dag.py
[2024-07-02T19:24:35.810+0000] {logging_mixin.py:188} INFO - [2024-07-02T19:24:35.810+0000] {dag.py:3096} INFO - Sync 1 DAGs
[2024-07-02T19:24:35.826+0000] {logging_mixin.py:188} INFO - [2024-07-02T19:24:35.825+0000] {dag.py:3954} INFO - Setting next_dagrun for example_nested_branch_dag to 2024-07-01 00:00:00+00:00, run_after=2024-07-02 00:00:00+00:00
[2024-07-02T19:24:35.865+0000] {processor.py:183} INFO - Processing /usr/local/python/3.10.13/lib/python3.10/site-packages/airflow/example_dags/example_nested_branch_dag.py took 0.082 seconds
[2024-07-02T19:25:19.144+0000] {processor.py:161} INFO - Started process (PID=12387) to work on /usr/local/python/3.10.13/lib/python3.10/site-packages/airflow/example_dags/example_nested_branch_dag.py
[2024-07-02T19:25:19.145+0000] {processor.py:830} INFO - Processing file /usr/local/python/3.10.13/lib/python3.10/site-packages/airflow/example_dags/example_nested_branch_dag.py for tasks to queue
[2024-07-02T19:25:19.146+0000] {logging_mixin.py:188} INFO - [2024-07-02T19:25:19.145+0000] {dagbag.py:545} INFO - Filling up the DagBag from /usr/local/python/3.10.13/lib/python3.10/site-packages/airflow/example_dags/example_nested_branch_dag.py
[2024-07-02T19:25:19.154+0000] {processor.py:840} INFO - DAG(s) 'example_nested_branch_dag' retrieved from /usr/local/python/3.10.13/lib/python3.10/site-packages/airflow/example_dags/example_nested_branch_dag.py
[2024-07-02T19:25:19.166+0000] {logging_mixin.py:188} INFO - [2024-07-02T19:25:19.166+0000] {dag.py:3096} INFO - Sync 1 DAGs
[2024-07-02T19:25:19.181+0000] {logging_mixin.py:188} INFO - [2024-07-02T19:25:19.181+0000] {dag.py:3954} INFO - Setting next_dagrun for example_nested_branch_dag to 2024-07-01 00:00:00+00:00, run_after=2024-07-02 00:00:00+00:00
[2024-07-02T19:25:19.223+0000] {processor.py:183} INFO - Processing /usr/local/python/3.10.13/lib/python3.10/site-packages/airflow/example_dags/example_nested_branch_dag.py took 0.083 seconds
[2024-07-02T19:26:02.119+0000] {processor.py:161} INFO - Started process (PID=12710) to work on /usr/local/python/3.10.13/lib/python3.10/site-packages/airflow/example_dags/example_nested_branch_dag.py
[2024-07-02T19:26:02.120+0000] {processor.py:830} INFO - Processing file /usr/local/python/3.10.13/lib/python3.10/site-packages/airflow/example_dags/example_nested_branch_dag.py for tasks to queue
[2024-07-02T19:26:02.121+0000] {logging_mixin.py:188} INFO - [2024-07-02T19:26:02.120+0000] {dagbag.py:545} INFO - Filling up the DagBag from /usr/local/python/3.10.13/lib/python3.10/site-packages/airflow/example_dags/example_nested_branch_dag.py
[2024-07-02T19:26:02.129+0000] {processor.py:840} INFO - DAG(s) 'example_nested_branch_dag' retrieved from /usr/local/python/3.10.13/lib/python3.10/site-packages/airflow/example_dags/example_nested_branch_dag.py
[2024-07-02T19:26:02.142+0000] {logging_mixin.py:188} INFO - [2024-07-02T19:26:02.142+0000] {dag.py:3096} INFO - Sync 1 DAGs
[2024-07-02T19:26:02.157+0000] {logging_mixin.py:188} INFO - [2024-07-02T19:26:02.157+0000] {dag.py:3954} INFO - Setting next_dagrun for example_nested_branch_dag to 2024-07-01 00:00:00+00:00, run_after=2024-07-02 00:00:00+00:00
[2024-07-02T19:26:02.203+0000] {processor.py:183} INFO - Processing /usr/local/python/3.10.13/lib/python3.10/site-packages/airflow/example_dags/example_nested_branch_dag.py took 0.088 seconds
[2024-07-02T19:26:46.853+0000] {processor.py:161} INFO - Started process (PID=13038) to work on /usr/local/python/3.10.13/lib/python3.10/site-packages/airflow/example_dags/example_nested_branch_dag.py
[2024-07-02T19:26:46.854+0000] {processor.py:830} INFO - Processing file /usr/local/python/3.10.13/lib/python3.10/site-packages/airflow/example_dags/example_nested_branch_dag.py for tasks to queue
[2024-07-02T19:26:46.855+0000] {logging_mixin.py:188} INFO - [2024-07-02T19:26:46.854+0000] {dagbag.py:545} INFO - Filling up the DagBag from /usr/local/python/3.10.13/lib/python3.10/site-packages/airflow/example_dags/example_nested_branch_dag.py
[2024-07-02T19:26:46.863+0000] {processor.py:840} INFO - DAG(s) 'example_nested_branch_dag' retrieved from /usr/local/python/3.10.13/lib/python3.10/site-packages/airflow/example_dags/example_nested_branch_dag.py
[2024-07-02T19:26:46.875+0000] {logging_mixin.py:188} INFO - [2024-07-02T19:26:46.875+0000] {dag.py:3096} INFO - Sync 1 DAGs
[2024-07-02T19:26:46.891+0000] {logging_mixin.py:188} INFO - [2024-07-02T19:26:46.891+0000] {dag.py:3954} INFO - Setting next_dagrun for example_nested_branch_dag to 2024-07-01 00:00:00+00:00, run_after=2024-07-02 00:00:00+00:00
[2024-07-02T19:26:46.932+0000] {processor.py:183} INFO - Processing /usr/local/python/3.10.13/lib/python3.10/site-packages/airflow/example_dags/example_nested_branch_dag.py took 0.083 seconds
[2024-07-02T19:27:31.236+0000] {processor.py:161} INFO - Started process (PID=13450) to work on /usr/local/python/3.10.13/lib/python3.10/site-packages/airflow/example_dags/example_nested_branch_dag.py
[2024-07-02T19:27:31.236+0000] {processor.py:830} INFO - Processing file /usr/local/python/3.10.13/lib/python3.10/site-packages/airflow/example_dags/example_nested_branch_dag.py for tasks to queue
[2024-07-02T19:27:31.237+0000] {logging_mixin.py:188} INFO - [2024-07-02T19:27:31.237+0000] {dagbag.py:545} INFO - Filling up the DagBag from /usr/local/python/3.10.13/lib/python3.10/site-packages/airflow/example_dags/example_nested_branch_dag.py
[2024-07-02T19:27:31.245+0000] {processor.py:840} INFO - DAG(s) 'example_nested_branch_dag' retrieved from /usr/local/python/3.10.13/lib/python3.10/site-packages/airflow/example_dags/example_nested_branch_dag.py
[2024-07-02T19:27:31.261+0000] {logging_mixin.py:188} INFO - [2024-07-02T19:27:31.261+0000] {dag.py:3096} INFO - Sync 1 DAGs
[2024-07-02T19:27:31.278+0000] {logging_mixin.py:188} INFO - [2024-07-02T19:27:31.277+0000] {dag.py:3954} INFO - Setting next_dagrun for example_nested_branch_dag to 2024-07-01 00:00:00+00:00, run_after=2024-07-02 00:00:00+00:00
[2024-07-02T19:27:31.326+0000] {processor.py:183} INFO - Processing /usr/local/python/3.10.13/lib/python3.10/site-packages/airflow/example_dags/example_nested_branch_dag.py took 0.096 seconds
[2024-07-02T19:28:33.917+0000] {processor.py:161} INFO - Started process (PID=13988) to work on /usr/local/python/3.10.13/lib/python3.10/site-packages/airflow/example_dags/example_nested_branch_dag.py
[2024-07-02T19:28:33.918+0000] {processor.py:830} INFO - Processing file /usr/local/python/3.10.13/lib/python3.10/site-packages/airflow/example_dags/example_nested_branch_dag.py for tasks to queue
[2024-07-02T19:28:33.918+0000] {logging_mixin.py:188} INFO - [2024-07-02T19:28:33.918+0000] {dagbag.py:545} INFO - Filling up the DagBag from /usr/local/python/3.10.13/lib/python3.10/site-packages/airflow/example_dags/example_nested_branch_dag.py
[2024-07-02T19:28:33.926+0000] {processor.py:840} INFO - DAG(s) 'example_nested_branch_dag' retrieved from /usr/local/python/3.10.13/lib/python3.10/site-packages/airflow/example_dags/example_nested_branch_dag.py
[2024-07-02T19:28:33.939+0000] {logging_mixin.py:188} INFO - [2024-07-02T19:28:33.939+0000] {dag.py:3096} INFO - Sync 1 DAGs
[2024-07-02T19:28:33.954+0000] {logging_mixin.py:188} INFO - [2024-07-02T19:28:33.954+0000] {dag.py:3954} INFO - Setting next_dagrun for example_nested_branch_dag to 2024-07-01 00:00:00+00:00, run_after=2024-07-02 00:00:00+00:00
[2024-07-02T19:28:33.993+0000] {processor.py:183} INFO - Processing /usr/local/python/3.10.13/lib/python3.10/site-packages/airflow/example_dags/example_nested_branch_dag.py took 0.080 seconds
[2024-07-02T19:29:20.462+0000] {processor.py:161} INFO - Started process (PID=14402) to work on /usr/local/python/3.10.13/lib/python3.10/site-packages/airflow/example_dags/example_nested_branch_dag.py
[2024-07-02T19:29:20.463+0000] {processor.py:830} INFO - Processing file /usr/local/python/3.10.13/lib/python3.10/site-packages/airflow/example_dags/example_nested_branch_dag.py for tasks to queue
[2024-07-02T19:29:20.464+0000] {logging_mixin.py:188} INFO - [2024-07-02T19:29:20.464+0000] {dagbag.py:545} INFO - Filling up the DagBag from /usr/local/python/3.10.13/lib/python3.10/site-packages/airflow/example_dags/example_nested_branch_dag.py
[2024-07-02T19:29:20.475+0000] {processor.py:840} INFO - DAG(s) 'example_nested_branch_dag' retrieved from /usr/local/python/3.10.13/lib/python3.10/site-packages/airflow/example_dags/example_nested_branch_dag.py
[2024-07-02T19:29:20.488+0000] {logging_mixin.py:188} INFO - [2024-07-02T19:29:20.487+0000] {dag.py:3096} INFO - Sync 1 DAGs
[2024-07-02T19:29:20.503+0000] {logging_mixin.py:188} INFO - [2024-07-02T19:29:20.502+0000] {dag.py:3954} INFO - Setting next_dagrun for example_nested_branch_dag to 2024-07-01 00:00:00+00:00, run_after=2024-07-02 00:00:00+00:00
[2024-07-02T19:29:20.542+0000] {processor.py:183} INFO - Processing /usr/local/python/3.10.13/lib/python3.10/site-packages/airflow/example_dags/example_nested_branch_dag.py took 0.087 seconds
[2024-07-02T19:30:07.567+0000] {processor.py:161} INFO - Started process (PID=14746) to work on /usr/local/python/3.10.13/lib/python3.10/site-packages/airflow/example_dags/example_nested_branch_dag.py
[2024-07-02T19:30:07.568+0000] {processor.py:830} INFO - Processing file /usr/local/python/3.10.13/lib/python3.10/site-packages/airflow/example_dags/example_nested_branch_dag.py for tasks to queue
[2024-07-02T19:30:07.568+0000] {logging_mixin.py:188} INFO - [2024-07-02T19:30:07.568+0000] {dagbag.py:545} INFO - Filling up the DagBag from /usr/local/python/3.10.13/lib/python3.10/site-packages/airflow/example_dags/example_nested_branch_dag.py
[2024-07-02T19:30:07.576+0000] {processor.py:840} INFO - DAG(s) 'example_nested_branch_dag' retrieved from /usr/local/python/3.10.13/lib/python3.10/site-packages/airflow/example_dags/example_nested_branch_dag.py
[2024-07-02T19:30:07.590+0000] {logging_mixin.py:188} INFO - [2024-07-02T19:30:07.590+0000] {dag.py:3096} INFO - Sync 1 DAGs
[2024-07-02T19:30:07.608+0000] {logging_mixin.py:188} INFO - [2024-07-02T19:30:07.608+0000] {dag.py:3954} INFO - Setting next_dagrun for example_nested_branch_dag to 2024-07-01 00:00:00+00:00, run_after=2024-07-02 00:00:00+00:00
[2024-07-02T19:30:07.647+0000] {processor.py:183} INFO - Processing /usr/local/python/3.10.13/lib/python3.10/site-packages/airflow/example_dags/example_nested_branch_dag.py took 0.084 seconds
[2024-07-02T19:30:52.961+0000] {processor.py:161} INFO - Started process (PID=15150) to work on /usr/local/python/3.10.13/lib/python3.10/site-packages/airflow/example_dags/example_nested_branch_dag.py
[2024-07-02T19:30:52.962+0000] {processor.py:830} INFO - Processing file /usr/local/python/3.10.13/lib/python3.10/site-packages/airflow/example_dags/example_nested_branch_dag.py for tasks to queue
[2024-07-02T19:30:52.963+0000] {logging_mixin.py:188} INFO - [2024-07-02T19:30:52.963+0000] {dagbag.py:545} INFO - Filling up the DagBag from /usr/local/python/3.10.13/lib/python3.10/site-packages/airflow/example_dags/example_nested_branch_dag.py
[2024-07-02T19:30:52.971+0000] {processor.py:840} INFO - DAG(s) 'example_nested_branch_dag' retrieved from /usr/local/python/3.10.13/lib/python3.10/site-packages/airflow/example_dags/example_nested_branch_dag.py
[2024-07-02T19:30:52.983+0000] {logging_mixin.py:188} INFO - [2024-07-02T19:30:52.983+0000] {dag.py:3096} INFO - Sync 1 DAGs
[2024-07-02T19:30:52.998+0000] {logging_mixin.py:188} INFO - [2024-07-02T19:30:52.998+0000] {dag.py:3954} INFO - Setting next_dagrun for example_nested_branch_dag to 2024-07-01 00:00:00+00:00, run_after=2024-07-02 00:00:00+00:00
[2024-07-02T19:30:53.040+0000] {processor.py:183} INFO - Processing /usr/local/python/3.10.13/lib/python3.10/site-packages/airflow/example_dags/example_nested_branch_dag.py took 0.083 seconds
[2024-07-02T19:31:39.406+0000] {processor.py:161} INFO - Started process (PID=15484) to work on /usr/local/python/3.10.13/lib/python3.10/site-packages/airflow/example_dags/example_nested_branch_dag.py
[2024-07-02T19:31:39.407+0000] {processor.py:830} INFO - Processing file /usr/local/python/3.10.13/lib/python3.10/site-packages/airflow/example_dags/example_nested_branch_dag.py for tasks to queue
[2024-07-02T19:31:39.408+0000] {logging_mixin.py:188} INFO - [2024-07-02T19:31:39.408+0000] {dagbag.py:545} INFO - Filling up the DagBag from /usr/local/python/3.10.13/lib/python3.10/site-packages/airflow/example_dags/example_nested_branch_dag.py
[2024-07-02T19:31:39.416+0000] {processor.py:840} INFO - DAG(s) 'example_nested_branch_dag' retrieved from /usr/local/python/3.10.13/lib/python3.10/site-packages/airflow/example_dags/example_nested_branch_dag.py
[2024-07-02T19:31:39.429+0000] {logging_mixin.py:188} INFO - [2024-07-02T19:31:39.428+0000] {dag.py:3096} INFO - Sync 1 DAGs
[2024-07-02T19:31:39.444+0000] {logging_mixin.py:188} INFO - [2024-07-02T19:31:39.443+0000] {dag.py:3954} INFO - Setting next_dagrun for example_nested_branch_dag to 2024-07-01 00:00:00+00:00, run_after=2024-07-02 00:00:00+00:00
[2024-07-02T19:31:39.484+0000] {processor.py:183} INFO - Processing /usr/local/python/3.10.13/lib/python3.10/site-packages/airflow/example_dags/example_nested_branch_dag.py took 0.084 seconds
[2024-07-02T19:32:27.802+0000] {processor.py:161} INFO - Started process (PID=15850) to work on /usr/local/python/3.10.13/lib/python3.10/site-packages/airflow/example_dags/example_nested_branch_dag.py
[2024-07-02T19:32:27.802+0000] {processor.py:830} INFO - Processing file /usr/local/python/3.10.13/lib/python3.10/site-packages/airflow/example_dags/example_nested_branch_dag.py for tasks to queue
[2024-07-02T19:32:27.803+0000] {logging_mixin.py:188} INFO - [2024-07-02T19:32:27.803+0000] {dagbag.py:545} INFO - Filling up the DagBag from /usr/local/python/3.10.13/lib/python3.10/site-packages/airflow/example_dags/example_nested_branch_dag.py
[2024-07-02T19:32:27.815+0000] {processor.py:840} INFO - DAG(s) 'example_nested_branch_dag' retrieved from /usr/local/python/3.10.13/lib/python3.10/site-packages/airflow/example_dags/example_nested_branch_dag.py
[2024-07-02T19:32:27.842+0000] {logging_mixin.py:188} INFO - [2024-07-02T19:32:27.842+0000] {dag.py:3096} INFO - Sync 1 DAGs
[2024-07-02T19:32:27.864+0000] {logging_mixin.py:188} INFO - [2024-07-02T19:32:27.864+0000] {dag.py:3954} INFO - Setting next_dagrun for example_nested_branch_dag to 2024-07-01 00:00:00+00:00, run_after=2024-07-02 00:00:00+00:00
[2024-07-02T19:32:27.907+0000] {processor.py:183} INFO - Processing /usr/local/python/3.10.13/lib/python3.10/site-packages/airflow/example_dags/example_nested_branch_dag.py took 0.112 seconds
[2024-07-02T19:33:32.082+0000] {processor.py:161} INFO - Started process (PID=16405) to work on /usr/local/python/3.10.13/lib/python3.10/site-packages/airflow/example_dags/example_nested_branch_dag.py
[2024-07-02T19:33:32.083+0000] {processor.py:830} INFO - Processing file /usr/local/python/3.10.13/lib/python3.10/site-packages/airflow/example_dags/example_nested_branch_dag.py for tasks to queue
[2024-07-02T19:33:32.084+0000] {logging_mixin.py:188} INFO - [2024-07-02T19:33:32.083+0000] {dagbag.py:545} INFO - Filling up the DagBag from /usr/local/python/3.10.13/lib/python3.10/site-packages/airflow/example_dags/example_nested_branch_dag.py
[2024-07-02T19:33:32.092+0000] {processor.py:840} INFO - DAG(s) 'example_nested_branch_dag' retrieved from /usr/local/python/3.10.13/lib/python3.10/site-packages/airflow/example_dags/example_nested_branch_dag.py
[2024-07-02T19:33:32.105+0000] {logging_mixin.py:188} INFO - [2024-07-02T19:33:32.105+0000] {dag.py:3096} INFO - Sync 1 DAGs
[2024-07-02T19:33:32.121+0000] {logging_mixin.py:188} INFO - [2024-07-02T19:33:32.120+0000] {dag.py:3954} INFO - Setting next_dagrun for example_nested_branch_dag to 2024-07-01 00:00:00+00:00, run_after=2024-07-02 00:00:00+00:00
[2024-07-02T19:33:32.160+0000] {processor.py:183} INFO - Processing /usr/local/python/3.10.13/lib/python3.10/site-packages/airflow/example_dags/example_nested_branch_dag.py took 0.082 seconds
[2024-07-02T19:34:16.568+0000] {processor.py:161} INFO - Started process (PID=16757) to work on /usr/local/python/3.10.13/lib/python3.10/site-packages/airflow/example_dags/example_nested_branch_dag.py
[2024-07-02T19:34:16.569+0000] {processor.py:830} INFO - Processing file /usr/local/python/3.10.13/lib/python3.10/site-packages/airflow/example_dags/example_nested_branch_dag.py for tasks to queue
[2024-07-02T19:34:16.570+0000] {logging_mixin.py:188} INFO - [2024-07-02T19:34:16.569+0000] {dagbag.py:545} INFO - Filling up the DagBag from /usr/local/python/3.10.13/lib/python3.10/site-packages/airflow/example_dags/example_nested_branch_dag.py
[2024-07-02T19:34:16.582+0000] {processor.py:840} INFO - DAG(s) 'example_nested_branch_dag' retrieved from /usr/local/python/3.10.13/lib/python3.10/site-packages/airflow/example_dags/example_nested_branch_dag.py
[2024-07-02T19:34:16.601+0000] {logging_mixin.py:188} INFO - [2024-07-02T19:34:16.601+0000] {dag.py:3096} INFO - Sync 1 DAGs
[2024-07-02T19:34:16.637+0000] {logging_mixin.py:188} INFO - [2024-07-02T19:34:16.637+0000] {dag.py:3954} INFO - Setting next_dagrun for example_nested_branch_dag to 2024-07-01 00:00:00+00:00, run_after=2024-07-02 00:00:00+00:00
[2024-07-02T19:34:16.702+0000] {processor.py:183} INFO - Processing /usr/local/python/3.10.13/lib/python3.10/site-packages/airflow/example_dags/example_nested_branch_dag.py took 0.152 seconds
[2024-07-02T19:35:02.471+0000] {processor.py:161} INFO - Started process (PID=17129) to work on /usr/local/python/3.10.13/lib/python3.10/site-packages/airflow/example_dags/example_nested_branch_dag.py
[2024-07-02T19:35:02.472+0000] {processor.py:830} INFO - Processing file /usr/local/python/3.10.13/lib/python3.10/site-packages/airflow/example_dags/example_nested_branch_dag.py for tasks to queue
[2024-07-02T19:35:02.473+0000] {logging_mixin.py:188} INFO - [2024-07-02T19:35:02.472+0000] {dagbag.py:545} INFO - Filling up the DagBag from /usr/local/python/3.10.13/lib/python3.10/site-packages/airflow/example_dags/example_nested_branch_dag.py
[2024-07-02T19:35:02.480+0000] {processor.py:840} INFO - DAG(s) 'example_nested_branch_dag' retrieved from /usr/local/python/3.10.13/lib/python3.10/site-packages/airflow/example_dags/example_nested_branch_dag.py
[2024-07-02T19:35:02.493+0000] {logging_mixin.py:188} INFO - [2024-07-02T19:35:02.493+0000] {dag.py:3096} INFO - Sync 1 DAGs
[2024-07-02T19:35:02.509+0000] {logging_mixin.py:188} INFO - [2024-07-02T19:35:02.509+0000] {dag.py:3954} INFO - Setting next_dagrun for example_nested_branch_dag to 2024-07-01 00:00:00+00:00, run_after=2024-07-02 00:00:00+00:00
[2024-07-02T19:35:02.551+0000] {processor.py:183} INFO - Processing /usr/local/python/3.10.13/lib/python3.10/site-packages/airflow/example_dags/example_nested_branch_dag.py took 0.084 seconds
[2024-07-02T19:35:49.563+0000] {processor.py:161} INFO - Started process (PID=17551) to work on /usr/local/python/3.10.13/lib/python3.10/site-packages/airflow/example_dags/example_nested_branch_dag.py
[2024-07-02T19:35:49.563+0000] {processor.py:830} INFO - Processing file /usr/local/python/3.10.13/lib/python3.10/site-packages/airflow/example_dags/example_nested_branch_dag.py for tasks to queue
[2024-07-02T19:35:49.564+0000] {logging_mixin.py:188} INFO - [2024-07-02T19:35:49.564+0000] {dagbag.py:545} INFO - Filling up the DagBag from /usr/local/python/3.10.13/lib/python3.10/site-packages/airflow/example_dags/example_nested_branch_dag.py
[2024-07-02T19:35:49.576+0000] {processor.py:840} INFO - DAG(s) 'example_nested_branch_dag' retrieved from /usr/local/python/3.10.13/lib/python3.10/site-packages/airflow/example_dags/example_nested_branch_dag.py
[2024-07-02T19:35:49.599+0000] {logging_mixin.py:188} INFO - [2024-07-02T19:35:49.599+0000] {dag.py:3096} INFO - Sync 1 DAGs
[2024-07-02T19:35:49.625+0000] {logging_mixin.py:188} INFO - [2024-07-02T19:35:49.625+0000] {dag.py:3954} INFO - Setting next_dagrun for example_nested_branch_dag to 2024-07-01 00:00:00+00:00, run_after=2024-07-02 00:00:00+00:00
[2024-07-02T19:35:49.674+0000] {processor.py:183} INFO - Processing /usr/local/python/3.10.13/lib/python3.10/site-packages/airflow/example_dags/example_nested_branch_dag.py took 0.117 seconds
[2024-07-02T19:36:43.111+0000] {processor.py:161} INFO - Started process (PID=17986) to work on /usr/local/python/3.10.13/lib/python3.10/site-packages/airflow/example_dags/example_nested_branch_dag.py
[2024-07-02T19:36:43.112+0000] {processor.py:830} INFO - Processing file /usr/local/python/3.10.13/lib/python3.10/site-packages/airflow/example_dags/example_nested_branch_dag.py for tasks to queue
[2024-07-02T19:36:43.113+0000] {logging_mixin.py:188} INFO - [2024-07-02T19:36:43.112+0000] {dagbag.py:545} INFO - Filling up the DagBag from /usr/local/python/3.10.13/lib/python3.10/site-packages/airflow/example_dags/example_nested_branch_dag.py
[2024-07-02T19:36:43.122+0000] {processor.py:840} INFO - DAG(s) 'example_nested_branch_dag' retrieved from /usr/local/python/3.10.13/lib/python3.10/site-packages/airflow/example_dags/example_nested_branch_dag.py
[2024-07-02T19:36:43.134+0000] {logging_mixin.py:188} INFO - [2024-07-02T19:36:43.134+0000] {dag.py:3096} INFO - Sync 1 DAGs
[2024-07-02T19:36:43.150+0000] {logging_mixin.py:188} INFO - [2024-07-02T19:36:43.150+0000] {dag.py:3954} INFO - Setting next_dagrun for example_nested_branch_dag to 2024-07-01 00:00:00+00:00, run_after=2024-07-02 00:00:00+00:00
[2024-07-02T19:36:43.195+0000] {processor.py:183} INFO - Processing /usr/local/python/3.10.13/lib/python3.10/site-packages/airflow/example_dags/example_nested_branch_dag.py took 0.088 seconds
[2024-07-02T19:37:34.946+0000] {processor.py:161} INFO - Started process (PID=18350) to work on /usr/local/python/3.10.13/lib/python3.10/site-packages/airflow/example_dags/example_nested_branch_dag.py
[2024-07-02T19:37:34.947+0000] {processor.py:830} INFO - Processing file /usr/local/python/3.10.13/lib/python3.10/site-packages/airflow/example_dags/example_nested_branch_dag.py for tasks to queue
[2024-07-02T19:37:34.948+0000] {logging_mixin.py:188} INFO - [2024-07-02T19:37:34.948+0000] {dagbag.py:545} INFO - Filling up the DagBag from /usr/local/python/3.10.13/lib/python3.10/site-packages/airflow/example_dags/example_nested_branch_dag.py
[2024-07-02T19:37:34.956+0000] {processor.py:840} INFO - DAG(s) 'example_nested_branch_dag' retrieved from /usr/local/python/3.10.13/lib/python3.10/site-packages/airflow/example_dags/example_nested_branch_dag.py
[2024-07-02T19:37:34.968+0000] {logging_mixin.py:188} INFO - [2024-07-02T19:37:34.968+0000] {dag.py:3096} INFO - Sync 1 DAGs
[2024-07-02T19:37:34.984+0000] {logging_mixin.py:188} INFO - [2024-07-02T19:37:34.984+0000] {dag.py:3954} INFO - Setting next_dagrun for example_nested_branch_dag to 2024-07-01 00:00:00+00:00, run_after=2024-07-02 00:00:00+00:00
[2024-07-02T19:37:35.024+0000] {processor.py:183} INFO - Processing /usr/local/python/3.10.13/lib/python3.10/site-packages/airflow/example_dags/example_nested_branch_dag.py took 0.082 seconds
[2024-07-02T19:38:37.611+0000] {processor.py:161} INFO - Started process (PID=18805) to work on /usr/local/python/3.10.13/lib/python3.10/site-packages/airflow/example_dags/example_nested_branch_dag.py
[2024-07-02T19:38:37.612+0000] {processor.py:830} INFO - Processing file /usr/local/python/3.10.13/lib/python3.10/site-packages/airflow/example_dags/example_nested_branch_dag.py for tasks to queue
[2024-07-02T19:38:37.612+0000] {logging_mixin.py:188} INFO - [2024-07-02T19:38:37.612+0000] {dagbag.py:545} INFO - Filling up the DagBag from /usr/local/python/3.10.13/lib/python3.10/site-packages/airflow/example_dags/example_nested_branch_dag.py
[2024-07-02T19:38:37.621+0000] {processor.py:840} INFO - DAG(s) 'example_nested_branch_dag' retrieved from /usr/local/python/3.10.13/lib/python3.10/site-packages/airflow/example_dags/example_nested_branch_dag.py
[2024-07-02T19:38:37.634+0000] {logging_mixin.py:188} INFO - [2024-07-02T19:38:37.633+0000] {dag.py:3096} INFO - Sync 1 DAGs
[2024-07-02T19:38:37.649+0000] {logging_mixin.py:188} INFO - [2024-07-02T19:38:37.649+0000] {dag.py:3954} INFO - Setting next_dagrun for example_nested_branch_dag to 2024-07-01 00:00:00+00:00, run_after=2024-07-02 00:00:00+00:00
[2024-07-02T19:38:37.690+0000] {processor.py:183} INFO - Processing /usr/local/python/3.10.13/lib/python3.10/site-packages/airflow/example_dags/example_nested_branch_dag.py took 0.084 seconds
[2024-07-02T19:39:20.984+0000] {processor.py:161} INFO - Started process (PID=19138) to work on /usr/local/python/3.10.13/lib/python3.10/site-packages/airflow/example_dags/example_nested_branch_dag.py
[2024-07-02T19:39:20.985+0000] {processor.py:830} INFO - Processing file /usr/local/python/3.10.13/lib/python3.10/site-packages/airflow/example_dags/example_nested_branch_dag.py for tasks to queue
[2024-07-02T19:39:20.986+0000] {logging_mixin.py:188} INFO - [2024-07-02T19:39:20.986+0000] {dagbag.py:545} INFO - Filling up the DagBag from /usr/local/python/3.10.13/lib/python3.10/site-packages/airflow/example_dags/example_nested_branch_dag.py
[2024-07-02T19:39:20.994+0000] {processor.py:840} INFO - DAG(s) 'example_nested_branch_dag' retrieved from /usr/local/python/3.10.13/lib/python3.10/site-packages/airflow/example_dags/example_nested_branch_dag.py
[2024-07-02T19:39:21.011+0000] {logging_mixin.py:188} INFO - [2024-07-02T19:39:21.011+0000] {dag.py:3096} INFO - Sync 1 DAGs
[2024-07-02T19:39:21.027+0000] {logging_mixin.py:188} INFO - [2024-07-02T19:39:21.027+0000] {dag.py:3954} INFO - Setting next_dagrun for example_nested_branch_dag to 2024-07-01 00:00:00+00:00, run_after=2024-07-02 00:00:00+00:00
[2024-07-02T19:39:21.068+0000] {processor.py:183} INFO - Processing /usr/local/python/3.10.13/lib/python3.10/site-packages/airflow/example_dags/example_nested_branch_dag.py took 0.088 seconds
[2024-07-02T19:40:13.397+0000] {processor.py:161} INFO - Started process (PID=19528) to work on /usr/local/python/3.10.13/lib/python3.10/site-packages/airflow/example_dags/example_nested_branch_dag.py
[2024-07-02T19:40:13.398+0000] {processor.py:830} INFO - Processing file /usr/local/python/3.10.13/lib/python3.10/site-packages/airflow/example_dags/example_nested_branch_dag.py for tasks to queue
[2024-07-02T19:40:13.398+0000] {logging_mixin.py:188} INFO - [2024-07-02T19:40:13.398+0000] {dagbag.py:545} INFO - Filling up the DagBag from /usr/local/python/3.10.13/lib/python3.10/site-packages/airflow/example_dags/example_nested_branch_dag.py
[2024-07-02T19:40:13.406+0000] {processor.py:840} INFO - DAG(s) 'example_nested_branch_dag' retrieved from /usr/local/python/3.10.13/lib/python3.10/site-packages/airflow/example_dags/example_nested_branch_dag.py
[2024-07-02T19:40:13.419+0000] {logging_mixin.py:188} INFO - [2024-07-02T19:40:13.419+0000] {dag.py:3096} INFO - Sync 1 DAGs
[2024-07-02T19:40:13.436+0000] {logging_mixin.py:188} INFO - [2024-07-02T19:40:13.436+0000] {dag.py:3954} INFO - Setting next_dagrun for example_nested_branch_dag to 2024-07-01 00:00:00+00:00, run_after=2024-07-02 00:00:00+00:00
[2024-07-02T19:40:13.478+0000] {processor.py:183} INFO - Processing /usr/local/python/3.10.13/lib/python3.10/site-packages/airflow/example_dags/example_nested_branch_dag.py took 0.086 seconds
[2024-07-02T19:41:06.132+0000] {processor.py:161} INFO - Started process (PID=19927) to work on /usr/local/python/3.10.13/lib/python3.10/site-packages/airflow/example_dags/example_nested_branch_dag.py
[2024-07-02T19:41:06.133+0000] {processor.py:830} INFO - Processing file /usr/local/python/3.10.13/lib/python3.10/site-packages/airflow/example_dags/example_nested_branch_dag.py for tasks to queue
[2024-07-02T19:41:06.134+0000] {logging_mixin.py:188} INFO - [2024-07-02T19:41:06.133+0000] {dagbag.py:545} INFO - Filling up the DagBag from /usr/local/python/3.10.13/lib/python3.10/site-packages/airflow/example_dags/example_nested_branch_dag.py
[2024-07-02T19:41:06.141+0000] {processor.py:840} INFO - DAG(s) 'example_nested_branch_dag' retrieved from /usr/local/python/3.10.13/lib/python3.10/site-packages/airflow/example_dags/example_nested_branch_dag.py
[2024-07-02T19:41:06.154+0000] {logging_mixin.py:188} INFO - [2024-07-02T19:41:06.154+0000] {dag.py:3096} INFO - Sync 1 DAGs
[2024-07-02T19:41:06.170+0000] {logging_mixin.py:188} INFO - [2024-07-02T19:41:06.169+0000] {dag.py:3954} INFO - Setting next_dagrun for example_nested_branch_dag to 2024-07-01 00:00:00+00:00, run_after=2024-07-02 00:00:00+00:00
[2024-07-02T19:41:06.228+0000] {processor.py:183} INFO - Processing /usr/local/python/3.10.13/lib/python3.10/site-packages/airflow/example_dags/example_nested_branch_dag.py took 0.101 seconds
[2024-07-02T19:42:08.087+0000] {processor.py:161} INFO - Started process (PID=20403) to work on /usr/local/python/3.10.13/lib/python3.10/site-packages/airflow/example_dags/example_nested_branch_dag.py
[2024-07-02T19:42:08.087+0000] {processor.py:830} INFO - Processing file /usr/local/python/3.10.13/lib/python3.10/site-packages/airflow/example_dags/example_nested_branch_dag.py for tasks to queue
[2024-07-02T19:42:08.088+0000] {logging_mixin.py:188} INFO - [2024-07-02T19:42:08.088+0000] {dagbag.py:545} INFO - Filling up the DagBag from /usr/local/python/3.10.13/lib/python3.10/site-packages/airflow/example_dags/example_nested_branch_dag.py
[2024-07-02T19:42:08.096+0000] {processor.py:840} INFO - DAG(s) 'example_nested_branch_dag' retrieved from /usr/local/python/3.10.13/lib/python3.10/site-packages/airflow/example_dags/example_nested_branch_dag.py
[2024-07-02T19:42:08.110+0000] {logging_mixin.py:188} INFO - [2024-07-02T19:42:08.110+0000] {dag.py:3096} INFO - Sync 1 DAGs
[2024-07-02T19:42:08.125+0000] {logging_mixin.py:188} INFO - [2024-07-02T19:42:08.125+0000] {dag.py:3954} INFO - Setting next_dagrun for example_nested_branch_dag to 2024-07-01 00:00:00+00:00, run_after=2024-07-02 00:00:00+00:00
[2024-07-02T19:42:08.165+0000] {processor.py:183} INFO - Processing /usr/local/python/3.10.13/lib/python3.10/site-packages/airflow/example_dags/example_nested_branch_dag.py took 0.083 seconds
[2024-07-02T19:43:18.153+0000] {processor.py:161} INFO - Started process (PID=20993) to work on /usr/local/python/3.10.13/lib/python3.10/site-packages/airflow/example_dags/example_nested_branch_dag.py
[2024-07-02T19:43:18.154+0000] {processor.py:830} INFO - Processing file /usr/local/python/3.10.13/lib/python3.10/site-packages/airflow/example_dags/example_nested_branch_dag.py for tasks to queue
[2024-07-02T19:43:18.154+0000] {logging_mixin.py:188} INFO - [2024-07-02T19:43:18.154+0000] {dagbag.py:545} INFO - Filling up the DagBag from /usr/local/python/3.10.13/lib/python3.10/site-packages/airflow/example_dags/example_nested_branch_dag.py
[2024-07-02T19:43:18.163+0000] {processor.py:840} INFO - DAG(s) 'example_nested_branch_dag' retrieved from /usr/local/python/3.10.13/lib/python3.10/site-packages/airflow/example_dags/example_nested_branch_dag.py
[2024-07-02T19:43:18.176+0000] {logging_mixin.py:188} INFO - [2024-07-02T19:43:18.176+0000] {dag.py:3096} INFO - Sync 1 DAGs
[2024-07-02T19:43:18.192+0000] {logging_mixin.py:188} INFO - [2024-07-02T19:43:18.192+0000] {dag.py:3954} INFO - Setting next_dagrun for example_nested_branch_dag to 2024-07-01 00:00:00+00:00, run_after=2024-07-02 00:00:00+00:00
[2024-07-02T19:43:18.233+0000] {processor.py:183} INFO - Processing /usr/local/python/3.10.13/lib/python3.10/site-packages/airflow/example_dags/example_nested_branch_dag.py took 0.085 seconds
[2024-07-02T19:44:09.086+0000] {processor.py:161} INFO - Started process (PID=21375) to work on /usr/local/python/3.10.13/lib/python3.10/site-packages/airflow/example_dags/example_nested_branch_dag.py
[2024-07-02T19:44:09.087+0000] {processor.py:830} INFO - Processing file /usr/local/python/3.10.13/lib/python3.10/site-packages/airflow/example_dags/example_nested_branch_dag.py for tasks to queue
[2024-07-02T19:44:09.088+0000] {logging_mixin.py:188} INFO - [2024-07-02T19:44:09.087+0000] {dagbag.py:545} INFO - Filling up the DagBag from /usr/local/python/3.10.13/lib/python3.10/site-packages/airflow/example_dags/example_nested_branch_dag.py
[2024-07-02T19:44:09.095+0000] {processor.py:840} INFO - DAG(s) 'example_nested_branch_dag' retrieved from /usr/local/python/3.10.13/lib/python3.10/site-packages/airflow/example_dags/example_nested_branch_dag.py
[2024-07-02T19:44:09.108+0000] {logging_mixin.py:188} INFO - [2024-07-02T19:44:09.108+0000] {dag.py:3096} INFO - Sync 1 DAGs
[2024-07-02T19:44:09.123+0000] {logging_mixin.py:188} INFO - [2024-07-02T19:44:09.123+0000] {dag.py:3954} INFO - Setting next_dagrun for example_nested_branch_dag to 2024-07-01 00:00:00+00:00, run_after=2024-07-02 00:00:00+00:00
[2024-07-02T19:44:09.163+0000] {processor.py:183} INFO - Processing /usr/local/python/3.10.13/lib/python3.10/site-packages/airflow/example_dags/example_nested_branch_dag.py took 0.081 seconds
[2024-07-02T19:44:53.209+0000] {processor.py:161} INFO - Started process (PID=21705) to work on /usr/local/python/3.10.13/lib/python3.10/site-packages/airflow/example_dags/example_nested_branch_dag.py
[2024-07-02T19:44:53.209+0000] {processor.py:830} INFO - Processing file /usr/local/python/3.10.13/lib/python3.10/site-packages/airflow/example_dags/example_nested_branch_dag.py for tasks to queue
[2024-07-02T19:44:53.210+0000] {logging_mixin.py:188} INFO - [2024-07-02T19:44:53.210+0000] {dagbag.py:545} INFO - Filling up the DagBag from /usr/local/python/3.10.13/lib/python3.10/site-packages/airflow/example_dags/example_nested_branch_dag.py
[2024-07-02T19:44:53.218+0000] {processor.py:840} INFO - DAG(s) 'example_nested_branch_dag' retrieved from /usr/local/python/3.10.13/lib/python3.10/site-packages/airflow/example_dags/example_nested_branch_dag.py
[2024-07-02T19:44:53.231+0000] {logging_mixin.py:188} INFO - [2024-07-02T19:44:53.231+0000] {dag.py:3096} INFO - Sync 1 DAGs
[2024-07-02T19:44:53.246+0000] {logging_mixin.py:188} INFO - [2024-07-02T19:44:53.246+0000] {dag.py:3954} INFO - Setting next_dagrun for example_nested_branch_dag to 2024-07-01 00:00:00+00:00, run_after=2024-07-02 00:00:00+00:00
[2024-07-02T19:44:53.299+0000] {processor.py:183} INFO - Processing /usr/local/python/3.10.13/lib/python3.10/site-packages/airflow/example_dags/example_nested_branch_dag.py took 0.095 seconds
[2024-07-02T19:45:55.027+0000] {processor.py:161} INFO - Started process (PID=22148) to work on /usr/local/python/3.10.13/lib/python3.10/site-packages/airflow/example_dags/example_nested_branch_dag.py
[2024-07-02T19:45:55.027+0000] {processor.py:830} INFO - Processing file /usr/local/python/3.10.13/lib/python3.10/site-packages/airflow/example_dags/example_nested_branch_dag.py for tasks to queue
[2024-07-02T19:45:55.028+0000] {logging_mixin.py:188} INFO - [2024-07-02T19:45:55.028+0000] {dagbag.py:545} INFO - Filling up the DagBag from /usr/local/python/3.10.13/lib/python3.10/site-packages/airflow/example_dags/example_nested_branch_dag.py
[2024-07-02T19:45:55.036+0000] {processor.py:840} INFO - DAG(s) 'example_nested_branch_dag' retrieved from /usr/local/python/3.10.13/lib/python3.10/site-packages/airflow/example_dags/example_nested_branch_dag.py
[2024-07-02T19:45:55.048+0000] {logging_mixin.py:188} INFO - [2024-07-02T19:45:55.048+0000] {dag.py:3096} INFO - Sync 1 DAGs
[2024-07-02T19:45:55.063+0000] {logging_mixin.py:188} INFO - [2024-07-02T19:45:55.063+0000] {dag.py:3954} INFO - Setting next_dagrun for example_nested_branch_dag to 2024-07-01 00:00:00+00:00, run_after=2024-07-02 00:00:00+00:00
[2024-07-02T19:45:55.105+0000] {processor.py:183} INFO - Processing /usr/local/python/3.10.13/lib/python3.10/site-packages/airflow/example_dags/example_nested_branch_dag.py took 0.083 seconds
[2024-07-02T19:46:39.590+0000] {processor.py:161} INFO - Started process (PID=22471) to work on /usr/local/python/3.10.13/lib/python3.10/site-packages/airflow/example_dags/example_nested_branch_dag.py
[2024-07-02T19:46:39.591+0000] {processor.py:830} INFO - Processing file /usr/local/python/3.10.13/lib/python3.10/site-packages/airflow/example_dags/example_nested_branch_dag.py for tasks to queue
[2024-07-02T19:46:39.591+0000] {logging_mixin.py:188} INFO - [2024-07-02T19:46:39.591+0000] {dagbag.py:545} INFO - Filling up the DagBag from /usr/local/python/3.10.13/lib/python3.10/site-packages/airflow/example_dags/example_nested_branch_dag.py
[2024-07-02T19:46:39.599+0000] {processor.py:840} INFO - DAG(s) 'example_nested_branch_dag' retrieved from /usr/local/python/3.10.13/lib/python3.10/site-packages/airflow/example_dags/example_nested_branch_dag.py
[2024-07-02T19:46:39.613+0000] {logging_mixin.py:188} INFO - [2024-07-02T19:46:39.613+0000] {dag.py:3096} INFO - Sync 1 DAGs
[2024-07-02T19:46:39.629+0000] {logging_mixin.py:188} INFO - [2024-07-02T19:46:39.629+0000] {dag.py:3954} INFO - Setting next_dagrun for example_nested_branch_dag to 2024-07-01 00:00:00+00:00, run_after=2024-07-02 00:00:00+00:00
[2024-07-02T19:46:39.670+0000] {processor.py:183} INFO - Processing /usr/local/python/3.10.13/lib/python3.10/site-packages/airflow/example_dags/example_nested_branch_dag.py took 0.085 seconds
[2024-07-02T19:47:26.903+0000] {processor.py:161} INFO - Started process (PID=22783) to work on /usr/local/python/3.10.13/lib/python3.10/site-packages/airflow/example_dags/example_nested_branch_dag.py
[2024-07-02T19:47:26.904+0000] {processor.py:830} INFO - Processing file /usr/local/python/3.10.13/lib/python3.10/site-packages/airflow/example_dags/example_nested_branch_dag.py for tasks to queue
[2024-07-02T19:47:26.904+0000] {logging_mixin.py:188} INFO - [2024-07-02T19:47:26.904+0000] {dagbag.py:545} INFO - Filling up the DagBag from /usr/local/python/3.10.13/lib/python3.10/site-packages/airflow/example_dags/example_nested_branch_dag.py
[2024-07-02T19:47:26.912+0000] {processor.py:840} INFO - DAG(s) 'example_nested_branch_dag' retrieved from /usr/local/python/3.10.13/lib/python3.10/site-packages/airflow/example_dags/example_nested_branch_dag.py
[2024-07-02T19:47:26.926+0000] {logging_mixin.py:188} INFO - [2024-07-02T19:47:26.925+0000] {dag.py:3096} INFO - Sync 1 DAGs
[2024-07-02T19:47:26.941+0000] {logging_mixin.py:188} INFO - [2024-07-02T19:47:26.941+0000] {dag.py:3954} INFO - Setting next_dagrun for example_nested_branch_dag to 2024-07-01 00:00:00+00:00, run_after=2024-07-02 00:00:00+00:00
[2024-07-02T19:47:26.981+0000] {processor.py:183} INFO - Processing /usr/local/python/3.10.13/lib/python3.10/site-packages/airflow/example_dags/example_nested_branch_dag.py took 0.083 seconds
[2024-07-02T19:48:10.619+0000] {processor.py:161} INFO - Started process (PID=23104) to work on /usr/local/python/3.10.13/lib/python3.10/site-packages/airflow/example_dags/example_nested_branch_dag.py
[2024-07-02T19:48:10.620+0000] {processor.py:830} INFO - Processing file /usr/local/python/3.10.13/lib/python3.10/site-packages/airflow/example_dags/example_nested_branch_dag.py for tasks to queue
[2024-07-02T19:48:10.620+0000] {logging_mixin.py:188} INFO - [2024-07-02T19:48:10.620+0000] {dagbag.py:545} INFO - Filling up the DagBag from /usr/local/python/3.10.13/lib/python3.10/site-packages/airflow/example_dags/example_nested_branch_dag.py
[2024-07-02T19:48:10.628+0000] {processor.py:840} INFO - DAG(s) 'example_nested_branch_dag' retrieved from /usr/local/python/3.10.13/lib/python3.10/site-packages/airflow/example_dags/example_nested_branch_dag.py
[2024-07-02T19:48:10.642+0000] {logging_mixin.py:188} INFO - [2024-07-02T19:48:10.642+0000] {dag.py:3096} INFO - Sync 1 DAGs
[2024-07-02T19:48:10.657+0000] {logging_mixin.py:188} INFO - [2024-07-02T19:48:10.657+0000] {dag.py:3954} INFO - Setting next_dagrun for example_nested_branch_dag to 2024-07-01 00:00:00+00:00, run_after=2024-07-02 00:00:00+00:00
[2024-07-02T19:48:10.698+0000] {processor.py:183} INFO - Processing /usr/local/python/3.10.13/lib/python3.10/site-packages/airflow/example_dags/example_nested_branch_dag.py took 0.083 seconds
[2024-07-02T19:49:14.394+0000] {processor.py:161} INFO - Started process (PID=23575) to work on /usr/local/python/3.10.13/lib/python3.10/site-packages/airflow/example_dags/example_nested_branch_dag.py
[2024-07-02T19:49:14.395+0000] {processor.py:830} INFO - Processing file /usr/local/python/3.10.13/lib/python3.10/site-packages/airflow/example_dags/example_nested_branch_dag.py for tasks to queue
[2024-07-02T19:49:14.396+0000] {logging_mixin.py:188} INFO - [2024-07-02T19:49:14.396+0000] {dagbag.py:545} INFO - Filling up the DagBag from /usr/local/python/3.10.13/lib/python3.10/site-packages/airflow/example_dags/example_nested_branch_dag.py
[2024-07-02T19:49:14.404+0000] {processor.py:840} INFO - DAG(s) 'example_nested_branch_dag' retrieved from /usr/local/python/3.10.13/lib/python3.10/site-packages/airflow/example_dags/example_nested_branch_dag.py
[2024-07-02T19:49:14.429+0000] {logging_mixin.py:188} INFO - [2024-07-02T19:49:14.429+0000] {dag.py:3096} INFO - Sync 1 DAGs
[2024-07-02T19:49:14.455+0000] {logging_mixin.py:188} INFO - [2024-07-02T19:49:14.455+0000] {dag.py:3954} INFO - Setting next_dagrun for example_nested_branch_dag to 2024-07-01 00:00:00+00:00, run_after=2024-07-02 00:00:00+00:00
[2024-07-02T19:49:14.504+0000] {processor.py:183} INFO - Processing /usr/local/python/3.10.13/lib/python3.10/site-packages/airflow/example_dags/example_nested_branch_dag.py took 0.114 seconds
[2024-07-02T19:49:59.859+0000] {processor.py:161} INFO - Started process (PID=23910) to work on /usr/local/python/3.10.13/lib/python3.10/site-packages/airflow/example_dags/example_nested_branch_dag.py
[2024-07-02T19:49:59.859+0000] {processor.py:830} INFO - Processing file /usr/local/python/3.10.13/lib/python3.10/site-packages/airflow/example_dags/example_nested_branch_dag.py for tasks to queue
[2024-07-02T19:49:59.860+0000] {logging_mixin.py:188} INFO - [2024-07-02T19:49:59.860+0000] {dagbag.py:545} INFO - Filling up the DagBag from /usr/local/python/3.10.13/lib/python3.10/site-packages/airflow/example_dags/example_nested_branch_dag.py
[2024-07-02T19:49:59.869+0000] {processor.py:840} INFO - DAG(s) 'example_nested_branch_dag' retrieved from /usr/local/python/3.10.13/lib/python3.10/site-packages/airflow/example_dags/example_nested_branch_dag.py
[2024-07-02T19:49:59.887+0000] {logging_mixin.py:188} INFO - [2024-07-02T19:49:59.886+0000] {dag.py:3096} INFO - Sync 1 DAGs
[2024-07-02T19:49:59.912+0000] {logging_mixin.py:188} INFO - [2024-07-02T19:49:59.912+0000] {dag.py:3954} INFO - Setting next_dagrun for example_nested_branch_dag to 2024-07-01 00:00:00+00:00, run_after=2024-07-02 00:00:00+00:00
[2024-07-02T19:49:59.954+0000] {processor.py:183} INFO - Processing /usr/local/python/3.10.13/lib/python3.10/site-packages/airflow/example_dags/example_nested_branch_dag.py took 0.100 seconds
[2024-07-02T19:50:44.036+0000] {processor.py:161} INFO - Started process (PID=24261) to work on /usr/local/python/3.10.13/lib/python3.10/site-packages/airflow/example_dags/example_nested_branch_dag.py
[2024-07-02T19:50:44.037+0000] {processor.py:830} INFO - Processing file /usr/local/python/3.10.13/lib/python3.10/site-packages/airflow/example_dags/example_nested_branch_dag.py for tasks to queue
[2024-07-02T19:50:44.038+0000] {logging_mixin.py:188} INFO - [2024-07-02T19:50:44.037+0000] {dagbag.py:545} INFO - Filling up the DagBag from /usr/local/python/3.10.13/lib/python3.10/site-packages/airflow/example_dags/example_nested_branch_dag.py
[2024-07-02T19:50:44.045+0000] {processor.py:840} INFO - DAG(s) 'example_nested_branch_dag' retrieved from /usr/local/python/3.10.13/lib/python3.10/site-packages/airflow/example_dags/example_nested_branch_dag.py
[2024-07-02T19:50:44.058+0000] {logging_mixin.py:188} INFO - [2024-07-02T19:50:44.058+0000] {dag.py:3096} INFO - Sync 1 DAGs
[2024-07-02T19:50:44.073+0000] {logging_mixin.py:188} INFO - [2024-07-02T19:50:44.073+0000] {dag.py:3954} INFO - Setting next_dagrun for example_nested_branch_dag to 2024-07-01 00:00:00+00:00, run_after=2024-07-02 00:00:00+00:00
[2024-07-02T19:50:44.113+0000] {processor.py:183} INFO - Processing /usr/local/python/3.10.13/lib/python3.10/site-packages/airflow/example_dags/example_nested_branch_dag.py took 0.081 seconds
[2024-07-02T19:51:29.097+0000] {processor.py:161} INFO - Started process (PID=24590) to work on /usr/local/python/3.10.13/lib/python3.10/site-packages/airflow/example_dags/example_nested_branch_dag.py
[2024-07-02T19:51:29.098+0000] {processor.py:830} INFO - Processing file /usr/local/python/3.10.13/lib/python3.10/site-packages/airflow/example_dags/example_nested_branch_dag.py for tasks to queue
[2024-07-02T19:51:29.098+0000] {logging_mixin.py:188} INFO - [2024-07-02T19:51:29.098+0000] {dagbag.py:545} INFO - Filling up the DagBag from /usr/local/python/3.10.13/lib/python3.10/site-packages/airflow/example_dags/example_nested_branch_dag.py
[2024-07-02T19:51:29.106+0000] {processor.py:840} INFO - DAG(s) 'example_nested_branch_dag' retrieved from /usr/local/python/3.10.13/lib/python3.10/site-packages/airflow/example_dags/example_nested_branch_dag.py
[2024-07-02T19:51:29.119+0000] {logging_mixin.py:188} INFO - [2024-07-02T19:51:29.118+0000] {dag.py:3096} INFO - Sync 1 DAGs
[2024-07-02T19:51:29.134+0000] {logging_mixin.py:188} INFO - [2024-07-02T19:51:29.133+0000] {dag.py:3954} INFO - Setting next_dagrun for example_nested_branch_dag to 2024-07-01 00:00:00+00:00, run_after=2024-07-02 00:00:00+00:00
[2024-07-02T19:51:29.175+0000] {processor.py:183} INFO - Processing /usr/local/python/3.10.13/lib/python3.10/site-packages/airflow/example_dags/example_nested_branch_dag.py took 0.082 seconds
[2024-07-02T19:52:13.206+0000] {processor.py:161} INFO - Started process (PID=24947) to work on /usr/local/python/3.10.13/lib/python3.10/site-packages/airflow/example_dags/example_nested_branch_dag.py
[2024-07-02T19:52:13.206+0000] {processor.py:830} INFO - Processing file /usr/local/python/3.10.13/lib/python3.10/site-packages/airflow/example_dags/example_nested_branch_dag.py for tasks to queue
[2024-07-02T19:52:13.207+0000] {logging_mixin.py:188} INFO - [2024-07-02T19:52:13.207+0000] {dagbag.py:545} INFO - Filling up the DagBag from /usr/local/python/3.10.13/lib/python3.10/site-packages/airflow/example_dags/example_nested_branch_dag.py
[2024-07-02T19:52:13.215+0000] {processor.py:840} INFO - DAG(s) 'example_nested_branch_dag' retrieved from /usr/local/python/3.10.13/lib/python3.10/site-packages/airflow/example_dags/example_nested_branch_dag.py
[2024-07-02T19:52:13.228+0000] {logging_mixin.py:188} INFO - [2024-07-02T19:52:13.228+0000] {dag.py:3096} INFO - Sync 1 DAGs
[2024-07-02T19:52:13.243+0000] {logging_mixin.py:188} INFO - [2024-07-02T19:52:13.243+0000] {dag.py:3954} INFO - Setting next_dagrun for example_nested_branch_dag to 2024-07-01 00:00:00+00:00, run_after=2024-07-02 00:00:00+00:00
[2024-07-02T19:52:13.284+0000] {processor.py:183} INFO - Processing /usr/local/python/3.10.13/lib/python3.10/site-packages/airflow/example_dags/example_nested_branch_dag.py took 0.083 seconds
[2024-07-02T19:52:57.742+0000] {processor.py:161} INFO - Started process (PID=25276) to work on /usr/local/python/3.10.13/lib/python3.10/site-packages/airflow/example_dags/example_nested_branch_dag.py
[2024-07-02T19:52:57.742+0000] {processor.py:830} INFO - Processing file /usr/local/python/3.10.13/lib/python3.10/site-packages/airflow/example_dags/example_nested_branch_dag.py for tasks to queue
[2024-07-02T19:52:57.743+0000] {logging_mixin.py:188} INFO - [2024-07-02T19:52:57.743+0000] {dagbag.py:545} INFO - Filling up the DagBag from /usr/local/python/3.10.13/lib/python3.10/site-packages/airflow/example_dags/example_nested_branch_dag.py
[2024-07-02T19:52:57.751+0000] {processor.py:840} INFO - DAG(s) 'example_nested_branch_dag' retrieved from /usr/local/python/3.10.13/lib/python3.10/site-packages/airflow/example_dags/example_nested_branch_dag.py
[2024-07-02T19:52:57.764+0000] {logging_mixin.py:188} INFO - [2024-07-02T19:52:57.764+0000] {dag.py:3096} INFO - Sync 1 DAGs
[2024-07-02T19:52:57.779+0000] {logging_mixin.py:188} INFO - [2024-07-02T19:52:57.779+0000] {dag.py:3954} INFO - Setting next_dagrun for example_nested_branch_dag to 2024-07-01 00:00:00+00:00, run_after=2024-07-02 00:00:00+00:00
[2024-07-02T19:52:57.822+0000] {processor.py:183} INFO - Processing /usr/local/python/3.10.13/lib/python3.10/site-packages/airflow/example_dags/example_nested_branch_dag.py took 0.085 seconds
[2024-07-02T19:53:42.622+0000] {processor.py:161} INFO - Started process (PID=25604) to work on /usr/local/python/3.10.13/lib/python3.10/site-packages/airflow/example_dags/example_nested_branch_dag.py
[2024-07-02T19:53:42.622+0000] {processor.py:830} INFO - Processing file /usr/local/python/3.10.13/lib/python3.10/site-packages/airflow/example_dags/example_nested_branch_dag.py for tasks to queue
[2024-07-02T19:53:42.623+0000] {logging_mixin.py:188} INFO - [2024-07-02T19:53:42.623+0000] {dagbag.py:545} INFO - Filling up the DagBag from /usr/local/python/3.10.13/lib/python3.10/site-packages/airflow/example_dags/example_nested_branch_dag.py
[2024-07-02T19:53:42.631+0000] {processor.py:840} INFO - DAG(s) 'example_nested_branch_dag' retrieved from /usr/local/python/3.10.13/lib/python3.10/site-packages/airflow/example_dags/example_nested_branch_dag.py
[2024-07-02T19:53:42.643+0000] {logging_mixin.py:188} INFO - [2024-07-02T19:53:42.643+0000] {dag.py:3096} INFO - Sync 1 DAGs
[2024-07-02T19:53:42.658+0000] {logging_mixin.py:188} INFO - [2024-07-02T19:53:42.658+0000] {dag.py:3954} INFO - Setting next_dagrun for example_nested_branch_dag to 2024-07-01 00:00:00+00:00, run_after=2024-07-02 00:00:00+00:00
[2024-07-02T19:53:42.699+0000] {processor.py:183} INFO - Processing /usr/local/python/3.10.13/lib/python3.10/site-packages/airflow/example_dags/example_nested_branch_dag.py took 0.082 seconds
[2024-07-02T19:54:26.663+0000] {processor.py:161} INFO - Started process (PID=25947) to work on /usr/local/python/3.10.13/lib/python3.10/site-packages/airflow/example_dags/example_nested_branch_dag.py
[2024-07-02T19:54:26.664+0000] {processor.py:830} INFO - Processing file /usr/local/python/3.10.13/lib/python3.10/site-packages/airflow/example_dags/example_nested_branch_dag.py for tasks to queue
[2024-07-02T19:54:26.664+0000] {logging_mixin.py:188} INFO - [2024-07-02T19:54:26.664+0000] {dagbag.py:545} INFO - Filling up the DagBag from /usr/local/python/3.10.13/lib/python3.10/site-packages/airflow/example_dags/example_nested_branch_dag.py
[2024-07-02T19:54:26.673+0000] {processor.py:840} INFO - DAG(s) 'example_nested_branch_dag' retrieved from /usr/local/python/3.10.13/lib/python3.10/site-packages/airflow/example_dags/example_nested_branch_dag.py
[2024-07-02T19:54:26.690+0000] {logging_mixin.py:188} INFO - [2024-07-02T19:54:26.690+0000] {dag.py:3096} INFO - Sync 1 DAGs
[2024-07-02T19:54:26.705+0000] {logging_mixin.py:188} INFO - [2024-07-02T19:54:26.705+0000] {dag.py:3954} INFO - Setting next_dagrun for example_nested_branch_dag to 2024-07-01 00:00:00+00:00, run_after=2024-07-02 00:00:00+00:00
[2024-07-02T19:54:26.745+0000] {processor.py:183} INFO - Processing /usr/local/python/3.10.13/lib/python3.10/site-packages/airflow/example_dags/example_nested_branch_dag.py took 0.086 seconds
[2024-07-02T19:55:32.207+0000] {processor.py:161} INFO - Started process (PID=26442) to work on /usr/local/python/3.10.13/lib/python3.10/site-packages/airflow/example_dags/example_nested_branch_dag.py
[2024-07-02T19:55:32.208+0000] {processor.py:830} INFO - Processing file /usr/local/python/3.10.13/lib/python3.10/site-packages/airflow/example_dags/example_nested_branch_dag.py for tasks to queue
[2024-07-02T19:55:32.209+0000] {logging_mixin.py:188} INFO - [2024-07-02T19:55:32.209+0000] {dagbag.py:545} INFO - Filling up the DagBag from /usr/local/python/3.10.13/lib/python3.10/site-packages/airflow/example_dags/example_nested_branch_dag.py
[2024-07-02T19:55:32.217+0000] {processor.py:840} INFO - DAG(s) 'example_nested_branch_dag' retrieved from /usr/local/python/3.10.13/lib/python3.10/site-packages/airflow/example_dags/example_nested_branch_dag.py
[2024-07-02T19:55:32.230+0000] {logging_mixin.py:188} INFO - [2024-07-02T19:55:32.230+0000] {dag.py:3096} INFO - Sync 1 DAGs
[2024-07-02T19:55:32.245+0000] {logging_mixin.py:188} INFO - [2024-07-02T19:55:32.245+0000] {dag.py:3954} INFO - Setting next_dagrun for example_nested_branch_dag to 2024-07-01 00:00:00+00:00, run_after=2024-07-02 00:00:00+00:00
[2024-07-02T19:55:32.287+0000] {processor.py:183} INFO - Processing /usr/local/python/3.10.13/lib/python3.10/site-packages/airflow/example_dags/example_nested_branch_dag.py took 0.085 seconds
[2024-07-02T19:56:17.778+0000] {processor.py:161} INFO - Started process (PID=26872) to work on /usr/local/python/3.10.13/lib/python3.10/site-packages/airflow/example_dags/example_nested_branch_dag.py
[2024-07-02T19:56:17.779+0000] {processor.py:830} INFO - Processing file /usr/local/python/3.10.13/lib/python3.10/site-packages/airflow/example_dags/example_nested_branch_dag.py for tasks to queue
[2024-07-02T19:56:17.779+0000] {logging_mixin.py:188} INFO - [2024-07-02T19:56:17.779+0000] {dagbag.py:545} INFO - Filling up the DagBag from /usr/local/python/3.10.13/lib/python3.10/site-packages/airflow/example_dags/example_nested_branch_dag.py
[2024-07-02T19:56:17.787+0000] {processor.py:840} INFO - DAG(s) 'example_nested_branch_dag' retrieved from /usr/local/python/3.10.13/lib/python3.10/site-packages/airflow/example_dags/example_nested_branch_dag.py
[2024-07-02T19:56:17.802+0000] {logging_mixin.py:188} INFO - [2024-07-02T19:56:17.802+0000] {dag.py:3096} INFO - Sync 1 DAGs
[2024-07-02T19:56:17.818+0000] {logging_mixin.py:188} INFO - [2024-07-02T19:56:17.818+0000] {dag.py:3954} INFO - Setting next_dagrun for example_nested_branch_dag to 2024-07-01 00:00:00+00:00, run_after=2024-07-02 00:00:00+00:00
[2024-07-02T19:56:17.860+0000] {processor.py:183} INFO - Processing /usr/local/python/3.10.13/lib/python3.10/site-packages/airflow/example_dags/example_nested_branch_dag.py took 0.086 seconds
[2024-07-02T19:57:11.133+0000] {processor.py:161} INFO - Started process (PID=27327) to work on /usr/local/python/3.10.13/lib/python3.10/site-packages/airflow/example_dags/example_nested_branch_dag.py
[2024-07-02T19:57:11.133+0000] {processor.py:830} INFO - Processing file /usr/local/python/3.10.13/lib/python3.10/site-packages/airflow/example_dags/example_nested_branch_dag.py for tasks to queue
[2024-07-02T19:57:11.134+0000] {logging_mixin.py:188} INFO - [2024-07-02T19:57:11.134+0000] {dagbag.py:545} INFO - Filling up the DagBag from /usr/local/python/3.10.13/lib/python3.10/site-packages/airflow/example_dags/example_nested_branch_dag.py
[2024-07-02T19:57:11.142+0000] {processor.py:840} INFO - DAG(s) 'example_nested_branch_dag' retrieved from /usr/local/python/3.10.13/lib/python3.10/site-packages/airflow/example_dags/example_nested_branch_dag.py
[2024-07-02T19:57:11.155+0000] {logging_mixin.py:188} INFO - [2024-07-02T19:57:11.155+0000] {dag.py:3096} INFO - Sync 1 DAGs
[2024-07-02T19:57:11.170+0000] {logging_mixin.py:188} INFO - [2024-07-02T19:57:11.170+0000] {dag.py:3954} INFO - Setting next_dagrun for example_nested_branch_dag to 2024-07-01 00:00:00+00:00, run_after=2024-07-02 00:00:00+00:00
[2024-07-02T19:57:11.218+0000] {processor.py:183} INFO - Processing /usr/local/python/3.10.13/lib/python3.10/site-packages/airflow/example_dags/example_nested_branch_dag.py took 0.089 seconds
