[2024-07-02T19:11:05.956+0000] {processor.py:161} INFO - Started process (PID=5903) to work on /usr/local/python/3.10.13/lib/python3.10/site-packages/airflow/example_dags/example_branch_python_dop_operator_3.py
[2024-07-02T19:11:05.957+0000] {processor.py:830} INFO - Processing file /usr/local/python/3.10.13/lib/python3.10/site-packages/airflow/example_dags/example_branch_python_dop_operator_3.py for tasks to queue
[2024-07-02T19:11:06.028+0000] {logging_mixin.py:188} INFO - [2024-07-02T19:11:06.028+0000] {dagbag.py:545} INFO - Filling up the DagBag from /usr/local/python/3.10.13/lib/python3.10/site-packages/airflow/example_dags/example_branch_python_dop_operator_3.py
[2024-07-02T19:11:06.033+0000] {processor.py:840} INFO - DAG(s) 'example_branch_dop_operator_v3' retrieved from /usr/local/python/3.10.13/lib/python3.10/site-packages/airflow/example_dags/example_branch_python_dop_operator_3.py
[2024-07-02T19:11:06.159+0000] {logging_mixin.py:188} INFO - [2024-07-02T19:11:06.159+0000] {override.py:1829} INFO - Created Permission View: can edit on DAG:example_branch_dop_operator_v3
[2024-07-02T19:11:06.192+0000] {logging_mixin.py:188} INFO - [2024-07-02T19:11:06.191+0000] {override.py:1829} INFO - Created Permission View: can read on DAG:example_branch_dop_operator_v3
[2024-07-02T19:11:06.222+0000] {logging_mixin.py:188} INFO - [2024-07-02T19:11:06.222+0000] {override.py:1829} INFO - Created Permission View: can delete on DAG:example_branch_dop_operator_v3
[2024-07-02T19:11:06.223+0000] {logging_mixin.py:188} INFO - [2024-07-02T19:11:06.223+0000] {dag.py:3096} INFO - Sync 1 DAGs
[2024-07-02T19:11:06.230+0000] {logging_mixin.py:188} INFO - [2024-07-02T19:11:06.230+0000] {dag.py:3118} INFO - Creating ORM DAG for example_branch_dop_operator_v3
[2024-07-02T19:11:06.240+0000] {logging_mixin.py:188} INFO - [2024-07-02T19:11:06.240+0000] {dag.py:3954} INFO - Setting next_dagrun for example_branch_dop_operator_v3 to 2024-07-02 19:10:00+00:00, run_after=2024-07-02 19:11:00+00:00
[2024-07-02T19:11:06.286+0000] {processor.py:183} INFO - Processing /usr/local/python/3.10.13/lib/python3.10/site-packages/airflow/example_dags/example_branch_python_dop_operator_3.py took 0.334 seconds
[2024-07-02T19:11:58.699+0000] {processor.py:161} INFO - Started process (PID=6308) to work on /usr/local/python/3.10.13/lib/python3.10/site-packages/airflow/example_dags/example_branch_python_dop_operator_3.py
[2024-07-02T19:11:58.700+0000] {processor.py:830} INFO - Processing file /usr/local/python/3.10.13/lib/python3.10/site-packages/airflow/example_dags/example_branch_python_dop_operator_3.py for tasks to queue
[2024-07-02T19:11:58.701+0000] {logging_mixin.py:188} INFO - [2024-07-02T19:11:58.700+0000] {dagbag.py:545} INFO - Filling up the DagBag from /usr/local/python/3.10.13/lib/python3.10/site-packages/airflow/example_dags/example_branch_python_dop_operator_3.py
[2024-07-02T19:11:58.708+0000] {processor.py:840} INFO - DAG(s) 'example_branch_dop_operator_v3' retrieved from /usr/local/python/3.10.13/lib/python3.10/site-packages/airflow/example_dags/example_branch_python_dop_operator_3.py
[2024-07-02T19:11:58.720+0000] {logging_mixin.py:188} INFO - [2024-07-02T19:11:58.720+0000] {dag.py:3096} INFO - Sync 1 DAGs
[2024-07-02T19:11:58.739+0000] {logging_mixin.py:188} INFO - [2024-07-02T19:11:58.739+0000] {dag.py:3954} INFO - Setting next_dagrun for example_branch_dop_operator_v3 to 2024-07-02 19:10:00+00:00, run_after=2024-07-02 19:11:00+00:00
[2024-07-02T19:11:58.783+0000] {processor.py:183} INFO - Processing /usr/local/python/3.10.13/lib/python3.10/site-packages/airflow/example_dags/example_branch_python_dop_operator_3.py took 0.088 seconds
[2024-07-02T19:13:02.059+0000] {processor.py:161} INFO - Started process (PID=6783) to work on /usr/local/python/3.10.13/lib/python3.10/site-packages/airflow/example_dags/example_branch_python_dop_operator_3.py
[2024-07-02T19:13:02.060+0000] {processor.py:830} INFO - Processing file /usr/local/python/3.10.13/lib/python3.10/site-packages/airflow/example_dags/example_branch_python_dop_operator_3.py for tasks to queue
[2024-07-02T19:13:02.061+0000] {logging_mixin.py:188} INFO - [2024-07-02T19:13:02.061+0000] {dagbag.py:545} INFO - Filling up the DagBag from /usr/local/python/3.10.13/lib/python3.10/site-packages/airflow/example_dags/example_branch_python_dop_operator_3.py
[2024-07-02T19:13:02.068+0000] {processor.py:840} INFO - DAG(s) 'example_branch_dop_operator_v3' retrieved from /usr/local/python/3.10.13/lib/python3.10/site-packages/airflow/example_dags/example_branch_python_dop_operator_3.py
[2024-07-02T19:13:02.079+0000] {logging_mixin.py:188} INFO - [2024-07-02T19:13:02.079+0000] {dag.py:3096} INFO - Sync 1 DAGs
[2024-07-02T19:13:02.098+0000] {logging_mixin.py:188} INFO - [2024-07-02T19:13:02.097+0000] {dag.py:3954} INFO - Setting next_dagrun for example_branch_dop_operator_v3 to 2024-07-02 19:12:00+00:00, run_after=2024-07-02 19:13:00+00:00
[2024-07-02T19:13:02.137+0000] {processor.py:183} INFO - Processing /usr/local/python/3.10.13/lib/python3.10/site-packages/airflow/example_dags/example_branch_python_dop_operator_3.py took 0.082 seconds
[2024-07-02T19:14:02.613+0000] {processor.py:161} INFO - Started process (PID=7249) to work on /usr/local/python/3.10.13/lib/python3.10/site-packages/airflow/example_dags/example_branch_python_dop_operator_3.py
[2024-07-02T19:14:02.614+0000] {processor.py:830} INFO - Processing file /usr/local/python/3.10.13/lib/python3.10/site-packages/airflow/example_dags/example_branch_python_dop_operator_3.py for tasks to queue
[2024-07-02T19:14:02.615+0000] {logging_mixin.py:188} INFO - [2024-07-02T19:14:02.615+0000] {dagbag.py:545} INFO - Filling up the DagBag from /usr/local/python/3.10.13/lib/python3.10/site-packages/airflow/example_dags/example_branch_python_dop_operator_3.py
[2024-07-02T19:14:02.622+0000] {processor.py:840} INFO - DAG(s) 'example_branch_dop_operator_v3' retrieved from /usr/local/python/3.10.13/lib/python3.10/site-packages/airflow/example_dags/example_branch_python_dop_operator_3.py
[2024-07-02T19:14:02.633+0000] {logging_mixin.py:188} INFO - [2024-07-02T19:14:02.633+0000] {dag.py:3096} INFO - Sync 1 DAGs
[2024-07-02T19:14:02.652+0000] {logging_mixin.py:188} INFO - [2024-07-02T19:14:02.652+0000] {dag.py:3954} INFO - Setting next_dagrun for example_branch_dop_operator_v3 to 2024-07-02 19:13:00+00:00, run_after=2024-07-02 19:14:00+00:00
[2024-07-02T19:14:02.696+0000] {processor.py:183} INFO - Processing /usr/local/python/3.10.13/lib/python3.10/site-packages/airflow/example_dags/example_branch_python_dop_operator_3.py took 0.087 seconds
[2024-07-02T19:15:05.082+0000] {processor.py:161} INFO - Started process (PID=7709) to work on /usr/local/python/3.10.13/lib/python3.10/site-packages/airflow/example_dags/example_branch_python_dop_operator_3.py
[2024-07-02T19:15:05.083+0000] {processor.py:830} INFO - Processing file /usr/local/python/3.10.13/lib/python3.10/site-packages/airflow/example_dags/example_branch_python_dop_operator_3.py for tasks to queue
[2024-07-02T19:15:05.085+0000] {logging_mixin.py:188} INFO - [2024-07-02T19:15:05.084+0000] {dagbag.py:545} INFO - Filling up the DagBag from /usr/local/python/3.10.13/lib/python3.10/site-packages/airflow/example_dags/example_branch_python_dop_operator_3.py
[2024-07-02T19:15:05.096+0000] {processor.py:840} INFO - DAG(s) 'example_branch_dop_operator_v3' retrieved from /usr/local/python/3.10.13/lib/python3.10/site-packages/airflow/example_dags/example_branch_python_dop_operator_3.py
[2024-07-02T19:15:05.113+0000] {logging_mixin.py:188} INFO - [2024-07-02T19:15:05.113+0000] {dag.py:3096} INFO - Sync 1 DAGs
[2024-07-02T19:15:05.142+0000] {logging_mixin.py:188} INFO - [2024-07-02T19:15:05.142+0000] {dag.py:3954} INFO - Setting next_dagrun for example_branch_dop_operator_v3 to 2024-07-02 19:14:00+00:00, run_after=2024-07-02 19:15:00+00:00
[2024-07-02T19:15:05.188+0000] {processor.py:183} INFO - Processing /usr/local/python/3.10.13/lib/python3.10/site-packages/airflow/example_dags/example_branch_python_dop_operator_3.py took 0.112 seconds
[2024-07-02T19:16:07.505+0000] {processor.py:161} INFO - Started process (PID=8212) to work on /usr/local/python/3.10.13/lib/python3.10/site-packages/airflow/example_dags/example_branch_python_dop_operator_3.py
[2024-07-02T19:16:07.506+0000] {processor.py:830} INFO - Processing file /usr/local/python/3.10.13/lib/python3.10/site-packages/airflow/example_dags/example_branch_python_dop_operator_3.py for tasks to queue
[2024-07-02T19:16:07.507+0000] {logging_mixin.py:188} INFO - [2024-07-02T19:16:07.507+0000] {dagbag.py:545} INFO - Filling up the DagBag from /usr/local/python/3.10.13/lib/python3.10/site-packages/airflow/example_dags/example_branch_python_dop_operator_3.py
[2024-07-02T19:16:07.514+0000] {processor.py:840} INFO - DAG(s) 'example_branch_dop_operator_v3' retrieved from /usr/local/python/3.10.13/lib/python3.10/site-packages/airflow/example_dags/example_branch_python_dop_operator_3.py
[2024-07-02T19:16:07.525+0000] {logging_mixin.py:188} INFO - [2024-07-02T19:16:07.525+0000] {dag.py:3096} INFO - Sync 1 DAGs
[2024-07-02T19:16:07.544+0000] {logging_mixin.py:188} INFO - [2024-07-02T19:16:07.544+0000] {dag.py:3954} INFO - Setting next_dagrun for example_branch_dop_operator_v3 to 2024-07-02 19:15:00+00:00, run_after=2024-07-02 19:16:00+00:00
[2024-07-02T19:16:07.586+0000] {processor.py:183} INFO - Processing /usr/local/python/3.10.13/lib/python3.10/site-packages/airflow/example_dags/example_branch_python_dop_operator_3.py took 0.085 seconds
[2024-07-02T19:17:18.345+0000] {processor.py:161} INFO - Started process (PID=8746) to work on /usr/local/python/3.10.13/lib/python3.10/site-packages/airflow/example_dags/example_branch_python_dop_operator_3.py
[2024-07-02T19:17:18.346+0000] {processor.py:830} INFO - Processing file /usr/local/python/3.10.13/lib/python3.10/site-packages/airflow/example_dags/example_branch_python_dop_operator_3.py for tasks to queue
[2024-07-02T19:17:18.347+0000] {logging_mixin.py:188} INFO - [2024-07-02T19:17:18.347+0000] {dagbag.py:545} INFO - Filling up the DagBag from /usr/local/python/3.10.13/lib/python3.10/site-packages/airflow/example_dags/example_branch_python_dop_operator_3.py
[2024-07-02T19:17:18.358+0000] {processor.py:840} INFO - DAG(s) 'example_branch_dop_operator_v3' retrieved from /usr/local/python/3.10.13/lib/python3.10/site-packages/airflow/example_dags/example_branch_python_dop_operator_3.py
[2024-07-02T19:17:18.373+0000] {logging_mixin.py:188} INFO - [2024-07-02T19:17:18.372+0000] {dag.py:3096} INFO - Sync 1 DAGs
[2024-07-02T19:17:18.391+0000] {logging_mixin.py:188} INFO - [2024-07-02T19:17:18.391+0000] {dag.py:3954} INFO - Setting next_dagrun for example_branch_dop_operator_v3 to 2024-07-02 19:16:00+00:00, run_after=2024-07-02 19:17:00+00:00
[2024-07-02T19:17:18.437+0000] {processor.py:183} INFO - Processing /usr/local/python/3.10.13/lib/python3.10/site-packages/airflow/example_dags/example_branch_python_dop_operator_3.py took 0.098 seconds
[2024-07-02T19:18:23.373+0000] {processor.py:161} INFO - Started process (PID=9235) to work on /usr/local/python/3.10.13/lib/python3.10/site-packages/airflow/example_dags/example_branch_python_dop_operator_3.py
[2024-07-02T19:18:23.373+0000] {processor.py:830} INFO - Processing file /usr/local/python/3.10.13/lib/python3.10/site-packages/airflow/example_dags/example_branch_python_dop_operator_3.py for tasks to queue
[2024-07-02T19:18:23.374+0000] {logging_mixin.py:188} INFO - [2024-07-02T19:18:23.374+0000] {dagbag.py:545} INFO - Filling up the DagBag from /usr/local/python/3.10.13/lib/python3.10/site-packages/airflow/example_dags/example_branch_python_dop_operator_3.py
[2024-07-02T19:18:23.381+0000] {processor.py:840} INFO - DAG(s) 'example_branch_dop_operator_v3' retrieved from /usr/local/python/3.10.13/lib/python3.10/site-packages/airflow/example_dags/example_branch_python_dop_operator_3.py
[2024-07-02T19:18:23.393+0000] {logging_mixin.py:188} INFO - [2024-07-02T19:18:23.393+0000] {dag.py:3096} INFO - Sync 1 DAGs
[2024-07-02T19:18:23.411+0000] {logging_mixin.py:188} INFO - [2024-07-02T19:18:23.411+0000] {dag.py:3954} INFO - Setting next_dagrun for example_branch_dop_operator_v3 to 2024-07-02 19:17:00+00:00, run_after=2024-07-02 19:18:00+00:00
[2024-07-02T19:18:23.451+0000] {processor.py:183} INFO - Processing /usr/local/python/3.10.13/lib/python3.10/site-packages/airflow/example_dags/example_branch_python_dop_operator_3.py took 0.083 seconds
[2024-07-02T19:19:28.160+0000] {processor.py:161} INFO - Started process (PID=9718) to work on /usr/local/python/3.10.13/lib/python3.10/site-packages/airflow/example_dags/example_branch_python_dop_operator_3.py
[2024-07-02T19:19:28.161+0000] {processor.py:830} INFO - Processing file /usr/local/python/3.10.13/lib/python3.10/site-packages/airflow/example_dags/example_branch_python_dop_operator_3.py for tasks to queue
[2024-07-02T19:19:28.162+0000] {logging_mixin.py:188} INFO - [2024-07-02T19:19:28.161+0000] {dagbag.py:545} INFO - Filling up the DagBag from /usr/local/python/3.10.13/lib/python3.10/site-packages/airflow/example_dags/example_branch_python_dop_operator_3.py
[2024-07-02T19:19:28.169+0000] {processor.py:840} INFO - DAG(s) 'example_branch_dop_operator_v3' retrieved from /usr/local/python/3.10.13/lib/python3.10/site-packages/airflow/example_dags/example_branch_python_dop_operator_3.py
[2024-07-02T19:19:28.179+0000] {logging_mixin.py:188} INFO - [2024-07-02T19:19:28.179+0000] {dag.py:3096} INFO - Sync 1 DAGs
[2024-07-02T19:19:28.197+0000] {logging_mixin.py:188} INFO - [2024-07-02T19:19:28.197+0000] {dag.py:3954} INFO - Setting next_dagrun for example_branch_dop_operator_v3 to 2024-07-02 19:18:00+00:00, run_after=2024-07-02 19:19:00+00:00
[2024-07-02T19:19:28.240+0000] {processor.py:183} INFO - Processing /usr/local/python/3.10.13/lib/python3.10/site-packages/airflow/example_dags/example_branch_python_dop_operator_3.py took 0.084 seconds
[2024-07-02T19:20:38.946+0000] {processor.py:161} INFO - Started process (PID=10243) to work on /usr/local/python/3.10.13/lib/python3.10/site-packages/airflow/example_dags/example_branch_python_dop_operator_3.py
[2024-07-02T19:20:38.947+0000] {processor.py:830} INFO - Processing file /usr/local/python/3.10.13/lib/python3.10/site-packages/airflow/example_dags/example_branch_python_dop_operator_3.py for tasks to queue
[2024-07-02T19:20:38.948+0000] {logging_mixin.py:188} INFO - [2024-07-02T19:20:38.947+0000] {dagbag.py:545} INFO - Filling up the DagBag from /usr/local/python/3.10.13/lib/python3.10/site-packages/airflow/example_dags/example_branch_python_dop_operator_3.py
[2024-07-02T19:20:38.955+0000] {processor.py:840} INFO - DAG(s) 'example_branch_dop_operator_v3' retrieved from /usr/local/python/3.10.13/lib/python3.10/site-packages/airflow/example_dags/example_branch_python_dop_operator_3.py
[2024-07-02T19:20:38.966+0000] {logging_mixin.py:188} INFO - [2024-07-02T19:20:38.966+0000] {dag.py:3096} INFO - Sync 1 DAGs
[2024-07-02T19:20:38.984+0000] {logging_mixin.py:188} INFO - [2024-07-02T19:20:38.984+0000] {dag.py:3954} INFO - Setting next_dagrun for example_branch_dop_operator_v3 to 2024-07-02 19:19:00+00:00, run_after=2024-07-02 19:20:00+00:00
[2024-07-02T19:20:39.028+0000] {processor.py:183} INFO - Processing /usr/local/python/3.10.13/lib/python3.10/site-packages/airflow/example_dags/example_branch_python_dop_operator_3.py took 0.086 seconds
[2024-07-02T19:21:49.050+0000] {processor.py:161} INFO - Started process (PID=10782) to work on /usr/local/python/3.10.13/lib/python3.10/site-packages/airflow/example_dags/example_branch_python_dop_operator_3.py
[2024-07-02T19:21:49.051+0000] {processor.py:830} INFO - Processing file /usr/local/python/3.10.13/lib/python3.10/site-packages/airflow/example_dags/example_branch_python_dop_operator_3.py for tasks to queue
[2024-07-02T19:21:49.052+0000] {logging_mixin.py:188} INFO - [2024-07-02T19:21:49.051+0000] {dagbag.py:545} INFO - Filling up the DagBag from /usr/local/python/3.10.13/lib/python3.10/site-packages/airflow/example_dags/example_branch_python_dop_operator_3.py
[2024-07-02T19:21:49.059+0000] {processor.py:840} INFO - DAG(s) 'example_branch_dop_operator_v3' retrieved from /usr/local/python/3.10.13/lib/python3.10/site-packages/airflow/example_dags/example_branch_python_dop_operator_3.py
[2024-07-02T19:21:49.070+0000] {logging_mixin.py:188} INFO - [2024-07-02T19:21:49.070+0000] {dag.py:3096} INFO - Sync 1 DAGs
[2024-07-02T19:21:49.089+0000] {logging_mixin.py:188} INFO - [2024-07-02T19:21:49.088+0000] {dag.py:3954} INFO - Setting next_dagrun for example_branch_dop_operator_v3 to 2024-07-02 19:20:00+00:00, run_after=2024-07-02 19:21:00+00:00
[2024-07-02T19:21:49.129+0000] {processor.py:183} INFO - Processing /usr/local/python/3.10.13/lib/python3.10/site-packages/airflow/example_dags/example_branch_python_dop_operator_3.py took 0.083 seconds
[2024-07-02T19:22:55.435+0000] {processor.py:161} INFO - Started process (PID=11297) to work on /usr/local/python/3.10.13/lib/python3.10/site-packages/airflow/example_dags/example_branch_python_dop_operator_3.py
[2024-07-02T19:22:55.435+0000] {processor.py:830} INFO - Processing file /usr/local/python/3.10.13/lib/python3.10/site-packages/airflow/example_dags/example_branch_python_dop_operator_3.py for tasks to queue
[2024-07-02T19:22:55.436+0000] {logging_mixin.py:188} INFO - [2024-07-02T19:22:55.436+0000] {dagbag.py:545} INFO - Filling up the DagBag from /usr/local/python/3.10.13/lib/python3.10/site-packages/airflow/example_dags/example_branch_python_dop_operator_3.py
[2024-07-02T19:22:55.443+0000] {processor.py:840} INFO - DAG(s) 'example_branch_dop_operator_v3' retrieved from /usr/local/python/3.10.13/lib/python3.10/site-packages/airflow/example_dags/example_branch_python_dop_operator_3.py
[2024-07-02T19:22:55.454+0000] {logging_mixin.py:188} INFO - [2024-07-02T19:22:55.454+0000] {dag.py:3096} INFO - Sync 1 DAGs
[2024-07-02T19:22:55.472+0000] {logging_mixin.py:188} INFO - [2024-07-02T19:22:55.472+0000] {dag.py:3954} INFO - Setting next_dagrun for example_branch_dop_operator_v3 to 2024-07-02 19:21:00+00:00, run_after=2024-07-02 19:22:00+00:00
[2024-07-02T19:22:55.517+0000] {processor.py:183} INFO - Processing /usr/local/python/3.10.13/lib/python3.10/site-packages/airflow/example_dags/example_branch_python_dop_operator_3.py took 0.087 seconds
[2024-07-02T19:23:57.707+0000] {processor.py:161} INFO - Started process (PID=11768) to work on /usr/local/python/3.10.13/lib/python3.10/site-packages/airflow/example_dags/example_branch_python_dop_operator_3.py
[2024-07-02T19:23:57.708+0000] {processor.py:830} INFO - Processing file /usr/local/python/3.10.13/lib/python3.10/site-packages/airflow/example_dags/example_branch_python_dop_operator_3.py for tasks to queue
[2024-07-02T19:23:57.708+0000] {logging_mixin.py:188} INFO - [2024-07-02T19:23:57.708+0000] {dagbag.py:545} INFO - Filling up the DagBag from /usr/local/python/3.10.13/lib/python3.10/site-packages/airflow/example_dags/example_branch_python_dop_operator_3.py
[2024-07-02T19:23:57.715+0000] {processor.py:840} INFO - DAG(s) 'example_branch_dop_operator_v3' retrieved from /usr/local/python/3.10.13/lib/python3.10/site-packages/airflow/example_dags/example_branch_python_dop_operator_3.py
[2024-07-02T19:23:57.727+0000] {logging_mixin.py:188} INFO - [2024-07-02T19:23:57.727+0000] {dag.py:3096} INFO - Sync 1 DAGs
[2024-07-02T19:23:57.745+0000] {logging_mixin.py:188} INFO - [2024-07-02T19:23:57.744+0000] {dag.py:3954} INFO - Setting next_dagrun for example_branch_dop_operator_v3 to 2024-07-02 19:22:00+00:00, run_after=2024-07-02 19:23:00+00:00
[2024-07-02T19:23:57.788+0000] {processor.py:183} INFO - Processing /usr/local/python/3.10.13/lib/python3.10/site-packages/airflow/example_dags/example_branch_python_dop_operator_3.py took 0.086 seconds
[2024-07-02T19:25:02.938+0000] {processor.py:161} INFO - Started process (PID=12254) to work on /usr/local/python/3.10.13/lib/python3.10/site-packages/airflow/example_dags/example_branch_python_dop_operator_3.py
[2024-07-02T19:25:02.939+0000] {processor.py:830} INFO - Processing file /usr/local/python/3.10.13/lib/python3.10/site-packages/airflow/example_dags/example_branch_python_dop_operator_3.py for tasks to queue
[2024-07-02T19:25:02.939+0000] {logging_mixin.py:188} INFO - [2024-07-02T19:25:02.939+0000] {dagbag.py:545} INFO - Filling up the DagBag from /usr/local/python/3.10.13/lib/python3.10/site-packages/airflow/example_dags/example_branch_python_dop_operator_3.py
[2024-07-02T19:25:02.946+0000] {processor.py:840} INFO - DAG(s) 'example_branch_dop_operator_v3' retrieved from /usr/local/python/3.10.13/lib/python3.10/site-packages/airflow/example_dags/example_branch_python_dop_operator_3.py
[2024-07-02T19:25:02.958+0000] {logging_mixin.py:188} INFO - [2024-07-02T19:25:02.958+0000] {dag.py:3096} INFO - Sync 1 DAGs
[2024-07-02T19:25:02.976+0000] {logging_mixin.py:188} INFO - [2024-07-02T19:25:02.975+0000] {dag.py:3954} INFO - Setting next_dagrun for example_branch_dop_operator_v3 to 2024-07-02 19:24:00+00:00, run_after=2024-07-02 19:25:00+00:00
[2024-07-02T19:25:03.032+0000] {processor.py:183} INFO - Processing /usr/local/python/3.10.13/lib/python3.10/site-packages/airflow/example_dags/example_branch_python_dop_operator_3.py took 0.098 seconds
[2024-07-02T19:26:06.323+0000] {processor.py:161} INFO - Started process (PID=12735) to work on /usr/local/python/3.10.13/lib/python3.10/site-packages/airflow/example_dags/example_branch_python_dop_operator_3.py
[2024-07-02T19:26:06.323+0000] {processor.py:830} INFO - Processing file /usr/local/python/3.10.13/lib/python3.10/site-packages/airflow/example_dags/example_branch_python_dop_operator_3.py for tasks to queue
[2024-07-02T19:26:06.324+0000] {logging_mixin.py:188} INFO - [2024-07-02T19:26:06.324+0000] {dagbag.py:545} INFO - Filling up the DagBag from /usr/local/python/3.10.13/lib/python3.10/site-packages/airflow/example_dags/example_branch_python_dop_operator_3.py
[2024-07-02T19:26:06.331+0000] {processor.py:840} INFO - DAG(s) 'example_branch_dop_operator_v3' retrieved from /usr/local/python/3.10.13/lib/python3.10/site-packages/airflow/example_dags/example_branch_python_dop_operator_3.py
[2024-07-02T19:26:06.343+0000] {logging_mixin.py:188} INFO - [2024-07-02T19:26:06.343+0000] {dag.py:3096} INFO - Sync 1 DAGs
[2024-07-02T19:26:06.361+0000] {logging_mixin.py:188} INFO - [2024-07-02T19:26:06.361+0000] {dag.py:3954} INFO - Setting next_dagrun for example_branch_dop_operator_v3 to 2024-07-02 19:25:00+00:00, run_after=2024-07-02 19:26:00+00:00
[2024-07-02T19:26:06.402+0000] {processor.py:183} INFO - Processing /usr/local/python/3.10.13/lib/python3.10/site-packages/airflow/example_dags/example_branch_python_dop_operator_3.py took 0.084 seconds
[2024-07-02T19:27:12.275+0000] {processor.py:161} INFO - Started process (PID=13243) to work on /usr/local/python/3.10.13/lib/python3.10/site-packages/airflow/example_dags/example_branch_python_dop_operator_3.py
[2024-07-02T19:27:12.276+0000] {processor.py:830} INFO - Processing file /usr/local/python/3.10.13/lib/python3.10/site-packages/airflow/example_dags/example_branch_python_dop_operator_3.py for tasks to queue
[2024-07-02T19:27:12.276+0000] {logging_mixin.py:188} INFO - [2024-07-02T19:27:12.276+0000] {dagbag.py:545} INFO - Filling up the DagBag from /usr/local/python/3.10.13/lib/python3.10/site-packages/airflow/example_dags/example_branch_python_dop_operator_3.py
[2024-07-02T19:27:12.284+0000] {processor.py:840} INFO - DAG(s) 'example_branch_dop_operator_v3' retrieved from /usr/local/python/3.10.13/lib/python3.10/site-packages/airflow/example_dags/example_branch_python_dop_operator_3.py
[2024-07-02T19:27:12.295+0000] {logging_mixin.py:188} INFO - [2024-07-02T19:27:12.295+0000] {dag.py:3096} INFO - Sync 1 DAGs
[2024-07-02T19:27:12.314+0000] {logging_mixin.py:188} INFO - [2024-07-02T19:27:12.314+0000] {dag.py:3954} INFO - Setting next_dagrun for example_branch_dop_operator_v3 to 2024-07-02 19:26:00+00:00, run_after=2024-07-02 19:27:00+00:00
[2024-07-02T19:27:12.355+0000] {processor.py:183} INFO - Processing /usr/local/python/3.10.13/lib/python3.10/site-packages/airflow/example_dags/example_branch_python_dop_operator_3.py took 0.085 seconds
[2024-07-02T19:28:14.454+0000] {processor.py:161} INFO - Started process (PID=13839) to work on /usr/local/python/3.10.13/lib/python3.10/site-packages/airflow/example_dags/example_branch_python_dop_operator_3.py
[2024-07-02T19:28:14.455+0000] {processor.py:830} INFO - Processing file /usr/local/python/3.10.13/lib/python3.10/site-packages/airflow/example_dags/example_branch_python_dop_operator_3.py for tasks to queue
[2024-07-02T19:28:14.456+0000] {logging_mixin.py:188} INFO - [2024-07-02T19:28:14.455+0000] {dagbag.py:545} INFO - Filling up the DagBag from /usr/local/python/3.10.13/lib/python3.10/site-packages/airflow/example_dags/example_branch_python_dop_operator_3.py
[2024-07-02T19:28:14.463+0000] {processor.py:840} INFO - DAG(s) 'example_branch_dop_operator_v3' retrieved from /usr/local/python/3.10.13/lib/python3.10/site-packages/airflow/example_dags/example_branch_python_dop_operator_3.py
[2024-07-02T19:28:14.474+0000] {logging_mixin.py:188} INFO - [2024-07-02T19:28:14.474+0000] {dag.py:3096} INFO - Sync 1 DAGs
[2024-07-02T19:28:14.492+0000] {logging_mixin.py:188} INFO - [2024-07-02T19:28:14.492+0000] {dag.py:3954} INFO - Setting next_dagrun for example_branch_dop_operator_v3 to 2024-07-02 19:27:00+00:00, run_after=2024-07-02 19:28:00+00:00
[2024-07-02T19:28:14.533+0000] {processor.py:183} INFO - Processing /usr/local/python/3.10.13/lib/python3.10/site-packages/airflow/example_dags/example_branch_python_dop_operator_3.py took 0.083 seconds
[2024-07-02T19:29:23.293+0000] {processor.py:161} INFO - Started process (PID=14417) to work on /usr/local/python/3.10.13/lib/python3.10/site-packages/airflow/example_dags/example_branch_python_dop_operator_3.py
[2024-07-02T19:29:23.294+0000] {processor.py:830} INFO - Processing file /usr/local/python/3.10.13/lib/python3.10/site-packages/airflow/example_dags/example_branch_python_dop_operator_3.py for tasks to queue
[2024-07-02T19:29:23.294+0000] {logging_mixin.py:188} INFO - [2024-07-02T19:29:23.294+0000] {dagbag.py:545} INFO - Filling up the DagBag from /usr/local/python/3.10.13/lib/python3.10/site-packages/airflow/example_dags/example_branch_python_dop_operator_3.py
[2024-07-02T19:29:23.302+0000] {processor.py:840} INFO - DAG(s) 'example_branch_dop_operator_v3' retrieved from /usr/local/python/3.10.13/lib/python3.10/site-packages/airflow/example_dags/example_branch_python_dop_operator_3.py
[2024-07-02T19:29:23.313+0000] {logging_mixin.py:188} INFO - [2024-07-02T19:29:23.313+0000] {dag.py:3096} INFO - Sync 1 DAGs
[2024-07-02T19:29:23.333+0000] {logging_mixin.py:188} INFO - [2024-07-02T19:29:23.333+0000] {dag.py:3954} INFO - Setting next_dagrun for example_branch_dop_operator_v3 to 2024-07-02 19:28:00+00:00, run_after=2024-07-02 19:29:00+00:00
[2024-07-02T19:29:23.377+0000] {processor.py:183} INFO - Processing /usr/local/python/3.10.13/lib/python3.10/site-packages/airflow/example_dags/example_branch_python_dop_operator_3.py took 0.089 seconds
[2024-07-02T19:30:33.377+0000] {processor.py:161} INFO - Started process (PID=14994) to work on /usr/local/python/3.10.13/lib/python3.10/site-packages/airflow/example_dags/example_branch_python_dop_operator_3.py
[2024-07-02T19:30:33.377+0000] {processor.py:830} INFO - Processing file /usr/local/python/3.10.13/lib/python3.10/site-packages/airflow/example_dags/example_branch_python_dop_operator_3.py for tasks to queue
[2024-07-02T19:30:33.378+0000] {logging_mixin.py:188} INFO - [2024-07-02T19:30:33.378+0000] {dagbag.py:545} INFO - Filling up the DagBag from /usr/local/python/3.10.13/lib/python3.10/site-packages/airflow/example_dags/example_branch_python_dop_operator_3.py
[2024-07-02T19:30:33.385+0000] {processor.py:840} INFO - DAG(s) 'example_branch_dop_operator_v3' retrieved from /usr/local/python/3.10.13/lib/python3.10/site-packages/airflow/example_dags/example_branch_python_dop_operator_3.py
[2024-07-02T19:30:33.396+0000] {logging_mixin.py:188} INFO - [2024-07-02T19:30:33.396+0000] {dag.py:3096} INFO - Sync 1 DAGs
[2024-07-02T19:30:33.414+0000] {logging_mixin.py:188} INFO - [2024-07-02T19:30:33.414+0000] {dag.py:3954} INFO - Setting next_dagrun for example_branch_dop_operator_v3 to 2024-07-02 19:29:00+00:00, run_after=2024-07-02 19:30:00+00:00
[2024-07-02T19:30:33.455+0000] {processor.py:183} INFO - Processing /usr/local/python/3.10.13/lib/python3.10/site-packages/airflow/example_dags/example_branch_python_dop_operator_3.py took 0.082 seconds
[2024-07-02T19:31:45.791+0000] {processor.py:161} INFO - Started process (PID=15541) to work on /usr/local/python/3.10.13/lib/python3.10/site-packages/airflow/example_dags/example_branch_python_dop_operator_3.py
[2024-07-02T19:31:45.792+0000] {processor.py:830} INFO - Processing file /usr/local/python/3.10.13/lib/python3.10/site-packages/airflow/example_dags/example_branch_python_dop_operator_3.py for tasks to queue
[2024-07-02T19:31:45.793+0000] {logging_mixin.py:188} INFO - [2024-07-02T19:31:45.792+0000] {dagbag.py:545} INFO - Filling up the DagBag from /usr/local/python/3.10.13/lib/python3.10/site-packages/airflow/example_dags/example_branch_python_dop_operator_3.py
[2024-07-02T19:31:45.800+0000] {processor.py:840} INFO - DAG(s) 'example_branch_dop_operator_v3' retrieved from /usr/local/python/3.10.13/lib/python3.10/site-packages/airflow/example_dags/example_branch_python_dop_operator_3.py
[2024-07-02T19:31:45.811+0000] {logging_mixin.py:188} INFO - [2024-07-02T19:31:45.810+0000] {dag.py:3096} INFO - Sync 1 DAGs
[2024-07-02T19:31:45.829+0000] {logging_mixin.py:188} INFO - [2024-07-02T19:31:45.829+0000] {dag.py:3954} INFO - Setting next_dagrun for example_branch_dop_operator_v3 to 2024-07-02 19:30:00+00:00, run_after=2024-07-02 19:31:00+00:00
[2024-07-02T19:31:45.870+0000] {processor.py:183} INFO - Processing /usr/local/python/3.10.13/lib/python3.10/site-packages/airflow/example_dags/example_branch_python_dop_operator_3.py took 0.083 seconds
[2024-07-02T19:32:51.048+0000] {processor.py:161} INFO - Started process (PID=16031) to work on /usr/local/python/3.10.13/lib/python3.10/site-packages/airflow/example_dags/example_branch_python_dop_operator_3.py
[2024-07-02T19:32:51.048+0000] {processor.py:830} INFO - Processing file /usr/local/python/3.10.13/lib/python3.10/site-packages/airflow/example_dags/example_branch_python_dop_operator_3.py for tasks to queue
[2024-07-02T19:32:51.049+0000] {logging_mixin.py:188} INFO - [2024-07-02T19:32:51.049+0000] {dagbag.py:545} INFO - Filling up the DagBag from /usr/local/python/3.10.13/lib/python3.10/site-packages/airflow/example_dags/example_branch_python_dop_operator_3.py
[2024-07-02T19:32:51.056+0000] {processor.py:840} INFO - DAG(s) 'example_branch_dop_operator_v3' retrieved from /usr/local/python/3.10.13/lib/python3.10/site-packages/airflow/example_dags/example_branch_python_dop_operator_3.py
[2024-07-02T19:32:51.068+0000] {logging_mixin.py:188} INFO - [2024-07-02T19:32:51.068+0000] {dag.py:3096} INFO - Sync 1 DAGs
[2024-07-02T19:32:51.086+0000] {logging_mixin.py:188} INFO - [2024-07-02T19:32:51.086+0000] {dag.py:3954} INFO - Setting next_dagrun for example_branch_dop_operator_v3 to 2024-07-02 19:31:00+00:00, run_after=2024-07-02 19:32:00+00:00
[2024-07-02T19:32:51.127+0000] {processor.py:183} INFO - Processing /usr/local/python/3.10.13/lib/python3.10/site-packages/airflow/example_dags/example_branch_python_dop_operator_3.py took 0.084 seconds
[2024-07-02T19:33:57.078+0000] {processor.py:161} INFO - Started process (PID=16604) to work on /usr/local/python/3.10.13/lib/python3.10/site-packages/airflow/example_dags/example_branch_python_dop_operator_3.py
[2024-07-02T19:33:57.079+0000] {processor.py:830} INFO - Processing file /usr/local/python/3.10.13/lib/python3.10/site-packages/airflow/example_dags/example_branch_python_dop_operator_3.py for tasks to queue
[2024-07-02T19:33:57.079+0000] {logging_mixin.py:188} INFO - [2024-07-02T19:33:57.079+0000] {dagbag.py:545} INFO - Filling up the DagBag from /usr/local/python/3.10.13/lib/python3.10/site-packages/airflow/example_dags/example_branch_python_dop_operator_3.py
[2024-07-02T19:33:57.087+0000] {processor.py:840} INFO - DAG(s) 'example_branch_dop_operator_v3' retrieved from /usr/local/python/3.10.13/lib/python3.10/site-packages/airflow/example_dags/example_branch_python_dop_operator_3.py
[2024-07-02T19:33:57.098+0000] {logging_mixin.py:188} INFO - [2024-07-02T19:33:57.098+0000] {dag.py:3096} INFO - Sync 1 DAGs
[2024-07-02T19:33:57.116+0000] {logging_mixin.py:188} INFO - [2024-07-02T19:33:57.116+0000] {dag.py:3954} INFO - Setting next_dagrun for example_branch_dop_operator_v3 to 2024-07-02 19:32:00+00:00, run_after=2024-07-02 19:33:00+00:00
[2024-07-02T19:33:57.157+0000] {processor.py:183} INFO - Processing /usr/local/python/3.10.13/lib/python3.10/site-packages/airflow/example_dags/example_branch_python_dop_operator_3.py took 0.084 seconds
[2024-07-02T19:35:06.186+0000] {processor.py:161} INFO - Started process (PID=17174) to work on /usr/local/python/3.10.13/lib/python3.10/site-packages/airflow/example_dags/example_branch_python_dop_operator_3.py
[2024-07-02T19:35:06.187+0000] {processor.py:830} INFO - Processing file /usr/local/python/3.10.13/lib/python3.10/site-packages/airflow/example_dags/example_branch_python_dop_operator_3.py for tasks to queue
[2024-07-02T19:35:06.188+0000] {logging_mixin.py:188} INFO - [2024-07-02T19:35:06.187+0000] {dagbag.py:545} INFO - Filling up the DagBag from /usr/local/python/3.10.13/lib/python3.10/site-packages/airflow/example_dags/example_branch_python_dop_operator_3.py
[2024-07-02T19:35:06.195+0000] {processor.py:840} INFO - DAG(s) 'example_branch_dop_operator_v3' retrieved from /usr/local/python/3.10.13/lib/python3.10/site-packages/airflow/example_dags/example_branch_python_dop_operator_3.py
[2024-07-02T19:35:06.206+0000] {logging_mixin.py:188} INFO - [2024-07-02T19:35:06.206+0000] {dag.py:3096} INFO - Sync 1 DAGs
[2024-07-02T19:35:06.225+0000] {logging_mixin.py:188} INFO - [2024-07-02T19:35:06.224+0000] {dag.py:3954} INFO - Setting next_dagrun for example_branch_dop_operator_v3 to 2024-07-02 19:34:00+00:00, run_after=2024-07-02 19:35:00+00:00
[2024-07-02T19:35:06.265+0000] {processor.py:183} INFO - Processing /usr/local/python/3.10.13/lib/python3.10/site-packages/airflow/example_dags/example_branch_python_dop_operator_3.py took 0.083 seconds
[2024-07-02T19:36:22.816+0000] {processor.py:161} INFO - Started process (PID=17842) to work on /usr/local/python/3.10.13/lib/python3.10/site-packages/airflow/example_dags/example_branch_python_dop_operator_3.py
[2024-07-02T19:36:22.817+0000] {processor.py:830} INFO - Processing file /usr/local/python/3.10.13/lib/python3.10/site-packages/airflow/example_dags/example_branch_python_dop_operator_3.py for tasks to queue
[2024-07-02T19:36:22.818+0000] {logging_mixin.py:188} INFO - [2024-07-02T19:36:22.817+0000] {dagbag.py:545} INFO - Filling up the DagBag from /usr/local/python/3.10.13/lib/python3.10/site-packages/airflow/example_dags/example_branch_python_dop_operator_3.py
[2024-07-02T19:36:22.825+0000] {processor.py:840} INFO - DAG(s) 'example_branch_dop_operator_v3' retrieved from /usr/local/python/3.10.13/lib/python3.10/site-packages/airflow/example_dags/example_branch_python_dop_operator_3.py
[2024-07-02T19:36:22.837+0000] {logging_mixin.py:188} INFO - [2024-07-02T19:36:22.836+0000] {dag.py:3096} INFO - Sync 1 DAGs
[2024-07-02T19:36:22.855+0000] {logging_mixin.py:188} INFO - [2024-07-02T19:36:22.854+0000] {dag.py:3954} INFO - Setting next_dagrun for example_branch_dop_operator_v3 to 2024-07-02 19:35:00+00:00, run_after=2024-07-02 19:36:00+00:00
[2024-07-02T19:36:22.893+0000] {processor.py:183} INFO - Processing /usr/local/python/3.10.13/lib/python3.10/site-packages/airflow/example_dags/example_branch_python_dop_operator_3.py took 0.082 seconds
[2024-07-02T19:37:14.497+0000] {processor.py:161} INFO - Started process (PID=18206) to work on /usr/local/python/3.10.13/lib/python3.10/site-packages/airflow/example_dags/example_branch_python_dop_operator_3.py
[2024-07-02T19:37:14.498+0000] {processor.py:830} INFO - Processing file /usr/local/python/3.10.13/lib/python3.10/site-packages/airflow/example_dags/example_branch_python_dop_operator_3.py for tasks to queue
[2024-07-02T19:37:14.499+0000] {logging_mixin.py:188} INFO - [2024-07-02T19:37:14.498+0000] {dagbag.py:545} INFO - Filling up the DagBag from /usr/local/python/3.10.13/lib/python3.10/site-packages/airflow/example_dags/example_branch_python_dop_operator_3.py
[2024-07-02T19:37:14.506+0000] {processor.py:840} INFO - DAG(s) 'example_branch_dop_operator_v3' retrieved from /usr/local/python/3.10.13/lib/python3.10/site-packages/airflow/example_dags/example_branch_python_dop_operator_3.py
[2024-07-02T19:37:14.517+0000] {logging_mixin.py:188} INFO - [2024-07-02T19:37:14.516+0000] {dag.py:3096} INFO - Sync 1 DAGs
[2024-07-02T19:37:14.535+0000] {logging_mixin.py:188} INFO - [2024-07-02T19:37:14.535+0000] {dag.py:3954} INFO - Setting next_dagrun for example_branch_dop_operator_v3 to 2024-07-02 19:36:00+00:00, run_after=2024-07-02 19:37:00+00:00
[2024-07-02T19:37:14.575+0000] {processor.py:183} INFO - Processing /usr/local/python/3.10.13/lib/python3.10/site-packages/airflow/example_dags/example_branch_python_dop_operator_3.py took 0.082 seconds
[2024-07-02T19:38:20.083+0000] {processor.py:161} INFO - Started process (PID=18690) to work on /usr/local/python/3.10.13/lib/python3.10/site-packages/airflow/example_dags/example_branch_python_dop_operator_3.py
[2024-07-02T19:38:20.083+0000] {processor.py:830} INFO - Processing file /usr/local/python/3.10.13/lib/python3.10/site-packages/airflow/example_dags/example_branch_python_dop_operator_3.py for tasks to queue
[2024-07-02T19:38:20.084+0000] {logging_mixin.py:188} INFO - [2024-07-02T19:38:20.084+0000] {dagbag.py:545} INFO - Filling up the DagBag from /usr/local/python/3.10.13/lib/python3.10/site-packages/airflow/example_dags/example_branch_python_dop_operator_3.py
[2024-07-02T19:38:20.093+0000] {processor.py:840} INFO - DAG(s) 'example_branch_dop_operator_v3' retrieved from /usr/local/python/3.10.13/lib/python3.10/site-packages/airflow/example_dags/example_branch_python_dop_operator_3.py
[2024-07-02T19:38:20.112+0000] {logging_mixin.py:188} INFO - [2024-07-02T19:38:20.111+0000] {dag.py:3096} INFO - Sync 1 DAGs
[2024-07-02T19:38:20.140+0000] {logging_mixin.py:188} INFO - [2024-07-02T19:38:20.140+0000] {dag.py:3954} INFO - Setting next_dagrun for example_branch_dop_operator_v3 to 2024-07-02 19:37:00+00:00, run_after=2024-07-02 19:38:00+00:00
[2024-07-02T19:38:20.194+0000] {processor.py:183} INFO - Processing /usr/local/python/3.10.13/lib/python3.10/site-packages/airflow/example_dags/example_branch_python_dop_operator_3.py took 0.116 seconds
[2024-07-02T19:39:25.500+0000] {processor.py:161} INFO - Started process (PID=19163) to work on /usr/local/python/3.10.13/lib/python3.10/site-packages/airflow/example_dags/example_branch_python_dop_operator_3.py
[2024-07-02T19:39:25.501+0000] {processor.py:830} INFO - Processing file /usr/local/python/3.10.13/lib/python3.10/site-packages/airflow/example_dags/example_branch_python_dop_operator_3.py for tasks to queue
[2024-07-02T19:39:25.501+0000] {logging_mixin.py:188} INFO - [2024-07-02T19:39:25.501+0000] {dagbag.py:545} INFO - Filling up the DagBag from /usr/local/python/3.10.13/lib/python3.10/site-packages/airflow/example_dags/example_branch_python_dop_operator_3.py
[2024-07-02T19:39:25.508+0000] {processor.py:840} INFO - DAG(s) 'example_branch_dop_operator_v3' retrieved from /usr/local/python/3.10.13/lib/python3.10/site-packages/airflow/example_dags/example_branch_python_dop_operator_3.py
[2024-07-02T19:39:25.519+0000] {logging_mixin.py:188} INFO - [2024-07-02T19:39:25.519+0000] {dag.py:3096} INFO - Sync 1 DAGs
[2024-07-02T19:39:25.537+0000] {logging_mixin.py:188} INFO - [2024-07-02T19:39:25.537+0000] {dag.py:3954} INFO - Setting next_dagrun for example_branch_dop_operator_v3 to 2024-07-02 19:38:00+00:00, run_after=2024-07-02 19:39:00+00:00
[2024-07-02T19:39:25.578+0000] {processor.py:183} INFO - Processing /usr/local/python/3.10.13/lib/python3.10/site-packages/airflow/example_dags/example_branch_python_dop_operator_3.py took 0.082 seconds
[2024-07-02T19:40:23.330+0000] {processor.py:161} INFO - Started process (PID=19602) to work on /usr/local/python/3.10.13/lib/python3.10/site-packages/airflow/example_dags/example_branch_python_dop_operator_3.py
[2024-07-02T19:40:23.331+0000] {processor.py:830} INFO - Processing file /usr/local/python/3.10.13/lib/python3.10/site-packages/airflow/example_dags/example_branch_python_dop_operator_3.py for tasks to queue
[2024-07-02T19:40:23.332+0000] {logging_mixin.py:188} INFO - [2024-07-02T19:40:23.332+0000] {dagbag.py:545} INFO - Filling up the DagBag from /usr/local/python/3.10.13/lib/python3.10/site-packages/airflow/example_dags/example_branch_python_dop_operator_3.py
[2024-07-02T19:40:23.344+0000] {processor.py:840} INFO - DAG(s) 'example_branch_dop_operator_v3' retrieved from /usr/local/python/3.10.13/lib/python3.10/site-packages/airflow/example_dags/example_branch_python_dop_operator_3.py
[2024-07-02T19:40:23.360+0000] {logging_mixin.py:188} INFO - [2024-07-02T19:40:23.360+0000] {dag.py:3096} INFO - Sync 1 DAGs
[2024-07-02T19:40:23.379+0000] {logging_mixin.py:188} INFO - [2024-07-02T19:40:23.379+0000] {dag.py:3954} INFO - Setting next_dagrun for example_branch_dop_operator_v3 to 2024-07-02 19:39:00+00:00, run_after=2024-07-02 19:40:00+00:00
[2024-07-02T19:40:23.423+0000] {processor.py:183} INFO - Processing /usr/local/python/3.10.13/lib/python3.10/site-packages/airflow/example_dags/example_branch_python_dop_operator_3.py took 0.100 seconds
[2024-07-02T19:41:29.769+0000] {processor.py:161} INFO - Started process (PID=20104) to work on /usr/local/python/3.10.13/lib/python3.10/site-packages/airflow/example_dags/example_branch_python_dop_operator_3.py
[2024-07-02T19:41:29.770+0000] {processor.py:830} INFO - Processing file /usr/local/python/3.10.13/lib/python3.10/site-packages/airflow/example_dags/example_branch_python_dop_operator_3.py for tasks to queue
[2024-07-02T19:41:29.770+0000] {logging_mixin.py:188} INFO - [2024-07-02T19:41:29.770+0000] {dagbag.py:545} INFO - Filling up the DagBag from /usr/local/python/3.10.13/lib/python3.10/site-packages/airflow/example_dags/example_branch_python_dop_operator_3.py
[2024-07-02T19:41:29.778+0000] {processor.py:840} INFO - DAG(s) 'example_branch_dop_operator_v3' retrieved from /usr/local/python/3.10.13/lib/python3.10/site-packages/airflow/example_dags/example_branch_python_dop_operator_3.py
[2024-07-02T19:41:29.803+0000] {logging_mixin.py:188} INFO - [2024-07-02T19:41:29.803+0000] {dag.py:3096} INFO - Sync 1 DAGs
[2024-07-02T19:41:29.825+0000] {logging_mixin.py:188} INFO - [2024-07-02T19:41:29.825+0000] {dag.py:3954} INFO - Setting next_dagrun for example_branch_dop_operator_v3 to 2024-07-02 19:40:00+00:00, run_after=2024-07-02 19:41:00+00:00
[2024-07-02T19:41:29.868+0000] {processor.py:183} INFO - Processing /usr/local/python/3.10.13/lib/python3.10/site-packages/airflow/example_dags/example_branch_python_dop_operator_3.py took 0.103 seconds
[2024-07-02T19:42:30.815+0000] {processor.py:161} INFO - Started process (PID=20571) to work on /usr/local/python/3.10.13/lib/python3.10/site-packages/airflow/example_dags/example_branch_python_dop_operator_3.py
[2024-07-02T19:42:30.815+0000] {processor.py:830} INFO - Processing file /usr/local/python/3.10.13/lib/python3.10/site-packages/airflow/example_dags/example_branch_python_dop_operator_3.py for tasks to queue
[2024-07-02T19:42:30.816+0000] {logging_mixin.py:188} INFO - [2024-07-02T19:42:30.816+0000] {dagbag.py:545} INFO - Filling up the DagBag from /usr/local/python/3.10.13/lib/python3.10/site-packages/airflow/example_dags/example_branch_python_dop_operator_3.py
[2024-07-02T19:42:30.824+0000] {processor.py:840} INFO - DAG(s) 'example_branch_dop_operator_v3' retrieved from /usr/local/python/3.10.13/lib/python3.10/site-packages/airflow/example_dags/example_branch_python_dop_operator_3.py
[2024-07-02T19:42:30.835+0000] {logging_mixin.py:188} INFO - [2024-07-02T19:42:30.834+0000] {dag.py:3096} INFO - Sync 1 DAGs
[2024-07-02T19:42:30.853+0000] {logging_mixin.py:188} INFO - [2024-07-02T19:42:30.852+0000] {dag.py:3954} INFO - Setting next_dagrun for example_branch_dop_operator_v3 to 2024-07-02 19:41:00+00:00, run_after=2024-07-02 19:42:00+00:00
[2024-07-02T19:42:30.895+0000] {processor.py:183} INFO - Processing /usr/local/python/3.10.13/lib/python3.10/site-packages/airflow/example_dags/example_branch_python_dop_operator_3.py took 0.084 seconds
[2024-07-02T19:43:50.370+0000] {processor.py:161} INFO - Started process (PID=21235) to work on /usr/local/python/3.10.13/lib/python3.10/site-packages/airflow/example_dags/example_branch_python_dop_operator_3.py
[2024-07-02T19:43:50.371+0000] {processor.py:830} INFO - Processing file /usr/local/python/3.10.13/lib/python3.10/site-packages/airflow/example_dags/example_branch_python_dop_operator_3.py for tasks to queue
[2024-07-02T19:43:50.372+0000] {logging_mixin.py:188} INFO - [2024-07-02T19:43:50.371+0000] {dagbag.py:545} INFO - Filling up the DagBag from /usr/local/python/3.10.13/lib/python3.10/site-packages/airflow/example_dags/example_branch_python_dop_operator_3.py
[2024-07-02T19:43:50.379+0000] {processor.py:840} INFO - DAG(s) 'example_branch_dop_operator_v3' retrieved from /usr/local/python/3.10.13/lib/python3.10/site-packages/airflow/example_dags/example_branch_python_dop_operator_3.py
[2024-07-02T19:43:50.392+0000] {logging_mixin.py:188} INFO - [2024-07-02T19:43:50.391+0000] {dag.py:3096} INFO - Sync 1 DAGs
[2024-07-02T19:43:50.416+0000] {logging_mixin.py:188} INFO - [2024-07-02T19:43:50.416+0000] {dag.py:3954} INFO - Setting next_dagrun for example_branch_dop_operator_v3 to 2024-07-02 19:42:00+00:00, run_after=2024-07-02 19:43:00+00:00
[2024-07-02T19:43:50.467+0000] {processor.py:183} INFO - Processing /usr/local/python/3.10.13/lib/python3.10/site-packages/airflow/example_dags/example_branch_python_dop_operator_3.py took 0.101 seconds
[2024-07-02T19:44:56.908+0000] {processor.py:161} INFO - Started process (PID=21747) to work on /usr/local/python/3.10.13/lib/python3.10/site-packages/airflow/example_dags/example_branch_python_dop_operator_3.py
[2024-07-02T19:44:56.909+0000] {processor.py:830} INFO - Processing file /usr/local/python/3.10.13/lib/python3.10/site-packages/airflow/example_dags/example_branch_python_dop_operator_3.py for tasks to queue
[2024-07-02T19:44:56.909+0000] {logging_mixin.py:188} INFO - [2024-07-02T19:44:56.909+0000] {dagbag.py:545} INFO - Filling up the DagBag from /usr/local/python/3.10.13/lib/python3.10/site-packages/airflow/example_dags/example_branch_python_dop_operator_3.py
[2024-07-02T19:44:56.916+0000] {processor.py:840} INFO - DAG(s) 'example_branch_dop_operator_v3' retrieved from /usr/local/python/3.10.13/lib/python3.10/site-packages/airflow/example_dags/example_branch_python_dop_operator_3.py
[2024-07-02T19:44:56.928+0000] {logging_mixin.py:188} INFO - [2024-07-02T19:44:56.928+0000] {dag.py:3096} INFO - Sync 1 DAGs
[2024-07-02T19:44:56.946+0000] {logging_mixin.py:188} INFO - [2024-07-02T19:44:56.946+0000] {dag.py:3954} INFO - Setting next_dagrun for example_branch_dop_operator_v3 to 2024-07-02 19:43:00+00:00, run_after=2024-07-02 19:44:00+00:00
[2024-07-02T19:44:56.986+0000] {processor.py:183} INFO - Processing /usr/local/python/3.10.13/lib/python3.10/site-packages/airflow/example_dags/example_branch_python_dop_operator_3.py took 0.083 seconds
[2024-07-02T19:45:58.730+0000] {processor.py:161} INFO - Started process (PID=22182) to work on /usr/local/python/3.10.13/lib/python3.10/site-packages/airflow/example_dags/example_branch_python_dop_operator_3.py
[2024-07-02T19:45:58.730+0000] {processor.py:830} INFO - Processing file /usr/local/python/3.10.13/lib/python3.10/site-packages/airflow/example_dags/example_branch_python_dop_operator_3.py for tasks to queue
[2024-07-02T19:45:58.731+0000] {logging_mixin.py:188} INFO - [2024-07-02T19:45:58.731+0000] {dagbag.py:545} INFO - Filling up the DagBag from /usr/local/python/3.10.13/lib/python3.10/site-packages/airflow/example_dags/example_branch_python_dop_operator_3.py
[2024-07-02T19:45:58.738+0000] {processor.py:840} INFO - DAG(s) 'example_branch_dop_operator_v3' retrieved from /usr/local/python/3.10.13/lib/python3.10/site-packages/airflow/example_dags/example_branch_python_dop_operator_3.py
[2024-07-02T19:45:58.749+0000] {logging_mixin.py:188} INFO - [2024-07-02T19:45:58.749+0000] {dag.py:3096} INFO - Sync 1 DAGs
[2024-07-02T19:45:58.767+0000] {logging_mixin.py:188} INFO - [2024-07-02T19:45:58.767+0000] {dag.py:3954} INFO - Setting next_dagrun for example_branch_dop_operator_v3 to 2024-07-02 19:44:00+00:00, run_after=2024-07-02 19:45:00+00:00
[2024-07-02T19:45:58.808+0000] {processor.py:183} INFO - Processing /usr/local/python/3.10.13/lib/python3.10/site-packages/airflow/example_dags/example_branch_python_dop_operator_3.py took 0.083 seconds
[2024-07-02T19:47:07.573+0000] {processor.py:161} INFO - Started process (PID=22667) to work on /usr/local/python/3.10.13/lib/python3.10/site-packages/airflow/example_dags/example_branch_python_dop_operator_3.py
[2024-07-02T19:47:07.574+0000] {processor.py:830} INFO - Processing file /usr/local/python/3.10.13/lib/python3.10/site-packages/airflow/example_dags/example_branch_python_dop_operator_3.py for tasks to queue
[2024-07-02T19:47:07.574+0000] {logging_mixin.py:188} INFO - [2024-07-02T19:47:07.574+0000] {dagbag.py:545} INFO - Filling up the DagBag from /usr/local/python/3.10.13/lib/python3.10/site-packages/airflow/example_dags/example_branch_python_dop_operator_3.py
[2024-07-02T19:47:07.581+0000] {processor.py:840} INFO - DAG(s) 'example_branch_dop_operator_v3' retrieved from /usr/local/python/3.10.13/lib/python3.10/site-packages/airflow/example_dags/example_branch_python_dop_operator_3.py
[2024-07-02T19:47:07.593+0000] {logging_mixin.py:188} INFO - [2024-07-02T19:47:07.592+0000] {dag.py:3096} INFO - Sync 1 DAGs
[2024-07-02T19:47:07.610+0000] {logging_mixin.py:188} INFO - [2024-07-02T19:47:07.610+0000] {dag.py:3954} INFO - Setting next_dagrun for example_branch_dop_operator_v3 to 2024-07-02 19:46:00+00:00, run_after=2024-07-02 19:47:00+00:00
[2024-07-02T19:47:07.652+0000] {processor.py:183} INFO - Processing /usr/local/python/3.10.13/lib/python3.10/site-packages/airflow/example_dags/example_branch_python_dop_operator_3.py took 0.083 seconds
[2024-07-02T19:48:12.437+0000] {processor.py:161} INFO - Started process (PID=23113) to work on /usr/local/python/3.10.13/lib/python3.10/site-packages/airflow/example_dags/example_branch_python_dop_operator_3.py
[2024-07-02T19:48:12.437+0000] {processor.py:830} INFO - Processing file /usr/local/python/3.10.13/lib/python3.10/site-packages/airflow/example_dags/example_branch_python_dop_operator_3.py for tasks to queue
[2024-07-02T19:48:12.438+0000] {logging_mixin.py:188} INFO - [2024-07-02T19:48:12.438+0000] {dagbag.py:545} INFO - Filling up the DagBag from /usr/local/python/3.10.13/lib/python3.10/site-packages/airflow/example_dags/example_branch_python_dop_operator_3.py
[2024-07-02T19:48:12.445+0000] {processor.py:840} INFO - DAG(s) 'example_branch_dop_operator_v3' retrieved from /usr/local/python/3.10.13/lib/python3.10/site-packages/airflow/example_dags/example_branch_python_dop_operator_3.py
[2024-07-02T19:48:12.457+0000] {logging_mixin.py:188} INFO - [2024-07-02T19:48:12.457+0000] {dag.py:3096} INFO - Sync 1 DAGs
[2024-07-02T19:48:12.475+0000] {logging_mixin.py:188} INFO - [2024-07-02T19:48:12.474+0000] {dag.py:3954} INFO - Setting next_dagrun for example_branch_dop_operator_v3 to 2024-07-02 19:47:00+00:00, run_after=2024-07-02 19:48:00+00:00
[2024-07-02T19:48:12.516+0000] {processor.py:183} INFO - Processing /usr/local/python/3.10.13/lib/python3.10/site-packages/airflow/example_dags/example_branch_python_dop_operator_3.py took 0.083 seconds
[2024-07-02T19:49:17.441+0000] {processor.py:161} INFO - Started process (PID=23593) to work on /usr/local/python/3.10.13/lib/python3.10/site-packages/airflow/example_dags/example_branch_python_dop_operator_3.py
[2024-07-02T19:49:17.442+0000] {processor.py:830} INFO - Processing file /usr/local/python/3.10.13/lib/python3.10/site-packages/airflow/example_dags/example_branch_python_dop_operator_3.py for tasks to queue
[2024-07-02T19:49:17.442+0000] {logging_mixin.py:188} INFO - [2024-07-02T19:49:17.442+0000] {dagbag.py:545} INFO - Filling up the DagBag from /usr/local/python/3.10.13/lib/python3.10/site-packages/airflow/example_dags/example_branch_python_dop_operator_3.py
[2024-07-02T19:49:17.449+0000] {processor.py:840} INFO - DAG(s) 'example_branch_dop_operator_v3' retrieved from /usr/local/python/3.10.13/lib/python3.10/site-packages/airflow/example_dags/example_branch_python_dop_operator_3.py
[2024-07-02T19:49:17.460+0000] {logging_mixin.py:188} INFO - [2024-07-02T19:49:17.460+0000] {dag.py:3096} INFO - Sync 1 DAGs
[2024-07-02T19:49:17.478+0000] {logging_mixin.py:188} INFO - [2024-07-02T19:49:17.478+0000] {dag.py:3954} INFO - Setting next_dagrun for example_branch_dop_operator_v3 to 2024-07-02 19:48:00+00:00, run_after=2024-07-02 19:49:00+00:00
[2024-07-02T19:49:17.518+0000] {processor.py:183} INFO - Processing /usr/local/python/3.10.13/lib/python3.10/site-packages/airflow/example_dags/example_branch_python_dop_operator_3.py took 0.082 seconds
[2024-07-02T19:50:24.324+0000] {processor.py:161} INFO - Started process (PID=24107) to work on /usr/local/python/3.10.13/lib/python3.10/site-packages/airflow/example_dags/example_branch_python_dop_operator_3.py
[2024-07-02T19:50:24.325+0000] {processor.py:830} INFO - Processing file /usr/local/python/3.10.13/lib/python3.10/site-packages/airflow/example_dags/example_branch_python_dop_operator_3.py for tasks to queue
[2024-07-02T19:50:24.326+0000] {logging_mixin.py:188} INFO - [2024-07-02T19:50:24.326+0000] {dagbag.py:545} INFO - Filling up the DagBag from /usr/local/python/3.10.13/lib/python3.10/site-packages/airflow/example_dags/example_branch_python_dop_operator_3.py
[2024-07-02T19:50:24.337+0000] {processor.py:840} INFO - DAG(s) 'example_branch_dop_operator_v3' retrieved from /usr/local/python/3.10.13/lib/python3.10/site-packages/airflow/example_dags/example_branch_python_dop_operator_3.py
[2024-07-02T19:50:24.354+0000] {logging_mixin.py:188} INFO - [2024-07-02T19:50:24.354+0000] {dag.py:3096} INFO - Sync 1 DAGs
[2024-07-02T19:50:24.377+0000] {logging_mixin.py:188} INFO - [2024-07-02T19:50:24.377+0000] {dag.py:3954} INFO - Setting next_dagrun for example_branch_dop_operator_v3 to 2024-07-02 19:49:00+00:00, run_after=2024-07-02 19:50:00+00:00
[2024-07-02T19:50:24.420+0000] {processor.py:183} INFO - Processing /usr/local/python/3.10.13/lib/python3.10/site-packages/airflow/example_dags/example_branch_python_dop_operator_3.py took 0.101 seconds
[2024-07-02T19:51:31.994+0000] {processor.py:161} INFO - Started process (PID=24632) to work on /usr/local/python/3.10.13/lib/python3.10/site-packages/airflow/example_dags/example_branch_python_dop_operator_3.py
[2024-07-02T19:51:31.995+0000] {processor.py:830} INFO - Processing file /usr/local/python/3.10.13/lib/python3.10/site-packages/airflow/example_dags/example_branch_python_dop_operator_3.py for tasks to queue
[2024-07-02T19:51:31.995+0000] {logging_mixin.py:188} INFO - [2024-07-02T19:51:31.995+0000] {dagbag.py:545} INFO - Filling up the DagBag from /usr/local/python/3.10.13/lib/python3.10/site-packages/airflow/example_dags/example_branch_python_dop_operator_3.py
[2024-07-02T19:51:32.002+0000] {processor.py:840} INFO - DAG(s) 'example_branch_dop_operator_v3' retrieved from /usr/local/python/3.10.13/lib/python3.10/site-packages/airflow/example_dags/example_branch_python_dop_operator_3.py
[2024-07-02T19:51:32.013+0000] {logging_mixin.py:188} INFO - [2024-07-02T19:51:32.013+0000] {dag.py:3096} INFO - Sync 1 DAGs
[2024-07-02T19:51:32.031+0000] {logging_mixin.py:188} INFO - [2024-07-02T19:51:32.031+0000] {dag.py:3954} INFO - Setting next_dagrun for example_branch_dop_operator_v3 to 2024-07-02 19:50:00+00:00, run_after=2024-07-02 19:51:00+00:00
[2024-07-02T19:51:32.071+0000] {processor.py:183} INFO - Processing /usr/local/python/3.10.13/lib/python3.10/site-packages/airflow/example_dags/example_branch_python_dop_operator_3.py took 0.082 seconds
[2024-07-02T19:52:38.065+0000] {processor.py:161} INFO - Started process (PID=25121) to work on /usr/local/python/3.10.13/lib/python3.10/site-packages/airflow/example_dags/example_branch_python_dop_operator_3.py
[2024-07-02T19:52:38.066+0000] {processor.py:830} INFO - Processing file /usr/local/python/3.10.13/lib/python3.10/site-packages/airflow/example_dags/example_branch_python_dop_operator_3.py for tasks to queue
[2024-07-02T19:52:38.066+0000] {logging_mixin.py:188} INFO - [2024-07-02T19:52:38.066+0000] {dagbag.py:545} INFO - Filling up the DagBag from /usr/local/python/3.10.13/lib/python3.10/site-packages/airflow/example_dags/example_branch_python_dop_operator_3.py
[2024-07-02T19:52:38.073+0000] {processor.py:840} INFO - DAG(s) 'example_branch_dop_operator_v3' retrieved from /usr/local/python/3.10.13/lib/python3.10/site-packages/airflow/example_dags/example_branch_python_dop_operator_3.py
[2024-07-02T19:52:38.084+0000] {logging_mixin.py:188} INFO - [2024-07-02T19:52:38.084+0000] {dag.py:3096} INFO - Sync 1 DAGs
[2024-07-02T19:52:38.102+0000] {logging_mixin.py:188} INFO - [2024-07-02T19:52:38.102+0000] {dag.py:3954} INFO - Setting next_dagrun for example_branch_dop_operator_v3 to 2024-07-02 19:51:00+00:00, run_after=2024-07-02 19:52:00+00:00
[2024-07-02T19:52:38.157+0000] {processor.py:183} INFO - Processing /usr/local/python/3.10.13/lib/python3.10/site-packages/airflow/example_dags/example_branch_python_dop_operator_3.py took 0.097 seconds
[2024-07-02T19:53:44.901+0000] {processor.py:161} INFO - Started process (PID=25637) to work on /usr/local/python/3.10.13/lib/python3.10/site-packages/airflow/example_dags/example_branch_python_dop_operator_3.py
[2024-07-02T19:53:44.902+0000] {processor.py:830} INFO - Processing file /usr/local/python/3.10.13/lib/python3.10/site-packages/airflow/example_dags/example_branch_python_dop_operator_3.py for tasks to queue
[2024-07-02T19:53:44.902+0000] {logging_mixin.py:188} INFO - [2024-07-02T19:53:44.902+0000] {dagbag.py:545} INFO - Filling up the DagBag from /usr/local/python/3.10.13/lib/python3.10/site-packages/airflow/example_dags/example_branch_python_dop_operator_3.py
[2024-07-02T19:53:44.910+0000] {processor.py:840} INFO - DAG(s) 'example_branch_dop_operator_v3' retrieved from /usr/local/python/3.10.13/lib/python3.10/site-packages/airflow/example_dags/example_branch_python_dop_operator_3.py
[2024-07-02T19:53:44.921+0000] {logging_mixin.py:188} INFO - [2024-07-02T19:53:44.921+0000] {dag.py:3096} INFO - Sync 1 DAGs
[2024-07-02T19:53:44.939+0000] {logging_mixin.py:188} INFO - [2024-07-02T19:53:44.938+0000] {dag.py:3954} INFO - Setting next_dagrun for example_branch_dop_operator_v3 to 2024-07-02 19:52:00+00:00, run_after=2024-07-02 19:53:00+00:00
[2024-07-02T19:53:44.980+0000] {processor.py:183} INFO - Processing /usr/local/python/3.10.13/lib/python3.10/site-packages/airflow/example_dags/example_branch_python_dop_operator_3.py took 0.086 seconds
[2024-07-02T19:54:49.352+0000] {processor.py:161} INFO - Started process (PID=26122) to work on /usr/local/python/3.10.13/lib/python3.10/site-packages/airflow/example_dags/example_branch_python_dop_operator_3.py
[2024-07-02T19:54:49.353+0000] {processor.py:830} INFO - Processing file /usr/local/python/3.10.13/lib/python3.10/site-packages/airflow/example_dags/example_branch_python_dop_operator_3.py for tasks to queue
[2024-07-02T19:54:49.353+0000] {logging_mixin.py:188} INFO - [2024-07-02T19:54:49.353+0000] {dagbag.py:545} INFO - Filling up the DagBag from /usr/local/python/3.10.13/lib/python3.10/site-packages/airflow/example_dags/example_branch_python_dop_operator_3.py
[2024-07-02T19:54:49.360+0000] {processor.py:840} INFO - DAG(s) 'example_branch_dop_operator_v3' retrieved from /usr/local/python/3.10.13/lib/python3.10/site-packages/airflow/example_dags/example_branch_python_dop_operator_3.py
[2024-07-02T19:54:49.372+0000] {logging_mixin.py:188} INFO - [2024-07-02T19:54:49.371+0000] {dag.py:3096} INFO - Sync 1 DAGs
[2024-07-02T19:54:49.389+0000] {logging_mixin.py:188} INFO - [2024-07-02T19:54:49.389+0000] {dag.py:3954} INFO - Setting next_dagrun for example_branch_dop_operator_v3 to 2024-07-02 19:53:00+00:00, run_after=2024-07-02 19:54:00+00:00
[2024-07-02T19:54:49.430+0000] {processor.py:183} INFO - Processing /usr/local/python/3.10.13/lib/python3.10/site-packages/airflow/example_dags/example_branch_python_dop_operator_3.py took 0.082 seconds
[2024-07-02T19:55:57.298+0000] {processor.py:161} INFO - Started process (PID=26647) to work on /usr/local/python/3.10.13/lib/python3.10/site-packages/airflow/example_dags/example_branch_python_dop_operator_3.py
[2024-07-02T19:55:57.299+0000] {processor.py:830} INFO - Processing file /usr/local/python/3.10.13/lib/python3.10/site-packages/airflow/example_dags/example_branch_python_dop_operator_3.py for tasks to queue
[2024-07-02T19:55:57.300+0000] {logging_mixin.py:188} INFO - [2024-07-02T19:55:57.300+0000] {dagbag.py:545} INFO - Filling up the DagBag from /usr/local/python/3.10.13/lib/python3.10/site-packages/airflow/example_dags/example_branch_python_dop_operator_3.py
[2024-07-02T19:55:57.307+0000] {processor.py:840} INFO - DAG(s) 'example_branch_dop_operator_v3' retrieved from /usr/local/python/3.10.13/lib/python3.10/site-packages/airflow/example_dags/example_branch_python_dop_operator_3.py
[2024-07-02T19:55:57.319+0000] {logging_mixin.py:188} INFO - [2024-07-02T19:55:57.319+0000] {dag.py:3096} INFO - Sync 1 DAGs
[2024-07-02T19:55:57.338+0000] {logging_mixin.py:188} INFO - [2024-07-02T19:55:57.338+0000] {dag.py:3954} INFO - Setting next_dagrun for example_branch_dop_operator_v3 to 2024-07-02 19:54:00+00:00, run_after=2024-07-02 19:55:00+00:00
[2024-07-02T19:55:57.380+0000] {processor.py:183} INFO - Processing /usr/local/python/3.10.13/lib/python3.10/site-packages/airflow/example_dags/example_branch_python_dop_operator_3.py took 0.086 seconds
[2024-07-02T19:57:13.659+0000] {processor.py:161} INFO - Started process (PID=27336) to work on /usr/local/python/3.10.13/lib/python3.10/site-packages/airflow/example_dags/example_branch_python_dop_operator_3.py
[2024-07-02T19:57:13.660+0000] {processor.py:830} INFO - Processing file /usr/local/python/3.10.13/lib/python3.10/site-packages/airflow/example_dags/example_branch_python_dop_operator_3.py for tasks to queue
[2024-07-02T19:57:13.661+0000] {logging_mixin.py:188} INFO - [2024-07-02T19:57:13.660+0000] {dagbag.py:545} INFO - Filling up the DagBag from /usr/local/python/3.10.13/lib/python3.10/site-packages/airflow/example_dags/example_branch_python_dop_operator_3.py
[2024-07-02T19:57:13.669+0000] {processor.py:840} INFO - DAG(s) 'example_branch_dop_operator_v3' retrieved from /usr/local/python/3.10.13/lib/python3.10/site-packages/airflow/example_dags/example_branch_python_dop_operator_3.py
[2024-07-02T19:57:13.680+0000] {logging_mixin.py:188} INFO - [2024-07-02T19:57:13.680+0000] {dag.py:3096} INFO - Sync 1 DAGs
[2024-07-02T19:57:13.698+0000] {logging_mixin.py:188} INFO - [2024-07-02T19:57:13.698+0000] {dag.py:3954} INFO - Setting next_dagrun for example_branch_dop_operator_v3 to 2024-07-02 19:56:00+00:00, run_after=2024-07-02 19:57:00+00:00
[2024-07-02T19:57:13.740+0000] {processor.py:183} INFO - Processing /usr/local/python/3.10.13/lib/python3.10/site-packages/airflow/example_dags/example_branch_python_dop_operator_3.py took 0.085 seconds
