[2024-07-02T19:10:42.260+0000] {processor.py:161} INFO - Started process (PID=5737) to work on /usr/local/python/3.10.13/lib/python3.10/site-packages/airflow/example_dags/example_task_group_decorator.py
[2024-07-02T19:10:42.261+0000] {processor.py:830} INFO - Processing file /usr/local/python/3.10.13/lib/python3.10/site-packages/airflow/example_dags/example_task_group_decorator.py for tasks to queue
[2024-07-02T19:10:42.263+0000] {logging_mixin.py:188} INFO - [2024-07-02T19:10:42.262+0000] {dagbag.py:545} INFO - Filling up the DagBag from /usr/local/python/3.10.13/lib/python3.10/site-packages/airflow/example_dags/example_task_group_decorator.py
[2024-07-02T19:10:42.283+0000] {processor.py:840} INFO - DAG(s) 'example_task_group_decorator' retrieved from /usr/local/python/3.10.13/lib/python3.10/site-packages/airflow/example_dags/example_task_group_decorator.py
[2024-07-02T19:10:42.517+0000] {logging_mixin.py:188} INFO - [2024-07-02T19:10:42.516+0000] {override.py:1829} INFO - Created Permission View: can edit on DAG:example_task_group_decorator
[2024-07-02T19:10:42.550+0000] {logging_mixin.py:188} INFO - [2024-07-02T19:10:42.549+0000] {override.py:1829} INFO - Created Permission View: can read on DAG:example_task_group_decorator
[2024-07-02T19:10:42.580+0000] {logging_mixin.py:188} INFO - [2024-07-02T19:10:42.579+0000] {override.py:1829} INFO - Created Permission View: can delete on DAG:example_task_group_decorator
[2024-07-02T19:10:42.580+0000] {logging_mixin.py:188} INFO - [2024-07-02T19:10:42.580+0000] {dag.py:3096} INFO - Sync 1 DAGs
[2024-07-02T19:10:42.588+0000] {logging_mixin.py:188} INFO - [2024-07-02T19:10:42.588+0000] {dag.py:3118} INFO - Creating ORM DAG for example_task_group_decorator
[2024-07-02T19:10:42.594+0000] {logging_mixin.py:188} INFO - [2024-07-02T19:10:42.594+0000] {dag.py:3954} INFO - Setting next_dagrun for example_task_group_decorator to 2024-07-01 00:00:00+00:00, run_after=2024-07-02 00:00:00+00:00
[2024-07-02T19:10:42.637+0000] {processor.py:183} INFO - Processing /usr/local/python/3.10.13/lib/python3.10/site-packages/airflow/example_dags/example_task_group_decorator.py took 0.383 seconds
[2024-07-02T19:11:41.136+0000] {processor.py:161} INFO - Started process (PID=6162) to work on /usr/local/python/3.10.13/lib/python3.10/site-packages/airflow/example_dags/example_task_group_decorator.py
[2024-07-02T19:11:41.137+0000] {processor.py:830} INFO - Processing file /usr/local/python/3.10.13/lib/python3.10/site-packages/airflow/example_dags/example_task_group_decorator.py for tasks to queue
[2024-07-02T19:11:41.138+0000] {logging_mixin.py:188} INFO - [2024-07-02T19:11:41.138+0000] {dagbag.py:545} INFO - Filling up the DagBag from /usr/local/python/3.10.13/lib/python3.10/site-packages/airflow/example_dags/example_task_group_decorator.py
[2024-07-02T19:11:41.150+0000] {processor.py:840} INFO - DAG(s) 'example_task_group_decorator' retrieved from /usr/local/python/3.10.13/lib/python3.10/site-packages/airflow/example_dags/example_task_group_decorator.py
[2024-07-02T19:11:41.166+0000] {logging_mixin.py:188} INFO - [2024-07-02T19:11:41.165+0000] {dag.py:3096} INFO - Sync 1 DAGs
[2024-07-02T19:11:41.181+0000] {logging_mixin.py:188} INFO - [2024-07-02T19:11:41.181+0000] {dag.py:3954} INFO - Setting next_dagrun for example_task_group_decorator to 2024-07-01 00:00:00+00:00, run_after=2024-07-02 00:00:00+00:00
[2024-07-02T19:11:41.221+0000] {processor.py:183} INFO - Processing /usr/local/python/3.10.13/lib/python3.10/site-packages/airflow/example_dags/example_task_group_decorator.py took 0.090 seconds
[2024-07-02T19:12:31.842+0000] {processor.py:161} INFO - Started process (PID=6550) to work on /usr/local/python/3.10.13/lib/python3.10/site-packages/airflow/example_dags/example_task_group_decorator.py
[2024-07-02T19:12:31.843+0000] {processor.py:830} INFO - Processing file /usr/local/python/3.10.13/lib/python3.10/site-packages/airflow/example_dags/example_task_group_decorator.py for tasks to queue
[2024-07-02T19:12:31.844+0000] {logging_mixin.py:188} INFO - [2024-07-02T19:12:31.844+0000] {dagbag.py:545} INFO - Filling up the DagBag from /usr/local/python/3.10.13/lib/python3.10/site-packages/airflow/example_dags/example_task_group_decorator.py
[2024-07-02T19:12:31.857+0000] {processor.py:840} INFO - DAG(s) 'example_task_group_decorator' retrieved from /usr/local/python/3.10.13/lib/python3.10/site-packages/airflow/example_dags/example_task_group_decorator.py
[2024-07-02T19:12:31.873+0000] {logging_mixin.py:188} INFO - [2024-07-02T19:12:31.873+0000] {dag.py:3096} INFO - Sync 1 DAGs
[2024-07-02T19:12:31.887+0000] {logging_mixin.py:188} INFO - [2024-07-02T19:12:31.887+0000] {dag.py:3954} INFO - Setting next_dagrun for example_task_group_decorator to 2024-07-01 00:00:00+00:00, run_after=2024-07-02 00:00:00+00:00
[2024-07-02T19:12:31.928+0000] {processor.py:183} INFO - Processing /usr/local/python/3.10.13/lib/python3.10/site-packages/airflow/example_dags/example_task_group_decorator.py took 0.090 seconds
[2024-07-02T19:13:21.165+0000] {processor.py:161} INFO - Started process (PID=6928) to work on /usr/local/python/3.10.13/lib/python3.10/site-packages/airflow/example_dags/example_task_group_decorator.py
[2024-07-02T19:13:21.166+0000] {processor.py:830} INFO - Processing file /usr/local/python/3.10.13/lib/python3.10/site-packages/airflow/example_dags/example_task_group_decorator.py for tasks to queue
[2024-07-02T19:13:21.167+0000] {logging_mixin.py:188} INFO - [2024-07-02T19:13:21.166+0000] {dagbag.py:545} INFO - Filling up the DagBag from /usr/local/python/3.10.13/lib/python3.10/site-packages/airflow/example_dags/example_task_group_decorator.py
[2024-07-02T19:13:21.178+0000] {processor.py:840} INFO - DAG(s) 'example_task_group_decorator' retrieved from /usr/local/python/3.10.13/lib/python3.10/site-packages/airflow/example_dags/example_task_group_decorator.py
[2024-07-02T19:13:21.194+0000] {logging_mixin.py:188} INFO - [2024-07-02T19:13:21.194+0000] {dag.py:3096} INFO - Sync 1 DAGs
[2024-07-02T19:13:21.208+0000] {logging_mixin.py:188} INFO - [2024-07-02T19:13:21.208+0000] {dag.py:3954} INFO - Setting next_dagrun for example_task_group_decorator to 2024-07-01 00:00:00+00:00, run_after=2024-07-02 00:00:00+00:00
[2024-07-02T19:13:21.250+0000] {processor.py:183} INFO - Processing /usr/local/python/3.10.13/lib/python3.10/site-packages/airflow/example_dags/example_task_group_decorator.py took 0.089 seconds
[2024-07-02T19:14:22.012+0000] {processor.py:161} INFO - Started process (PID=7397) to work on /usr/local/python/3.10.13/lib/python3.10/site-packages/airflow/example_dags/example_task_group_decorator.py
[2024-07-02T19:14:22.013+0000] {processor.py:830} INFO - Processing file /usr/local/python/3.10.13/lib/python3.10/site-packages/airflow/example_dags/example_task_group_decorator.py for tasks to queue
[2024-07-02T19:14:22.014+0000] {logging_mixin.py:188} INFO - [2024-07-02T19:14:22.014+0000] {dagbag.py:545} INFO - Filling up the DagBag from /usr/local/python/3.10.13/lib/python3.10/site-packages/airflow/example_dags/example_task_group_decorator.py
[2024-07-02T19:14:22.028+0000] {processor.py:840} INFO - DAG(s) 'example_task_group_decorator' retrieved from /usr/local/python/3.10.13/lib/python3.10/site-packages/airflow/example_dags/example_task_group_decorator.py
[2024-07-02T19:14:22.044+0000] {logging_mixin.py:188} INFO - [2024-07-02T19:14:22.044+0000] {dag.py:3096} INFO - Sync 1 DAGs
[2024-07-02T19:14:22.058+0000] {logging_mixin.py:188} INFO - [2024-07-02T19:14:22.058+0000] {dag.py:3954} INFO - Setting next_dagrun for example_task_group_decorator to 2024-07-01 00:00:00+00:00, run_after=2024-07-02 00:00:00+00:00
[2024-07-02T19:14:22.100+0000] {processor.py:183} INFO - Processing /usr/local/python/3.10.13/lib/python3.10/site-packages/airflow/example_dags/example_task_group_decorator.py took 0.096 seconds
[2024-07-02T19:15:25.585+0000] {processor.py:161} INFO - Started process (PID=7877) to work on /usr/local/python/3.10.13/lib/python3.10/site-packages/airflow/example_dags/example_task_group_decorator.py
[2024-07-02T19:15:25.586+0000] {processor.py:830} INFO - Processing file /usr/local/python/3.10.13/lib/python3.10/site-packages/airflow/example_dags/example_task_group_decorator.py for tasks to queue
[2024-07-02T19:15:25.586+0000] {logging_mixin.py:188} INFO - [2024-07-02T19:15:25.586+0000] {dagbag.py:545} INFO - Filling up the DagBag from /usr/local/python/3.10.13/lib/python3.10/site-packages/airflow/example_dags/example_task_group_decorator.py
[2024-07-02T19:15:25.598+0000] {processor.py:840} INFO - DAG(s) 'example_task_group_decorator' retrieved from /usr/local/python/3.10.13/lib/python3.10/site-packages/airflow/example_dags/example_task_group_decorator.py
[2024-07-02T19:15:25.614+0000] {logging_mixin.py:188} INFO - [2024-07-02T19:15:25.614+0000] {dag.py:3096} INFO - Sync 1 DAGs
[2024-07-02T19:15:25.629+0000] {logging_mixin.py:188} INFO - [2024-07-02T19:15:25.628+0000] {dag.py:3954} INFO - Setting next_dagrun for example_task_group_decorator to 2024-07-01 00:00:00+00:00, run_after=2024-07-02 00:00:00+00:00
[2024-07-02T19:15:25.668+0000] {processor.py:183} INFO - Processing /usr/local/python/3.10.13/lib/python3.10/site-packages/airflow/example_dags/example_task_group_decorator.py took 0.088 seconds
[2024-07-02T19:16:28.129+0000] {processor.py:161} INFO - Started process (PID=8367) to work on /usr/local/python/3.10.13/lib/python3.10/site-packages/airflow/example_dags/example_task_group_decorator.py
[2024-07-02T19:16:28.130+0000] {processor.py:830} INFO - Processing file /usr/local/python/3.10.13/lib/python3.10/site-packages/airflow/example_dags/example_task_group_decorator.py for tasks to queue
[2024-07-02T19:16:28.130+0000] {logging_mixin.py:188} INFO - [2024-07-02T19:16:28.130+0000] {dagbag.py:545} INFO - Filling up the DagBag from /usr/local/python/3.10.13/lib/python3.10/site-packages/airflow/example_dags/example_task_group_decorator.py
[2024-07-02T19:16:28.143+0000] {processor.py:840} INFO - DAG(s) 'example_task_group_decorator' retrieved from /usr/local/python/3.10.13/lib/python3.10/site-packages/airflow/example_dags/example_task_group_decorator.py
[2024-07-02T19:16:28.158+0000] {logging_mixin.py:188} INFO - [2024-07-02T19:16:28.158+0000] {dag.py:3096} INFO - Sync 1 DAGs
[2024-07-02T19:16:28.172+0000] {logging_mixin.py:188} INFO - [2024-07-02T19:16:28.172+0000] {dag.py:3954} INFO - Setting next_dagrun for example_task_group_decorator to 2024-07-01 00:00:00+00:00, run_after=2024-07-02 00:00:00+00:00
[2024-07-02T19:16:28.216+0000] {processor.py:183} INFO - Processing /usr/local/python/3.10.13/lib/python3.10/site-packages/airflow/example_dags/example_task_group_decorator.py took 0.092 seconds
[2024-07-02T19:17:14.214+0000] {processor.py:161} INFO - Started process (PID=8704) to work on /usr/local/python/3.10.13/lib/python3.10/site-packages/airflow/example_dags/example_task_group_decorator.py
[2024-07-02T19:17:14.215+0000] {processor.py:830} INFO - Processing file /usr/local/python/3.10.13/lib/python3.10/site-packages/airflow/example_dags/example_task_group_decorator.py for tasks to queue
[2024-07-02T19:17:14.216+0000] {logging_mixin.py:188} INFO - [2024-07-02T19:17:14.215+0000] {dagbag.py:545} INFO - Filling up the DagBag from /usr/local/python/3.10.13/lib/python3.10/site-packages/airflow/example_dags/example_task_group_decorator.py
[2024-07-02T19:17:14.228+0000] {processor.py:840} INFO - DAG(s) 'example_task_group_decorator' retrieved from /usr/local/python/3.10.13/lib/python3.10/site-packages/airflow/example_dags/example_task_group_decorator.py
[2024-07-02T19:17:14.244+0000] {logging_mixin.py:188} INFO - [2024-07-02T19:17:14.244+0000] {dag.py:3096} INFO - Sync 1 DAGs
[2024-07-02T19:17:14.258+0000] {logging_mixin.py:188} INFO - [2024-07-02T19:17:14.258+0000] {dag.py:3954} INFO - Setting next_dagrun for example_task_group_decorator to 2024-07-01 00:00:00+00:00, run_after=2024-07-02 00:00:00+00:00
[2024-07-02T19:17:14.299+0000] {processor.py:183} INFO - Processing /usr/local/python/3.10.13/lib/python3.10/site-packages/airflow/example_dags/example_task_group_decorator.py took 0.089 seconds
[2024-07-02T19:17:59.622+0000] {processor.py:161} INFO - Started process (PID=9063) to work on /usr/local/python/3.10.13/lib/python3.10/site-packages/airflow/example_dags/example_task_group_decorator.py
[2024-07-02T19:17:59.622+0000] {processor.py:830} INFO - Processing file /usr/local/python/3.10.13/lib/python3.10/site-packages/airflow/example_dags/example_task_group_decorator.py for tasks to queue
[2024-07-02T19:17:59.623+0000] {logging_mixin.py:188} INFO - [2024-07-02T19:17:59.623+0000] {dagbag.py:545} INFO - Filling up the DagBag from /usr/local/python/3.10.13/lib/python3.10/site-packages/airflow/example_dags/example_task_group_decorator.py
[2024-07-02T19:17:59.635+0000] {processor.py:840} INFO - DAG(s) 'example_task_group_decorator' retrieved from /usr/local/python/3.10.13/lib/python3.10/site-packages/airflow/example_dags/example_task_group_decorator.py
[2024-07-02T19:17:59.651+0000] {logging_mixin.py:188} INFO - [2024-07-02T19:17:59.651+0000] {dag.py:3096} INFO - Sync 1 DAGs
[2024-07-02T19:17:59.665+0000] {logging_mixin.py:188} INFO - [2024-07-02T19:17:59.665+0000] {dag.py:3954} INFO - Setting next_dagrun for example_task_group_decorator to 2024-07-01 00:00:00+00:00, run_after=2024-07-02 00:00:00+00:00
[2024-07-02T19:17:59.708+0000] {processor.py:183} INFO - Processing /usr/local/python/3.10.13/lib/python3.10/site-packages/airflow/example_dags/example_task_group_decorator.py took 0.091 seconds
[2024-07-02T19:19:01.308+0000] {processor.py:161} INFO - Started process (PID=9525) to work on /usr/local/python/3.10.13/lib/python3.10/site-packages/airflow/example_dags/example_task_group_decorator.py
[2024-07-02T19:19:01.308+0000] {processor.py:830} INFO - Processing file /usr/local/python/3.10.13/lib/python3.10/site-packages/airflow/example_dags/example_task_group_decorator.py for tasks to queue
[2024-07-02T19:19:01.309+0000] {logging_mixin.py:188} INFO - [2024-07-02T19:19:01.309+0000] {dagbag.py:545} INFO - Filling up the DagBag from /usr/local/python/3.10.13/lib/python3.10/site-packages/airflow/example_dags/example_task_group_decorator.py
[2024-07-02T19:19:01.326+0000] {processor.py:840} INFO - DAG(s) 'example_task_group_decorator' retrieved from /usr/local/python/3.10.13/lib/python3.10/site-packages/airflow/example_dags/example_task_group_decorator.py
[2024-07-02T19:19:01.352+0000] {logging_mixin.py:188} INFO - [2024-07-02T19:19:01.352+0000] {dag.py:3096} INFO - Sync 1 DAGs
[2024-07-02T19:19:01.370+0000] {logging_mixin.py:188} INFO - [2024-07-02T19:19:01.370+0000] {dag.py:3954} INFO - Setting next_dagrun for example_task_group_decorator to 2024-07-01 00:00:00+00:00, run_after=2024-07-02 00:00:00+00:00
[2024-07-02T19:19:01.411+0000] {processor.py:183} INFO - Processing /usr/local/python/3.10.13/lib/python3.10/site-packages/airflow/example_dags/example_task_group_decorator.py took 0.108 seconds
[2024-07-02T19:19:46.681+0000] {processor.py:161} INFO - Started process (PID=9866) to work on /usr/local/python/3.10.13/lib/python3.10/site-packages/airflow/example_dags/example_task_group_decorator.py
[2024-07-02T19:19:46.682+0000] {processor.py:830} INFO - Processing file /usr/local/python/3.10.13/lib/python3.10/site-packages/airflow/example_dags/example_task_group_decorator.py for tasks to queue
[2024-07-02T19:19:46.682+0000] {logging_mixin.py:188} INFO - [2024-07-02T19:19:46.682+0000] {dagbag.py:545} INFO - Filling up the DagBag from /usr/local/python/3.10.13/lib/python3.10/site-packages/airflow/example_dags/example_task_group_decorator.py
[2024-07-02T19:19:46.694+0000] {processor.py:840} INFO - DAG(s) 'example_task_group_decorator' retrieved from /usr/local/python/3.10.13/lib/python3.10/site-packages/airflow/example_dags/example_task_group_decorator.py
[2024-07-02T19:19:46.712+0000] {logging_mixin.py:188} INFO - [2024-07-02T19:19:46.712+0000] {dag.py:3096} INFO - Sync 1 DAGs
[2024-07-02T19:19:46.726+0000] {logging_mixin.py:188} INFO - [2024-07-02T19:19:46.726+0000] {dag.py:3954} INFO - Setting next_dagrun for example_task_group_decorator to 2024-07-01 00:00:00+00:00, run_after=2024-07-02 00:00:00+00:00
[2024-07-02T19:19:46.771+0000] {processor.py:183} INFO - Processing /usr/local/python/3.10.13/lib/python3.10/site-packages/airflow/example_dags/example_task_group_decorator.py took 0.094 seconds
[2024-07-02T19:20:33.573+0000] {processor.py:161} INFO - Started process (PID=10217) to work on /usr/local/python/3.10.13/lib/python3.10/site-packages/airflow/example_dags/example_task_group_decorator.py
[2024-07-02T19:20:33.574+0000] {processor.py:830} INFO - Processing file /usr/local/python/3.10.13/lib/python3.10/site-packages/airflow/example_dags/example_task_group_decorator.py for tasks to queue
[2024-07-02T19:20:33.574+0000] {logging_mixin.py:188} INFO - [2024-07-02T19:20:33.574+0000] {dagbag.py:545} INFO - Filling up the DagBag from /usr/local/python/3.10.13/lib/python3.10/site-packages/airflow/example_dags/example_task_group_decorator.py
[2024-07-02T19:20:33.586+0000] {processor.py:840} INFO - DAG(s) 'example_task_group_decorator' retrieved from /usr/local/python/3.10.13/lib/python3.10/site-packages/airflow/example_dags/example_task_group_decorator.py
[2024-07-02T19:20:33.602+0000] {logging_mixin.py:188} INFO - [2024-07-02T19:20:33.602+0000] {dag.py:3096} INFO - Sync 1 DAGs
[2024-07-02T19:20:33.617+0000] {logging_mixin.py:188} INFO - [2024-07-02T19:20:33.617+0000] {dag.py:3954} INFO - Setting next_dagrun for example_task_group_decorator to 2024-07-01 00:00:00+00:00, run_after=2024-07-02 00:00:00+00:00
[2024-07-02T19:20:33.658+0000] {processor.py:183} INFO - Processing /usr/local/python/3.10.13/lib/python3.10/site-packages/airflow/example_dags/example_task_group_decorator.py took 0.090 seconds
[2024-07-02T19:21:19.966+0000] {processor.py:161} INFO - Started process (PID=10565) to work on /usr/local/python/3.10.13/lib/python3.10/site-packages/airflow/example_dags/example_task_group_decorator.py
[2024-07-02T19:21:19.967+0000] {processor.py:830} INFO - Processing file /usr/local/python/3.10.13/lib/python3.10/site-packages/airflow/example_dags/example_task_group_decorator.py for tasks to queue
[2024-07-02T19:21:19.968+0000] {logging_mixin.py:188} INFO - [2024-07-02T19:21:19.968+0000] {dagbag.py:545} INFO - Filling up the DagBag from /usr/local/python/3.10.13/lib/python3.10/site-packages/airflow/example_dags/example_task_group_decorator.py
[2024-07-02T19:21:19.980+0000] {processor.py:840} INFO - DAG(s) 'example_task_group_decorator' retrieved from /usr/local/python/3.10.13/lib/python3.10/site-packages/airflow/example_dags/example_task_group_decorator.py
[2024-07-02T19:21:19.996+0000] {logging_mixin.py:188} INFO - [2024-07-02T19:21:19.995+0000] {dag.py:3096} INFO - Sync 1 DAGs
[2024-07-02T19:21:20.017+0000] {logging_mixin.py:188} INFO - [2024-07-02T19:21:20.017+0000] {dag.py:3954} INFO - Setting next_dagrun for example_task_group_decorator to 2024-07-01 00:00:00+00:00, run_after=2024-07-02 00:00:00+00:00
[2024-07-02T19:21:20.067+0000] {processor.py:183} INFO - Processing /usr/local/python/3.10.13/lib/python3.10/site-packages/airflow/example_dags/example_task_group_decorator.py took 0.106 seconds
[2024-07-02T19:22:07.716+0000] {processor.py:161} INFO - Started process (PID=10931) to work on /usr/local/python/3.10.13/lib/python3.10/site-packages/airflow/example_dags/example_task_group_decorator.py
[2024-07-02T19:22:07.716+0000] {processor.py:830} INFO - Processing file /usr/local/python/3.10.13/lib/python3.10/site-packages/airflow/example_dags/example_task_group_decorator.py for tasks to queue
[2024-07-02T19:22:07.717+0000] {logging_mixin.py:188} INFO - [2024-07-02T19:22:07.717+0000] {dagbag.py:545} INFO - Filling up the DagBag from /usr/local/python/3.10.13/lib/python3.10/site-packages/airflow/example_dags/example_task_group_decorator.py
[2024-07-02T19:22:07.729+0000] {processor.py:840} INFO - DAG(s) 'example_task_group_decorator' retrieved from /usr/local/python/3.10.13/lib/python3.10/site-packages/airflow/example_dags/example_task_group_decorator.py
[2024-07-02T19:22:07.745+0000] {logging_mixin.py:188} INFO - [2024-07-02T19:22:07.745+0000] {dag.py:3096} INFO - Sync 1 DAGs
[2024-07-02T19:22:07.759+0000] {logging_mixin.py:188} INFO - [2024-07-02T19:22:07.759+0000] {dag.py:3954} INFO - Setting next_dagrun for example_task_group_decorator to 2024-07-01 00:00:00+00:00, run_after=2024-07-02 00:00:00+00:00
[2024-07-02T19:22:07.798+0000] {processor.py:183} INFO - Processing /usr/local/python/3.10.13/lib/python3.10/site-packages/airflow/example_dags/example_task_group_decorator.py took 0.087 seconds
[2024-07-02T19:22:51.889+0000] {processor.py:161} INFO - Started process (PID=11263) to work on /usr/local/python/3.10.13/lib/python3.10/site-packages/airflow/example_dags/example_task_group_decorator.py
[2024-07-02T19:22:51.890+0000] {processor.py:830} INFO - Processing file /usr/local/python/3.10.13/lib/python3.10/site-packages/airflow/example_dags/example_task_group_decorator.py for tasks to queue
[2024-07-02T19:22:51.890+0000] {logging_mixin.py:188} INFO - [2024-07-02T19:22:51.890+0000] {dagbag.py:545} INFO - Filling up the DagBag from /usr/local/python/3.10.13/lib/python3.10/site-packages/airflow/example_dags/example_task_group_decorator.py
[2024-07-02T19:22:51.903+0000] {processor.py:840} INFO - DAG(s) 'example_task_group_decorator' retrieved from /usr/local/python/3.10.13/lib/python3.10/site-packages/airflow/example_dags/example_task_group_decorator.py
[2024-07-02T19:22:51.919+0000] {logging_mixin.py:188} INFO - [2024-07-02T19:22:51.919+0000] {dag.py:3096} INFO - Sync 1 DAGs
[2024-07-02T19:22:51.941+0000] {logging_mixin.py:188} INFO - [2024-07-02T19:22:51.940+0000] {dag.py:3954} INFO - Setting next_dagrun for example_task_group_decorator to 2024-07-01 00:00:00+00:00, run_after=2024-07-02 00:00:00+00:00
[2024-07-02T19:22:51.981+0000] {processor.py:183} INFO - Processing /usr/local/python/3.10.13/lib/python3.10/site-packages/airflow/example_dags/example_task_group_decorator.py took 0.097 seconds
[2024-07-02T19:23:54.073+0000] {processor.py:161} INFO - Started process (PID=11725) to work on /usr/local/python/3.10.13/lib/python3.10/site-packages/airflow/example_dags/example_task_group_decorator.py
[2024-07-02T19:23:54.073+0000] {processor.py:830} INFO - Processing file /usr/local/python/3.10.13/lib/python3.10/site-packages/airflow/example_dags/example_task_group_decorator.py for tasks to queue
[2024-07-02T19:23:54.074+0000] {logging_mixin.py:188} INFO - [2024-07-02T19:23:54.074+0000] {dagbag.py:545} INFO - Filling up the DagBag from /usr/local/python/3.10.13/lib/python3.10/site-packages/airflow/example_dags/example_task_group_decorator.py
[2024-07-02T19:23:54.085+0000] {processor.py:840} INFO - DAG(s) 'example_task_group_decorator' retrieved from /usr/local/python/3.10.13/lib/python3.10/site-packages/airflow/example_dags/example_task_group_decorator.py
[2024-07-02T19:23:54.101+0000] {logging_mixin.py:188} INFO - [2024-07-02T19:23:54.101+0000] {dag.py:3096} INFO - Sync 1 DAGs
[2024-07-02T19:23:54.115+0000] {logging_mixin.py:188} INFO - [2024-07-02T19:23:54.115+0000] {dag.py:3954} INFO - Setting next_dagrun for example_task_group_decorator to 2024-07-01 00:00:00+00:00, run_after=2024-07-02 00:00:00+00:00
[2024-07-02T19:23:54.154+0000] {processor.py:183} INFO - Processing /usr/local/python/3.10.13/lib/python3.10/site-packages/airflow/example_dags/example_task_group_decorator.py took 0.086 seconds
[2024-07-02T19:24:59.844+0000] {processor.py:161} INFO - Started process (PID=12242) to work on /usr/local/python/3.10.13/lib/python3.10/site-packages/airflow/example_dags/example_task_group_decorator.py
[2024-07-02T19:24:59.845+0000] {processor.py:830} INFO - Processing file /usr/local/python/3.10.13/lib/python3.10/site-packages/airflow/example_dags/example_task_group_decorator.py for tasks to queue
[2024-07-02T19:24:59.845+0000] {logging_mixin.py:188} INFO - [2024-07-02T19:24:59.845+0000] {dagbag.py:545} INFO - Filling up the DagBag from /usr/local/python/3.10.13/lib/python3.10/site-packages/airflow/example_dags/example_task_group_decorator.py
[2024-07-02T19:24:59.858+0000] {processor.py:840} INFO - DAG(s) 'example_task_group_decorator' retrieved from /usr/local/python/3.10.13/lib/python3.10/site-packages/airflow/example_dags/example_task_group_decorator.py
[2024-07-02T19:24:59.873+0000] {logging_mixin.py:188} INFO - [2024-07-02T19:24:59.873+0000] {dag.py:3096} INFO - Sync 1 DAGs
[2024-07-02T19:24:59.888+0000] {logging_mixin.py:188} INFO - [2024-07-02T19:24:59.887+0000] {dag.py:3954} INFO - Setting next_dagrun for example_task_group_decorator to 2024-07-01 00:00:00+00:00, run_after=2024-07-02 00:00:00+00:00
[2024-07-02T19:24:59.933+0000] {processor.py:183} INFO - Processing /usr/local/python/3.10.13/lib/python3.10/site-packages/airflow/example_dags/example_task_group_decorator.py took 0.094 seconds
[2024-07-02T19:26:03.252+0000] {processor.py:161} INFO - Started process (PID=12717) to work on /usr/local/python/3.10.13/lib/python3.10/site-packages/airflow/example_dags/example_task_group_decorator.py
[2024-07-02T19:26:03.253+0000] {processor.py:830} INFO - Processing file /usr/local/python/3.10.13/lib/python3.10/site-packages/airflow/example_dags/example_task_group_decorator.py for tasks to queue
[2024-07-02T19:26:03.253+0000] {logging_mixin.py:188} INFO - [2024-07-02T19:26:03.253+0000] {dagbag.py:545} INFO - Filling up the DagBag from /usr/local/python/3.10.13/lib/python3.10/site-packages/airflow/example_dags/example_task_group_decorator.py
[2024-07-02T19:26:03.265+0000] {processor.py:840} INFO - DAG(s) 'example_task_group_decorator' retrieved from /usr/local/python/3.10.13/lib/python3.10/site-packages/airflow/example_dags/example_task_group_decorator.py
[2024-07-02T19:26:03.282+0000] {logging_mixin.py:188} INFO - [2024-07-02T19:26:03.282+0000] {dag.py:3096} INFO - Sync 1 DAGs
[2024-07-02T19:26:03.296+0000] {logging_mixin.py:188} INFO - [2024-07-02T19:26:03.296+0000] {dag.py:3954} INFO - Setting next_dagrun for example_task_group_decorator to 2024-07-01 00:00:00+00:00, run_after=2024-07-02 00:00:00+00:00
[2024-07-02T19:26:03.339+0000] {processor.py:183} INFO - Processing /usr/local/python/3.10.13/lib/python3.10/site-packages/airflow/example_dags/example_task_group_decorator.py took 0.092 seconds
[2024-07-02T19:27:08.358+0000] {processor.py:161} INFO - Started process (PID=13218) to work on /usr/local/python/3.10.13/lib/python3.10/site-packages/airflow/example_dags/example_task_group_decorator.py
[2024-07-02T19:27:08.358+0000] {processor.py:830} INFO - Processing file /usr/local/python/3.10.13/lib/python3.10/site-packages/airflow/example_dags/example_task_group_decorator.py for tasks to queue
[2024-07-02T19:27:08.359+0000] {logging_mixin.py:188} INFO - [2024-07-02T19:27:08.359+0000] {dagbag.py:545} INFO - Filling up the DagBag from /usr/local/python/3.10.13/lib/python3.10/site-packages/airflow/example_dags/example_task_group_decorator.py
[2024-07-02T19:27:08.371+0000] {processor.py:840} INFO - DAG(s) 'example_task_group_decorator' retrieved from /usr/local/python/3.10.13/lib/python3.10/site-packages/airflow/example_dags/example_task_group_decorator.py
[2024-07-02T19:27:08.387+0000] {logging_mixin.py:188} INFO - [2024-07-02T19:27:08.387+0000] {dag.py:3096} INFO - Sync 1 DAGs
[2024-07-02T19:27:08.401+0000] {logging_mixin.py:188} INFO - [2024-07-02T19:27:08.401+0000] {dag.py:3954} INFO - Setting next_dagrun for example_task_group_decorator to 2024-07-01 00:00:00+00:00, run_after=2024-07-02 00:00:00+00:00
[2024-07-02T19:27:08.442+0000] {processor.py:183} INFO - Processing /usr/local/python/3.10.13/lib/python3.10/site-packages/airflow/example_dags/example_task_group_decorator.py took 0.089 seconds
[2024-07-02T19:28:10.221+0000] {processor.py:161} INFO - Started process (PID=13813) to work on /usr/local/python/3.10.13/lib/python3.10/site-packages/airflow/example_dags/example_task_group_decorator.py
[2024-07-02T19:28:10.222+0000] {processor.py:830} INFO - Processing file /usr/local/python/3.10.13/lib/python3.10/site-packages/airflow/example_dags/example_task_group_decorator.py for tasks to queue
[2024-07-02T19:28:10.223+0000] {logging_mixin.py:188} INFO - [2024-07-02T19:28:10.222+0000] {dagbag.py:545} INFO - Filling up the DagBag from /usr/local/python/3.10.13/lib/python3.10/site-packages/airflow/example_dags/example_task_group_decorator.py
[2024-07-02T19:28:10.235+0000] {processor.py:840} INFO - DAG(s) 'example_task_group_decorator' retrieved from /usr/local/python/3.10.13/lib/python3.10/site-packages/airflow/example_dags/example_task_group_decorator.py
[2024-07-02T19:28:10.251+0000] {logging_mixin.py:188} INFO - [2024-07-02T19:28:10.251+0000] {dag.py:3096} INFO - Sync 1 DAGs
[2024-07-02T19:28:10.265+0000] {logging_mixin.py:188} INFO - [2024-07-02T19:28:10.265+0000] {dag.py:3954} INFO - Setting next_dagrun for example_task_group_decorator to 2024-07-01 00:00:00+00:00, run_after=2024-07-02 00:00:00+00:00
[2024-07-02T19:28:10.304+0000] {processor.py:183} INFO - Processing /usr/local/python/3.10.13/lib/python3.10/site-packages/airflow/example_dags/example_task_group_decorator.py took 0.088 seconds
[2024-07-02T19:28:55.837+0000] {processor.py:161} INFO - Started process (PID=14195) to work on /usr/local/python/3.10.13/lib/python3.10/site-packages/airflow/example_dags/example_task_group_decorator.py
[2024-07-02T19:28:55.837+0000] {processor.py:830} INFO - Processing file /usr/local/python/3.10.13/lib/python3.10/site-packages/airflow/example_dags/example_task_group_decorator.py for tasks to queue
[2024-07-02T19:28:55.838+0000] {logging_mixin.py:188} INFO - [2024-07-02T19:28:55.838+0000] {dagbag.py:545} INFO - Filling up the DagBag from /usr/local/python/3.10.13/lib/python3.10/site-packages/airflow/example_dags/example_task_group_decorator.py
[2024-07-02T19:28:55.850+0000] {processor.py:840} INFO - DAG(s) 'example_task_group_decorator' retrieved from /usr/local/python/3.10.13/lib/python3.10/site-packages/airflow/example_dags/example_task_group_decorator.py
[2024-07-02T19:28:55.865+0000] {logging_mixin.py:188} INFO - [2024-07-02T19:28:55.865+0000] {dag.py:3096} INFO - Sync 1 DAGs
[2024-07-02T19:28:55.880+0000] {logging_mixin.py:188} INFO - [2024-07-02T19:28:55.880+0000] {dag.py:3954} INFO - Setting next_dagrun for example_task_group_decorator to 2024-07-01 00:00:00+00:00, run_after=2024-07-02 00:00:00+00:00
[2024-07-02T19:28:55.918+0000] {processor.py:183} INFO - Processing /usr/local/python/3.10.13/lib/python3.10/site-packages/airflow/example_dags/example_task_group_decorator.py took 0.086 seconds
[2024-07-02T19:29:41.440+0000] {processor.py:161} INFO - Started process (PID=14562) to work on /usr/local/python/3.10.13/lib/python3.10/site-packages/airflow/example_dags/example_task_group_decorator.py
[2024-07-02T19:29:41.441+0000] {processor.py:830} INFO - Processing file /usr/local/python/3.10.13/lib/python3.10/site-packages/airflow/example_dags/example_task_group_decorator.py for tasks to queue
[2024-07-02T19:29:41.442+0000] {logging_mixin.py:188} INFO - [2024-07-02T19:29:41.441+0000] {dagbag.py:545} INFO - Filling up the DagBag from /usr/local/python/3.10.13/lib/python3.10/site-packages/airflow/example_dags/example_task_group_decorator.py
[2024-07-02T19:29:41.453+0000] {processor.py:840} INFO - DAG(s) 'example_task_group_decorator' retrieved from /usr/local/python/3.10.13/lib/python3.10/site-packages/airflow/example_dags/example_task_group_decorator.py
[2024-07-02T19:29:41.469+0000] {logging_mixin.py:188} INFO - [2024-07-02T19:29:41.469+0000] {dag.py:3096} INFO - Sync 1 DAGs
[2024-07-02T19:29:41.483+0000] {logging_mixin.py:188} INFO - [2024-07-02T19:29:41.483+0000] {dag.py:3954} INFO - Setting next_dagrun for example_task_group_decorator to 2024-07-01 00:00:00+00:00, run_after=2024-07-02 00:00:00+00:00
[2024-07-02T19:29:41.527+0000] {processor.py:183} INFO - Processing /usr/local/python/3.10.13/lib/python3.10/site-packages/airflow/example_dags/example_task_group_decorator.py took 0.091 seconds
[2024-07-02T19:30:28.215+0000] {processor.py:161} INFO - Started process (PID=14950) to work on /usr/local/python/3.10.13/lib/python3.10/site-packages/airflow/example_dags/example_task_group_decorator.py
[2024-07-02T19:30:28.216+0000] {processor.py:830} INFO - Processing file /usr/local/python/3.10.13/lib/python3.10/site-packages/airflow/example_dags/example_task_group_decorator.py for tasks to queue
[2024-07-02T19:30:28.216+0000] {logging_mixin.py:188} INFO - [2024-07-02T19:30:28.216+0000] {dagbag.py:545} INFO - Filling up the DagBag from /usr/local/python/3.10.13/lib/python3.10/site-packages/airflow/example_dags/example_task_group_decorator.py
[2024-07-02T19:30:28.229+0000] {processor.py:840} INFO - DAG(s) 'example_task_group_decorator' retrieved from /usr/local/python/3.10.13/lib/python3.10/site-packages/airflow/example_dags/example_task_group_decorator.py
[2024-07-02T19:30:28.244+0000] {logging_mixin.py:188} INFO - [2024-07-02T19:30:28.244+0000] {dag.py:3096} INFO - Sync 1 DAGs
[2024-07-02T19:30:28.258+0000] {logging_mixin.py:188} INFO - [2024-07-02T19:30:28.258+0000] {dag.py:3954} INFO - Setting next_dagrun for example_task_group_decorator to 2024-07-01 00:00:00+00:00, run_after=2024-07-02 00:00:00+00:00
[2024-07-02T19:30:28.299+0000] {processor.py:183} INFO - Processing /usr/local/python/3.10.13/lib/python3.10/site-packages/airflow/example_dags/example_task_group_decorator.py took 0.089 seconds
[2024-07-02T19:31:17.303+0000] {processor.py:161} INFO - Started process (PID=15320) to work on /usr/local/python/3.10.13/lib/python3.10/site-packages/airflow/example_dags/example_task_group_decorator.py
[2024-07-02T19:31:17.303+0000] {processor.py:830} INFO - Processing file /usr/local/python/3.10.13/lib/python3.10/site-packages/airflow/example_dags/example_task_group_decorator.py for tasks to queue
[2024-07-02T19:31:17.304+0000] {logging_mixin.py:188} INFO - [2024-07-02T19:31:17.304+0000] {dagbag.py:545} INFO - Filling up the DagBag from /usr/local/python/3.10.13/lib/python3.10/site-packages/airflow/example_dags/example_task_group_decorator.py
[2024-07-02T19:31:17.315+0000] {processor.py:840} INFO - DAG(s) 'example_task_group_decorator' retrieved from /usr/local/python/3.10.13/lib/python3.10/site-packages/airflow/example_dags/example_task_group_decorator.py
[2024-07-02T19:31:17.332+0000] {logging_mixin.py:188} INFO - [2024-07-02T19:31:17.332+0000] {dag.py:3096} INFO - Sync 1 DAGs
[2024-07-02T19:31:17.346+0000] {logging_mixin.py:188} INFO - [2024-07-02T19:31:17.346+0000] {dag.py:3954} INFO - Setting next_dagrun for example_task_group_decorator to 2024-07-01 00:00:00+00:00, run_after=2024-07-02 00:00:00+00:00
[2024-07-02T19:31:17.392+0000] {processor.py:183} INFO - Processing /usr/local/python/3.10.13/lib/python3.10/site-packages/airflow/example_dags/example_task_group_decorator.py took 0.095 seconds
[2024-07-02T19:32:05.235+0000] {processor.py:161} INFO - Started process (PID=15681) to work on /usr/local/python/3.10.13/lib/python3.10/site-packages/airflow/example_dags/example_task_group_decorator.py
[2024-07-02T19:32:05.235+0000] {processor.py:830} INFO - Processing file /usr/local/python/3.10.13/lib/python3.10/site-packages/airflow/example_dags/example_task_group_decorator.py for tasks to queue
[2024-07-02T19:32:05.236+0000] {logging_mixin.py:188} INFO - [2024-07-02T19:32:05.236+0000] {dagbag.py:545} INFO - Filling up the DagBag from /usr/local/python/3.10.13/lib/python3.10/site-packages/airflow/example_dags/example_task_group_decorator.py
[2024-07-02T19:32:05.248+0000] {processor.py:840} INFO - DAG(s) 'example_task_group_decorator' retrieved from /usr/local/python/3.10.13/lib/python3.10/site-packages/airflow/example_dags/example_task_group_decorator.py
[2024-07-02T19:32:05.264+0000] {logging_mixin.py:188} INFO - [2024-07-02T19:32:05.264+0000] {dag.py:3096} INFO - Sync 1 DAGs
[2024-07-02T19:32:05.278+0000] {logging_mixin.py:188} INFO - [2024-07-02T19:32:05.278+0000] {dag.py:3954} INFO - Setting next_dagrun for example_task_group_decorator to 2024-07-01 00:00:00+00:00, run_after=2024-07-02 00:00:00+00:00
[2024-07-02T19:32:05.321+0000] {processor.py:183} INFO - Processing /usr/local/python/3.10.13/lib/python3.10/site-packages/airflow/example_dags/example_task_group_decorator.py took 0.091 seconds
[2024-07-02T19:33:08.736+0000] {processor.py:161} INFO - Started process (PID=16171) to work on /usr/local/python/3.10.13/lib/python3.10/site-packages/airflow/example_dags/example_task_group_decorator.py
[2024-07-02T19:33:08.737+0000] {processor.py:830} INFO - Processing file /usr/local/python/3.10.13/lib/python3.10/site-packages/airflow/example_dags/example_task_group_decorator.py for tasks to queue
[2024-07-02T19:33:08.737+0000] {logging_mixin.py:188} INFO - [2024-07-02T19:33:08.737+0000] {dagbag.py:545} INFO - Filling up the DagBag from /usr/local/python/3.10.13/lib/python3.10/site-packages/airflow/example_dags/example_task_group_decorator.py
[2024-07-02T19:33:08.749+0000] {processor.py:840} INFO - DAG(s) 'example_task_group_decorator' retrieved from /usr/local/python/3.10.13/lib/python3.10/site-packages/airflow/example_dags/example_task_group_decorator.py
[2024-07-02T19:33:08.768+0000] {logging_mixin.py:188} INFO - [2024-07-02T19:33:08.768+0000] {dag.py:3096} INFO - Sync 1 DAGs
[2024-07-02T19:33:08.783+0000] {logging_mixin.py:188} INFO - [2024-07-02T19:33:08.783+0000] {dag.py:3954} INFO - Setting next_dagrun for example_task_group_decorator to 2024-07-01 00:00:00+00:00, run_after=2024-07-02 00:00:00+00:00
[2024-07-02T19:33:08.823+0000] {processor.py:183} INFO - Processing /usr/local/python/3.10.13/lib/python3.10/site-packages/airflow/example_dags/example_task_group_decorator.py took 0.092 seconds
[2024-07-02T19:33:51.718+0000] {processor.py:161} INFO - Started process (PID=16560) to work on /usr/local/python/3.10.13/lib/python3.10/site-packages/airflow/example_dags/example_task_group_decorator.py
[2024-07-02T19:33:51.718+0000] {processor.py:830} INFO - Processing file /usr/local/python/3.10.13/lib/python3.10/site-packages/airflow/example_dags/example_task_group_decorator.py for tasks to queue
[2024-07-02T19:33:51.719+0000] {logging_mixin.py:188} INFO - [2024-07-02T19:33:51.719+0000] {dagbag.py:545} INFO - Filling up the DagBag from /usr/local/python/3.10.13/lib/python3.10/site-packages/airflow/example_dags/example_task_group_decorator.py
[2024-07-02T19:33:51.731+0000] {processor.py:840} INFO - DAG(s) 'example_task_group_decorator' retrieved from /usr/local/python/3.10.13/lib/python3.10/site-packages/airflow/example_dags/example_task_group_decorator.py
[2024-07-02T19:33:51.747+0000] {logging_mixin.py:188} INFO - [2024-07-02T19:33:51.746+0000] {dag.py:3096} INFO - Sync 1 DAGs
[2024-07-02T19:33:51.761+0000] {logging_mixin.py:188} INFO - [2024-07-02T19:33:51.761+0000] {dag.py:3954} INFO - Setting next_dagrun for example_task_group_decorator to 2024-07-01 00:00:00+00:00, run_after=2024-07-02 00:00:00+00:00
[2024-07-02T19:33:51.801+0000] {processor.py:183} INFO - Processing /usr/local/python/3.10.13/lib/python3.10/site-packages/airflow/example_dags/example_task_group_decorator.py took 0.088 seconds
[2024-07-02T19:34:39.835+0000] {processor.py:161} INFO - Started process (PID=16965) to work on /usr/local/python/3.10.13/lib/python3.10/site-packages/airflow/example_dags/example_task_group_decorator.py
[2024-07-02T19:34:39.835+0000] {processor.py:830} INFO - Processing file /usr/local/python/3.10.13/lib/python3.10/site-packages/airflow/example_dags/example_task_group_decorator.py for tasks to queue
[2024-07-02T19:34:39.836+0000] {logging_mixin.py:188} INFO - [2024-07-02T19:34:39.836+0000] {dagbag.py:545} INFO - Filling up the DagBag from /usr/local/python/3.10.13/lib/python3.10/site-packages/airflow/example_dags/example_task_group_decorator.py
[2024-07-02T19:34:39.848+0000] {processor.py:840} INFO - DAG(s) 'example_task_group_decorator' retrieved from /usr/local/python/3.10.13/lib/python3.10/site-packages/airflow/example_dags/example_task_group_decorator.py
[2024-07-02T19:34:39.864+0000] {logging_mixin.py:188} INFO - [2024-07-02T19:34:39.864+0000] {dag.py:3096} INFO - Sync 1 DAGs
[2024-07-02T19:34:39.878+0000] {logging_mixin.py:188} INFO - [2024-07-02T19:34:39.878+0000] {dag.py:3954} INFO - Setting next_dagrun for example_task_group_decorator to 2024-07-01 00:00:00+00:00, run_after=2024-07-02 00:00:00+00:00
[2024-07-02T19:34:39.917+0000] {processor.py:183} INFO - Processing /usr/local/python/3.10.13/lib/python3.10/site-packages/airflow/example_dags/example_task_group_decorator.py took 0.087 seconds
[2024-07-02T19:35:25.221+0000] {processor.py:161} INFO - Started process (PID=17342) to work on /usr/local/python/3.10.13/lib/python3.10/site-packages/airflow/example_dags/example_task_group_decorator.py
[2024-07-02T19:35:25.222+0000] {processor.py:830} INFO - Processing file /usr/local/python/3.10.13/lib/python3.10/site-packages/airflow/example_dags/example_task_group_decorator.py for tasks to queue
[2024-07-02T19:35:25.223+0000] {logging_mixin.py:188} INFO - [2024-07-02T19:35:25.222+0000] {dagbag.py:545} INFO - Filling up the DagBag from /usr/local/python/3.10.13/lib/python3.10/site-packages/airflow/example_dags/example_task_group_decorator.py
[2024-07-02T19:35:25.235+0000] {processor.py:840} INFO - DAG(s) 'example_task_group_decorator' retrieved from /usr/local/python/3.10.13/lib/python3.10/site-packages/airflow/example_dags/example_task_group_decorator.py
[2024-07-02T19:35:25.251+0000] {logging_mixin.py:188} INFO - [2024-07-02T19:35:25.251+0000] {dag.py:3096} INFO - Sync 1 DAGs
[2024-07-02T19:35:25.265+0000] {logging_mixin.py:188} INFO - [2024-07-02T19:35:25.265+0000] {dag.py:3954} INFO - Setting next_dagrun for example_task_group_decorator to 2024-07-01 00:00:00+00:00, run_after=2024-07-02 00:00:00+00:00
[2024-07-02T19:35:25.307+0000] {processor.py:183} INFO - Processing /usr/local/python/3.10.13/lib/python3.10/site-packages/airflow/example_dags/example_task_group_decorator.py took 0.090 seconds
[2024-07-02T19:36:18.817+0000] {processor.py:161} INFO - Started process (PID=17820) to work on /usr/local/python/3.10.13/lib/python3.10/site-packages/airflow/example_dags/example_task_group_decorator.py
[2024-07-02T19:36:18.817+0000] {processor.py:830} INFO - Processing file /usr/local/python/3.10.13/lib/python3.10/site-packages/airflow/example_dags/example_task_group_decorator.py for tasks to queue
[2024-07-02T19:36:18.818+0000] {logging_mixin.py:188} INFO - [2024-07-02T19:36:18.818+0000] {dagbag.py:545} INFO - Filling up the DagBag from /usr/local/python/3.10.13/lib/python3.10/site-packages/airflow/example_dags/example_task_group_decorator.py
[2024-07-02T19:36:18.830+0000] {processor.py:840} INFO - DAG(s) 'example_task_group_decorator' retrieved from /usr/local/python/3.10.13/lib/python3.10/site-packages/airflow/example_dags/example_task_group_decorator.py
[2024-07-02T19:36:18.846+0000] {logging_mixin.py:188} INFO - [2024-07-02T19:36:18.846+0000] {dag.py:3096} INFO - Sync 1 DAGs
[2024-07-02T19:36:18.860+0000] {logging_mixin.py:188} INFO - [2024-07-02T19:36:18.859+0000] {dag.py:3954} INFO - Setting next_dagrun for example_task_group_decorator to 2024-07-01 00:00:00+00:00, run_after=2024-07-02 00:00:00+00:00
[2024-07-02T19:36:18.900+0000] {processor.py:183} INFO - Processing /usr/local/python/3.10.13/lib/python3.10/site-packages/airflow/example_dags/example_task_group_decorator.py took 0.088 seconds
[2024-07-02T19:37:10.498+0000] {processor.py:161} INFO - Started process (PID=18190) to work on /usr/local/python/3.10.13/lib/python3.10/site-packages/airflow/example_dags/example_task_group_decorator.py
[2024-07-02T19:37:10.498+0000] {processor.py:830} INFO - Processing file /usr/local/python/3.10.13/lib/python3.10/site-packages/airflow/example_dags/example_task_group_decorator.py for tasks to queue
[2024-07-02T19:37:10.499+0000] {logging_mixin.py:188} INFO - [2024-07-02T19:37:10.499+0000] {dagbag.py:545} INFO - Filling up the DagBag from /usr/local/python/3.10.13/lib/python3.10/site-packages/airflow/example_dags/example_task_group_decorator.py
[2024-07-02T19:37:10.511+0000] {processor.py:840} INFO - DAG(s) 'example_task_group_decorator' retrieved from /usr/local/python/3.10.13/lib/python3.10/site-packages/airflow/example_dags/example_task_group_decorator.py
[2024-07-02T19:37:10.526+0000] {logging_mixin.py:188} INFO - [2024-07-02T19:37:10.526+0000] {dag.py:3096} INFO - Sync 1 DAGs
[2024-07-02T19:37:10.540+0000] {logging_mixin.py:188} INFO - [2024-07-02T19:37:10.540+0000] {dag.py:3954} INFO - Setting next_dagrun for example_task_group_decorator to 2024-07-01 00:00:00+00:00, run_after=2024-07-02 00:00:00+00:00
[2024-07-02T19:37:10.581+0000] {processor.py:183} INFO - Processing /usr/local/python/3.10.13/lib/python3.10/site-packages/airflow/example_dags/example_task_group_decorator.py took 0.088 seconds
[2024-07-02T19:37:54.566+0000] {processor.py:161} INFO - Started process (PID=18505) to work on /usr/local/python/3.10.13/lib/python3.10/site-packages/airflow/example_dags/example_task_group_decorator.py
[2024-07-02T19:37:54.567+0000] {processor.py:830} INFO - Processing file /usr/local/python/3.10.13/lib/python3.10/site-packages/airflow/example_dags/example_task_group_decorator.py for tasks to queue
[2024-07-02T19:37:54.568+0000] {logging_mixin.py:188} INFO - [2024-07-02T19:37:54.567+0000] {dagbag.py:545} INFO - Filling up the DagBag from /usr/local/python/3.10.13/lib/python3.10/site-packages/airflow/example_dags/example_task_group_decorator.py
[2024-07-02T19:37:54.580+0000] {processor.py:840} INFO - DAG(s) 'example_task_group_decorator' retrieved from /usr/local/python/3.10.13/lib/python3.10/site-packages/airflow/example_dags/example_task_group_decorator.py
[2024-07-02T19:37:54.603+0000] {logging_mixin.py:188} INFO - [2024-07-02T19:37:54.603+0000] {dag.py:3096} INFO - Sync 1 DAGs
[2024-07-02T19:37:54.618+0000] {logging_mixin.py:188} INFO - [2024-07-02T19:37:54.618+0000] {dag.py:3954} INFO - Setting next_dagrun for example_task_group_decorator to 2024-07-01 00:00:00+00:00, run_after=2024-07-02 00:00:00+00:00
[2024-07-02T19:37:54.661+0000] {processor.py:183} INFO - Processing /usr/local/python/3.10.13/lib/python3.10/site-packages/airflow/example_dags/example_task_group_decorator.py took 0.099 seconds
[2024-07-02T19:38:39.217+0000] {processor.py:161} INFO - Started process (PID=18826) to work on /usr/local/python/3.10.13/lib/python3.10/site-packages/airflow/example_dags/example_task_group_decorator.py
[2024-07-02T19:38:39.218+0000] {processor.py:830} INFO - Processing file /usr/local/python/3.10.13/lib/python3.10/site-packages/airflow/example_dags/example_task_group_decorator.py for tasks to queue
[2024-07-02T19:38:39.219+0000] {logging_mixin.py:188} INFO - [2024-07-02T19:38:39.218+0000] {dagbag.py:545} INFO - Filling up the DagBag from /usr/local/python/3.10.13/lib/python3.10/site-packages/airflow/example_dags/example_task_group_decorator.py
[2024-07-02T19:38:39.240+0000] {processor.py:840} INFO - DAG(s) 'example_task_group_decorator' retrieved from /usr/local/python/3.10.13/lib/python3.10/site-packages/airflow/example_dags/example_task_group_decorator.py
[2024-07-02T19:38:39.266+0000] {logging_mixin.py:188} INFO - [2024-07-02T19:38:39.266+0000] {dag.py:3096} INFO - Sync 1 DAGs
[2024-07-02T19:38:39.281+0000] {logging_mixin.py:188} INFO - [2024-07-02T19:38:39.281+0000] {dag.py:3954} INFO - Setting next_dagrun for example_task_group_decorator to 2024-07-01 00:00:00+00:00, run_after=2024-07-02 00:00:00+00:00
[2024-07-02T19:38:39.320+0000] {processor.py:183} INFO - Processing /usr/local/python/3.10.13/lib/python3.10/site-packages/airflow/example_dags/example_task_group_decorator.py took 0.109 seconds
[2024-07-02T19:39:45.489+0000] {processor.py:161} INFO - Started process (PID=19312) to work on /usr/local/python/3.10.13/lib/python3.10/site-packages/airflow/example_dags/example_task_group_decorator.py
[2024-07-02T19:39:45.489+0000] {processor.py:830} INFO - Processing file /usr/local/python/3.10.13/lib/python3.10/site-packages/airflow/example_dags/example_task_group_decorator.py for tasks to queue
[2024-07-02T19:39:45.490+0000] {logging_mixin.py:188} INFO - [2024-07-02T19:39:45.490+0000] {dagbag.py:545} INFO - Filling up the DagBag from /usr/local/python/3.10.13/lib/python3.10/site-packages/airflow/example_dags/example_task_group_decorator.py
[2024-07-02T19:39:45.502+0000] {processor.py:840} INFO - DAG(s) 'example_task_group_decorator' retrieved from /usr/local/python/3.10.13/lib/python3.10/site-packages/airflow/example_dags/example_task_group_decorator.py
[2024-07-02T19:39:45.518+0000] {logging_mixin.py:188} INFO - [2024-07-02T19:39:45.517+0000] {dag.py:3096} INFO - Sync 1 DAGs
[2024-07-02T19:39:45.532+0000] {logging_mixin.py:188} INFO - [2024-07-02T19:39:45.531+0000] {dag.py:3954} INFO - Setting next_dagrun for example_task_group_decorator to 2024-07-01 00:00:00+00:00, run_after=2024-07-02 00:00:00+00:00
[2024-07-02T19:39:45.571+0000] {processor.py:183} INFO - Processing /usr/local/python/3.10.13/lib/python3.10/site-packages/airflow/example_dags/example_task_group_decorator.py took 0.087 seconds
[2024-07-02T19:40:42.655+0000] {processor.py:161} INFO - Started process (PID=19752) to work on /usr/local/python/3.10.13/lib/python3.10/site-packages/airflow/example_dags/example_task_group_decorator.py
[2024-07-02T19:40:42.656+0000] {processor.py:830} INFO - Processing file /usr/local/python/3.10.13/lib/python3.10/site-packages/airflow/example_dags/example_task_group_decorator.py for tasks to queue
[2024-07-02T19:40:42.656+0000] {logging_mixin.py:188} INFO - [2024-07-02T19:40:42.656+0000] {dagbag.py:545} INFO - Filling up the DagBag from /usr/local/python/3.10.13/lib/python3.10/site-packages/airflow/example_dags/example_task_group_decorator.py
[2024-07-02T19:40:42.668+0000] {processor.py:840} INFO - DAG(s) 'example_task_group_decorator' retrieved from /usr/local/python/3.10.13/lib/python3.10/site-packages/airflow/example_dags/example_task_group_decorator.py
[2024-07-02T19:40:42.684+0000] {logging_mixin.py:188} INFO - [2024-07-02T19:40:42.684+0000] {dag.py:3096} INFO - Sync 1 DAGs
[2024-07-02T19:40:42.698+0000] {logging_mixin.py:188} INFO - [2024-07-02T19:40:42.698+0000] {dag.py:3954} INFO - Setting next_dagrun for example_task_group_decorator to 2024-07-01 00:00:00+00:00, run_after=2024-07-02 00:00:00+00:00
[2024-07-02T19:40:42.739+0000] {processor.py:183} INFO - Processing /usr/local/python/3.10.13/lib/python3.10/site-packages/airflow/example_dags/example_task_group_decorator.py took 0.089 seconds
[2024-07-02T19:41:26.392+0000] {processor.py:161} INFO - Started process (PID=20080) to work on /usr/local/python/3.10.13/lib/python3.10/site-packages/airflow/example_dags/example_task_group_decorator.py
[2024-07-02T19:41:26.393+0000] {processor.py:830} INFO - Processing file /usr/local/python/3.10.13/lib/python3.10/site-packages/airflow/example_dags/example_task_group_decorator.py for tasks to queue
[2024-07-02T19:41:26.394+0000] {logging_mixin.py:188} INFO - [2024-07-02T19:41:26.394+0000] {dagbag.py:545} INFO - Filling up the DagBag from /usr/local/python/3.10.13/lib/python3.10/site-packages/airflow/example_dags/example_task_group_decorator.py
[2024-07-02T19:41:26.406+0000] {processor.py:840} INFO - DAG(s) 'example_task_group_decorator' retrieved from /usr/local/python/3.10.13/lib/python3.10/site-packages/airflow/example_dags/example_task_group_decorator.py
[2024-07-02T19:41:26.422+0000] {logging_mixin.py:188} INFO - [2024-07-02T19:41:26.422+0000] {dag.py:3096} INFO - Sync 1 DAGs
[2024-07-02T19:41:26.437+0000] {logging_mixin.py:188} INFO - [2024-07-02T19:41:26.437+0000] {dag.py:3954} INFO - Setting next_dagrun for example_task_group_decorator to 2024-07-01 00:00:00+00:00, run_after=2024-07-02 00:00:00+00:00
[2024-07-02T19:41:26.479+0000] {processor.py:183} INFO - Processing /usr/local/python/3.10.13/lib/python3.10/site-packages/airflow/example_dags/example_task_group_decorator.py took 0.093 seconds
[2024-07-02T19:42:27.320+0000] {processor.py:161} INFO - Started process (PID=20546) to work on /usr/local/python/3.10.13/lib/python3.10/site-packages/airflow/example_dags/example_task_group_decorator.py
[2024-07-02T19:42:27.321+0000] {processor.py:830} INFO - Processing file /usr/local/python/3.10.13/lib/python3.10/site-packages/airflow/example_dags/example_task_group_decorator.py for tasks to queue
[2024-07-02T19:42:27.321+0000] {logging_mixin.py:188} INFO - [2024-07-02T19:42:27.321+0000] {dagbag.py:545} INFO - Filling up the DagBag from /usr/local/python/3.10.13/lib/python3.10/site-packages/airflow/example_dags/example_task_group_decorator.py
[2024-07-02T19:42:27.333+0000] {processor.py:840} INFO - DAG(s) 'example_task_group_decorator' retrieved from /usr/local/python/3.10.13/lib/python3.10/site-packages/airflow/example_dags/example_task_group_decorator.py
[2024-07-02T19:42:27.349+0000] {logging_mixin.py:188} INFO - [2024-07-02T19:42:27.349+0000] {dag.py:3096} INFO - Sync 1 DAGs
[2024-07-02T19:42:27.364+0000] {logging_mixin.py:188} INFO - [2024-07-02T19:42:27.364+0000] {dag.py:3954} INFO - Setting next_dagrun for example_task_group_decorator to 2024-07-01 00:00:00+00:00, run_after=2024-07-02 00:00:00+00:00
[2024-07-02T19:42:27.405+0000] {processor.py:183} INFO - Processing /usr/local/python/3.10.13/lib/python3.10/site-packages/airflow/example_dags/example_task_group_decorator.py took 0.089 seconds
[2024-07-02T19:43:18.654+0000] {processor.py:161} INFO - Started process (PID=21001) to work on /usr/local/python/3.10.13/lib/python3.10/site-packages/airflow/example_dags/example_task_group_decorator.py
[2024-07-02T19:43:18.655+0000] {processor.py:830} INFO - Processing file /usr/local/python/3.10.13/lib/python3.10/site-packages/airflow/example_dags/example_task_group_decorator.py for tasks to queue
[2024-07-02T19:43:18.656+0000] {logging_mixin.py:188} INFO - [2024-07-02T19:43:18.656+0000] {dagbag.py:545} INFO - Filling up the DagBag from /usr/local/python/3.10.13/lib/python3.10/site-packages/airflow/example_dags/example_task_group_decorator.py
[2024-07-02T19:43:18.668+0000] {processor.py:840} INFO - DAG(s) 'example_task_group_decorator' retrieved from /usr/local/python/3.10.13/lib/python3.10/site-packages/airflow/example_dags/example_task_group_decorator.py
[2024-07-02T19:43:18.684+0000] {logging_mixin.py:188} INFO - [2024-07-02T19:43:18.683+0000] {dag.py:3096} INFO - Sync 1 DAGs
[2024-07-02T19:43:18.697+0000] {logging_mixin.py:188} INFO - [2024-07-02T19:43:18.697+0000] {dag.py:3954} INFO - Setting next_dagrun for example_task_group_decorator to 2024-07-01 00:00:00+00:00, run_after=2024-07-02 00:00:00+00:00
[2024-07-02T19:43:18.735+0000] {processor.py:183} INFO - Processing /usr/local/python/3.10.13/lib/python3.10/site-packages/airflow/example_dags/example_task_group_decorator.py took 0.085 seconds
[2024-07-02T19:44:11.484+0000] {processor.py:161} INFO - Started process (PID=21386) to work on /usr/local/python/3.10.13/lib/python3.10/site-packages/airflow/example_dags/example_task_group_decorator.py
[2024-07-02T19:44:11.484+0000] {processor.py:830} INFO - Processing file /usr/local/python/3.10.13/lib/python3.10/site-packages/airflow/example_dags/example_task_group_decorator.py for tasks to queue
[2024-07-02T19:44:11.485+0000] {logging_mixin.py:188} INFO - [2024-07-02T19:44:11.485+0000] {dagbag.py:545} INFO - Filling up the DagBag from /usr/local/python/3.10.13/lib/python3.10/site-packages/airflow/example_dags/example_task_group_decorator.py
[2024-07-02T19:44:11.497+0000] {processor.py:840} INFO - DAG(s) 'example_task_group_decorator' retrieved from /usr/local/python/3.10.13/lib/python3.10/site-packages/airflow/example_dags/example_task_group_decorator.py
[2024-07-02T19:44:11.512+0000] {logging_mixin.py:188} INFO - [2024-07-02T19:44:11.512+0000] {dag.py:3096} INFO - Sync 1 DAGs
[2024-07-02T19:44:11.526+0000] {logging_mixin.py:188} INFO - [2024-07-02T19:44:11.526+0000] {dag.py:3954} INFO - Setting next_dagrun for example_task_group_decorator to 2024-07-01 00:00:00+00:00, run_after=2024-07-02 00:00:00+00:00
[2024-07-02T19:44:11.576+0000] {processor.py:183} INFO - Processing /usr/local/python/3.10.13/lib/python3.10/site-packages/airflow/example_dags/example_task_group_decorator.py took 0.096 seconds
[2024-07-02T19:45:13.762+0000] {processor.py:161} INFO - Started process (PID=21860) to work on /usr/local/python/3.10.13/lib/python3.10/site-packages/airflow/example_dags/example_task_group_decorator.py
[2024-07-02T19:45:13.763+0000] {processor.py:830} INFO - Processing file /usr/local/python/3.10.13/lib/python3.10/site-packages/airflow/example_dags/example_task_group_decorator.py for tasks to queue
[2024-07-02T19:45:13.764+0000] {logging_mixin.py:188} INFO - [2024-07-02T19:45:13.763+0000] {dagbag.py:545} INFO - Filling up the DagBag from /usr/local/python/3.10.13/lib/python3.10/site-packages/airflow/example_dags/example_task_group_decorator.py
[2024-07-02T19:45:13.776+0000] {processor.py:840} INFO - DAG(s) 'example_task_group_decorator' retrieved from /usr/local/python/3.10.13/lib/python3.10/site-packages/airflow/example_dags/example_task_group_decorator.py
[2024-07-02T19:45:13.792+0000] {logging_mixin.py:188} INFO - [2024-07-02T19:45:13.792+0000] {dag.py:3096} INFO - Sync 1 DAGs
[2024-07-02T19:45:13.806+0000] {logging_mixin.py:188} INFO - [2024-07-02T19:45:13.805+0000] {dag.py:3954} INFO - Setting next_dagrun for example_task_group_decorator to 2024-07-01 00:00:00+00:00, run_after=2024-07-02 00:00:00+00:00
[2024-07-02T19:45:13.846+0000] {processor.py:183} INFO - Processing /usr/local/python/3.10.13/lib/python3.10/site-packages/airflow/example_dags/example_task_group_decorator.py took 0.089 seconds
[2024-07-02T19:46:17.214+0000] {processor.py:161} INFO - Started process (PID=22320) to work on /usr/local/python/3.10.13/lib/python3.10/site-packages/airflow/example_dags/example_task_group_decorator.py
[2024-07-02T19:46:17.215+0000] {processor.py:830} INFO - Processing file /usr/local/python/3.10.13/lib/python3.10/site-packages/airflow/example_dags/example_task_group_decorator.py for tasks to queue
[2024-07-02T19:46:17.216+0000] {logging_mixin.py:188} INFO - [2024-07-02T19:46:17.215+0000] {dagbag.py:545} INFO - Filling up the DagBag from /usr/local/python/3.10.13/lib/python3.10/site-packages/airflow/example_dags/example_task_group_decorator.py
[2024-07-02T19:46:17.228+0000] {processor.py:840} INFO - DAG(s) 'example_task_group_decorator' retrieved from /usr/local/python/3.10.13/lib/python3.10/site-packages/airflow/example_dags/example_task_group_decorator.py
[2024-07-02T19:46:17.244+0000] {logging_mixin.py:188} INFO - [2024-07-02T19:46:17.244+0000] {dag.py:3096} INFO - Sync 1 DAGs
[2024-07-02T19:46:17.258+0000] {logging_mixin.py:188} INFO - [2024-07-02T19:46:17.258+0000] {dag.py:3954} INFO - Setting next_dagrun for example_task_group_decorator to 2024-07-01 00:00:00+00:00, run_after=2024-07-02 00:00:00+00:00
[2024-07-02T19:46:17.311+0000] {processor.py:183} INFO - Processing /usr/local/python/3.10.13/lib/python3.10/site-packages/airflow/example_dags/example_task_group_decorator.py took 0.101 seconds
[2024-07-02T19:47:03.846+0000] {processor.py:161} INFO - Started process (PID=22628) to work on /usr/local/python/3.10.13/lib/python3.10/site-packages/airflow/example_dags/example_task_group_decorator.py
[2024-07-02T19:47:03.847+0000] {processor.py:830} INFO - Processing file /usr/local/python/3.10.13/lib/python3.10/site-packages/airflow/example_dags/example_task_group_decorator.py for tasks to queue
[2024-07-02T19:47:03.848+0000] {logging_mixin.py:188} INFO - [2024-07-02T19:47:03.847+0000] {dagbag.py:545} INFO - Filling up the DagBag from /usr/local/python/3.10.13/lib/python3.10/site-packages/airflow/example_dags/example_task_group_decorator.py
[2024-07-02T19:47:03.865+0000] {processor.py:840} INFO - DAG(s) 'example_task_group_decorator' retrieved from /usr/local/python/3.10.13/lib/python3.10/site-packages/airflow/example_dags/example_task_group_decorator.py
[2024-07-02T19:47:03.882+0000] {logging_mixin.py:188} INFO - [2024-07-02T19:47:03.882+0000] {dag.py:3096} INFO - Sync 1 DAGs
[2024-07-02T19:47:03.896+0000] {logging_mixin.py:188} INFO - [2024-07-02T19:47:03.896+0000] {dag.py:3954} INFO - Setting next_dagrun for example_task_group_decorator to 2024-07-01 00:00:00+00:00, run_after=2024-07-02 00:00:00+00:00
[2024-07-02T19:47:03.945+0000] {processor.py:183} INFO - Processing /usr/local/python/3.10.13/lib/python3.10/site-packages/airflow/example_dags/example_task_group_decorator.py took 0.103 seconds
[2024-07-02T19:47:51.495+0000] {processor.py:161} INFO - Started process (PID=22962) to work on /usr/local/python/3.10.13/lib/python3.10/site-packages/airflow/example_dags/example_task_group_decorator.py
[2024-07-02T19:47:51.496+0000] {processor.py:830} INFO - Processing file /usr/local/python/3.10.13/lib/python3.10/site-packages/airflow/example_dags/example_task_group_decorator.py for tasks to queue
[2024-07-02T19:47:51.497+0000] {logging_mixin.py:188} INFO - [2024-07-02T19:47:51.496+0000] {dagbag.py:545} INFO - Filling up the DagBag from /usr/local/python/3.10.13/lib/python3.10/site-packages/airflow/example_dags/example_task_group_decorator.py
[2024-07-02T19:47:51.509+0000] {processor.py:840} INFO - DAG(s) 'example_task_group_decorator' retrieved from /usr/local/python/3.10.13/lib/python3.10/site-packages/airflow/example_dags/example_task_group_decorator.py
[2024-07-02T19:47:51.525+0000] {logging_mixin.py:188} INFO - [2024-07-02T19:47:51.524+0000] {dag.py:3096} INFO - Sync 1 DAGs
[2024-07-02T19:47:51.539+0000] {logging_mixin.py:188} INFO - [2024-07-02T19:47:51.538+0000] {dag.py:3954} INFO - Setting next_dagrun for example_task_group_decorator to 2024-07-01 00:00:00+00:00, run_after=2024-07-02 00:00:00+00:00
[2024-07-02T19:47:51.577+0000] {processor.py:183} INFO - Processing /usr/local/python/3.10.13/lib/python3.10/site-packages/airflow/example_dags/example_task_group_decorator.py took 0.086 seconds
[2024-07-02T19:48:53.614+0000] {processor.py:161} INFO - Started process (PID=23419) to work on /usr/local/python/3.10.13/lib/python3.10/site-packages/airflow/example_dags/example_task_group_decorator.py
[2024-07-02T19:48:53.614+0000] {processor.py:830} INFO - Processing file /usr/local/python/3.10.13/lib/python3.10/site-packages/airflow/example_dags/example_task_group_decorator.py for tasks to queue
[2024-07-02T19:48:53.615+0000] {logging_mixin.py:188} INFO - [2024-07-02T19:48:53.615+0000] {dagbag.py:545} INFO - Filling up the DagBag from /usr/local/python/3.10.13/lib/python3.10/site-packages/airflow/example_dags/example_task_group_decorator.py
[2024-07-02T19:48:53.628+0000] {processor.py:840} INFO - DAG(s) 'example_task_group_decorator' retrieved from /usr/local/python/3.10.13/lib/python3.10/site-packages/airflow/example_dags/example_task_group_decorator.py
[2024-07-02T19:48:53.644+0000] {logging_mixin.py:188} INFO - [2024-07-02T19:48:53.644+0000] {dag.py:3096} INFO - Sync 1 DAGs
[2024-07-02T19:48:53.658+0000] {logging_mixin.py:188} INFO - [2024-07-02T19:48:53.658+0000] {dag.py:3954} INFO - Setting next_dagrun for example_task_group_decorator to 2024-07-01 00:00:00+00:00, run_after=2024-07-02 00:00:00+00:00
[2024-07-02T19:48:53.697+0000] {processor.py:183} INFO - Processing /usr/local/python/3.10.13/lib/python3.10/site-packages/airflow/example_dags/example_task_group_decorator.py took 0.088 seconds
[2024-07-02T19:50:01.091+0000] {processor.py:161} INFO - Started process (PID=23939) to work on /usr/local/python/3.10.13/lib/python3.10/site-packages/airflow/example_dags/example_task_group_decorator.py
[2024-07-02T19:50:01.091+0000] {processor.py:830} INFO - Processing file /usr/local/python/3.10.13/lib/python3.10/site-packages/airflow/example_dags/example_task_group_decorator.py for tasks to queue
[2024-07-02T19:50:01.092+0000] {logging_mixin.py:188} INFO - [2024-07-02T19:50:01.092+0000] {dagbag.py:545} INFO - Filling up the DagBag from /usr/local/python/3.10.13/lib/python3.10/site-packages/airflow/example_dags/example_task_group_decorator.py
[2024-07-02T19:50:01.104+0000] {processor.py:840} INFO - DAG(s) 'example_task_group_decorator' retrieved from /usr/local/python/3.10.13/lib/python3.10/site-packages/airflow/example_dags/example_task_group_decorator.py
[2024-07-02T19:50:01.120+0000] {logging_mixin.py:188} INFO - [2024-07-02T19:50:01.120+0000] {dag.py:3096} INFO - Sync 1 DAGs
[2024-07-02T19:50:01.134+0000] {logging_mixin.py:188} INFO - [2024-07-02T19:50:01.134+0000] {dag.py:3954} INFO - Setting next_dagrun for example_task_group_decorator to 2024-07-01 00:00:00+00:00, run_after=2024-07-02 00:00:00+00:00
[2024-07-02T19:50:01.173+0000] {processor.py:183} INFO - Processing /usr/local/python/3.10.13/lib/python3.10/site-packages/airflow/example_dags/example_task_group_decorator.py took 0.087 seconds
[2024-07-02T19:51:06.513+0000] {processor.py:161} INFO - Started process (PID=24428) to work on /usr/local/python/3.10.13/lib/python3.10/site-packages/airflow/example_dags/example_task_group_decorator.py
[2024-07-02T19:51:06.514+0000] {processor.py:830} INFO - Processing file /usr/local/python/3.10.13/lib/python3.10/site-packages/airflow/example_dags/example_task_group_decorator.py for tasks to queue
[2024-07-02T19:51:06.514+0000] {logging_mixin.py:188} INFO - [2024-07-02T19:51:06.514+0000] {dagbag.py:545} INFO - Filling up the DagBag from /usr/local/python/3.10.13/lib/python3.10/site-packages/airflow/example_dags/example_task_group_decorator.py
[2024-07-02T19:51:06.526+0000] {processor.py:840} INFO - DAG(s) 'example_task_group_decorator' retrieved from /usr/local/python/3.10.13/lib/python3.10/site-packages/airflow/example_dags/example_task_group_decorator.py
[2024-07-02T19:51:06.542+0000] {logging_mixin.py:188} INFO - [2024-07-02T19:51:06.542+0000] {dag.py:3096} INFO - Sync 1 DAGs
[2024-07-02T19:51:06.556+0000] {logging_mixin.py:188} INFO - [2024-07-02T19:51:06.556+0000] {dag.py:3954} INFO - Setting next_dagrun for example_task_group_decorator to 2024-07-01 00:00:00+00:00, run_after=2024-07-02 00:00:00+00:00
[2024-07-02T19:51:06.594+0000] {processor.py:183} INFO - Processing /usr/local/python/3.10.13/lib/python3.10/site-packages/airflow/example_dags/example_task_group_decorator.py took 0.086 seconds
[2024-07-02T19:51:52.646+0000] {processor.py:161} INFO - Started process (PID=24788) to work on /usr/local/python/3.10.13/lib/python3.10/site-packages/airflow/example_dags/example_task_group_decorator.py
[2024-07-02T19:51:52.647+0000] {processor.py:830} INFO - Processing file /usr/local/python/3.10.13/lib/python3.10/site-packages/airflow/example_dags/example_task_group_decorator.py for tasks to queue
[2024-07-02T19:51:52.648+0000] {logging_mixin.py:188} INFO - [2024-07-02T19:51:52.647+0000] {dagbag.py:545} INFO - Filling up the DagBag from /usr/local/python/3.10.13/lib/python3.10/site-packages/airflow/example_dags/example_task_group_decorator.py
[2024-07-02T19:51:52.659+0000] {processor.py:840} INFO - DAG(s) 'example_task_group_decorator' retrieved from /usr/local/python/3.10.13/lib/python3.10/site-packages/airflow/example_dags/example_task_group_decorator.py
[2024-07-02T19:51:52.675+0000] {logging_mixin.py:188} INFO - [2024-07-02T19:51:52.675+0000] {dag.py:3096} INFO - Sync 1 DAGs
[2024-07-02T19:51:52.689+0000] {logging_mixin.py:188} INFO - [2024-07-02T19:51:52.689+0000] {dag.py:3954} INFO - Setting next_dagrun for example_task_group_decorator to 2024-07-01 00:00:00+00:00, run_after=2024-07-02 00:00:00+00:00
[2024-07-02T19:51:52.728+0000] {processor.py:183} INFO - Processing /usr/local/python/3.10.13/lib/python3.10/site-packages/airflow/example_dags/example_task_group_decorator.py took 0.086 seconds
[2024-07-02T19:52:58.874+0000] {processor.py:161} INFO - Started process (PID=25277) to work on /usr/local/python/3.10.13/lib/python3.10/site-packages/airflow/example_dags/example_task_group_decorator.py
[2024-07-02T19:52:58.875+0000] {processor.py:830} INFO - Processing file /usr/local/python/3.10.13/lib/python3.10/site-packages/airflow/example_dags/example_task_group_decorator.py for tasks to queue
[2024-07-02T19:52:58.876+0000] {logging_mixin.py:188} INFO - [2024-07-02T19:52:58.875+0000] {dagbag.py:545} INFO - Filling up the DagBag from /usr/local/python/3.10.13/lib/python3.10/site-packages/airflow/example_dags/example_task_group_decorator.py
[2024-07-02T19:52:58.887+0000] {processor.py:840} INFO - DAG(s) 'example_task_group_decorator' retrieved from /usr/local/python/3.10.13/lib/python3.10/site-packages/airflow/example_dags/example_task_group_decorator.py
[2024-07-02T19:52:58.903+0000] {logging_mixin.py:188} INFO - [2024-07-02T19:52:58.903+0000] {dag.py:3096} INFO - Sync 1 DAGs
[2024-07-02T19:52:58.918+0000] {logging_mixin.py:188} INFO - [2024-07-02T19:52:58.918+0000] {dag.py:3954} INFO - Setting next_dagrun for example_task_group_decorator to 2024-07-01 00:00:00+00:00, run_after=2024-07-02 00:00:00+00:00
[2024-07-02T19:52:58.956+0000] {processor.py:183} INFO - Processing /usr/local/python/3.10.13/lib/python3.10/site-packages/airflow/example_dags/example_task_group_decorator.py took 0.086 seconds
[2024-07-02T19:54:06.043+0000] {processor.py:161} INFO - Started process (PID=25784) to work on /usr/local/python/3.10.13/lib/python3.10/site-packages/airflow/example_dags/example_task_group_decorator.py
[2024-07-02T19:54:06.044+0000] {processor.py:830} INFO - Processing file /usr/local/python/3.10.13/lib/python3.10/site-packages/airflow/example_dags/example_task_group_decorator.py for tasks to queue
[2024-07-02T19:54:06.045+0000] {logging_mixin.py:188} INFO - [2024-07-02T19:54:06.044+0000] {dagbag.py:545} INFO - Filling up the DagBag from /usr/local/python/3.10.13/lib/python3.10/site-packages/airflow/example_dags/example_task_group_decorator.py
[2024-07-02T19:54:06.057+0000] {processor.py:840} INFO - DAG(s) 'example_task_group_decorator' retrieved from /usr/local/python/3.10.13/lib/python3.10/site-packages/airflow/example_dags/example_task_group_decorator.py
[2024-07-02T19:54:06.072+0000] {logging_mixin.py:188} INFO - [2024-07-02T19:54:06.072+0000] {dag.py:3096} INFO - Sync 1 DAGs
[2024-07-02T19:54:06.087+0000] {logging_mixin.py:188} INFO - [2024-07-02T19:54:06.087+0000] {dag.py:3954} INFO - Setting next_dagrun for example_task_group_decorator to 2024-07-01 00:00:00+00:00, run_after=2024-07-02 00:00:00+00:00
[2024-07-02T19:54:06.135+0000] {processor.py:183} INFO - Processing /usr/local/python/3.10.13/lib/python3.10/site-packages/airflow/example_dags/example_task_group_decorator.py took 0.096 seconds
[2024-07-02T19:55:08.485+0000] {processor.py:161} INFO - Started process (PID=26269) to work on /usr/local/python/3.10.13/lib/python3.10/site-packages/airflow/example_dags/example_task_group_decorator.py
[2024-07-02T19:55:08.485+0000] {processor.py:830} INFO - Processing file /usr/local/python/3.10.13/lib/python3.10/site-packages/airflow/example_dags/example_task_group_decorator.py for tasks to queue
[2024-07-02T19:55:08.486+0000] {logging_mixin.py:188} INFO - [2024-07-02T19:55:08.486+0000] {dagbag.py:545} INFO - Filling up the DagBag from /usr/local/python/3.10.13/lib/python3.10/site-packages/airflow/example_dags/example_task_group_decorator.py
[2024-07-02T19:55:08.498+0000] {processor.py:840} INFO - DAG(s) 'example_task_group_decorator' retrieved from /usr/local/python/3.10.13/lib/python3.10/site-packages/airflow/example_dags/example_task_group_decorator.py
[2024-07-02T19:55:08.514+0000] {logging_mixin.py:188} INFO - [2024-07-02T19:55:08.514+0000] {dag.py:3096} INFO - Sync 1 DAGs
[2024-07-02T19:55:08.530+0000] {logging_mixin.py:188} INFO - [2024-07-02T19:55:08.530+0000] {dag.py:3954} INFO - Setting next_dagrun for example_task_group_decorator to 2024-07-01 00:00:00+00:00, run_after=2024-07-02 00:00:00+00:00
[2024-07-02T19:55:08.570+0000] {processor.py:183} INFO - Processing /usr/local/python/3.10.13/lib/python3.10/site-packages/airflow/example_dags/example_task_group_decorator.py took 0.090 seconds
[2024-07-02T19:55:54.597+0000] {processor.py:161} INFO - Started process (PID=26614) to work on /usr/local/python/3.10.13/lib/python3.10/site-packages/airflow/example_dags/example_task_group_decorator.py
[2024-07-02T19:55:54.598+0000] {processor.py:830} INFO - Processing file /usr/local/python/3.10.13/lib/python3.10/site-packages/airflow/example_dags/example_task_group_decorator.py for tasks to queue
[2024-07-02T19:55:54.599+0000] {logging_mixin.py:188} INFO - [2024-07-02T19:55:54.598+0000] {dagbag.py:545} INFO - Filling up the DagBag from /usr/local/python/3.10.13/lib/python3.10/site-packages/airflow/example_dags/example_task_group_decorator.py
[2024-07-02T19:55:54.610+0000] {processor.py:840} INFO - DAG(s) 'example_task_group_decorator' retrieved from /usr/local/python/3.10.13/lib/python3.10/site-packages/airflow/example_dags/example_task_group_decorator.py
[2024-07-02T19:55:54.627+0000] {logging_mixin.py:188} INFO - [2024-07-02T19:55:54.627+0000] {dag.py:3096} INFO - Sync 1 DAGs
[2024-07-02T19:55:54.642+0000] {logging_mixin.py:188} INFO - [2024-07-02T19:55:54.642+0000] {dag.py:3954} INFO - Setting next_dagrun for example_task_group_decorator to 2024-07-01 00:00:00+00:00, run_after=2024-07-02 00:00:00+00:00
[2024-07-02T19:55:54.682+0000] {processor.py:183} INFO - Processing /usr/local/python/3.10.13/lib/python3.10/site-packages/airflow/example_dags/example_task_group_decorator.py took 0.089 seconds
[2024-07-02T19:56:38.844+0000] {processor.py:161} INFO - Started process (PID=27091) to work on /usr/local/python/3.10.13/lib/python3.10/site-packages/airflow/example_dags/example_task_group_decorator.py
[2024-07-02T19:56:38.847+0000] {processor.py:830} INFO - Processing file /usr/local/python/3.10.13/lib/python3.10/site-packages/airflow/example_dags/example_task_group_decorator.py for tasks to queue
[2024-07-02T19:56:38.848+0000] {logging_mixin.py:188} INFO - [2024-07-02T19:56:38.848+0000] {dagbag.py:545} INFO - Filling up the DagBag from /usr/local/python/3.10.13/lib/python3.10/site-packages/airflow/example_dags/example_task_group_decorator.py
[2024-07-02T19:56:38.862+0000] {processor.py:840} INFO - DAG(s) 'example_task_group_decorator' retrieved from /usr/local/python/3.10.13/lib/python3.10/site-packages/airflow/example_dags/example_task_group_decorator.py
[2024-07-02T19:56:38.887+0000] {logging_mixin.py:188} INFO - [2024-07-02T19:56:38.887+0000] {dag.py:3096} INFO - Sync 1 DAGs
[2024-07-02T19:56:38.914+0000] {logging_mixin.py:188} INFO - [2024-07-02T19:56:38.914+0000] {dag.py:3954} INFO - Setting next_dagrun for example_task_group_decorator to 2024-07-01 00:00:00+00:00, run_after=2024-07-02 00:00:00+00:00
[2024-07-02T19:56:38.958+0000] {processor.py:183} INFO - Processing /usr/local/python/3.10.13/lib/python3.10/site-packages/airflow/example_dags/example_task_group_decorator.py took 0.121 seconds
[2024-07-02T19:57:33.238+0000] {processor.py:161} INFO - Started process (PID=27496) to work on /usr/local/python/3.10.13/lib/python3.10/site-packages/airflow/example_dags/example_task_group_decorator.py
[2024-07-02T19:57:33.239+0000] {processor.py:830} INFO - Processing file /usr/local/python/3.10.13/lib/python3.10/site-packages/airflow/example_dags/example_task_group_decorator.py for tasks to queue
[2024-07-02T19:57:33.240+0000] {logging_mixin.py:188} INFO - [2024-07-02T19:57:33.240+0000] {dagbag.py:545} INFO - Filling up the DagBag from /usr/local/python/3.10.13/lib/python3.10/site-packages/airflow/example_dags/example_task_group_decorator.py
[2024-07-02T19:57:33.252+0000] {processor.py:840} INFO - DAG(s) 'example_task_group_decorator' retrieved from /usr/local/python/3.10.13/lib/python3.10/site-packages/airflow/example_dags/example_task_group_decorator.py
[2024-07-02T19:57:33.268+0000] {logging_mixin.py:188} INFO - [2024-07-02T19:57:33.268+0000] {dag.py:3096} INFO - Sync 1 DAGs
[2024-07-02T19:57:33.283+0000] {logging_mixin.py:188} INFO - [2024-07-02T19:57:33.282+0000] {dag.py:3954} INFO - Setting next_dagrun for example_task_group_decorator to 2024-07-01 00:00:00+00:00, run_after=2024-07-02 00:00:00+00:00
[2024-07-02T19:57:33.327+0000] {processor.py:183} INFO - Processing /usr/local/python/3.10.13/lib/python3.10/site-packages/airflow/example_dags/example_task_group_decorator.py took 0.093 seconds
