[2024-07-02T19:09:34.313+0000] {processor.py:161} INFO - Started process (PID=4977) to work on /usr/local/python/3.10.13/lib/python3.10/site-packages/airflow/example_dags/example_python_decorator.py
[2024-07-02T19:09:34.314+0000] {processor.py:830} INFO - Processing file /usr/local/python/3.10.13/lib/python3.10/site-packages/airflow/example_dags/example_python_decorator.py for tasks to queue
[2024-07-02T19:09:34.315+0000] {logging_mixin.py:188} INFO - [2024-07-02T19:09:34.315+0000] {dagbag.py:545} INFO - Filling up the DagBag from /usr/local/python/3.10.13/lib/python3.10/site-packages/airflow/example_dags/example_python_decorator.py
[2024-07-02T19:09:34.327+0000] {processor.py:840} INFO - DAG(s) 'example_python_decorator' retrieved from /usr/local/python/3.10.13/lib/python3.10/site-packages/airflow/example_dags/example_python_decorator.py
[2024-07-02T19:09:34.537+0000] {logging_mixin.py:188} INFO - [2024-07-02T19:09:34.537+0000] {override.py:1829} INFO - Created Permission View: can read on DAG:example_python_decorator
[2024-07-02T19:09:34.570+0000] {logging_mixin.py:188} INFO - [2024-07-02T19:09:34.570+0000] {override.py:1829} INFO - Created Permission View: can delete on DAG:example_python_decorator
[2024-07-02T19:09:34.600+0000] {logging_mixin.py:188} INFO - [2024-07-02T19:09:34.600+0000] {override.py:1829} INFO - Created Permission View: can edit on DAG:example_python_decorator
[2024-07-02T19:09:34.601+0000] {logging_mixin.py:188} INFO - [2024-07-02T19:09:34.601+0000] {dag.py:3096} INFO - Sync 1 DAGs
[2024-07-02T19:09:34.608+0000] {logging_mixin.py:188} INFO - [2024-07-02T19:09:34.608+0000] {dag.py:3118} INFO - Creating ORM DAG for example_python_decorator
[2024-07-02T19:09:34.609+0000] {logging_mixin.py:188} INFO - [2024-07-02T19:09:34.609+0000] {dag.py:3954} INFO - Setting next_dagrun for example_python_decorator to None, run_after=None
[2024-07-02T19:09:34.653+0000] {processor.py:183} INFO - Processing /usr/local/python/3.10.13/lib/python3.10/site-packages/airflow/example_dags/example_python_decorator.py took 0.344 seconds
[2024-07-02T19:10:26.384+0000] {processor.py:161} INFO - Started process (PID=5618) to work on /usr/local/python/3.10.13/lib/python3.10/site-packages/airflow/example_dags/example_python_decorator.py
[2024-07-02T19:10:26.385+0000] {processor.py:830} INFO - Processing file /usr/local/python/3.10.13/lib/python3.10/site-packages/airflow/example_dags/example_python_decorator.py for tasks to queue
[2024-07-02T19:10:26.386+0000] {logging_mixin.py:188} INFO - [2024-07-02T19:10:26.386+0000] {dagbag.py:545} INFO - Filling up the DagBag from /usr/local/python/3.10.13/lib/python3.10/site-packages/airflow/example_dags/example_python_decorator.py
[2024-07-02T19:10:26.405+0000] {processor.py:840} INFO - DAG(s) 'example_python_decorator' retrieved from /usr/local/python/3.10.13/lib/python3.10/site-packages/airflow/example_dags/example_python_decorator.py
[2024-07-02T19:10:26.635+0000] {logging_mixin.py:188} INFO - [2024-07-02T19:10:26.635+0000] {dag.py:3096} INFO - Sync 1 DAGs
[2024-07-02T19:10:26.723+0000] {logging_mixin.py:188} INFO - [2024-07-02T19:10:26.722+0000] {dag.py:3954} INFO - Setting next_dagrun for example_python_decorator to None, run_after=None
[2024-07-02T19:10:26.762+0000] {processor.py:183} INFO - Processing /usr/local/python/3.10.13/lib/python3.10/site-packages/airflow/example_dags/example_python_decorator.py took 0.383 seconds
[2024-07-02T19:11:29.003+0000] {processor.py:161} INFO - Started process (PID=6077) to work on /usr/local/python/3.10.13/lib/python3.10/site-packages/airflow/example_dags/example_python_decorator.py
[2024-07-02T19:11:29.004+0000] {processor.py:830} INFO - Processing file /usr/local/python/3.10.13/lib/python3.10/site-packages/airflow/example_dags/example_python_decorator.py for tasks to queue
[2024-07-02T19:11:29.005+0000] {logging_mixin.py:188} INFO - [2024-07-02T19:11:29.005+0000] {dagbag.py:545} INFO - Filling up the DagBag from /usr/local/python/3.10.13/lib/python3.10/site-packages/airflow/example_dags/example_python_decorator.py
[2024-07-02T19:11:29.016+0000] {processor.py:840} INFO - DAG(s) 'example_python_decorator' retrieved from /usr/local/python/3.10.13/lib/python3.10/site-packages/airflow/example_dags/example_python_decorator.py
[2024-07-02T19:11:29.029+0000] {logging_mixin.py:188} INFO - [2024-07-02T19:11:29.029+0000] {dag.py:3096} INFO - Sync 1 DAGs
[2024-07-02T19:11:29.038+0000] {logging_mixin.py:188} INFO - [2024-07-02T19:11:29.038+0000] {dag.py:3954} INFO - Setting next_dagrun for example_python_decorator to None, run_after=None
[2024-07-02T19:11:29.079+0000] {processor.py:183} INFO - Processing /usr/local/python/3.10.13/lib/python3.10/site-packages/airflow/example_dags/example_python_decorator.py took 0.081 seconds
[2024-07-02T19:12:18.905+0000] {processor.py:161} INFO - Started process (PID=6464) to work on /usr/local/python/3.10.13/lib/python3.10/site-packages/airflow/example_dags/example_python_decorator.py
[2024-07-02T19:12:18.906+0000] {processor.py:830} INFO - Processing file /usr/local/python/3.10.13/lib/python3.10/site-packages/airflow/example_dags/example_python_decorator.py for tasks to queue
[2024-07-02T19:12:18.907+0000] {logging_mixin.py:188} INFO - [2024-07-02T19:12:18.907+0000] {dagbag.py:545} INFO - Filling up the DagBag from /usr/local/python/3.10.13/lib/python3.10/site-packages/airflow/example_dags/example_python_decorator.py
[2024-07-02T19:12:18.918+0000] {processor.py:840} INFO - DAG(s) 'example_python_decorator' retrieved from /usr/local/python/3.10.13/lib/python3.10/site-packages/airflow/example_dags/example_python_decorator.py
[2024-07-02T19:12:18.931+0000] {logging_mixin.py:188} INFO - [2024-07-02T19:12:18.931+0000] {dag.py:3096} INFO - Sync 1 DAGs
[2024-07-02T19:12:18.939+0000] {logging_mixin.py:188} INFO - [2024-07-02T19:12:18.939+0000] {dag.py:3954} INFO - Setting next_dagrun for example_python_decorator to None, run_after=None
[2024-07-02T19:12:18.979+0000] {processor.py:183} INFO - Processing /usr/local/python/3.10.13/lib/python3.10/site-packages/airflow/example_dags/example_python_decorator.py took 0.078 seconds
[2024-07-02T19:13:09.706+0000] {processor.py:161} INFO - Started process (PID=6846) to work on /usr/local/python/3.10.13/lib/python3.10/site-packages/airflow/example_dags/example_python_decorator.py
[2024-07-02T19:13:09.706+0000] {processor.py:830} INFO - Processing file /usr/local/python/3.10.13/lib/python3.10/site-packages/airflow/example_dags/example_python_decorator.py for tasks to queue
[2024-07-02T19:13:09.707+0000] {logging_mixin.py:188} INFO - [2024-07-02T19:13:09.707+0000] {dagbag.py:545} INFO - Filling up the DagBag from /usr/local/python/3.10.13/lib/python3.10/site-packages/airflow/example_dags/example_python_decorator.py
[2024-07-02T19:13:09.718+0000] {processor.py:840} INFO - DAG(s) 'example_python_decorator' retrieved from /usr/local/python/3.10.13/lib/python3.10/site-packages/airflow/example_dags/example_python_decorator.py
[2024-07-02T19:13:09.731+0000] {logging_mixin.py:188} INFO - [2024-07-02T19:13:09.731+0000] {dag.py:3096} INFO - Sync 1 DAGs
[2024-07-02T19:13:09.739+0000] {logging_mixin.py:188} INFO - [2024-07-02T19:13:09.739+0000] {dag.py:3954} INFO - Setting next_dagrun for example_python_decorator to None, run_after=None
[2024-07-02T19:13:09.780+0000] {processor.py:183} INFO - Processing /usr/local/python/3.10.13/lib/python3.10/site-packages/airflow/example_dags/example_python_decorator.py took 0.078 seconds
[2024-07-02T19:13:50.952+0000] {processor.py:161} INFO - Started process (PID=7162) to work on /usr/local/python/3.10.13/lib/python3.10/site-packages/airflow/example_dags/example_python_decorator.py
[2024-07-02T19:13:50.953+0000] {processor.py:830} INFO - Processing file /usr/local/python/3.10.13/lib/python3.10/site-packages/airflow/example_dags/example_python_decorator.py for tasks to queue
[2024-07-02T19:13:50.954+0000] {logging_mixin.py:188} INFO - [2024-07-02T19:13:50.954+0000] {dagbag.py:545} INFO - Filling up the DagBag from /usr/local/python/3.10.13/lib/python3.10/site-packages/airflow/example_dags/example_python_decorator.py
[2024-07-02T19:13:50.965+0000] {processor.py:840} INFO - DAG(s) 'example_python_decorator' retrieved from /usr/local/python/3.10.13/lib/python3.10/site-packages/airflow/example_dags/example_python_decorator.py
[2024-07-02T19:13:50.978+0000] {logging_mixin.py:188} INFO - [2024-07-02T19:13:50.978+0000] {dag.py:3096} INFO - Sync 1 DAGs
[2024-07-02T19:13:50.986+0000] {logging_mixin.py:188} INFO - [2024-07-02T19:13:50.986+0000] {dag.py:3954} INFO - Setting next_dagrun for example_python_decorator to None, run_after=None
[2024-07-02T19:13:51.028+0000] {processor.py:183} INFO - Processing /usr/local/python/3.10.13/lib/python3.10/site-packages/airflow/example_dags/example_python_decorator.py took 0.080 seconds
[2024-07-02T19:14:31.137+0000] {processor.py:161} INFO - Started process (PID=7467) to work on /usr/local/python/3.10.13/lib/python3.10/site-packages/airflow/example_dags/example_python_decorator.py
[2024-07-02T19:14:31.138+0000] {processor.py:830} INFO - Processing file /usr/local/python/3.10.13/lib/python3.10/site-packages/airflow/example_dags/example_python_decorator.py for tasks to queue
[2024-07-02T19:14:31.139+0000] {logging_mixin.py:188} INFO - [2024-07-02T19:14:31.139+0000] {dagbag.py:545} INFO - Filling up the DagBag from /usr/local/python/3.10.13/lib/python3.10/site-packages/airflow/example_dags/example_python_decorator.py
[2024-07-02T19:14:31.150+0000] {processor.py:840} INFO - DAG(s) 'example_python_decorator' retrieved from /usr/local/python/3.10.13/lib/python3.10/site-packages/airflow/example_dags/example_python_decorator.py
[2024-07-02T19:14:31.163+0000] {logging_mixin.py:188} INFO - [2024-07-02T19:14:31.163+0000] {dag.py:3096} INFO - Sync 1 DAGs
[2024-07-02T19:14:31.172+0000] {logging_mixin.py:188} INFO - [2024-07-02T19:14:31.172+0000] {dag.py:3954} INFO - Setting next_dagrun for example_python_decorator to None, run_after=None
[2024-07-02T19:14:31.215+0000] {processor.py:183} INFO - Processing /usr/local/python/3.10.13/lib/python3.10/site-packages/airflow/example_dags/example_python_decorator.py took 0.082 seconds
[2024-07-02T19:15:14.213+0000] {processor.py:161} INFO - Started process (PID=7788) to work on /usr/local/python/3.10.13/lib/python3.10/site-packages/airflow/example_dags/example_python_decorator.py
[2024-07-02T19:15:14.213+0000] {processor.py:830} INFO - Processing file /usr/local/python/3.10.13/lib/python3.10/site-packages/airflow/example_dags/example_python_decorator.py for tasks to queue
[2024-07-02T19:15:14.214+0000] {logging_mixin.py:188} INFO - [2024-07-02T19:15:14.214+0000] {dagbag.py:545} INFO - Filling up the DagBag from /usr/local/python/3.10.13/lib/python3.10/site-packages/airflow/example_dags/example_python_decorator.py
[2024-07-02T19:15:14.225+0000] {processor.py:840} INFO - DAG(s) 'example_python_decorator' retrieved from /usr/local/python/3.10.13/lib/python3.10/site-packages/airflow/example_dags/example_python_decorator.py
[2024-07-02T19:15:14.238+0000] {logging_mixin.py:188} INFO - [2024-07-02T19:15:14.238+0000] {dag.py:3096} INFO - Sync 1 DAGs
[2024-07-02T19:15:14.247+0000] {logging_mixin.py:188} INFO - [2024-07-02T19:15:14.247+0000] {dag.py:3954} INFO - Setting next_dagrun for example_python_decorator to None, run_after=None
[2024-07-02T19:15:14.287+0000] {processor.py:183} INFO - Processing /usr/local/python/3.10.13/lib/python3.10/site-packages/airflow/example_dags/example_python_decorator.py took 0.079 seconds
[2024-07-02T19:15:57.177+0000] {processor.py:161} INFO - Started process (PID=8133) to work on /usr/local/python/3.10.13/lib/python3.10/site-packages/airflow/example_dags/example_python_decorator.py
[2024-07-02T19:15:57.178+0000] {processor.py:830} INFO - Processing file /usr/local/python/3.10.13/lib/python3.10/site-packages/airflow/example_dags/example_python_decorator.py for tasks to queue
[2024-07-02T19:15:57.179+0000] {logging_mixin.py:188} INFO - [2024-07-02T19:15:57.178+0000] {dagbag.py:545} INFO - Filling up the DagBag from /usr/local/python/3.10.13/lib/python3.10/site-packages/airflow/example_dags/example_python_decorator.py
[2024-07-02T19:15:57.190+0000] {processor.py:840} INFO - DAG(s) 'example_python_decorator' retrieved from /usr/local/python/3.10.13/lib/python3.10/site-packages/airflow/example_dags/example_python_decorator.py
[2024-07-02T19:15:57.204+0000] {logging_mixin.py:188} INFO - [2024-07-02T19:15:57.204+0000] {dag.py:3096} INFO - Sync 1 DAGs
[2024-07-02T19:15:57.212+0000] {logging_mixin.py:188} INFO - [2024-07-02T19:15:57.212+0000] {dag.py:3954} INFO - Setting next_dagrun for example_python_decorator to None, run_after=None
[2024-07-02T19:15:57.254+0000] {processor.py:183} INFO - Processing /usr/local/python/3.10.13/lib/python3.10/site-packages/airflow/example_dags/example_python_decorator.py took 0.082 seconds
[2024-07-02T19:16:42.214+0000] {processor.py:161} INFO - Started process (PID=8465) to work on /usr/local/python/3.10.13/lib/python3.10/site-packages/airflow/example_dags/example_python_decorator.py
[2024-07-02T19:16:42.215+0000] {processor.py:830} INFO - Processing file /usr/local/python/3.10.13/lib/python3.10/site-packages/airflow/example_dags/example_python_decorator.py for tasks to queue
[2024-07-02T19:16:42.216+0000] {logging_mixin.py:188} INFO - [2024-07-02T19:16:42.215+0000] {dagbag.py:545} INFO - Filling up the DagBag from /usr/local/python/3.10.13/lib/python3.10/site-packages/airflow/example_dags/example_python_decorator.py
[2024-07-02T19:16:42.231+0000] {processor.py:840} INFO - DAG(s) 'example_python_decorator' retrieved from /usr/local/python/3.10.13/lib/python3.10/site-packages/airflow/example_dags/example_python_decorator.py
[2024-07-02T19:16:42.246+0000] {logging_mixin.py:188} INFO - [2024-07-02T19:16:42.246+0000] {dag.py:3096} INFO - Sync 1 DAGs
[2024-07-02T19:16:42.254+0000] {logging_mixin.py:188} INFO - [2024-07-02T19:16:42.254+0000] {dag.py:3954} INFO - Setting next_dagrun for example_python_decorator to None, run_after=None
[2024-07-02T19:16:42.296+0000] {processor.py:183} INFO - Processing /usr/local/python/3.10.13/lib/python3.10/site-packages/airflow/example_dags/example_python_decorator.py took 0.086 seconds
[2024-07-02T19:17:29.356+0000] {processor.py:161} INFO - Started process (PID=8830) to work on /usr/local/python/3.10.13/lib/python3.10/site-packages/airflow/example_dags/example_python_decorator.py
[2024-07-02T19:17:29.356+0000] {processor.py:830} INFO - Processing file /usr/local/python/3.10.13/lib/python3.10/site-packages/airflow/example_dags/example_python_decorator.py for tasks to queue
[2024-07-02T19:17:29.357+0000] {logging_mixin.py:188} INFO - [2024-07-02T19:17:29.357+0000] {dagbag.py:545} INFO - Filling up the DagBag from /usr/local/python/3.10.13/lib/python3.10/site-packages/airflow/example_dags/example_python_decorator.py
[2024-07-02T19:17:29.368+0000] {processor.py:840} INFO - DAG(s) 'example_python_decorator' retrieved from /usr/local/python/3.10.13/lib/python3.10/site-packages/airflow/example_dags/example_python_decorator.py
[2024-07-02T19:17:29.382+0000] {logging_mixin.py:188} INFO - [2024-07-02T19:17:29.382+0000] {dag.py:3096} INFO - Sync 1 DAGs
[2024-07-02T19:17:29.391+0000] {logging_mixin.py:188} INFO - [2024-07-02T19:17:29.390+0000] {dag.py:3954} INFO - Setting next_dagrun for example_python_decorator to None, run_after=None
[2024-07-02T19:17:29.431+0000] {processor.py:183} INFO - Processing /usr/local/python/3.10.13/lib/python3.10/site-packages/airflow/example_dags/example_python_decorator.py took 0.080 seconds
[2024-07-02T19:18:12.869+0000] {processor.py:161} INFO - Started process (PID=9159) to work on /usr/local/python/3.10.13/lib/python3.10/site-packages/airflow/example_dags/example_python_decorator.py
[2024-07-02T19:18:12.870+0000] {processor.py:830} INFO - Processing file /usr/local/python/3.10.13/lib/python3.10/site-packages/airflow/example_dags/example_python_decorator.py for tasks to queue
[2024-07-02T19:18:12.871+0000] {logging_mixin.py:188} INFO - [2024-07-02T19:18:12.870+0000] {dagbag.py:545} INFO - Filling up the DagBag from /usr/local/python/3.10.13/lib/python3.10/site-packages/airflow/example_dags/example_python_decorator.py
[2024-07-02T19:18:12.881+0000] {processor.py:840} INFO - DAG(s) 'example_python_decorator' retrieved from /usr/local/python/3.10.13/lib/python3.10/site-packages/airflow/example_dags/example_python_decorator.py
[2024-07-02T19:18:12.895+0000] {logging_mixin.py:188} INFO - [2024-07-02T19:18:12.895+0000] {dag.py:3096} INFO - Sync 1 DAGs
[2024-07-02T19:18:12.903+0000] {logging_mixin.py:188} INFO - [2024-07-02T19:18:12.903+0000] {dag.py:3954} INFO - Setting next_dagrun for example_python_decorator to None, run_after=None
[2024-07-02T19:18:12.943+0000] {processor.py:183} INFO - Processing /usr/local/python/3.10.13/lib/python3.10/site-packages/airflow/example_dags/example_python_decorator.py took 0.078 seconds
[2024-07-02T19:18:54.650+0000] {processor.py:161} INFO - Started process (PID=9472) to work on /usr/local/python/3.10.13/lib/python3.10/site-packages/airflow/example_dags/example_python_decorator.py
[2024-07-02T19:18:54.651+0000] {processor.py:830} INFO - Processing file /usr/local/python/3.10.13/lib/python3.10/site-packages/airflow/example_dags/example_python_decorator.py for tasks to queue
[2024-07-02T19:18:54.651+0000] {logging_mixin.py:188} INFO - [2024-07-02T19:18:54.651+0000] {dagbag.py:545} INFO - Filling up the DagBag from /usr/local/python/3.10.13/lib/python3.10/site-packages/airflow/example_dags/example_python_decorator.py
[2024-07-02T19:18:54.662+0000] {processor.py:840} INFO - DAG(s) 'example_python_decorator' retrieved from /usr/local/python/3.10.13/lib/python3.10/site-packages/airflow/example_dags/example_python_decorator.py
[2024-07-02T19:18:54.676+0000] {logging_mixin.py:188} INFO - [2024-07-02T19:18:54.676+0000] {dag.py:3096} INFO - Sync 1 DAGs
[2024-07-02T19:18:54.684+0000] {logging_mixin.py:188} INFO - [2024-07-02T19:18:54.684+0000] {dag.py:3954} INFO - Setting next_dagrun for example_python_decorator to None, run_after=None
[2024-07-02T19:18:54.725+0000] {processor.py:183} INFO - Processing /usr/local/python/3.10.13/lib/python3.10/site-packages/airflow/example_dags/example_python_decorator.py took 0.080 seconds
[2024-07-02T19:19:38.441+0000] {processor.py:161} INFO - Started process (PID=9798) to work on /usr/local/python/3.10.13/lib/python3.10/site-packages/airflow/example_dags/example_python_decorator.py
[2024-07-02T19:19:38.442+0000] {processor.py:830} INFO - Processing file /usr/local/python/3.10.13/lib/python3.10/site-packages/airflow/example_dags/example_python_decorator.py for tasks to queue
[2024-07-02T19:19:38.442+0000] {logging_mixin.py:188} INFO - [2024-07-02T19:19:38.442+0000] {dagbag.py:545} INFO - Filling up the DagBag from /usr/local/python/3.10.13/lib/python3.10/site-packages/airflow/example_dags/example_python_decorator.py
[2024-07-02T19:19:38.453+0000] {processor.py:840} INFO - DAG(s) 'example_python_decorator' retrieved from /usr/local/python/3.10.13/lib/python3.10/site-packages/airflow/example_dags/example_python_decorator.py
[2024-07-02T19:19:38.466+0000] {logging_mixin.py:188} INFO - [2024-07-02T19:19:38.466+0000] {dag.py:3096} INFO - Sync 1 DAGs
[2024-07-02T19:19:38.475+0000] {logging_mixin.py:188} INFO - [2024-07-02T19:19:38.475+0000] {dag.py:3954} INFO - Setting next_dagrun for example_python_decorator to None, run_after=None
[2024-07-02T19:19:38.515+0000] {processor.py:183} INFO - Processing /usr/local/python/3.10.13/lib/python3.10/site-packages/airflow/example_dags/example_python_decorator.py took 0.079 seconds
[2024-07-02T19:20:26.843+0000] {processor.py:161} INFO - Started process (PID=10159) to work on /usr/local/python/3.10.13/lib/python3.10/site-packages/airflow/example_dags/example_python_decorator.py
[2024-07-02T19:20:26.844+0000] {processor.py:830} INFO - Processing file /usr/local/python/3.10.13/lib/python3.10/site-packages/airflow/example_dags/example_python_decorator.py for tasks to queue
[2024-07-02T19:20:26.845+0000] {logging_mixin.py:188} INFO - [2024-07-02T19:20:26.844+0000] {dagbag.py:545} INFO - Filling up the DagBag from /usr/local/python/3.10.13/lib/python3.10/site-packages/airflow/example_dags/example_python_decorator.py
[2024-07-02T19:20:26.856+0000] {processor.py:840} INFO - DAG(s) 'example_python_decorator' retrieved from /usr/local/python/3.10.13/lib/python3.10/site-packages/airflow/example_dags/example_python_decorator.py
[2024-07-02T19:20:26.881+0000] {logging_mixin.py:188} INFO - [2024-07-02T19:20:26.881+0000] {dag.py:3096} INFO - Sync 1 DAGs
[2024-07-02T19:20:26.898+0000] {logging_mixin.py:188} INFO - [2024-07-02T19:20:26.898+0000] {dag.py:3954} INFO - Setting next_dagrun for example_python_decorator to None, run_after=None
[2024-07-02T19:20:26.944+0000] {processor.py:183} INFO - Processing /usr/local/python/3.10.13/lib/python3.10/site-packages/airflow/example_dags/example_python_decorator.py took 0.105 seconds
[2024-07-02T19:21:13.234+0000] {processor.py:161} INFO - Started process (PID=10524) to work on /usr/local/python/3.10.13/lib/python3.10/site-packages/airflow/example_dags/example_python_decorator.py
[2024-07-02T19:21:13.235+0000] {processor.py:830} INFO - Processing file /usr/local/python/3.10.13/lib/python3.10/site-packages/airflow/example_dags/example_python_decorator.py for tasks to queue
[2024-07-02T19:21:13.235+0000] {logging_mixin.py:188} INFO - [2024-07-02T19:21:13.235+0000] {dagbag.py:545} INFO - Filling up the DagBag from /usr/local/python/3.10.13/lib/python3.10/site-packages/airflow/example_dags/example_python_decorator.py
[2024-07-02T19:21:13.246+0000] {processor.py:840} INFO - DAG(s) 'example_python_decorator' retrieved from /usr/local/python/3.10.13/lib/python3.10/site-packages/airflow/example_dags/example_python_decorator.py
[2024-07-02T19:21:13.259+0000] {logging_mixin.py:188} INFO - [2024-07-02T19:21:13.259+0000] {dag.py:3096} INFO - Sync 1 DAGs
[2024-07-02T19:21:13.268+0000] {logging_mixin.py:188} INFO - [2024-07-02T19:21:13.268+0000] {dag.py:3954} INFO - Setting next_dagrun for example_python_decorator to None, run_after=None
[2024-07-02T19:21:13.311+0000] {processor.py:183} INFO - Processing /usr/local/python/3.10.13/lib/python3.10/site-packages/airflow/example_dags/example_python_decorator.py took 0.081 seconds
[2024-07-02T19:21:59.975+0000] {processor.py:161} INFO - Started process (PID=10861) to work on /usr/local/python/3.10.13/lib/python3.10/site-packages/airflow/example_dags/example_python_decorator.py
[2024-07-02T19:21:59.976+0000] {processor.py:830} INFO - Processing file /usr/local/python/3.10.13/lib/python3.10/site-packages/airflow/example_dags/example_python_decorator.py for tasks to queue
[2024-07-02T19:21:59.976+0000] {logging_mixin.py:188} INFO - [2024-07-02T19:21:59.976+0000] {dagbag.py:545} INFO - Filling up the DagBag from /usr/local/python/3.10.13/lib/python3.10/site-packages/airflow/example_dags/example_python_decorator.py
[2024-07-02T19:21:59.987+0000] {processor.py:840} INFO - DAG(s) 'example_python_decorator' retrieved from /usr/local/python/3.10.13/lib/python3.10/site-packages/airflow/example_dags/example_python_decorator.py
[2024-07-02T19:22:00.000+0000] {logging_mixin.py:188} INFO - [2024-07-02T19:22:00.000+0000] {dag.py:3096} INFO - Sync 1 DAGs
[2024-07-02T19:22:00.009+0000] {logging_mixin.py:188} INFO - [2024-07-02T19:22:00.009+0000] {dag.py:3954} INFO - Setting next_dagrun for example_python_decorator to None, run_after=None
[2024-07-02T19:22:00.050+0000] {processor.py:183} INFO - Processing /usr/local/python/3.10.13/lib/python3.10/site-packages/airflow/example_dags/example_python_decorator.py took 0.079 seconds
[2024-07-02T19:22:44.892+0000] {processor.py:161} INFO - Started process (PID=11218) to work on /usr/local/python/3.10.13/lib/python3.10/site-packages/airflow/example_dags/example_python_decorator.py
[2024-07-02T19:22:44.893+0000] {processor.py:830} INFO - Processing file /usr/local/python/3.10.13/lib/python3.10/site-packages/airflow/example_dags/example_python_decorator.py for tasks to queue
[2024-07-02T19:22:44.894+0000] {logging_mixin.py:188} INFO - [2024-07-02T19:22:44.893+0000] {dagbag.py:545} INFO - Filling up the DagBag from /usr/local/python/3.10.13/lib/python3.10/site-packages/airflow/example_dags/example_python_decorator.py
[2024-07-02T19:22:44.906+0000] {processor.py:840} INFO - DAG(s) 'example_python_decorator' retrieved from /usr/local/python/3.10.13/lib/python3.10/site-packages/airflow/example_dags/example_python_decorator.py
[2024-07-02T19:22:44.920+0000] {logging_mixin.py:188} INFO - [2024-07-02T19:22:44.920+0000] {dag.py:3096} INFO - Sync 1 DAGs
[2024-07-02T19:22:44.929+0000] {logging_mixin.py:188} INFO - [2024-07-02T19:22:44.929+0000] {dag.py:3954} INFO - Setting next_dagrun for example_python_decorator to None, run_after=None
[2024-07-02T19:22:44.970+0000] {processor.py:183} INFO - Processing /usr/local/python/3.10.13/lib/python3.10/site-packages/airflow/example_dags/example_python_decorator.py took 0.084 seconds
[2024-07-02T19:23:25.301+0000] {processor.py:161} INFO - Started process (PID=11524) to work on /usr/local/python/3.10.13/lib/python3.10/site-packages/airflow/example_dags/example_python_decorator.py
[2024-07-02T19:23:25.302+0000] {processor.py:830} INFO - Processing file /usr/local/python/3.10.13/lib/python3.10/site-packages/airflow/example_dags/example_python_decorator.py for tasks to queue
[2024-07-02T19:23:25.302+0000] {logging_mixin.py:188} INFO - [2024-07-02T19:23:25.302+0000] {dagbag.py:545} INFO - Filling up the DagBag from /usr/local/python/3.10.13/lib/python3.10/site-packages/airflow/example_dags/example_python_decorator.py
[2024-07-02T19:23:25.318+0000] {processor.py:840} INFO - DAG(s) 'example_python_decorator' retrieved from /usr/local/python/3.10.13/lib/python3.10/site-packages/airflow/example_dags/example_python_decorator.py
[2024-07-02T19:23:25.331+0000] {logging_mixin.py:188} INFO - [2024-07-02T19:23:25.331+0000] {dag.py:3096} INFO - Sync 1 DAGs
[2024-07-02T19:23:25.340+0000] {logging_mixin.py:188} INFO - [2024-07-02T19:23:25.340+0000] {dag.py:3954} INFO - Setting next_dagrun for example_python_decorator to None, run_after=None
[2024-07-02T19:23:25.383+0000] {processor.py:183} INFO - Processing /usr/local/python/3.10.13/lib/python3.10/site-packages/airflow/example_dags/example_python_decorator.py took 0.089 seconds
[2024-07-02T19:24:08.139+0000] {processor.py:161} INFO - Started process (PID=11846) to work on /usr/local/python/3.10.13/lib/python3.10/site-packages/airflow/example_dags/example_python_decorator.py
[2024-07-02T19:24:08.140+0000] {processor.py:830} INFO - Processing file /usr/local/python/3.10.13/lib/python3.10/site-packages/airflow/example_dags/example_python_decorator.py for tasks to queue
[2024-07-02T19:24:08.140+0000] {logging_mixin.py:188} INFO - [2024-07-02T19:24:08.140+0000] {dagbag.py:545} INFO - Filling up the DagBag from /usr/local/python/3.10.13/lib/python3.10/site-packages/airflow/example_dags/example_python_decorator.py
[2024-07-02T19:24:08.151+0000] {processor.py:840} INFO - DAG(s) 'example_python_decorator' retrieved from /usr/local/python/3.10.13/lib/python3.10/site-packages/airflow/example_dags/example_python_decorator.py
[2024-07-02T19:24:08.164+0000] {logging_mixin.py:188} INFO - [2024-07-02T19:24:08.164+0000] {dag.py:3096} INFO - Sync 1 DAGs
[2024-07-02T19:24:08.173+0000] {logging_mixin.py:188} INFO - [2024-07-02T19:24:08.172+0000] {dag.py:3954} INFO - Setting next_dagrun for example_python_decorator to None, run_after=None
[2024-07-02T19:24:08.212+0000] {processor.py:183} INFO - Processing /usr/local/python/3.10.13/lib/python3.10/site-packages/airflow/example_dags/example_python_decorator.py took 0.078 seconds
[2024-07-02T19:24:51.149+0000] {processor.py:161} INFO - Started process (PID=12166) to work on /usr/local/python/3.10.13/lib/python3.10/site-packages/airflow/example_dags/example_python_decorator.py
[2024-07-02T19:24:51.150+0000] {processor.py:830} INFO - Processing file /usr/local/python/3.10.13/lib/python3.10/site-packages/airflow/example_dags/example_python_decorator.py for tasks to queue
[2024-07-02T19:24:51.151+0000] {logging_mixin.py:188} INFO - [2024-07-02T19:24:51.150+0000] {dagbag.py:545} INFO - Filling up the DagBag from /usr/local/python/3.10.13/lib/python3.10/site-packages/airflow/example_dags/example_python_decorator.py
[2024-07-02T19:24:51.161+0000] {processor.py:840} INFO - DAG(s) 'example_python_decorator' retrieved from /usr/local/python/3.10.13/lib/python3.10/site-packages/airflow/example_dags/example_python_decorator.py
[2024-07-02T19:24:51.175+0000] {logging_mixin.py:188} INFO - [2024-07-02T19:24:51.174+0000] {dag.py:3096} INFO - Sync 1 DAGs
[2024-07-02T19:24:51.183+0000] {logging_mixin.py:188} INFO - [2024-07-02T19:24:51.183+0000] {dag.py:3954} INFO - Setting next_dagrun for example_python_decorator to None, run_after=None
[2024-07-02T19:24:51.225+0000] {processor.py:183} INFO - Processing /usr/local/python/3.10.13/lib/python3.10/site-packages/airflow/example_dags/example_python_decorator.py took 0.081 seconds
[2024-07-02T19:25:34.277+0000] {processor.py:161} INFO - Started process (PID=12490) to work on /usr/local/python/3.10.13/lib/python3.10/site-packages/airflow/example_dags/example_python_decorator.py
[2024-07-02T19:25:34.277+0000] {processor.py:830} INFO - Processing file /usr/local/python/3.10.13/lib/python3.10/site-packages/airflow/example_dags/example_python_decorator.py for tasks to queue
[2024-07-02T19:25:34.278+0000] {logging_mixin.py:188} INFO - [2024-07-02T19:25:34.278+0000] {dagbag.py:545} INFO - Filling up the DagBag from /usr/local/python/3.10.13/lib/python3.10/site-packages/airflow/example_dags/example_python_decorator.py
[2024-07-02T19:25:34.289+0000] {processor.py:840} INFO - DAG(s) 'example_python_decorator' retrieved from /usr/local/python/3.10.13/lib/python3.10/site-packages/airflow/example_dags/example_python_decorator.py
[2024-07-02T19:25:34.302+0000] {logging_mixin.py:188} INFO - [2024-07-02T19:25:34.302+0000] {dag.py:3096} INFO - Sync 1 DAGs
[2024-07-02T19:25:34.311+0000] {logging_mixin.py:188} INFO - [2024-07-02T19:25:34.310+0000] {dag.py:3954} INFO - Setting next_dagrun for example_python_decorator to None, run_after=None
[2024-07-02T19:25:34.353+0000] {processor.py:183} INFO - Processing /usr/local/python/3.10.13/lib/python3.10/site-packages/airflow/example_dags/example_python_decorator.py took 0.081 seconds
[2024-07-02T19:26:17.594+0000] {processor.py:161} INFO - Started process (PID=12839) to work on /usr/local/python/3.10.13/lib/python3.10/site-packages/airflow/example_dags/example_python_decorator.py
[2024-07-02T19:26:17.595+0000] {processor.py:830} INFO - Processing file /usr/local/python/3.10.13/lib/python3.10/site-packages/airflow/example_dags/example_python_decorator.py for tasks to queue
[2024-07-02T19:26:17.595+0000] {logging_mixin.py:188} INFO - [2024-07-02T19:26:17.595+0000] {dagbag.py:545} INFO - Filling up the DagBag from /usr/local/python/3.10.13/lib/python3.10/site-packages/airflow/example_dags/example_python_decorator.py
[2024-07-02T19:26:17.606+0000] {processor.py:840} INFO - DAG(s) 'example_python_decorator' retrieved from /usr/local/python/3.10.13/lib/python3.10/site-packages/airflow/example_dags/example_python_decorator.py
[2024-07-02T19:26:17.620+0000] {logging_mixin.py:188} INFO - [2024-07-02T19:26:17.619+0000] {dag.py:3096} INFO - Sync 1 DAGs
[2024-07-02T19:26:17.629+0000] {logging_mixin.py:188} INFO - [2024-07-02T19:26:17.629+0000] {dag.py:3954} INFO - Setting next_dagrun for example_python_decorator to None, run_after=None
[2024-07-02T19:26:17.669+0000] {processor.py:183} INFO - Processing /usr/local/python/3.10.13/lib/python3.10/site-packages/airflow/example_dags/example_python_decorator.py took 0.079 seconds
[2024-07-02T19:27:01.751+0000] {processor.py:161} INFO - Started process (PID=13160) to work on /usr/local/python/3.10.13/lib/python3.10/site-packages/airflow/example_dags/example_python_decorator.py
[2024-07-02T19:27:01.752+0000] {processor.py:830} INFO - Processing file /usr/local/python/3.10.13/lib/python3.10/site-packages/airflow/example_dags/example_python_decorator.py for tasks to queue
[2024-07-02T19:27:01.753+0000] {logging_mixin.py:188} INFO - [2024-07-02T19:27:01.753+0000] {dagbag.py:545} INFO - Filling up the DagBag from /usr/local/python/3.10.13/lib/python3.10/site-packages/airflow/example_dags/example_python_decorator.py
[2024-07-02T19:27:01.763+0000] {processor.py:840} INFO - DAG(s) 'example_python_decorator' retrieved from /usr/local/python/3.10.13/lib/python3.10/site-packages/airflow/example_dags/example_python_decorator.py
[2024-07-02T19:27:01.778+0000] {logging_mixin.py:188} INFO - [2024-07-02T19:27:01.778+0000] {dag.py:3096} INFO - Sync 1 DAGs
[2024-07-02T19:27:01.787+0000] {logging_mixin.py:188} INFO - [2024-07-02T19:27:01.787+0000] {dag.py:3954} INFO - Setting next_dagrun for example_python_decorator to None, run_after=None
[2024-07-02T19:27:01.827+0000] {processor.py:183} INFO - Processing /usr/local/python/3.10.13/lib/python3.10/site-packages/airflow/example_dags/example_python_decorator.py took 0.081 seconds
[2024-07-02T19:27:44.451+0000] {processor.py:161} INFO - Started process (PID=13540) to work on /usr/local/python/3.10.13/lib/python3.10/site-packages/airflow/example_dags/example_python_decorator.py
[2024-07-02T19:27:44.452+0000] {processor.py:830} INFO - Processing file /usr/local/python/3.10.13/lib/python3.10/site-packages/airflow/example_dags/example_python_decorator.py for tasks to queue
[2024-07-02T19:27:44.452+0000] {logging_mixin.py:188} INFO - [2024-07-02T19:27:44.452+0000] {dagbag.py:545} INFO - Filling up the DagBag from /usr/local/python/3.10.13/lib/python3.10/site-packages/airflow/example_dags/example_python_decorator.py
[2024-07-02T19:27:44.463+0000] {processor.py:840} INFO - DAG(s) 'example_python_decorator' retrieved from /usr/local/python/3.10.13/lib/python3.10/site-packages/airflow/example_dags/example_python_decorator.py
[2024-07-02T19:27:44.476+0000] {logging_mixin.py:188} INFO - [2024-07-02T19:27:44.476+0000] {dag.py:3096} INFO - Sync 1 DAGs
[2024-07-02T19:27:44.485+0000] {logging_mixin.py:188} INFO - [2024-07-02T19:27:44.485+0000] {dag.py:3954} INFO - Setting next_dagrun for example_python_decorator to None, run_after=None
[2024-07-02T19:27:44.526+0000] {processor.py:183} INFO - Processing /usr/local/python/3.10.13/lib/python3.10/site-packages/airflow/example_dags/example_python_decorator.py took 0.079 seconds
[2024-07-02T19:28:25.923+0000] {processor.py:161} INFO - Started process (PID=13924) to work on /usr/local/python/3.10.13/lib/python3.10/site-packages/airflow/example_dags/example_python_decorator.py
[2024-07-02T19:28:25.924+0000] {processor.py:830} INFO - Processing file /usr/local/python/3.10.13/lib/python3.10/site-packages/airflow/example_dags/example_python_decorator.py for tasks to queue
[2024-07-02T19:28:25.924+0000] {logging_mixin.py:188} INFO - [2024-07-02T19:28:25.924+0000] {dagbag.py:545} INFO - Filling up the DagBag from /usr/local/python/3.10.13/lib/python3.10/site-packages/airflow/example_dags/example_python_decorator.py
[2024-07-02T19:28:25.935+0000] {processor.py:840} INFO - DAG(s) 'example_python_decorator' retrieved from /usr/local/python/3.10.13/lib/python3.10/site-packages/airflow/example_dags/example_python_decorator.py
[2024-07-02T19:28:25.949+0000] {logging_mixin.py:188} INFO - [2024-07-02T19:28:25.948+0000] {dag.py:3096} INFO - Sync 1 DAGs
[2024-07-02T19:28:25.957+0000] {logging_mixin.py:188} INFO - [2024-07-02T19:28:25.957+0000] {dag.py:3954} INFO - Setting next_dagrun for example_python_decorator to None, run_after=None
[2024-07-02T19:28:25.998+0000] {processor.py:183} INFO - Processing /usr/local/python/3.10.13/lib/python3.10/site-packages/airflow/example_dags/example_python_decorator.py took 0.082 seconds
[2024-07-02T19:29:12.126+0000] {processor.py:161} INFO - Started process (PID=14331) to work on /usr/local/python/3.10.13/lib/python3.10/site-packages/airflow/example_dags/example_python_decorator.py
[2024-07-02T19:29:12.127+0000] {processor.py:830} INFO - Processing file /usr/local/python/3.10.13/lib/python3.10/site-packages/airflow/example_dags/example_python_decorator.py for tasks to queue
[2024-07-02T19:29:12.127+0000] {logging_mixin.py:188} INFO - [2024-07-02T19:29:12.127+0000] {dagbag.py:545} INFO - Filling up the DagBag from /usr/local/python/3.10.13/lib/python3.10/site-packages/airflow/example_dags/example_python_decorator.py
[2024-07-02T19:29:12.138+0000] {processor.py:840} INFO - DAG(s) 'example_python_decorator' retrieved from /usr/local/python/3.10.13/lib/python3.10/site-packages/airflow/example_dags/example_python_decorator.py
[2024-07-02T19:29:12.152+0000] {logging_mixin.py:188} INFO - [2024-07-02T19:29:12.152+0000] {dag.py:3096} INFO - Sync 1 DAGs
[2024-07-02T19:29:12.161+0000] {logging_mixin.py:188} INFO - [2024-07-02T19:29:12.160+0000] {dag.py:3954} INFO - Setting next_dagrun for example_python_decorator to None, run_after=None
[2024-07-02T19:29:12.202+0000] {processor.py:183} INFO - Processing /usr/local/python/3.10.13/lib/python3.10/site-packages/airflow/example_dags/example_python_decorator.py took 0.080 seconds
[2024-07-02T19:29:59.051+0000] {processor.py:161} INFO - Started process (PID=14677) to work on /usr/local/python/3.10.13/lib/python3.10/site-packages/airflow/example_dags/example_python_decorator.py
[2024-07-02T19:29:59.052+0000] {processor.py:830} INFO - Processing file /usr/local/python/3.10.13/lib/python3.10/site-packages/airflow/example_dags/example_python_decorator.py for tasks to queue
[2024-07-02T19:29:59.052+0000] {logging_mixin.py:188} INFO - [2024-07-02T19:29:59.052+0000] {dagbag.py:545} INFO - Filling up the DagBag from /usr/local/python/3.10.13/lib/python3.10/site-packages/airflow/example_dags/example_python_decorator.py
[2024-07-02T19:29:59.063+0000] {processor.py:840} INFO - DAG(s) 'example_python_decorator' retrieved from /usr/local/python/3.10.13/lib/python3.10/site-packages/airflow/example_dags/example_python_decorator.py
[2024-07-02T19:29:59.076+0000] {logging_mixin.py:188} INFO - [2024-07-02T19:29:59.076+0000] {dag.py:3096} INFO - Sync 1 DAGs
[2024-07-02T19:29:59.086+0000] {logging_mixin.py:188} INFO - [2024-07-02T19:29:59.086+0000] {dag.py:3954} INFO - Setting next_dagrun for example_python_decorator to None, run_after=None
[2024-07-02T19:29:59.133+0000] {processor.py:183} INFO - Processing /usr/local/python/3.10.13/lib/python3.10/site-packages/airflow/example_dags/example_python_decorator.py took 0.086 seconds
[2024-07-02T19:30:44.871+0000] {processor.py:161} INFO - Started process (PID=15080) to work on /usr/local/python/3.10.13/lib/python3.10/site-packages/airflow/example_dags/example_python_decorator.py
[2024-07-02T19:30:44.872+0000] {processor.py:830} INFO - Processing file /usr/local/python/3.10.13/lib/python3.10/site-packages/airflow/example_dags/example_python_decorator.py for tasks to queue
[2024-07-02T19:30:44.872+0000] {logging_mixin.py:188} INFO - [2024-07-02T19:30:44.872+0000] {dagbag.py:545} INFO - Filling up the DagBag from /usr/local/python/3.10.13/lib/python3.10/site-packages/airflow/example_dags/example_python_decorator.py
[2024-07-02T19:30:44.883+0000] {processor.py:840} INFO - DAG(s) 'example_python_decorator' retrieved from /usr/local/python/3.10.13/lib/python3.10/site-packages/airflow/example_dags/example_python_decorator.py
[2024-07-02T19:30:44.896+0000] {logging_mixin.py:188} INFO - [2024-07-02T19:30:44.896+0000] {dag.py:3096} INFO - Sync 1 DAGs
[2024-07-02T19:30:44.904+0000] {logging_mixin.py:188} INFO - [2024-07-02T19:30:44.904+0000] {dag.py:3954} INFO - Setting next_dagrun for example_python_decorator to None, run_after=None
[2024-07-02T19:30:44.945+0000] {processor.py:183} INFO - Processing /usr/local/python/3.10.13/lib/python3.10/site-packages/airflow/example_dags/example_python_decorator.py took 0.079 seconds
[2024-07-02T19:31:31.663+0000] {processor.py:161} INFO - Started process (PID=15421) to work on /usr/local/python/3.10.13/lib/python3.10/site-packages/airflow/example_dags/example_python_decorator.py
[2024-07-02T19:31:31.663+0000] {processor.py:830} INFO - Processing file /usr/local/python/3.10.13/lib/python3.10/site-packages/airflow/example_dags/example_python_decorator.py for tasks to queue
[2024-07-02T19:31:31.664+0000] {logging_mixin.py:188} INFO - [2024-07-02T19:31:31.664+0000] {dagbag.py:545} INFO - Filling up the DagBag from /usr/local/python/3.10.13/lib/python3.10/site-packages/airflow/example_dags/example_python_decorator.py
[2024-07-02T19:31:31.674+0000] {processor.py:840} INFO - DAG(s) 'example_python_decorator' retrieved from /usr/local/python/3.10.13/lib/python3.10/site-packages/airflow/example_dags/example_python_decorator.py
[2024-07-02T19:31:31.689+0000] {logging_mixin.py:188} INFO - [2024-07-02T19:31:31.689+0000] {dag.py:3096} INFO - Sync 1 DAGs
[2024-07-02T19:31:31.698+0000] {logging_mixin.py:188} INFO - [2024-07-02T19:31:31.698+0000] {dag.py:3954} INFO - Setting next_dagrun for example_python_decorator to None, run_after=None
[2024-07-02T19:31:31.739+0000] {processor.py:183} INFO - Processing /usr/local/python/3.10.13/lib/python3.10/site-packages/airflow/example_dags/example_python_decorator.py took 0.081 seconds
[2024-07-02T19:32:19.844+0000] {processor.py:161} INFO - Started process (PID=15794) to work on /usr/local/python/3.10.13/lib/python3.10/site-packages/airflow/example_dags/example_python_decorator.py
[2024-07-02T19:32:19.845+0000] {processor.py:830} INFO - Processing file /usr/local/python/3.10.13/lib/python3.10/site-packages/airflow/example_dags/example_python_decorator.py for tasks to queue
[2024-07-02T19:32:19.846+0000] {logging_mixin.py:188} INFO - [2024-07-02T19:32:19.845+0000] {dagbag.py:545} INFO - Filling up the DagBag from /usr/local/python/3.10.13/lib/python3.10/site-packages/airflow/example_dags/example_python_decorator.py
[2024-07-02T19:32:19.856+0000] {processor.py:840} INFO - DAG(s) 'example_python_decorator' retrieved from /usr/local/python/3.10.13/lib/python3.10/site-packages/airflow/example_dags/example_python_decorator.py
[2024-07-02T19:32:19.870+0000] {logging_mixin.py:188} INFO - [2024-07-02T19:32:19.870+0000] {dag.py:3096} INFO - Sync 1 DAGs
[2024-07-02T19:32:19.879+0000] {logging_mixin.py:188} INFO - [2024-07-02T19:32:19.879+0000] {dag.py:3954} INFO - Setting next_dagrun for example_python_decorator to None, run_after=None
[2024-07-02T19:32:19.922+0000] {processor.py:183} INFO - Processing /usr/local/python/3.10.13/lib/python3.10/site-packages/airflow/example_dags/example_python_decorator.py took 0.082 seconds
[2024-07-02T19:33:01.907+0000] {processor.py:161} INFO - Started process (PID=16110) to work on /usr/local/python/3.10.13/lib/python3.10/site-packages/airflow/example_dags/example_python_decorator.py
[2024-07-02T19:33:01.907+0000] {processor.py:830} INFO - Processing file /usr/local/python/3.10.13/lib/python3.10/site-packages/airflow/example_dags/example_python_decorator.py for tasks to queue
[2024-07-02T19:33:01.908+0000] {logging_mixin.py:188} INFO - [2024-07-02T19:33:01.908+0000] {dagbag.py:545} INFO - Filling up the DagBag from /usr/local/python/3.10.13/lib/python3.10/site-packages/airflow/example_dags/example_python_decorator.py
[2024-07-02T19:33:01.919+0000] {processor.py:840} INFO - DAG(s) 'example_python_decorator' retrieved from /usr/local/python/3.10.13/lib/python3.10/site-packages/airflow/example_dags/example_python_decorator.py
[2024-07-02T19:33:01.932+0000] {logging_mixin.py:188} INFO - [2024-07-02T19:33:01.932+0000] {dag.py:3096} INFO - Sync 1 DAGs
[2024-07-02T19:33:01.942+0000] {logging_mixin.py:188} INFO - [2024-07-02T19:33:01.941+0000] {dag.py:3954} INFO - Setting next_dagrun for example_python_decorator to None, run_after=None
[2024-07-02T19:33:01.984+0000] {processor.py:183} INFO - Processing /usr/local/python/3.10.13/lib/python3.10/site-packages/airflow/example_dags/example_python_decorator.py took 0.083 seconds
[2024-07-02T19:33:45.289+0000] {processor.py:161} INFO - Started process (PID=16521) to work on /usr/local/python/3.10.13/lib/python3.10/site-packages/airflow/example_dags/example_python_decorator.py
[2024-07-02T19:33:45.290+0000] {processor.py:830} INFO - Processing file /usr/local/python/3.10.13/lib/python3.10/site-packages/airflow/example_dags/example_python_decorator.py for tasks to queue
[2024-07-02T19:33:45.290+0000] {logging_mixin.py:188} INFO - [2024-07-02T19:33:45.290+0000] {dagbag.py:545} INFO - Filling up the DagBag from /usr/local/python/3.10.13/lib/python3.10/site-packages/airflow/example_dags/example_python_decorator.py
[2024-07-02T19:33:45.301+0000] {processor.py:840} INFO - DAG(s) 'example_python_decorator' retrieved from /usr/local/python/3.10.13/lib/python3.10/site-packages/airflow/example_dags/example_python_decorator.py
[2024-07-02T19:33:45.315+0000] {logging_mixin.py:188} INFO - [2024-07-02T19:33:45.315+0000] {dag.py:3096} INFO - Sync 1 DAGs
[2024-07-02T19:33:45.324+0000] {logging_mixin.py:188} INFO - [2024-07-02T19:33:45.324+0000] {dag.py:3954} INFO - Setting next_dagrun for example_python_decorator to None, run_after=None
[2024-07-02T19:33:45.366+0000] {processor.py:183} INFO - Processing /usr/local/python/3.10.13/lib/python3.10/site-packages/airflow/example_dags/example_python_decorator.py took 0.082 seconds
[2024-07-02T19:34:32.153+0000] {processor.py:161} INFO - Started process (PID=16904) to work on /usr/local/python/3.10.13/lib/python3.10/site-packages/airflow/example_dags/example_python_decorator.py
[2024-07-02T19:34:32.153+0000] {processor.py:830} INFO - Processing file /usr/local/python/3.10.13/lib/python3.10/site-packages/airflow/example_dags/example_python_decorator.py for tasks to queue
[2024-07-02T19:34:32.154+0000] {logging_mixin.py:188} INFO - [2024-07-02T19:34:32.154+0000] {dagbag.py:545} INFO - Filling up the DagBag from /usr/local/python/3.10.13/lib/python3.10/site-packages/airflow/example_dags/example_python_decorator.py
[2024-07-02T19:34:32.166+0000] {processor.py:840} INFO - DAG(s) 'example_python_decorator' retrieved from /usr/local/python/3.10.13/lib/python3.10/site-packages/airflow/example_dags/example_python_decorator.py
[2024-07-02T19:34:32.179+0000] {logging_mixin.py:188} INFO - [2024-07-02T19:34:32.179+0000] {dag.py:3096} INFO - Sync 1 DAGs
[2024-07-02T19:34:32.188+0000] {logging_mixin.py:188} INFO - [2024-07-02T19:34:32.188+0000] {dag.py:3954} INFO - Setting next_dagrun for example_python_decorator to None, run_after=None
[2024-07-02T19:34:32.228+0000] {processor.py:183} INFO - Processing /usr/local/python/3.10.13/lib/python3.10/site-packages/airflow/example_dags/example_python_decorator.py took 0.080 seconds
[2024-07-02T19:35:18.559+0000] {processor.py:161} INFO - Started process (PID=17261) to work on /usr/local/python/3.10.13/lib/python3.10/site-packages/airflow/example_dags/example_python_decorator.py
[2024-07-02T19:35:18.560+0000] {processor.py:830} INFO - Processing file /usr/local/python/3.10.13/lib/python3.10/site-packages/airflow/example_dags/example_python_decorator.py for tasks to queue
[2024-07-02T19:35:18.561+0000] {logging_mixin.py:188} INFO - [2024-07-02T19:35:18.560+0000] {dagbag.py:545} INFO - Filling up the DagBag from /usr/local/python/3.10.13/lib/python3.10/site-packages/airflow/example_dags/example_python_decorator.py
[2024-07-02T19:35:18.571+0000] {processor.py:840} INFO - DAG(s) 'example_python_decorator' retrieved from /usr/local/python/3.10.13/lib/python3.10/site-packages/airflow/example_dags/example_python_decorator.py
[2024-07-02T19:35:18.585+0000] {logging_mixin.py:188} INFO - [2024-07-02T19:35:18.585+0000] {dag.py:3096} INFO - Sync 1 DAGs
[2024-07-02T19:35:18.593+0000] {logging_mixin.py:188} INFO - [2024-07-02T19:35:18.593+0000] {dag.py:3954} INFO - Setting next_dagrun for example_python_decorator to None, run_after=None
[2024-07-02T19:35:18.634+0000] {processor.py:183} INFO - Processing /usr/local/python/3.10.13/lib/python3.10/site-packages/airflow/example_dags/example_python_decorator.py took 0.079 seconds
[2024-07-02T19:36:09.649+0000] {processor.py:161} INFO - Started process (PID=17746) to work on /usr/local/python/3.10.13/lib/python3.10/site-packages/airflow/example_dags/example_python_decorator.py
[2024-07-02T19:36:09.650+0000] {processor.py:830} INFO - Processing file /usr/local/python/3.10.13/lib/python3.10/site-packages/airflow/example_dags/example_python_decorator.py for tasks to queue
[2024-07-02T19:36:09.651+0000] {logging_mixin.py:188} INFO - [2024-07-02T19:36:09.650+0000] {dagbag.py:545} INFO - Filling up the DagBag from /usr/local/python/3.10.13/lib/python3.10/site-packages/airflow/example_dags/example_python_decorator.py
[2024-07-02T19:36:09.661+0000] {processor.py:840} INFO - DAG(s) 'example_python_decorator' retrieved from /usr/local/python/3.10.13/lib/python3.10/site-packages/airflow/example_dags/example_python_decorator.py
[2024-07-02T19:36:09.675+0000] {logging_mixin.py:188} INFO - [2024-07-02T19:36:09.674+0000] {dag.py:3096} INFO - Sync 1 DAGs
[2024-07-02T19:36:09.684+0000] {logging_mixin.py:188} INFO - [2024-07-02T19:36:09.684+0000] {dag.py:3954} INFO - Setting next_dagrun for example_python_decorator to None, run_after=None
[2024-07-02T19:36:09.724+0000] {processor.py:183} INFO - Processing /usr/local/python/3.10.13/lib/python3.10/site-packages/airflow/example_dags/example_python_decorator.py took 0.079 seconds
[2024-07-02T19:37:03.874+0000] {processor.py:161} INFO - Started process (PID=18135) to work on /usr/local/python/3.10.13/lib/python3.10/site-packages/airflow/example_dags/example_python_decorator.py
[2024-07-02T19:37:03.874+0000] {processor.py:830} INFO - Processing file /usr/local/python/3.10.13/lib/python3.10/site-packages/airflow/example_dags/example_python_decorator.py for tasks to queue
[2024-07-02T19:37:03.875+0000] {logging_mixin.py:188} INFO - [2024-07-02T19:37:03.875+0000] {dagbag.py:545} INFO - Filling up the DagBag from /usr/local/python/3.10.13/lib/python3.10/site-packages/airflow/example_dags/example_python_decorator.py
[2024-07-02T19:37:03.885+0000] {processor.py:840} INFO - DAG(s) 'example_python_decorator' retrieved from /usr/local/python/3.10.13/lib/python3.10/site-packages/airflow/example_dags/example_python_decorator.py
[2024-07-02T19:37:03.899+0000] {logging_mixin.py:188} INFO - [2024-07-02T19:37:03.898+0000] {dag.py:3096} INFO - Sync 1 DAGs
[2024-07-02T19:37:03.908+0000] {logging_mixin.py:188} INFO - [2024-07-02T19:37:03.908+0000] {dag.py:3954} INFO - Setting next_dagrun for example_python_decorator to None, run_after=None
[2024-07-02T19:37:03.947+0000] {processor.py:183} INFO - Processing /usr/local/python/3.10.13/lib/python3.10/site-packages/airflow/example_dags/example_python_decorator.py took 0.078 seconds
[2024-07-02T19:37:47.044+0000] {processor.py:161} INFO - Started process (PID=18441) to work on /usr/local/python/3.10.13/lib/python3.10/site-packages/airflow/example_dags/example_python_decorator.py
[2024-07-02T19:37:47.045+0000] {processor.py:830} INFO - Processing file /usr/local/python/3.10.13/lib/python3.10/site-packages/airflow/example_dags/example_python_decorator.py for tasks to queue
[2024-07-02T19:37:47.046+0000] {logging_mixin.py:188} INFO - [2024-07-02T19:37:47.046+0000] {dagbag.py:545} INFO - Filling up the DagBag from /usr/local/python/3.10.13/lib/python3.10/site-packages/airflow/example_dags/example_python_decorator.py
[2024-07-02T19:37:47.062+0000] {processor.py:840} INFO - DAG(s) 'example_python_decorator' retrieved from /usr/local/python/3.10.13/lib/python3.10/site-packages/airflow/example_dags/example_python_decorator.py
[2024-07-02T19:37:47.083+0000] {logging_mixin.py:188} INFO - [2024-07-02T19:37:47.082+0000] {dag.py:3096} INFO - Sync 1 DAGs
[2024-07-02T19:37:47.099+0000] {logging_mixin.py:188} INFO - [2024-07-02T19:37:47.099+0000] {dag.py:3954} INFO - Setting next_dagrun for example_python_decorator to None, run_after=None
[2024-07-02T19:37:47.141+0000] {processor.py:183} INFO - Processing /usr/local/python/3.10.13/lib/python3.10/site-packages/airflow/example_dags/example_python_decorator.py took 0.103 seconds
[2024-07-02T19:38:30.686+0000] {processor.py:161} INFO - Started process (PID=18762) to work on /usr/local/python/3.10.13/lib/python3.10/site-packages/airflow/example_dags/example_python_decorator.py
[2024-07-02T19:38:30.687+0000] {processor.py:830} INFO - Processing file /usr/local/python/3.10.13/lib/python3.10/site-packages/airflow/example_dags/example_python_decorator.py for tasks to queue
[2024-07-02T19:38:30.688+0000] {logging_mixin.py:188} INFO - [2024-07-02T19:38:30.687+0000] {dagbag.py:545} INFO - Filling up the DagBag from /usr/local/python/3.10.13/lib/python3.10/site-packages/airflow/example_dags/example_python_decorator.py
[2024-07-02T19:38:30.698+0000] {processor.py:840} INFO - DAG(s) 'example_python_decorator' retrieved from /usr/local/python/3.10.13/lib/python3.10/site-packages/airflow/example_dags/example_python_decorator.py
[2024-07-02T19:38:30.712+0000] {logging_mixin.py:188} INFO - [2024-07-02T19:38:30.712+0000] {dag.py:3096} INFO - Sync 1 DAGs
[2024-07-02T19:38:30.721+0000] {logging_mixin.py:188} INFO - [2024-07-02T19:38:30.721+0000] {dag.py:3954} INFO - Setting next_dagrun for example_python_decorator to None, run_after=None
[2024-07-02T19:38:30.778+0000] {processor.py:183} INFO - Processing /usr/local/python/3.10.13/lib/python3.10/site-packages/airflow/example_dags/example_python_decorator.py took 0.097 seconds
[2024-07-02T19:39:13.709+0000] {processor.py:161} INFO - Started process (PID=19067) to work on /usr/local/python/3.10.13/lib/python3.10/site-packages/airflow/example_dags/example_python_decorator.py
[2024-07-02T19:39:13.710+0000] {processor.py:830} INFO - Processing file /usr/local/python/3.10.13/lib/python3.10/site-packages/airflow/example_dags/example_python_decorator.py for tasks to queue
[2024-07-02T19:39:13.711+0000] {logging_mixin.py:188} INFO - [2024-07-02T19:39:13.711+0000] {dagbag.py:545} INFO - Filling up the DagBag from /usr/local/python/3.10.13/lib/python3.10/site-packages/airflow/example_dags/example_python_decorator.py
[2024-07-02T19:39:13.722+0000] {processor.py:840} INFO - DAG(s) 'example_python_decorator' retrieved from /usr/local/python/3.10.13/lib/python3.10/site-packages/airflow/example_dags/example_python_decorator.py
[2024-07-02T19:39:13.735+0000] {logging_mixin.py:188} INFO - [2024-07-02T19:39:13.735+0000] {dag.py:3096} INFO - Sync 1 DAGs
[2024-07-02T19:39:13.744+0000] {logging_mixin.py:188} INFO - [2024-07-02T19:39:13.744+0000] {dag.py:3954} INFO - Setting next_dagrun for example_python_decorator to None, run_after=None
[2024-07-02T19:39:13.785+0000] {processor.py:183} INFO - Processing /usr/local/python/3.10.13/lib/python3.10/site-packages/airflow/example_dags/example_python_decorator.py took 0.080 seconds
[2024-07-02T19:40:07.855+0000] {processor.py:161} INFO - Started process (PID=19472) to work on /usr/local/python/3.10.13/lib/python3.10/site-packages/airflow/example_dags/example_python_decorator.py
[2024-07-02T19:40:07.856+0000] {processor.py:830} INFO - Processing file /usr/local/python/3.10.13/lib/python3.10/site-packages/airflow/example_dags/example_python_decorator.py for tasks to queue
[2024-07-02T19:40:07.856+0000] {logging_mixin.py:188} INFO - [2024-07-02T19:40:07.856+0000] {dagbag.py:545} INFO - Filling up the DagBag from /usr/local/python/3.10.13/lib/python3.10/site-packages/airflow/example_dags/example_python_decorator.py
[2024-07-02T19:40:07.867+0000] {processor.py:840} INFO - DAG(s) 'example_python_decorator' retrieved from /usr/local/python/3.10.13/lib/python3.10/site-packages/airflow/example_dags/example_python_decorator.py
[2024-07-02T19:40:07.880+0000] {logging_mixin.py:188} INFO - [2024-07-02T19:40:07.880+0000] {dag.py:3096} INFO - Sync 1 DAGs
[2024-07-02T19:40:07.889+0000] {logging_mixin.py:188} INFO - [2024-07-02T19:40:07.889+0000] {dag.py:3954} INFO - Setting next_dagrun for example_python_decorator to None, run_after=None
[2024-07-02T19:40:07.928+0000] {processor.py:183} INFO - Processing /usr/local/python/3.10.13/lib/python3.10/site-packages/airflow/example_dags/example_python_decorator.py took 0.078 seconds
[2024-07-02T19:40:58.558+0000] {processor.py:161} INFO - Started process (PID=19868) to work on /usr/local/python/3.10.13/lib/python3.10/site-packages/airflow/example_dags/example_python_decorator.py
[2024-07-02T19:40:58.559+0000] {processor.py:830} INFO - Processing file /usr/local/python/3.10.13/lib/python3.10/site-packages/airflow/example_dags/example_python_decorator.py for tasks to queue
[2024-07-02T19:40:58.560+0000] {logging_mixin.py:188} INFO - [2024-07-02T19:40:58.559+0000] {dagbag.py:545} INFO - Filling up the DagBag from /usr/local/python/3.10.13/lib/python3.10/site-packages/airflow/example_dags/example_python_decorator.py
[2024-07-02T19:40:58.576+0000] {processor.py:840} INFO - DAG(s) 'example_python_decorator' retrieved from /usr/local/python/3.10.13/lib/python3.10/site-packages/airflow/example_dags/example_python_decorator.py
[2024-07-02T19:40:58.593+0000] {logging_mixin.py:188} INFO - [2024-07-02T19:40:58.593+0000] {dag.py:3096} INFO - Sync 1 DAGs
[2024-07-02T19:40:58.603+0000] {logging_mixin.py:188} INFO - [2024-07-02T19:40:58.602+0000] {dag.py:3954} INFO - Setting next_dagrun for example_python_decorator to None, run_after=None
[2024-07-02T19:40:58.648+0000] {processor.py:183} INFO - Processing /usr/local/python/3.10.13/lib/python3.10/site-packages/airflow/example_dags/example_python_decorator.py took 0.097 seconds
[2024-07-02T19:41:42.767+0000] {processor.py:161} INFO - Started process (PID=20212) to work on /usr/local/python/3.10.13/lib/python3.10/site-packages/airflow/example_dags/example_python_decorator.py
[2024-07-02T19:41:42.768+0000] {processor.py:830} INFO - Processing file /usr/local/python/3.10.13/lib/python3.10/site-packages/airflow/example_dags/example_python_decorator.py for tasks to queue
[2024-07-02T19:41:42.769+0000] {logging_mixin.py:188} INFO - [2024-07-02T19:41:42.769+0000] {dagbag.py:545} INFO - Filling up the DagBag from /usr/local/python/3.10.13/lib/python3.10/site-packages/airflow/example_dags/example_python_decorator.py
[2024-07-02T19:41:42.786+0000] {processor.py:840} INFO - DAG(s) 'example_python_decorator' retrieved from /usr/local/python/3.10.13/lib/python3.10/site-packages/airflow/example_dags/example_python_decorator.py
[2024-07-02T19:41:42.807+0000] {logging_mixin.py:188} INFO - [2024-07-02T19:41:42.807+0000] {dag.py:3096} INFO - Sync 1 DAGs
[2024-07-02T19:41:42.817+0000] {logging_mixin.py:188} INFO - [2024-07-02T19:41:42.816+0000] {dag.py:3954} INFO - Setting next_dagrun for example_python_decorator to None, run_after=None
[2024-07-02T19:41:42.864+0000] {processor.py:183} INFO - Processing /usr/local/python/3.10.13/lib/python3.10/site-packages/airflow/example_dags/example_python_decorator.py took 0.103 seconds
[2024-07-02T19:42:23.973+0000] {processor.py:161} INFO - Started process (PID=20536) to work on /usr/local/python/3.10.13/lib/python3.10/site-packages/airflow/example_dags/example_python_decorator.py
[2024-07-02T19:42:23.973+0000] {processor.py:830} INFO - Processing file /usr/local/python/3.10.13/lib/python3.10/site-packages/airflow/example_dags/example_python_decorator.py for tasks to queue
[2024-07-02T19:42:23.974+0000] {logging_mixin.py:188} INFO - [2024-07-02T19:42:23.974+0000] {dagbag.py:545} INFO - Filling up the DagBag from /usr/local/python/3.10.13/lib/python3.10/site-packages/airflow/example_dags/example_python_decorator.py
[2024-07-02T19:42:23.984+0000] {processor.py:840} INFO - DAG(s) 'example_python_decorator' retrieved from /usr/local/python/3.10.13/lib/python3.10/site-packages/airflow/example_dags/example_python_decorator.py
[2024-07-02T19:42:23.998+0000] {logging_mixin.py:188} INFO - [2024-07-02T19:42:23.998+0000] {dag.py:3096} INFO - Sync 1 DAGs
[2024-07-02T19:42:24.007+0000] {logging_mixin.py:188} INFO - [2024-07-02T19:42:24.007+0000] {dag.py:3954} INFO - Setting next_dagrun for example_python_decorator to None, run_after=None
[2024-07-02T19:42:24.046+0000] {processor.py:183} INFO - Processing /usr/local/python/3.10.13/lib/python3.10/site-packages/airflow/example_dags/example_python_decorator.py took 0.078 seconds
[2024-07-02T19:43:12.382+0000] {processor.py:161} INFO - Started process (PID=20942) to work on /usr/local/python/3.10.13/lib/python3.10/site-packages/airflow/example_dags/example_python_decorator.py
[2024-07-02T19:43:12.382+0000] {processor.py:830} INFO - Processing file /usr/local/python/3.10.13/lib/python3.10/site-packages/airflow/example_dags/example_python_decorator.py for tasks to queue
[2024-07-02T19:43:12.383+0000] {logging_mixin.py:188} INFO - [2024-07-02T19:43:12.383+0000] {dagbag.py:545} INFO - Filling up the DagBag from /usr/local/python/3.10.13/lib/python3.10/site-packages/airflow/example_dags/example_python_decorator.py
[2024-07-02T19:43:12.394+0000] {processor.py:840} INFO - DAG(s) 'example_python_decorator' retrieved from /usr/local/python/3.10.13/lib/python3.10/site-packages/airflow/example_dags/example_python_decorator.py
[2024-07-02T19:43:12.408+0000] {logging_mixin.py:188} INFO - [2024-07-02T19:43:12.407+0000] {dag.py:3096} INFO - Sync 1 DAGs
[2024-07-02T19:43:12.416+0000] {logging_mixin.py:188} INFO - [2024-07-02T19:43:12.416+0000] {dag.py:3954} INFO - Setting next_dagrun for example_python_decorator to None, run_after=None
[2024-07-02T19:43:12.465+0000] {processor.py:183} INFO - Processing /usr/local/python/3.10.13/lib/python3.10/site-packages/airflow/example_dags/example_python_decorator.py took 0.088 seconds
[2024-07-02T19:44:04.965+0000] {processor.py:161} INFO - Started process (PID=21349) to work on /usr/local/python/3.10.13/lib/python3.10/site-packages/airflow/example_dags/example_python_decorator.py
[2024-07-02T19:44:04.966+0000] {processor.py:830} INFO - Processing file /usr/local/python/3.10.13/lib/python3.10/site-packages/airflow/example_dags/example_python_decorator.py for tasks to queue
[2024-07-02T19:44:04.966+0000] {logging_mixin.py:188} INFO - [2024-07-02T19:44:04.966+0000] {dagbag.py:545} INFO - Filling up the DagBag from /usr/local/python/3.10.13/lib/python3.10/site-packages/airflow/example_dags/example_python_decorator.py
[2024-07-02T19:44:04.982+0000] {processor.py:840} INFO - DAG(s) 'example_python_decorator' retrieved from /usr/local/python/3.10.13/lib/python3.10/site-packages/airflow/example_dags/example_python_decorator.py
[2024-07-02T19:44:04.996+0000] {logging_mixin.py:188} INFO - [2024-07-02T19:44:04.996+0000] {dag.py:3096} INFO - Sync 1 DAGs
[2024-07-02T19:44:05.004+0000] {logging_mixin.py:188} INFO - [2024-07-02T19:44:05.004+0000] {dag.py:3954} INFO - Setting next_dagrun for example_python_decorator to None, run_after=None
[2024-07-02T19:44:05.046+0000] {processor.py:183} INFO - Processing /usr/local/python/3.10.13/lib/python3.10/site-packages/airflow/example_dags/example_python_decorator.py took 0.086 seconds
[2024-07-02T19:44:49.179+0000] {processor.py:161} INFO - Started process (PID=21678) to work on /usr/local/python/3.10.13/lib/python3.10/site-packages/airflow/example_dags/example_python_decorator.py
[2024-07-02T19:44:49.179+0000] {processor.py:830} INFO - Processing file /usr/local/python/3.10.13/lib/python3.10/site-packages/airflow/example_dags/example_python_decorator.py for tasks to queue
[2024-07-02T19:44:49.180+0000] {logging_mixin.py:188} INFO - [2024-07-02T19:44:49.180+0000] {dagbag.py:545} INFO - Filling up the DagBag from /usr/local/python/3.10.13/lib/python3.10/site-packages/airflow/example_dags/example_python_decorator.py
[2024-07-02T19:44:49.190+0000] {processor.py:840} INFO - DAG(s) 'example_python_decorator' retrieved from /usr/local/python/3.10.13/lib/python3.10/site-packages/airflow/example_dags/example_python_decorator.py
[2024-07-02T19:44:49.204+0000] {logging_mixin.py:188} INFO - [2024-07-02T19:44:49.204+0000] {dag.py:3096} INFO - Sync 1 DAGs
[2024-07-02T19:44:49.212+0000] {logging_mixin.py:188} INFO - [2024-07-02T19:44:49.212+0000] {dag.py:3954} INFO - Setting next_dagrun for example_python_decorator to None, run_after=None
[2024-07-02T19:44:49.252+0000] {processor.py:183} INFO - Processing /usr/local/python/3.10.13/lib/python3.10/site-packages/airflow/example_dags/example_python_decorator.py took 0.078 seconds
[2024-07-02T19:45:29.203+0000] {processor.py:161} INFO - Started process (PID=21982) to work on /usr/local/python/3.10.13/lib/python3.10/site-packages/airflow/example_dags/example_python_decorator.py
[2024-07-02T19:45:29.203+0000] {processor.py:830} INFO - Processing file /usr/local/python/3.10.13/lib/python3.10/site-packages/airflow/example_dags/example_python_decorator.py for tasks to queue
[2024-07-02T19:45:29.204+0000] {logging_mixin.py:188} INFO - [2024-07-02T19:45:29.204+0000] {dagbag.py:545} INFO - Filling up the DagBag from /usr/local/python/3.10.13/lib/python3.10/site-packages/airflow/example_dags/example_python_decorator.py
[2024-07-02T19:45:29.215+0000] {processor.py:840} INFO - DAG(s) 'example_python_decorator' retrieved from /usr/local/python/3.10.13/lib/python3.10/site-packages/airflow/example_dags/example_python_decorator.py
[2024-07-02T19:45:29.229+0000] {logging_mixin.py:188} INFO - [2024-07-02T19:45:29.229+0000] {dag.py:3096} INFO - Sync 1 DAGs
[2024-07-02T19:45:29.238+0000] {logging_mixin.py:188} INFO - [2024-07-02T19:45:29.237+0000] {dag.py:3954} INFO - Setting next_dagrun for example_python_decorator to None, run_after=None
[2024-07-02T19:45:29.287+0000] {processor.py:183} INFO - Processing /usr/local/python/3.10.13/lib/python3.10/site-packages/airflow/example_dags/example_python_decorator.py took 0.089 seconds
[2024-07-02T19:46:10.809+0000] {processor.py:161} INFO - Started process (PID=22270) to work on /usr/local/python/3.10.13/lib/python3.10/site-packages/airflow/example_dags/example_python_decorator.py
[2024-07-02T19:46:10.809+0000] {processor.py:830} INFO - Processing file /usr/local/python/3.10.13/lib/python3.10/site-packages/airflow/example_dags/example_python_decorator.py for tasks to queue
[2024-07-02T19:46:10.810+0000] {logging_mixin.py:188} INFO - [2024-07-02T19:46:10.810+0000] {dagbag.py:545} INFO - Filling up the DagBag from /usr/local/python/3.10.13/lib/python3.10/site-packages/airflow/example_dags/example_python_decorator.py
[2024-07-02T19:46:10.822+0000] {processor.py:840} INFO - DAG(s) 'example_python_decorator' retrieved from /usr/local/python/3.10.13/lib/python3.10/site-packages/airflow/example_dags/example_python_decorator.py
[2024-07-02T19:46:10.842+0000] {logging_mixin.py:188} INFO - [2024-07-02T19:46:10.841+0000] {dag.py:3096} INFO - Sync 1 DAGs
[2024-07-02T19:46:10.855+0000] {logging_mixin.py:188} INFO - [2024-07-02T19:46:10.855+0000] {dag.py:3954} INFO - Setting next_dagrun for example_python_decorator to None, run_after=None
[2024-07-02T19:46:10.897+0000] {processor.py:183} INFO - Processing /usr/local/python/3.10.13/lib/python3.10/site-packages/airflow/example_dags/example_python_decorator.py took 0.093 seconds
[2024-07-02T19:46:57.256+0000] {processor.py:161} INFO - Started process (PID=22591) to work on /usr/local/python/3.10.13/lib/python3.10/site-packages/airflow/example_dags/example_python_decorator.py
[2024-07-02T19:46:57.257+0000] {processor.py:830} INFO - Processing file /usr/local/python/3.10.13/lib/python3.10/site-packages/airflow/example_dags/example_python_decorator.py for tasks to queue
[2024-07-02T19:46:57.258+0000] {logging_mixin.py:188} INFO - [2024-07-02T19:46:57.257+0000] {dagbag.py:545} INFO - Filling up the DagBag from /usr/local/python/3.10.13/lib/python3.10/site-packages/airflow/example_dags/example_python_decorator.py
[2024-07-02T19:46:57.276+0000] {processor.py:840} INFO - DAG(s) 'example_python_decorator' retrieved from /usr/local/python/3.10.13/lib/python3.10/site-packages/airflow/example_dags/example_python_decorator.py
[2024-07-02T19:46:57.295+0000] {logging_mixin.py:188} INFO - [2024-07-02T19:46:57.295+0000] {dag.py:3096} INFO - Sync 1 DAGs
[2024-07-02T19:46:57.305+0000] {logging_mixin.py:188} INFO - [2024-07-02T19:46:57.305+0000] {dag.py:3954} INFO - Setting next_dagrun for example_python_decorator to None, run_after=None
[2024-07-02T19:46:57.345+0000] {processor.py:183} INFO - Processing /usr/local/python/3.10.13/lib/python3.10/site-packages/airflow/example_dags/example_python_decorator.py took 0.099 seconds
[2024-07-02T19:47:43.961+0000] {processor.py:161} INFO - Started process (PID=22912) to work on /usr/local/python/3.10.13/lib/python3.10/site-packages/airflow/example_dags/example_python_decorator.py
[2024-07-02T19:47:43.962+0000] {processor.py:830} INFO - Processing file /usr/local/python/3.10.13/lib/python3.10/site-packages/airflow/example_dags/example_python_decorator.py for tasks to queue
[2024-07-02T19:47:43.962+0000] {logging_mixin.py:188} INFO - [2024-07-02T19:47:43.962+0000] {dagbag.py:545} INFO - Filling up the DagBag from /usr/local/python/3.10.13/lib/python3.10/site-packages/airflow/example_dags/example_python_decorator.py
[2024-07-02T19:47:43.973+0000] {processor.py:840} INFO - DAG(s) 'example_python_decorator' retrieved from /usr/local/python/3.10.13/lib/python3.10/site-packages/airflow/example_dags/example_python_decorator.py
[2024-07-02T19:47:43.986+0000] {logging_mixin.py:188} INFO - [2024-07-02T19:47:43.986+0000] {dag.py:3096} INFO - Sync 1 DAGs
[2024-07-02T19:47:43.995+0000] {logging_mixin.py:188} INFO - [2024-07-02T19:47:43.995+0000] {dag.py:3954} INFO - Setting next_dagrun for example_python_decorator to None, run_after=None
[2024-07-02T19:47:44.035+0000] {processor.py:183} INFO - Processing /usr/local/python/3.10.13/lib/python3.10/site-packages/airflow/example_dags/example_python_decorator.py took 0.079 seconds
[2024-07-02T19:48:25.424+0000] {processor.py:161} INFO - Started process (PID=23195) to work on /usr/local/python/3.10.13/lib/python3.10/site-packages/airflow/example_dags/example_python_decorator.py
[2024-07-02T19:48:25.425+0000] {processor.py:830} INFO - Processing file /usr/local/python/3.10.13/lib/python3.10/site-packages/airflow/example_dags/example_python_decorator.py for tasks to queue
[2024-07-02T19:48:25.426+0000] {logging_mixin.py:188} INFO - [2024-07-02T19:48:25.425+0000] {dagbag.py:545} INFO - Filling up the DagBag from /usr/local/python/3.10.13/lib/python3.10/site-packages/airflow/example_dags/example_python_decorator.py
[2024-07-02T19:48:25.436+0000] {processor.py:840} INFO - DAG(s) 'example_python_decorator' retrieved from /usr/local/python/3.10.13/lib/python3.10/site-packages/airflow/example_dags/example_python_decorator.py
[2024-07-02T19:48:25.449+0000] {logging_mixin.py:188} INFO - [2024-07-02T19:48:25.449+0000] {dag.py:3096} INFO - Sync 1 DAGs
[2024-07-02T19:48:25.458+0000] {logging_mixin.py:188} INFO - [2024-07-02T19:48:25.458+0000] {dag.py:3954} INFO - Setting next_dagrun for example_python_decorator to None, run_after=None
[2024-07-02T19:48:25.497+0000] {processor.py:183} INFO - Processing /usr/local/python/3.10.13/lib/python3.10/site-packages/airflow/example_dags/example_python_decorator.py took 0.078 seconds
[2024-07-02T19:49:08.150+0000] {processor.py:161} INFO - Started process (PID=23517) to work on /usr/local/python/3.10.13/lib/python3.10/site-packages/airflow/example_dags/example_python_decorator.py
[2024-07-02T19:49:08.151+0000] {processor.py:830} INFO - Processing file /usr/local/python/3.10.13/lib/python3.10/site-packages/airflow/example_dags/example_python_decorator.py for tasks to queue
[2024-07-02T19:49:08.152+0000] {logging_mixin.py:188} INFO - [2024-07-02T19:49:08.151+0000] {dagbag.py:545} INFO - Filling up the DagBag from /usr/local/python/3.10.13/lib/python3.10/site-packages/airflow/example_dags/example_python_decorator.py
[2024-07-02T19:49:08.163+0000] {processor.py:840} INFO - DAG(s) 'example_python_decorator' retrieved from /usr/local/python/3.10.13/lib/python3.10/site-packages/airflow/example_dags/example_python_decorator.py
[2024-07-02T19:49:08.176+0000] {logging_mixin.py:188} INFO - [2024-07-02T19:49:08.176+0000] {dag.py:3096} INFO - Sync 1 DAGs
[2024-07-02T19:49:08.185+0000] {logging_mixin.py:188} INFO - [2024-07-02T19:49:08.185+0000] {dag.py:3954} INFO - Setting next_dagrun for example_python_decorator to None, run_after=None
[2024-07-02T19:49:08.224+0000] {processor.py:183} INFO - Processing /usr/local/python/3.10.13/lib/python3.10/site-packages/airflow/example_dags/example_python_decorator.py took 0.079 seconds
[2024-07-02T19:49:53.682+0000] {processor.py:161} INFO - Started process (PID=23875) to work on /usr/local/python/3.10.13/lib/python3.10/site-packages/airflow/example_dags/example_python_decorator.py
[2024-07-02T19:49:53.683+0000] {processor.py:830} INFO - Processing file /usr/local/python/3.10.13/lib/python3.10/site-packages/airflow/example_dags/example_python_decorator.py for tasks to queue
[2024-07-02T19:49:53.683+0000] {logging_mixin.py:188} INFO - [2024-07-02T19:49:53.683+0000] {dagbag.py:545} INFO - Filling up the DagBag from /usr/local/python/3.10.13/lib/python3.10/site-packages/airflow/example_dags/example_python_decorator.py
[2024-07-02T19:49:53.694+0000] {processor.py:840} INFO - DAG(s) 'example_python_decorator' retrieved from /usr/local/python/3.10.13/lib/python3.10/site-packages/airflow/example_dags/example_python_decorator.py
[2024-07-02T19:49:53.707+0000] {logging_mixin.py:188} INFO - [2024-07-02T19:49:53.707+0000] {dag.py:3096} INFO - Sync 1 DAGs
[2024-07-02T19:49:53.716+0000] {logging_mixin.py:188} INFO - [2024-07-02T19:49:53.716+0000] {dag.py:3954} INFO - Setting next_dagrun for example_python_decorator to None, run_after=None
[2024-07-02T19:49:53.757+0000] {processor.py:183} INFO - Processing /usr/local/python/3.10.13/lib/python3.10/site-packages/airflow/example_dags/example_python_decorator.py took 0.080 seconds
[2024-07-02T19:50:38.263+0000] {processor.py:161} INFO - Started process (PID=24209) to work on /usr/local/python/3.10.13/lib/python3.10/site-packages/airflow/example_dags/example_python_decorator.py
[2024-07-02T19:50:38.264+0000] {processor.py:830} INFO - Processing file /usr/local/python/3.10.13/lib/python3.10/site-packages/airflow/example_dags/example_python_decorator.py for tasks to queue
[2024-07-02T19:50:38.264+0000] {logging_mixin.py:188} INFO - [2024-07-02T19:50:38.264+0000] {dagbag.py:545} INFO - Filling up the DagBag from /usr/local/python/3.10.13/lib/python3.10/site-packages/airflow/example_dags/example_python_decorator.py
[2024-07-02T19:50:38.275+0000] {processor.py:840} INFO - DAG(s) 'example_python_decorator' retrieved from /usr/local/python/3.10.13/lib/python3.10/site-packages/airflow/example_dags/example_python_decorator.py
[2024-07-02T19:50:38.288+0000] {logging_mixin.py:188} INFO - [2024-07-02T19:50:38.288+0000] {dag.py:3096} INFO - Sync 1 DAGs
[2024-07-02T19:50:38.297+0000] {logging_mixin.py:188} INFO - [2024-07-02T19:50:38.297+0000] {dag.py:3954} INFO - Setting next_dagrun for example_python_decorator to None, run_after=None
[2024-07-02T19:50:38.338+0000] {processor.py:183} INFO - Processing /usr/local/python/3.10.13/lib/python3.10/site-packages/airflow/example_dags/example_python_decorator.py took 0.080 seconds
[2024-07-02T19:51:22.863+0000] {processor.py:161} INFO - Started process (PID=24557) to work on /usr/local/python/3.10.13/lib/python3.10/site-packages/airflow/example_dags/example_python_decorator.py
[2024-07-02T19:51:22.863+0000] {processor.py:830} INFO - Processing file /usr/local/python/3.10.13/lib/python3.10/site-packages/airflow/example_dags/example_python_decorator.py for tasks to queue
[2024-07-02T19:51:22.864+0000] {logging_mixin.py:188} INFO - [2024-07-02T19:51:22.864+0000] {dagbag.py:545} INFO - Filling up the DagBag from /usr/local/python/3.10.13/lib/python3.10/site-packages/airflow/example_dags/example_python_decorator.py
[2024-07-02T19:51:22.874+0000] {processor.py:840} INFO - DAG(s) 'example_python_decorator' retrieved from /usr/local/python/3.10.13/lib/python3.10/site-packages/airflow/example_dags/example_python_decorator.py
[2024-07-02T19:51:22.888+0000] {logging_mixin.py:188} INFO - [2024-07-02T19:51:22.888+0000] {dag.py:3096} INFO - Sync 1 DAGs
[2024-07-02T19:51:22.896+0000] {logging_mixin.py:188} INFO - [2024-07-02T19:51:22.896+0000] {dag.py:3954} INFO - Setting next_dagrun for example_python_decorator to None, run_after=None
[2024-07-02T19:51:22.935+0000] {processor.py:183} INFO - Processing /usr/local/python/3.10.13/lib/python3.10/site-packages/airflow/example_dags/example_python_decorator.py took 0.077 seconds
[2024-07-02T19:52:06.987+0000] {processor.py:161} INFO - Started process (PID=24889) to work on /usr/local/python/3.10.13/lib/python3.10/site-packages/airflow/example_dags/example_python_decorator.py
[2024-07-02T19:52:06.988+0000] {processor.py:830} INFO - Processing file /usr/local/python/3.10.13/lib/python3.10/site-packages/airflow/example_dags/example_python_decorator.py for tasks to queue
[2024-07-02T19:52:06.988+0000] {logging_mixin.py:188} INFO - [2024-07-02T19:52:06.988+0000] {dagbag.py:545} INFO - Filling up the DagBag from /usr/local/python/3.10.13/lib/python3.10/site-packages/airflow/example_dags/example_python_decorator.py
[2024-07-02T19:52:06.999+0000] {processor.py:840} INFO - DAG(s) 'example_python_decorator' retrieved from /usr/local/python/3.10.13/lib/python3.10/site-packages/airflow/example_dags/example_python_decorator.py
[2024-07-02T19:52:07.013+0000] {logging_mixin.py:188} INFO - [2024-07-02T19:52:07.012+0000] {dag.py:3096} INFO - Sync 1 DAGs
[2024-07-02T19:52:07.021+0000] {logging_mixin.py:188} INFO - [2024-07-02T19:52:07.021+0000] {dag.py:3954} INFO - Setting next_dagrun for example_python_decorator to None, run_after=None
[2024-07-02T19:52:07.062+0000] {processor.py:183} INFO - Processing /usr/local/python/3.10.13/lib/python3.10/site-packages/airflow/example_dags/example_python_decorator.py took 0.080 seconds
[2024-07-02T19:52:52.029+0000] {processor.py:161} INFO - Started process (PID=25225) to work on /usr/local/python/3.10.13/lib/python3.10/site-packages/airflow/example_dags/example_python_decorator.py
[2024-07-02T19:52:52.030+0000] {processor.py:830} INFO - Processing file /usr/local/python/3.10.13/lib/python3.10/site-packages/airflow/example_dags/example_python_decorator.py for tasks to queue
[2024-07-02T19:52:52.031+0000] {logging_mixin.py:188} INFO - [2024-07-02T19:52:52.030+0000] {dagbag.py:545} INFO - Filling up the DagBag from /usr/local/python/3.10.13/lib/python3.10/site-packages/airflow/example_dags/example_python_decorator.py
[2024-07-02T19:52:52.041+0000] {processor.py:840} INFO - DAG(s) 'example_python_decorator' retrieved from /usr/local/python/3.10.13/lib/python3.10/site-packages/airflow/example_dags/example_python_decorator.py
[2024-07-02T19:52:52.054+0000] {logging_mixin.py:188} INFO - [2024-07-02T19:52:52.054+0000] {dag.py:3096} INFO - Sync 1 DAGs
[2024-07-02T19:52:52.063+0000] {logging_mixin.py:188} INFO - [2024-07-02T19:52:52.063+0000] {dag.py:3954} INFO - Setting next_dagrun for example_python_decorator to None, run_after=None
[2024-07-02T19:52:52.104+0000] {processor.py:183} INFO - Processing /usr/local/python/3.10.13/lib/python3.10/site-packages/airflow/example_dags/example_python_decorator.py took 0.079 seconds
[2024-07-02T19:53:36.215+0000] {processor.py:161} INFO - Started process (PID=25568) to work on /usr/local/python/3.10.13/lib/python3.10/site-packages/airflow/example_dags/example_python_decorator.py
[2024-07-02T19:53:36.216+0000] {processor.py:830} INFO - Processing file /usr/local/python/3.10.13/lib/python3.10/site-packages/airflow/example_dags/example_python_decorator.py for tasks to queue
[2024-07-02T19:53:36.216+0000] {logging_mixin.py:188} INFO - [2024-07-02T19:53:36.216+0000] {dagbag.py:545} INFO - Filling up the DagBag from /usr/local/python/3.10.13/lib/python3.10/site-packages/airflow/example_dags/example_python_decorator.py
[2024-07-02T19:53:36.227+0000] {processor.py:840} INFO - DAG(s) 'example_python_decorator' retrieved from /usr/local/python/3.10.13/lib/python3.10/site-packages/airflow/example_dags/example_python_decorator.py
[2024-07-02T19:53:36.241+0000] {logging_mixin.py:188} INFO - [2024-07-02T19:53:36.240+0000] {dag.py:3096} INFO - Sync 1 DAGs
[2024-07-02T19:53:36.249+0000] {logging_mixin.py:188} INFO - [2024-07-02T19:53:36.249+0000] {dag.py:3954} INFO - Setting next_dagrun for example_python_decorator to None, run_after=None
[2024-07-02T19:53:36.288+0000] {processor.py:183} INFO - Processing /usr/local/python/3.10.13/lib/python3.10/site-packages/airflow/example_dags/example_python_decorator.py took 0.077 seconds
[2024-07-02T19:54:21.206+0000] {processor.py:161} INFO - Started process (PID=25895) to work on /usr/local/python/3.10.13/lib/python3.10/site-packages/airflow/example_dags/example_python_decorator.py
[2024-07-02T19:54:21.206+0000] {processor.py:830} INFO - Processing file /usr/local/python/3.10.13/lib/python3.10/site-packages/airflow/example_dags/example_python_decorator.py for tasks to queue
[2024-07-02T19:54:21.207+0000] {logging_mixin.py:188} INFO - [2024-07-02T19:54:21.207+0000] {dagbag.py:545} INFO - Filling up the DagBag from /usr/local/python/3.10.13/lib/python3.10/site-packages/airflow/example_dags/example_python_decorator.py
[2024-07-02T19:54:21.217+0000] {processor.py:840} INFO - DAG(s) 'example_python_decorator' retrieved from /usr/local/python/3.10.13/lib/python3.10/site-packages/airflow/example_dags/example_python_decorator.py
[2024-07-02T19:54:21.231+0000] {logging_mixin.py:188} INFO - [2024-07-02T19:54:21.231+0000] {dag.py:3096} INFO - Sync 1 DAGs
[2024-07-02T19:54:21.240+0000] {logging_mixin.py:188} INFO - [2024-07-02T19:54:21.240+0000] {dag.py:3954} INFO - Setting next_dagrun for example_python_decorator to None, run_after=None
[2024-07-02T19:54:21.282+0000] {processor.py:183} INFO - Processing /usr/local/python/3.10.13/lib/python3.10/site-packages/airflow/example_dags/example_python_decorator.py took 0.081 seconds
[2024-07-02T19:55:02.920+0000] {processor.py:161} INFO - Started process (PID=26217) to work on /usr/local/python/3.10.13/lib/python3.10/site-packages/airflow/example_dags/example_python_decorator.py
[2024-07-02T19:55:02.921+0000] {processor.py:830} INFO - Processing file /usr/local/python/3.10.13/lib/python3.10/site-packages/airflow/example_dags/example_python_decorator.py for tasks to queue
[2024-07-02T19:55:02.921+0000] {logging_mixin.py:188} INFO - [2024-07-02T19:55:02.921+0000] {dagbag.py:545} INFO - Filling up the DagBag from /usr/local/python/3.10.13/lib/python3.10/site-packages/airflow/example_dags/example_python_decorator.py
[2024-07-02T19:55:02.932+0000] {processor.py:840} INFO - DAG(s) 'example_python_decorator' retrieved from /usr/local/python/3.10.13/lib/python3.10/site-packages/airflow/example_dags/example_python_decorator.py
[2024-07-02T19:55:02.946+0000] {logging_mixin.py:188} INFO - [2024-07-02T19:55:02.945+0000] {dag.py:3096} INFO - Sync 1 DAGs
[2024-07-02T19:55:02.954+0000] {logging_mixin.py:188} INFO - [2024-07-02T19:55:02.954+0000] {dag.py:3954} INFO - Setting next_dagrun for example_python_decorator to None, run_after=None
[2024-07-02T19:55:02.996+0000] {processor.py:183} INFO - Processing /usr/local/python/3.10.13/lib/python3.10/site-packages/airflow/example_dags/example_python_decorator.py took 0.081 seconds
[2024-07-02T19:55:48.103+0000] {processor.py:161} INFO - Started process (PID=26568) to work on /usr/local/python/3.10.13/lib/python3.10/site-packages/airflow/example_dags/example_python_decorator.py
[2024-07-02T19:55:48.104+0000] {processor.py:830} INFO - Processing file /usr/local/python/3.10.13/lib/python3.10/site-packages/airflow/example_dags/example_python_decorator.py for tasks to queue
[2024-07-02T19:55:48.104+0000] {logging_mixin.py:188} INFO - [2024-07-02T19:55:48.104+0000] {dagbag.py:545} INFO - Filling up the DagBag from /usr/local/python/3.10.13/lib/python3.10/site-packages/airflow/example_dags/example_python_decorator.py
[2024-07-02T19:55:48.115+0000] {processor.py:840} INFO - DAG(s) 'example_python_decorator' retrieved from /usr/local/python/3.10.13/lib/python3.10/site-packages/airflow/example_dags/example_python_decorator.py
[2024-07-02T19:55:48.128+0000] {logging_mixin.py:188} INFO - [2024-07-02T19:55:48.128+0000] {dag.py:3096} INFO - Sync 1 DAGs
[2024-07-02T19:55:48.137+0000] {logging_mixin.py:188} INFO - [2024-07-02T19:55:48.137+0000] {dag.py:3954} INFO - Setting next_dagrun for example_python_decorator to None, run_after=None
[2024-07-02T19:55:48.179+0000] {processor.py:183} INFO - Processing /usr/local/python/3.10.13/lib/python3.10/site-packages/airflow/example_dags/example_python_decorator.py took 0.081 seconds
[2024-07-02T19:56:32.449+0000] {processor.py:161} INFO - Started process (PID=26991) to work on /usr/local/python/3.10.13/lib/python3.10/site-packages/airflow/example_dags/example_python_decorator.py
[2024-07-02T19:56:32.450+0000] {processor.py:830} INFO - Processing file /usr/local/python/3.10.13/lib/python3.10/site-packages/airflow/example_dags/example_python_decorator.py for tasks to queue
[2024-07-02T19:56:32.451+0000] {logging_mixin.py:188} INFO - [2024-07-02T19:56:32.451+0000] {dagbag.py:545} INFO - Filling up the DagBag from /usr/local/python/3.10.13/lib/python3.10/site-packages/airflow/example_dags/example_python_decorator.py
[2024-07-02T19:56:32.466+0000] {processor.py:840} INFO - DAG(s) 'example_python_decorator' retrieved from /usr/local/python/3.10.13/lib/python3.10/site-packages/airflow/example_dags/example_python_decorator.py
[2024-07-02T19:56:32.487+0000] {logging_mixin.py:188} INFO - [2024-07-02T19:56:32.487+0000] {dag.py:3096} INFO - Sync 1 DAGs
[2024-07-02T19:56:32.501+0000] {logging_mixin.py:188} INFO - [2024-07-02T19:56:32.501+0000] {dag.py:3954} INFO - Setting next_dagrun for example_python_decorator to None, run_after=None
[2024-07-02T19:56:32.548+0000] {processor.py:183} INFO - Processing /usr/local/python/3.10.13/lib/python3.10/site-packages/airflow/example_dags/example_python_decorator.py took 0.105 seconds
[2024-07-02T19:57:28.445+0000] {processor.py:161} INFO - Started process (PID=27469) to work on /usr/local/python/3.10.13/lib/python3.10/site-packages/airflow/example_dags/example_python_decorator.py
[2024-07-02T19:57:28.445+0000] {processor.py:830} INFO - Processing file /usr/local/python/3.10.13/lib/python3.10/site-packages/airflow/example_dags/example_python_decorator.py for tasks to queue
[2024-07-02T19:57:28.446+0000] {logging_mixin.py:188} INFO - [2024-07-02T19:57:28.446+0000] {dagbag.py:545} INFO - Filling up the DagBag from /usr/local/python/3.10.13/lib/python3.10/site-packages/airflow/example_dags/example_python_decorator.py
[2024-07-02T19:57:28.457+0000] {processor.py:840} INFO - DAG(s) 'example_python_decorator' retrieved from /usr/local/python/3.10.13/lib/python3.10/site-packages/airflow/example_dags/example_python_decorator.py
[2024-07-02T19:57:28.470+0000] {logging_mixin.py:188} INFO - [2024-07-02T19:57:28.470+0000] {dag.py:3096} INFO - Sync 1 DAGs
[2024-07-02T19:57:28.480+0000] {logging_mixin.py:188} INFO - [2024-07-02T19:57:28.480+0000] {dag.py:3954} INFO - Setting next_dagrun for example_python_decorator to None, run_after=None
[2024-07-02T19:57:28.520+0000] {processor.py:183} INFO - Processing /usr/local/python/3.10.13/lib/python3.10/site-packages/airflow/example_dags/example_python_decorator.py took 0.081 seconds
