[2024-07-02T19:11:02.883+0000] {processor.py:161} INFO - Started process (PID=5892) to work on /usr/local/python/3.10.13/lib/python3.10/site-packages/airflow/example_dags/example_external_task_marker_dag.py
[2024-07-02T19:11:02.884+0000] {processor.py:830} INFO - Processing file /usr/local/python/3.10.13/lib/python3.10/site-packages/airflow/example_dags/example_external_task_marker_dag.py for tasks to queue
[2024-07-02T19:11:02.886+0000] {logging_mixin.py:188} INFO - [2024-07-02T19:11:02.885+0000] {dagbag.py:545} INFO - Filling up the DagBag from /usr/local/python/3.10.13/lib/python3.10/site-packages/airflow/example_dags/example_external_task_marker_dag.py
[2024-07-02T19:11:02.964+0000] {processor.py:840} INFO - DAG(s) 'example_external_task_marker_child', 'example_external_task_marker_parent' retrieved from /usr/local/python/3.10.13/lib/python3.10/site-packages/airflow/example_dags/example_external_task_marker_dag.py
[2024-07-02T19:11:03.092+0000] {logging_mixin.py:188} INFO - [2024-07-02T19:11:03.092+0000] {override.py:1829} INFO - Created Permission View: can edit on DAG:example_external_task_marker_child
[2024-07-02T19:11:03.125+0000] {logging_mixin.py:188} INFO - [2024-07-02T19:11:03.124+0000] {override.py:1829} INFO - Created Permission View: can read on DAG:example_external_task_marker_child
[2024-07-02T19:11:03.160+0000] {logging_mixin.py:188} INFO - [2024-07-02T19:11:03.160+0000] {override.py:1829} INFO - Created Permission View: can delete on DAG:example_external_task_marker_child
[2024-07-02T19:11:03.234+0000] {logging_mixin.py:188} INFO - [2024-07-02T19:11:03.233+0000] {override.py:1829} INFO - Created Permission View: can edit on DAG:example_external_task_marker_parent
[2024-07-02T19:11:03.265+0000] {logging_mixin.py:188} INFO - [2024-07-02T19:11:03.265+0000] {override.py:1829} INFO - Created Permission View: can read on DAG:example_external_task_marker_parent
[2024-07-02T19:11:03.300+0000] {logging_mixin.py:188} INFO - [2024-07-02T19:11:03.300+0000] {override.py:1829} INFO - Created Permission View: can delete on DAG:example_external_task_marker_parent
[2024-07-02T19:11:03.301+0000] {logging_mixin.py:188} INFO - [2024-07-02T19:11:03.300+0000] {dag.py:3096} INFO - Sync 2 DAGs
[2024-07-02T19:11:03.308+0000] {logging_mixin.py:188} INFO - [2024-07-02T19:11:03.308+0000] {dag.py:3118} INFO - Creating ORM DAG for example_external_task_marker_parent
[2024-07-02T19:11:03.309+0000] {logging_mixin.py:188} INFO - [2024-07-02T19:11:03.309+0000] {dag.py:3118} INFO - Creating ORM DAG for example_external_task_marker_child
[2024-07-02T19:11:03.309+0000] {logging_mixin.py:188} INFO - [2024-07-02T19:11:03.309+0000] {dag.py:3954} INFO - Setting next_dagrun for example_external_task_marker_child to None, run_after=None
[2024-07-02T19:11:03.310+0000] {logging_mixin.py:188} INFO - [2024-07-02T19:11:03.309+0000] {dag.py:3954} INFO - Setting next_dagrun for example_external_task_marker_parent to None, run_after=None
[2024-07-02T19:11:03.354+0000] {processor.py:183} INFO - Processing /usr/local/python/3.10.13/lib/python3.10/site-packages/airflow/example_dags/example_external_task_marker_dag.py took 0.477 seconds
[2024-07-02T19:11:56.281+0000] {processor.py:161} INFO - Started process (PID=6297) to work on /usr/local/python/3.10.13/lib/python3.10/site-packages/airflow/example_dags/example_external_task_marker_dag.py
[2024-07-02T19:11:56.282+0000] {processor.py:830} INFO - Processing file /usr/local/python/3.10.13/lib/python3.10/site-packages/airflow/example_dags/example_external_task_marker_dag.py for tasks to queue
[2024-07-02T19:11:56.283+0000] {logging_mixin.py:188} INFO - [2024-07-02T19:11:56.283+0000] {dagbag.py:545} INFO - Filling up the DagBag from /usr/local/python/3.10.13/lib/python3.10/site-packages/airflow/example_dags/example_external_task_marker_dag.py
[2024-07-02T19:11:56.289+0000] {processor.py:840} INFO - DAG(s) 'example_external_task_marker_child', 'example_external_task_marker_parent' retrieved from /usr/local/python/3.10.13/lib/python3.10/site-packages/airflow/example_dags/example_external_task_marker_dag.py
[2024-07-02T19:11:56.303+0000] {logging_mixin.py:188} INFO - [2024-07-02T19:11:56.303+0000] {dag.py:3096} INFO - Sync 2 DAGs
[2024-07-02T19:11:56.312+0000] {logging_mixin.py:188} INFO - [2024-07-02T19:11:56.312+0000] {dag.py:3954} INFO - Setting next_dagrun for example_external_task_marker_child to None, run_after=None
[2024-07-02T19:11:56.314+0000] {logging_mixin.py:188} INFO - [2024-07-02T19:11:56.314+0000] {dag.py:3954} INFO - Setting next_dagrun for example_external_task_marker_parent to None, run_after=None
[2024-07-02T19:11:56.353+0000] {processor.py:183} INFO - Processing /usr/local/python/3.10.13/lib/python3.10/site-packages/airflow/example_dags/example_external_task_marker_dag.py took 0.079 seconds
[2024-07-02T19:13:00.084+0000] {processor.py:161} INFO - Started process (PID=6769) to work on /usr/local/python/3.10.13/lib/python3.10/site-packages/airflow/example_dags/example_external_task_marker_dag.py
[2024-07-02T19:13:00.085+0000] {processor.py:830} INFO - Processing file /usr/local/python/3.10.13/lib/python3.10/site-packages/airflow/example_dags/example_external_task_marker_dag.py for tasks to queue
[2024-07-02T19:13:00.086+0000] {logging_mixin.py:188} INFO - [2024-07-02T19:13:00.086+0000] {dagbag.py:545} INFO - Filling up the DagBag from /usr/local/python/3.10.13/lib/python3.10/site-packages/airflow/example_dags/example_external_task_marker_dag.py
[2024-07-02T19:13:00.091+0000] {processor.py:840} INFO - DAG(s) 'example_external_task_marker_child', 'example_external_task_marker_parent' retrieved from /usr/local/python/3.10.13/lib/python3.10/site-packages/airflow/example_dags/example_external_task_marker_dag.py
[2024-07-02T19:13:00.104+0000] {logging_mixin.py:188} INFO - [2024-07-02T19:13:00.104+0000] {dag.py:3096} INFO - Sync 2 DAGs
[2024-07-02T19:13:00.113+0000] {logging_mixin.py:188} INFO - [2024-07-02T19:13:00.113+0000] {dag.py:3954} INFO - Setting next_dagrun for example_external_task_marker_child to None, run_after=None
[2024-07-02T19:13:00.115+0000] {logging_mixin.py:188} INFO - [2024-07-02T19:13:00.115+0000] {dag.py:3954} INFO - Setting next_dagrun for example_external_task_marker_parent to None, run_after=None
[2024-07-02T19:13:00.154+0000] {processor.py:183} INFO - Processing /usr/local/python/3.10.13/lib/python3.10/site-packages/airflow/example_dags/example_external_task_marker_dag.py took 0.074 seconds
[2024-07-02T19:14:00.144+0000] {processor.py:161} INFO - Started process (PID=7234) to work on /usr/local/python/3.10.13/lib/python3.10/site-packages/airflow/example_dags/example_external_task_marker_dag.py
[2024-07-02T19:14:00.145+0000] {processor.py:830} INFO - Processing file /usr/local/python/3.10.13/lib/python3.10/site-packages/airflow/example_dags/example_external_task_marker_dag.py for tasks to queue
[2024-07-02T19:14:00.146+0000] {logging_mixin.py:188} INFO - [2024-07-02T19:14:00.146+0000] {dagbag.py:545} INFO - Filling up the DagBag from /usr/local/python/3.10.13/lib/python3.10/site-packages/airflow/example_dags/example_external_task_marker_dag.py
[2024-07-02T19:14:00.151+0000] {processor.py:840} INFO - DAG(s) 'example_external_task_marker_child', 'example_external_task_marker_parent' retrieved from /usr/local/python/3.10.13/lib/python3.10/site-packages/airflow/example_dags/example_external_task_marker_dag.py
[2024-07-02T19:14:00.168+0000] {logging_mixin.py:188} INFO - [2024-07-02T19:14:00.168+0000] {dag.py:3096} INFO - Sync 2 DAGs
[2024-07-02T19:14:00.182+0000] {logging_mixin.py:188} INFO - [2024-07-02T19:14:00.182+0000] {dag.py:3954} INFO - Setting next_dagrun for example_external_task_marker_child to None, run_after=None
[2024-07-02T19:14:00.186+0000] {logging_mixin.py:188} INFO - [2024-07-02T19:14:00.185+0000] {dag.py:3954} INFO - Setting next_dagrun for example_external_task_marker_parent to None, run_after=None
[2024-07-02T19:14:00.231+0000] {processor.py:183} INFO - Processing /usr/local/python/3.10.13/lib/python3.10/site-packages/airflow/example_dags/example_external_task_marker_dag.py took 0.092 seconds
[2024-07-02T19:15:03.350+0000] {processor.py:161} INFO - Started process (PID=7704) to work on /usr/local/python/3.10.13/lib/python3.10/site-packages/airflow/example_dags/example_external_task_marker_dag.py
[2024-07-02T19:15:03.350+0000] {processor.py:830} INFO - Processing file /usr/local/python/3.10.13/lib/python3.10/site-packages/airflow/example_dags/example_external_task_marker_dag.py for tasks to queue
[2024-07-02T19:15:03.352+0000] {logging_mixin.py:188} INFO - [2024-07-02T19:15:03.351+0000] {dagbag.py:545} INFO - Filling up the DagBag from /usr/local/python/3.10.13/lib/python3.10/site-packages/airflow/example_dags/example_external_task_marker_dag.py
[2024-07-02T19:15:03.357+0000] {processor.py:840} INFO - DAG(s) 'example_external_task_marker_parent', 'example_external_task_marker_child' retrieved from /usr/local/python/3.10.13/lib/python3.10/site-packages/airflow/example_dags/example_external_task_marker_dag.py
[2024-07-02T19:15:03.370+0000] {logging_mixin.py:188} INFO - [2024-07-02T19:15:03.370+0000] {dag.py:3096} INFO - Sync 2 DAGs
[2024-07-02T19:15:03.379+0000] {logging_mixin.py:188} INFO - [2024-07-02T19:15:03.379+0000] {dag.py:3954} INFO - Setting next_dagrun for example_external_task_marker_child to None, run_after=None
[2024-07-02T19:15:03.382+0000] {logging_mixin.py:188} INFO - [2024-07-02T19:15:03.381+0000] {dag.py:3954} INFO - Setting next_dagrun for example_external_task_marker_parent to None, run_after=None
[2024-07-02T19:15:03.433+0000] {processor.py:183} INFO - Processing /usr/local/python/3.10.13/lib/python3.10/site-packages/airflow/example_dags/example_external_task_marker_dag.py took 0.088 seconds
[2024-07-02T19:16:05.774+0000] {processor.py:161} INFO - Started process (PID=8186) to work on /usr/local/python/3.10.13/lib/python3.10/site-packages/airflow/example_dags/example_external_task_marker_dag.py
[2024-07-02T19:16:05.775+0000] {processor.py:830} INFO - Processing file /usr/local/python/3.10.13/lib/python3.10/site-packages/airflow/example_dags/example_external_task_marker_dag.py for tasks to queue
[2024-07-02T19:16:05.776+0000] {logging_mixin.py:188} INFO - [2024-07-02T19:16:05.775+0000] {dagbag.py:545} INFO - Filling up the DagBag from /usr/local/python/3.10.13/lib/python3.10/site-packages/airflow/example_dags/example_external_task_marker_dag.py
[2024-07-02T19:16:05.780+0000] {processor.py:840} INFO - DAG(s) 'example_external_task_marker_parent', 'example_external_task_marker_child' retrieved from /usr/local/python/3.10.13/lib/python3.10/site-packages/airflow/example_dags/example_external_task_marker_dag.py
[2024-07-02T19:16:05.794+0000] {logging_mixin.py:188} INFO - [2024-07-02T19:16:05.794+0000] {dag.py:3096} INFO - Sync 2 DAGs
[2024-07-02T19:16:05.802+0000] {logging_mixin.py:188} INFO - [2024-07-02T19:16:05.802+0000] {dag.py:3954} INFO - Setting next_dagrun for example_external_task_marker_child to None, run_after=None
[2024-07-02T19:16:05.805+0000] {logging_mixin.py:188} INFO - [2024-07-02T19:16:05.805+0000] {dag.py:3954} INFO - Setting next_dagrun for example_external_task_marker_parent to None, run_after=None
[2024-07-02T19:16:05.847+0000] {processor.py:183} INFO - Processing /usr/local/python/3.10.13/lib/python3.10/site-packages/airflow/example_dags/example_external_task_marker_dag.py took 0.077 seconds
[2024-07-02T19:17:15.871+0000] {processor.py:161} INFO - Started process (PID=8718) to work on /usr/local/python/3.10.13/lib/python3.10/site-packages/airflow/example_dags/example_external_task_marker_dag.py
[2024-07-02T19:17:15.872+0000] {processor.py:830} INFO - Processing file /usr/local/python/3.10.13/lib/python3.10/site-packages/airflow/example_dags/example_external_task_marker_dag.py for tasks to queue
[2024-07-02T19:17:15.873+0000] {logging_mixin.py:188} INFO - [2024-07-02T19:17:15.872+0000] {dagbag.py:545} INFO - Filling up the DagBag from /usr/local/python/3.10.13/lib/python3.10/site-packages/airflow/example_dags/example_external_task_marker_dag.py
[2024-07-02T19:17:15.877+0000] {processor.py:840} INFO - DAG(s) 'example_external_task_marker_parent', 'example_external_task_marker_child' retrieved from /usr/local/python/3.10.13/lib/python3.10/site-packages/airflow/example_dags/example_external_task_marker_dag.py
[2024-07-02T19:17:15.892+0000] {logging_mixin.py:188} INFO - [2024-07-02T19:17:15.892+0000] {dag.py:3096} INFO - Sync 2 DAGs
[2024-07-02T19:17:15.901+0000] {logging_mixin.py:188} INFO - [2024-07-02T19:17:15.900+0000] {dag.py:3954} INFO - Setting next_dagrun for example_external_task_marker_child to None, run_after=None
[2024-07-02T19:17:15.903+0000] {logging_mixin.py:188} INFO - [2024-07-02T19:17:15.903+0000] {dag.py:3954} INFO - Setting next_dagrun for example_external_task_marker_parent to None, run_after=None
[2024-07-02T19:17:15.943+0000] {processor.py:183} INFO - Processing /usr/local/python/3.10.13/lib/python3.10/site-packages/airflow/example_dags/example_external_task_marker_dag.py took 0.076 seconds
[2024-07-02T19:18:20.877+0000] {processor.py:161} INFO - Started process (PID=9227) to work on /usr/local/python/3.10.13/lib/python3.10/site-packages/airflow/example_dags/example_external_task_marker_dag.py
[2024-07-02T19:18:20.878+0000] {processor.py:830} INFO - Processing file /usr/local/python/3.10.13/lib/python3.10/site-packages/airflow/example_dags/example_external_task_marker_dag.py for tasks to queue
[2024-07-02T19:18:20.879+0000] {logging_mixin.py:188} INFO - [2024-07-02T19:18:20.878+0000] {dagbag.py:545} INFO - Filling up the DagBag from /usr/local/python/3.10.13/lib/python3.10/site-packages/airflow/example_dags/example_external_task_marker_dag.py
[2024-07-02T19:18:20.884+0000] {processor.py:840} INFO - DAG(s) 'example_external_task_marker_parent', 'example_external_task_marker_child' retrieved from /usr/local/python/3.10.13/lib/python3.10/site-packages/airflow/example_dags/example_external_task_marker_dag.py
[2024-07-02T19:18:20.897+0000] {logging_mixin.py:188} INFO - [2024-07-02T19:18:20.897+0000] {dag.py:3096} INFO - Sync 2 DAGs
[2024-07-02T19:18:20.905+0000] {logging_mixin.py:188} INFO - [2024-07-02T19:18:20.905+0000] {dag.py:3954} INFO - Setting next_dagrun for example_external_task_marker_child to None, run_after=None
[2024-07-02T19:18:20.908+0000] {logging_mixin.py:188} INFO - [2024-07-02T19:18:20.908+0000] {dag.py:3954} INFO - Setting next_dagrun for example_external_task_marker_parent to None, run_after=None
[2024-07-02T19:18:20.947+0000] {processor.py:183} INFO - Processing /usr/local/python/3.10.13/lib/python3.10/site-packages/airflow/example_dags/example_external_task_marker_dag.py took 0.074 seconds
[2024-07-02T19:19:25.695+0000] {processor.py:161} INFO - Started process (PID=9704) to work on /usr/local/python/3.10.13/lib/python3.10/site-packages/airflow/example_dags/example_external_task_marker_dag.py
[2024-07-02T19:19:25.696+0000] {processor.py:830} INFO - Processing file /usr/local/python/3.10.13/lib/python3.10/site-packages/airflow/example_dags/example_external_task_marker_dag.py for tasks to queue
[2024-07-02T19:19:25.697+0000] {logging_mixin.py:188} INFO - [2024-07-02T19:19:25.697+0000] {dagbag.py:545} INFO - Filling up the DagBag from /usr/local/python/3.10.13/lib/python3.10/site-packages/airflow/example_dags/example_external_task_marker_dag.py
[2024-07-02T19:19:25.702+0000] {processor.py:840} INFO - DAG(s) 'example_external_task_marker_child', 'example_external_task_marker_parent' retrieved from /usr/local/python/3.10.13/lib/python3.10/site-packages/airflow/example_dags/example_external_task_marker_dag.py
[2024-07-02T19:19:25.715+0000] {logging_mixin.py:188} INFO - [2024-07-02T19:19:25.715+0000] {dag.py:3096} INFO - Sync 2 DAGs
[2024-07-02T19:19:25.724+0000] {logging_mixin.py:188} INFO - [2024-07-02T19:19:25.724+0000] {dag.py:3954} INFO - Setting next_dagrun for example_external_task_marker_child to None, run_after=None
[2024-07-02T19:19:25.726+0000] {logging_mixin.py:188} INFO - [2024-07-02T19:19:25.726+0000] {dag.py:3954} INFO - Setting next_dagrun for example_external_task_marker_parent to None, run_after=None
[2024-07-02T19:19:25.767+0000] {processor.py:183} INFO - Processing /usr/local/python/3.10.13/lib/python3.10/site-packages/airflow/example_dags/example_external_task_marker_dag.py took 0.076 seconds
[2024-07-02T19:20:18.848+0000] {processor.py:161} INFO - Started process (PID=10102) to work on /usr/local/python/3.10.13/lib/python3.10/site-packages/airflow/example_dags/example_external_task_marker_dag.py
[2024-07-02T19:20:18.849+0000] {processor.py:830} INFO - Processing file /usr/local/python/3.10.13/lib/python3.10/site-packages/airflow/example_dags/example_external_task_marker_dag.py for tasks to queue
[2024-07-02T19:20:18.850+0000] {logging_mixin.py:188} INFO - [2024-07-02T19:20:18.850+0000] {dagbag.py:545} INFO - Filling up the DagBag from /usr/local/python/3.10.13/lib/python3.10/site-packages/airflow/example_dags/example_external_task_marker_dag.py
[2024-07-02T19:20:18.858+0000] {processor.py:840} INFO - DAG(s) 'example_external_task_marker_child', 'example_external_task_marker_parent' retrieved from /usr/local/python/3.10.13/lib/python3.10/site-packages/airflow/example_dags/example_external_task_marker_dag.py
[2024-07-02T19:20:18.881+0000] {logging_mixin.py:188} INFO - [2024-07-02T19:20:18.880+0000] {dag.py:3096} INFO - Sync 2 DAGs
[2024-07-02T19:20:18.893+0000] {logging_mixin.py:188} INFO - [2024-07-02T19:20:18.893+0000] {dag.py:3954} INFO - Setting next_dagrun for example_external_task_marker_child to None, run_after=None
[2024-07-02T19:20:18.895+0000] {logging_mixin.py:188} INFO - [2024-07-02T19:20:18.895+0000] {dag.py:3954} INFO - Setting next_dagrun for example_external_task_marker_parent to None, run_after=None
[2024-07-02T19:20:18.948+0000] {processor.py:183} INFO - Processing /usr/local/python/3.10.13/lib/python3.10/site-packages/airflow/example_dags/example_external_task_marker_dag.py took 0.104 seconds
[2024-07-02T19:21:29.399+0000] {processor.py:161} INFO - Started process (PID=10635) to work on /usr/local/python/3.10.13/lib/python3.10/site-packages/airflow/example_dags/example_external_task_marker_dag.py
[2024-07-02T19:21:29.400+0000] {processor.py:830} INFO - Processing file /usr/local/python/3.10.13/lib/python3.10/site-packages/airflow/example_dags/example_external_task_marker_dag.py for tasks to queue
[2024-07-02T19:21:29.401+0000] {logging_mixin.py:188} INFO - [2024-07-02T19:21:29.400+0000] {dagbag.py:545} INFO - Filling up the DagBag from /usr/local/python/3.10.13/lib/python3.10/site-packages/airflow/example_dags/example_external_task_marker_dag.py
[2024-07-02T19:21:29.405+0000] {processor.py:840} INFO - DAG(s) 'example_external_task_marker_parent', 'example_external_task_marker_child' retrieved from /usr/local/python/3.10.13/lib/python3.10/site-packages/airflow/example_dags/example_external_task_marker_dag.py
[2024-07-02T19:21:29.418+0000] {logging_mixin.py:188} INFO - [2024-07-02T19:21:29.418+0000] {dag.py:3096} INFO - Sync 2 DAGs
[2024-07-02T19:21:29.427+0000] {logging_mixin.py:188} INFO - [2024-07-02T19:21:29.427+0000] {dag.py:3954} INFO - Setting next_dagrun for example_external_task_marker_child to None, run_after=None
[2024-07-02T19:21:29.430+0000] {logging_mixin.py:188} INFO - [2024-07-02T19:21:29.430+0000] {dag.py:3954} INFO - Setting next_dagrun for example_external_task_marker_parent to None, run_after=None
[2024-07-02T19:21:29.467+0000] {processor.py:183} INFO - Processing /usr/local/python/3.10.13/lib/python3.10/site-packages/airflow/example_dags/example_external_task_marker_dag.py took 0.072 seconds
[2024-07-02T19:22:38.548+0000] {processor.py:161} INFO - Started process (PID=11159) to work on /usr/local/python/3.10.13/lib/python3.10/site-packages/airflow/example_dags/example_external_task_marker_dag.py
[2024-07-02T19:22:38.549+0000] {processor.py:830} INFO - Processing file /usr/local/python/3.10.13/lib/python3.10/site-packages/airflow/example_dags/example_external_task_marker_dag.py for tasks to queue
[2024-07-02T19:22:38.549+0000] {logging_mixin.py:188} INFO - [2024-07-02T19:22:38.549+0000] {dagbag.py:545} INFO - Filling up the DagBag from /usr/local/python/3.10.13/lib/python3.10/site-packages/airflow/example_dags/example_external_task_marker_dag.py
[2024-07-02T19:22:38.554+0000] {processor.py:840} INFO - DAG(s) 'example_external_task_marker_child', 'example_external_task_marker_parent' retrieved from /usr/local/python/3.10.13/lib/python3.10/site-packages/airflow/example_dags/example_external_task_marker_dag.py
[2024-07-02T19:22:38.567+0000] {logging_mixin.py:188} INFO - [2024-07-02T19:22:38.567+0000] {dag.py:3096} INFO - Sync 2 DAGs
[2024-07-02T19:22:38.576+0000] {logging_mixin.py:188} INFO - [2024-07-02T19:22:38.576+0000] {dag.py:3954} INFO - Setting next_dagrun for example_external_task_marker_child to None, run_after=None
[2024-07-02T19:22:38.579+0000] {logging_mixin.py:188} INFO - [2024-07-02T19:22:38.578+0000] {dag.py:3954} INFO - Setting next_dagrun for example_external_task_marker_parent to None, run_after=None
[2024-07-02T19:22:38.621+0000] {processor.py:183} INFO - Processing /usr/local/python/3.10.13/lib/python3.10/site-packages/airflow/example_dags/example_external_task_marker_dag.py took 0.078 seconds
[2024-07-02T19:23:39.762+0000] {processor.py:161} INFO - Started process (PID=11626) to work on /usr/local/python/3.10.13/lib/python3.10/site-packages/airflow/example_dags/example_external_task_marker_dag.py
[2024-07-02T19:23:39.763+0000] {processor.py:830} INFO - Processing file /usr/local/python/3.10.13/lib/python3.10/site-packages/airflow/example_dags/example_external_task_marker_dag.py for tasks to queue
[2024-07-02T19:23:39.764+0000] {logging_mixin.py:188} INFO - [2024-07-02T19:23:39.763+0000] {dagbag.py:545} INFO - Filling up the DagBag from /usr/local/python/3.10.13/lib/python3.10/site-packages/airflow/example_dags/example_external_task_marker_dag.py
[2024-07-02T19:23:39.768+0000] {processor.py:840} INFO - DAG(s) 'example_external_task_marker_child', 'example_external_task_marker_parent' retrieved from /usr/local/python/3.10.13/lib/python3.10/site-packages/airflow/example_dags/example_external_task_marker_dag.py
[2024-07-02T19:23:39.782+0000] {logging_mixin.py:188} INFO - [2024-07-02T19:23:39.781+0000] {dag.py:3096} INFO - Sync 2 DAGs
[2024-07-02T19:23:39.790+0000] {logging_mixin.py:188} INFO - [2024-07-02T19:23:39.790+0000] {dag.py:3954} INFO - Setting next_dagrun for example_external_task_marker_child to None, run_after=None
[2024-07-02T19:23:39.793+0000] {logging_mixin.py:188} INFO - [2024-07-02T19:23:39.793+0000] {dag.py:3954} INFO - Setting next_dagrun for example_external_task_marker_parent to None, run_after=None
[2024-07-02T19:23:39.835+0000] {processor.py:183} INFO - Processing /usr/local/python/3.10.13/lib/python3.10/site-packages/airflow/example_dags/example_external_task_marker_dag.py took 0.078 seconds
[2024-07-02T19:24:43.880+0000] {processor.py:161} INFO - Started process (PID=12112) to work on /usr/local/python/3.10.13/lib/python3.10/site-packages/airflow/example_dags/example_external_task_marker_dag.py
[2024-07-02T19:24:43.881+0000] {processor.py:830} INFO - Processing file /usr/local/python/3.10.13/lib/python3.10/site-packages/airflow/example_dags/example_external_task_marker_dag.py for tasks to queue
[2024-07-02T19:24:43.881+0000] {logging_mixin.py:188} INFO - [2024-07-02T19:24:43.881+0000] {dagbag.py:545} INFO - Filling up the DagBag from /usr/local/python/3.10.13/lib/python3.10/site-packages/airflow/example_dags/example_external_task_marker_dag.py
[2024-07-02T19:24:43.886+0000] {processor.py:840} INFO - DAG(s) 'example_external_task_marker_child', 'example_external_task_marker_parent' retrieved from /usr/local/python/3.10.13/lib/python3.10/site-packages/airflow/example_dags/example_external_task_marker_dag.py
[2024-07-02T19:24:43.899+0000] {logging_mixin.py:188} INFO - [2024-07-02T19:24:43.899+0000] {dag.py:3096} INFO - Sync 2 DAGs
[2024-07-02T19:24:43.909+0000] {logging_mixin.py:188} INFO - [2024-07-02T19:24:43.909+0000] {dag.py:3954} INFO - Setting next_dagrun for example_external_task_marker_child to None, run_after=None
[2024-07-02T19:24:43.912+0000] {logging_mixin.py:188} INFO - [2024-07-02T19:24:43.912+0000] {dag.py:3954} INFO - Setting next_dagrun for example_external_task_marker_parent to None, run_after=None
[2024-07-02T19:24:43.954+0000] {processor.py:183} INFO - Processing /usr/local/python/3.10.13/lib/python3.10/site-packages/airflow/example_dags/example_external_task_marker_dag.py took 0.079 seconds
[2024-07-02T19:25:48.361+0000] {processor.py:161} INFO - Started process (PID=12617) to work on /usr/local/python/3.10.13/lib/python3.10/site-packages/airflow/example_dags/example_external_task_marker_dag.py
[2024-07-02T19:25:48.361+0000] {processor.py:830} INFO - Processing file /usr/local/python/3.10.13/lib/python3.10/site-packages/airflow/example_dags/example_external_task_marker_dag.py for tasks to queue
[2024-07-02T19:25:48.362+0000] {logging_mixin.py:188} INFO - [2024-07-02T19:25:48.362+0000] {dagbag.py:545} INFO - Filling up the DagBag from /usr/local/python/3.10.13/lib/python3.10/site-packages/airflow/example_dags/example_external_task_marker_dag.py
[2024-07-02T19:25:48.367+0000] {processor.py:840} INFO - DAG(s) 'example_external_task_marker_parent', 'example_external_task_marker_child' retrieved from /usr/local/python/3.10.13/lib/python3.10/site-packages/airflow/example_dags/example_external_task_marker_dag.py
[2024-07-02T19:25:48.381+0000] {logging_mixin.py:188} INFO - [2024-07-02T19:25:48.381+0000] {dag.py:3096} INFO - Sync 2 DAGs
[2024-07-02T19:25:48.390+0000] {logging_mixin.py:188} INFO - [2024-07-02T19:25:48.390+0000] {dag.py:3954} INFO - Setting next_dagrun for example_external_task_marker_child to None, run_after=None
[2024-07-02T19:25:48.392+0000] {logging_mixin.py:188} INFO - [2024-07-02T19:25:48.392+0000] {dag.py:3954} INFO - Setting next_dagrun for example_external_task_marker_parent to None, run_after=None
[2024-07-02T19:25:48.432+0000] {processor.py:183} INFO - Processing /usr/local/python/3.10.13/lib/python3.10/site-packages/airflow/example_dags/example_external_task_marker_dag.py took 0.076 seconds
[2024-07-02T19:26:55.240+0000] {processor.py:161} INFO - Started process (PID=13103) to work on /usr/local/python/3.10.13/lib/python3.10/site-packages/airflow/example_dags/example_external_task_marker_dag.py
[2024-07-02T19:26:55.240+0000] {processor.py:830} INFO - Processing file /usr/local/python/3.10.13/lib/python3.10/site-packages/airflow/example_dags/example_external_task_marker_dag.py for tasks to queue
[2024-07-02T19:26:55.241+0000] {logging_mixin.py:188} INFO - [2024-07-02T19:26:55.241+0000] {dagbag.py:545} INFO - Filling up the DagBag from /usr/local/python/3.10.13/lib/python3.10/site-packages/airflow/example_dags/example_external_task_marker_dag.py
[2024-07-02T19:26:55.246+0000] {processor.py:840} INFO - DAG(s) 'example_external_task_marker_child', 'example_external_task_marker_parent' retrieved from /usr/local/python/3.10.13/lib/python3.10/site-packages/airflow/example_dags/example_external_task_marker_dag.py
[2024-07-02T19:26:55.259+0000] {logging_mixin.py:188} INFO - [2024-07-02T19:26:55.259+0000] {dag.py:3096} INFO - Sync 2 DAGs
[2024-07-02T19:26:55.268+0000] {logging_mixin.py:188} INFO - [2024-07-02T19:26:55.268+0000] {dag.py:3954} INFO - Setting next_dagrun for example_external_task_marker_child to None, run_after=None
[2024-07-02T19:26:55.271+0000] {logging_mixin.py:188} INFO - [2024-07-02T19:26:55.270+0000] {dag.py:3954} INFO - Setting next_dagrun for example_external_task_marker_parent to None, run_after=None
[2024-07-02T19:26:55.311+0000] {processor.py:183} INFO - Processing /usr/local/python/3.10.13/lib/python3.10/site-packages/airflow/example_dags/example_external_task_marker_dag.py took 0.076 seconds
[2024-07-02T19:27:57.595+0000] {processor.py:161} INFO - Started process (PID=13649) to work on /usr/local/python/3.10.13/lib/python3.10/site-packages/airflow/example_dags/example_external_task_marker_dag.py
[2024-07-02T19:27:57.596+0000] {processor.py:830} INFO - Processing file /usr/local/python/3.10.13/lib/python3.10/site-packages/airflow/example_dags/example_external_task_marker_dag.py for tasks to queue
[2024-07-02T19:27:57.597+0000] {logging_mixin.py:188} INFO - [2024-07-02T19:27:57.597+0000] {dagbag.py:545} INFO - Filling up the DagBag from /usr/local/python/3.10.13/lib/python3.10/site-packages/airflow/example_dags/example_external_task_marker_dag.py
[2024-07-02T19:27:57.602+0000] {processor.py:840} INFO - DAG(s) 'example_external_task_marker_child', 'example_external_task_marker_parent' retrieved from /usr/local/python/3.10.13/lib/python3.10/site-packages/airflow/example_dags/example_external_task_marker_dag.py
[2024-07-02T19:27:57.616+0000] {logging_mixin.py:188} INFO - [2024-07-02T19:27:57.616+0000] {dag.py:3096} INFO - Sync 2 DAGs
[2024-07-02T19:27:57.626+0000] {logging_mixin.py:188} INFO - [2024-07-02T19:27:57.626+0000] {dag.py:3954} INFO - Setting next_dagrun for example_external_task_marker_child to None, run_after=None
[2024-07-02T19:27:57.629+0000] {logging_mixin.py:188} INFO - [2024-07-02T19:27:57.629+0000] {dag.py:3954} INFO - Setting next_dagrun for example_external_task_marker_parent to None, run_after=None
[2024-07-02T19:27:57.684+0000] {processor.py:183} INFO - Processing /usr/local/python/3.10.13/lib/python3.10/site-packages/airflow/example_dags/example_external_task_marker_dag.py took 0.094 seconds
[2024-07-02T19:29:04.398+0000] {processor.py:161} INFO - Started process (PID=14270) to work on /usr/local/python/3.10.13/lib/python3.10/site-packages/airflow/example_dags/example_external_task_marker_dag.py
[2024-07-02T19:29:04.399+0000] {processor.py:830} INFO - Processing file /usr/local/python/3.10.13/lib/python3.10/site-packages/airflow/example_dags/example_external_task_marker_dag.py for tasks to queue
[2024-07-02T19:29:04.400+0000] {logging_mixin.py:188} INFO - [2024-07-02T19:29:04.399+0000] {dagbag.py:545} INFO - Filling up the DagBag from /usr/local/python/3.10.13/lib/python3.10/site-packages/airflow/example_dags/example_external_task_marker_dag.py
[2024-07-02T19:29:04.404+0000] {processor.py:840} INFO - DAG(s) 'example_external_task_marker_parent', 'example_external_task_marker_child' retrieved from /usr/local/python/3.10.13/lib/python3.10/site-packages/airflow/example_dags/example_external_task_marker_dag.py
[2024-07-02T19:29:04.418+0000] {logging_mixin.py:188} INFO - [2024-07-02T19:29:04.418+0000] {dag.py:3096} INFO - Sync 2 DAGs
[2024-07-02T19:29:04.427+0000] {logging_mixin.py:188} INFO - [2024-07-02T19:29:04.427+0000] {dag.py:3954} INFO - Setting next_dagrun for example_external_task_marker_child to None, run_after=None
[2024-07-02T19:29:04.429+0000] {logging_mixin.py:188} INFO - [2024-07-02T19:29:04.429+0000] {dag.py:3954} INFO - Setting next_dagrun for example_external_task_marker_parent to None, run_after=None
[2024-07-02T19:29:04.469+0000] {processor.py:183} INFO - Processing /usr/local/python/3.10.13/lib/python3.10/site-packages/airflow/example_dags/example_external_task_marker_dag.py took 0.076 seconds
[2024-07-02T19:30:13.891+0000] {processor.py:161} INFO - Started process (PID=14850) to work on /usr/local/python/3.10.13/lib/python3.10/site-packages/airflow/example_dags/example_external_task_marker_dag.py
[2024-07-02T19:30:13.892+0000] {processor.py:830} INFO - Processing file /usr/local/python/3.10.13/lib/python3.10/site-packages/airflow/example_dags/example_external_task_marker_dag.py for tasks to queue
[2024-07-02T19:30:13.893+0000] {logging_mixin.py:188} INFO - [2024-07-02T19:30:13.892+0000] {dagbag.py:545} INFO - Filling up the DagBag from /usr/local/python/3.10.13/lib/python3.10/site-packages/airflow/example_dags/example_external_task_marker_dag.py
[2024-07-02T19:30:13.897+0000] {processor.py:840} INFO - DAG(s) 'example_external_task_marker_child', 'example_external_task_marker_parent' retrieved from /usr/local/python/3.10.13/lib/python3.10/site-packages/airflow/example_dags/example_external_task_marker_dag.py
[2024-07-02T19:30:13.911+0000] {logging_mixin.py:188} INFO - [2024-07-02T19:30:13.911+0000] {dag.py:3096} INFO - Sync 2 DAGs
[2024-07-02T19:30:13.919+0000] {logging_mixin.py:188} INFO - [2024-07-02T19:30:13.919+0000] {dag.py:3954} INFO - Setting next_dagrun for example_external_task_marker_child to None, run_after=None
[2024-07-02T19:30:13.922+0000] {logging_mixin.py:188} INFO - [2024-07-02T19:30:13.922+0000] {dag.py:3954} INFO - Setting next_dagrun for example_external_task_marker_parent to None, run_after=None
[2024-07-02T19:30:13.961+0000] {processor.py:183} INFO - Processing /usr/local/python/3.10.13/lib/python3.10/site-packages/airflow/example_dags/example_external_task_marker_dag.py took 0.074 seconds
[2024-07-02T19:31:24.271+0000] {processor.py:161} INFO - Started process (PID=15381) to work on /usr/local/python/3.10.13/lib/python3.10/site-packages/airflow/example_dags/example_external_task_marker_dag.py
[2024-07-02T19:31:24.271+0000] {processor.py:830} INFO - Processing file /usr/local/python/3.10.13/lib/python3.10/site-packages/airflow/example_dags/example_external_task_marker_dag.py for tasks to queue
[2024-07-02T19:31:24.272+0000] {logging_mixin.py:188} INFO - [2024-07-02T19:31:24.272+0000] {dagbag.py:545} INFO - Filling up the DagBag from /usr/local/python/3.10.13/lib/python3.10/site-packages/airflow/example_dags/example_external_task_marker_dag.py
[2024-07-02T19:31:24.277+0000] {processor.py:840} INFO - DAG(s) 'example_external_task_marker_parent', 'example_external_task_marker_child' retrieved from /usr/local/python/3.10.13/lib/python3.10/site-packages/airflow/example_dags/example_external_task_marker_dag.py
[2024-07-02T19:31:24.290+0000] {logging_mixin.py:188} INFO - [2024-07-02T19:31:24.290+0000] {dag.py:3096} INFO - Sync 2 DAGs
[2024-07-02T19:31:24.299+0000] {logging_mixin.py:188} INFO - [2024-07-02T19:31:24.299+0000] {dag.py:3954} INFO - Setting next_dagrun for example_external_task_marker_child to None, run_after=None
[2024-07-02T19:31:24.301+0000] {logging_mixin.py:188} INFO - [2024-07-02T19:31:24.301+0000] {dag.py:3954} INFO - Setting next_dagrun for example_external_task_marker_parent to None, run_after=None
[2024-07-02T19:31:24.340+0000] {processor.py:183} INFO - Processing /usr/local/python/3.10.13/lib/python3.10/site-packages/airflow/example_dags/example_external_task_marker_dag.py took 0.074 seconds
[2024-07-02T19:32:33.061+0000] {processor.py:161} INFO - Started process (PID=15901) to work on /usr/local/python/3.10.13/lib/python3.10/site-packages/airflow/example_dags/example_external_task_marker_dag.py
[2024-07-02T19:32:33.062+0000] {processor.py:830} INFO - Processing file /usr/local/python/3.10.13/lib/python3.10/site-packages/airflow/example_dags/example_external_task_marker_dag.py for tasks to queue
[2024-07-02T19:32:33.062+0000] {logging_mixin.py:188} INFO - [2024-07-02T19:32:33.062+0000] {dagbag.py:545} INFO - Filling up the DagBag from /usr/local/python/3.10.13/lib/python3.10/site-packages/airflow/example_dags/example_external_task_marker_dag.py
[2024-07-02T19:32:33.067+0000] {processor.py:840} INFO - DAG(s) 'example_external_task_marker_child', 'example_external_task_marker_parent' retrieved from /usr/local/python/3.10.13/lib/python3.10/site-packages/airflow/example_dags/example_external_task_marker_dag.py
[2024-07-02T19:32:33.081+0000] {logging_mixin.py:188} INFO - [2024-07-02T19:32:33.081+0000] {dag.py:3096} INFO - Sync 2 DAGs
[2024-07-02T19:32:33.090+0000] {logging_mixin.py:188} INFO - [2024-07-02T19:32:33.090+0000] {dag.py:3954} INFO - Setting next_dagrun for example_external_task_marker_child to None, run_after=None
[2024-07-02T19:32:33.093+0000] {logging_mixin.py:188} INFO - [2024-07-02T19:32:33.092+0000] {dag.py:3954} INFO - Setting next_dagrun for example_external_task_marker_parent to None, run_after=None
[2024-07-02T19:32:33.129+0000] {processor.py:183} INFO - Processing /usr/local/python/3.10.13/lib/python3.10/site-packages/airflow/example_dags/example_external_task_marker_dag.py took 0.073 seconds
[2024-07-02T19:33:38.386+0000] {processor.py:161} INFO - Started process (PID=16461) to work on /usr/local/python/3.10.13/lib/python3.10/site-packages/airflow/example_dags/example_external_task_marker_dag.py
[2024-07-02T19:33:38.387+0000] {processor.py:830} INFO - Processing file /usr/local/python/3.10.13/lib/python3.10/site-packages/airflow/example_dags/example_external_task_marker_dag.py for tasks to queue
[2024-07-02T19:33:38.388+0000] {logging_mixin.py:188} INFO - [2024-07-02T19:33:38.387+0000] {dagbag.py:545} INFO - Filling up the DagBag from /usr/local/python/3.10.13/lib/python3.10/site-packages/airflow/example_dags/example_external_task_marker_dag.py
[2024-07-02T19:33:38.392+0000] {processor.py:840} INFO - DAG(s) 'example_external_task_marker_child', 'example_external_task_marker_parent' retrieved from /usr/local/python/3.10.13/lib/python3.10/site-packages/airflow/example_dags/example_external_task_marker_dag.py
[2024-07-02T19:33:38.406+0000] {logging_mixin.py:188} INFO - [2024-07-02T19:33:38.405+0000] {dag.py:3096} INFO - Sync 2 DAGs
[2024-07-02T19:33:38.414+0000] {logging_mixin.py:188} INFO - [2024-07-02T19:33:38.414+0000] {dag.py:3954} INFO - Setting next_dagrun for example_external_task_marker_child to None, run_after=None
[2024-07-02T19:33:38.417+0000] {logging_mixin.py:188} INFO - [2024-07-02T19:33:38.417+0000] {dag.py:3954} INFO - Setting next_dagrun for example_external_task_marker_parent to None, run_after=None
[2024-07-02T19:33:38.459+0000] {processor.py:183} INFO - Processing /usr/local/python/3.10.13/lib/python3.10/site-packages/airflow/example_dags/example_external_task_marker_dag.py took 0.077 seconds
[2024-07-02T19:34:47.582+0000] {processor.py:161} INFO - Started process (PID=17023) to work on /usr/local/python/3.10.13/lib/python3.10/site-packages/airflow/example_dags/example_external_task_marker_dag.py
[2024-07-02T19:34:47.583+0000] {processor.py:830} INFO - Processing file /usr/local/python/3.10.13/lib/python3.10/site-packages/airflow/example_dags/example_external_task_marker_dag.py for tasks to queue
[2024-07-02T19:34:47.584+0000] {logging_mixin.py:188} INFO - [2024-07-02T19:34:47.583+0000] {dagbag.py:545} INFO - Filling up the DagBag from /usr/local/python/3.10.13/lib/python3.10/site-packages/airflow/example_dags/example_external_task_marker_dag.py
[2024-07-02T19:34:47.588+0000] {processor.py:840} INFO - DAG(s) 'example_external_task_marker_parent', 'example_external_task_marker_child' retrieved from /usr/local/python/3.10.13/lib/python3.10/site-packages/airflow/example_dags/example_external_task_marker_dag.py
[2024-07-02T19:34:47.602+0000] {logging_mixin.py:188} INFO - [2024-07-02T19:34:47.602+0000] {dag.py:3096} INFO - Sync 2 DAGs
[2024-07-02T19:34:47.610+0000] {logging_mixin.py:188} INFO - [2024-07-02T19:34:47.610+0000] {dag.py:3954} INFO - Setting next_dagrun for example_external_task_marker_child to None, run_after=None
[2024-07-02T19:34:47.613+0000] {logging_mixin.py:188} INFO - [2024-07-02T19:34:47.613+0000] {dag.py:3954} INFO - Setting next_dagrun for example_external_task_marker_parent to None, run_after=None
[2024-07-02T19:34:47.653+0000] {processor.py:183} INFO - Processing /usr/local/python/3.10.13/lib/python3.10/site-packages/airflow/example_dags/example_external_task_marker_dag.py took 0.075 seconds
[2024-07-02T19:35:55.742+0000] {processor.py:161} INFO - Started process (PID=17637) to work on /usr/local/python/3.10.13/lib/python3.10/site-packages/airflow/example_dags/example_external_task_marker_dag.py
[2024-07-02T19:35:55.743+0000] {processor.py:830} INFO - Processing file /usr/local/python/3.10.13/lib/python3.10/site-packages/airflow/example_dags/example_external_task_marker_dag.py for tasks to queue
[2024-07-02T19:35:55.743+0000] {logging_mixin.py:188} INFO - [2024-07-02T19:35:55.743+0000] {dagbag.py:545} INFO - Filling up the DagBag from /usr/local/python/3.10.13/lib/python3.10/site-packages/airflow/example_dags/example_external_task_marker_dag.py
[2024-07-02T19:35:55.748+0000] {processor.py:840} INFO - DAG(s) 'example_external_task_marker_parent', 'example_external_task_marker_child' retrieved from /usr/local/python/3.10.13/lib/python3.10/site-packages/airflow/example_dags/example_external_task_marker_dag.py
[2024-07-02T19:35:55.762+0000] {logging_mixin.py:188} INFO - [2024-07-02T19:35:55.761+0000] {dag.py:3096} INFO - Sync 2 DAGs
[2024-07-02T19:35:55.771+0000] {logging_mixin.py:188} INFO - [2024-07-02T19:35:55.771+0000] {dag.py:3954} INFO - Setting next_dagrun for example_external_task_marker_child to None, run_after=None
[2024-07-02T19:35:55.773+0000] {logging_mixin.py:188} INFO - [2024-07-02T19:35:55.773+0000] {dag.py:3954} INFO - Setting next_dagrun for example_external_task_marker_parent to None, run_after=None
[2024-07-02T19:35:55.811+0000] {processor.py:183} INFO - Processing /usr/local/python/3.10.13/lib/python3.10/site-packages/airflow/example_dags/example_external_task_marker_dag.py took 0.073 seconds
[2024-07-02T19:36:56.131+0000] {processor.py:161} INFO - Started process (PID=18078) to work on /usr/local/python/3.10.13/lib/python3.10/site-packages/airflow/example_dags/example_external_task_marker_dag.py
[2024-07-02T19:36:56.131+0000] {processor.py:830} INFO - Processing file /usr/local/python/3.10.13/lib/python3.10/site-packages/airflow/example_dags/example_external_task_marker_dag.py for tasks to queue
[2024-07-02T19:36:56.132+0000] {logging_mixin.py:188} INFO - [2024-07-02T19:36:56.132+0000] {dagbag.py:545} INFO - Filling up the DagBag from /usr/local/python/3.10.13/lib/python3.10/site-packages/airflow/example_dags/example_external_task_marker_dag.py
[2024-07-02T19:36:56.137+0000] {processor.py:840} INFO - DAG(s) 'example_external_task_marker_parent', 'example_external_task_marker_child' retrieved from /usr/local/python/3.10.13/lib/python3.10/site-packages/airflow/example_dags/example_external_task_marker_dag.py
[2024-07-02T19:36:56.150+0000] {logging_mixin.py:188} INFO - [2024-07-02T19:36:56.150+0000] {dag.py:3096} INFO - Sync 2 DAGs
[2024-07-02T19:36:56.159+0000] {logging_mixin.py:188} INFO - [2024-07-02T19:36:56.159+0000] {dag.py:3954} INFO - Setting next_dagrun for example_external_task_marker_child to None, run_after=None
[2024-07-02T19:36:56.162+0000] {logging_mixin.py:188} INFO - [2024-07-02T19:36:56.162+0000] {dag.py:3954} INFO - Setting next_dagrun for example_external_task_marker_parent to None, run_after=None
[2024-07-02T19:36:56.200+0000] {processor.py:183} INFO - Processing /usr/local/python/3.10.13/lib/python3.10/site-packages/airflow/example_dags/example_external_task_marker_dag.py took 0.073 seconds
[2024-07-02T19:38:01.360+0000] {processor.py:161} INFO - Started process (PID=18557) to work on /usr/local/python/3.10.13/lib/python3.10/site-packages/airflow/example_dags/example_external_task_marker_dag.py
[2024-07-02T19:38:01.361+0000] {processor.py:830} INFO - Processing file /usr/local/python/3.10.13/lib/python3.10/site-packages/airflow/example_dags/example_external_task_marker_dag.py for tasks to queue
[2024-07-02T19:38:01.362+0000] {logging_mixin.py:188} INFO - [2024-07-02T19:38:01.361+0000] {dagbag.py:545} INFO - Filling up the DagBag from /usr/local/python/3.10.13/lib/python3.10/site-packages/airflow/example_dags/example_external_task_marker_dag.py
[2024-07-02T19:38:01.366+0000] {processor.py:840} INFO - DAG(s) 'example_external_task_marker_parent', 'example_external_task_marker_child' retrieved from /usr/local/python/3.10.13/lib/python3.10/site-packages/airflow/example_dags/example_external_task_marker_dag.py
[2024-07-02T19:38:01.380+0000] {logging_mixin.py:188} INFO - [2024-07-02T19:38:01.380+0000] {dag.py:3096} INFO - Sync 2 DAGs
[2024-07-02T19:38:01.389+0000] {logging_mixin.py:188} INFO - [2024-07-02T19:38:01.388+0000] {dag.py:3954} INFO - Setting next_dagrun for example_external_task_marker_child to None, run_after=None
[2024-07-02T19:38:01.391+0000] {logging_mixin.py:188} INFO - [2024-07-02T19:38:01.391+0000] {dag.py:3954} INFO - Setting next_dagrun for example_external_task_marker_parent to None, run_after=None
[2024-07-02T19:38:01.432+0000] {processor.py:183} INFO - Processing /usr/local/python/3.10.13/lib/python3.10/site-packages/airflow/example_dags/example_external_task_marker_dag.py took 0.077 seconds
[2024-07-02T19:39:05.679+0000] {processor.py:161} INFO - Started process (PID=19005) to work on /usr/local/python/3.10.13/lib/python3.10/site-packages/airflow/example_dags/example_external_task_marker_dag.py
[2024-07-02T19:39:05.679+0000] {processor.py:830} INFO - Processing file /usr/local/python/3.10.13/lib/python3.10/site-packages/airflow/example_dags/example_external_task_marker_dag.py for tasks to queue
[2024-07-02T19:39:05.680+0000] {logging_mixin.py:188} INFO - [2024-07-02T19:39:05.680+0000] {dagbag.py:545} INFO - Filling up the DagBag from /usr/local/python/3.10.13/lib/python3.10/site-packages/airflow/example_dags/example_external_task_marker_dag.py
[2024-07-02T19:39:05.685+0000] {processor.py:840} INFO - DAG(s) 'example_external_task_marker_parent', 'example_external_task_marker_child' retrieved from /usr/local/python/3.10.13/lib/python3.10/site-packages/airflow/example_dags/example_external_task_marker_dag.py
[2024-07-02T19:39:05.698+0000] {logging_mixin.py:188} INFO - [2024-07-02T19:39:05.698+0000] {dag.py:3096} INFO - Sync 2 DAGs
[2024-07-02T19:39:05.707+0000] {logging_mixin.py:188} INFO - [2024-07-02T19:39:05.707+0000] {dag.py:3954} INFO - Setting next_dagrun for example_external_task_marker_child to None, run_after=None
[2024-07-02T19:39:05.709+0000] {logging_mixin.py:188} INFO - [2024-07-02T19:39:05.709+0000] {dag.py:3954} INFO - Setting next_dagrun for example_external_task_marker_parent to None, run_after=None
[2024-07-02T19:39:05.753+0000] {processor.py:183} INFO - Processing /usr/local/python/3.10.13/lib/python3.10/site-packages/airflow/example_dags/example_external_task_marker_dag.py took 0.079 seconds
[2024-07-02T19:40:20.859+0000] {processor.py:161} INFO - Started process (PID=19588) to work on /usr/local/python/3.10.13/lib/python3.10/site-packages/airflow/example_dags/example_external_task_marker_dag.py
[2024-07-02T19:40:20.860+0000] {processor.py:830} INFO - Processing file /usr/local/python/3.10.13/lib/python3.10/site-packages/airflow/example_dags/example_external_task_marker_dag.py for tasks to queue
[2024-07-02T19:40:20.860+0000] {logging_mixin.py:188} INFO - [2024-07-02T19:40:20.860+0000] {dagbag.py:545} INFO - Filling up the DagBag from /usr/local/python/3.10.13/lib/python3.10/site-packages/airflow/example_dags/example_external_task_marker_dag.py
[2024-07-02T19:40:20.865+0000] {processor.py:840} INFO - DAG(s) 'example_external_task_marker_child', 'example_external_task_marker_parent' retrieved from /usr/local/python/3.10.13/lib/python3.10/site-packages/airflow/example_dags/example_external_task_marker_dag.py
[2024-07-02T19:40:20.878+0000] {logging_mixin.py:188} INFO - [2024-07-02T19:40:20.878+0000] {dag.py:3096} INFO - Sync 2 DAGs
[2024-07-02T19:40:20.887+0000] {logging_mixin.py:188} INFO - [2024-07-02T19:40:20.887+0000] {dag.py:3954} INFO - Setting next_dagrun for example_external_task_marker_child to None, run_after=None
[2024-07-02T19:40:20.890+0000] {logging_mixin.py:188} INFO - [2024-07-02T19:40:20.890+0000] {dag.py:3954} INFO - Setting next_dagrun for example_external_task_marker_parent to None, run_after=None
[2024-07-02T19:40:20.929+0000] {processor.py:183} INFO - Processing /usr/local/python/3.10.13/lib/python3.10/site-packages/airflow/example_dags/example_external_task_marker_dag.py took 0.075 seconds
[2024-07-02T19:41:27.272+0000] {processor.py:161} INFO - Started process (PID=20087) to work on /usr/local/python/3.10.13/lib/python3.10/site-packages/airflow/example_dags/example_external_task_marker_dag.py
[2024-07-02T19:41:27.273+0000] {processor.py:830} INFO - Processing file /usr/local/python/3.10.13/lib/python3.10/site-packages/airflow/example_dags/example_external_task_marker_dag.py for tasks to queue
[2024-07-02T19:41:27.274+0000] {logging_mixin.py:188} INFO - [2024-07-02T19:41:27.273+0000] {dagbag.py:545} INFO - Filling up the DagBag from /usr/local/python/3.10.13/lib/python3.10/site-packages/airflow/example_dags/example_external_task_marker_dag.py
[2024-07-02T19:41:27.278+0000] {processor.py:840} INFO - DAG(s) 'example_external_task_marker_child', 'example_external_task_marker_parent' retrieved from /usr/local/python/3.10.13/lib/python3.10/site-packages/airflow/example_dags/example_external_task_marker_dag.py
[2024-07-02T19:41:27.291+0000] {logging_mixin.py:188} INFO - [2024-07-02T19:41:27.291+0000] {dag.py:3096} INFO - Sync 2 DAGs
[2024-07-02T19:41:27.301+0000] {logging_mixin.py:188} INFO - [2024-07-02T19:41:27.301+0000] {dag.py:3954} INFO - Setting next_dagrun for example_external_task_marker_child to None, run_after=None
[2024-07-02T19:41:27.303+0000] {logging_mixin.py:188} INFO - [2024-07-02T19:41:27.303+0000] {dag.py:3954} INFO - Setting next_dagrun for example_external_task_marker_parent to None, run_after=None
[2024-07-02T19:41:27.342+0000] {processor.py:183} INFO - Processing /usr/local/python/3.10.13/lib/python3.10/site-packages/airflow/example_dags/example_external_task_marker_dag.py took 0.075 seconds
[2024-07-02T19:42:28.454+0000] {processor.py:161} INFO - Started process (PID=20553) to work on /usr/local/python/3.10.13/lib/python3.10/site-packages/airflow/example_dags/example_external_task_marker_dag.py
[2024-07-02T19:42:28.455+0000] {processor.py:830} INFO - Processing file /usr/local/python/3.10.13/lib/python3.10/site-packages/airflow/example_dags/example_external_task_marker_dag.py for tasks to queue
[2024-07-02T19:42:28.455+0000] {logging_mixin.py:188} INFO - [2024-07-02T19:42:28.455+0000] {dagbag.py:545} INFO - Filling up the DagBag from /usr/local/python/3.10.13/lib/python3.10/site-packages/airflow/example_dags/example_external_task_marker_dag.py
[2024-07-02T19:42:28.460+0000] {processor.py:840} INFO - DAG(s) 'example_external_task_marker_parent', 'example_external_task_marker_child' retrieved from /usr/local/python/3.10.13/lib/python3.10/site-packages/airflow/example_dags/example_external_task_marker_dag.py
[2024-07-02T19:42:28.473+0000] {logging_mixin.py:188} INFO - [2024-07-02T19:42:28.473+0000] {dag.py:3096} INFO - Sync 2 DAGs
[2024-07-02T19:42:28.482+0000] {logging_mixin.py:188} INFO - [2024-07-02T19:42:28.482+0000] {dag.py:3954} INFO - Setting next_dagrun for example_external_task_marker_child to None, run_after=None
[2024-07-02T19:42:28.485+0000] {logging_mixin.py:188} INFO - [2024-07-02T19:42:28.485+0000] {dag.py:3954} INFO - Setting next_dagrun for example_external_task_marker_parent to None, run_after=None
[2024-07-02T19:42:28.524+0000] {processor.py:183} INFO - Processing /usr/local/python/3.10.13/lib/python3.10/site-packages/airflow/example_dags/example_external_task_marker_dag.py took 0.074 seconds
[2024-07-02T19:43:48.820+0000] {processor.py:161} INFO - Started process (PID=21218) to work on /usr/local/python/3.10.13/lib/python3.10/site-packages/airflow/example_dags/example_external_task_marker_dag.py
[2024-07-02T19:43:48.821+0000] {processor.py:830} INFO - Processing file /usr/local/python/3.10.13/lib/python3.10/site-packages/airflow/example_dags/example_external_task_marker_dag.py for tasks to queue
[2024-07-02T19:43:48.822+0000] {logging_mixin.py:188} INFO - [2024-07-02T19:43:48.822+0000] {dagbag.py:545} INFO - Filling up the DagBag from /usr/local/python/3.10.13/lib/python3.10/site-packages/airflow/example_dags/example_external_task_marker_dag.py
[2024-07-02T19:43:48.827+0000] {processor.py:840} INFO - DAG(s) 'example_external_task_marker_parent', 'example_external_task_marker_child' retrieved from /usr/local/python/3.10.13/lib/python3.10/site-packages/airflow/example_dags/example_external_task_marker_dag.py
[2024-07-02T19:43:48.840+0000] {logging_mixin.py:188} INFO - [2024-07-02T19:43:48.840+0000] {dag.py:3096} INFO - Sync 2 DAGs
[2024-07-02T19:43:48.850+0000] {logging_mixin.py:188} INFO - [2024-07-02T19:43:48.850+0000] {dag.py:3954} INFO - Setting next_dagrun for example_external_task_marker_child to None, run_after=None
[2024-07-02T19:43:48.853+0000] {logging_mixin.py:188} INFO - [2024-07-02T19:43:48.853+0000] {dag.py:3954} INFO - Setting next_dagrun for example_external_task_marker_parent to None, run_after=None
[2024-07-02T19:43:48.891+0000] {processor.py:183} INFO - Processing /usr/local/python/3.10.13/lib/python3.10/site-packages/airflow/example_dags/example_external_task_marker_dag.py took 0.075 seconds
[2024-07-02T19:44:40.630+0000] {processor.py:161} INFO - Started process (PID=21617) to work on /usr/local/python/3.10.13/lib/python3.10/site-packages/airflow/example_dags/example_external_task_marker_dag.py
[2024-07-02T19:44:40.630+0000] {processor.py:830} INFO - Processing file /usr/local/python/3.10.13/lib/python3.10/site-packages/airflow/example_dags/example_external_task_marker_dag.py for tasks to queue
[2024-07-02T19:44:40.631+0000] {logging_mixin.py:188} INFO - [2024-07-02T19:44:40.631+0000] {dagbag.py:545} INFO - Filling up the DagBag from /usr/local/python/3.10.13/lib/python3.10/site-packages/airflow/example_dags/example_external_task_marker_dag.py
[2024-07-02T19:44:40.635+0000] {processor.py:840} INFO - DAG(s) 'example_external_task_marker_child', 'example_external_task_marker_parent' retrieved from /usr/local/python/3.10.13/lib/python3.10/site-packages/airflow/example_dags/example_external_task_marker_dag.py
[2024-07-02T19:44:40.649+0000] {logging_mixin.py:188} INFO - [2024-07-02T19:44:40.649+0000] {dag.py:3096} INFO - Sync 2 DAGs
[2024-07-02T19:44:40.658+0000] {logging_mixin.py:188} INFO - [2024-07-02T19:44:40.658+0000] {dag.py:3954} INFO - Setting next_dagrun for example_external_task_marker_child to None, run_after=None
[2024-07-02T19:44:40.661+0000] {logging_mixin.py:188} INFO - [2024-07-02T19:44:40.661+0000] {dag.py:3954} INFO - Setting next_dagrun for example_external_task_marker_parent to None, run_after=None
[2024-07-02T19:44:40.701+0000] {processor.py:183} INFO - Processing /usr/local/python/3.10.13/lib/python3.10/site-packages/airflow/example_dags/example_external_task_marker_dag.py took 0.076 seconds
[2024-07-02T19:45:41.539+0000] {processor.py:161} INFO - Started process (PID=22061) to work on /usr/local/python/3.10.13/lib/python3.10/site-packages/airflow/example_dags/example_external_task_marker_dag.py
[2024-07-02T19:45:41.540+0000] {processor.py:830} INFO - Processing file /usr/local/python/3.10.13/lib/python3.10/site-packages/airflow/example_dags/example_external_task_marker_dag.py for tasks to queue
[2024-07-02T19:45:41.540+0000] {logging_mixin.py:188} INFO - [2024-07-02T19:45:41.540+0000] {dagbag.py:545} INFO - Filling up the DagBag from /usr/local/python/3.10.13/lib/python3.10/site-packages/airflow/example_dags/example_external_task_marker_dag.py
[2024-07-02T19:45:41.545+0000] {processor.py:840} INFO - DAG(s) 'example_external_task_marker_parent', 'example_external_task_marker_child' retrieved from /usr/local/python/3.10.13/lib/python3.10/site-packages/airflow/example_dags/example_external_task_marker_dag.py
[2024-07-02T19:45:41.559+0000] {logging_mixin.py:188} INFO - [2024-07-02T19:45:41.559+0000] {dag.py:3096} INFO - Sync 2 DAGs
[2024-07-02T19:45:41.571+0000] {logging_mixin.py:188} INFO - [2024-07-02T19:45:41.571+0000] {dag.py:3954} INFO - Setting next_dagrun for example_external_task_marker_child to None, run_after=None
[2024-07-02T19:45:41.575+0000] {logging_mixin.py:188} INFO - [2024-07-02T19:45:41.574+0000] {dag.py:3954} INFO - Setting next_dagrun for example_external_task_marker_parent to None, run_after=None
[2024-07-02T19:45:41.619+0000] {processor.py:183} INFO - Processing /usr/local/python/3.10.13/lib/python3.10/site-packages/airflow/example_dags/example_external_task_marker_dag.py took 0.085 seconds
[2024-07-02T19:46:48.247+0000] {processor.py:161} INFO - Started process (PID=22527) to work on /usr/local/python/3.10.13/lib/python3.10/site-packages/airflow/example_dags/example_external_task_marker_dag.py
[2024-07-02T19:46:48.248+0000] {processor.py:830} INFO - Processing file /usr/local/python/3.10.13/lib/python3.10/site-packages/airflow/example_dags/example_external_task_marker_dag.py for tasks to queue
[2024-07-02T19:46:48.249+0000] {logging_mixin.py:188} INFO - [2024-07-02T19:46:48.248+0000] {dagbag.py:545} INFO - Filling up the DagBag from /usr/local/python/3.10.13/lib/python3.10/site-packages/airflow/example_dags/example_external_task_marker_dag.py
[2024-07-02T19:46:48.256+0000] {processor.py:840} INFO - DAG(s) 'example_external_task_marker_parent', 'example_external_task_marker_child' retrieved from /usr/local/python/3.10.13/lib/python3.10/site-packages/airflow/example_dags/example_external_task_marker_dag.py
[2024-07-02T19:46:48.277+0000] {logging_mixin.py:188} INFO - [2024-07-02T19:46:48.276+0000] {dag.py:3096} INFO - Sync 2 DAGs
[2024-07-02T19:46:48.286+0000] {logging_mixin.py:188} INFO - [2024-07-02T19:46:48.286+0000] {dag.py:3954} INFO - Setting next_dagrun for example_external_task_marker_child to None, run_after=None
[2024-07-02T19:46:48.290+0000] {logging_mixin.py:188} INFO - [2024-07-02T19:46:48.290+0000] {dag.py:3954} INFO - Setting next_dagrun for example_external_task_marker_parent to None, run_after=None
[2024-07-02T19:46:48.343+0000] {processor.py:183} INFO - Processing /usr/local/python/3.10.13/lib/python3.10/site-packages/airflow/example_dags/example_external_task_marker_dag.py took 0.101 seconds
[2024-07-02T19:47:55.738+0000] {processor.py:161} INFO - Started process (PID=22987) to work on /usr/local/python/3.10.13/lib/python3.10/site-packages/airflow/example_dags/example_external_task_marker_dag.py
[2024-07-02T19:47:55.738+0000] {processor.py:830} INFO - Processing file /usr/local/python/3.10.13/lib/python3.10/site-packages/airflow/example_dags/example_external_task_marker_dag.py for tasks to queue
[2024-07-02T19:47:55.739+0000] {logging_mixin.py:188} INFO - [2024-07-02T19:47:55.739+0000] {dagbag.py:545} INFO - Filling up the DagBag from /usr/local/python/3.10.13/lib/python3.10/site-packages/airflow/example_dags/example_external_task_marker_dag.py
[2024-07-02T19:47:55.745+0000] {processor.py:840} INFO - DAG(s) 'example_external_task_marker_child', 'example_external_task_marker_parent' retrieved from /usr/local/python/3.10.13/lib/python3.10/site-packages/airflow/example_dags/example_external_task_marker_dag.py
[2024-07-02T19:47:55.759+0000] {logging_mixin.py:188} INFO - [2024-07-02T19:47:55.759+0000] {dag.py:3096} INFO - Sync 2 DAGs
[2024-07-02T19:47:55.768+0000] {logging_mixin.py:188} INFO - [2024-07-02T19:47:55.768+0000] {dag.py:3954} INFO - Setting next_dagrun for example_external_task_marker_child to None, run_after=None
[2024-07-02T19:47:55.770+0000] {logging_mixin.py:188} INFO - [2024-07-02T19:47:55.770+0000] {dag.py:3954} INFO - Setting next_dagrun for example_external_task_marker_parent to None, run_after=None
[2024-07-02T19:47:55.809+0000] {processor.py:183} INFO - Processing /usr/local/python/3.10.13/lib/python3.10/site-packages/airflow/example_dags/example_external_task_marker_dag.py took 0.078 seconds
[2024-07-02T19:48:58.757+0000] {processor.py:161} INFO - Started process (PID=23446) to work on /usr/local/python/3.10.13/lib/python3.10/site-packages/airflow/example_dags/example_external_task_marker_dag.py
[2024-07-02T19:48:58.758+0000] {processor.py:830} INFO - Processing file /usr/local/python/3.10.13/lib/python3.10/site-packages/airflow/example_dags/example_external_task_marker_dag.py for tasks to queue
[2024-07-02T19:48:58.758+0000] {logging_mixin.py:188} INFO - [2024-07-02T19:48:58.758+0000] {dagbag.py:545} INFO - Filling up the DagBag from /usr/local/python/3.10.13/lib/python3.10/site-packages/airflow/example_dags/example_external_task_marker_dag.py
[2024-07-02T19:48:58.763+0000] {processor.py:840} INFO - DAG(s) 'example_external_task_marker_parent', 'example_external_task_marker_child' retrieved from /usr/local/python/3.10.13/lib/python3.10/site-packages/airflow/example_dags/example_external_task_marker_dag.py
[2024-07-02T19:48:58.777+0000] {logging_mixin.py:188} INFO - [2024-07-02T19:48:58.777+0000] {dag.py:3096} INFO - Sync 2 DAGs
[2024-07-02T19:48:58.785+0000] {logging_mixin.py:188} INFO - [2024-07-02T19:48:58.785+0000] {dag.py:3954} INFO - Setting next_dagrun for example_external_task_marker_child to None, run_after=None
[2024-07-02T19:48:58.788+0000] {logging_mixin.py:188} INFO - [2024-07-02T19:48:58.788+0000] {dag.py:3954} INFO - Setting next_dagrun for example_external_task_marker_parent to None, run_after=None
[2024-07-02T19:48:58.829+0000] {processor.py:183} INFO - Processing /usr/local/python/3.10.13/lib/python3.10/site-packages/airflow/example_dags/example_external_task_marker_dag.py took 0.077 seconds
[2024-07-02T19:50:06.560+0000] {processor.py:161} INFO - Started process (PID=23972) to work on /usr/local/python/3.10.13/lib/python3.10/site-packages/airflow/example_dags/example_external_task_marker_dag.py
[2024-07-02T19:50:06.561+0000] {processor.py:830} INFO - Processing file /usr/local/python/3.10.13/lib/python3.10/site-packages/airflow/example_dags/example_external_task_marker_dag.py for tasks to queue
[2024-07-02T19:50:06.561+0000] {logging_mixin.py:188} INFO - [2024-07-02T19:50:06.561+0000] {dagbag.py:545} INFO - Filling up the DagBag from /usr/local/python/3.10.13/lib/python3.10/site-packages/airflow/example_dags/example_external_task_marker_dag.py
[2024-07-02T19:50:06.566+0000] {processor.py:840} INFO - DAG(s) 'example_external_task_marker_parent', 'example_external_task_marker_child' retrieved from /usr/local/python/3.10.13/lib/python3.10/site-packages/airflow/example_dags/example_external_task_marker_dag.py
[2024-07-02T19:50:06.580+0000] {logging_mixin.py:188} INFO - [2024-07-02T19:50:06.580+0000] {dag.py:3096} INFO - Sync 2 DAGs
[2024-07-02T19:50:06.588+0000] {logging_mixin.py:188} INFO - [2024-07-02T19:50:06.588+0000] {dag.py:3954} INFO - Setting next_dagrun for example_external_task_marker_child to None, run_after=None
[2024-07-02T19:50:06.591+0000] {logging_mixin.py:188} INFO - [2024-07-02T19:50:06.591+0000] {dag.py:3954} INFO - Setting next_dagrun for example_external_task_marker_parent to None, run_after=None
[2024-07-02T19:50:06.630+0000] {processor.py:183} INFO - Processing /usr/local/python/3.10.13/lib/python3.10/site-packages/airflow/example_dags/example_external_task_marker_dag.py took 0.074 seconds
[2024-07-02T19:51:13.458+0000] {processor.py:161} INFO - Started process (PID=24491) to work on /usr/local/python/3.10.13/lib/python3.10/site-packages/airflow/example_dags/example_external_task_marker_dag.py
[2024-07-02T19:51:13.459+0000] {processor.py:830} INFO - Processing file /usr/local/python/3.10.13/lib/python3.10/site-packages/airflow/example_dags/example_external_task_marker_dag.py for tasks to queue
[2024-07-02T19:51:13.459+0000] {logging_mixin.py:188} INFO - [2024-07-02T19:51:13.459+0000] {dagbag.py:545} INFO - Filling up the DagBag from /usr/local/python/3.10.13/lib/python3.10/site-packages/airflow/example_dags/example_external_task_marker_dag.py
[2024-07-02T19:51:13.464+0000] {processor.py:840} INFO - DAG(s) 'example_external_task_marker_parent', 'example_external_task_marker_child' retrieved from /usr/local/python/3.10.13/lib/python3.10/site-packages/airflow/example_dags/example_external_task_marker_dag.py
[2024-07-02T19:51:13.489+0000] {logging_mixin.py:188} INFO - [2024-07-02T19:51:13.489+0000] {dag.py:3096} INFO - Sync 2 DAGs
[2024-07-02T19:51:13.503+0000] {logging_mixin.py:188} INFO - [2024-07-02T19:51:13.502+0000] {dag.py:3954} INFO - Setting next_dagrun for example_external_task_marker_child to None, run_after=None
[2024-07-02T19:51:13.507+0000] {logging_mixin.py:188} INFO - [2024-07-02T19:51:13.506+0000] {dag.py:3954} INFO - Setting next_dagrun for example_external_task_marker_parent to None, run_after=None
[2024-07-02T19:51:13.550+0000] {processor.py:183} INFO - Processing /usr/local/python/3.10.13/lib/python3.10/site-packages/airflow/example_dags/example_external_task_marker_dag.py took 0.096 seconds
[2024-07-02T19:52:19.702+0000] {processor.py:161} INFO - Started process (PID=24980) to work on /usr/local/python/3.10.13/lib/python3.10/site-packages/airflow/example_dags/example_external_task_marker_dag.py
[2024-07-02T19:52:19.703+0000] {processor.py:830} INFO - Processing file /usr/local/python/3.10.13/lib/python3.10/site-packages/airflow/example_dags/example_external_task_marker_dag.py for tasks to queue
[2024-07-02T19:52:19.703+0000] {logging_mixin.py:188} INFO - [2024-07-02T19:52:19.703+0000] {dagbag.py:545} INFO - Filling up the DagBag from /usr/local/python/3.10.13/lib/python3.10/site-packages/airflow/example_dags/example_external_task_marker_dag.py
[2024-07-02T19:52:19.708+0000] {processor.py:840} INFO - DAG(s) 'example_external_task_marker_parent', 'example_external_task_marker_child' retrieved from /usr/local/python/3.10.13/lib/python3.10/site-packages/airflow/example_dags/example_external_task_marker_dag.py
[2024-07-02T19:52:19.721+0000] {logging_mixin.py:188} INFO - [2024-07-02T19:52:19.721+0000] {dag.py:3096} INFO - Sync 2 DAGs
[2024-07-02T19:52:19.730+0000] {logging_mixin.py:188} INFO - [2024-07-02T19:52:19.730+0000] {dag.py:3954} INFO - Setting next_dagrun for example_external_task_marker_child to None, run_after=None
[2024-07-02T19:52:19.733+0000] {logging_mixin.py:188} INFO - [2024-07-02T19:52:19.733+0000] {dag.py:3954} INFO - Setting next_dagrun for example_external_task_marker_parent to None, run_after=None
[2024-07-02T19:52:19.771+0000] {processor.py:183} INFO - Processing /usr/local/python/3.10.13/lib/python3.10/site-packages/airflow/example_dags/example_external_task_marker_dag.py took 0.073 seconds
[2024-07-02T19:53:26.260+0000] {processor.py:161} INFO - Started process (PID=25491) to work on /usr/local/python/3.10.13/lib/python3.10/site-packages/airflow/example_dags/example_external_task_marker_dag.py
[2024-07-02T19:53:26.260+0000] {processor.py:830} INFO - Processing file /usr/local/python/3.10.13/lib/python3.10/site-packages/airflow/example_dags/example_external_task_marker_dag.py for tasks to queue
[2024-07-02T19:53:26.261+0000] {logging_mixin.py:188} INFO - [2024-07-02T19:53:26.261+0000] {dagbag.py:545} INFO - Filling up the DagBag from /usr/local/python/3.10.13/lib/python3.10/site-packages/airflow/example_dags/example_external_task_marker_dag.py
[2024-07-02T19:53:26.266+0000] {processor.py:840} INFO - DAG(s) 'example_external_task_marker_parent', 'example_external_task_marker_child' retrieved from /usr/local/python/3.10.13/lib/python3.10/site-packages/airflow/example_dags/example_external_task_marker_dag.py
[2024-07-02T19:53:26.279+0000] {logging_mixin.py:188} INFO - [2024-07-02T19:53:26.279+0000] {dag.py:3096} INFO - Sync 2 DAGs
[2024-07-02T19:53:26.288+0000] {logging_mixin.py:188} INFO - [2024-07-02T19:53:26.288+0000] {dag.py:3954} INFO - Setting next_dagrun for example_external_task_marker_child to None, run_after=None
[2024-07-02T19:53:26.290+0000] {logging_mixin.py:188} INFO - [2024-07-02T19:53:26.290+0000] {dag.py:3954} INFO - Setting next_dagrun for example_external_task_marker_parent to None, run_after=None
[2024-07-02T19:53:26.332+0000] {processor.py:183} INFO - Processing /usr/local/python/3.10.13/lib/python3.10/site-packages/airflow/example_dags/example_external_task_marker_dag.py took 0.077 seconds
[2024-07-02T19:54:33.108+0000] {processor.py:161} INFO - Started process (PID=25987) to work on /usr/local/python/3.10.13/lib/python3.10/site-packages/airflow/example_dags/example_external_task_marker_dag.py
[2024-07-02T19:54:33.109+0000] {processor.py:830} INFO - Processing file /usr/local/python/3.10.13/lib/python3.10/site-packages/airflow/example_dags/example_external_task_marker_dag.py for tasks to queue
[2024-07-02T19:54:33.110+0000] {logging_mixin.py:188} INFO - [2024-07-02T19:54:33.110+0000] {dagbag.py:545} INFO - Filling up the DagBag from /usr/local/python/3.10.13/lib/python3.10/site-packages/airflow/example_dags/example_external_task_marker_dag.py
[2024-07-02T19:54:33.118+0000] {processor.py:840} INFO - DAG(s) 'example_external_task_marker_parent', 'example_external_task_marker_child' retrieved from /usr/local/python/3.10.13/lib/python3.10/site-packages/airflow/example_dags/example_external_task_marker_dag.py
[2024-07-02T19:54:33.136+0000] {logging_mixin.py:188} INFO - [2024-07-02T19:54:33.136+0000] {dag.py:3096} INFO - Sync 2 DAGs
[2024-07-02T19:54:33.149+0000] {logging_mixin.py:188} INFO - [2024-07-02T19:54:33.149+0000] {dag.py:3954} INFO - Setting next_dagrun for example_external_task_marker_child to None, run_after=None
[2024-07-02T19:54:33.152+0000] {logging_mixin.py:188} INFO - [2024-07-02T19:54:33.152+0000] {dag.py:3954} INFO - Setting next_dagrun for example_external_task_marker_parent to None, run_after=None
[2024-07-02T19:54:33.190+0000] {processor.py:183} INFO - Processing /usr/local/python/3.10.13/lib/python3.10/site-packages/airflow/example_dags/example_external_task_marker_dag.py took 0.089 seconds
[2024-07-02T19:55:38.835+0000] {processor.py:161} INFO - Started process (PID=26500) to work on /usr/local/python/3.10.13/lib/python3.10/site-packages/airflow/example_dags/example_external_task_marker_dag.py
[2024-07-02T19:55:38.836+0000] {processor.py:830} INFO - Processing file /usr/local/python/3.10.13/lib/python3.10/site-packages/airflow/example_dags/example_external_task_marker_dag.py for tasks to queue
[2024-07-02T19:55:38.836+0000] {logging_mixin.py:188} INFO - [2024-07-02T19:55:38.836+0000] {dagbag.py:545} INFO - Filling up the DagBag from /usr/local/python/3.10.13/lib/python3.10/site-packages/airflow/example_dags/example_external_task_marker_dag.py
[2024-07-02T19:55:38.841+0000] {processor.py:840} INFO - DAG(s) 'example_external_task_marker_parent', 'example_external_task_marker_child' retrieved from /usr/local/python/3.10.13/lib/python3.10/site-packages/airflow/example_dags/example_external_task_marker_dag.py
[2024-07-02T19:55:38.854+0000] {logging_mixin.py:188} INFO - [2024-07-02T19:55:38.854+0000] {dag.py:3096} INFO - Sync 2 DAGs
[2024-07-02T19:55:38.863+0000] {logging_mixin.py:188} INFO - [2024-07-02T19:55:38.863+0000] {dag.py:3954} INFO - Setting next_dagrun for example_external_task_marker_child to None, run_after=None
[2024-07-02T19:55:38.865+0000] {logging_mixin.py:188} INFO - [2024-07-02T19:55:38.865+0000] {dag.py:3954} INFO - Setting next_dagrun for example_external_task_marker_parent to None, run_after=None
[2024-07-02T19:55:38.905+0000] {processor.py:183} INFO - Processing /usr/local/python/3.10.13/lib/python3.10/site-packages/airflow/example_dags/example_external_task_marker_dag.py took 0.074 seconds
[2024-07-02T19:56:46.775+0000] {processor.py:161} INFO - Started process (PID=27129) to work on /usr/local/python/3.10.13/lib/python3.10/site-packages/airflow/example_dags/example_external_task_marker_dag.py
[2024-07-02T19:56:46.775+0000] {processor.py:830} INFO - Processing file /usr/local/python/3.10.13/lib/python3.10/site-packages/airflow/example_dags/example_external_task_marker_dag.py for tasks to queue
[2024-07-02T19:56:46.776+0000] {logging_mixin.py:188} INFO - [2024-07-02T19:56:46.776+0000] {dagbag.py:545} INFO - Filling up the DagBag from /usr/local/python/3.10.13/lib/python3.10/site-packages/airflow/example_dags/example_external_task_marker_dag.py
[2024-07-02T19:56:46.781+0000] {processor.py:840} INFO - DAG(s) 'example_external_task_marker_child', 'example_external_task_marker_parent' retrieved from /usr/local/python/3.10.13/lib/python3.10/site-packages/airflow/example_dags/example_external_task_marker_dag.py
[2024-07-02T19:56:46.794+0000] {logging_mixin.py:188} INFO - [2024-07-02T19:56:46.794+0000] {dag.py:3096} INFO - Sync 2 DAGs
[2024-07-02T19:56:46.802+0000] {logging_mixin.py:188} INFO - [2024-07-02T19:56:46.802+0000] {dag.py:3954} INFO - Setting next_dagrun for example_external_task_marker_child to None, run_after=None
[2024-07-02T19:56:46.805+0000] {logging_mixin.py:188} INFO - [2024-07-02T19:56:46.805+0000] {dag.py:3954} INFO - Setting next_dagrun for example_external_task_marker_parent to None, run_after=None
[2024-07-02T19:56:46.848+0000] {processor.py:183} INFO - Processing /usr/local/python/3.10.13/lib/python3.10/site-packages/airflow/example_dags/example_external_task_marker_dag.py took 0.078 seconds
