[2024-07-02T19:11:09.457+0000] {processor.py:161} INFO - Started process (PID=5928) to work on /usr/local/python/3.10.13/lib/python3.10/site-packages/airflow/example_dags/example_bash_operator.py
[2024-07-02T19:11:09.457+0000] {processor.py:830} INFO - Processing file /usr/local/python/3.10.13/lib/python3.10/site-packages/airflow/example_dags/example_bash_operator.py for tasks to queue
[2024-07-02T19:11:09.458+0000] {logging_mixin.py:188} INFO - [2024-07-02T19:11:09.458+0000] {dagbag.py:545} INFO - Filling up the DagBag from /usr/local/python/3.10.13/lib/python3.10/site-packages/airflow/example_dags/example_bash_operator.py
[2024-07-02T19:11:09.468+0000] {processor.py:840} INFO - DAG(s) 'example_bash_operator' retrieved from /usr/local/python/3.10.13/lib/python3.10/site-packages/airflow/example_dags/example_bash_operator.py
[2024-07-02T19:11:09.610+0000] {logging_mixin.py:188} INFO - [2024-07-02T19:11:09.609+0000] {override.py:1829} INFO - Created Permission View: can edit on DAG:example_bash_operator
[2024-07-02T19:11:09.642+0000] {logging_mixin.py:188} INFO - [2024-07-02T19:11:09.642+0000] {override.py:1829} INFO - Created Permission View: can read on DAG:example_bash_operator
[2024-07-02T19:11:09.672+0000] {logging_mixin.py:188} INFO - [2024-07-02T19:11:09.672+0000] {override.py:1829} INFO - Created Permission View: can delete on DAG:example_bash_operator
[2024-07-02T19:11:09.672+0000] {logging_mixin.py:188} INFO - [2024-07-02T19:11:09.672+0000] {dag.py:3096} INFO - Sync 1 DAGs
[2024-07-02T19:11:09.680+0000] {logging_mixin.py:188} INFO - [2024-07-02T19:11:09.680+0000] {dag.py:3118} INFO - Creating ORM DAG for example_bash_operator
[2024-07-02T19:11:09.688+0000] {logging_mixin.py:188} INFO - [2024-07-02T19:11:09.687+0000] {dag.py:3954} INFO - Setting next_dagrun for example_bash_operator to 2024-07-01 00:00:00+00:00, run_after=2024-07-02 00:00:00+00:00
[2024-07-02T19:11:09.733+0000] {processor.py:183} INFO - Processing /usr/local/python/3.10.13/lib/python3.10/site-packages/airflow/example_dags/example_bash_operator.py took 0.281 seconds
[2024-07-02T19:12:01.401+0000] {processor.py:161} INFO - Started process (PID=6323) to work on /usr/local/python/3.10.13/lib/python3.10/site-packages/airflow/example_dags/example_bash_operator.py
[2024-07-02T19:12:01.402+0000] {processor.py:830} INFO - Processing file /usr/local/python/3.10.13/lib/python3.10/site-packages/airflow/example_dags/example_bash_operator.py for tasks to queue
[2024-07-02T19:12:01.403+0000] {logging_mixin.py:188} INFO - [2024-07-02T19:12:01.403+0000] {dagbag.py:545} INFO - Filling up the DagBag from /usr/local/python/3.10.13/lib/python3.10/site-packages/airflow/example_dags/example_bash_operator.py
[2024-07-02T19:12:01.412+0000] {processor.py:840} INFO - DAG(s) 'example_bash_operator' retrieved from /usr/local/python/3.10.13/lib/python3.10/site-packages/airflow/example_dags/example_bash_operator.py
[2024-07-02T19:12:01.431+0000] {logging_mixin.py:188} INFO - [2024-07-02T19:12:01.431+0000] {dag.py:3096} INFO - Sync 1 DAGs
[2024-07-02T19:12:01.446+0000] {logging_mixin.py:188} INFO - [2024-07-02T19:12:01.446+0000] {dag.py:3954} INFO - Setting next_dagrun for example_bash_operator to 2024-07-01 00:00:00+00:00, run_after=2024-07-02 00:00:00+00:00
[2024-07-02T19:12:01.485+0000] {processor.py:183} INFO - Processing /usr/local/python/3.10.13/lib/python3.10/site-packages/airflow/example_dags/example_bash_operator.py took 0.088 seconds
[2024-07-02T19:13:04.511+0000] {processor.py:161} INFO - Started process (PID=6814) to work on /usr/local/python/3.10.13/lib/python3.10/site-packages/airflow/example_dags/example_bash_operator.py
[2024-07-02T19:13:04.511+0000] {processor.py:830} INFO - Processing file /usr/local/python/3.10.13/lib/python3.10/site-packages/airflow/example_dags/example_bash_operator.py for tasks to queue
[2024-07-02T19:13:04.512+0000] {logging_mixin.py:188} INFO - [2024-07-02T19:13:04.512+0000] {dagbag.py:545} INFO - Filling up the DagBag from /usr/local/python/3.10.13/lib/python3.10/site-packages/airflow/example_dags/example_bash_operator.py
[2024-07-02T19:13:04.522+0000] {processor.py:840} INFO - DAG(s) 'example_bash_operator' retrieved from /usr/local/python/3.10.13/lib/python3.10/site-packages/airflow/example_dags/example_bash_operator.py
[2024-07-02T19:13:04.540+0000] {logging_mixin.py:188} INFO - [2024-07-02T19:13:04.540+0000] {dag.py:3096} INFO - Sync 1 DAGs
[2024-07-02T19:13:04.555+0000] {logging_mixin.py:188} INFO - [2024-07-02T19:13:04.555+0000] {dag.py:3954} INFO - Setting next_dagrun for example_bash_operator to 2024-07-01 00:00:00+00:00, run_after=2024-07-02 00:00:00+00:00
[2024-07-02T19:13:04.595+0000] {processor.py:183} INFO - Processing /usr/local/python/3.10.13/lib/python3.10/site-packages/airflow/example_dags/example_bash_operator.py took 0.089 seconds
[2024-07-02T19:14:05.329+0000] {processor.py:161} INFO - Started process (PID=7279) to work on /usr/local/python/3.10.13/lib/python3.10/site-packages/airflow/example_dags/example_bash_operator.py
[2024-07-02T19:14:05.330+0000] {processor.py:830} INFO - Processing file /usr/local/python/3.10.13/lib/python3.10/site-packages/airflow/example_dags/example_bash_operator.py for tasks to queue
[2024-07-02T19:14:05.331+0000] {logging_mixin.py:188} INFO - [2024-07-02T19:14:05.330+0000] {dagbag.py:545} INFO - Filling up the DagBag from /usr/local/python/3.10.13/lib/python3.10/site-packages/airflow/example_dags/example_bash_operator.py
[2024-07-02T19:14:05.340+0000] {processor.py:840} INFO - DAG(s) 'example_bash_operator' retrieved from /usr/local/python/3.10.13/lib/python3.10/site-packages/airflow/example_dags/example_bash_operator.py
[2024-07-02T19:14:05.358+0000] {logging_mixin.py:188} INFO - [2024-07-02T19:14:05.358+0000] {dag.py:3096} INFO - Sync 1 DAGs
[2024-07-02T19:14:05.373+0000] {logging_mixin.py:188} INFO - [2024-07-02T19:14:05.373+0000] {dag.py:3954} INFO - Setting next_dagrun for example_bash_operator to 2024-07-01 00:00:00+00:00, run_after=2024-07-02 00:00:00+00:00
[2024-07-02T19:14:05.413+0000] {processor.py:183} INFO - Processing /usr/local/python/3.10.13/lib/python3.10/site-packages/airflow/example_dags/example_bash_operator.py took 0.089 seconds
[2024-07-02T19:15:08.837+0000] {processor.py:161} INFO - Started process (PID=7754) to work on /usr/local/python/3.10.13/lib/python3.10/site-packages/airflow/example_dags/example_bash_operator.py
[2024-07-02T19:15:08.837+0000] {processor.py:830} INFO - Processing file /usr/local/python/3.10.13/lib/python3.10/site-packages/airflow/example_dags/example_bash_operator.py for tasks to queue
[2024-07-02T19:15:08.838+0000] {logging_mixin.py:188} INFO - [2024-07-02T19:15:08.838+0000] {dagbag.py:545} INFO - Filling up the DagBag from /usr/local/python/3.10.13/lib/python3.10/site-packages/airflow/example_dags/example_bash_operator.py
[2024-07-02T19:15:08.847+0000] {processor.py:840} INFO - DAG(s) 'example_bash_operator' retrieved from /usr/local/python/3.10.13/lib/python3.10/site-packages/airflow/example_dags/example_bash_operator.py
[2024-07-02T19:15:08.867+0000] {logging_mixin.py:188} INFO - [2024-07-02T19:15:08.867+0000] {dag.py:3096} INFO - Sync 1 DAGs
[2024-07-02T19:15:08.883+0000] {logging_mixin.py:188} INFO - [2024-07-02T19:15:08.883+0000] {dag.py:3954} INFO - Setting next_dagrun for example_bash_operator to 2024-07-01 00:00:00+00:00, run_after=2024-07-02 00:00:00+00:00
[2024-07-02T19:15:08.922+0000] {processor.py:183} INFO - Processing /usr/local/python/3.10.13/lib/python3.10/site-packages/airflow/example_dags/example_bash_operator.py took 0.090 seconds
[2024-07-02T19:16:10.106+0000] {processor.py:161} INFO - Started process (PID=8230) to work on /usr/local/python/3.10.13/lib/python3.10/site-packages/airflow/example_dags/example_bash_operator.py
[2024-07-02T19:16:10.107+0000] {processor.py:830} INFO - Processing file /usr/local/python/3.10.13/lib/python3.10/site-packages/airflow/example_dags/example_bash_operator.py for tasks to queue
[2024-07-02T19:16:10.108+0000] {logging_mixin.py:188} INFO - [2024-07-02T19:16:10.107+0000] {dagbag.py:545} INFO - Filling up the DagBag from /usr/local/python/3.10.13/lib/python3.10/site-packages/airflow/example_dags/example_bash_operator.py
[2024-07-02T19:16:10.117+0000] {processor.py:840} INFO - DAG(s) 'example_bash_operator' retrieved from /usr/local/python/3.10.13/lib/python3.10/site-packages/airflow/example_dags/example_bash_operator.py
[2024-07-02T19:16:10.154+0000] {logging_mixin.py:188} INFO - [2024-07-02T19:16:10.154+0000] {dag.py:3096} INFO - Sync 1 DAGs
[2024-07-02T19:16:10.172+0000] {logging_mixin.py:188} INFO - [2024-07-02T19:16:10.171+0000] {dag.py:3954} INFO - Setting next_dagrun for example_bash_operator to 2024-07-01 00:00:00+00:00, run_after=2024-07-02 00:00:00+00:00
[2024-07-02T19:16:10.211+0000] {processor.py:183} INFO - Processing /usr/local/python/3.10.13/lib/python3.10/site-packages/airflow/example_dags/example_bash_operator.py took 0.110 seconds
[2024-07-02T19:17:21.235+0000] {processor.py:161} INFO - Started process (PID=8765) to work on /usr/local/python/3.10.13/lib/python3.10/site-packages/airflow/example_dags/example_bash_operator.py
[2024-07-02T19:17:21.235+0000] {processor.py:830} INFO - Processing file /usr/local/python/3.10.13/lib/python3.10/site-packages/airflow/example_dags/example_bash_operator.py for tasks to queue
[2024-07-02T19:17:21.236+0000] {logging_mixin.py:188} INFO - [2024-07-02T19:17:21.236+0000] {dagbag.py:545} INFO - Filling up the DagBag from /usr/local/python/3.10.13/lib/python3.10/site-packages/airflow/example_dags/example_bash_operator.py
[2024-07-02T19:17:21.245+0000] {processor.py:840} INFO - DAG(s) 'example_bash_operator' retrieved from /usr/local/python/3.10.13/lib/python3.10/site-packages/airflow/example_dags/example_bash_operator.py
[2024-07-02T19:17:21.264+0000] {logging_mixin.py:188} INFO - [2024-07-02T19:17:21.264+0000] {dag.py:3096} INFO - Sync 1 DAGs
[2024-07-02T19:17:21.279+0000] {logging_mixin.py:188} INFO - [2024-07-02T19:17:21.279+0000] {dag.py:3954} INFO - Setting next_dagrun for example_bash_operator to 2024-07-01 00:00:00+00:00, run_after=2024-07-02 00:00:00+00:00
[2024-07-02T19:17:21.318+0000] {processor.py:183} INFO - Processing /usr/local/python/3.10.13/lib/python3.10/site-packages/airflow/example_dags/example_bash_operator.py took 0.088 seconds
[2024-07-02T19:18:26.773+0000] {processor.py:161} INFO - Started process (PID=9259) to work on /usr/local/python/3.10.13/lib/python3.10/site-packages/airflow/example_dags/example_bash_operator.py
[2024-07-02T19:18:26.773+0000] {processor.py:830} INFO - Processing file /usr/local/python/3.10.13/lib/python3.10/site-packages/airflow/example_dags/example_bash_operator.py for tasks to queue
[2024-07-02T19:18:26.774+0000] {logging_mixin.py:188} INFO - [2024-07-02T19:18:26.774+0000] {dagbag.py:545} INFO - Filling up the DagBag from /usr/local/python/3.10.13/lib/python3.10/site-packages/airflow/example_dags/example_bash_operator.py
[2024-07-02T19:18:26.783+0000] {processor.py:840} INFO - DAG(s) 'example_bash_operator' retrieved from /usr/local/python/3.10.13/lib/python3.10/site-packages/airflow/example_dags/example_bash_operator.py
[2024-07-02T19:18:26.802+0000] {logging_mixin.py:188} INFO - [2024-07-02T19:18:26.802+0000] {dag.py:3096} INFO - Sync 1 DAGs
[2024-07-02T19:18:26.818+0000] {logging_mixin.py:188} INFO - [2024-07-02T19:18:26.818+0000] {dag.py:3954} INFO - Setting next_dagrun for example_bash_operator to 2024-07-01 00:00:00+00:00, run_after=2024-07-02 00:00:00+00:00
[2024-07-02T19:18:26.857+0000] {processor.py:183} INFO - Processing /usr/local/python/3.10.13/lib/python3.10/site-packages/airflow/example_dags/example_bash_operator.py took 0.089 seconds
[2024-07-02T19:19:29.695+0000] {processor.py:161} INFO - Started process (PID=9721) to work on /usr/local/python/3.10.13/lib/python3.10/site-packages/airflow/example_dags/example_bash_operator.py
[2024-07-02T19:19:29.696+0000] {processor.py:830} INFO - Processing file /usr/local/python/3.10.13/lib/python3.10/site-packages/airflow/example_dags/example_bash_operator.py for tasks to queue
[2024-07-02T19:19:29.696+0000] {logging_mixin.py:188} INFO - [2024-07-02T19:19:29.696+0000] {dagbag.py:545} INFO - Filling up the DagBag from /usr/local/python/3.10.13/lib/python3.10/site-packages/airflow/example_dags/example_bash_operator.py
[2024-07-02T19:19:29.709+0000] {processor.py:840} INFO - DAG(s) 'example_bash_operator' retrieved from /usr/local/python/3.10.13/lib/python3.10/site-packages/airflow/example_dags/example_bash_operator.py
[2024-07-02T19:19:29.735+0000] {logging_mixin.py:188} INFO - [2024-07-02T19:19:29.735+0000] {dag.py:3096} INFO - Sync 1 DAGs
[2024-07-02T19:19:29.751+0000] {logging_mixin.py:188} INFO - [2024-07-02T19:19:29.751+0000] {dag.py:3954} INFO - Setting next_dagrun for example_bash_operator to 2024-07-01 00:00:00+00:00, run_after=2024-07-02 00:00:00+00:00
[2024-07-02T19:19:29.788+0000] {processor.py:183} INFO - Processing /usr/local/python/3.10.13/lib/python3.10/site-packages/airflow/example_dags/example_bash_operator.py took 0.098 seconds
[2024-07-02T19:20:41.691+0000] {processor.py:161} INFO - Started process (PID=10287) to work on /usr/local/python/3.10.13/lib/python3.10/site-packages/airflow/example_dags/example_bash_operator.py
[2024-07-02T19:20:41.692+0000] {processor.py:830} INFO - Processing file /usr/local/python/3.10.13/lib/python3.10/site-packages/airflow/example_dags/example_bash_operator.py for tasks to queue
[2024-07-02T19:20:41.693+0000] {logging_mixin.py:188} INFO - [2024-07-02T19:20:41.693+0000] {dagbag.py:545} INFO - Filling up the DagBag from /usr/local/python/3.10.13/lib/python3.10/site-packages/airflow/example_dags/example_bash_operator.py
[2024-07-02T19:20:41.702+0000] {processor.py:840} INFO - DAG(s) 'example_bash_operator' retrieved from /usr/local/python/3.10.13/lib/python3.10/site-packages/airflow/example_dags/example_bash_operator.py
[2024-07-02T19:20:41.721+0000] {logging_mixin.py:188} INFO - [2024-07-02T19:20:41.720+0000] {dag.py:3096} INFO - Sync 1 DAGs
[2024-07-02T19:20:41.736+0000] {logging_mixin.py:188} INFO - [2024-07-02T19:20:41.735+0000] {dag.py:3954} INFO - Setting next_dagrun for example_bash_operator to 2024-07-01 00:00:00+00:00, run_after=2024-07-02 00:00:00+00:00
[2024-07-02T19:20:41.778+0000] {processor.py:183} INFO - Processing /usr/local/python/3.10.13/lib/python3.10/site-packages/airflow/example_dags/example_bash_operator.py took 0.091 seconds
[2024-07-02T19:21:51.815+0000] {processor.py:161} INFO - Started process (PID=10800) to work on /usr/local/python/3.10.13/lib/python3.10/site-packages/airflow/example_dags/example_bash_operator.py
[2024-07-02T19:21:51.816+0000] {processor.py:830} INFO - Processing file /usr/local/python/3.10.13/lib/python3.10/site-packages/airflow/example_dags/example_bash_operator.py for tasks to queue
[2024-07-02T19:21:51.816+0000] {logging_mixin.py:188} INFO - [2024-07-02T19:21:51.816+0000] {dagbag.py:545} INFO - Filling up the DagBag from /usr/local/python/3.10.13/lib/python3.10/site-packages/airflow/example_dags/example_bash_operator.py
[2024-07-02T19:21:51.826+0000] {processor.py:840} INFO - DAG(s) 'example_bash_operator' retrieved from /usr/local/python/3.10.13/lib/python3.10/site-packages/airflow/example_dags/example_bash_operator.py
[2024-07-02T19:21:51.845+0000] {logging_mixin.py:188} INFO - [2024-07-02T19:21:51.844+0000] {dag.py:3096} INFO - Sync 1 DAGs
[2024-07-02T19:21:51.860+0000] {logging_mixin.py:188} INFO - [2024-07-02T19:21:51.860+0000] {dag.py:3954} INFO - Setting next_dagrun for example_bash_operator to 2024-07-01 00:00:00+00:00, run_after=2024-07-02 00:00:00+00:00
[2024-07-02T19:21:51.899+0000] {processor.py:183} INFO - Processing /usr/local/python/3.10.13/lib/python3.10/site-packages/airflow/example_dags/example_bash_operator.py took 0.089 seconds
[2024-07-02T19:22:58.233+0000] {processor.py:161} INFO - Started process (PID=11315) to work on /usr/local/python/3.10.13/lib/python3.10/site-packages/airflow/example_dags/example_bash_operator.py
[2024-07-02T19:22:58.233+0000] {processor.py:830} INFO - Processing file /usr/local/python/3.10.13/lib/python3.10/site-packages/airflow/example_dags/example_bash_operator.py for tasks to queue
[2024-07-02T19:22:58.234+0000] {logging_mixin.py:188} INFO - [2024-07-02T19:22:58.234+0000] {dagbag.py:545} INFO - Filling up the DagBag from /usr/local/python/3.10.13/lib/python3.10/site-packages/airflow/example_dags/example_bash_operator.py
[2024-07-02T19:22:58.243+0000] {processor.py:840} INFO - DAG(s) 'example_bash_operator' retrieved from /usr/local/python/3.10.13/lib/python3.10/site-packages/airflow/example_dags/example_bash_operator.py
[2024-07-02T19:22:58.262+0000] {logging_mixin.py:188} INFO - [2024-07-02T19:22:58.262+0000] {dag.py:3096} INFO - Sync 1 DAGs
[2024-07-02T19:22:58.278+0000] {logging_mixin.py:188} INFO - [2024-07-02T19:22:58.278+0000] {dag.py:3954} INFO - Setting next_dagrun for example_bash_operator to 2024-07-01 00:00:00+00:00, run_after=2024-07-02 00:00:00+00:00
[2024-07-02T19:22:58.318+0000] {processor.py:183} INFO - Processing /usr/local/python/3.10.13/lib/python3.10/site-packages/airflow/example_dags/example_bash_operator.py took 0.090 seconds
[2024-07-02T19:24:00.401+0000] {processor.py:161} INFO - Started process (PID=11783) to work on /usr/local/python/3.10.13/lib/python3.10/site-packages/airflow/example_dags/example_bash_operator.py
[2024-07-02T19:24:00.401+0000] {processor.py:830} INFO - Processing file /usr/local/python/3.10.13/lib/python3.10/site-packages/airflow/example_dags/example_bash_operator.py for tasks to queue
[2024-07-02T19:24:00.402+0000] {logging_mixin.py:188} INFO - [2024-07-02T19:24:00.402+0000] {dagbag.py:545} INFO - Filling up the DagBag from /usr/local/python/3.10.13/lib/python3.10/site-packages/airflow/example_dags/example_bash_operator.py
[2024-07-02T19:24:00.411+0000] {processor.py:840} INFO - DAG(s) 'example_bash_operator' retrieved from /usr/local/python/3.10.13/lib/python3.10/site-packages/airflow/example_dags/example_bash_operator.py
[2024-07-02T19:24:00.429+0000] {logging_mixin.py:188} INFO - [2024-07-02T19:24:00.429+0000] {dag.py:3096} INFO - Sync 1 DAGs
[2024-07-02T19:24:00.454+0000] {logging_mixin.py:188} INFO - [2024-07-02T19:24:00.454+0000] {dag.py:3954} INFO - Setting next_dagrun for example_bash_operator to 2024-07-01 00:00:00+00:00, run_after=2024-07-02 00:00:00+00:00
[2024-07-02T19:24:00.499+0000] {processor.py:183} INFO - Processing /usr/local/python/3.10.13/lib/python3.10/site-packages/airflow/example_dags/example_bash_operator.py took 0.103 seconds
[2024-07-02T19:25:05.383+0000] {processor.py:161} INFO - Started process (PID=12269) to work on /usr/local/python/3.10.13/lib/python3.10/site-packages/airflow/example_dags/example_bash_operator.py
[2024-07-02T19:25:05.383+0000] {processor.py:830} INFO - Processing file /usr/local/python/3.10.13/lib/python3.10/site-packages/airflow/example_dags/example_bash_operator.py for tasks to queue
[2024-07-02T19:25:05.384+0000] {logging_mixin.py:188} INFO - [2024-07-02T19:25:05.384+0000] {dagbag.py:545} INFO - Filling up the DagBag from /usr/local/python/3.10.13/lib/python3.10/site-packages/airflow/example_dags/example_bash_operator.py
[2024-07-02T19:25:05.393+0000] {processor.py:840} INFO - DAG(s) 'example_bash_operator' retrieved from /usr/local/python/3.10.13/lib/python3.10/site-packages/airflow/example_dags/example_bash_operator.py
[2024-07-02T19:25:05.412+0000] {logging_mixin.py:188} INFO - [2024-07-02T19:25:05.412+0000] {dag.py:3096} INFO - Sync 1 DAGs
[2024-07-02T19:25:05.427+0000] {logging_mixin.py:188} INFO - [2024-07-02T19:25:05.427+0000] {dag.py:3954} INFO - Setting next_dagrun for example_bash_operator to 2024-07-01 00:00:00+00:00, run_after=2024-07-02 00:00:00+00:00
[2024-07-02T19:25:05.467+0000] {processor.py:183} INFO - Processing /usr/local/python/3.10.13/lib/python3.10/site-packages/airflow/example_dags/example_bash_operator.py took 0.089 seconds
[2024-07-02T19:26:09.018+0000] {processor.py:161} INFO - Started process (PID=12764) to work on /usr/local/python/3.10.13/lib/python3.10/site-packages/airflow/example_dags/example_bash_operator.py
[2024-07-02T19:26:09.018+0000] {processor.py:830} INFO - Processing file /usr/local/python/3.10.13/lib/python3.10/site-packages/airflow/example_dags/example_bash_operator.py for tasks to queue
[2024-07-02T19:26:09.019+0000] {logging_mixin.py:188} INFO - [2024-07-02T19:26:09.019+0000] {dagbag.py:545} INFO - Filling up the DagBag from /usr/local/python/3.10.13/lib/python3.10/site-packages/airflow/example_dags/example_bash_operator.py
[2024-07-02T19:26:09.028+0000] {processor.py:840} INFO - DAG(s) 'example_bash_operator' retrieved from /usr/local/python/3.10.13/lib/python3.10/site-packages/airflow/example_dags/example_bash_operator.py
[2024-07-02T19:26:09.047+0000] {logging_mixin.py:188} INFO - [2024-07-02T19:26:09.047+0000] {dag.py:3096} INFO - Sync 1 DAGs
[2024-07-02T19:26:09.062+0000] {logging_mixin.py:188} INFO - [2024-07-02T19:26:09.062+0000] {dag.py:3954} INFO - Setting next_dagrun for example_bash_operator to 2024-07-01 00:00:00+00:00, run_after=2024-07-02 00:00:00+00:00
[2024-07-02T19:26:09.110+0000] {processor.py:183} INFO - Processing /usr/local/python/3.10.13/lib/python3.10/site-packages/airflow/example_dags/example_bash_operator.py took 0.096 seconds
[2024-07-02T19:27:15.674+0000] {processor.py:161} INFO - Started process (PID=13258) to work on /usr/local/python/3.10.13/lib/python3.10/site-packages/airflow/example_dags/example_bash_operator.py
[2024-07-02T19:27:15.675+0000] {processor.py:830} INFO - Processing file /usr/local/python/3.10.13/lib/python3.10/site-packages/airflow/example_dags/example_bash_operator.py for tasks to queue
[2024-07-02T19:27:15.675+0000] {logging_mixin.py:188} INFO - [2024-07-02T19:27:15.675+0000] {dagbag.py:545} INFO - Filling up the DagBag from /usr/local/python/3.10.13/lib/python3.10/site-packages/airflow/example_dags/example_bash_operator.py
[2024-07-02T19:27:15.686+0000] {processor.py:840} INFO - DAG(s) 'example_bash_operator' retrieved from /usr/local/python/3.10.13/lib/python3.10/site-packages/airflow/example_dags/example_bash_operator.py
[2024-07-02T19:27:15.707+0000] {logging_mixin.py:188} INFO - [2024-07-02T19:27:15.707+0000] {dag.py:3096} INFO - Sync 1 DAGs
[2024-07-02T19:27:15.724+0000] {logging_mixin.py:188} INFO - [2024-07-02T19:27:15.724+0000] {dag.py:3954} INFO - Setting next_dagrun for example_bash_operator to 2024-07-01 00:00:00+00:00, run_after=2024-07-02 00:00:00+00:00
[2024-07-02T19:27:15.767+0000] {processor.py:183} INFO - Processing /usr/local/python/3.10.13/lib/python3.10/site-packages/airflow/example_dags/example_bash_operator.py took 0.098 seconds
[2024-07-02T19:28:17.377+0000] {processor.py:161} INFO - Started process (PID=13854) to work on /usr/local/python/3.10.13/lib/python3.10/site-packages/airflow/example_dags/example_bash_operator.py
[2024-07-02T19:28:17.378+0000] {processor.py:830} INFO - Processing file /usr/local/python/3.10.13/lib/python3.10/site-packages/airflow/example_dags/example_bash_operator.py for tasks to queue
[2024-07-02T19:28:17.379+0000] {logging_mixin.py:188} INFO - [2024-07-02T19:28:17.379+0000] {dagbag.py:545} INFO - Filling up the DagBag from /usr/local/python/3.10.13/lib/python3.10/site-packages/airflow/example_dags/example_bash_operator.py
[2024-07-02T19:28:17.390+0000] {processor.py:840} INFO - DAG(s) 'example_bash_operator' retrieved from /usr/local/python/3.10.13/lib/python3.10/site-packages/airflow/example_dags/example_bash_operator.py
[2024-07-02T19:28:17.409+0000] {logging_mixin.py:188} INFO - [2024-07-02T19:28:17.409+0000] {dag.py:3096} INFO - Sync 1 DAGs
[2024-07-02T19:28:17.425+0000] {logging_mixin.py:188} INFO - [2024-07-02T19:28:17.425+0000] {dag.py:3954} INFO - Setting next_dagrun for example_bash_operator to 2024-07-01 00:00:00+00:00, run_after=2024-07-02 00:00:00+00:00
[2024-07-02T19:28:17.467+0000] {processor.py:183} INFO - Processing /usr/local/python/3.10.13/lib/python3.10/site-packages/airflow/example_dags/example_bash_operator.py took 0.096 seconds
[2024-07-02T19:29:25.951+0000] {processor.py:161} INFO - Started process (PID=14432) to work on /usr/local/python/3.10.13/lib/python3.10/site-packages/airflow/example_dags/example_bash_operator.py
[2024-07-02T19:29:25.951+0000] {processor.py:830} INFO - Processing file /usr/local/python/3.10.13/lib/python3.10/site-packages/airflow/example_dags/example_bash_operator.py for tasks to queue
[2024-07-02T19:29:25.952+0000] {logging_mixin.py:188} INFO - [2024-07-02T19:29:25.952+0000] {dagbag.py:545} INFO - Filling up the DagBag from /usr/local/python/3.10.13/lib/python3.10/site-packages/airflow/example_dags/example_bash_operator.py
[2024-07-02T19:29:25.961+0000] {processor.py:840} INFO - DAG(s) 'example_bash_operator' retrieved from /usr/local/python/3.10.13/lib/python3.10/site-packages/airflow/example_dags/example_bash_operator.py
[2024-07-02T19:29:25.980+0000] {logging_mixin.py:188} INFO - [2024-07-02T19:29:25.980+0000] {dag.py:3096} INFO - Sync 1 DAGs
[2024-07-02T19:29:25.995+0000] {logging_mixin.py:188} INFO - [2024-07-02T19:29:25.995+0000] {dag.py:3954} INFO - Setting next_dagrun for example_bash_operator to 2024-07-01 00:00:00+00:00, run_after=2024-07-02 00:00:00+00:00
[2024-07-02T19:29:26.034+0000] {processor.py:183} INFO - Processing /usr/local/python/3.10.13/lib/python3.10/site-packages/airflow/example_dags/example_bash_operator.py took 0.087 seconds
[2024-07-02T19:30:36.812+0000] {processor.py:161} INFO - Started process (PID=15015) to work on /usr/local/python/3.10.13/lib/python3.10/site-packages/airflow/example_dags/example_bash_operator.py
[2024-07-02T19:30:36.812+0000] {processor.py:830} INFO - Processing file /usr/local/python/3.10.13/lib/python3.10/site-packages/airflow/example_dags/example_bash_operator.py for tasks to queue
[2024-07-02T19:30:36.813+0000] {logging_mixin.py:188} INFO - [2024-07-02T19:30:36.813+0000] {dagbag.py:545} INFO - Filling up the DagBag from /usr/local/python/3.10.13/lib/python3.10/site-packages/airflow/example_dags/example_bash_operator.py
[2024-07-02T19:30:36.823+0000] {processor.py:840} INFO - DAG(s) 'example_bash_operator' retrieved from /usr/local/python/3.10.13/lib/python3.10/site-packages/airflow/example_dags/example_bash_operator.py
[2024-07-02T19:30:36.841+0000] {logging_mixin.py:188} INFO - [2024-07-02T19:30:36.841+0000] {dag.py:3096} INFO - Sync 1 DAGs
[2024-07-02T19:30:36.856+0000] {logging_mixin.py:188} INFO - [2024-07-02T19:30:36.856+0000] {dag.py:3954} INFO - Setting next_dagrun for example_bash_operator to 2024-07-01 00:00:00+00:00, run_after=2024-07-02 00:00:00+00:00
[2024-07-02T19:30:36.896+0000] {processor.py:183} INFO - Processing /usr/local/python/3.10.13/lib/python3.10/site-packages/airflow/example_dags/example_bash_operator.py took 0.089 seconds
[2024-07-02T19:31:48.395+0000] {processor.py:161} INFO - Started process (PID=15553) to work on /usr/local/python/3.10.13/lib/python3.10/site-packages/airflow/example_dags/example_bash_operator.py
[2024-07-02T19:31:48.396+0000] {processor.py:830} INFO - Processing file /usr/local/python/3.10.13/lib/python3.10/site-packages/airflow/example_dags/example_bash_operator.py for tasks to queue
[2024-07-02T19:31:48.396+0000] {logging_mixin.py:188} INFO - [2024-07-02T19:31:48.396+0000] {dagbag.py:545} INFO - Filling up the DagBag from /usr/local/python/3.10.13/lib/python3.10/site-packages/airflow/example_dags/example_bash_operator.py
[2024-07-02T19:31:48.405+0000] {processor.py:840} INFO - DAG(s) 'example_bash_operator' retrieved from /usr/local/python/3.10.13/lib/python3.10/site-packages/airflow/example_dags/example_bash_operator.py
[2024-07-02T19:31:48.424+0000] {logging_mixin.py:188} INFO - [2024-07-02T19:31:48.424+0000] {dag.py:3096} INFO - Sync 1 DAGs
[2024-07-02T19:31:48.439+0000] {logging_mixin.py:188} INFO - [2024-07-02T19:31:48.439+0000] {dag.py:3954} INFO - Setting next_dagrun for example_bash_operator to 2024-07-01 00:00:00+00:00, run_after=2024-07-02 00:00:00+00:00
[2024-07-02T19:31:48.526+0000] {processor.py:183} INFO - Processing /usr/local/python/3.10.13/lib/python3.10/site-packages/airflow/example_dags/example_bash_operator.py took 0.136 seconds
[2024-07-02T19:32:53.711+0000] {processor.py:161} INFO - Started process (PID=16062) to work on /usr/local/python/3.10.13/lib/python3.10/site-packages/airflow/example_dags/example_bash_operator.py
[2024-07-02T19:32:53.712+0000] {processor.py:830} INFO - Processing file /usr/local/python/3.10.13/lib/python3.10/site-packages/airflow/example_dags/example_bash_operator.py for tasks to queue
[2024-07-02T19:32:53.712+0000] {logging_mixin.py:188} INFO - [2024-07-02T19:32:53.712+0000] {dagbag.py:545} INFO - Filling up the DagBag from /usr/local/python/3.10.13/lib/python3.10/site-packages/airflow/example_dags/example_bash_operator.py
[2024-07-02T19:32:53.722+0000] {processor.py:840} INFO - DAG(s) 'example_bash_operator' retrieved from /usr/local/python/3.10.13/lib/python3.10/site-packages/airflow/example_dags/example_bash_operator.py
[2024-07-02T19:32:53.742+0000] {logging_mixin.py:188} INFO - [2024-07-02T19:32:53.741+0000] {dag.py:3096} INFO - Sync 1 DAGs
[2024-07-02T19:32:53.757+0000] {logging_mixin.py:188} INFO - [2024-07-02T19:32:53.757+0000] {dag.py:3954} INFO - Setting next_dagrun for example_bash_operator to 2024-07-01 00:00:00+00:00, run_after=2024-07-02 00:00:00+00:00
[2024-07-02T19:32:53.795+0000] {processor.py:183} INFO - Processing /usr/local/python/3.10.13/lib/python3.10/site-packages/airflow/example_dags/example_bash_operator.py took 0.088 seconds
[2024-07-02T19:34:00.479+0000] {processor.py:161} INFO - Started process (PID=16628) to work on /usr/local/python/3.10.13/lib/python3.10/site-packages/airflow/example_dags/example_bash_operator.py
[2024-07-02T19:34:00.480+0000] {processor.py:830} INFO - Processing file /usr/local/python/3.10.13/lib/python3.10/site-packages/airflow/example_dags/example_bash_operator.py for tasks to queue
[2024-07-02T19:34:00.481+0000] {logging_mixin.py:188} INFO - [2024-07-02T19:34:00.481+0000] {dagbag.py:545} INFO - Filling up the DagBag from /usr/local/python/3.10.13/lib/python3.10/site-packages/airflow/example_dags/example_bash_operator.py
[2024-07-02T19:34:00.496+0000] {processor.py:840} INFO - DAG(s) 'example_bash_operator' retrieved from /usr/local/python/3.10.13/lib/python3.10/site-packages/airflow/example_dags/example_bash_operator.py
[2024-07-02T19:34:00.515+0000] {logging_mixin.py:188} INFO - [2024-07-02T19:34:00.515+0000] {dag.py:3096} INFO - Sync 1 DAGs
[2024-07-02T19:34:00.531+0000] {logging_mixin.py:188} INFO - [2024-07-02T19:34:00.531+0000] {dag.py:3954} INFO - Setting next_dagrun for example_bash_operator to 2024-07-01 00:00:00+00:00, run_after=2024-07-02 00:00:00+00:00
[2024-07-02T19:34:00.571+0000] {processor.py:183} INFO - Processing /usr/local/python/3.10.13/lib/python3.10/site-packages/airflow/example_dags/example_bash_operator.py took 0.099 seconds
[2024-07-02T19:35:09.299+0000] {processor.py:161} INFO - Started process (PID=17192) to work on /usr/local/python/3.10.13/lib/python3.10/site-packages/airflow/example_dags/example_bash_operator.py
[2024-07-02T19:35:09.300+0000] {processor.py:830} INFO - Processing file /usr/local/python/3.10.13/lib/python3.10/site-packages/airflow/example_dags/example_bash_operator.py for tasks to queue
[2024-07-02T19:35:09.301+0000] {logging_mixin.py:188} INFO - [2024-07-02T19:35:09.301+0000] {dagbag.py:545} INFO - Filling up the DagBag from /usr/local/python/3.10.13/lib/python3.10/site-packages/airflow/example_dags/example_bash_operator.py
[2024-07-02T19:35:09.310+0000] {processor.py:840} INFO - DAG(s) 'example_bash_operator' retrieved from /usr/local/python/3.10.13/lib/python3.10/site-packages/airflow/example_dags/example_bash_operator.py
[2024-07-02T19:35:09.328+0000] {logging_mixin.py:188} INFO - [2024-07-02T19:35:09.328+0000] {dag.py:3096} INFO - Sync 1 DAGs
[2024-07-02T19:35:09.344+0000] {logging_mixin.py:188} INFO - [2024-07-02T19:35:09.344+0000] {dag.py:3954} INFO - Setting next_dagrun for example_bash_operator to 2024-07-01 00:00:00+00:00, run_after=2024-07-02 00:00:00+00:00
[2024-07-02T19:35:09.388+0000] {processor.py:183} INFO - Processing /usr/local/python/3.10.13/lib/python3.10/site-packages/airflow/example_dags/example_bash_operator.py took 0.093 seconds
[2024-07-02T19:36:26.284+0000] {processor.py:161} INFO - Started process (PID=17851) to work on /usr/local/python/3.10.13/lib/python3.10/site-packages/airflow/example_dags/example_bash_operator.py
[2024-07-02T19:36:26.285+0000] {processor.py:830} INFO - Processing file /usr/local/python/3.10.13/lib/python3.10/site-packages/airflow/example_dags/example_bash_operator.py for tasks to queue
[2024-07-02T19:36:26.285+0000] {logging_mixin.py:188} INFO - [2024-07-02T19:36:26.285+0000] {dagbag.py:545} INFO - Filling up the DagBag from /usr/local/python/3.10.13/lib/python3.10/site-packages/airflow/example_dags/example_bash_operator.py
[2024-07-02T19:36:26.295+0000] {processor.py:840} INFO - DAG(s) 'example_bash_operator' retrieved from /usr/local/python/3.10.13/lib/python3.10/site-packages/airflow/example_dags/example_bash_operator.py
[2024-07-02T19:36:26.314+0000] {logging_mixin.py:188} INFO - [2024-07-02T19:36:26.313+0000] {dag.py:3096} INFO - Sync 1 DAGs
[2024-07-02T19:36:26.329+0000] {logging_mixin.py:188} INFO - [2024-07-02T19:36:26.329+0000] {dag.py:3954} INFO - Setting next_dagrun for example_bash_operator to 2024-07-01 00:00:00+00:00, run_after=2024-07-02 00:00:00+00:00
[2024-07-02T19:36:26.368+0000] {processor.py:183} INFO - Processing /usr/local/python/3.10.13/lib/python3.10/site-packages/airflow/example_dags/example_bash_operator.py took 0.088 seconds
[2024-07-02T19:37:17.830+0000] {processor.py:161} INFO - Started process (PID=18246) to work on /usr/local/python/3.10.13/lib/python3.10/site-packages/airflow/example_dags/example_bash_operator.py
[2024-07-02T19:37:17.831+0000] {processor.py:830} INFO - Processing file /usr/local/python/3.10.13/lib/python3.10/site-packages/airflow/example_dags/example_bash_operator.py for tasks to queue
[2024-07-02T19:37:17.831+0000] {logging_mixin.py:188} INFO - [2024-07-02T19:37:17.831+0000] {dagbag.py:545} INFO - Filling up the DagBag from /usr/local/python/3.10.13/lib/python3.10/site-packages/airflow/example_dags/example_bash_operator.py
[2024-07-02T19:37:17.841+0000] {processor.py:840} INFO - DAG(s) 'example_bash_operator' retrieved from /usr/local/python/3.10.13/lib/python3.10/site-packages/airflow/example_dags/example_bash_operator.py
[2024-07-02T19:37:17.861+0000] {logging_mixin.py:188} INFO - [2024-07-02T19:37:17.861+0000] {dag.py:3096} INFO - Sync 1 DAGs
[2024-07-02T19:37:17.877+0000] {logging_mixin.py:188} INFO - [2024-07-02T19:37:17.876+0000] {dag.py:3954} INFO - Setting next_dagrun for example_bash_operator to 2024-07-01 00:00:00+00:00, run_after=2024-07-02 00:00:00+00:00
[2024-07-02T19:37:17.916+0000] {processor.py:183} INFO - Processing /usr/local/python/3.10.13/lib/python3.10/site-packages/airflow/example_dags/example_bash_operator.py took 0.091 seconds
[2024-07-02T19:38:23.285+0000] {processor.py:161} INFO - Started process (PID=18711) to work on /usr/local/python/3.10.13/lib/python3.10/site-packages/airflow/example_dags/example_bash_operator.py
[2024-07-02T19:38:23.286+0000] {processor.py:830} INFO - Processing file /usr/local/python/3.10.13/lib/python3.10/site-packages/airflow/example_dags/example_bash_operator.py for tasks to queue
[2024-07-02T19:38:23.287+0000] {logging_mixin.py:188} INFO - [2024-07-02T19:38:23.286+0000] {dagbag.py:545} INFO - Filling up the DagBag from /usr/local/python/3.10.13/lib/python3.10/site-packages/airflow/example_dags/example_bash_operator.py
[2024-07-02T19:38:23.296+0000] {processor.py:840} INFO - DAG(s) 'example_bash_operator' retrieved from /usr/local/python/3.10.13/lib/python3.10/site-packages/airflow/example_dags/example_bash_operator.py
[2024-07-02T19:38:23.315+0000] {logging_mixin.py:188} INFO - [2024-07-02T19:38:23.314+0000] {dag.py:3096} INFO - Sync 1 DAGs
[2024-07-02T19:38:23.330+0000] {logging_mixin.py:188} INFO - [2024-07-02T19:38:23.330+0000] {dag.py:3954} INFO - Setting next_dagrun for example_bash_operator to 2024-07-01 00:00:00+00:00, run_after=2024-07-02 00:00:00+00:00
[2024-07-02T19:38:23.369+0000] {processor.py:183} INFO - Processing /usr/local/python/3.10.13/lib/python3.10/site-packages/airflow/example_dags/example_bash_operator.py took 0.088 seconds
[2024-07-02T19:39:28.898+0000] {processor.py:161} INFO - Started process (PID=19178) to work on /usr/local/python/3.10.13/lib/python3.10/site-packages/airflow/example_dags/example_bash_operator.py
[2024-07-02T19:39:28.899+0000] {processor.py:830} INFO - Processing file /usr/local/python/3.10.13/lib/python3.10/site-packages/airflow/example_dags/example_bash_operator.py for tasks to queue
[2024-07-02T19:39:28.899+0000] {logging_mixin.py:188} INFO - [2024-07-02T19:39:28.899+0000] {dagbag.py:545} INFO - Filling up the DagBag from /usr/local/python/3.10.13/lib/python3.10/site-packages/airflow/example_dags/example_bash_operator.py
[2024-07-02T19:39:28.908+0000] {processor.py:840} INFO - DAG(s) 'example_bash_operator' retrieved from /usr/local/python/3.10.13/lib/python3.10/site-packages/airflow/example_dags/example_bash_operator.py
[2024-07-02T19:39:28.929+0000] {logging_mixin.py:188} INFO - [2024-07-02T19:39:28.929+0000] {dag.py:3096} INFO - Sync 1 DAGs
[2024-07-02T19:39:28.945+0000] {logging_mixin.py:188} INFO - [2024-07-02T19:39:28.944+0000] {dag.py:3954} INFO - Setting next_dagrun for example_bash_operator to 2024-07-01 00:00:00+00:00, run_after=2024-07-02 00:00:00+00:00
[2024-07-02T19:39:28.985+0000] {processor.py:183} INFO - Processing /usr/local/python/3.10.13/lib/python3.10/site-packages/airflow/example_dags/example_bash_operator.py took 0.092 seconds
[2024-07-02T19:40:26.027+0000] {processor.py:161} INFO - Started process (PID=19620) to work on /usr/local/python/3.10.13/lib/python3.10/site-packages/airflow/example_dags/example_bash_operator.py
[2024-07-02T19:40:26.028+0000] {processor.py:830} INFO - Processing file /usr/local/python/3.10.13/lib/python3.10/site-packages/airflow/example_dags/example_bash_operator.py for tasks to queue
[2024-07-02T19:40:26.028+0000] {logging_mixin.py:188} INFO - [2024-07-02T19:40:26.028+0000] {dagbag.py:545} INFO - Filling up the DagBag from /usr/local/python/3.10.13/lib/python3.10/site-packages/airflow/example_dags/example_bash_operator.py
[2024-07-02T19:40:26.037+0000] {processor.py:840} INFO - DAG(s) 'example_bash_operator' retrieved from /usr/local/python/3.10.13/lib/python3.10/site-packages/airflow/example_dags/example_bash_operator.py
[2024-07-02T19:40:26.055+0000] {logging_mixin.py:188} INFO - [2024-07-02T19:40:26.055+0000] {dag.py:3096} INFO - Sync 1 DAGs
[2024-07-02T19:40:26.071+0000] {logging_mixin.py:188} INFO - [2024-07-02T19:40:26.070+0000] {dag.py:3954} INFO - Setting next_dagrun for example_bash_operator to 2024-07-01 00:00:00+00:00, run_after=2024-07-02 00:00:00+00:00
[2024-07-02T19:40:26.111+0000] {processor.py:183} INFO - Processing /usr/local/python/3.10.13/lib/python3.10/site-packages/airflow/example_dags/example_bash_operator.py took 0.089 seconds
[2024-07-02T19:41:32.435+0000] {processor.py:161} INFO - Started process (PID=20132) to work on /usr/local/python/3.10.13/lib/python3.10/site-packages/airflow/example_dags/example_bash_operator.py
[2024-07-02T19:41:32.436+0000] {processor.py:830} INFO - Processing file /usr/local/python/3.10.13/lib/python3.10/site-packages/airflow/example_dags/example_bash_operator.py for tasks to queue
[2024-07-02T19:41:32.436+0000] {logging_mixin.py:188} INFO - [2024-07-02T19:41:32.436+0000] {dagbag.py:545} INFO - Filling up the DagBag from /usr/local/python/3.10.13/lib/python3.10/site-packages/airflow/example_dags/example_bash_operator.py
[2024-07-02T19:41:32.446+0000] {processor.py:840} INFO - DAG(s) 'example_bash_operator' retrieved from /usr/local/python/3.10.13/lib/python3.10/site-packages/airflow/example_dags/example_bash_operator.py
[2024-07-02T19:41:32.466+0000] {logging_mixin.py:188} INFO - [2024-07-02T19:41:32.466+0000] {dag.py:3096} INFO - Sync 1 DAGs
[2024-07-02T19:41:32.481+0000] {logging_mixin.py:188} INFO - [2024-07-02T19:41:32.481+0000] {dag.py:3954} INFO - Setting next_dagrun for example_bash_operator to 2024-07-01 00:00:00+00:00, run_after=2024-07-02 00:00:00+00:00
[2024-07-02T19:41:32.520+0000] {processor.py:183} INFO - Processing /usr/local/python/3.10.13/lib/python3.10/site-packages/airflow/example_dags/example_bash_operator.py took 0.089 seconds
[2024-07-02T19:42:33.561+0000] {processor.py:161} INFO - Started process (PID=20599) to work on /usr/local/python/3.10.13/lib/python3.10/site-packages/airflow/example_dags/example_bash_operator.py
[2024-07-02T19:42:33.561+0000] {processor.py:830} INFO - Processing file /usr/local/python/3.10.13/lib/python3.10/site-packages/airflow/example_dags/example_bash_operator.py for tasks to queue
[2024-07-02T19:42:33.562+0000] {logging_mixin.py:188} INFO - [2024-07-02T19:42:33.562+0000] {dagbag.py:545} INFO - Filling up the DagBag from /usr/local/python/3.10.13/lib/python3.10/site-packages/airflow/example_dags/example_bash_operator.py
[2024-07-02T19:42:33.575+0000] {processor.py:840} INFO - DAG(s) 'example_bash_operator' retrieved from /usr/local/python/3.10.13/lib/python3.10/site-packages/airflow/example_dags/example_bash_operator.py
[2024-07-02T19:42:33.596+0000] {logging_mixin.py:188} INFO - [2024-07-02T19:42:33.596+0000] {dag.py:3096} INFO - Sync 1 DAGs
[2024-07-02T19:42:33.612+0000] {logging_mixin.py:188} INFO - [2024-07-02T19:42:33.612+0000] {dag.py:3954} INFO - Setting next_dagrun for example_bash_operator to 2024-07-01 00:00:00+00:00, run_after=2024-07-02 00:00:00+00:00
[2024-07-02T19:42:33.662+0000] {processor.py:183} INFO - Processing /usr/local/python/3.10.13/lib/python3.10/site-packages/airflow/example_dags/example_bash_operator.py took 0.107 seconds
[2024-07-02T19:43:53.872+0000] {processor.py:161} INFO - Started process (PID=21250) to work on /usr/local/python/3.10.13/lib/python3.10/site-packages/airflow/example_dags/example_bash_operator.py
[2024-07-02T19:43:53.873+0000] {processor.py:830} INFO - Processing file /usr/local/python/3.10.13/lib/python3.10/site-packages/airflow/example_dags/example_bash_operator.py for tasks to queue
[2024-07-02T19:43:53.873+0000] {logging_mixin.py:188} INFO - [2024-07-02T19:43:53.873+0000] {dagbag.py:545} INFO - Filling up the DagBag from /usr/local/python/3.10.13/lib/python3.10/site-packages/airflow/example_dags/example_bash_operator.py
[2024-07-02T19:43:53.883+0000] {processor.py:840} INFO - DAG(s) 'example_bash_operator' retrieved from /usr/local/python/3.10.13/lib/python3.10/site-packages/airflow/example_dags/example_bash_operator.py
[2024-07-02T19:43:53.901+0000] {logging_mixin.py:188} INFO - [2024-07-02T19:43:53.901+0000] {dag.py:3096} INFO - Sync 1 DAGs
[2024-07-02T19:43:53.916+0000] {logging_mixin.py:188} INFO - [2024-07-02T19:43:53.916+0000] {dag.py:3954} INFO - Setting next_dagrun for example_bash_operator to 2024-07-01 00:00:00+00:00, run_after=2024-07-02 00:00:00+00:00
[2024-07-02T19:43:53.957+0000] {processor.py:183} INFO - Processing /usr/local/python/3.10.13/lib/python3.10/site-packages/airflow/example_dags/example_bash_operator.py took 0.089 seconds
[2024-07-02T19:44:59.512+0000] {processor.py:161} INFO - Started process (PID=21756) to work on /usr/local/python/3.10.13/lib/python3.10/site-packages/airflow/example_dags/example_bash_operator.py
[2024-07-02T19:44:59.512+0000] {processor.py:830} INFO - Processing file /usr/local/python/3.10.13/lib/python3.10/site-packages/airflow/example_dags/example_bash_operator.py for tasks to queue
[2024-07-02T19:44:59.513+0000] {logging_mixin.py:188} INFO - [2024-07-02T19:44:59.513+0000] {dagbag.py:545} INFO - Filling up the DagBag from /usr/local/python/3.10.13/lib/python3.10/site-packages/airflow/example_dags/example_bash_operator.py
[2024-07-02T19:44:59.522+0000] {processor.py:840} INFO - DAG(s) 'example_bash_operator' retrieved from /usr/local/python/3.10.13/lib/python3.10/site-packages/airflow/example_dags/example_bash_operator.py
[2024-07-02T19:44:59.541+0000] {logging_mixin.py:188} INFO - [2024-07-02T19:44:59.541+0000] {dag.py:3096} INFO - Sync 1 DAGs
[2024-07-02T19:44:59.556+0000] {logging_mixin.py:188} INFO - [2024-07-02T19:44:59.556+0000] {dag.py:3954} INFO - Setting next_dagrun for example_bash_operator to 2024-07-01 00:00:00+00:00, run_after=2024-07-02 00:00:00+00:00
[2024-07-02T19:44:59.596+0000] {processor.py:183} INFO - Processing /usr/local/python/3.10.13/lib/python3.10/site-packages/airflow/example_dags/example_bash_operator.py took 0.089 seconds
[2024-07-02T19:46:00.672+0000] {processor.py:161} INFO - Started process (PID=22197) to work on /usr/local/python/3.10.13/lib/python3.10/site-packages/airflow/example_dags/example_bash_operator.py
[2024-07-02T19:46:00.673+0000] {processor.py:830} INFO - Processing file /usr/local/python/3.10.13/lib/python3.10/site-packages/airflow/example_dags/example_bash_operator.py for tasks to queue
[2024-07-02T19:46:00.673+0000] {logging_mixin.py:188} INFO - [2024-07-02T19:46:00.673+0000] {dagbag.py:545} INFO - Filling up the DagBag from /usr/local/python/3.10.13/lib/python3.10/site-packages/airflow/example_dags/example_bash_operator.py
[2024-07-02T19:46:00.683+0000] {processor.py:840} INFO - DAG(s) 'example_bash_operator' retrieved from /usr/local/python/3.10.13/lib/python3.10/site-packages/airflow/example_dags/example_bash_operator.py
[2024-07-02T19:46:00.702+0000] {logging_mixin.py:188} INFO - [2024-07-02T19:46:00.702+0000] {dag.py:3096} INFO - Sync 1 DAGs
[2024-07-02T19:46:00.718+0000] {logging_mixin.py:188} INFO - [2024-07-02T19:46:00.718+0000] {dag.py:3954} INFO - Setting next_dagrun for example_bash_operator to 2024-07-01 00:00:00+00:00, run_after=2024-07-02 00:00:00+00:00
[2024-07-02T19:46:00.763+0000] {processor.py:183} INFO - Processing /usr/local/python/3.10.13/lib/python3.10/site-packages/airflow/example_dags/example_bash_operator.py took 0.096 seconds
[2024-07-02T19:47:10.991+0000] {processor.py:161} INFO - Started process (PID=22688) to work on /usr/local/python/3.10.13/lib/python3.10/site-packages/airflow/example_dags/example_bash_operator.py
[2024-07-02T19:47:10.992+0000] {processor.py:830} INFO - Processing file /usr/local/python/3.10.13/lib/python3.10/site-packages/airflow/example_dags/example_bash_operator.py for tasks to queue
[2024-07-02T19:47:10.993+0000] {logging_mixin.py:188} INFO - [2024-07-02T19:47:10.992+0000] {dagbag.py:545} INFO - Filling up the DagBag from /usr/local/python/3.10.13/lib/python3.10/site-packages/airflow/example_dags/example_bash_operator.py
[2024-07-02T19:47:11.002+0000] {processor.py:840} INFO - DAG(s) 'example_bash_operator' retrieved from /usr/local/python/3.10.13/lib/python3.10/site-packages/airflow/example_dags/example_bash_operator.py
[2024-07-02T19:47:11.021+0000] {logging_mixin.py:188} INFO - [2024-07-02T19:47:11.020+0000] {dag.py:3096} INFO - Sync 1 DAGs
[2024-07-02T19:47:11.037+0000] {logging_mixin.py:188} INFO - [2024-07-02T19:47:11.036+0000] {dag.py:3954} INFO - Setting next_dagrun for example_bash_operator to 2024-07-01 00:00:00+00:00, run_after=2024-07-02 00:00:00+00:00
[2024-07-02T19:47:11.077+0000] {processor.py:183} INFO - Processing /usr/local/python/3.10.13/lib/python3.10/site-packages/airflow/example_dags/example_bash_operator.py took 0.090 seconds
[2024-07-02T19:48:14.262+0000] {processor.py:161} INFO - Started process (PID=23122) to work on /usr/local/python/3.10.13/lib/python3.10/site-packages/airflow/example_dags/example_bash_operator.py
[2024-07-02T19:48:14.263+0000] {processor.py:830} INFO - Processing file /usr/local/python/3.10.13/lib/python3.10/site-packages/airflow/example_dags/example_bash_operator.py for tasks to queue
[2024-07-02T19:48:14.264+0000] {logging_mixin.py:188} INFO - [2024-07-02T19:48:14.263+0000] {dagbag.py:545} INFO - Filling up the DagBag from /usr/local/python/3.10.13/lib/python3.10/site-packages/airflow/example_dags/example_bash_operator.py
[2024-07-02T19:48:14.273+0000] {processor.py:840} INFO - DAG(s) 'example_bash_operator' retrieved from /usr/local/python/3.10.13/lib/python3.10/site-packages/airflow/example_dags/example_bash_operator.py
[2024-07-02T19:48:14.293+0000] {logging_mixin.py:188} INFO - [2024-07-02T19:48:14.293+0000] {dag.py:3096} INFO - Sync 1 DAGs
[2024-07-02T19:48:14.310+0000] {logging_mixin.py:188} INFO - [2024-07-02T19:48:14.310+0000] {dag.py:3954} INFO - Setting next_dagrun for example_bash_operator to 2024-07-01 00:00:00+00:00, run_after=2024-07-02 00:00:00+00:00
[2024-07-02T19:48:14.349+0000] {processor.py:183} INFO - Processing /usr/local/python/3.10.13/lib/python3.10/site-packages/airflow/example_dags/example_bash_operator.py took 0.092 seconds
[2024-07-02T19:49:20.838+0000] {processor.py:161} INFO - Started process (PID=23630) to work on /usr/local/python/3.10.13/lib/python3.10/site-packages/airflow/example_dags/example_bash_operator.py
[2024-07-02T19:49:20.839+0000] {processor.py:830} INFO - Processing file /usr/local/python/3.10.13/lib/python3.10/site-packages/airflow/example_dags/example_bash_operator.py for tasks to queue
[2024-07-02T19:49:20.839+0000] {logging_mixin.py:188} INFO - [2024-07-02T19:49:20.839+0000] {dagbag.py:545} INFO - Filling up the DagBag from /usr/local/python/3.10.13/lib/python3.10/site-packages/airflow/example_dags/example_bash_operator.py
[2024-07-02T19:49:20.848+0000] {processor.py:840} INFO - DAG(s) 'example_bash_operator' retrieved from /usr/local/python/3.10.13/lib/python3.10/site-packages/airflow/example_dags/example_bash_operator.py
[2024-07-02T19:49:20.867+0000] {logging_mixin.py:188} INFO - [2024-07-02T19:49:20.867+0000] {dag.py:3096} INFO - Sync 1 DAGs
[2024-07-02T19:49:20.882+0000] {logging_mixin.py:188} INFO - [2024-07-02T19:49:20.882+0000] {dag.py:3954} INFO - Setting next_dagrun for example_bash_operator to 2024-07-01 00:00:00+00:00, run_after=2024-07-02 00:00:00+00:00
[2024-07-02T19:49:20.923+0000] {processor.py:183} INFO - Processing /usr/local/python/3.10.13/lib/python3.10/site-packages/airflow/example_dags/example_bash_operator.py took 0.090 seconds
[2024-07-02T19:50:27.827+0000] {processor.py:161} INFO - Started process (PID=24131) to work on /usr/local/python/3.10.13/lib/python3.10/site-packages/airflow/example_dags/example_bash_operator.py
[2024-07-02T19:50:27.827+0000] {processor.py:830} INFO - Processing file /usr/local/python/3.10.13/lib/python3.10/site-packages/airflow/example_dags/example_bash_operator.py for tasks to queue
[2024-07-02T19:50:27.828+0000] {logging_mixin.py:188} INFO - [2024-07-02T19:50:27.828+0000] {dagbag.py:545} INFO - Filling up the DagBag from /usr/local/python/3.10.13/lib/python3.10/site-packages/airflow/example_dags/example_bash_operator.py
[2024-07-02T19:50:27.837+0000] {processor.py:840} INFO - DAG(s) 'example_bash_operator' retrieved from /usr/local/python/3.10.13/lib/python3.10/site-packages/airflow/example_dags/example_bash_operator.py
[2024-07-02T19:50:27.857+0000] {logging_mixin.py:188} INFO - [2024-07-02T19:50:27.856+0000] {dag.py:3096} INFO - Sync 1 DAGs
[2024-07-02T19:50:27.872+0000] {logging_mixin.py:188} INFO - [2024-07-02T19:50:27.872+0000] {dag.py:3954} INFO - Setting next_dagrun for example_bash_operator to 2024-07-01 00:00:00+00:00, run_after=2024-07-02 00:00:00+00:00
[2024-07-02T19:50:27.917+0000] {processor.py:183} INFO - Processing /usr/local/python/3.10.13/lib/python3.10/site-packages/airflow/example_dags/example_bash_operator.py took 0.095 seconds
[2024-07-02T19:51:35.392+0000] {processor.py:161} INFO - Started process (PID=24647) to work on /usr/local/python/3.10.13/lib/python3.10/site-packages/airflow/example_dags/example_bash_operator.py
[2024-07-02T19:51:35.393+0000] {processor.py:830} INFO - Processing file /usr/local/python/3.10.13/lib/python3.10/site-packages/airflow/example_dags/example_bash_operator.py for tasks to queue
[2024-07-02T19:51:35.394+0000] {logging_mixin.py:188} INFO - [2024-07-02T19:51:35.393+0000] {dagbag.py:545} INFO - Filling up the DagBag from /usr/local/python/3.10.13/lib/python3.10/site-packages/airflow/example_dags/example_bash_operator.py
[2024-07-02T19:51:35.403+0000] {processor.py:840} INFO - DAG(s) 'example_bash_operator' retrieved from /usr/local/python/3.10.13/lib/python3.10/site-packages/airflow/example_dags/example_bash_operator.py
[2024-07-02T19:51:35.422+0000] {logging_mixin.py:188} INFO - [2024-07-02T19:51:35.421+0000] {dag.py:3096} INFO - Sync 1 DAGs
[2024-07-02T19:51:35.437+0000] {logging_mixin.py:188} INFO - [2024-07-02T19:51:35.437+0000] {dag.py:3954} INFO - Setting next_dagrun for example_bash_operator to 2024-07-01 00:00:00+00:00, run_after=2024-07-02 00:00:00+00:00
[2024-07-02T19:51:35.480+0000] {processor.py:183} INFO - Processing /usr/local/python/3.10.13/lib/python3.10/site-packages/airflow/example_dags/example_bash_operator.py took 0.092 seconds
[2024-07-02T19:52:40.862+0000] {processor.py:161} INFO - Started process (PID=25142) to work on /usr/local/python/3.10.13/lib/python3.10/site-packages/airflow/example_dags/example_bash_operator.py
[2024-07-02T19:52:40.862+0000] {processor.py:830} INFO - Processing file /usr/local/python/3.10.13/lib/python3.10/site-packages/airflow/example_dags/example_bash_operator.py for tasks to queue
[2024-07-02T19:52:40.863+0000] {logging_mixin.py:188} INFO - [2024-07-02T19:52:40.863+0000] {dagbag.py:545} INFO - Filling up the DagBag from /usr/local/python/3.10.13/lib/python3.10/site-packages/airflow/example_dags/example_bash_operator.py
[2024-07-02T19:52:40.872+0000] {processor.py:840} INFO - DAG(s) 'example_bash_operator' retrieved from /usr/local/python/3.10.13/lib/python3.10/site-packages/airflow/example_dags/example_bash_operator.py
[2024-07-02T19:52:40.890+0000] {logging_mixin.py:188} INFO - [2024-07-02T19:52:40.890+0000] {dag.py:3096} INFO - Sync 1 DAGs
[2024-07-02T19:52:40.905+0000] {logging_mixin.py:188} INFO - [2024-07-02T19:52:40.905+0000] {dag.py:3954} INFO - Setting next_dagrun for example_bash_operator to 2024-07-01 00:00:00+00:00, run_after=2024-07-02 00:00:00+00:00
[2024-07-02T19:52:40.949+0000] {processor.py:183} INFO - Processing /usr/local/python/3.10.13/lib/python3.10/site-packages/airflow/example_dags/example_bash_operator.py took 0.092 seconds
[2024-07-02T19:53:47.481+0000] {processor.py:161} INFO - Started process (PID=25649) to work on /usr/local/python/3.10.13/lib/python3.10/site-packages/airflow/example_dags/example_bash_operator.py
[2024-07-02T19:53:47.481+0000] {processor.py:830} INFO - Processing file /usr/local/python/3.10.13/lib/python3.10/site-packages/airflow/example_dags/example_bash_operator.py for tasks to queue
[2024-07-02T19:53:47.482+0000] {logging_mixin.py:188} INFO - [2024-07-02T19:53:47.482+0000] {dagbag.py:545} INFO - Filling up the DagBag from /usr/local/python/3.10.13/lib/python3.10/site-packages/airflow/example_dags/example_bash_operator.py
[2024-07-02T19:53:47.491+0000] {processor.py:840} INFO - DAG(s) 'example_bash_operator' retrieved from /usr/local/python/3.10.13/lib/python3.10/site-packages/airflow/example_dags/example_bash_operator.py
[2024-07-02T19:53:47.509+0000] {logging_mixin.py:188} INFO - [2024-07-02T19:53:47.509+0000] {dag.py:3096} INFO - Sync 1 DAGs
[2024-07-02T19:53:47.524+0000] {logging_mixin.py:188} INFO - [2024-07-02T19:53:47.524+0000] {dag.py:3954} INFO - Setting next_dagrun for example_bash_operator to 2024-07-01 00:00:00+00:00, run_after=2024-07-02 00:00:00+00:00
[2024-07-02T19:53:47.568+0000] {processor.py:183} INFO - Processing /usr/local/python/3.10.13/lib/python3.10/site-packages/airflow/example_dags/example_bash_operator.py took 0.092 seconds
[2024-07-02T19:54:52.591+0000] {processor.py:161} INFO - Started process (PID=26134) to work on /usr/local/python/3.10.13/lib/python3.10/site-packages/airflow/example_dags/example_bash_operator.py
[2024-07-02T19:54:52.591+0000] {processor.py:830} INFO - Processing file /usr/local/python/3.10.13/lib/python3.10/site-packages/airflow/example_dags/example_bash_operator.py for tasks to queue
[2024-07-02T19:54:52.592+0000] {logging_mixin.py:188} INFO - [2024-07-02T19:54:52.592+0000] {dagbag.py:545} INFO - Filling up the DagBag from /usr/local/python/3.10.13/lib/python3.10/site-packages/airflow/example_dags/example_bash_operator.py
[2024-07-02T19:54:52.602+0000] {processor.py:840} INFO - DAG(s) 'example_bash_operator' retrieved from /usr/local/python/3.10.13/lib/python3.10/site-packages/airflow/example_dags/example_bash_operator.py
[2024-07-02T19:54:52.621+0000] {logging_mixin.py:188} INFO - [2024-07-02T19:54:52.621+0000] {dag.py:3096} INFO - Sync 1 DAGs
[2024-07-02T19:54:52.637+0000] {logging_mixin.py:188} INFO - [2024-07-02T19:54:52.636+0000] {dag.py:3954} INFO - Setting next_dagrun for example_bash_operator to 2024-07-01 00:00:00+00:00, run_after=2024-07-02 00:00:00+00:00
[2024-07-02T19:54:52.675+0000] {processor.py:183} INFO - Processing /usr/local/python/3.10.13/lib/python3.10/site-packages/airflow/example_dags/example_bash_operator.py took 0.089 seconds
[2024-07-02T19:55:59.121+0000] {processor.py:161} INFO - Started process (PID=26656) to work on /usr/local/python/3.10.13/lib/python3.10/site-packages/airflow/example_dags/example_bash_operator.py
[2024-07-02T19:55:59.122+0000] {processor.py:830} INFO - Processing file /usr/local/python/3.10.13/lib/python3.10/site-packages/airflow/example_dags/example_bash_operator.py for tasks to queue
[2024-07-02T19:55:59.122+0000] {logging_mixin.py:188} INFO - [2024-07-02T19:55:59.122+0000] {dagbag.py:545} INFO - Filling up the DagBag from /usr/local/python/3.10.13/lib/python3.10/site-packages/airflow/example_dags/example_bash_operator.py
[2024-07-02T19:55:59.132+0000] {processor.py:840} INFO - DAG(s) 'example_bash_operator' retrieved from /usr/local/python/3.10.13/lib/python3.10/site-packages/airflow/example_dags/example_bash_operator.py
[2024-07-02T19:55:59.151+0000] {logging_mixin.py:188} INFO - [2024-07-02T19:55:59.151+0000] {dag.py:3096} INFO - Sync 1 DAGs
[2024-07-02T19:55:59.167+0000] {logging_mixin.py:188} INFO - [2024-07-02T19:55:59.167+0000] {dag.py:3954} INFO - Setting next_dagrun for example_bash_operator to 2024-07-01 00:00:00+00:00, run_after=2024-07-02 00:00:00+00:00
[2024-07-02T19:55:59.208+0000] {processor.py:183} INFO - Processing /usr/local/python/3.10.13/lib/python3.10/site-packages/airflow/example_dags/example_bash_operator.py took 0.091 seconds
[2024-07-02T19:57:15.638+0000] {processor.py:161} INFO - Started process (PID=27354) to work on /usr/local/python/3.10.13/lib/python3.10/site-packages/airflow/example_dags/example_bash_operator.py
[2024-07-02T19:57:15.639+0000] {processor.py:830} INFO - Processing file /usr/local/python/3.10.13/lib/python3.10/site-packages/airflow/example_dags/example_bash_operator.py for tasks to queue
[2024-07-02T19:57:15.640+0000] {logging_mixin.py:188} INFO - [2024-07-02T19:57:15.639+0000] {dagbag.py:545} INFO - Filling up the DagBag from /usr/local/python/3.10.13/lib/python3.10/site-packages/airflow/example_dags/example_bash_operator.py
[2024-07-02T19:57:15.649+0000] {processor.py:840} INFO - DAG(s) 'example_bash_operator' retrieved from /usr/local/python/3.10.13/lib/python3.10/site-packages/airflow/example_dags/example_bash_operator.py
[2024-07-02T19:57:15.669+0000] {logging_mixin.py:188} INFO - [2024-07-02T19:57:15.669+0000] {dag.py:3096} INFO - Sync 1 DAGs
[2024-07-02T19:57:15.693+0000] {logging_mixin.py:188} INFO - [2024-07-02T19:57:15.693+0000] {dag.py:3954} INFO - Setting next_dagrun for example_bash_operator to 2024-07-01 00:00:00+00:00, run_after=2024-07-02 00:00:00+00:00
[2024-07-02T19:57:15.738+0000] {processor.py:183} INFO - Processing /usr/local/python/3.10.13/lib/python3.10/site-packages/airflow/example_dags/example_bash_operator.py took 0.104 seconds
