[2024-07-02T19:10:30.358+0000] {processor.py:161} INFO - Started process (PID=5642) to work on /usr/local/python/3.10.13/lib/python3.10/site-packages/airflow/example_dags/example_params_ui_tutorial.py
[2024-07-02T19:10:30.359+0000] {processor.py:830} INFO - Processing file /usr/local/python/3.10.13/lib/python3.10/site-packages/airflow/example_dags/example_params_ui_tutorial.py for tasks to queue
[2024-07-02T19:10:30.360+0000] {logging_mixin.py:188} INFO - [2024-07-02T19:10:30.360+0000] {dagbag.py:545} INFO - Filling up the DagBag from /usr/local/python/3.10.13/lib/python3.10/site-packages/airflow/example_dags/example_params_ui_tutorial.py
[2024-07-02T19:10:30.370+0000] {processor.py:840} INFO - DAG(s) 'example_params_ui_tutorial' retrieved from /usr/local/python/3.10.13/lib/python3.10/site-packages/airflow/example_dags/example_params_ui_tutorial.py
[2024-07-02T19:10:30.599+0000] {logging_mixin.py:188} INFO - [2024-07-02T19:10:30.599+0000] {override.py:1829} INFO - Created Permission View: can edit on DAG:example_params_ui_tutorial
[2024-07-02T19:10:30.631+0000] {logging_mixin.py:188} INFO - [2024-07-02T19:10:30.631+0000] {override.py:1829} INFO - Created Permission View: can read on DAG:example_params_ui_tutorial
[2024-07-02T19:10:30.665+0000] {logging_mixin.py:188} INFO - [2024-07-02T19:10:30.665+0000] {override.py:1829} INFO - Created Permission View: can delete on DAG:example_params_ui_tutorial
[2024-07-02T19:10:30.665+0000] {logging_mixin.py:188} INFO - [2024-07-02T19:10:30.665+0000] {dag.py:3096} INFO - Sync 1 DAGs
[2024-07-02T19:10:30.673+0000] {logging_mixin.py:188} INFO - [2024-07-02T19:10:30.673+0000] {dag.py:3118} INFO - Creating ORM DAG for example_params_ui_tutorial
[2024-07-02T19:10:30.674+0000] {logging_mixin.py:188} INFO - [2024-07-02T19:10:30.674+0000] {dag.py:3954} INFO - Setting next_dagrun for example_params_ui_tutorial to None, run_after=None
[2024-07-02T19:10:30.717+0000] {processor.py:183} INFO - Processing /usr/local/python/3.10.13/lib/python3.10/site-packages/airflow/example_dags/example_params_ui_tutorial.py took 0.363 seconds
[2024-07-02T19:11:32.136+0000] {processor.py:161} INFO - Started process (PID=6092) to work on /usr/local/python/3.10.13/lib/python3.10/site-packages/airflow/example_dags/example_params_ui_tutorial.py
[2024-07-02T19:11:32.136+0000] {processor.py:830} INFO - Processing file /usr/local/python/3.10.13/lib/python3.10/site-packages/airflow/example_dags/example_params_ui_tutorial.py for tasks to queue
[2024-07-02T19:11:32.137+0000] {logging_mixin.py:188} INFO - [2024-07-02T19:11:32.137+0000] {dagbag.py:545} INFO - Filling up the DagBag from /usr/local/python/3.10.13/lib/python3.10/site-packages/airflow/example_dags/example_params_ui_tutorial.py
[2024-07-02T19:11:32.147+0000] {processor.py:840} INFO - DAG(s) 'example_params_ui_tutorial' retrieved from /usr/local/python/3.10.13/lib/python3.10/site-packages/airflow/example_dags/example_params_ui_tutorial.py
[2024-07-02T19:11:32.186+0000] {logging_mixin.py:188} INFO - [2024-07-02T19:11:32.185+0000] {dag.py:3096} INFO - Sync 1 DAGs
[2024-07-02T19:11:32.194+0000] {logging_mixin.py:188} INFO - [2024-07-02T19:11:32.194+0000] {dag.py:3954} INFO - Setting next_dagrun for example_params_ui_tutorial to None, run_after=None
[2024-07-02T19:11:32.252+0000] {processor.py:183} INFO - Processing /usr/local/python/3.10.13/lib/python3.10/site-packages/airflow/example_dags/example_params_ui_tutorial.py took 0.121 seconds
[2024-07-02T19:12:21.609+0000] {processor.py:161} INFO - Started process (PID=6473) to work on /usr/local/python/3.10.13/lib/python3.10/site-packages/airflow/example_dags/example_params_ui_tutorial.py
[2024-07-02T19:12:21.609+0000] {processor.py:830} INFO - Processing file /usr/local/python/3.10.13/lib/python3.10/site-packages/airflow/example_dags/example_params_ui_tutorial.py for tasks to queue
[2024-07-02T19:12:21.611+0000] {logging_mixin.py:188} INFO - [2024-07-02T19:12:21.610+0000] {dagbag.py:545} INFO - Filling up the DagBag from /usr/local/python/3.10.13/lib/python3.10/site-packages/airflow/example_dags/example_params_ui_tutorial.py
[2024-07-02T19:12:21.620+0000] {processor.py:840} INFO - DAG(s) 'example_params_ui_tutorial' retrieved from /usr/local/python/3.10.13/lib/python3.10/site-packages/airflow/example_dags/example_params_ui_tutorial.py
[2024-07-02T19:12:21.660+0000] {logging_mixin.py:188} INFO - [2024-07-02T19:12:21.659+0000] {dag.py:3096} INFO - Sync 1 DAGs
[2024-07-02T19:12:21.668+0000] {logging_mixin.py:188} INFO - [2024-07-02T19:12:21.668+0000] {dag.py:3954} INFO - Setting next_dagrun for example_params_ui_tutorial to None, run_after=None
[2024-07-02T19:12:21.710+0000] {processor.py:183} INFO - Processing /usr/local/python/3.10.13/lib/python3.10/site-packages/airflow/example_dags/example_params_ui_tutorial.py took 0.105 seconds
[2024-07-02T19:13:11.820+0000] {processor.py:161} INFO - Started process (PID=6863) to work on /usr/local/python/3.10.13/lib/python3.10/site-packages/airflow/example_dags/example_params_ui_tutorial.py
[2024-07-02T19:13:11.820+0000] {processor.py:830} INFO - Processing file /usr/local/python/3.10.13/lib/python3.10/site-packages/airflow/example_dags/example_params_ui_tutorial.py for tasks to queue
[2024-07-02T19:13:11.822+0000] {logging_mixin.py:188} INFO - [2024-07-02T19:13:11.821+0000] {dagbag.py:545} INFO - Filling up the DagBag from /usr/local/python/3.10.13/lib/python3.10/site-packages/airflow/example_dags/example_params_ui_tutorial.py
[2024-07-02T19:13:11.831+0000] {processor.py:840} INFO - DAG(s) 'example_params_ui_tutorial' retrieved from /usr/local/python/3.10.13/lib/python3.10/site-packages/airflow/example_dags/example_params_ui_tutorial.py
[2024-07-02T19:13:11.871+0000] {logging_mixin.py:188} INFO - [2024-07-02T19:13:11.871+0000] {dag.py:3096} INFO - Sync 1 DAGs
[2024-07-02T19:13:11.880+0000] {logging_mixin.py:188} INFO - [2024-07-02T19:13:11.879+0000] {dag.py:3954} INFO - Setting next_dagrun for example_params_ui_tutorial to None, run_after=None
[2024-07-02T19:13:11.923+0000] {processor.py:183} INFO - Processing /usr/local/python/3.10.13/lib/python3.10/site-packages/airflow/example_dags/example_params_ui_tutorial.py took 0.108 seconds
[2024-07-02T19:13:52.917+0000] {processor.py:161} INFO - Started process (PID=7171) to work on /usr/local/python/3.10.13/lib/python3.10/site-packages/airflow/example_dags/example_params_ui_tutorial.py
[2024-07-02T19:13:52.917+0000] {processor.py:830} INFO - Processing file /usr/local/python/3.10.13/lib/python3.10/site-packages/airflow/example_dags/example_params_ui_tutorial.py for tasks to queue
[2024-07-02T19:13:52.918+0000] {logging_mixin.py:188} INFO - [2024-07-02T19:13:52.918+0000] {dagbag.py:545} INFO - Filling up the DagBag from /usr/local/python/3.10.13/lib/python3.10/site-packages/airflow/example_dags/example_params_ui_tutorial.py
[2024-07-02T19:13:52.927+0000] {processor.py:840} INFO - DAG(s) 'example_params_ui_tutorial' retrieved from /usr/local/python/3.10.13/lib/python3.10/site-packages/airflow/example_dags/example_params_ui_tutorial.py
[2024-07-02T19:13:52.968+0000] {logging_mixin.py:188} INFO - [2024-07-02T19:13:52.968+0000] {dag.py:3096} INFO - Sync 1 DAGs
[2024-07-02T19:13:52.977+0000] {logging_mixin.py:188} INFO - [2024-07-02T19:13:52.977+0000] {dag.py:3954} INFO - Setting next_dagrun for example_params_ui_tutorial to None, run_after=None
[2024-07-02T19:13:53.015+0000] {processor.py:183} INFO - Processing /usr/local/python/3.10.13/lib/python3.10/site-packages/airflow/example_dags/example_params_ui_tutorial.py took 0.103 seconds
[2024-07-02T19:14:34.004+0000] {processor.py:161} INFO - Started process (PID=7486) to work on /usr/local/python/3.10.13/lib/python3.10/site-packages/airflow/example_dags/example_params_ui_tutorial.py
[2024-07-02T19:14:34.005+0000] {processor.py:830} INFO - Processing file /usr/local/python/3.10.13/lib/python3.10/site-packages/airflow/example_dags/example_params_ui_tutorial.py for tasks to queue
[2024-07-02T19:14:34.006+0000] {logging_mixin.py:188} INFO - [2024-07-02T19:14:34.006+0000] {dagbag.py:545} INFO - Filling up the DagBag from /usr/local/python/3.10.13/lib/python3.10/site-packages/airflow/example_dags/example_params_ui_tutorial.py
[2024-07-02T19:14:34.015+0000] {processor.py:840} INFO - DAG(s) 'example_params_ui_tutorial' retrieved from /usr/local/python/3.10.13/lib/python3.10/site-packages/airflow/example_dags/example_params_ui_tutorial.py
[2024-07-02T19:14:34.054+0000] {logging_mixin.py:188} INFO - [2024-07-02T19:14:34.054+0000] {dag.py:3096} INFO - Sync 1 DAGs
[2024-07-02T19:14:34.064+0000] {logging_mixin.py:188} INFO - [2024-07-02T19:14:34.064+0000] {dag.py:3954} INFO - Setting next_dagrun for example_params_ui_tutorial to None, run_after=None
[2024-07-02T19:14:34.106+0000] {processor.py:183} INFO - Processing /usr/local/python/3.10.13/lib/python3.10/site-packages/airflow/example_dags/example_params_ui_tutorial.py took 0.106 seconds
[2024-07-02T19:15:17.750+0000] {processor.py:161} INFO - Started process (PID=7833) to work on /usr/local/python/3.10.13/lib/python3.10/site-packages/airflow/example_dags/example_params_ui_tutorial.py
[2024-07-02T19:15:17.751+0000] {processor.py:830} INFO - Processing file /usr/local/python/3.10.13/lib/python3.10/site-packages/airflow/example_dags/example_params_ui_tutorial.py for tasks to queue
[2024-07-02T19:15:17.752+0000] {logging_mixin.py:188} INFO - [2024-07-02T19:15:17.751+0000] {dagbag.py:545} INFO - Filling up the DagBag from /usr/local/python/3.10.13/lib/python3.10/site-packages/airflow/example_dags/example_params_ui_tutorial.py
[2024-07-02T19:15:17.761+0000] {processor.py:840} INFO - DAG(s) 'example_params_ui_tutorial' retrieved from /usr/local/python/3.10.13/lib/python3.10/site-packages/airflow/example_dags/example_params_ui_tutorial.py
[2024-07-02T19:15:17.800+0000] {logging_mixin.py:188} INFO - [2024-07-02T19:15:17.800+0000] {dag.py:3096} INFO - Sync 1 DAGs
[2024-07-02T19:15:17.809+0000] {logging_mixin.py:188} INFO - [2024-07-02T19:15:17.808+0000] {dag.py:3954} INFO - Setting next_dagrun for example_params_ui_tutorial to None, run_after=None
[2024-07-02T19:15:17.850+0000] {processor.py:183} INFO - Processing /usr/local/python/3.10.13/lib/python3.10/site-packages/airflow/example_dags/example_params_ui_tutorial.py took 0.104 seconds
[2024-07-02T19:15:59.618+0000] {processor.py:161} INFO - Started process (PID=8151) to work on /usr/local/python/3.10.13/lib/python3.10/site-packages/airflow/example_dags/example_params_ui_tutorial.py
[2024-07-02T19:15:59.619+0000] {processor.py:830} INFO - Processing file /usr/local/python/3.10.13/lib/python3.10/site-packages/airflow/example_dags/example_params_ui_tutorial.py for tasks to queue
[2024-07-02T19:15:59.620+0000] {logging_mixin.py:188} INFO - [2024-07-02T19:15:59.620+0000] {dagbag.py:545} INFO - Filling up the DagBag from /usr/local/python/3.10.13/lib/python3.10/site-packages/airflow/example_dags/example_params_ui_tutorial.py
[2024-07-02T19:15:59.629+0000] {processor.py:840} INFO - DAG(s) 'example_params_ui_tutorial' retrieved from /usr/local/python/3.10.13/lib/python3.10/site-packages/airflow/example_dags/example_params_ui_tutorial.py
[2024-07-02T19:15:59.669+0000] {logging_mixin.py:188} INFO - [2024-07-02T19:15:59.669+0000] {dag.py:3096} INFO - Sync 1 DAGs
[2024-07-02T19:15:59.677+0000] {logging_mixin.py:188} INFO - [2024-07-02T19:15:59.677+0000] {dag.py:3954} INFO - Setting next_dagrun for example_params_ui_tutorial to None, run_after=None
[2024-07-02T19:15:59.720+0000] {processor.py:183} INFO - Processing /usr/local/python/3.10.13/lib/python3.10/site-packages/airflow/example_dags/example_params_ui_tutorial.py took 0.106 seconds
[2024-07-02T19:16:45.081+0000] {processor.py:161} INFO - Started process (PID=8489) to work on /usr/local/python/3.10.13/lib/python3.10/site-packages/airflow/example_dags/example_params_ui_tutorial.py
[2024-07-02T19:16:45.082+0000] {processor.py:830} INFO - Processing file /usr/local/python/3.10.13/lib/python3.10/site-packages/airflow/example_dags/example_params_ui_tutorial.py for tasks to queue
[2024-07-02T19:16:45.083+0000] {logging_mixin.py:188} INFO - [2024-07-02T19:16:45.082+0000] {dagbag.py:545} INFO - Filling up the DagBag from /usr/local/python/3.10.13/lib/python3.10/site-packages/airflow/example_dags/example_params_ui_tutorial.py
[2024-07-02T19:16:45.092+0000] {processor.py:840} INFO - DAG(s) 'example_params_ui_tutorial' retrieved from /usr/local/python/3.10.13/lib/python3.10/site-packages/airflow/example_dags/example_params_ui_tutorial.py
[2024-07-02T19:16:45.131+0000] {logging_mixin.py:188} INFO - [2024-07-02T19:16:45.131+0000] {dag.py:3096} INFO - Sync 1 DAGs
[2024-07-02T19:16:45.140+0000] {logging_mixin.py:188} INFO - [2024-07-02T19:16:45.140+0000] {dag.py:3954} INFO - Setting next_dagrun for example_params_ui_tutorial to None, run_after=None
[2024-07-02T19:16:45.183+0000] {processor.py:183} INFO - Processing /usr/local/python/3.10.13/lib/python3.10/site-packages/airflow/example_dags/example_params_ui_tutorial.py took 0.106 seconds
[2024-07-02T19:17:32.697+0000] {processor.py:161} INFO - Started process (PID=8851) to work on /usr/local/python/3.10.13/lib/python3.10/site-packages/airflow/example_dags/example_params_ui_tutorial.py
[2024-07-02T19:17:32.697+0000] {processor.py:830} INFO - Processing file /usr/local/python/3.10.13/lib/python3.10/site-packages/airflow/example_dags/example_params_ui_tutorial.py for tasks to queue
[2024-07-02T19:17:32.698+0000] {logging_mixin.py:188} INFO - [2024-07-02T19:17:32.698+0000] {dagbag.py:545} INFO - Filling up the DagBag from /usr/local/python/3.10.13/lib/python3.10/site-packages/airflow/example_dags/example_params_ui_tutorial.py
[2024-07-02T19:17:32.712+0000] {processor.py:840} INFO - DAG(s) 'example_params_ui_tutorial' retrieved from /usr/local/python/3.10.13/lib/python3.10/site-packages/airflow/example_dags/example_params_ui_tutorial.py
[2024-07-02T19:17:32.750+0000] {logging_mixin.py:188} INFO - [2024-07-02T19:17:32.750+0000] {dag.py:3096} INFO - Sync 1 DAGs
[2024-07-02T19:17:32.759+0000] {logging_mixin.py:188} INFO - [2024-07-02T19:17:32.759+0000] {dag.py:3954} INFO - Setting next_dagrun for example_params_ui_tutorial to None, run_after=None
[2024-07-02T19:17:32.799+0000] {processor.py:183} INFO - Processing /usr/local/python/3.10.13/lib/python3.10/site-packages/airflow/example_dags/example_params_ui_tutorial.py took 0.108 seconds
[2024-07-02T19:18:15.901+0000] {processor.py:161} INFO - Started process (PID=9177) to work on /usr/local/python/3.10.13/lib/python3.10/site-packages/airflow/example_dags/example_params_ui_tutorial.py
[2024-07-02T19:18:15.902+0000] {processor.py:830} INFO - Processing file /usr/local/python/3.10.13/lib/python3.10/site-packages/airflow/example_dags/example_params_ui_tutorial.py for tasks to queue
[2024-07-02T19:18:15.903+0000] {logging_mixin.py:188} INFO - [2024-07-02T19:18:15.902+0000] {dagbag.py:545} INFO - Filling up the DagBag from /usr/local/python/3.10.13/lib/python3.10/site-packages/airflow/example_dags/example_params_ui_tutorial.py
[2024-07-02T19:18:15.912+0000] {processor.py:840} INFO - DAG(s) 'example_params_ui_tutorial' retrieved from /usr/local/python/3.10.13/lib/python3.10/site-packages/airflow/example_dags/example_params_ui_tutorial.py
[2024-07-02T19:18:15.954+0000] {logging_mixin.py:188} INFO - [2024-07-02T19:18:15.954+0000] {dag.py:3096} INFO - Sync 1 DAGs
[2024-07-02T19:18:15.963+0000] {logging_mixin.py:188} INFO - [2024-07-02T19:18:15.962+0000] {dag.py:3954} INFO - Setting next_dagrun for example_params_ui_tutorial to None, run_after=None
[2024-07-02T19:18:16.005+0000] {processor.py:183} INFO - Processing /usr/local/python/3.10.13/lib/python3.10/site-packages/airflow/example_dags/example_params_ui_tutorial.py took 0.108 seconds
[2024-07-02T19:18:57.811+0000] {processor.py:161} INFO - Started process (PID=9493) to work on /usr/local/python/3.10.13/lib/python3.10/site-packages/airflow/example_dags/example_params_ui_tutorial.py
[2024-07-02T19:18:57.812+0000] {processor.py:830} INFO - Processing file /usr/local/python/3.10.13/lib/python3.10/site-packages/airflow/example_dags/example_params_ui_tutorial.py for tasks to queue
[2024-07-02T19:18:57.813+0000] {logging_mixin.py:188} INFO - [2024-07-02T19:18:57.813+0000] {dagbag.py:545} INFO - Filling up the DagBag from /usr/local/python/3.10.13/lib/python3.10/site-packages/airflow/example_dags/example_params_ui_tutorial.py
[2024-07-02T19:18:57.825+0000] {processor.py:840} INFO - DAG(s) 'example_params_ui_tutorial' retrieved from /usr/local/python/3.10.13/lib/python3.10/site-packages/airflow/example_dags/example_params_ui_tutorial.py
[2024-07-02T19:18:57.865+0000] {logging_mixin.py:188} INFO - [2024-07-02T19:18:57.865+0000] {dag.py:3096} INFO - Sync 1 DAGs
[2024-07-02T19:18:57.874+0000] {logging_mixin.py:188} INFO - [2024-07-02T19:18:57.874+0000] {dag.py:3954} INFO - Setting next_dagrun for example_params_ui_tutorial to None, run_after=None
[2024-07-02T19:18:57.915+0000] {processor.py:183} INFO - Processing /usr/local/python/3.10.13/lib/python3.10/site-packages/airflow/example_dags/example_params_ui_tutorial.py took 0.110 seconds
[2024-07-02T19:19:41.510+0000] {processor.py:161} INFO - Started process (PID=9834) to work on /usr/local/python/3.10.13/lib/python3.10/site-packages/airflow/example_dags/example_params_ui_tutorial.py
[2024-07-02T19:19:41.511+0000] {processor.py:830} INFO - Processing file /usr/local/python/3.10.13/lib/python3.10/site-packages/airflow/example_dags/example_params_ui_tutorial.py for tasks to queue
[2024-07-02T19:19:41.512+0000] {logging_mixin.py:188} INFO - [2024-07-02T19:19:41.512+0000] {dagbag.py:545} INFO - Filling up the DagBag from /usr/local/python/3.10.13/lib/python3.10/site-packages/airflow/example_dags/example_params_ui_tutorial.py
[2024-07-02T19:19:41.521+0000] {processor.py:840} INFO - DAG(s) 'example_params_ui_tutorial' retrieved from /usr/local/python/3.10.13/lib/python3.10/site-packages/airflow/example_dags/example_params_ui_tutorial.py
[2024-07-02T19:19:41.560+0000] {logging_mixin.py:188} INFO - [2024-07-02T19:19:41.560+0000] {dag.py:3096} INFO - Sync 1 DAGs
[2024-07-02T19:19:41.569+0000] {logging_mixin.py:188} INFO - [2024-07-02T19:19:41.569+0000] {dag.py:3954} INFO - Setting next_dagrun for example_params_ui_tutorial to None, run_after=None
[2024-07-02T19:19:41.610+0000] {processor.py:183} INFO - Processing /usr/local/python/3.10.13/lib/python3.10/site-packages/airflow/example_dags/example_params_ui_tutorial.py took 0.104 seconds
[2024-07-02T19:20:29.084+0000] {processor.py:161} INFO - Started process (PID=10174) to work on /usr/local/python/3.10.13/lib/python3.10/site-packages/airflow/example_dags/example_params_ui_tutorial.py
[2024-07-02T19:20:29.085+0000] {processor.py:830} INFO - Processing file /usr/local/python/3.10.13/lib/python3.10/site-packages/airflow/example_dags/example_params_ui_tutorial.py for tasks to queue
[2024-07-02T19:20:29.086+0000] {logging_mixin.py:188} INFO - [2024-07-02T19:20:29.086+0000] {dagbag.py:545} INFO - Filling up the DagBag from /usr/local/python/3.10.13/lib/python3.10/site-packages/airflow/example_dags/example_params_ui_tutorial.py
[2024-07-02T19:20:29.095+0000] {processor.py:840} INFO - DAG(s) 'example_params_ui_tutorial' retrieved from /usr/local/python/3.10.13/lib/python3.10/site-packages/airflow/example_dags/example_params_ui_tutorial.py
[2024-07-02T19:20:29.136+0000] {logging_mixin.py:188} INFO - [2024-07-02T19:20:29.136+0000] {dag.py:3096} INFO - Sync 1 DAGs
[2024-07-02T19:20:29.145+0000] {logging_mixin.py:188} INFO - [2024-07-02T19:20:29.145+0000] {dag.py:3954} INFO - Setting next_dagrun for example_params_ui_tutorial to None, run_after=None
[2024-07-02T19:20:29.187+0000] {processor.py:183} INFO - Processing /usr/local/python/3.10.13/lib/python3.10/site-packages/airflow/example_dags/example_params_ui_tutorial.py took 0.107 seconds
[2024-07-02T19:21:16.211+0000] {processor.py:161} INFO - Started process (PID=10542) to work on /usr/local/python/3.10.13/lib/python3.10/site-packages/airflow/example_dags/example_params_ui_tutorial.py
[2024-07-02T19:21:16.212+0000] {processor.py:830} INFO - Processing file /usr/local/python/3.10.13/lib/python3.10/site-packages/airflow/example_dags/example_params_ui_tutorial.py for tasks to queue
[2024-07-02T19:21:16.213+0000] {logging_mixin.py:188} INFO - [2024-07-02T19:21:16.212+0000] {dagbag.py:545} INFO - Filling up the DagBag from /usr/local/python/3.10.13/lib/python3.10/site-packages/airflow/example_dags/example_params_ui_tutorial.py
[2024-07-02T19:21:16.222+0000] {processor.py:840} INFO - DAG(s) 'example_params_ui_tutorial' retrieved from /usr/local/python/3.10.13/lib/python3.10/site-packages/airflow/example_dags/example_params_ui_tutorial.py
[2024-07-02T19:21:16.262+0000] {logging_mixin.py:188} INFO - [2024-07-02T19:21:16.262+0000] {dag.py:3096} INFO - Sync 1 DAGs
[2024-07-02T19:21:16.270+0000] {logging_mixin.py:188} INFO - [2024-07-02T19:21:16.270+0000] {dag.py:3954} INFO - Setting next_dagrun for example_params_ui_tutorial to None, run_after=None
[2024-07-02T19:21:16.313+0000] {processor.py:183} INFO - Processing /usr/local/python/3.10.13/lib/python3.10/site-packages/airflow/example_dags/example_params_ui_tutorial.py took 0.106 seconds
[2024-07-02T19:22:01.818+0000] {processor.py:161} INFO - Started process (PID=10879) to work on /usr/local/python/3.10.13/lib/python3.10/site-packages/airflow/example_dags/example_params_ui_tutorial.py
[2024-07-02T19:22:01.819+0000] {processor.py:830} INFO - Processing file /usr/local/python/3.10.13/lib/python3.10/site-packages/airflow/example_dags/example_params_ui_tutorial.py for tasks to queue
[2024-07-02T19:22:01.819+0000] {logging_mixin.py:188} INFO - [2024-07-02T19:22:01.819+0000] {dagbag.py:545} INFO - Filling up the DagBag from /usr/local/python/3.10.13/lib/python3.10/site-packages/airflow/example_dags/example_params_ui_tutorial.py
[2024-07-02T19:22:01.829+0000] {processor.py:840} INFO - DAG(s) 'example_params_ui_tutorial' retrieved from /usr/local/python/3.10.13/lib/python3.10/site-packages/airflow/example_dags/example_params_ui_tutorial.py
[2024-07-02T19:22:01.868+0000] {logging_mixin.py:188} INFO - [2024-07-02T19:22:01.867+0000] {dag.py:3096} INFO - Sync 1 DAGs
[2024-07-02T19:22:01.876+0000] {logging_mixin.py:188} INFO - [2024-07-02T19:22:01.876+0000] {dag.py:3954} INFO - Setting next_dagrun for example_params_ui_tutorial to None, run_after=None
[2024-07-02T19:22:01.916+0000] {processor.py:183} INFO - Processing /usr/local/python/3.10.13/lib/python3.10/site-packages/airflow/example_dags/example_params_ui_tutorial.py took 0.102 seconds
[2024-07-02T19:22:47.619+0000] {processor.py:161} INFO - Started process (PID=11236) to work on /usr/local/python/3.10.13/lib/python3.10/site-packages/airflow/example_dags/example_params_ui_tutorial.py
[2024-07-02T19:22:47.620+0000] {processor.py:830} INFO - Processing file /usr/local/python/3.10.13/lib/python3.10/site-packages/airflow/example_dags/example_params_ui_tutorial.py for tasks to queue
[2024-07-02T19:22:47.620+0000] {logging_mixin.py:188} INFO - [2024-07-02T19:22:47.620+0000] {dagbag.py:545} INFO - Filling up the DagBag from /usr/local/python/3.10.13/lib/python3.10/site-packages/airflow/example_dags/example_params_ui_tutorial.py
[2024-07-02T19:22:47.629+0000] {processor.py:840} INFO - DAG(s) 'example_params_ui_tutorial' retrieved from /usr/local/python/3.10.13/lib/python3.10/site-packages/airflow/example_dags/example_params_ui_tutorial.py
[2024-07-02T19:22:47.668+0000] {logging_mixin.py:188} INFO - [2024-07-02T19:22:47.668+0000] {dag.py:3096} INFO - Sync 1 DAGs
[2024-07-02T19:22:47.677+0000] {logging_mixin.py:188} INFO - [2024-07-02T19:22:47.677+0000] {dag.py:3954} INFO - Setting next_dagrun for example_params_ui_tutorial to None, run_after=None
[2024-07-02T19:22:47.719+0000] {processor.py:183} INFO - Processing /usr/local/python/3.10.13/lib/python3.10/site-packages/airflow/example_dags/example_params_ui_tutorial.py took 0.105 seconds
[2024-07-02T19:23:28.166+0000] {processor.py:161} INFO - Started process (PID=11545) to work on /usr/local/python/3.10.13/lib/python3.10/site-packages/airflow/example_dags/example_params_ui_tutorial.py
[2024-07-02T19:23:28.167+0000] {processor.py:830} INFO - Processing file /usr/local/python/3.10.13/lib/python3.10/site-packages/airflow/example_dags/example_params_ui_tutorial.py for tasks to queue
[2024-07-02T19:23:28.168+0000] {logging_mixin.py:188} INFO - [2024-07-02T19:23:28.168+0000] {dagbag.py:545} INFO - Filling up the DagBag from /usr/local/python/3.10.13/lib/python3.10/site-packages/airflow/example_dags/example_params_ui_tutorial.py
[2024-07-02T19:23:28.182+0000] {processor.py:840} INFO - DAG(s) 'example_params_ui_tutorial' retrieved from /usr/local/python/3.10.13/lib/python3.10/site-packages/airflow/example_dags/example_params_ui_tutorial.py
[2024-07-02T19:23:28.225+0000] {logging_mixin.py:188} INFO - [2024-07-02T19:23:28.224+0000] {dag.py:3096} INFO - Sync 1 DAGs
[2024-07-02T19:23:28.234+0000] {logging_mixin.py:188} INFO - [2024-07-02T19:23:28.234+0000] {dag.py:3954} INFO - Setting next_dagrun for example_params_ui_tutorial to None, run_after=None
[2024-07-02T19:23:28.279+0000] {processor.py:183} INFO - Processing /usr/local/python/3.10.13/lib/python3.10/site-packages/airflow/example_dags/example_params_ui_tutorial.py took 0.120 seconds
[2024-07-02T19:24:10.234+0000] {processor.py:161} INFO - Started process (PID=11855) to work on /usr/local/python/3.10.13/lib/python3.10/site-packages/airflow/example_dags/example_params_ui_tutorial.py
[2024-07-02T19:24:10.235+0000] {processor.py:830} INFO - Processing file /usr/local/python/3.10.13/lib/python3.10/site-packages/airflow/example_dags/example_params_ui_tutorial.py for tasks to queue
[2024-07-02T19:24:10.236+0000] {logging_mixin.py:188} INFO - [2024-07-02T19:24:10.235+0000] {dagbag.py:545} INFO - Filling up the DagBag from /usr/local/python/3.10.13/lib/python3.10/site-packages/airflow/example_dags/example_params_ui_tutorial.py
[2024-07-02T19:24:10.245+0000] {processor.py:840} INFO - DAG(s) 'example_params_ui_tutorial' retrieved from /usr/local/python/3.10.13/lib/python3.10/site-packages/airflow/example_dags/example_params_ui_tutorial.py
[2024-07-02T19:24:10.285+0000] {logging_mixin.py:188} INFO - [2024-07-02T19:24:10.285+0000] {dag.py:3096} INFO - Sync 1 DAGs
[2024-07-02T19:24:10.294+0000] {logging_mixin.py:188} INFO - [2024-07-02T19:24:10.294+0000] {dag.py:3954} INFO - Setting next_dagrun for example_params_ui_tutorial to None, run_after=None
[2024-07-02T19:24:10.334+0000] {processor.py:183} INFO - Processing /usr/local/python/3.10.13/lib/python3.10/site-packages/airflow/example_dags/example_params_ui_tutorial.py took 0.104 seconds
[2024-07-02T19:24:54.014+0000] {processor.py:161} INFO - Started process (PID=12184) to work on /usr/local/python/3.10.13/lib/python3.10/site-packages/airflow/example_dags/example_params_ui_tutorial.py
[2024-07-02T19:24:54.015+0000] {processor.py:830} INFO - Processing file /usr/local/python/3.10.13/lib/python3.10/site-packages/airflow/example_dags/example_params_ui_tutorial.py for tasks to queue
[2024-07-02T19:24:54.016+0000] {logging_mixin.py:188} INFO - [2024-07-02T19:24:54.015+0000] {dagbag.py:545} INFO - Filling up the DagBag from /usr/local/python/3.10.13/lib/python3.10/site-packages/airflow/example_dags/example_params_ui_tutorial.py
[2024-07-02T19:24:54.025+0000] {processor.py:840} INFO - DAG(s) 'example_params_ui_tutorial' retrieved from /usr/local/python/3.10.13/lib/python3.10/site-packages/airflow/example_dags/example_params_ui_tutorial.py
[2024-07-02T19:24:54.064+0000] {logging_mixin.py:188} INFO - [2024-07-02T19:24:54.064+0000] {dag.py:3096} INFO - Sync 1 DAGs
[2024-07-02T19:24:54.072+0000] {logging_mixin.py:188} INFO - [2024-07-02T19:24:54.072+0000] {dag.py:3954} INFO - Setting next_dagrun for example_params_ui_tutorial to None, run_after=None
[2024-07-02T19:24:54.112+0000] {processor.py:183} INFO - Processing /usr/local/python/3.10.13/lib/python3.10/site-packages/airflow/example_dags/example_params_ui_tutorial.py took 0.102 seconds
[2024-07-02T19:25:36.915+0000] {processor.py:161} INFO - Started process (PID=12526) to work on /usr/local/python/3.10.13/lib/python3.10/site-packages/airflow/example_dags/example_params_ui_tutorial.py
[2024-07-02T19:25:36.916+0000] {processor.py:830} INFO - Processing file /usr/local/python/3.10.13/lib/python3.10/site-packages/airflow/example_dags/example_params_ui_tutorial.py for tasks to queue
[2024-07-02T19:25:36.916+0000] {logging_mixin.py:188} INFO - [2024-07-02T19:25:36.916+0000] {dagbag.py:545} INFO - Filling up the DagBag from /usr/local/python/3.10.13/lib/python3.10/site-packages/airflow/example_dags/example_params_ui_tutorial.py
[2024-07-02T19:25:36.925+0000] {processor.py:840} INFO - DAG(s) 'example_params_ui_tutorial' retrieved from /usr/local/python/3.10.13/lib/python3.10/site-packages/airflow/example_dags/example_params_ui_tutorial.py
[2024-07-02T19:25:36.969+0000] {logging_mixin.py:188} INFO - [2024-07-02T19:25:36.968+0000] {dag.py:3096} INFO - Sync 1 DAGs
[2024-07-02T19:25:36.978+0000] {logging_mixin.py:188} INFO - [2024-07-02T19:25:36.977+0000] {dag.py:3954} INFO - Setting next_dagrun for example_params_ui_tutorial to None, run_after=None
[2024-07-02T19:25:37.021+0000] {processor.py:183} INFO - Processing /usr/local/python/3.10.13/lib/python3.10/site-packages/airflow/example_dags/example_params_ui_tutorial.py took 0.110 seconds
[2024-07-02T19:26:20.321+0000] {processor.py:161} INFO - Started process (PID=12848) to work on /usr/local/python/3.10.13/lib/python3.10/site-packages/airflow/example_dags/example_params_ui_tutorial.py
[2024-07-02T19:26:20.322+0000] {processor.py:830} INFO - Processing file /usr/local/python/3.10.13/lib/python3.10/site-packages/airflow/example_dags/example_params_ui_tutorial.py for tasks to queue
[2024-07-02T19:26:20.323+0000] {logging_mixin.py:188} INFO - [2024-07-02T19:26:20.322+0000] {dagbag.py:545} INFO - Filling up the DagBag from /usr/local/python/3.10.13/lib/python3.10/site-packages/airflow/example_dags/example_params_ui_tutorial.py
[2024-07-02T19:26:20.332+0000] {processor.py:840} INFO - DAG(s) 'example_params_ui_tutorial' retrieved from /usr/local/python/3.10.13/lib/python3.10/site-packages/airflow/example_dags/example_params_ui_tutorial.py
[2024-07-02T19:26:20.371+0000] {logging_mixin.py:188} INFO - [2024-07-02T19:26:20.370+0000] {dag.py:3096} INFO - Sync 1 DAGs
[2024-07-02T19:26:20.379+0000] {logging_mixin.py:188} INFO - [2024-07-02T19:26:20.379+0000] {dag.py:3954} INFO - Setting next_dagrun for example_params_ui_tutorial to None, run_after=None
[2024-07-02T19:26:20.419+0000] {processor.py:183} INFO - Processing /usr/local/python/3.10.13/lib/python3.10/site-packages/airflow/example_dags/example_params_ui_tutorial.py took 0.102 seconds
[2024-07-02T19:27:05.156+0000] {processor.py:161} INFO - Started process (PID=13181) to work on /usr/local/python/3.10.13/lib/python3.10/site-packages/airflow/example_dags/example_params_ui_tutorial.py
[2024-07-02T19:27:05.157+0000] {processor.py:830} INFO - Processing file /usr/local/python/3.10.13/lib/python3.10/site-packages/airflow/example_dags/example_params_ui_tutorial.py for tasks to queue
[2024-07-02T19:27:05.158+0000] {logging_mixin.py:188} INFO - [2024-07-02T19:27:05.157+0000] {dagbag.py:545} INFO - Filling up the DagBag from /usr/local/python/3.10.13/lib/python3.10/site-packages/airflow/example_dags/example_params_ui_tutorial.py
[2024-07-02T19:27:05.167+0000] {processor.py:840} INFO - DAG(s) 'example_params_ui_tutorial' retrieved from /usr/local/python/3.10.13/lib/python3.10/site-packages/airflow/example_dags/example_params_ui_tutorial.py
[2024-07-02T19:27:05.206+0000] {logging_mixin.py:188} INFO - [2024-07-02T19:27:05.206+0000] {dag.py:3096} INFO - Sync 1 DAGs
[2024-07-02T19:27:05.215+0000] {logging_mixin.py:188} INFO - [2024-07-02T19:27:05.214+0000] {dag.py:3954} INFO - Setting next_dagrun for example_params_ui_tutorial to None, run_after=None
[2024-07-02T19:27:05.256+0000] {processor.py:183} INFO - Processing /usr/local/python/3.10.13/lib/python3.10/site-packages/airflow/example_dags/example_params_ui_tutorial.py took 0.104 seconds
[2024-07-02T19:27:46.870+0000] {processor.py:161} INFO - Started process (PID=13558) to work on /usr/local/python/3.10.13/lib/python3.10/site-packages/airflow/example_dags/example_params_ui_tutorial.py
[2024-07-02T19:27:46.870+0000] {processor.py:830} INFO - Processing file /usr/local/python/3.10.13/lib/python3.10/site-packages/airflow/example_dags/example_params_ui_tutorial.py for tasks to queue
[2024-07-02T19:27:46.871+0000] {logging_mixin.py:188} INFO - [2024-07-02T19:27:46.871+0000] {dagbag.py:545} INFO - Filling up the DagBag from /usr/local/python/3.10.13/lib/python3.10/site-packages/airflow/example_dags/example_params_ui_tutorial.py
[2024-07-02T19:27:46.881+0000] {processor.py:840} INFO - DAG(s) 'example_params_ui_tutorial' retrieved from /usr/local/python/3.10.13/lib/python3.10/site-packages/airflow/example_dags/example_params_ui_tutorial.py
[2024-07-02T19:27:46.930+0000] {logging_mixin.py:188} INFO - [2024-07-02T19:27:46.930+0000] {dag.py:3096} INFO - Sync 1 DAGs
[2024-07-02T19:27:46.939+0000] {logging_mixin.py:188} INFO - [2024-07-02T19:27:46.939+0000] {dag.py:3954} INFO - Setting next_dagrun for example_params_ui_tutorial to None, run_after=None
[2024-07-02T19:27:46.978+0000] {processor.py:183} INFO - Processing /usr/local/python/3.10.13/lib/python3.10/site-packages/airflow/example_dags/example_params_ui_tutorial.py took 0.113 seconds
[2024-07-02T19:28:28.651+0000] {processor.py:161} INFO - Started process (PID=13936) to work on /usr/local/python/3.10.13/lib/python3.10/site-packages/airflow/example_dags/example_params_ui_tutorial.py
[2024-07-02T19:28:28.652+0000] {processor.py:830} INFO - Processing file /usr/local/python/3.10.13/lib/python3.10/site-packages/airflow/example_dags/example_params_ui_tutorial.py for tasks to queue
[2024-07-02T19:28:28.653+0000] {logging_mixin.py:188} INFO - [2024-07-02T19:28:28.653+0000] {dagbag.py:545} INFO - Filling up the DagBag from /usr/local/python/3.10.13/lib/python3.10/site-packages/airflow/example_dags/example_params_ui_tutorial.py
[2024-07-02T19:28:28.662+0000] {processor.py:840} INFO - DAG(s) 'example_params_ui_tutorial' retrieved from /usr/local/python/3.10.13/lib/python3.10/site-packages/airflow/example_dags/example_params_ui_tutorial.py
[2024-07-02T19:28:28.701+0000] {logging_mixin.py:188} INFO - [2024-07-02T19:28:28.701+0000] {dag.py:3096} INFO - Sync 1 DAGs
[2024-07-02T19:28:28.710+0000] {logging_mixin.py:188} INFO - [2024-07-02T19:28:28.710+0000] {dag.py:3954} INFO - Setting next_dagrun for example_params_ui_tutorial to None, run_after=None
[2024-07-02T19:28:28.749+0000] {processor.py:183} INFO - Processing /usr/local/python/3.10.13/lib/python3.10/site-packages/airflow/example_dags/example_params_ui_tutorial.py took 0.102 seconds
[2024-07-02T19:29:15.523+0000] {processor.py:161} INFO - Started process (PID=14352) to work on /usr/local/python/3.10.13/lib/python3.10/site-packages/airflow/example_dags/example_params_ui_tutorial.py
[2024-07-02T19:29:15.524+0000] {processor.py:830} INFO - Processing file /usr/local/python/3.10.13/lib/python3.10/site-packages/airflow/example_dags/example_params_ui_tutorial.py for tasks to queue
[2024-07-02T19:29:15.525+0000] {logging_mixin.py:188} INFO - [2024-07-02T19:29:15.524+0000] {dagbag.py:545} INFO - Filling up the DagBag from /usr/local/python/3.10.13/lib/python3.10/site-packages/airflow/example_dags/example_params_ui_tutorial.py
[2024-07-02T19:29:15.534+0000] {processor.py:840} INFO - DAG(s) 'example_params_ui_tutorial' retrieved from /usr/local/python/3.10.13/lib/python3.10/site-packages/airflow/example_dags/example_params_ui_tutorial.py
[2024-07-02T19:29:15.573+0000] {logging_mixin.py:188} INFO - [2024-07-02T19:29:15.573+0000] {dag.py:3096} INFO - Sync 1 DAGs
[2024-07-02T19:29:15.588+0000] {logging_mixin.py:188} INFO - [2024-07-02T19:29:15.587+0000] {dag.py:3954} INFO - Setting next_dagrun for example_params_ui_tutorial to None, run_after=None
[2024-07-02T19:29:15.638+0000] {processor.py:183} INFO - Processing /usr/local/python/3.10.13/lib/python3.10/site-packages/airflow/example_dags/example_params_ui_tutorial.py took 0.120 seconds
[2024-07-02T19:30:02.418+0000] {processor.py:161} INFO - Started process (PID=14714) to work on /usr/local/python/3.10.13/lib/python3.10/site-packages/airflow/example_dags/example_params_ui_tutorial.py
[2024-07-02T19:30:02.419+0000] {processor.py:830} INFO - Processing file /usr/local/python/3.10.13/lib/python3.10/site-packages/airflow/example_dags/example_params_ui_tutorial.py for tasks to queue
[2024-07-02T19:30:02.420+0000] {logging_mixin.py:188} INFO - [2024-07-02T19:30:02.419+0000] {dagbag.py:545} INFO - Filling up the DagBag from /usr/local/python/3.10.13/lib/python3.10/site-packages/airflow/example_dags/example_params_ui_tutorial.py
[2024-07-02T19:30:02.436+0000] {processor.py:840} INFO - DAG(s) 'example_params_ui_tutorial' retrieved from /usr/local/python/3.10.13/lib/python3.10/site-packages/airflow/example_dags/example_params_ui_tutorial.py
[2024-07-02T19:30:02.493+0000] {logging_mixin.py:188} INFO - [2024-07-02T19:30:02.492+0000] {dag.py:3096} INFO - Sync 1 DAGs
[2024-07-02T19:30:02.504+0000] {logging_mixin.py:188} INFO - [2024-07-02T19:30:02.504+0000] {dag.py:3954} INFO - Setting next_dagrun for example_params_ui_tutorial to None, run_after=None
[2024-07-02T19:30:02.546+0000] {processor.py:183} INFO - Processing /usr/local/python/3.10.13/lib/python3.10/site-packages/airflow/example_dags/example_params_ui_tutorial.py took 0.135 seconds
[2024-07-02T19:30:48.377+0000] {processor.py:161} INFO - Started process (PID=15104) to work on /usr/local/python/3.10.13/lib/python3.10/site-packages/airflow/example_dags/example_params_ui_tutorial.py
[2024-07-02T19:30:48.377+0000] {processor.py:830} INFO - Processing file /usr/local/python/3.10.13/lib/python3.10/site-packages/airflow/example_dags/example_params_ui_tutorial.py for tasks to queue
[2024-07-02T19:30:48.378+0000] {logging_mixin.py:188} INFO - [2024-07-02T19:30:48.378+0000] {dagbag.py:545} INFO - Filling up the DagBag from /usr/local/python/3.10.13/lib/python3.10/site-packages/airflow/example_dags/example_params_ui_tutorial.py
[2024-07-02T19:30:48.387+0000] {processor.py:840} INFO - DAG(s) 'example_params_ui_tutorial' retrieved from /usr/local/python/3.10.13/lib/python3.10/site-packages/airflow/example_dags/example_params_ui_tutorial.py
[2024-07-02T19:30:48.426+0000] {logging_mixin.py:188} INFO - [2024-07-02T19:30:48.426+0000] {dag.py:3096} INFO - Sync 1 DAGs
[2024-07-02T19:30:48.435+0000] {logging_mixin.py:188} INFO - [2024-07-02T19:30:48.435+0000] {dag.py:3954} INFO - Setting next_dagrun for example_params_ui_tutorial to None, run_after=None
[2024-07-02T19:30:48.477+0000] {processor.py:183} INFO - Processing /usr/local/python/3.10.13/lib/python3.10/site-packages/airflow/example_dags/example_params_ui_tutorial.py took 0.105 seconds
[2024-07-02T19:31:35.169+0000] {processor.py:161} INFO - Started process (PID=15464) to work on /usr/local/python/3.10.13/lib/python3.10/site-packages/airflow/example_dags/example_params_ui_tutorial.py
[2024-07-02T19:31:35.170+0000] {processor.py:830} INFO - Processing file /usr/local/python/3.10.13/lib/python3.10/site-packages/airflow/example_dags/example_params_ui_tutorial.py for tasks to queue
[2024-07-02T19:31:35.171+0000] {logging_mixin.py:188} INFO - [2024-07-02T19:31:35.170+0000] {dagbag.py:545} INFO - Filling up the DagBag from /usr/local/python/3.10.13/lib/python3.10/site-packages/airflow/example_dags/example_params_ui_tutorial.py
[2024-07-02T19:31:35.180+0000] {processor.py:840} INFO - DAG(s) 'example_params_ui_tutorial' retrieved from /usr/local/python/3.10.13/lib/python3.10/site-packages/airflow/example_dags/example_params_ui_tutorial.py
[2024-07-02T19:31:35.228+0000] {logging_mixin.py:188} INFO - [2024-07-02T19:31:35.227+0000] {dag.py:3096} INFO - Sync 1 DAGs
[2024-07-02T19:31:35.236+0000] {logging_mixin.py:188} INFO - [2024-07-02T19:31:35.236+0000] {dag.py:3954} INFO - Setting next_dagrun for example_params_ui_tutorial to None, run_after=None
[2024-07-02T19:31:35.278+0000] {processor.py:183} INFO - Processing /usr/local/python/3.10.13/lib/python3.10/site-packages/airflow/example_dags/example_params_ui_tutorial.py took 0.113 seconds
[2024-07-02T19:32:22.507+0000] {processor.py:161} INFO - Started process (PID=15806) to work on /usr/local/python/3.10.13/lib/python3.10/site-packages/airflow/example_dags/example_params_ui_tutorial.py
[2024-07-02T19:32:22.508+0000] {processor.py:830} INFO - Processing file /usr/local/python/3.10.13/lib/python3.10/site-packages/airflow/example_dags/example_params_ui_tutorial.py for tasks to queue
[2024-07-02T19:32:22.509+0000] {logging_mixin.py:188} INFO - [2024-07-02T19:32:22.508+0000] {dagbag.py:545} INFO - Filling up the DagBag from /usr/local/python/3.10.13/lib/python3.10/site-packages/airflow/example_dags/example_params_ui_tutorial.py
[2024-07-02T19:32:22.517+0000] {processor.py:840} INFO - DAG(s) 'example_params_ui_tutorial' retrieved from /usr/local/python/3.10.13/lib/python3.10/site-packages/airflow/example_dags/example_params_ui_tutorial.py
[2024-07-02T19:32:22.563+0000] {logging_mixin.py:188} INFO - [2024-07-02T19:32:22.562+0000] {dag.py:3096} INFO - Sync 1 DAGs
[2024-07-02T19:32:22.572+0000] {logging_mixin.py:188} INFO - [2024-07-02T19:32:22.571+0000] {dag.py:3954} INFO - Setting next_dagrun for example_params_ui_tutorial to None, run_after=None
[2024-07-02T19:32:22.611+0000] {processor.py:183} INFO - Processing /usr/local/python/3.10.13/lib/python3.10/site-packages/airflow/example_dags/example_params_ui_tutorial.py took 0.108 seconds
[2024-07-02T19:33:05.129+0000] {processor.py:161} INFO - Started process (PID=16147) to work on /usr/local/python/3.10.13/lib/python3.10/site-packages/airflow/example_dags/example_params_ui_tutorial.py
[2024-07-02T19:33:05.129+0000] {processor.py:830} INFO - Processing file /usr/local/python/3.10.13/lib/python3.10/site-packages/airflow/example_dags/example_params_ui_tutorial.py for tasks to queue
[2024-07-02T19:33:05.130+0000] {logging_mixin.py:188} INFO - [2024-07-02T19:33:05.130+0000] {dagbag.py:545} INFO - Filling up the DagBag from /usr/local/python/3.10.13/lib/python3.10/site-packages/airflow/example_dags/example_params_ui_tutorial.py
[2024-07-02T19:33:05.140+0000] {processor.py:840} INFO - DAG(s) 'example_params_ui_tutorial' retrieved from /usr/local/python/3.10.13/lib/python3.10/site-packages/airflow/example_dags/example_params_ui_tutorial.py
[2024-07-02T19:33:05.187+0000] {logging_mixin.py:188} INFO - [2024-07-02T19:33:05.186+0000] {dag.py:3096} INFO - Sync 1 DAGs
[2024-07-02T19:33:05.195+0000] {logging_mixin.py:188} INFO - [2024-07-02T19:33:05.195+0000] {dag.py:3954} INFO - Setting next_dagrun for example_params_ui_tutorial to None, run_after=None
[2024-07-02T19:33:05.235+0000] {processor.py:183} INFO - Processing /usr/local/python/3.10.13/lib/python3.10/site-packages/airflow/example_dags/example_params_ui_tutorial.py took 0.113 seconds
[2024-07-02T19:33:48.738+0000] {processor.py:161} INFO - Started process (PID=16539) to work on /usr/local/python/3.10.13/lib/python3.10/site-packages/airflow/example_dags/example_params_ui_tutorial.py
[2024-07-02T19:33:48.738+0000] {processor.py:830} INFO - Processing file /usr/local/python/3.10.13/lib/python3.10/site-packages/airflow/example_dags/example_params_ui_tutorial.py for tasks to queue
[2024-07-02T19:33:48.739+0000] {logging_mixin.py:188} INFO - [2024-07-02T19:33:48.739+0000] {dagbag.py:545} INFO - Filling up the DagBag from /usr/local/python/3.10.13/lib/python3.10/site-packages/airflow/example_dags/example_params_ui_tutorial.py
[2024-07-02T19:33:48.754+0000] {processor.py:840} INFO - DAG(s) 'example_params_ui_tutorial' retrieved from /usr/local/python/3.10.13/lib/python3.10/site-packages/airflow/example_dags/example_params_ui_tutorial.py
[2024-07-02T19:33:48.794+0000] {logging_mixin.py:188} INFO - [2024-07-02T19:33:48.793+0000] {dag.py:3096} INFO - Sync 1 DAGs
[2024-07-02T19:33:48.802+0000] {logging_mixin.py:188} INFO - [2024-07-02T19:33:48.802+0000] {dag.py:3954} INFO - Setting next_dagrun for example_params_ui_tutorial to None, run_after=None
[2024-07-02T19:33:48.844+0000] {processor.py:183} INFO - Processing /usr/local/python/3.10.13/lib/python3.10/site-packages/airflow/example_dags/example_params_ui_tutorial.py took 0.113 seconds
[2024-07-02T19:34:35.583+0000] {processor.py:161} INFO - Started process (PID=16943) to work on /usr/local/python/3.10.13/lib/python3.10/site-packages/airflow/example_dags/example_params_ui_tutorial.py
[2024-07-02T19:34:35.584+0000] {processor.py:830} INFO - Processing file /usr/local/python/3.10.13/lib/python3.10/site-packages/airflow/example_dags/example_params_ui_tutorial.py for tasks to queue
[2024-07-02T19:34:35.585+0000] {logging_mixin.py:188} INFO - [2024-07-02T19:34:35.584+0000] {dagbag.py:545} INFO - Filling up the DagBag from /usr/local/python/3.10.13/lib/python3.10/site-packages/airflow/example_dags/example_params_ui_tutorial.py
[2024-07-02T19:34:35.594+0000] {processor.py:840} INFO - DAG(s) 'example_params_ui_tutorial' retrieved from /usr/local/python/3.10.13/lib/python3.10/site-packages/airflow/example_dags/example_params_ui_tutorial.py
[2024-07-02T19:34:35.634+0000] {logging_mixin.py:188} INFO - [2024-07-02T19:34:35.634+0000] {dag.py:3096} INFO - Sync 1 DAGs
[2024-07-02T19:34:35.643+0000] {logging_mixin.py:188} INFO - [2024-07-02T19:34:35.643+0000] {dag.py:3954} INFO - Setting next_dagrun for example_params_ui_tutorial to None, run_after=None
[2024-07-02T19:34:35.684+0000] {processor.py:183} INFO - Processing /usr/local/python/3.10.13/lib/python3.10/site-packages/airflow/example_dags/example_params_ui_tutorial.py took 0.105 seconds
[2024-07-02T19:35:22.105+0000] {processor.py:161} INFO - Started process (PID=17320) to work on /usr/local/python/3.10.13/lib/python3.10/site-packages/airflow/example_dags/example_params_ui_tutorial.py
[2024-07-02T19:35:22.106+0000] {processor.py:830} INFO - Processing file /usr/local/python/3.10.13/lib/python3.10/site-packages/airflow/example_dags/example_params_ui_tutorial.py for tasks to queue
[2024-07-02T19:35:22.107+0000] {logging_mixin.py:188} INFO - [2024-07-02T19:35:22.106+0000] {dagbag.py:545} INFO - Filling up the DagBag from /usr/local/python/3.10.13/lib/python3.10/site-packages/airflow/example_dags/example_params_ui_tutorial.py
[2024-07-02T19:35:22.121+0000] {processor.py:840} INFO - DAG(s) 'example_params_ui_tutorial' retrieved from /usr/local/python/3.10.13/lib/python3.10/site-packages/airflow/example_dags/example_params_ui_tutorial.py
[2024-07-02T19:35:22.186+0000] {logging_mixin.py:188} INFO - [2024-07-02T19:35:22.186+0000] {dag.py:3096} INFO - Sync 1 DAGs
[2024-07-02T19:35:22.200+0000] {logging_mixin.py:188} INFO - [2024-07-02T19:35:22.200+0000] {dag.py:3954} INFO - Setting next_dagrun for example_params_ui_tutorial to None, run_after=None
[2024-07-02T19:35:22.250+0000] {processor.py:183} INFO - Processing /usr/local/python/3.10.13/lib/python3.10/site-packages/airflow/example_dags/example_params_ui_tutorial.py took 0.152 seconds
[2024-07-02T19:36:14.854+0000] {processor.py:161} INFO - Started process (PID=17780) to work on /usr/local/python/3.10.13/lib/python3.10/site-packages/airflow/example_dags/example_params_ui_tutorial.py
[2024-07-02T19:36:14.855+0000] {processor.py:830} INFO - Processing file /usr/local/python/3.10.13/lib/python3.10/site-packages/airflow/example_dags/example_params_ui_tutorial.py for tasks to queue
[2024-07-02T19:36:14.855+0000] {logging_mixin.py:188} INFO - [2024-07-02T19:36:14.855+0000] {dagbag.py:545} INFO - Filling up the DagBag from /usr/local/python/3.10.13/lib/python3.10/site-packages/airflow/example_dags/example_params_ui_tutorial.py
[2024-07-02T19:36:14.865+0000] {processor.py:840} INFO - DAG(s) 'example_params_ui_tutorial' retrieved from /usr/local/python/3.10.13/lib/python3.10/site-packages/airflow/example_dags/example_params_ui_tutorial.py
[2024-07-02T19:36:14.905+0000] {logging_mixin.py:188} INFO - [2024-07-02T19:36:14.905+0000] {dag.py:3096} INFO - Sync 1 DAGs
[2024-07-02T19:36:14.914+0000] {logging_mixin.py:188} INFO - [2024-07-02T19:36:14.914+0000] {dag.py:3954} INFO - Setting next_dagrun for example_params_ui_tutorial to None, run_after=None
[2024-07-02T19:36:14.954+0000] {processor.py:183} INFO - Processing /usr/local/python/3.10.13/lib/python3.10/site-packages/airflow/example_dags/example_params_ui_tutorial.py took 0.105 seconds
[2024-07-02T19:37:06.470+0000] {processor.py:161} INFO - Started process (PID=18150) to work on /usr/local/python/3.10.13/lib/python3.10/site-packages/airflow/example_dags/example_params_ui_tutorial.py
[2024-07-02T19:37:06.471+0000] {processor.py:830} INFO - Processing file /usr/local/python/3.10.13/lib/python3.10/site-packages/airflow/example_dags/example_params_ui_tutorial.py for tasks to queue
[2024-07-02T19:37:06.472+0000] {logging_mixin.py:188} INFO - [2024-07-02T19:37:06.471+0000] {dagbag.py:545} INFO - Filling up the DagBag from /usr/local/python/3.10.13/lib/python3.10/site-packages/airflow/example_dags/example_params_ui_tutorial.py
[2024-07-02T19:37:06.481+0000] {processor.py:840} INFO - DAG(s) 'example_params_ui_tutorial' retrieved from /usr/local/python/3.10.13/lib/python3.10/site-packages/airflow/example_dags/example_params_ui_tutorial.py
[2024-07-02T19:37:06.521+0000] {logging_mixin.py:188} INFO - [2024-07-02T19:37:06.521+0000] {dag.py:3096} INFO - Sync 1 DAGs
[2024-07-02T19:37:06.530+0000] {logging_mixin.py:188} INFO - [2024-07-02T19:37:06.530+0000] {dag.py:3954} INFO - Setting next_dagrun for example_params_ui_tutorial to None, run_after=None
[2024-07-02T19:37:06.570+0000] {processor.py:183} INFO - Processing /usr/local/python/3.10.13/lib/python3.10/site-packages/airflow/example_dags/example_params_ui_tutorial.py took 0.105 seconds
[2024-07-02T19:37:50.602+0000] {processor.py:161} INFO - Started process (PID=18480) to work on /usr/local/python/3.10.13/lib/python3.10/site-packages/airflow/example_dags/example_params_ui_tutorial.py
[2024-07-02T19:37:50.602+0000] {processor.py:830} INFO - Processing file /usr/local/python/3.10.13/lib/python3.10/site-packages/airflow/example_dags/example_params_ui_tutorial.py for tasks to queue
[2024-07-02T19:37:50.603+0000] {logging_mixin.py:188} INFO - [2024-07-02T19:37:50.603+0000] {dagbag.py:545} INFO - Filling up the DagBag from /usr/local/python/3.10.13/lib/python3.10/site-packages/airflow/example_dags/example_params_ui_tutorial.py
[2024-07-02T19:37:50.612+0000] {processor.py:840} INFO - DAG(s) 'example_params_ui_tutorial' retrieved from /usr/local/python/3.10.13/lib/python3.10/site-packages/airflow/example_dags/example_params_ui_tutorial.py
[2024-07-02T19:37:50.652+0000] {logging_mixin.py:188} INFO - [2024-07-02T19:37:50.652+0000] {dag.py:3096} INFO - Sync 1 DAGs
[2024-07-02T19:37:50.661+0000] {logging_mixin.py:188} INFO - [2024-07-02T19:37:50.661+0000] {dag.py:3954} INFO - Setting next_dagrun for example_params_ui_tutorial to None, run_after=None
[2024-07-02T19:37:50.701+0000] {processor.py:183} INFO - Processing /usr/local/python/3.10.13/lib/python3.10/site-packages/airflow/example_dags/example_params_ui_tutorial.py took 0.104 seconds
[2024-07-02T19:38:33.618+0000] {processor.py:161} INFO - Started process (PID=18783) to work on /usr/local/python/3.10.13/lib/python3.10/site-packages/airflow/example_dags/example_params_ui_tutorial.py
[2024-07-02T19:38:33.619+0000] {processor.py:830} INFO - Processing file /usr/local/python/3.10.13/lib/python3.10/site-packages/airflow/example_dags/example_params_ui_tutorial.py for tasks to queue
[2024-07-02T19:38:33.620+0000] {logging_mixin.py:188} INFO - [2024-07-02T19:38:33.620+0000] {dagbag.py:545} INFO - Filling up the DagBag from /usr/local/python/3.10.13/lib/python3.10/site-packages/airflow/example_dags/example_params_ui_tutorial.py
[2024-07-02T19:38:33.633+0000] {processor.py:840} INFO - DAG(s) 'example_params_ui_tutorial' retrieved from /usr/local/python/3.10.13/lib/python3.10/site-packages/airflow/example_dags/example_params_ui_tutorial.py
[2024-07-02T19:38:33.691+0000] {logging_mixin.py:188} INFO - [2024-07-02T19:38:33.691+0000] {dag.py:3096} INFO - Sync 1 DAGs
[2024-07-02T19:38:33.700+0000] {logging_mixin.py:188} INFO - [2024-07-02T19:38:33.700+0000] {dag.py:3954} INFO - Setting next_dagrun for example_params_ui_tutorial to None, run_after=None
[2024-07-02T19:38:33.745+0000] {processor.py:183} INFO - Processing /usr/local/python/3.10.13/lib/python3.10/site-packages/airflow/example_dags/example_params_ui_tutorial.py took 0.132 seconds
[2024-07-02T19:39:17.087+0000] {processor.py:161} INFO - Started process (PID=19094) to work on /usr/local/python/3.10.13/lib/python3.10/site-packages/airflow/example_dags/example_params_ui_tutorial.py
[2024-07-02T19:39:17.088+0000] {processor.py:830} INFO - Processing file /usr/local/python/3.10.13/lib/python3.10/site-packages/airflow/example_dags/example_params_ui_tutorial.py for tasks to queue
[2024-07-02T19:39:17.088+0000] {logging_mixin.py:188} INFO - [2024-07-02T19:39:17.088+0000] {dagbag.py:545} INFO - Filling up the DagBag from /usr/local/python/3.10.13/lib/python3.10/site-packages/airflow/example_dags/example_params_ui_tutorial.py
[2024-07-02T19:39:17.097+0000] {processor.py:840} INFO - DAG(s) 'example_params_ui_tutorial' retrieved from /usr/local/python/3.10.13/lib/python3.10/site-packages/airflow/example_dags/example_params_ui_tutorial.py
[2024-07-02T19:39:17.136+0000] {logging_mixin.py:188} INFO - [2024-07-02T19:39:17.136+0000] {dag.py:3096} INFO - Sync 1 DAGs
[2024-07-02T19:39:17.145+0000] {logging_mixin.py:188} INFO - [2024-07-02T19:39:17.145+0000] {dag.py:3954} INFO - Setting next_dagrun for example_params_ui_tutorial to None, run_after=None
[2024-07-02T19:39:17.185+0000] {processor.py:183} INFO - Processing /usr/local/python/3.10.13/lib/python3.10/site-packages/airflow/example_dags/example_params_ui_tutorial.py took 0.103 seconds
[2024-07-02T19:40:09.887+0000] {processor.py:161} INFO - Started process (PID=19490) to work on /usr/local/python/3.10.13/lib/python3.10/site-packages/airflow/example_dags/example_params_ui_tutorial.py
[2024-07-02T19:40:09.888+0000] {processor.py:830} INFO - Processing file /usr/local/python/3.10.13/lib/python3.10/site-packages/airflow/example_dags/example_params_ui_tutorial.py for tasks to queue
[2024-07-02T19:40:09.888+0000] {logging_mixin.py:188} INFO - [2024-07-02T19:40:09.888+0000] {dagbag.py:545} INFO - Filling up the DagBag from /usr/local/python/3.10.13/lib/python3.10/site-packages/airflow/example_dags/example_params_ui_tutorial.py
[2024-07-02T19:40:09.898+0000] {processor.py:840} INFO - DAG(s) 'example_params_ui_tutorial' retrieved from /usr/local/python/3.10.13/lib/python3.10/site-packages/airflow/example_dags/example_params_ui_tutorial.py
[2024-07-02T19:40:09.938+0000] {logging_mixin.py:188} INFO - [2024-07-02T19:40:09.938+0000] {dag.py:3096} INFO - Sync 1 DAGs
[2024-07-02T19:40:09.947+0000] {logging_mixin.py:188} INFO - [2024-07-02T19:40:09.947+0000] {dag.py:3954} INFO - Setting next_dagrun for example_params_ui_tutorial to None, run_after=None
[2024-07-02T19:40:09.987+0000] {processor.py:183} INFO - Processing /usr/local/python/3.10.13/lib/python3.10/site-packages/airflow/example_dags/example_params_ui_tutorial.py took 0.104 seconds
[2024-07-02T19:41:01.353+0000] {processor.py:161} INFO - Started process (PID=19889) to work on /usr/local/python/3.10.13/lib/python3.10/site-packages/airflow/example_dags/example_params_ui_tutorial.py
[2024-07-02T19:41:01.354+0000] {processor.py:830} INFO - Processing file /usr/local/python/3.10.13/lib/python3.10/site-packages/airflow/example_dags/example_params_ui_tutorial.py for tasks to queue
[2024-07-02T19:41:01.354+0000] {logging_mixin.py:188} INFO - [2024-07-02T19:41:01.354+0000] {dagbag.py:545} INFO - Filling up the DagBag from /usr/local/python/3.10.13/lib/python3.10/site-packages/airflow/example_dags/example_params_ui_tutorial.py
[2024-07-02T19:41:01.369+0000] {processor.py:840} INFO - DAG(s) 'example_params_ui_tutorial' retrieved from /usr/local/python/3.10.13/lib/python3.10/site-packages/airflow/example_dags/example_params_ui_tutorial.py
[2024-07-02T19:41:01.421+0000] {logging_mixin.py:188} INFO - [2024-07-02T19:41:01.421+0000] {dag.py:3096} INFO - Sync 1 DAGs
[2024-07-02T19:41:01.430+0000] {logging_mixin.py:188} INFO - [2024-07-02T19:41:01.429+0000] {dag.py:3954} INFO - Setting next_dagrun for example_params_ui_tutorial to None, run_after=None
[2024-07-02T19:41:01.470+0000] {processor.py:183} INFO - Processing /usr/local/python/3.10.13/lib/python3.10/site-packages/airflow/example_dags/example_params_ui_tutorial.py took 0.123 seconds
[2024-07-02T19:41:45.526+0000] {processor.py:161} INFO - Started process (PID=20230) to work on /usr/local/python/3.10.13/lib/python3.10/site-packages/airflow/example_dags/example_params_ui_tutorial.py
[2024-07-02T19:41:45.527+0000] {processor.py:830} INFO - Processing file /usr/local/python/3.10.13/lib/python3.10/site-packages/airflow/example_dags/example_params_ui_tutorial.py for tasks to queue
[2024-07-02T19:41:45.528+0000] {logging_mixin.py:188} INFO - [2024-07-02T19:41:45.527+0000] {dagbag.py:545} INFO - Filling up the DagBag from /usr/local/python/3.10.13/lib/python3.10/site-packages/airflow/example_dags/example_params_ui_tutorial.py
[2024-07-02T19:41:45.540+0000] {processor.py:840} INFO - DAG(s) 'example_params_ui_tutorial' retrieved from /usr/local/python/3.10.13/lib/python3.10/site-packages/airflow/example_dags/example_params_ui_tutorial.py
[2024-07-02T19:41:45.583+0000] {logging_mixin.py:188} INFO - [2024-07-02T19:41:45.583+0000] {dag.py:3096} INFO - Sync 1 DAGs
[2024-07-02T19:41:45.592+0000] {logging_mixin.py:188} INFO - [2024-07-02T19:41:45.591+0000] {dag.py:3954} INFO - Setting next_dagrun for example_params_ui_tutorial to None, run_after=None
[2024-07-02T19:41:45.639+0000] {processor.py:183} INFO - Processing /usr/local/python/3.10.13/lib/python3.10/site-packages/airflow/example_dags/example_params_ui_tutorial.py took 0.117 seconds
[2024-07-02T19:42:26.086+0000] {processor.py:161} INFO - Started process (PID=20545) to work on /usr/local/python/3.10.13/lib/python3.10/site-packages/airflow/example_dags/example_params_ui_tutorial.py
[2024-07-02T19:42:26.087+0000] {processor.py:830} INFO - Processing file /usr/local/python/3.10.13/lib/python3.10/site-packages/airflow/example_dags/example_params_ui_tutorial.py for tasks to queue
[2024-07-02T19:42:26.088+0000] {logging_mixin.py:188} INFO - [2024-07-02T19:42:26.087+0000] {dagbag.py:545} INFO - Filling up the DagBag from /usr/local/python/3.10.13/lib/python3.10/site-packages/airflow/example_dags/example_params_ui_tutorial.py
[2024-07-02T19:42:26.097+0000] {processor.py:840} INFO - DAG(s) 'example_params_ui_tutorial' retrieved from /usr/local/python/3.10.13/lib/python3.10/site-packages/airflow/example_dags/example_params_ui_tutorial.py
[2024-07-02T19:42:26.150+0000] {logging_mixin.py:188} INFO - [2024-07-02T19:42:26.150+0000] {dag.py:3096} INFO - Sync 1 DAGs
[2024-07-02T19:42:26.163+0000] {logging_mixin.py:188} INFO - [2024-07-02T19:42:26.163+0000] {dag.py:3954} INFO - Setting next_dagrun for example_params_ui_tutorial to None, run_after=None
[2024-07-02T19:42:26.205+0000] {processor.py:183} INFO - Processing /usr/local/python/3.10.13/lib/python3.10/site-packages/airflow/example_dags/example_params_ui_tutorial.py took 0.123 seconds
[2024-07-02T19:43:15.789+0000] {processor.py:161} INFO - Started process (PID=20979) to work on /usr/local/python/3.10.13/lib/python3.10/site-packages/airflow/example_dags/example_params_ui_tutorial.py
[2024-07-02T19:43:15.789+0000] {processor.py:830} INFO - Processing file /usr/local/python/3.10.13/lib/python3.10/site-packages/airflow/example_dags/example_params_ui_tutorial.py for tasks to queue
[2024-07-02T19:43:15.790+0000] {logging_mixin.py:188} INFO - [2024-07-02T19:43:15.790+0000] {dagbag.py:545} INFO - Filling up the DagBag from /usr/local/python/3.10.13/lib/python3.10/site-packages/airflow/example_dags/example_params_ui_tutorial.py
[2024-07-02T19:43:15.799+0000] {processor.py:840} INFO - DAG(s) 'example_params_ui_tutorial' retrieved from /usr/local/python/3.10.13/lib/python3.10/site-packages/airflow/example_dags/example_params_ui_tutorial.py
[2024-07-02T19:43:15.839+0000] {logging_mixin.py:188} INFO - [2024-07-02T19:43:15.839+0000] {dag.py:3096} INFO - Sync 1 DAGs
[2024-07-02T19:43:15.847+0000] {logging_mixin.py:188} INFO - [2024-07-02T19:43:15.847+0000] {dag.py:3954} INFO - Setting next_dagrun for example_params_ui_tutorial to None, run_after=None
[2024-07-02T19:43:15.887+0000] {processor.py:183} INFO - Processing /usr/local/python/3.10.13/lib/python3.10/site-packages/airflow/example_dags/example_params_ui_tutorial.py took 0.103 seconds
[2024-07-02T19:44:06.743+0000] {processor.py:161} INFO - Started process (PID=21367) to work on /usr/local/python/3.10.13/lib/python3.10/site-packages/airflow/example_dags/example_params_ui_tutorial.py
[2024-07-02T19:44:06.744+0000] {processor.py:830} INFO - Processing file /usr/local/python/3.10.13/lib/python3.10/site-packages/airflow/example_dags/example_params_ui_tutorial.py for tasks to queue
[2024-07-02T19:44:06.745+0000] {logging_mixin.py:188} INFO - [2024-07-02T19:44:06.744+0000] {dagbag.py:545} INFO - Filling up the DagBag from /usr/local/python/3.10.13/lib/python3.10/site-packages/airflow/example_dags/example_params_ui_tutorial.py
[2024-07-02T19:44:06.754+0000] {processor.py:840} INFO - DAG(s) 'example_params_ui_tutorial' retrieved from /usr/local/python/3.10.13/lib/python3.10/site-packages/airflow/example_dags/example_params_ui_tutorial.py
[2024-07-02T19:44:06.795+0000] {logging_mixin.py:188} INFO - [2024-07-02T19:44:06.795+0000] {dag.py:3096} INFO - Sync 1 DAGs
[2024-07-02T19:44:06.803+0000] {logging_mixin.py:188} INFO - [2024-07-02T19:44:06.803+0000] {dag.py:3954} INFO - Setting next_dagrun for example_params_ui_tutorial to None, run_after=None
[2024-07-02T19:44:06.843+0000] {processor.py:183} INFO - Processing /usr/local/python/3.10.13/lib/python3.10/site-packages/airflow/example_dags/example_params_ui_tutorial.py took 0.105 seconds
[2024-07-02T19:44:50.961+0000] {processor.py:161} INFO - Started process (PID=21697) to work on /usr/local/python/3.10.13/lib/python3.10/site-packages/airflow/example_dags/example_params_ui_tutorial.py
[2024-07-02T19:44:50.962+0000] {processor.py:830} INFO - Processing file /usr/local/python/3.10.13/lib/python3.10/site-packages/airflow/example_dags/example_params_ui_tutorial.py for tasks to queue
[2024-07-02T19:44:50.962+0000] {logging_mixin.py:188} INFO - [2024-07-02T19:44:50.962+0000] {dagbag.py:545} INFO - Filling up the DagBag from /usr/local/python/3.10.13/lib/python3.10/site-packages/airflow/example_dags/example_params_ui_tutorial.py
[2024-07-02T19:44:50.972+0000] {processor.py:840} INFO - DAG(s) 'example_params_ui_tutorial' retrieved from /usr/local/python/3.10.13/lib/python3.10/site-packages/airflow/example_dags/example_params_ui_tutorial.py
[2024-07-02T19:44:51.013+0000] {logging_mixin.py:188} INFO - [2024-07-02T19:44:51.013+0000] {dag.py:3096} INFO - Sync 1 DAGs
[2024-07-02T19:44:51.022+0000] {logging_mixin.py:188} INFO - [2024-07-02T19:44:51.021+0000] {dag.py:3954} INFO - Setting next_dagrun for example_params_ui_tutorial to None, run_after=None
[2024-07-02T19:44:51.062+0000] {processor.py:183} INFO - Processing /usr/local/python/3.10.13/lib/python3.10/site-packages/airflow/example_dags/example_params_ui_tutorial.py took 0.106 seconds
[2024-07-02T19:45:32.437+0000] {processor.py:161} INFO - Started process (PID=21991) to work on /usr/local/python/3.10.13/lib/python3.10/site-packages/airflow/example_dags/example_params_ui_tutorial.py
[2024-07-02T19:45:32.438+0000] {processor.py:830} INFO - Processing file /usr/local/python/3.10.13/lib/python3.10/site-packages/airflow/example_dags/example_params_ui_tutorial.py for tasks to queue
[2024-07-02T19:45:32.438+0000] {logging_mixin.py:188} INFO - [2024-07-02T19:45:32.438+0000] {dagbag.py:545} INFO - Filling up the DagBag from /usr/local/python/3.10.13/lib/python3.10/site-packages/airflow/example_dags/example_params_ui_tutorial.py
[2024-07-02T19:45:32.448+0000] {processor.py:840} INFO - DAG(s) 'example_params_ui_tutorial' retrieved from /usr/local/python/3.10.13/lib/python3.10/site-packages/airflow/example_dags/example_params_ui_tutorial.py
[2024-07-02T19:45:32.487+0000] {logging_mixin.py:188} INFO - [2024-07-02T19:45:32.487+0000] {dag.py:3096} INFO - Sync 1 DAGs
[2024-07-02T19:45:32.496+0000] {logging_mixin.py:188} INFO - [2024-07-02T19:45:32.496+0000] {dag.py:3954} INFO - Setting next_dagrun for example_params_ui_tutorial to None, run_after=None
[2024-07-02T19:45:32.537+0000] {processor.py:183} INFO - Processing /usr/local/python/3.10.13/lib/python3.10/site-packages/airflow/example_dags/example_params_ui_tutorial.py took 0.104 seconds
[2024-07-02T19:46:13.896+0000] {processor.py:161} INFO - Started process (PID=22285) to work on /usr/local/python/3.10.13/lib/python3.10/site-packages/airflow/example_dags/example_params_ui_tutorial.py
[2024-07-02T19:46:13.897+0000] {processor.py:830} INFO - Processing file /usr/local/python/3.10.13/lib/python3.10/site-packages/airflow/example_dags/example_params_ui_tutorial.py for tasks to queue
[2024-07-02T19:46:13.898+0000] {logging_mixin.py:188} INFO - [2024-07-02T19:46:13.897+0000] {dagbag.py:545} INFO - Filling up the DagBag from /usr/local/python/3.10.13/lib/python3.10/site-packages/airflow/example_dags/example_params_ui_tutorial.py
[2024-07-02T19:46:13.907+0000] {processor.py:840} INFO - DAG(s) 'example_params_ui_tutorial' retrieved from /usr/local/python/3.10.13/lib/python3.10/site-packages/airflow/example_dags/example_params_ui_tutorial.py
[2024-07-02T19:46:13.948+0000] {logging_mixin.py:188} INFO - [2024-07-02T19:46:13.948+0000] {dag.py:3096} INFO - Sync 1 DAGs
[2024-07-02T19:46:13.958+0000] {logging_mixin.py:188} INFO - [2024-07-02T19:46:13.957+0000] {dag.py:3954} INFO - Setting next_dagrun for example_params_ui_tutorial to None, run_after=None
[2024-07-02T19:46:13.998+0000] {processor.py:183} INFO - Processing /usr/local/python/3.10.13/lib/python3.10/site-packages/airflow/example_dags/example_params_ui_tutorial.py took 0.106 seconds
[2024-07-02T19:47:00.755+0000] {processor.py:161} INFO - Started process (PID=22618) to work on /usr/local/python/3.10.13/lib/python3.10/site-packages/airflow/example_dags/example_params_ui_tutorial.py
[2024-07-02T19:47:00.755+0000] {processor.py:830} INFO - Processing file /usr/local/python/3.10.13/lib/python3.10/site-packages/airflow/example_dags/example_params_ui_tutorial.py for tasks to queue
[2024-07-02T19:47:00.756+0000] {logging_mixin.py:188} INFO - [2024-07-02T19:47:00.756+0000] {dagbag.py:545} INFO - Filling up the DagBag from /usr/local/python/3.10.13/lib/python3.10/site-packages/airflow/example_dags/example_params_ui_tutorial.py
[2024-07-02T19:47:00.765+0000] {processor.py:840} INFO - DAG(s) 'example_params_ui_tutorial' retrieved from /usr/local/python/3.10.13/lib/python3.10/site-packages/airflow/example_dags/example_params_ui_tutorial.py
[2024-07-02T19:47:00.806+0000] {logging_mixin.py:188} INFO - [2024-07-02T19:47:00.806+0000] {dag.py:3096} INFO - Sync 1 DAGs
[2024-07-02T19:47:00.815+0000] {logging_mixin.py:188} INFO - [2024-07-02T19:47:00.815+0000] {dag.py:3954} INFO - Setting next_dagrun for example_params_ui_tutorial to None, run_after=None
[2024-07-02T19:47:00.855+0000] {processor.py:183} INFO - Processing /usr/local/python/3.10.13/lib/python3.10/site-packages/airflow/example_dags/example_params_ui_tutorial.py took 0.105 seconds
[2024-07-02T19:47:47.361+0000] {processor.py:161} INFO - Started process (PID=22921) to work on /usr/local/python/3.10.13/lib/python3.10/site-packages/airflow/example_dags/example_params_ui_tutorial.py
[2024-07-02T19:47:47.362+0000] {processor.py:830} INFO - Processing file /usr/local/python/3.10.13/lib/python3.10/site-packages/airflow/example_dags/example_params_ui_tutorial.py for tasks to queue
[2024-07-02T19:47:47.363+0000] {logging_mixin.py:188} INFO - [2024-07-02T19:47:47.362+0000] {dagbag.py:545} INFO - Filling up the DagBag from /usr/local/python/3.10.13/lib/python3.10/site-packages/airflow/example_dags/example_params_ui_tutorial.py
[2024-07-02T19:47:47.372+0000] {processor.py:840} INFO - DAG(s) 'example_params_ui_tutorial' retrieved from /usr/local/python/3.10.13/lib/python3.10/site-packages/airflow/example_dags/example_params_ui_tutorial.py
[2024-07-02T19:47:47.411+0000] {logging_mixin.py:188} INFO - [2024-07-02T19:47:47.411+0000] {dag.py:3096} INFO - Sync 1 DAGs
[2024-07-02T19:47:47.419+0000] {logging_mixin.py:188} INFO - [2024-07-02T19:47:47.419+0000] {dag.py:3954} INFO - Setting next_dagrun for example_params_ui_tutorial to None, run_after=None
[2024-07-02T19:47:47.459+0000] {processor.py:183} INFO - Processing /usr/local/python/3.10.13/lib/python3.10/site-packages/airflow/example_dags/example_params_ui_tutorial.py took 0.102 seconds
[2024-07-02T19:48:28.831+0000] {processor.py:161} INFO - Started process (PID=23235) to work on /usr/local/python/3.10.13/lib/python3.10/site-packages/airflow/example_dags/example_params_ui_tutorial.py
[2024-07-02T19:48:28.832+0000] {processor.py:830} INFO - Processing file /usr/local/python/3.10.13/lib/python3.10/site-packages/airflow/example_dags/example_params_ui_tutorial.py for tasks to queue
[2024-07-02T19:48:28.832+0000] {logging_mixin.py:188} INFO - [2024-07-02T19:48:28.832+0000] {dagbag.py:545} INFO - Filling up the DagBag from /usr/local/python/3.10.13/lib/python3.10/site-packages/airflow/example_dags/example_params_ui_tutorial.py
[2024-07-02T19:48:28.844+0000] {processor.py:840} INFO - DAG(s) 'example_params_ui_tutorial' retrieved from /usr/local/python/3.10.13/lib/python3.10/site-packages/airflow/example_dags/example_params_ui_tutorial.py
[2024-07-02T19:48:28.883+0000] {logging_mixin.py:188} INFO - [2024-07-02T19:48:28.883+0000] {dag.py:3096} INFO - Sync 1 DAGs
[2024-07-02T19:48:28.891+0000] {logging_mixin.py:188} INFO - [2024-07-02T19:48:28.891+0000] {dag.py:3954} INFO - Setting next_dagrun for example_params_ui_tutorial to None, run_after=None
[2024-07-02T19:48:28.932+0000] {processor.py:183} INFO - Processing /usr/local/python/3.10.13/lib/python3.10/site-packages/airflow/example_dags/example_params_ui_tutorial.py took 0.111 seconds
[2024-07-02T19:49:11.015+0000] {processor.py:161} INFO - Started process (PID=23553) to work on /usr/local/python/3.10.13/lib/python3.10/site-packages/airflow/example_dags/example_params_ui_tutorial.py
[2024-07-02T19:49:11.016+0000] {processor.py:830} INFO - Processing file /usr/local/python/3.10.13/lib/python3.10/site-packages/airflow/example_dags/example_params_ui_tutorial.py for tasks to queue
[2024-07-02T19:49:11.016+0000] {logging_mixin.py:188} INFO - [2024-07-02T19:49:11.016+0000] {dagbag.py:545} INFO - Filling up the DagBag from /usr/local/python/3.10.13/lib/python3.10/site-packages/airflow/example_dags/example_params_ui_tutorial.py
[2024-07-02T19:49:11.027+0000] {processor.py:840} INFO - DAG(s) 'example_params_ui_tutorial' retrieved from /usr/local/python/3.10.13/lib/python3.10/site-packages/airflow/example_dags/example_params_ui_tutorial.py
[2024-07-02T19:49:11.084+0000] {logging_mixin.py:188} INFO - [2024-07-02T19:49:11.084+0000] {dag.py:3096} INFO - Sync 1 DAGs
[2024-07-02T19:49:11.093+0000] {logging_mixin.py:188} INFO - [2024-07-02T19:49:11.093+0000] {dag.py:3954} INFO - Setting next_dagrun for example_params_ui_tutorial to None, run_after=None
[2024-07-02T19:49:11.133+0000] {processor.py:183} INFO - Processing /usr/local/python/3.10.13/lib/python3.10/site-packages/airflow/example_dags/example_params_ui_tutorial.py took 0.123 seconds
[2024-07-02T19:49:56.323+0000] {processor.py:161} INFO - Started process (PID=23895) to work on /usr/local/python/3.10.13/lib/python3.10/site-packages/airflow/example_dags/example_params_ui_tutorial.py
[2024-07-02T19:49:56.324+0000] {processor.py:830} INFO - Processing file /usr/local/python/3.10.13/lib/python3.10/site-packages/airflow/example_dags/example_params_ui_tutorial.py for tasks to queue
[2024-07-02T19:49:56.325+0000] {logging_mixin.py:188} INFO - [2024-07-02T19:49:56.325+0000] {dagbag.py:545} INFO - Filling up the DagBag from /usr/local/python/3.10.13/lib/python3.10/site-packages/airflow/example_dags/example_params_ui_tutorial.py
[2024-07-02T19:49:56.334+0000] {processor.py:840} INFO - DAG(s) 'example_params_ui_tutorial' retrieved from /usr/local/python/3.10.13/lib/python3.10/site-packages/airflow/example_dags/example_params_ui_tutorial.py
[2024-07-02T19:49:56.374+0000] {logging_mixin.py:188} INFO - [2024-07-02T19:49:56.374+0000] {dag.py:3096} INFO - Sync 1 DAGs
[2024-07-02T19:49:56.384+0000] {logging_mixin.py:188} INFO - [2024-07-02T19:49:56.383+0000] {dag.py:3954} INFO - Setting next_dagrun for example_params_ui_tutorial to None, run_after=None
[2024-07-02T19:49:56.423+0000] {processor.py:183} INFO - Processing /usr/local/python/3.10.13/lib/python3.10/site-packages/airflow/example_dags/example_params_ui_tutorial.py took 0.104 seconds
[2024-07-02T19:50:40.707+0000] {processor.py:161} INFO - Started process (PID=24227) to work on /usr/local/python/3.10.13/lib/python3.10/site-packages/airflow/example_dags/example_params_ui_tutorial.py
[2024-07-02T19:50:40.707+0000] {processor.py:830} INFO - Processing file /usr/local/python/3.10.13/lib/python3.10/site-packages/airflow/example_dags/example_params_ui_tutorial.py for tasks to queue
[2024-07-02T19:50:40.709+0000] {logging_mixin.py:188} INFO - [2024-07-02T19:50:40.708+0000] {dagbag.py:545} INFO - Filling up the DagBag from /usr/local/python/3.10.13/lib/python3.10/site-packages/airflow/example_dags/example_params_ui_tutorial.py
[2024-07-02T19:50:40.725+0000] {processor.py:840} INFO - DAG(s) 'example_params_ui_tutorial' retrieved from /usr/local/python/3.10.13/lib/python3.10/site-packages/airflow/example_dags/example_params_ui_tutorial.py
[2024-07-02T19:50:40.802+0000] {logging_mixin.py:188} INFO - [2024-07-02T19:50:40.801+0000] {dag.py:3096} INFO - Sync 1 DAGs
[2024-07-02T19:50:40.810+0000] {logging_mixin.py:188} INFO - [2024-07-02T19:50:40.810+0000] {dag.py:3954} INFO - Setting next_dagrun for example_params_ui_tutorial to None, run_after=None
[2024-07-02T19:50:40.858+0000] {processor.py:183} INFO - Processing /usr/local/python/3.10.13/lib/python3.10/site-packages/airflow/example_dags/example_params_ui_tutorial.py took 0.160 seconds
[2024-07-02T19:51:25.566+0000] {processor.py:161} INFO - Started process (PID=24578) to work on /usr/local/python/3.10.13/lib/python3.10/site-packages/airflow/example_dags/example_params_ui_tutorial.py
[2024-07-02T19:51:25.567+0000] {processor.py:830} INFO - Processing file /usr/local/python/3.10.13/lib/python3.10/site-packages/airflow/example_dags/example_params_ui_tutorial.py for tasks to queue
[2024-07-02T19:51:25.568+0000] {logging_mixin.py:188} INFO - [2024-07-02T19:51:25.568+0000] {dagbag.py:545} INFO - Filling up the DagBag from /usr/local/python/3.10.13/lib/python3.10/site-packages/airflow/example_dags/example_params_ui_tutorial.py
[2024-07-02T19:51:25.577+0000] {processor.py:840} INFO - DAG(s) 'example_params_ui_tutorial' retrieved from /usr/local/python/3.10.13/lib/python3.10/site-packages/airflow/example_dags/example_params_ui_tutorial.py
[2024-07-02T19:51:25.616+0000] {logging_mixin.py:188} INFO - [2024-07-02T19:51:25.616+0000] {dag.py:3096} INFO - Sync 1 DAGs
[2024-07-02T19:51:25.625+0000] {logging_mixin.py:188} INFO - [2024-07-02T19:51:25.624+0000] {dag.py:3954} INFO - Setting next_dagrun for example_params_ui_tutorial to None, run_after=None
[2024-07-02T19:51:25.668+0000] {processor.py:183} INFO - Processing /usr/local/python/3.10.13/lib/python3.10/site-packages/airflow/example_dags/example_params_ui_tutorial.py took 0.107 seconds
[2024-07-02T19:52:10.495+0000] {processor.py:161} INFO - Started process (PID=24910) to work on /usr/local/python/3.10.13/lib/python3.10/site-packages/airflow/example_dags/example_params_ui_tutorial.py
[2024-07-02T19:52:10.496+0000] {processor.py:830} INFO - Processing file /usr/local/python/3.10.13/lib/python3.10/site-packages/airflow/example_dags/example_params_ui_tutorial.py for tasks to queue
[2024-07-02T19:52:10.497+0000] {logging_mixin.py:188} INFO - [2024-07-02T19:52:10.496+0000] {dagbag.py:545} INFO - Filling up the DagBag from /usr/local/python/3.10.13/lib/python3.10/site-packages/airflow/example_dags/example_params_ui_tutorial.py
[2024-07-02T19:52:10.506+0000] {processor.py:840} INFO - DAG(s) 'example_params_ui_tutorial' retrieved from /usr/local/python/3.10.13/lib/python3.10/site-packages/airflow/example_dags/example_params_ui_tutorial.py
[2024-07-02T19:52:10.545+0000] {logging_mixin.py:188} INFO - [2024-07-02T19:52:10.545+0000] {dag.py:3096} INFO - Sync 1 DAGs
[2024-07-02T19:52:10.553+0000] {logging_mixin.py:188} INFO - [2024-07-02T19:52:10.553+0000] {dag.py:3954} INFO - Setting next_dagrun for example_params_ui_tutorial to None, run_after=None
[2024-07-02T19:52:10.592+0000] {processor.py:183} INFO - Processing /usr/local/python/3.10.13/lib/python3.10/site-packages/airflow/example_dags/example_params_ui_tutorial.py took 0.102 seconds
[2024-07-02T19:52:54.924+0000] {processor.py:161} INFO - Started process (PID=25252) to work on /usr/local/python/3.10.13/lib/python3.10/site-packages/airflow/example_dags/example_params_ui_tutorial.py
[2024-07-02T19:52:54.924+0000] {processor.py:830} INFO - Processing file /usr/local/python/3.10.13/lib/python3.10/site-packages/airflow/example_dags/example_params_ui_tutorial.py for tasks to queue
[2024-07-02T19:52:54.925+0000] {logging_mixin.py:188} INFO - [2024-07-02T19:52:54.925+0000] {dagbag.py:545} INFO - Filling up the DagBag from /usr/local/python/3.10.13/lib/python3.10/site-packages/airflow/example_dags/example_params_ui_tutorial.py
[2024-07-02T19:52:54.934+0000] {processor.py:840} INFO - DAG(s) 'example_params_ui_tutorial' retrieved from /usr/local/python/3.10.13/lib/python3.10/site-packages/airflow/example_dags/example_params_ui_tutorial.py
[2024-07-02T19:52:54.976+0000] {logging_mixin.py:188} INFO - [2024-07-02T19:52:54.976+0000] {dag.py:3096} INFO - Sync 1 DAGs
[2024-07-02T19:52:54.984+0000] {logging_mixin.py:188} INFO - [2024-07-02T19:52:54.984+0000] {dag.py:3954} INFO - Setting next_dagrun for example_params_ui_tutorial to None, run_after=None
[2024-07-02T19:52:55.025+0000] {processor.py:183} INFO - Processing /usr/local/python/3.10.13/lib/python3.10/site-packages/airflow/example_dags/example_params_ui_tutorial.py took 0.106 seconds
[2024-07-02T19:53:39.615+0000] {processor.py:161} INFO - Started process (PID=25586) to work on /usr/local/python/3.10.13/lib/python3.10/site-packages/airflow/example_dags/example_params_ui_tutorial.py
[2024-07-02T19:53:39.615+0000] {processor.py:830} INFO - Processing file /usr/local/python/3.10.13/lib/python3.10/site-packages/airflow/example_dags/example_params_ui_tutorial.py for tasks to queue
[2024-07-02T19:53:39.616+0000] {logging_mixin.py:188} INFO - [2024-07-02T19:53:39.616+0000] {dagbag.py:545} INFO - Filling up the DagBag from /usr/local/python/3.10.13/lib/python3.10/site-packages/airflow/example_dags/example_params_ui_tutorial.py
[2024-07-02T19:53:39.625+0000] {processor.py:840} INFO - DAG(s) 'example_params_ui_tutorial' retrieved from /usr/local/python/3.10.13/lib/python3.10/site-packages/airflow/example_dags/example_params_ui_tutorial.py
[2024-07-02T19:53:39.664+0000] {logging_mixin.py:188} INFO - [2024-07-02T19:53:39.664+0000] {dag.py:3096} INFO - Sync 1 DAGs
[2024-07-02T19:53:39.673+0000] {logging_mixin.py:188} INFO - [2024-07-02T19:53:39.673+0000] {dag.py:3954} INFO - Setting next_dagrun for example_params_ui_tutorial to None, run_after=None
[2024-07-02T19:53:39.712+0000] {processor.py:183} INFO - Processing /usr/local/python/3.10.13/lib/python3.10/site-packages/airflow/example_dags/example_params_ui_tutorial.py took 0.102 seconds
[2024-07-02T19:54:23.901+0000] {processor.py:161} INFO - Started process (PID=25913) to work on /usr/local/python/3.10.13/lib/python3.10/site-packages/airflow/example_dags/example_params_ui_tutorial.py
[2024-07-02T19:54:23.901+0000] {processor.py:830} INFO - Processing file /usr/local/python/3.10.13/lib/python3.10/site-packages/airflow/example_dags/example_params_ui_tutorial.py for tasks to queue
[2024-07-02T19:54:23.902+0000] {logging_mixin.py:188} INFO - [2024-07-02T19:54:23.902+0000] {dagbag.py:545} INFO - Filling up the DagBag from /usr/local/python/3.10.13/lib/python3.10/site-packages/airflow/example_dags/example_params_ui_tutorial.py
[2024-07-02T19:54:23.911+0000] {processor.py:840} INFO - DAG(s) 'example_params_ui_tutorial' retrieved from /usr/local/python/3.10.13/lib/python3.10/site-packages/airflow/example_dags/example_params_ui_tutorial.py
[2024-07-02T19:54:23.950+0000] {logging_mixin.py:188} INFO - [2024-07-02T19:54:23.950+0000] {dag.py:3096} INFO - Sync 1 DAGs
[2024-07-02T19:54:23.959+0000] {logging_mixin.py:188} INFO - [2024-07-02T19:54:23.959+0000] {dag.py:3954} INFO - Setting next_dagrun for example_params_ui_tutorial to None, run_after=None
[2024-07-02T19:54:23.999+0000] {processor.py:183} INFO - Processing /usr/local/python/3.10.13/lib/python3.10/site-packages/airflow/example_dags/example_params_ui_tutorial.py took 0.103 seconds
[2024-07-02T19:55:06.457+0000] {processor.py:161} INFO - Started process (PID=26257) to work on /usr/local/python/3.10.13/lib/python3.10/site-packages/airflow/example_dags/example_params_ui_tutorial.py
[2024-07-02T19:55:06.457+0000] {processor.py:830} INFO - Processing file /usr/local/python/3.10.13/lib/python3.10/site-packages/airflow/example_dags/example_params_ui_tutorial.py for tasks to queue
[2024-07-02T19:55:06.458+0000] {logging_mixin.py:188} INFO - [2024-07-02T19:55:06.458+0000] {dagbag.py:545} INFO - Filling up the DagBag from /usr/local/python/3.10.13/lib/python3.10/site-packages/airflow/example_dags/example_params_ui_tutorial.py
[2024-07-02T19:55:06.467+0000] {processor.py:840} INFO - DAG(s) 'example_params_ui_tutorial' retrieved from /usr/local/python/3.10.13/lib/python3.10/site-packages/airflow/example_dags/example_params_ui_tutorial.py
[2024-07-02T19:55:06.506+0000] {logging_mixin.py:188} INFO - [2024-07-02T19:55:06.506+0000] {dag.py:3096} INFO - Sync 1 DAGs
[2024-07-02T19:55:06.514+0000] {logging_mixin.py:188} INFO - [2024-07-02T19:55:06.514+0000] {dag.py:3954} INFO - Setting next_dagrun for example_params_ui_tutorial to None, run_after=None
[2024-07-02T19:55:06.554+0000] {processor.py:183} INFO - Processing /usr/local/python/3.10.13/lib/python3.10/site-packages/airflow/example_dags/example_params_ui_tutorial.py took 0.102 seconds
[2024-07-02T19:55:50.998+0000] {processor.py:161} INFO - Started process (PID=26589) to work on /usr/local/python/3.10.13/lib/python3.10/site-packages/airflow/example_dags/example_params_ui_tutorial.py
[2024-07-02T19:55:50.999+0000] {processor.py:830} INFO - Processing file /usr/local/python/3.10.13/lib/python3.10/site-packages/airflow/example_dags/example_params_ui_tutorial.py for tasks to queue
[2024-07-02T19:55:51.000+0000] {logging_mixin.py:188} INFO - [2024-07-02T19:55:50.999+0000] {dagbag.py:545} INFO - Filling up the DagBag from /usr/local/python/3.10.13/lib/python3.10/site-packages/airflow/example_dags/example_params_ui_tutorial.py
[2024-07-02T19:55:51.009+0000] {processor.py:840} INFO - DAG(s) 'example_params_ui_tutorial' retrieved from /usr/local/python/3.10.13/lib/python3.10/site-packages/airflow/example_dags/example_params_ui_tutorial.py
[2024-07-02T19:55:51.048+0000] {logging_mixin.py:188} INFO - [2024-07-02T19:55:51.048+0000] {dag.py:3096} INFO - Sync 1 DAGs
[2024-07-02T19:55:51.057+0000] {logging_mixin.py:188} INFO - [2024-07-02T19:55:51.057+0000] {dag.py:3954} INFO - Setting next_dagrun for example_params_ui_tutorial to None, run_after=None
[2024-07-02T19:55:51.096+0000] {processor.py:183} INFO - Processing /usr/local/python/3.10.13/lib/python3.10/site-packages/airflow/example_dags/example_params_ui_tutorial.py took 0.102 seconds
[2024-07-02T19:56:35.955+0000] {processor.py:161} INFO - Started process (PID=27045) to work on /usr/local/python/3.10.13/lib/python3.10/site-packages/airflow/example_dags/example_params_ui_tutorial.py
[2024-07-02T19:56:35.955+0000] {processor.py:830} INFO - Processing file /usr/local/python/3.10.13/lib/python3.10/site-packages/airflow/example_dags/example_params_ui_tutorial.py for tasks to queue
[2024-07-02T19:56:35.956+0000] {logging_mixin.py:188} INFO - [2024-07-02T19:56:35.956+0000] {dagbag.py:545} INFO - Filling up the DagBag from /usr/local/python/3.10.13/lib/python3.10/site-packages/airflow/example_dags/example_params_ui_tutorial.py
[2024-07-02T19:56:35.965+0000] {processor.py:840} INFO - DAG(s) 'example_params_ui_tutorial' retrieved from /usr/local/python/3.10.13/lib/python3.10/site-packages/airflow/example_dags/example_params_ui_tutorial.py
[2024-07-02T19:56:36.005+0000] {logging_mixin.py:188} INFO - [2024-07-02T19:56:36.005+0000] {dag.py:3096} INFO - Sync 1 DAGs
[2024-07-02T19:56:36.014+0000] {logging_mixin.py:188} INFO - [2024-07-02T19:56:36.013+0000] {dag.py:3954} INFO - Setting next_dagrun for example_params_ui_tutorial to None, run_after=None
[2024-07-02T19:56:36.053+0000] {processor.py:183} INFO - Processing /usr/local/python/3.10.13/lib/python3.10/site-packages/airflow/example_dags/example_params_ui_tutorial.py took 0.102 seconds
[2024-07-02T19:57:30.171+0000] {processor.py:161} INFO - Started process (PID=27472) to work on /usr/local/python/3.10.13/lib/python3.10/site-packages/airflow/example_dags/example_params_ui_tutorial.py
[2024-07-02T19:57:30.172+0000] {processor.py:830} INFO - Processing file /usr/local/python/3.10.13/lib/python3.10/site-packages/airflow/example_dags/example_params_ui_tutorial.py for tasks to queue
[2024-07-02T19:57:30.173+0000] {logging_mixin.py:188} INFO - [2024-07-02T19:57:30.172+0000] {dagbag.py:545} INFO - Filling up the DagBag from /usr/local/python/3.10.13/lib/python3.10/site-packages/airflow/example_dags/example_params_ui_tutorial.py
[2024-07-02T19:57:30.182+0000] {processor.py:840} INFO - DAG(s) 'example_params_ui_tutorial' retrieved from /usr/local/python/3.10.13/lib/python3.10/site-packages/airflow/example_dags/example_params_ui_tutorial.py
[2024-07-02T19:57:30.244+0000] {logging_mixin.py:188} INFO - [2024-07-02T19:57:30.244+0000] {dag.py:3096} INFO - Sync 1 DAGs
[2024-07-02T19:57:30.253+0000] {logging_mixin.py:188} INFO - [2024-07-02T19:57:30.253+0000] {dag.py:3954} INFO - Setting next_dagrun for example_params_ui_tutorial to None, run_after=None
[2024-07-02T19:57:30.295+0000] {processor.py:183} INFO - Processing /usr/local/python/3.10.13/lib/python3.10/site-packages/airflow/example_dags/example_params_ui_tutorial.py took 0.128 seconds
