[2024-07-02T19:09:32.750+0000] {processor.py:161} INFO - Started process (PID=4958) to work on /usr/local/python/3.10.13/lib/python3.10/site-packages/airflow/example_dags/example_task_group.py
[2024-07-02T19:09:32.751+0000] {processor.py:830} INFO - Processing file /usr/local/python/3.10.13/lib/python3.10/site-packages/airflow/example_dags/example_task_group.py for tasks to queue
[2024-07-02T19:09:32.753+0000] {logging_mixin.py:188} INFO - [2024-07-02T19:09:32.753+0000] {dagbag.py:545} INFO - Filling up the DagBag from /usr/local/python/3.10.13/lib/python3.10/site-packages/airflow/example_dags/example_task_group.py
[2024-07-02T19:09:32.763+0000] {processor.py:840} INFO - DAG(s) 'example_task_group' retrieved from /usr/local/python/3.10.13/lib/python3.10/site-packages/airflow/example_dags/example_task_group.py
[2024-07-02T19:09:33.100+0000] {logging_mixin.py:188} INFO - [2024-07-02T19:09:33.099+0000] {override.py:1829} INFO - Created Permission View: can read on DAG:example_task_group
[2024-07-02T19:09:33.131+0000] {logging_mixin.py:188} INFO - [2024-07-02T19:09:33.131+0000] {override.py:1829} INFO - Created Permission View: can delete on DAG:example_task_group
[2024-07-02T19:09:33.162+0000] {logging_mixin.py:188} INFO - [2024-07-02T19:09:33.162+0000] {override.py:1829} INFO - Created Permission View: can edit on DAG:example_task_group
[2024-07-02T19:09:33.163+0000] {logging_mixin.py:188} INFO - [2024-07-02T19:09:33.163+0000] {dag.py:3096} INFO - Sync 1 DAGs
[2024-07-02T19:09:33.170+0000] {logging_mixin.py:188} INFO - [2024-07-02T19:09:33.170+0000] {dag.py:3118} INFO - Creating ORM DAG for example_task_group
[2024-07-02T19:09:33.177+0000] {logging_mixin.py:188} INFO - [2024-07-02T19:09:33.177+0000] {dag.py:3954} INFO - Setting next_dagrun for example_task_group to 2024-07-01 00:00:00+00:00, run_after=2024-07-02 00:00:00+00:00
[2024-07-02T19:09:33.222+0000] {processor.py:183} INFO - Processing /usr/local/python/3.10.13/lib/python3.10/site-packages/airflow/example_dags/example_task_group.py took 0.478 seconds
[2024-07-02T19:10:25.052+0000] {processor.py:161} INFO - Started process (PID=5611) to work on /usr/local/python/3.10.13/lib/python3.10/site-packages/airflow/example_dags/example_task_group.py
[2024-07-02T19:10:25.052+0000] {processor.py:830} INFO - Processing file /usr/local/python/3.10.13/lib/python3.10/site-packages/airflow/example_dags/example_task_group.py for tasks to queue
[2024-07-02T19:10:25.054+0000] {logging_mixin.py:188} INFO - [2024-07-02T19:10:25.053+0000] {dagbag.py:545} INFO - Filling up the DagBag from /usr/local/python/3.10.13/lib/python3.10/site-packages/airflow/example_dags/example_task_group.py
[2024-07-02T19:10:25.060+0000] {processor.py:840} INFO - DAG(s) 'example_task_group' retrieved from /usr/local/python/3.10.13/lib/python3.10/site-packages/airflow/example_dags/example_task_group.py
[2024-07-02T19:10:25.074+0000] {logging_mixin.py:188} INFO - [2024-07-02T19:10:25.074+0000] {dag.py:3096} INFO - Sync 1 DAGs
[2024-07-02T19:10:25.088+0000] {logging_mixin.py:188} INFO - [2024-07-02T19:10:25.087+0000] {dag.py:3954} INFO - Setting next_dagrun for example_task_group to 2024-07-01 00:00:00+00:00, run_after=2024-07-02 00:00:00+00:00
[2024-07-02T19:10:25.289+0000] {processor.py:183} INFO - Processing /usr/local/python/3.10.13/lib/python3.10/site-packages/airflow/example_dags/example_task_group.py took 0.241 seconds
[2024-07-02T19:11:27.834+0000] {processor.py:161} INFO - Started process (PID=6070) to work on /usr/local/python/3.10.13/lib/python3.10/site-packages/airflow/example_dags/example_task_group.py
[2024-07-02T19:11:27.835+0000] {processor.py:830} INFO - Processing file /usr/local/python/3.10.13/lib/python3.10/site-packages/airflow/example_dags/example_task_group.py for tasks to queue
[2024-07-02T19:11:27.836+0000] {logging_mixin.py:188} INFO - [2024-07-02T19:11:27.836+0000] {dagbag.py:545} INFO - Filling up the DagBag from /usr/local/python/3.10.13/lib/python3.10/site-packages/airflow/example_dags/example_task_group.py
[2024-07-02T19:11:27.842+0000] {processor.py:840} INFO - DAG(s) 'example_task_group' retrieved from /usr/local/python/3.10.13/lib/python3.10/site-packages/airflow/example_dags/example_task_group.py
[2024-07-02T19:11:27.854+0000] {logging_mixin.py:188} INFO - [2024-07-02T19:11:27.854+0000] {dag.py:3096} INFO - Sync 1 DAGs
[2024-07-02T19:11:27.868+0000] {logging_mixin.py:188} INFO - [2024-07-02T19:11:27.868+0000] {dag.py:3954} INFO - Setting next_dagrun for example_task_group to 2024-07-01 00:00:00+00:00, run_after=2024-07-02 00:00:00+00:00
[2024-07-02T19:11:27.910+0000] {processor.py:183} INFO - Processing /usr/local/python/3.10.13/lib/python3.10/site-packages/airflow/example_dags/example_task_group.py took 0.080 seconds
[2024-07-02T19:12:17.772+0000] {processor.py:161} INFO - Started process (PID=6457) to work on /usr/local/python/3.10.13/lib/python3.10/site-packages/airflow/example_dags/example_task_group.py
[2024-07-02T19:12:17.773+0000] {processor.py:830} INFO - Processing file /usr/local/python/3.10.13/lib/python3.10/site-packages/airflow/example_dags/example_task_group.py for tasks to queue
[2024-07-02T19:12:17.774+0000] {logging_mixin.py:188} INFO - [2024-07-02T19:12:17.774+0000] {dagbag.py:545} INFO - Filling up the DagBag from /usr/local/python/3.10.13/lib/python3.10/site-packages/airflow/example_dags/example_task_group.py
[2024-07-02T19:12:17.779+0000] {processor.py:840} INFO - DAG(s) 'example_task_group' retrieved from /usr/local/python/3.10.13/lib/python3.10/site-packages/airflow/example_dags/example_task_group.py
[2024-07-02T19:12:17.794+0000] {logging_mixin.py:188} INFO - [2024-07-02T19:12:17.793+0000] {dag.py:3096} INFO - Sync 1 DAGs
[2024-07-02T19:12:17.810+0000] {logging_mixin.py:188} INFO - [2024-07-02T19:12:17.809+0000] {dag.py:3954} INFO - Setting next_dagrun for example_task_group to 2024-07-01 00:00:00+00:00, run_after=2024-07-02 00:00:00+00:00
[2024-07-02T19:12:17.860+0000] {processor.py:183} INFO - Processing /usr/local/python/3.10.13/lib/python3.10/site-packages/airflow/example_dags/example_task_group.py took 0.093 seconds
[2024-07-02T19:13:08.570+0000] {processor.py:161} INFO - Started process (PID=6839) to work on /usr/local/python/3.10.13/lib/python3.10/site-packages/airflow/example_dags/example_task_group.py
[2024-07-02T19:13:08.571+0000] {processor.py:830} INFO - Processing file /usr/local/python/3.10.13/lib/python3.10/site-packages/airflow/example_dags/example_task_group.py for tasks to queue
[2024-07-02T19:13:08.572+0000] {logging_mixin.py:188} INFO - [2024-07-02T19:13:08.571+0000] {dagbag.py:545} INFO - Filling up the DagBag from /usr/local/python/3.10.13/lib/python3.10/site-packages/airflow/example_dags/example_task_group.py
[2024-07-02T19:13:08.577+0000] {processor.py:840} INFO - DAG(s) 'example_task_group' retrieved from /usr/local/python/3.10.13/lib/python3.10/site-packages/airflow/example_dags/example_task_group.py
[2024-07-02T19:13:08.590+0000] {logging_mixin.py:188} INFO - [2024-07-02T19:13:08.589+0000] {dag.py:3096} INFO - Sync 1 DAGs
[2024-07-02T19:13:08.604+0000] {logging_mixin.py:188} INFO - [2024-07-02T19:13:08.604+0000] {dag.py:3954} INFO - Setting next_dagrun for example_task_group to 2024-07-01 00:00:00+00:00, run_after=2024-07-02 00:00:00+00:00
[2024-07-02T19:13:08.646+0000] {processor.py:183} INFO - Processing /usr/local/python/3.10.13/lib/python3.10/site-packages/airflow/example_dags/example_task_group.py took 0.080 seconds
[2024-07-02T19:13:49.820+0000] {processor.py:161} INFO - Started process (PID=7155) to work on /usr/local/python/3.10.13/lib/python3.10/site-packages/airflow/example_dags/example_task_group.py
[2024-07-02T19:13:49.821+0000] {processor.py:830} INFO - Processing file /usr/local/python/3.10.13/lib/python3.10/site-packages/airflow/example_dags/example_task_group.py for tasks to queue
[2024-07-02T19:13:49.822+0000] {logging_mixin.py:188} INFO - [2024-07-02T19:13:49.822+0000] {dagbag.py:545} INFO - Filling up the DagBag from /usr/local/python/3.10.13/lib/python3.10/site-packages/airflow/example_dags/example_task_group.py
[2024-07-02T19:13:49.828+0000] {processor.py:840} INFO - DAG(s) 'example_task_group' retrieved from /usr/local/python/3.10.13/lib/python3.10/site-packages/airflow/example_dags/example_task_group.py
[2024-07-02T19:13:49.840+0000] {logging_mixin.py:188} INFO - [2024-07-02T19:13:49.840+0000] {dag.py:3096} INFO - Sync 1 DAGs
[2024-07-02T19:13:49.855+0000] {logging_mixin.py:188} INFO - [2024-07-02T19:13:49.855+0000] {dag.py:3954} INFO - Setting next_dagrun for example_task_group to 2024-07-01 00:00:00+00:00, run_after=2024-07-02 00:00:00+00:00
[2024-07-02T19:13:49.900+0000] {processor.py:183} INFO - Processing /usr/local/python/3.10.13/lib/python3.10/site-packages/airflow/example_dags/example_task_group.py took 0.085 seconds
[2024-07-02T19:14:30.004+0000] {processor.py:161} INFO - Started process (PID=7460) to work on /usr/local/python/3.10.13/lib/python3.10/site-packages/airflow/example_dags/example_task_group.py
[2024-07-02T19:14:30.005+0000] {processor.py:830} INFO - Processing file /usr/local/python/3.10.13/lib/python3.10/site-packages/airflow/example_dags/example_task_group.py for tasks to queue
[2024-07-02T19:14:30.006+0000] {logging_mixin.py:188} INFO - [2024-07-02T19:14:30.006+0000] {dagbag.py:545} INFO - Filling up the DagBag from /usr/local/python/3.10.13/lib/python3.10/site-packages/airflow/example_dags/example_task_group.py
[2024-07-02T19:14:30.011+0000] {processor.py:840} INFO - DAG(s) 'example_task_group' retrieved from /usr/local/python/3.10.13/lib/python3.10/site-packages/airflow/example_dags/example_task_group.py
[2024-07-02T19:14:30.024+0000] {logging_mixin.py:188} INFO - [2024-07-02T19:14:30.024+0000] {dag.py:3096} INFO - Sync 1 DAGs
[2024-07-02T19:14:30.038+0000] {logging_mixin.py:188} INFO - [2024-07-02T19:14:30.038+0000] {dag.py:3954} INFO - Setting next_dagrun for example_task_group to 2024-07-01 00:00:00+00:00, run_after=2024-07-02 00:00:00+00:00
[2024-07-02T19:14:30.081+0000] {processor.py:183} INFO - Processing /usr/local/python/3.10.13/lib/python3.10/site-packages/airflow/example_dags/example_task_group.py took 0.081 seconds
[2024-07-02T19:15:13.078+0000] {processor.py:161} INFO - Started process (PID=7778) to work on /usr/local/python/3.10.13/lib/python3.10/site-packages/airflow/example_dags/example_task_group.py
[2024-07-02T19:15:13.079+0000] {processor.py:830} INFO - Processing file /usr/local/python/3.10.13/lib/python3.10/site-packages/airflow/example_dags/example_task_group.py for tasks to queue
[2024-07-02T19:15:13.080+0000] {logging_mixin.py:188} INFO - [2024-07-02T19:15:13.080+0000] {dagbag.py:545} INFO - Filling up the DagBag from /usr/local/python/3.10.13/lib/python3.10/site-packages/airflow/example_dags/example_task_group.py
[2024-07-02T19:15:13.086+0000] {processor.py:840} INFO - DAG(s) 'example_task_group' retrieved from /usr/local/python/3.10.13/lib/python3.10/site-packages/airflow/example_dags/example_task_group.py
[2024-07-02T19:15:13.101+0000] {logging_mixin.py:188} INFO - [2024-07-02T19:15:13.101+0000] {dag.py:3096} INFO - Sync 1 DAGs
[2024-07-02T19:15:13.115+0000] {logging_mixin.py:188} INFO - [2024-07-02T19:15:13.115+0000] {dag.py:3954} INFO - Setting next_dagrun for example_task_group to 2024-07-01 00:00:00+00:00, run_after=2024-07-02 00:00:00+00:00
[2024-07-02T19:15:13.155+0000] {processor.py:183} INFO - Processing /usr/local/python/3.10.13/lib/python3.10/site-packages/airflow/example_dags/example_task_group.py took 0.081 seconds
[2024-07-02T19:15:56.782+0000] {processor.py:161} INFO - Started process (PID=8129) to work on /usr/local/python/3.10.13/lib/python3.10/site-packages/airflow/example_dags/example_task_group.py
[2024-07-02T19:15:56.783+0000] {processor.py:830} INFO - Processing file /usr/local/python/3.10.13/lib/python3.10/site-packages/airflow/example_dags/example_task_group.py for tasks to queue
[2024-07-02T19:15:56.783+0000] {logging_mixin.py:188} INFO - [2024-07-02T19:15:56.783+0000] {dagbag.py:545} INFO - Filling up the DagBag from /usr/local/python/3.10.13/lib/python3.10/site-packages/airflow/example_dags/example_task_group.py
[2024-07-02T19:15:56.789+0000] {processor.py:840} INFO - DAG(s) 'example_task_group' retrieved from /usr/local/python/3.10.13/lib/python3.10/site-packages/airflow/example_dags/example_task_group.py
[2024-07-02T19:15:56.802+0000] {logging_mixin.py:188} INFO - [2024-07-02T19:15:56.802+0000] {dag.py:3096} INFO - Sync 1 DAGs
[2024-07-02T19:15:56.817+0000] {logging_mixin.py:188} INFO - [2024-07-02T19:15:56.817+0000] {dag.py:3954} INFO - Setting next_dagrun for example_task_group to 2024-07-01 00:00:00+00:00, run_after=2024-07-02 00:00:00+00:00
[2024-07-02T19:15:56.857+0000] {processor.py:183} INFO - Processing /usr/local/python/3.10.13/lib/python3.10/site-packages/airflow/example_dags/example_task_group.py took 0.080 seconds
[2024-07-02T19:16:41.082+0000] {processor.py:161} INFO - Started process (PID=8464) to work on /usr/local/python/3.10.13/lib/python3.10/site-packages/airflow/example_dags/example_task_group.py
[2024-07-02T19:16:41.083+0000] {processor.py:830} INFO - Processing file /usr/local/python/3.10.13/lib/python3.10/site-packages/airflow/example_dags/example_task_group.py for tasks to queue
[2024-07-02T19:16:41.083+0000] {logging_mixin.py:188} INFO - [2024-07-02T19:16:41.083+0000] {dagbag.py:545} INFO - Filling up the DagBag from /usr/local/python/3.10.13/lib/python3.10/site-packages/airflow/example_dags/example_task_group.py
[2024-07-02T19:16:41.089+0000] {processor.py:840} INFO - DAG(s) 'example_task_group' retrieved from /usr/local/python/3.10.13/lib/python3.10/site-packages/airflow/example_dags/example_task_group.py
[2024-07-02T19:16:41.102+0000] {logging_mixin.py:188} INFO - [2024-07-02T19:16:41.102+0000] {dag.py:3096} INFO - Sync 1 DAGs
[2024-07-02T19:16:41.116+0000] {logging_mixin.py:188} INFO - [2024-07-02T19:16:41.116+0000] {dag.py:3954} INFO - Setting next_dagrun for example_task_group to 2024-07-01 00:00:00+00:00, run_after=2024-07-02 00:00:00+00:00
[2024-07-02T19:16:41.158+0000] {processor.py:183} INFO - Processing /usr/local/python/3.10.13/lib/python3.10/site-packages/airflow/example_dags/example_task_group.py took 0.081 seconds
[2024-07-02T19:17:28.472+0000] {processor.py:161} INFO - Started process (PID=8826) to work on /usr/local/python/3.10.13/lib/python3.10/site-packages/airflow/example_dags/example_task_group.py
[2024-07-02T19:17:28.473+0000] {processor.py:830} INFO - Processing file /usr/local/python/3.10.13/lib/python3.10/site-packages/airflow/example_dags/example_task_group.py for tasks to queue
[2024-07-02T19:17:28.474+0000] {logging_mixin.py:188} INFO - [2024-07-02T19:17:28.473+0000] {dagbag.py:545} INFO - Filling up the DagBag from /usr/local/python/3.10.13/lib/python3.10/site-packages/airflow/example_dags/example_task_group.py
[2024-07-02T19:17:28.479+0000] {processor.py:840} INFO - DAG(s) 'example_task_group' retrieved from /usr/local/python/3.10.13/lib/python3.10/site-packages/airflow/example_dags/example_task_group.py
[2024-07-02T19:17:28.492+0000] {logging_mixin.py:188} INFO - [2024-07-02T19:17:28.492+0000] {dag.py:3096} INFO - Sync 1 DAGs
[2024-07-02T19:17:28.507+0000] {logging_mixin.py:188} INFO - [2024-07-02T19:17:28.506+0000] {dag.py:3954} INFO - Setting next_dagrun for example_task_group to 2024-07-01 00:00:00+00:00, run_after=2024-07-02 00:00:00+00:00
[2024-07-02T19:17:28.547+0000] {processor.py:183} INFO - Processing /usr/local/python/3.10.13/lib/python3.10/site-packages/airflow/example_dags/example_task_group.py took 0.080 seconds
[2024-07-02T19:18:11.706+0000] {processor.py:161} INFO - Started process (PID=9152) to work on /usr/local/python/3.10.13/lib/python3.10/site-packages/airflow/example_dags/example_task_group.py
[2024-07-02T19:18:11.707+0000] {processor.py:830} INFO - Processing file /usr/local/python/3.10.13/lib/python3.10/site-packages/airflow/example_dags/example_task_group.py for tasks to queue
[2024-07-02T19:18:11.708+0000] {logging_mixin.py:188} INFO - [2024-07-02T19:18:11.707+0000] {dagbag.py:545} INFO - Filling up the DagBag from /usr/local/python/3.10.13/lib/python3.10/site-packages/airflow/example_dags/example_task_group.py
[2024-07-02T19:18:11.713+0000] {processor.py:840} INFO - DAG(s) 'example_task_group' retrieved from /usr/local/python/3.10.13/lib/python3.10/site-packages/airflow/example_dags/example_task_group.py
[2024-07-02T19:18:11.726+0000] {logging_mixin.py:188} INFO - [2024-07-02T19:18:11.726+0000] {dag.py:3096} INFO - Sync 1 DAGs
[2024-07-02T19:18:11.740+0000] {logging_mixin.py:188} INFO - [2024-07-02T19:18:11.740+0000] {dag.py:3954} INFO - Setting next_dagrun for example_task_group to 2024-07-01 00:00:00+00:00, run_after=2024-07-02 00:00:00+00:00
[2024-07-02T19:18:11.782+0000] {processor.py:183} INFO - Processing /usr/local/python/3.10.13/lib/python3.10/site-packages/airflow/example_dags/example_task_group.py took 0.080 seconds
[2024-07-02T19:18:53.485+0000] {processor.py:161} INFO - Started process (PID=9468) to work on /usr/local/python/3.10.13/lib/python3.10/site-packages/airflow/example_dags/example_task_group.py
[2024-07-02T19:18:53.485+0000] {processor.py:830} INFO - Processing file /usr/local/python/3.10.13/lib/python3.10/site-packages/airflow/example_dags/example_task_group.py for tasks to queue
[2024-07-02T19:18:53.486+0000] {logging_mixin.py:188} INFO - [2024-07-02T19:18:53.486+0000] {dagbag.py:545} INFO - Filling up the DagBag from /usr/local/python/3.10.13/lib/python3.10/site-packages/airflow/example_dags/example_task_group.py
[2024-07-02T19:18:53.493+0000] {processor.py:840} INFO - DAG(s) 'example_task_group' retrieved from /usr/local/python/3.10.13/lib/python3.10/site-packages/airflow/example_dags/example_task_group.py
[2024-07-02T19:18:53.510+0000] {logging_mixin.py:188} INFO - [2024-07-02T19:18:53.510+0000] {dag.py:3096} INFO - Sync 1 DAGs
[2024-07-02T19:18:53.525+0000] {logging_mixin.py:188} INFO - [2024-07-02T19:18:53.525+0000] {dag.py:3954} INFO - Setting next_dagrun for example_task_group to 2024-07-01 00:00:00+00:00, run_after=2024-07-02 00:00:00+00:00
[2024-07-02T19:18:53.567+0000] {processor.py:183} INFO - Processing /usr/local/python/3.10.13/lib/python3.10/site-packages/airflow/example_dags/example_task_group.py took 0.087 seconds
[2024-07-02T19:19:37.374+0000] {processor.py:161} INFO - Started process (PID=9791) to work on /usr/local/python/3.10.13/lib/python3.10/site-packages/airflow/example_dags/example_task_group.py
[2024-07-02T19:19:37.374+0000] {processor.py:830} INFO - Processing file /usr/local/python/3.10.13/lib/python3.10/site-packages/airflow/example_dags/example_task_group.py for tasks to queue
[2024-07-02T19:19:37.375+0000] {logging_mixin.py:188} INFO - [2024-07-02T19:19:37.375+0000] {dagbag.py:545} INFO - Filling up the DagBag from /usr/local/python/3.10.13/lib/python3.10/site-packages/airflow/example_dags/example_task_group.py
[2024-07-02T19:19:37.381+0000] {processor.py:840} INFO - DAG(s) 'example_task_group' retrieved from /usr/local/python/3.10.13/lib/python3.10/site-packages/airflow/example_dags/example_task_group.py
[2024-07-02T19:19:37.394+0000] {logging_mixin.py:188} INFO - [2024-07-02T19:19:37.394+0000] {dag.py:3096} INFO - Sync 1 DAGs
[2024-07-02T19:19:37.409+0000] {logging_mixin.py:188} INFO - [2024-07-02T19:19:37.409+0000] {dag.py:3954} INFO - Setting next_dagrun for example_task_group to 2024-07-01 00:00:00+00:00, run_after=2024-07-02 00:00:00+00:00
[2024-07-02T19:19:37.450+0000] {processor.py:183} INFO - Processing /usr/local/python/3.10.13/lib/python3.10/site-packages/airflow/example_dags/example_task_group.py took 0.081 seconds
[2024-07-02T19:20:25.711+0000] {processor.py:161} INFO - Started process (PID=10158) to work on /usr/local/python/3.10.13/lib/python3.10/site-packages/airflow/example_dags/example_task_group.py
[2024-07-02T19:20:25.712+0000] {processor.py:830} INFO - Processing file /usr/local/python/3.10.13/lib/python3.10/site-packages/airflow/example_dags/example_task_group.py for tasks to queue
[2024-07-02T19:20:25.713+0000] {logging_mixin.py:188} INFO - [2024-07-02T19:20:25.713+0000] {dagbag.py:545} INFO - Filling up the DagBag from /usr/local/python/3.10.13/lib/python3.10/site-packages/airflow/example_dags/example_task_group.py
[2024-07-02T19:20:25.719+0000] {processor.py:840} INFO - DAG(s) 'example_task_group' retrieved from /usr/local/python/3.10.13/lib/python3.10/site-packages/airflow/example_dags/example_task_group.py
[2024-07-02T19:20:25.731+0000] {logging_mixin.py:188} INFO - [2024-07-02T19:20:25.731+0000] {dag.py:3096} INFO - Sync 1 DAGs
[2024-07-02T19:20:25.746+0000] {logging_mixin.py:188} INFO - [2024-07-02T19:20:25.746+0000] {dag.py:3954} INFO - Setting next_dagrun for example_task_group to 2024-07-01 00:00:00+00:00, run_after=2024-07-02 00:00:00+00:00
[2024-07-02T19:20:25.788+0000] {processor.py:183} INFO - Processing /usr/local/python/3.10.13/lib/python3.10/site-packages/airflow/example_dags/example_task_group.py took 0.081 seconds
[2024-07-02T19:21:12.102+0000] {processor.py:161} INFO - Started process (PID=10517) to work on /usr/local/python/3.10.13/lib/python3.10/site-packages/airflow/example_dags/example_task_group.py
[2024-07-02T19:21:12.102+0000] {processor.py:830} INFO - Processing file /usr/local/python/3.10.13/lib/python3.10/site-packages/airflow/example_dags/example_task_group.py for tasks to queue
[2024-07-02T19:21:12.103+0000] {logging_mixin.py:188} INFO - [2024-07-02T19:21:12.103+0000] {dagbag.py:545} INFO - Filling up the DagBag from /usr/local/python/3.10.13/lib/python3.10/site-packages/airflow/example_dags/example_task_group.py
[2024-07-02T19:21:12.109+0000] {processor.py:840} INFO - DAG(s) 'example_task_group' retrieved from /usr/local/python/3.10.13/lib/python3.10/site-packages/airflow/example_dags/example_task_group.py
[2024-07-02T19:21:12.121+0000] {logging_mixin.py:188} INFO - [2024-07-02T19:21:12.121+0000] {dag.py:3096} INFO - Sync 1 DAGs
[2024-07-02T19:21:12.136+0000] {logging_mixin.py:188} INFO - [2024-07-02T19:21:12.136+0000] {dag.py:3954} INFO - Setting next_dagrun for example_task_group to 2024-07-01 00:00:00+00:00, run_after=2024-07-02 00:00:00+00:00
[2024-07-02T19:21:12.177+0000] {processor.py:183} INFO - Processing /usr/local/python/3.10.13/lib/python3.10/site-packages/airflow/example_dags/example_task_group.py took 0.080 seconds
[2024-07-02T19:21:58.843+0000] {processor.py:161} INFO - Started process (PID=10860) to work on /usr/local/python/3.10.13/lib/python3.10/site-packages/airflow/example_dags/example_task_group.py
[2024-07-02T19:21:58.843+0000] {processor.py:830} INFO - Processing file /usr/local/python/3.10.13/lib/python3.10/site-packages/airflow/example_dags/example_task_group.py for tasks to queue
[2024-07-02T19:21:58.844+0000] {logging_mixin.py:188} INFO - [2024-07-02T19:21:58.844+0000] {dagbag.py:545} INFO - Filling up the DagBag from /usr/local/python/3.10.13/lib/python3.10/site-packages/airflow/example_dags/example_task_group.py
[2024-07-02T19:21:58.850+0000] {processor.py:840} INFO - DAG(s) 'example_task_group' retrieved from /usr/local/python/3.10.13/lib/python3.10/site-packages/airflow/example_dags/example_task_group.py
[2024-07-02T19:21:58.862+0000] {logging_mixin.py:188} INFO - [2024-07-02T19:21:58.862+0000] {dag.py:3096} INFO - Sync 1 DAGs
[2024-07-02T19:21:58.876+0000] {logging_mixin.py:188} INFO - [2024-07-02T19:21:58.876+0000] {dag.py:3954} INFO - Setting next_dagrun for example_task_group to 2024-07-01 00:00:00+00:00, run_after=2024-07-02 00:00:00+00:00
[2024-07-02T19:21:58.922+0000] {processor.py:183} INFO - Processing /usr/local/python/3.10.13/lib/python3.10/site-packages/airflow/example_dags/example_task_group.py took 0.084 seconds
[2024-07-02T19:22:43.759+0000] {processor.py:161} INFO - Started process (PID=11211) to work on /usr/local/python/3.10.13/lib/python3.10/site-packages/airflow/example_dags/example_task_group.py
[2024-07-02T19:22:43.759+0000] {processor.py:830} INFO - Processing file /usr/local/python/3.10.13/lib/python3.10/site-packages/airflow/example_dags/example_task_group.py for tasks to queue
[2024-07-02T19:22:43.760+0000] {logging_mixin.py:188} INFO - [2024-07-02T19:22:43.760+0000] {dagbag.py:545} INFO - Filling up the DagBag from /usr/local/python/3.10.13/lib/python3.10/site-packages/airflow/example_dags/example_task_group.py
[2024-07-02T19:22:43.766+0000] {processor.py:840} INFO - DAG(s) 'example_task_group' retrieved from /usr/local/python/3.10.13/lib/python3.10/site-packages/airflow/example_dags/example_task_group.py
[2024-07-02T19:22:43.778+0000] {logging_mixin.py:188} INFO - [2024-07-02T19:22:43.778+0000] {dag.py:3096} INFO - Sync 1 DAGs
[2024-07-02T19:22:43.792+0000] {logging_mixin.py:188} INFO - [2024-07-02T19:22:43.792+0000] {dag.py:3954} INFO - Setting next_dagrun for example_task_group to 2024-07-01 00:00:00+00:00, run_after=2024-07-02 00:00:00+00:00
[2024-07-02T19:22:43.838+0000] {processor.py:183} INFO - Processing /usr/local/python/3.10.13/lib/python3.10/site-packages/airflow/example_dags/example_task_group.py took 0.084 seconds
[2024-07-02T19:23:24.158+0000] {processor.py:161} INFO - Started process (PID=11523) to work on /usr/local/python/3.10.13/lib/python3.10/site-packages/airflow/example_dags/example_task_group.py
[2024-07-02T19:23:24.159+0000] {processor.py:830} INFO - Processing file /usr/local/python/3.10.13/lib/python3.10/site-packages/airflow/example_dags/example_task_group.py for tasks to queue
[2024-07-02T19:23:24.160+0000] {logging_mixin.py:188} INFO - [2024-07-02T19:23:24.159+0000] {dagbag.py:545} INFO - Filling up the DagBag from /usr/local/python/3.10.13/lib/python3.10/site-packages/airflow/example_dags/example_task_group.py
[2024-07-02T19:23:24.165+0000] {processor.py:840} INFO - DAG(s) 'example_task_group' retrieved from /usr/local/python/3.10.13/lib/python3.10/site-packages/airflow/example_dags/example_task_group.py
[2024-07-02T19:23:24.178+0000] {logging_mixin.py:188} INFO - [2024-07-02T19:23:24.178+0000] {dag.py:3096} INFO - Sync 1 DAGs
[2024-07-02T19:23:24.192+0000] {logging_mixin.py:188} INFO - [2024-07-02T19:23:24.192+0000] {dag.py:3954} INFO - Setting next_dagrun for example_task_group to 2024-07-01 00:00:00+00:00, run_after=2024-07-02 00:00:00+00:00
[2024-07-02T19:23:24.232+0000] {processor.py:183} INFO - Processing /usr/local/python/3.10.13/lib/python3.10/site-packages/airflow/example_dags/example_task_group.py took 0.078 seconds
[2024-07-02T19:24:07.006+0000] {processor.py:161} INFO - Started process (PID=11845) to work on /usr/local/python/3.10.13/lib/python3.10/site-packages/airflow/example_dags/example_task_group.py
[2024-07-02T19:24:07.007+0000] {processor.py:830} INFO - Processing file /usr/local/python/3.10.13/lib/python3.10/site-packages/airflow/example_dags/example_task_group.py for tasks to queue
[2024-07-02T19:24:07.007+0000] {logging_mixin.py:188} INFO - [2024-07-02T19:24:07.007+0000] {dagbag.py:545} INFO - Filling up the DagBag from /usr/local/python/3.10.13/lib/python3.10/site-packages/airflow/example_dags/example_task_group.py
[2024-07-02T19:24:07.013+0000] {processor.py:840} INFO - DAG(s) 'example_task_group' retrieved from /usr/local/python/3.10.13/lib/python3.10/site-packages/airflow/example_dags/example_task_group.py
[2024-07-02T19:24:07.026+0000] {logging_mixin.py:188} INFO - [2024-07-02T19:24:07.026+0000] {dag.py:3096} INFO - Sync 1 DAGs
[2024-07-02T19:24:07.041+0000] {logging_mixin.py:188} INFO - [2024-07-02T19:24:07.040+0000] {dag.py:3954} INFO - Setting next_dagrun for example_task_group to 2024-07-01 00:00:00+00:00, run_after=2024-07-02 00:00:00+00:00
[2024-07-02T19:24:07.083+0000] {processor.py:183} INFO - Processing /usr/local/python/3.10.13/lib/python3.10/site-packages/airflow/example_dags/example_task_group.py took 0.081 seconds
[2024-07-02T19:24:50.012+0000] {processor.py:161} INFO - Started process (PID=12165) to work on /usr/local/python/3.10.13/lib/python3.10/site-packages/airflow/example_dags/example_task_group.py
[2024-07-02T19:24:50.012+0000] {processor.py:830} INFO - Processing file /usr/local/python/3.10.13/lib/python3.10/site-packages/airflow/example_dags/example_task_group.py for tasks to queue
[2024-07-02T19:24:50.013+0000] {logging_mixin.py:188} INFO - [2024-07-02T19:24:50.013+0000] {dagbag.py:545} INFO - Filling up the DagBag from /usr/local/python/3.10.13/lib/python3.10/site-packages/airflow/example_dags/example_task_group.py
[2024-07-02T19:24:50.019+0000] {processor.py:840} INFO - DAG(s) 'example_task_group' retrieved from /usr/local/python/3.10.13/lib/python3.10/site-packages/airflow/example_dags/example_task_group.py
[2024-07-02T19:24:50.031+0000] {logging_mixin.py:188} INFO - [2024-07-02T19:24:50.031+0000] {dag.py:3096} INFO - Sync 1 DAGs
[2024-07-02T19:24:50.046+0000] {logging_mixin.py:188} INFO - [2024-07-02T19:24:50.046+0000] {dag.py:3954} INFO - Setting next_dagrun for example_task_group to 2024-07-01 00:00:00+00:00, run_after=2024-07-02 00:00:00+00:00
[2024-07-02T19:24:50.085+0000] {processor.py:183} INFO - Processing /usr/local/python/3.10.13/lib/python3.10/site-packages/airflow/example_dags/example_task_group.py took 0.077 seconds
[2024-07-02T19:25:34.032+0000] {processor.py:161} INFO - Started process (PID=12489) to work on /usr/local/python/3.10.13/lib/python3.10/site-packages/airflow/example_dags/example_task_group.py
[2024-07-02T19:25:34.032+0000] {processor.py:830} INFO - Processing file /usr/local/python/3.10.13/lib/python3.10/site-packages/airflow/example_dags/example_task_group.py for tasks to queue
[2024-07-02T19:25:34.033+0000] {logging_mixin.py:188} INFO - [2024-07-02T19:25:34.033+0000] {dagbag.py:545} INFO - Filling up the DagBag from /usr/local/python/3.10.13/lib/python3.10/site-packages/airflow/example_dags/example_task_group.py
[2024-07-02T19:25:34.039+0000] {processor.py:840} INFO - DAG(s) 'example_task_group' retrieved from /usr/local/python/3.10.13/lib/python3.10/site-packages/airflow/example_dags/example_task_group.py
[2024-07-02T19:25:34.051+0000] {logging_mixin.py:188} INFO - [2024-07-02T19:25:34.051+0000] {dag.py:3096} INFO - Sync 1 DAGs
[2024-07-02T19:25:34.065+0000] {logging_mixin.py:188} INFO - [2024-07-02T19:25:34.065+0000] {dag.py:3954} INFO - Setting next_dagrun for example_task_group to 2024-07-01 00:00:00+00:00, run_after=2024-07-02 00:00:00+00:00
[2024-07-02T19:25:34.110+0000] {processor.py:183} INFO - Processing /usr/local/python/3.10.13/lib/python3.10/site-packages/airflow/example_dags/example_task_group.py took 0.083 seconds
[2024-07-02T19:26:16.460+0000] {processor.py:161} INFO - Started process (PID=12814) to work on /usr/local/python/3.10.13/lib/python3.10/site-packages/airflow/example_dags/example_task_group.py
[2024-07-02T19:26:16.461+0000] {processor.py:830} INFO - Processing file /usr/local/python/3.10.13/lib/python3.10/site-packages/airflow/example_dags/example_task_group.py for tasks to queue
[2024-07-02T19:26:16.461+0000] {logging_mixin.py:188} INFO - [2024-07-02T19:26:16.461+0000] {dagbag.py:545} INFO - Filling up the DagBag from /usr/local/python/3.10.13/lib/python3.10/site-packages/airflow/example_dags/example_task_group.py
[2024-07-02T19:26:16.467+0000] {processor.py:840} INFO - DAG(s) 'example_task_group' retrieved from /usr/local/python/3.10.13/lib/python3.10/site-packages/airflow/example_dags/example_task_group.py
[2024-07-02T19:26:16.480+0000] {logging_mixin.py:188} INFO - [2024-07-02T19:26:16.480+0000] {dag.py:3096} INFO - Sync 1 DAGs
[2024-07-02T19:26:16.494+0000] {logging_mixin.py:188} INFO - [2024-07-02T19:26:16.494+0000] {dag.py:3954} INFO - Setting next_dagrun for example_task_group to 2024-07-01 00:00:00+00:00, run_after=2024-07-02 00:00:00+00:00
[2024-07-02T19:26:16.535+0000] {processor.py:183} INFO - Processing /usr/local/python/3.10.13/lib/python3.10/site-packages/airflow/example_dags/example_task_group.py took 0.079 seconds
[2024-07-02T19:27:00.589+0000] {processor.py:161} INFO - Started process (PID=13156) to work on /usr/local/python/3.10.13/lib/python3.10/site-packages/airflow/example_dags/example_task_group.py
[2024-07-02T19:27:00.589+0000] {processor.py:830} INFO - Processing file /usr/local/python/3.10.13/lib/python3.10/site-packages/airflow/example_dags/example_task_group.py for tasks to queue
[2024-07-02T19:27:00.590+0000] {logging_mixin.py:188} INFO - [2024-07-02T19:27:00.590+0000] {dagbag.py:545} INFO - Filling up the DagBag from /usr/local/python/3.10.13/lib/python3.10/site-packages/airflow/example_dags/example_task_group.py
[2024-07-02T19:27:00.596+0000] {processor.py:840} INFO - DAG(s) 'example_task_group' retrieved from /usr/local/python/3.10.13/lib/python3.10/site-packages/airflow/example_dags/example_task_group.py
[2024-07-02T19:27:00.609+0000] {logging_mixin.py:188} INFO - [2024-07-02T19:27:00.608+0000] {dag.py:3096} INFO - Sync 1 DAGs
[2024-07-02T19:27:00.623+0000] {logging_mixin.py:188} INFO - [2024-07-02T19:27:00.623+0000] {dag.py:3954} INFO - Setting next_dagrun for example_task_group to 2024-07-01 00:00:00+00:00, run_after=2024-07-02 00:00:00+00:00
[2024-07-02T19:27:00.664+0000] {processor.py:183} INFO - Processing /usr/local/python/3.10.13/lib/python3.10/site-packages/airflow/example_dags/example_task_group.py took 0.080 seconds
[2024-07-02T19:27:43.319+0000] {processor.py:161} INFO - Started process (PID=13539) to work on /usr/local/python/3.10.13/lib/python3.10/site-packages/airflow/example_dags/example_task_group.py
[2024-07-02T19:27:43.319+0000] {processor.py:830} INFO - Processing file /usr/local/python/3.10.13/lib/python3.10/site-packages/airflow/example_dags/example_task_group.py for tasks to queue
[2024-07-02T19:27:43.320+0000] {logging_mixin.py:188} INFO - [2024-07-02T19:27:43.320+0000] {dagbag.py:545} INFO - Filling up the DagBag from /usr/local/python/3.10.13/lib/python3.10/site-packages/airflow/example_dags/example_task_group.py
[2024-07-02T19:27:43.326+0000] {processor.py:840} INFO - DAG(s) 'example_task_group' retrieved from /usr/local/python/3.10.13/lib/python3.10/site-packages/airflow/example_dags/example_task_group.py
[2024-07-02T19:27:43.338+0000] {logging_mixin.py:188} INFO - [2024-07-02T19:27:43.338+0000] {dag.py:3096} INFO - Sync 1 DAGs
[2024-07-02T19:27:43.353+0000] {logging_mixin.py:188} INFO - [2024-07-02T19:27:43.352+0000] {dag.py:3954} INFO - Setting next_dagrun for example_task_group to 2024-07-01 00:00:00+00:00, run_after=2024-07-02 00:00:00+00:00
[2024-07-02T19:27:43.393+0000] {processor.py:183} INFO - Processing /usr/local/python/3.10.13/lib/python3.10/site-packages/airflow/example_dags/example_task_group.py took 0.079 seconds
[2024-07-02T19:28:24.783+0000] {processor.py:161} INFO - Started process (PID=13910) to work on /usr/local/python/3.10.13/lib/python3.10/site-packages/airflow/example_dags/example_task_group.py
[2024-07-02T19:28:24.783+0000] {processor.py:830} INFO - Processing file /usr/local/python/3.10.13/lib/python3.10/site-packages/airflow/example_dags/example_task_group.py for tasks to queue
[2024-07-02T19:28:24.784+0000] {logging_mixin.py:188} INFO - [2024-07-02T19:28:24.784+0000] {dagbag.py:545} INFO - Filling up the DagBag from /usr/local/python/3.10.13/lib/python3.10/site-packages/airflow/example_dags/example_task_group.py
[2024-07-02T19:28:24.790+0000] {processor.py:840} INFO - DAG(s) 'example_task_group' retrieved from /usr/local/python/3.10.13/lib/python3.10/site-packages/airflow/example_dags/example_task_group.py
[2024-07-02T19:28:24.802+0000] {logging_mixin.py:188} INFO - [2024-07-02T19:28:24.802+0000] {dag.py:3096} INFO - Sync 1 DAGs
[2024-07-02T19:28:24.816+0000] {logging_mixin.py:188} INFO - [2024-07-02T19:28:24.816+0000] {dag.py:3954} INFO - Setting next_dagrun for example_task_group to 2024-07-01 00:00:00+00:00, run_after=2024-07-02 00:00:00+00:00
[2024-07-02T19:28:24.859+0000] {processor.py:183} INFO - Processing /usr/local/python/3.10.13/lib/python3.10/site-packages/airflow/example_dags/example_task_group.py took 0.081 seconds
[2024-07-02T19:29:10.990+0000] {processor.py:161} INFO - Started process (PID=14327) to work on /usr/local/python/3.10.13/lib/python3.10/site-packages/airflow/example_dags/example_task_group.py
[2024-07-02T19:29:10.991+0000] {processor.py:830} INFO - Processing file /usr/local/python/3.10.13/lib/python3.10/site-packages/airflow/example_dags/example_task_group.py for tasks to queue
[2024-07-02T19:29:10.991+0000] {logging_mixin.py:188} INFO - [2024-07-02T19:29:10.991+0000] {dagbag.py:545} INFO - Filling up the DagBag from /usr/local/python/3.10.13/lib/python3.10/site-packages/airflow/example_dags/example_task_group.py
[2024-07-02T19:29:10.997+0000] {processor.py:840} INFO - DAG(s) 'example_task_group' retrieved from /usr/local/python/3.10.13/lib/python3.10/site-packages/airflow/example_dags/example_task_group.py
[2024-07-02T19:29:11.009+0000] {logging_mixin.py:188} INFO - [2024-07-02T19:29:11.009+0000] {dag.py:3096} INFO - Sync 1 DAGs
[2024-07-02T19:29:11.024+0000] {logging_mixin.py:188} INFO - [2024-07-02T19:29:11.024+0000] {dag.py:3954} INFO - Setting next_dagrun for example_task_group to 2024-07-01 00:00:00+00:00, run_after=2024-07-02 00:00:00+00:00
[2024-07-02T19:29:11.064+0000] {processor.py:183} INFO - Processing /usr/local/python/3.10.13/lib/python3.10/site-packages/airflow/example_dags/example_task_group.py took 0.078 seconds
[2024-07-02T19:29:58.413+0000] {processor.py:161} INFO - Started process (PID=14676) to work on /usr/local/python/3.10.13/lib/python3.10/site-packages/airflow/example_dags/example_task_group.py
[2024-07-02T19:29:58.414+0000] {processor.py:830} INFO - Processing file /usr/local/python/3.10.13/lib/python3.10/site-packages/airflow/example_dags/example_task_group.py for tasks to queue
[2024-07-02T19:29:58.414+0000] {logging_mixin.py:188} INFO - [2024-07-02T19:29:58.414+0000] {dagbag.py:545} INFO - Filling up the DagBag from /usr/local/python/3.10.13/lib/python3.10/site-packages/airflow/example_dags/example_task_group.py
[2024-07-02T19:29:58.420+0000] {processor.py:840} INFO - DAG(s) 'example_task_group' retrieved from /usr/local/python/3.10.13/lib/python3.10/site-packages/airflow/example_dags/example_task_group.py
[2024-07-02T19:29:58.433+0000] {logging_mixin.py:188} INFO - [2024-07-02T19:29:58.432+0000] {dag.py:3096} INFO - Sync 1 DAGs
[2024-07-02T19:29:58.447+0000] {logging_mixin.py:188} INFO - [2024-07-02T19:29:58.447+0000] {dag.py:3954} INFO - Setting next_dagrun for example_task_group to 2024-07-01 00:00:00+00:00, run_after=2024-07-02 00:00:00+00:00
[2024-07-02T19:29:58.489+0000] {processor.py:183} INFO - Processing /usr/local/python/3.10.13/lib/python3.10/site-packages/airflow/example_dags/example_task_group.py took 0.080 seconds
[2024-07-02T19:30:43.707+0000] {processor.py:161} INFO - Started process (PID=15073) to work on /usr/local/python/3.10.13/lib/python3.10/site-packages/airflow/example_dags/example_task_group.py
[2024-07-02T19:30:43.708+0000] {processor.py:830} INFO - Processing file /usr/local/python/3.10.13/lib/python3.10/site-packages/airflow/example_dags/example_task_group.py for tasks to queue
[2024-07-02T19:30:43.709+0000] {logging_mixin.py:188} INFO - [2024-07-02T19:30:43.709+0000] {dagbag.py:545} INFO - Filling up the DagBag from /usr/local/python/3.10.13/lib/python3.10/site-packages/airflow/example_dags/example_task_group.py
[2024-07-02T19:30:43.717+0000] {processor.py:840} INFO - DAG(s) 'example_task_group' retrieved from /usr/local/python/3.10.13/lib/python3.10/site-packages/airflow/example_dags/example_task_group.py
[2024-07-02T19:30:43.733+0000] {logging_mixin.py:188} INFO - [2024-07-02T19:30:43.733+0000] {dag.py:3096} INFO - Sync 1 DAGs
[2024-07-02T19:30:43.747+0000] {logging_mixin.py:188} INFO - [2024-07-02T19:30:43.747+0000] {dag.py:3954} INFO - Setting next_dagrun for example_task_group to 2024-07-01 00:00:00+00:00, run_after=2024-07-02 00:00:00+00:00
[2024-07-02T19:30:43.787+0000] {processor.py:183} INFO - Processing /usr/local/python/3.10.13/lib/python3.10/site-packages/airflow/example_dags/example_task_group.py took 0.084 seconds
[2024-07-02T19:31:30.488+0000] {processor.py:161} INFO - Started process (PID=15414) to work on /usr/local/python/3.10.13/lib/python3.10/site-packages/airflow/example_dags/example_task_group.py
[2024-07-02T19:31:30.489+0000] {processor.py:830} INFO - Processing file /usr/local/python/3.10.13/lib/python3.10/site-packages/airflow/example_dags/example_task_group.py for tasks to queue
[2024-07-02T19:31:30.489+0000] {logging_mixin.py:188} INFO - [2024-07-02T19:31:30.489+0000] {dagbag.py:545} INFO - Filling up the DagBag from /usr/local/python/3.10.13/lib/python3.10/site-packages/airflow/example_dags/example_task_group.py
[2024-07-02T19:31:30.495+0000] {processor.py:840} INFO - DAG(s) 'example_task_group' retrieved from /usr/local/python/3.10.13/lib/python3.10/site-packages/airflow/example_dags/example_task_group.py
[2024-07-02T19:31:30.508+0000] {logging_mixin.py:188} INFO - [2024-07-02T19:31:30.508+0000] {dag.py:3096} INFO - Sync 1 DAGs
[2024-07-02T19:31:30.524+0000] {logging_mixin.py:188} INFO - [2024-07-02T19:31:30.523+0000] {dag.py:3954} INFO - Setting next_dagrun for example_task_group to 2024-07-01 00:00:00+00:00, run_after=2024-07-02 00:00:00+00:00
[2024-07-02T19:31:30.570+0000] {processor.py:183} INFO - Processing /usr/local/python/3.10.13/lib/python3.10/site-packages/airflow/example_dags/example_task_group.py took 0.086 seconds
[2024-07-02T19:32:18.711+0000] {processor.py:161} INFO - Started process (PID=15787) to work on /usr/local/python/3.10.13/lib/python3.10/site-packages/airflow/example_dags/example_task_group.py
[2024-07-02T19:32:18.711+0000] {processor.py:830} INFO - Processing file /usr/local/python/3.10.13/lib/python3.10/site-packages/airflow/example_dags/example_task_group.py for tasks to queue
[2024-07-02T19:32:18.712+0000] {logging_mixin.py:188} INFO - [2024-07-02T19:32:18.712+0000] {dagbag.py:545} INFO - Filling up the DagBag from /usr/local/python/3.10.13/lib/python3.10/site-packages/airflow/example_dags/example_task_group.py
[2024-07-02T19:32:18.718+0000] {processor.py:840} INFO - DAG(s) 'example_task_group' retrieved from /usr/local/python/3.10.13/lib/python3.10/site-packages/airflow/example_dags/example_task_group.py
[2024-07-02T19:32:18.730+0000] {logging_mixin.py:188} INFO - [2024-07-02T19:32:18.730+0000] {dag.py:3096} INFO - Sync 1 DAGs
[2024-07-02T19:32:18.745+0000] {logging_mixin.py:188} INFO - [2024-07-02T19:32:18.744+0000] {dag.py:3954} INFO - Setting next_dagrun for example_task_group to 2024-07-01 00:00:00+00:00, run_after=2024-07-02 00:00:00+00:00
[2024-07-02T19:32:18.785+0000] {processor.py:183} INFO - Processing /usr/local/python/3.10.13/lib/python3.10/site-packages/airflow/example_dags/example_task_group.py took 0.079 seconds
[2024-07-02T19:33:01.102+0000] {processor.py:161} INFO - Started process (PID=16109) to work on /usr/local/python/3.10.13/lib/python3.10/site-packages/airflow/example_dags/example_task_group.py
[2024-07-02T19:33:01.102+0000] {processor.py:830} INFO - Processing file /usr/local/python/3.10.13/lib/python3.10/site-packages/airflow/example_dags/example_task_group.py for tasks to queue
[2024-07-02T19:33:01.104+0000] {logging_mixin.py:188} INFO - [2024-07-02T19:33:01.103+0000] {dagbag.py:545} INFO - Filling up the DagBag from /usr/local/python/3.10.13/lib/python3.10/site-packages/airflow/example_dags/example_task_group.py
[2024-07-02T19:33:01.111+0000] {processor.py:840} INFO - DAG(s) 'example_task_group' retrieved from /usr/local/python/3.10.13/lib/python3.10/site-packages/airflow/example_dags/example_task_group.py
[2024-07-02T19:33:01.125+0000] {logging_mixin.py:188} INFO - [2024-07-02T19:33:01.124+0000] {dag.py:3096} INFO - Sync 1 DAGs
[2024-07-02T19:33:01.139+0000] {logging_mixin.py:188} INFO - [2024-07-02T19:33:01.139+0000] {dag.py:3954} INFO - Setting next_dagrun for example_task_group to 2024-07-01 00:00:00+00:00, run_after=2024-07-02 00:00:00+00:00
[2024-07-02T19:33:01.179+0000] {processor.py:183} INFO - Processing /usr/local/python/3.10.13/lib/python3.10/site-packages/airflow/example_dags/example_task_group.py took 0.083 seconds
[2024-07-02T19:33:44.995+0000] {processor.py:161} INFO - Started process (PID=16520) to work on /usr/local/python/3.10.13/lib/python3.10/site-packages/airflow/example_dags/example_task_group.py
[2024-07-02T19:33:44.996+0000] {processor.py:830} INFO - Processing file /usr/local/python/3.10.13/lib/python3.10/site-packages/airflow/example_dags/example_task_group.py for tasks to queue
[2024-07-02T19:33:44.997+0000] {logging_mixin.py:188} INFO - [2024-07-02T19:33:44.996+0000] {dagbag.py:545} INFO - Filling up the DagBag from /usr/local/python/3.10.13/lib/python3.10/site-packages/airflow/example_dags/example_task_group.py
[2024-07-02T19:33:45.002+0000] {processor.py:840} INFO - DAG(s) 'example_task_group' retrieved from /usr/local/python/3.10.13/lib/python3.10/site-packages/airflow/example_dags/example_task_group.py
[2024-07-02T19:33:45.015+0000] {logging_mixin.py:188} INFO - [2024-07-02T19:33:45.015+0000] {dag.py:3096} INFO - Sync 1 DAGs
[2024-07-02T19:33:45.031+0000] {logging_mixin.py:188} INFO - [2024-07-02T19:33:45.031+0000] {dag.py:3954} INFO - Setting next_dagrun for example_task_group to 2024-07-01 00:00:00+00:00, run_after=2024-07-02 00:00:00+00:00
[2024-07-02T19:33:45.071+0000] {processor.py:183} INFO - Processing /usr/local/python/3.10.13/lib/python3.10/site-packages/airflow/example_dags/example_task_group.py took 0.080 seconds
[2024-07-02T19:34:31.777+0000] {processor.py:161} INFO - Started process (PID=16903) to work on /usr/local/python/3.10.13/lib/python3.10/site-packages/airflow/example_dags/example_task_group.py
[2024-07-02T19:34:31.778+0000] {processor.py:830} INFO - Processing file /usr/local/python/3.10.13/lib/python3.10/site-packages/airflow/example_dags/example_task_group.py for tasks to queue
[2024-07-02T19:34:31.779+0000] {logging_mixin.py:188} INFO - [2024-07-02T19:34:31.779+0000] {dagbag.py:545} INFO - Filling up the DagBag from /usr/local/python/3.10.13/lib/python3.10/site-packages/airflow/example_dags/example_task_group.py
[2024-07-02T19:34:31.786+0000] {processor.py:840} INFO - DAG(s) 'example_task_group' retrieved from /usr/local/python/3.10.13/lib/python3.10/site-packages/airflow/example_dags/example_task_group.py
[2024-07-02T19:34:31.835+0000] {logging_mixin.py:188} INFO - [2024-07-02T19:34:31.834+0000] {dag.py:3096} INFO - Sync 1 DAGs
[2024-07-02T19:34:31.885+0000] {logging_mixin.py:188} INFO - [2024-07-02T19:34:31.885+0000] {dag.py:3954} INFO - Setting next_dagrun for example_task_group to 2024-07-01 00:00:00+00:00, run_after=2024-07-02 00:00:00+00:00
[2024-07-02T19:34:31.922+0000] {processor.py:183} INFO - Processing /usr/local/python/3.10.13/lib/python3.10/site-packages/airflow/example_dags/example_task_group.py took 0.150 seconds
[2024-07-02T19:35:17.561+0000] {processor.py:161} INFO - Started process (PID=17260) to work on /usr/local/python/3.10.13/lib/python3.10/site-packages/airflow/example_dags/example_task_group.py
[2024-07-02T19:35:17.562+0000] {processor.py:830} INFO - Processing file /usr/local/python/3.10.13/lib/python3.10/site-packages/airflow/example_dags/example_task_group.py for tasks to queue
[2024-07-02T19:35:17.563+0000] {logging_mixin.py:188} INFO - [2024-07-02T19:35:17.562+0000] {dagbag.py:545} INFO - Filling up the DagBag from /usr/local/python/3.10.13/lib/python3.10/site-packages/airflow/example_dags/example_task_group.py
[2024-07-02T19:35:17.569+0000] {processor.py:840} INFO - DAG(s) 'example_task_group' retrieved from /usr/local/python/3.10.13/lib/python3.10/site-packages/airflow/example_dags/example_task_group.py
[2024-07-02T19:35:17.581+0000] {logging_mixin.py:188} INFO - [2024-07-02T19:35:17.581+0000] {dag.py:3096} INFO - Sync 1 DAGs
[2024-07-02T19:35:17.596+0000] {logging_mixin.py:188} INFO - [2024-07-02T19:35:17.596+0000] {dag.py:3954} INFO - Setting next_dagrun for example_task_group to 2024-07-01 00:00:00+00:00, run_after=2024-07-02 00:00:00+00:00
[2024-07-02T19:35:17.636+0000] {processor.py:183} INFO - Processing /usr/local/python/3.10.13/lib/python3.10/site-packages/airflow/example_dags/example_task_group.py took 0.080 seconds
[2024-07-02T19:36:06.919+0000] {processor.py:161} INFO - Started process (PID=17736) to work on /usr/local/python/3.10.13/lib/python3.10/site-packages/airflow/example_dags/example_task_group.py
[2024-07-02T19:36:06.919+0000] {processor.py:830} INFO - Processing file /usr/local/python/3.10.13/lib/python3.10/site-packages/airflow/example_dags/example_task_group.py for tasks to queue
[2024-07-02T19:36:06.920+0000] {logging_mixin.py:188} INFO - [2024-07-02T19:36:06.920+0000] {dagbag.py:545} INFO - Filling up the DagBag from /usr/local/python/3.10.13/lib/python3.10/site-packages/airflow/example_dags/example_task_group.py
[2024-07-02T19:36:06.926+0000] {processor.py:840} INFO - DAG(s) 'example_task_group' retrieved from /usr/local/python/3.10.13/lib/python3.10/site-packages/airflow/example_dags/example_task_group.py
[2024-07-02T19:36:06.939+0000] {logging_mixin.py:188} INFO - [2024-07-02T19:36:06.939+0000] {dag.py:3096} INFO - Sync 1 DAGs
[2024-07-02T19:36:06.954+0000] {logging_mixin.py:188} INFO - [2024-07-02T19:36:06.954+0000] {dag.py:3954} INFO - Setting next_dagrun for example_task_group to 2024-07-01 00:00:00+00:00, run_after=2024-07-02 00:00:00+00:00
[2024-07-02T19:36:06.994+0000] {processor.py:183} INFO - Processing /usr/local/python/3.10.13/lib/python3.10/site-packages/airflow/example_dags/example_task_group.py took 0.080 seconds
[2024-07-02T19:37:02.741+0000] {processor.py:161} INFO - Started process (PID=18128) to work on /usr/local/python/3.10.13/lib/python3.10/site-packages/airflow/example_dags/example_task_group.py
[2024-07-02T19:37:02.742+0000] {processor.py:830} INFO - Processing file /usr/local/python/3.10.13/lib/python3.10/site-packages/airflow/example_dags/example_task_group.py for tasks to queue
[2024-07-02T19:37:02.743+0000] {logging_mixin.py:188} INFO - [2024-07-02T19:37:02.742+0000] {dagbag.py:545} INFO - Filling up the DagBag from /usr/local/python/3.10.13/lib/python3.10/site-packages/airflow/example_dags/example_task_group.py
[2024-07-02T19:37:02.748+0000] {processor.py:840} INFO - DAG(s) 'example_task_group' retrieved from /usr/local/python/3.10.13/lib/python3.10/site-packages/airflow/example_dags/example_task_group.py
[2024-07-02T19:37:02.761+0000] {logging_mixin.py:188} INFO - [2024-07-02T19:37:02.761+0000] {dag.py:3096} INFO - Sync 1 DAGs
[2024-07-02T19:37:02.776+0000] {logging_mixin.py:188} INFO - [2024-07-02T19:37:02.775+0000] {dag.py:3954} INFO - Setting next_dagrun for example_task_group to 2024-07-01 00:00:00+00:00, run_after=2024-07-02 00:00:00+00:00
[2024-07-02T19:37:02.816+0000] {processor.py:183} INFO - Processing /usr/local/python/3.10.13/lib/python3.10/site-packages/airflow/example_dags/example_task_group.py took 0.079 seconds
[2024-07-02T19:37:45.873+0000] {processor.py:161} INFO - Started process (PID=18431) to work on /usr/local/python/3.10.13/lib/python3.10/site-packages/airflow/example_dags/example_task_group.py
[2024-07-02T19:37:45.874+0000] {processor.py:830} INFO - Processing file /usr/local/python/3.10.13/lib/python3.10/site-packages/airflow/example_dags/example_task_group.py for tasks to queue
[2024-07-02T19:37:45.875+0000] {logging_mixin.py:188} INFO - [2024-07-02T19:37:45.875+0000] {dagbag.py:545} INFO - Filling up the DagBag from /usr/local/python/3.10.13/lib/python3.10/site-packages/airflow/example_dags/example_task_group.py
[2024-07-02T19:37:45.881+0000] {processor.py:840} INFO - DAG(s) 'example_task_group' retrieved from /usr/local/python/3.10.13/lib/python3.10/site-packages/airflow/example_dags/example_task_group.py
[2024-07-02T19:37:45.894+0000] {logging_mixin.py:188} INFO - [2024-07-02T19:37:45.894+0000] {dag.py:3096} INFO - Sync 1 DAGs
[2024-07-02T19:37:45.909+0000] {logging_mixin.py:188} INFO - [2024-07-02T19:37:45.909+0000] {dag.py:3954} INFO - Setting next_dagrun for example_task_group to 2024-07-01 00:00:00+00:00, run_after=2024-07-02 00:00:00+00:00
[2024-07-02T19:37:45.950+0000] {processor.py:183} INFO - Processing /usr/local/python/3.10.13/lib/python3.10/site-packages/airflow/example_dags/example_task_group.py took 0.081 seconds
[2024-07-02T19:38:29.551+0000] {processor.py:161} INFO - Started process (PID=18761) to work on /usr/local/python/3.10.13/lib/python3.10/site-packages/airflow/example_dags/example_task_group.py
[2024-07-02T19:38:29.552+0000] {processor.py:830} INFO - Processing file /usr/local/python/3.10.13/lib/python3.10/site-packages/airflow/example_dags/example_task_group.py for tasks to queue
[2024-07-02T19:38:29.553+0000] {logging_mixin.py:188} INFO - [2024-07-02T19:38:29.552+0000] {dagbag.py:545} INFO - Filling up the DagBag from /usr/local/python/3.10.13/lib/python3.10/site-packages/airflow/example_dags/example_task_group.py
[2024-07-02T19:38:29.558+0000] {processor.py:840} INFO - DAG(s) 'example_task_group' retrieved from /usr/local/python/3.10.13/lib/python3.10/site-packages/airflow/example_dags/example_task_group.py
[2024-07-02T19:38:29.571+0000] {logging_mixin.py:188} INFO - [2024-07-02T19:38:29.571+0000] {dag.py:3096} INFO - Sync 1 DAGs
[2024-07-02T19:38:29.585+0000] {logging_mixin.py:188} INFO - [2024-07-02T19:38:29.585+0000] {dag.py:3954} INFO - Setting next_dagrun for example_task_group to 2024-07-01 00:00:00+00:00, run_after=2024-07-02 00:00:00+00:00
[2024-07-02T19:38:29.627+0000] {processor.py:183} INFO - Processing /usr/local/python/3.10.13/lib/python3.10/site-packages/airflow/example_dags/example_task_group.py took 0.081 seconds
[2024-07-02T19:39:12.822+0000] {processor.py:161} INFO - Started process (PID=19066) to work on /usr/local/python/3.10.13/lib/python3.10/site-packages/airflow/example_dags/example_task_group.py
[2024-07-02T19:39:12.823+0000] {processor.py:830} INFO - Processing file /usr/local/python/3.10.13/lib/python3.10/site-packages/airflow/example_dags/example_task_group.py for tasks to queue
[2024-07-02T19:39:12.824+0000] {logging_mixin.py:188} INFO - [2024-07-02T19:39:12.823+0000] {dagbag.py:545} INFO - Filling up the DagBag from /usr/local/python/3.10.13/lib/python3.10/site-packages/airflow/example_dags/example_task_group.py
[2024-07-02T19:39:12.829+0000] {processor.py:840} INFO - DAG(s) 'example_task_group' retrieved from /usr/local/python/3.10.13/lib/python3.10/site-packages/airflow/example_dags/example_task_group.py
[2024-07-02T19:39:12.842+0000] {logging_mixin.py:188} INFO - [2024-07-02T19:39:12.842+0000] {dag.py:3096} INFO - Sync 1 DAGs
[2024-07-02T19:39:12.856+0000] {logging_mixin.py:188} INFO - [2024-07-02T19:39:12.856+0000] {dag.py:3954} INFO - Setting next_dagrun for example_task_group to 2024-07-01 00:00:00+00:00, run_after=2024-07-02 00:00:00+00:00
[2024-07-02T19:39:12.897+0000] {processor.py:183} INFO - Processing /usr/local/python/3.10.13/lib/python3.10/site-packages/airflow/example_dags/example_task_group.py took 0.079 seconds
[2024-07-02T19:40:06.722+0000] {processor.py:161} INFO - Started process (PID=19465) to work on /usr/local/python/3.10.13/lib/python3.10/site-packages/airflow/example_dags/example_task_group.py
[2024-07-02T19:40:06.722+0000] {processor.py:830} INFO - Processing file /usr/local/python/3.10.13/lib/python3.10/site-packages/airflow/example_dags/example_task_group.py for tasks to queue
[2024-07-02T19:40:06.723+0000] {logging_mixin.py:188} INFO - [2024-07-02T19:40:06.723+0000] {dagbag.py:545} INFO - Filling up the DagBag from /usr/local/python/3.10.13/lib/python3.10/site-packages/airflow/example_dags/example_task_group.py
[2024-07-02T19:40:06.729+0000] {processor.py:840} INFO - DAG(s) 'example_task_group' retrieved from /usr/local/python/3.10.13/lib/python3.10/site-packages/airflow/example_dags/example_task_group.py
[2024-07-02T19:40:06.741+0000] {logging_mixin.py:188} INFO - [2024-07-02T19:40:06.741+0000] {dag.py:3096} INFO - Sync 1 DAGs
[2024-07-02T19:40:06.756+0000] {logging_mixin.py:188} INFO - [2024-07-02T19:40:06.755+0000] {dag.py:3954} INFO - Setting next_dagrun for example_task_group to 2024-07-01 00:00:00+00:00, run_after=2024-07-02 00:00:00+00:00
[2024-07-02T19:40:06.795+0000] {processor.py:183} INFO - Processing /usr/local/python/3.10.13/lib/python3.10/site-packages/airflow/example_dags/example_task_group.py took 0.078 seconds
[2024-07-02T19:40:57.418+0000] {processor.py:161} INFO - Started process (PID=19858) to work on /usr/local/python/3.10.13/lib/python3.10/site-packages/airflow/example_dags/example_task_group.py
[2024-07-02T19:40:57.419+0000] {processor.py:830} INFO - Processing file /usr/local/python/3.10.13/lib/python3.10/site-packages/airflow/example_dags/example_task_group.py for tasks to queue
[2024-07-02T19:40:57.419+0000] {logging_mixin.py:188} INFO - [2024-07-02T19:40:57.419+0000] {dagbag.py:545} INFO - Filling up the DagBag from /usr/local/python/3.10.13/lib/python3.10/site-packages/airflow/example_dags/example_task_group.py
[2024-07-02T19:40:57.425+0000] {processor.py:840} INFO - DAG(s) 'example_task_group' retrieved from /usr/local/python/3.10.13/lib/python3.10/site-packages/airflow/example_dags/example_task_group.py
[2024-07-02T19:40:57.438+0000] {logging_mixin.py:188} INFO - [2024-07-02T19:40:57.437+0000] {dag.py:3096} INFO - Sync 1 DAGs
[2024-07-02T19:40:57.452+0000] {logging_mixin.py:188} INFO - [2024-07-02T19:40:57.452+0000] {dag.py:3954} INFO - Setting next_dagrun for example_task_group to 2024-07-01 00:00:00+00:00, run_after=2024-07-02 00:00:00+00:00
[2024-07-02T19:40:57.493+0000] {processor.py:183} INFO - Processing /usr/local/python/3.10.13/lib/python3.10/site-packages/airflow/example_dags/example_task_group.py took 0.079 seconds
[2024-07-02T19:41:42.474+0000] {processor.py:161} INFO - Started process (PID=20211) to work on /usr/local/python/3.10.13/lib/python3.10/site-packages/airflow/example_dags/example_task_group.py
[2024-07-02T19:41:42.475+0000] {processor.py:830} INFO - Processing file /usr/local/python/3.10.13/lib/python3.10/site-packages/airflow/example_dags/example_task_group.py for tasks to queue
[2024-07-02T19:41:42.476+0000] {logging_mixin.py:188} INFO - [2024-07-02T19:41:42.476+0000] {dagbag.py:545} INFO - Filling up the DagBag from /usr/local/python/3.10.13/lib/python3.10/site-packages/airflow/example_dags/example_task_group.py
[2024-07-02T19:41:42.482+0000] {processor.py:840} INFO - DAG(s) 'example_task_group' retrieved from /usr/local/python/3.10.13/lib/python3.10/site-packages/airflow/example_dags/example_task_group.py
[2024-07-02T19:41:42.494+0000] {logging_mixin.py:188} INFO - [2024-07-02T19:41:42.494+0000] {dag.py:3096} INFO - Sync 1 DAGs
[2024-07-02T19:41:42.514+0000] {logging_mixin.py:188} INFO - [2024-07-02T19:41:42.514+0000] {dag.py:3954} INFO - Setting next_dagrun for example_task_group to 2024-07-01 00:00:00+00:00, run_after=2024-07-02 00:00:00+00:00
[2024-07-02T19:41:42.555+0000] {processor.py:183} INFO - Processing /usr/local/python/3.10.13/lib/python3.10/site-packages/airflow/example_dags/example_task_group.py took 0.085 seconds
[2024-07-02T19:42:22.840+0000] {processor.py:161} INFO - Started process (PID=20520) to work on /usr/local/python/3.10.13/lib/python3.10/site-packages/airflow/example_dags/example_task_group.py
[2024-07-02T19:42:22.840+0000] {processor.py:830} INFO - Processing file /usr/local/python/3.10.13/lib/python3.10/site-packages/airflow/example_dags/example_task_group.py for tasks to queue
[2024-07-02T19:42:22.841+0000] {logging_mixin.py:188} INFO - [2024-07-02T19:42:22.841+0000] {dagbag.py:545} INFO - Filling up the DagBag from /usr/local/python/3.10.13/lib/python3.10/site-packages/airflow/example_dags/example_task_group.py
[2024-07-02T19:42:22.847+0000] {processor.py:840} INFO - DAG(s) 'example_task_group' retrieved from /usr/local/python/3.10.13/lib/python3.10/site-packages/airflow/example_dags/example_task_group.py
[2024-07-02T19:42:22.861+0000] {logging_mixin.py:188} INFO - [2024-07-02T19:42:22.861+0000] {dag.py:3096} INFO - Sync 1 DAGs
[2024-07-02T19:42:22.876+0000] {logging_mixin.py:188} INFO - [2024-07-02T19:42:22.876+0000] {dag.py:3954} INFO - Setting next_dagrun for example_task_group to 2024-07-01 00:00:00+00:00, run_after=2024-07-02 00:00:00+00:00
[2024-07-02T19:42:22.919+0000] {processor.py:183} INFO - Processing /usr/local/python/3.10.13/lib/python3.10/site-packages/airflow/example_dags/example_task_group.py took 0.084 seconds
[2024-07-02T19:43:11.216+0000] {processor.py:161} INFO - Started process (PID=20934) to work on /usr/local/python/3.10.13/lib/python3.10/site-packages/airflow/example_dags/example_task_group.py
[2024-07-02T19:43:11.217+0000] {processor.py:830} INFO - Processing file /usr/local/python/3.10.13/lib/python3.10/site-packages/airflow/example_dags/example_task_group.py for tasks to queue
[2024-07-02T19:43:11.218+0000] {logging_mixin.py:188} INFO - [2024-07-02T19:43:11.217+0000] {dagbag.py:545} INFO - Filling up the DagBag from /usr/local/python/3.10.13/lib/python3.10/site-packages/airflow/example_dags/example_task_group.py
[2024-07-02T19:43:11.224+0000] {processor.py:840} INFO - DAG(s) 'example_task_group' retrieved from /usr/local/python/3.10.13/lib/python3.10/site-packages/airflow/example_dags/example_task_group.py
[2024-07-02T19:43:11.236+0000] {logging_mixin.py:188} INFO - [2024-07-02T19:43:11.236+0000] {dag.py:3096} INFO - Sync 1 DAGs
[2024-07-02T19:43:11.251+0000] {logging_mixin.py:188} INFO - [2024-07-02T19:43:11.250+0000] {dag.py:3954} INFO - Setting next_dagrun for example_task_group to 2024-07-01 00:00:00+00:00, run_after=2024-07-02 00:00:00+00:00
[2024-07-02T19:43:11.292+0000] {processor.py:183} INFO - Processing /usr/local/python/3.10.13/lib/python3.10/site-packages/airflow/example_dags/example_task_group.py took 0.080 seconds
[2024-07-02T19:44:03.832+0000] {processor.py:161} INFO - Started process (PID=21328) to work on /usr/local/python/3.10.13/lib/python3.10/site-packages/airflow/example_dags/example_task_group.py
[2024-07-02T19:44:03.833+0000] {processor.py:830} INFO - Processing file /usr/local/python/3.10.13/lib/python3.10/site-packages/airflow/example_dags/example_task_group.py for tasks to queue
[2024-07-02T19:44:03.833+0000] {logging_mixin.py:188} INFO - [2024-07-02T19:44:03.833+0000] {dagbag.py:545} INFO - Filling up the DagBag from /usr/local/python/3.10.13/lib/python3.10/site-packages/airflow/example_dags/example_task_group.py
[2024-07-02T19:44:03.839+0000] {processor.py:840} INFO - DAG(s) 'example_task_group' retrieved from /usr/local/python/3.10.13/lib/python3.10/site-packages/airflow/example_dags/example_task_group.py
[2024-07-02T19:44:03.852+0000] {logging_mixin.py:188} INFO - [2024-07-02T19:44:03.851+0000] {dag.py:3096} INFO - Sync 1 DAGs
[2024-07-02T19:44:03.867+0000] {logging_mixin.py:188} INFO - [2024-07-02T19:44:03.866+0000] {dag.py:3954} INFO - Setting next_dagrun for example_task_group to 2024-07-01 00:00:00+00:00, run_after=2024-07-02 00:00:00+00:00
[2024-07-02T19:44:03.906+0000] {processor.py:183} INFO - Processing /usr/local/python/3.10.13/lib/python3.10/site-packages/airflow/example_dags/example_task_group.py took 0.079 seconds
[2024-07-02T19:44:48.046+0000] {processor.py:161} INFO - Started process (PID=21671) to work on /usr/local/python/3.10.13/lib/python3.10/site-packages/airflow/example_dags/example_task_group.py
[2024-07-02T19:44:48.047+0000] {processor.py:830} INFO - Processing file /usr/local/python/3.10.13/lib/python3.10/site-packages/airflow/example_dags/example_task_group.py for tasks to queue
[2024-07-02T19:44:48.047+0000] {logging_mixin.py:188} INFO - [2024-07-02T19:44:48.047+0000] {dagbag.py:545} INFO - Filling up the DagBag from /usr/local/python/3.10.13/lib/python3.10/site-packages/airflow/example_dags/example_task_group.py
[2024-07-02T19:44:48.053+0000] {processor.py:840} INFO - DAG(s) 'example_task_group' retrieved from /usr/local/python/3.10.13/lib/python3.10/site-packages/airflow/example_dags/example_task_group.py
[2024-07-02T19:44:48.066+0000] {logging_mixin.py:188} INFO - [2024-07-02T19:44:48.065+0000] {dag.py:3096} INFO - Sync 1 DAGs
[2024-07-02T19:44:48.080+0000] {logging_mixin.py:188} INFO - [2024-07-02T19:44:48.080+0000] {dag.py:3954} INFO - Setting next_dagrun for example_task_group to 2024-07-01 00:00:00+00:00, run_after=2024-07-02 00:00:00+00:00
[2024-07-02T19:44:48.119+0000] {processor.py:183} INFO - Processing /usr/local/python/3.10.13/lib/python3.10/site-packages/airflow/example_dags/example_task_group.py took 0.078 seconds
[2024-07-02T19:45:28.039+0000] {processor.py:161} INFO - Started process (PID=21975) to work on /usr/local/python/3.10.13/lib/python3.10/site-packages/airflow/example_dags/example_task_group.py
[2024-07-02T19:45:28.039+0000] {processor.py:830} INFO - Processing file /usr/local/python/3.10.13/lib/python3.10/site-packages/airflow/example_dags/example_task_group.py for tasks to queue
[2024-07-02T19:45:28.040+0000] {logging_mixin.py:188} INFO - [2024-07-02T19:45:28.040+0000] {dagbag.py:545} INFO - Filling up the DagBag from /usr/local/python/3.10.13/lib/python3.10/site-packages/airflow/example_dags/example_task_group.py
[2024-07-02T19:45:28.049+0000] {processor.py:840} INFO - DAG(s) 'example_task_group' retrieved from /usr/local/python/3.10.13/lib/python3.10/site-packages/airflow/example_dags/example_task_group.py
[2024-07-02T19:45:28.069+0000] {logging_mixin.py:188} INFO - [2024-07-02T19:45:28.068+0000] {dag.py:3096} INFO - Sync 1 DAGs
[2024-07-02T19:45:28.085+0000] {logging_mixin.py:188} INFO - [2024-07-02T19:45:28.085+0000] {dag.py:3954} INFO - Setting next_dagrun for example_task_group to 2024-07-01 00:00:00+00:00, run_after=2024-07-02 00:00:00+00:00
[2024-07-02T19:45:28.126+0000] {processor.py:183} INFO - Processing /usr/local/python/3.10.13/lib/python3.10/site-packages/airflow/example_dags/example_task_group.py took 0.092 seconds
[2024-07-02T19:46:10.488+0000] {processor.py:161} INFO - Started process (PID=22263) to work on /usr/local/python/3.10.13/lib/python3.10/site-packages/airflow/example_dags/example_task_group.py
[2024-07-02T19:46:10.488+0000] {processor.py:830} INFO - Processing file /usr/local/python/3.10.13/lib/python3.10/site-packages/airflow/example_dags/example_task_group.py for tasks to queue
[2024-07-02T19:46:10.489+0000] {logging_mixin.py:188} INFO - [2024-07-02T19:46:10.489+0000] {dagbag.py:545} INFO - Filling up the DagBag from /usr/local/python/3.10.13/lib/python3.10/site-packages/airflow/example_dags/example_task_group.py
[2024-07-02T19:46:10.495+0000] {processor.py:840} INFO - DAG(s) 'example_task_group' retrieved from /usr/local/python/3.10.13/lib/python3.10/site-packages/airflow/example_dags/example_task_group.py
[2024-07-02T19:46:10.512+0000] {logging_mixin.py:188} INFO - [2024-07-02T19:46:10.512+0000] {dag.py:3096} INFO - Sync 1 DAGs
[2024-07-02T19:46:10.526+0000] {logging_mixin.py:188} INFO - [2024-07-02T19:46:10.526+0000] {dag.py:3954} INFO - Setting next_dagrun for example_task_group to 2024-07-01 00:00:00+00:00, run_after=2024-07-02 00:00:00+00:00
[2024-07-02T19:46:10.566+0000] {processor.py:183} INFO - Processing /usr/local/python/3.10.13/lib/python3.10/site-packages/airflow/example_dags/example_task_group.py took 0.084 seconds
[2024-07-02T19:46:56.084+0000] {processor.py:161} INFO - Started process (PID=22572) to work on /usr/local/python/3.10.13/lib/python3.10/site-packages/airflow/example_dags/example_task_group.py
[2024-07-02T19:46:56.085+0000] {processor.py:830} INFO - Processing file /usr/local/python/3.10.13/lib/python3.10/site-packages/airflow/example_dags/example_task_group.py for tasks to queue
[2024-07-02T19:46:56.086+0000] {logging_mixin.py:188} INFO - [2024-07-02T19:46:56.085+0000] {dagbag.py:545} INFO - Filling up the DagBag from /usr/local/python/3.10.13/lib/python3.10/site-packages/airflow/example_dags/example_task_group.py
[2024-07-02T19:46:56.092+0000] {processor.py:840} INFO - DAG(s) 'example_task_group' retrieved from /usr/local/python/3.10.13/lib/python3.10/site-packages/airflow/example_dags/example_task_group.py
[2024-07-02T19:46:56.105+0000] {logging_mixin.py:188} INFO - [2024-07-02T19:46:56.105+0000] {dag.py:3096} INFO - Sync 1 DAGs
[2024-07-02T19:46:56.119+0000] {logging_mixin.py:188} INFO - [2024-07-02T19:46:56.119+0000] {dag.py:3954} INFO - Setting next_dagrun for example_task_group to 2024-07-01 00:00:00+00:00, run_after=2024-07-02 00:00:00+00:00
[2024-07-02T19:46:56.158+0000] {processor.py:183} INFO - Processing /usr/local/python/3.10.13/lib/python3.10/site-packages/airflow/example_dags/example_task_group.py took 0.079 seconds
[2024-07-02T19:47:42.797+0000] {processor.py:161} INFO - Started process (PID=22905) to work on /usr/local/python/3.10.13/lib/python3.10/site-packages/airflow/example_dags/example_task_group.py
[2024-07-02T19:47:42.798+0000] {processor.py:830} INFO - Processing file /usr/local/python/3.10.13/lib/python3.10/site-packages/airflow/example_dags/example_task_group.py for tasks to queue
[2024-07-02T19:47:42.799+0000] {logging_mixin.py:188} INFO - [2024-07-02T19:47:42.799+0000] {dagbag.py:545} INFO - Filling up the DagBag from /usr/local/python/3.10.13/lib/python3.10/site-packages/airflow/example_dags/example_task_group.py
[2024-07-02T19:47:42.805+0000] {processor.py:840} INFO - DAG(s) 'example_task_group' retrieved from /usr/local/python/3.10.13/lib/python3.10/site-packages/airflow/example_dags/example_task_group.py
[2024-07-02T19:47:42.818+0000] {logging_mixin.py:188} INFO - [2024-07-02T19:47:42.817+0000] {dag.py:3096} INFO - Sync 1 DAGs
[2024-07-02T19:47:42.833+0000] {logging_mixin.py:188} INFO - [2024-07-02T19:47:42.833+0000] {dag.py:3954} INFO - Setting next_dagrun for example_task_group to 2024-07-01 00:00:00+00:00, run_after=2024-07-02 00:00:00+00:00
[2024-07-02T19:47:42.871+0000] {processor.py:183} INFO - Processing /usr/local/python/3.10.13/lib/python3.10/site-packages/airflow/example_dags/example_task_group.py took 0.078 seconds
[2024-07-02T19:48:24.263+0000] {processor.py:161} INFO - Started process (PID=23194) to work on /usr/local/python/3.10.13/lib/python3.10/site-packages/airflow/example_dags/example_task_group.py
[2024-07-02T19:48:24.264+0000] {processor.py:830} INFO - Processing file /usr/local/python/3.10.13/lib/python3.10/site-packages/airflow/example_dags/example_task_group.py for tasks to queue
[2024-07-02T19:48:24.265+0000] {logging_mixin.py:188} INFO - [2024-07-02T19:48:24.265+0000] {dagbag.py:545} INFO - Filling up the DagBag from /usr/local/python/3.10.13/lib/python3.10/site-packages/airflow/example_dags/example_task_group.py
[2024-07-02T19:48:24.271+0000] {processor.py:840} INFO - DAG(s) 'example_task_group' retrieved from /usr/local/python/3.10.13/lib/python3.10/site-packages/airflow/example_dags/example_task_group.py
[2024-07-02T19:48:24.284+0000] {logging_mixin.py:188} INFO - [2024-07-02T19:48:24.284+0000] {dag.py:3096} INFO - Sync 1 DAGs
[2024-07-02T19:48:24.298+0000] {logging_mixin.py:188} INFO - [2024-07-02T19:48:24.298+0000] {dag.py:3954} INFO - Setting next_dagrun for example_task_group to 2024-07-01 00:00:00+00:00, run_after=2024-07-02 00:00:00+00:00
[2024-07-02T19:48:24.339+0000] {processor.py:183} INFO - Processing /usr/local/python/3.10.13/lib/python3.10/site-packages/airflow/example_dags/example_task_group.py took 0.081 seconds
[2024-07-02T19:49:07.015+0000] {processor.py:161} INFO - Started process (PID=23516) to work on /usr/local/python/3.10.13/lib/python3.10/site-packages/airflow/example_dags/example_task_group.py
[2024-07-02T19:49:07.016+0000] {processor.py:830} INFO - Processing file /usr/local/python/3.10.13/lib/python3.10/site-packages/airflow/example_dags/example_task_group.py for tasks to queue
[2024-07-02T19:49:07.017+0000] {logging_mixin.py:188} INFO - [2024-07-02T19:49:07.016+0000] {dagbag.py:545} INFO - Filling up the DagBag from /usr/local/python/3.10.13/lib/python3.10/site-packages/airflow/example_dags/example_task_group.py
[2024-07-02T19:49:07.023+0000] {processor.py:840} INFO - DAG(s) 'example_task_group' retrieved from /usr/local/python/3.10.13/lib/python3.10/site-packages/airflow/example_dags/example_task_group.py
[2024-07-02T19:49:07.035+0000] {logging_mixin.py:188} INFO - [2024-07-02T19:49:07.035+0000] {dag.py:3096} INFO - Sync 1 DAGs
[2024-07-02T19:49:07.049+0000] {logging_mixin.py:188} INFO - [2024-07-02T19:49:07.049+0000] {dag.py:3954} INFO - Setting next_dagrun for example_task_group to 2024-07-01 00:00:00+00:00, run_after=2024-07-02 00:00:00+00:00
[2024-07-02T19:49:07.089+0000] {processor.py:183} INFO - Processing /usr/local/python/3.10.13/lib/python3.10/site-packages/airflow/example_dags/example_task_group.py took 0.078 seconds
[2024-07-02T19:49:52.418+0000] {processor.py:161} INFO - Started process (PID=23874) to work on /usr/local/python/3.10.13/lib/python3.10/site-packages/airflow/example_dags/example_task_group.py
[2024-07-02T19:49:52.419+0000] {processor.py:830} INFO - Processing file /usr/local/python/3.10.13/lib/python3.10/site-packages/airflow/example_dags/example_task_group.py for tasks to queue
[2024-07-02T19:49:52.420+0000] {logging_mixin.py:188} INFO - [2024-07-02T19:49:52.419+0000] {dagbag.py:545} INFO - Filling up the DagBag from /usr/local/python/3.10.13/lib/python3.10/site-packages/airflow/example_dags/example_task_group.py
[2024-07-02T19:49:52.427+0000] {processor.py:840} INFO - DAG(s) 'example_task_group' retrieved from /usr/local/python/3.10.13/lib/python3.10/site-packages/airflow/example_dags/example_task_group.py
[2024-07-02T19:49:52.446+0000] {logging_mixin.py:188} INFO - [2024-07-02T19:49:52.446+0000] {dag.py:3096} INFO - Sync 1 DAGs
[2024-07-02T19:49:52.468+0000] {logging_mixin.py:188} INFO - [2024-07-02T19:49:52.467+0000] {dag.py:3954} INFO - Setting next_dagrun for example_task_group to 2024-07-01 00:00:00+00:00, run_after=2024-07-02 00:00:00+00:00
[2024-07-02T19:49:52.513+0000] {processor.py:183} INFO - Processing /usr/local/python/3.10.13/lib/python3.10/site-packages/airflow/example_dags/example_task_group.py took 0.099 seconds
[2024-07-02T19:50:37.131+0000] {processor.py:161} INFO - Started process (PID=24208) to work on /usr/local/python/3.10.13/lib/python3.10/site-packages/airflow/example_dags/example_task_group.py
[2024-07-02T19:50:37.131+0000] {processor.py:830} INFO - Processing file /usr/local/python/3.10.13/lib/python3.10/site-packages/airflow/example_dags/example_task_group.py for tasks to queue
[2024-07-02T19:50:37.132+0000] {logging_mixin.py:188} INFO - [2024-07-02T19:50:37.132+0000] {dagbag.py:545} INFO - Filling up the DagBag from /usr/local/python/3.10.13/lib/python3.10/site-packages/airflow/example_dags/example_task_group.py
[2024-07-02T19:50:37.138+0000] {processor.py:840} INFO - DAG(s) 'example_task_group' retrieved from /usr/local/python/3.10.13/lib/python3.10/site-packages/airflow/example_dags/example_task_group.py
[2024-07-02T19:50:37.150+0000] {logging_mixin.py:188} INFO - [2024-07-02T19:50:37.150+0000] {dag.py:3096} INFO - Sync 1 DAGs
[2024-07-02T19:50:37.164+0000] {logging_mixin.py:188} INFO - [2024-07-02T19:50:37.164+0000] {dag.py:3954} INFO - Setting next_dagrun for example_task_group to 2024-07-01 00:00:00+00:00, run_after=2024-07-02 00:00:00+00:00
[2024-07-02T19:50:37.206+0000] {processor.py:183} INFO - Processing /usr/local/python/3.10.13/lib/python3.10/site-packages/airflow/example_dags/example_task_group.py took 0.079 seconds
[2024-07-02T19:51:21.729+0000] {processor.py:161} INFO - Started process (PID=24556) to work on /usr/local/python/3.10.13/lib/python3.10/site-packages/airflow/example_dags/example_task_group.py
[2024-07-02T19:51:21.730+0000] {processor.py:830} INFO - Processing file /usr/local/python/3.10.13/lib/python3.10/site-packages/airflow/example_dags/example_task_group.py for tasks to queue
[2024-07-02T19:51:21.731+0000] {logging_mixin.py:188} INFO - [2024-07-02T19:51:21.730+0000] {dagbag.py:545} INFO - Filling up the DagBag from /usr/local/python/3.10.13/lib/python3.10/site-packages/airflow/example_dags/example_task_group.py
[2024-07-02T19:51:21.736+0000] {processor.py:840} INFO - DAG(s) 'example_task_group' retrieved from /usr/local/python/3.10.13/lib/python3.10/site-packages/airflow/example_dags/example_task_group.py
[2024-07-02T19:51:21.749+0000] {logging_mixin.py:188} INFO - [2024-07-02T19:51:21.748+0000] {dag.py:3096} INFO - Sync 1 DAGs
[2024-07-02T19:51:21.763+0000] {logging_mixin.py:188} INFO - [2024-07-02T19:51:21.763+0000] {dag.py:3954} INFO - Setting next_dagrun for example_task_group to 2024-07-01 00:00:00+00:00, run_after=2024-07-02 00:00:00+00:00
[2024-07-02T19:51:21.804+0000] {processor.py:183} INFO - Processing /usr/local/python/3.10.13/lib/python3.10/site-packages/airflow/example_dags/example_task_group.py took 0.079 seconds
[2024-07-02T19:52:06.108+0000] {processor.py:161} INFO - Started process (PID=24882) to work on /usr/local/python/3.10.13/lib/python3.10/site-packages/airflow/example_dags/example_task_group.py
[2024-07-02T19:52:06.109+0000] {processor.py:830} INFO - Processing file /usr/local/python/3.10.13/lib/python3.10/site-packages/airflow/example_dags/example_task_group.py for tasks to queue
[2024-07-02T19:52:06.109+0000] {logging_mixin.py:188} INFO - [2024-07-02T19:52:06.109+0000] {dagbag.py:545} INFO - Filling up the DagBag from /usr/local/python/3.10.13/lib/python3.10/site-packages/airflow/example_dags/example_task_group.py
[2024-07-02T19:52:06.117+0000] {processor.py:840} INFO - DAG(s) 'example_task_group' retrieved from /usr/local/python/3.10.13/lib/python3.10/site-packages/airflow/example_dags/example_task_group.py
[2024-07-02T19:52:06.137+0000] {logging_mixin.py:188} INFO - [2024-07-02T19:52:06.136+0000] {dag.py:3096} INFO - Sync 1 DAGs
[2024-07-02T19:52:06.158+0000] {logging_mixin.py:188} INFO - [2024-07-02T19:52:06.158+0000] {dag.py:3954} INFO - Setting next_dagrun for example_task_group to 2024-07-01 00:00:00+00:00, run_after=2024-07-02 00:00:00+00:00
[2024-07-02T19:52:06.202+0000] {processor.py:183} INFO - Processing /usr/local/python/3.10.13/lib/python3.10/site-packages/airflow/example_dags/example_task_group.py took 0.098 seconds
[2024-07-02T19:52:50.891+0000] {processor.py:161} INFO - Started process (PID=25215) to work on /usr/local/python/3.10.13/lib/python3.10/site-packages/airflow/example_dags/example_task_group.py
[2024-07-02T19:52:50.891+0000] {processor.py:830} INFO - Processing file /usr/local/python/3.10.13/lib/python3.10/site-packages/airflow/example_dags/example_task_group.py for tasks to queue
[2024-07-02T19:52:50.892+0000] {logging_mixin.py:188} INFO - [2024-07-02T19:52:50.892+0000] {dagbag.py:545} INFO - Filling up the DagBag from /usr/local/python/3.10.13/lib/python3.10/site-packages/airflow/example_dags/example_task_group.py
[2024-07-02T19:52:50.898+0000] {processor.py:840} INFO - DAG(s) 'example_task_group' retrieved from /usr/local/python/3.10.13/lib/python3.10/site-packages/airflow/example_dags/example_task_group.py
[2024-07-02T19:52:50.910+0000] {logging_mixin.py:188} INFO - [2024-07-02T19:52:50.910+0000] {dag.py:3096} INFO - Sync 1 DAGs
[2024-07-02T19:52:50.925+0000] {logging_mixin.py:188} INFO - [2024-07-02T19:52:50.925+0000] {dag.py:3954} INFO - Setting next_dagrun for example_task_group to 2024-07-01 00:00:00+00:00, run_after=2024-07-02 00:00:00+00:00
[2024-07-02T19:52:50.970+0000] {processor.py:183} INFO - Processing /usr/local/python/3.10.13/lib/python3.10/site-packages/airflow/example_dags/example_task_group.py took 0.084 seconds
[2024-07-02T19:53:35.053+0000] {processor.py:161} INFO - Started process (PID=25561) to work on /usr/local/python/3.10.13/lib/python3.10/site-packages/airflow/example_dags/example_task_group.py
[2024-07-02T19:53:35.054+0000] {processor.py:830} INFO - Processing file /usr/local/python/3.10.13/lib/python3.10/site-packages/airflow/example_dags/example_task_group.py for tasks to queue
[2024-07-02T19:53:35.054+0000] {logging_mixin.py:188} INFO - [2024-07-02T19:53:35.054+0000] {dagbag.py:545} INFO - Filling up the DagBag from /usr/local/python/3.10.13/lib/python3.10/site-packages/airflow/example_dags/example_task_group.py
[2024-07-02T19:53:35.060+0000] {processor.py:840} INFO - DAG(s) 'example_task_group' retrieved from /usr/local/python/3.10.13/lib/python3.10/site-packages/airflow/example_dags/example_task_group.py
[2024-07-02T19:53:35.073+0000] {logging_mixin.py:188} INFO - [2024-07-02T19:53:35.073+0000] {dag.py:3096} INFO - Sync 1 DAGs
[2024-07-02T19:53:35.087+0000] {logging_mixin.py:188} INFO - [2024-07-02T19:53:35.087+0000] {dag.py:3954} INFO - Setting next_dagrun for example_task_group to 2024-07-01 00:00:00+00:00, run_after=2024-07-02 00:00:00+00:00
[2024-07-02T19:53:35.127+0000] {processor.py:183} INFO - Processing /usr/local/python/3.10.13/lib/python3.10/site-packages/airflow/example_dags/example_task_group.py took 0.079 seconds
[2024-07-02T19:54:20.073+0000] {processor.py:161} INFO - Started process (PID=25888) to work on /usr/local/python/3.10.13/lib/python3.10/site-packages/airflow/example_dags/example_task_group.py
[2024-07-02T19:54:20.074+0000] {processor.py:830} INFO - Processing file /usr/local/python/3.10.13/lib/python3.10/site-packages/airflow/example_dags/example_task_group.py for tasks to queue
[2024-07-02T19:54:20.074+0000] {logging_mixin.py:188} INFO - [2024-07-02T19:54:20.074+0000] {dagbag.py:545} INFO - Filling up the DagBag from /usr/local/python/3.10.13/lib/python3.10/site-packages/airflow/example_dags/example_task_group.py
[2024-07-02T19:54:20.080+0000] {processor.py:840} INFO - DAG(s) 'example_task_group' retrieved from /usr/local/python/3.10.13/lib/python3.10/site-packages/airflow/example_dags/example_task_group.py
[2024-07-02T19:54:20.093+0000] {logging_mixin.py:188} INFO - [2024-07-02T19:54:20.092+0000] {dag.py:3096} INFO - Sync 1 DAGs
[2024-07-02T19:54:20.107+0000] {logging_mixin.py:188} INFO - [2024-07-02T19:54:20.107+0000] {dag.py:3954} INFO - Setting next_dagrun for example_task_group to 2024-07-01 00:00:00+00:00, run_after=2024-07-02 00:00:00+00:00
[2024-07-02T19:54:20.149+0000] {processor.py:183} INFO - Processing /usr/local/python/3.10.13/lib/python3.10/site-packages/airflow/example_dags/example_task_group.py took 0.080 seconds
[2024-07-02T19:55:02.050+0000] {processor.py:161} INFO - Started process (PID=26216) to work on /usr/local/python/3.10.13/lib/python3.10/site-packages/airflow/example_dags/example_task_group.py
[2024-07-02T19:55:02.051+0000] {processor.py:830} INFO - Processing file /usr/local/python/3.10.13/lib/python3.10/site-packages/airflow/example_dags/example_task_group.py for tasks to queue
[2024-07-02T19:55:02.052+0000] {logging_mixin.py:188} INFO - [2024-07-02T19:55:02.051+0000] {dagbag.py:545} INFO - Filling up the DagBag from /usr/local/python/3.10.13/lib/python3.10/site-packages/airflow/example_dags/example_task_group.py
[2024-07-02T19:55:02.057+0000] {processor.py:840} INFO - DAG(s) 'example_task_group' retrieved from /usr/local/python/3.10.13/lib/python3.10/site-packages/airflow/example_dags/example_task_group.py
[2024-07-02T19:55:02.070+0000] {logging_mixin.py:188} INFO - [2024-07-02T19:55:02.070+0000] {dag.py:3096} INFO - Sync 1 DAGs
[2024-07-02T19:55:02.084+0000] {logging_mixin.py:188} INFO - [2024-07-02T19:55:02.084+0000] {dag.py:3954} INFO - Setting next_dagrun for example_task_group to 2024-07-01 00:00:00+00:00, run_after=2024-07-02 00:00:00+00:00
[2024-07-02T19:55:02.125+0000] {processor.py:183} INFO - Processing /usr/local/python/3.10.13/lib/python3.10/site-packages/airflow/example_dags/example_task_group.py took 0.079 seconds
[2024-07-02T19:55:46.972+0000] {processor.py:161} INFO - Started process (PID=26564) to work on /usr/local/python/3.10.13/lib/python3.10/site-packages/airflow/example_dags/example_task_group.py
[2024-07-02T19:55:46.973+0000] {processor.py:830} INFO - Processing file /usr/local/python/3.10.13/lib/python3.10/site-packages/airflow/example_dags/example_task_group.py for tasks to queue
[2024-07-02T19:55:46.974+0000] {logging_mixin.py:188} INFO - [2024-07-02T19:55:46.973+0000] {dagbag.py:545} INFO - Filling up the DagBag from /usr/local/python/3.10.13/lib/python3.10/site-packages/airflow/example_dags/example_task_group.py
[2024-07-02T19:55:46.982+0000] {processor.py:840} INFO - DAG(s) 'example_task_group' retrieved from /usr/local/python/3.10.13/lib/python3.10/site-packages/airflow/example_dags/example_task_group.py
[2024-07-02T19:55:46.998+0000] {logging_mixin.py:188} INFO - [2024-07-02T19:55:46.998+0000] {dag.py:3096} INFO - Sync 1 DAGs
[2024-07-02T19:55:47.013+0000] {logging_mixin.py:188} INFO - [2024-07-02T19:55:47.013+0000] {dag.py:3954} INFO - Setting next_dagrun for example_task_group to 2024-07-01 00:00:00+00:00, run_after=2024-07-02 00:00:00+00:00
[2024-07-02T19:55:47.052+0000] {processor.py:183} INFO - Processing /usr/local/python/3.10.13/lib/python3.10/site-packages/airflow/example_dags/example_task_group.py took 0.086 seconds
[2024-07-02T19:56:31.268+0000] {processor.py:161} INFO - Started process (PID=26969) to work on /usr/local/python/3.10.13/lib/python3.10/site-packages/airflow/example_dags/example_task_group.py
[2024-07-02T19:56:31.269+0000] {processor.py:830} INFO - Processing file /usr/local/python/3.10.13/lib/python3.10/site-packages/airflow/example_dags/example_task_group.py for tasks to queue
[2024-07-02T19:56:31.270+0000] {logging_mixin.py:188} INFO - [2024-07-02T19:56:31.270+0000] {dagbag.py:545} INFO - Filling up the DagBag from /usr/local/python/3.10.13/lib/python3.10/site-packages/airflow/example_dags/example_task_group.py
[2024-07-02T19:56:31.277+0000] {processor.py:840} INFO - DAG(s) 'example_task_group' retrieved from /usr/local/python/3.10.13/lib/python3.10/site-packages/airflow/example_dags/example_task_group.py
[2024-07-02T19:56:31.290+0000] {logging_mixin.py:188} INFO - [2024-07-02T19:56:31.290+0000] {dag.py:3096} INFO - Sync 1 DAGs
[2024-07-02T19:56:31.305+0000] {logging_mixin.py:188} INFO - [2024-07-02T19:56:31.305+0000] {dag.py:3954} INFO - Setting next_dagrun for example_task_group to 2024-07-01 00:00:00+00:00, run_after=2024-07-02 00:00:00+00:00
[2024-07-02T19:56:31.345+0000] {processor.py:183} INFO - Processing /usr/local/python/3.10.13/lib/python3.10/site-packages/airflow/example_dags/example_task_group.py took 0.082 seconds
[2024-07-02T19:57:27.305+0000] {processor.py:161} INFO - Started process (PID=27443) to work on /usr/local/python/3.10.13/lib/python3.10/site-packages/airflow/example_dags/example_task_group.py
[2024-07-02T19:57:27.305+0000] {processor.py:830} INFO - Processing file /usr/local/python/3.10.13/lib/python3.10/site-packages/airflow/example_dags/example_task_group.py for tasks to queue
[2024-07-02T19:57:27.306+0000] {logging_mixin.py:188} INFO - [2024-07-02T19:57:27.306+0000] {dagbag.py:545} INFO - Filling up the DagBag from /usr/local/python/3.10.13/lib/python3.10/site-packages/airflow/example_dags/example_task_group.py
[2024-07-02T19:57:27.312+0000] {processor.py:840} INFO - DAG(s) 'example_task_group' retrieved from /usr/local/python/3.10.13/lib/python3.10/site-packages/airflow/example_dags/example_task_group.py
[2024-07-02T19:57:27.325+0000] {logging_mixin.py:188} INFO - [2024-07-02T19:57:27.324+0000] {dag.py:3096} INFO - Sync 1 DAGs
[2024-07-02T19:57:27.339+0000] {logging_mixin.py:188} INFO - [2024-07-02T19:57:27.339+0000] {dag.py:3954} INFO - Setting next_dagrun for example_task_group to 2024-07-01 00:00:00+00:00, run_after=2024-07-02 00:00:00+00:00
[2024-07-02T19:57:27.382+0000] {processor.py:183} INFO - Processing /usr/local/python/3.10.13/lib/python3.10/site-packages/airflow/example_dags/example_task_group.py took 0.082 seconds
