[2024-07-02T19:10:27.819+0000] {processor.py:161} INFO - Started process (PID=5622) to work on /usr/local/python/3.10.13/lib/python3.10/site-packages/airflow/example_dags/example_sla_dag.py
[2024-07-02T19:10:27.819+0000] {processor.py:830} INFO - Processing file /usr/local/python/3.10.13/lib/python3.10/site-packages/airflow/example_dags/example_sla_dag.py for tasks to queue
[2024-07-02T19:10:27.821+0000] {logging_mixin.py:188} INFO - [2024-07-02T19:10:27.820+0000] {dagbag.py:545} INFO - Filling up the DagBag from /usr/local/python/3.10.13/lib/python3.10/site-packages/airflow/example_dags/example_sla_dag.py
[2024-07-02T19:10:27.832+0000] {processor.py:840} INFO - DAG(s) 'example_sla_dag' retrieved from /usr/local/python/3.10.13/lib/python3.10/site-packages/airflow/example_dags/example_sla_dag.py
[2024-07-02T19:10:28.032+0000] {logging_mixin.py:188} INFO - [2024-07-02T19:10:28.032+0000] {override.py:1829} INFO - Created Permission View: can edit on DAG:example_sla_dag
[2024-07-02T19:10:28.065+0000] {logging_mixin.py:188} INFO - [2024-07-02T19:10:28.065+0000] {override.py:1829} INFO - Created Permission View: can read on DAG:example_sla_dag
[2024-07-02T19:10:28.096+0000] {logging_mixin.py:188} INFO - [2024-07-02T19:10:28.095+0000] {override.py:1829} INFO - Created Permission View: can delete on DAG:example_sla_dag
[2024-07-02T19:10:28.096+0000] {logging_mixin.py:188} INFO - [2024-07-02T19:10:28.096+0000] {dag.py:3096} INFO - Sync 1 DAGs
[2024-07-02T19:10:28.105+0000] {logging_mixin.py:188} INFO - [2024-07-02T19:10:28.104+0000] {dag.py:3118} INFO - Creating ORM DAG for example_sla_dag
[2024-07-02T19:10:28.113+0000] {logging_mixin.py:188} INFO - [2024-07-02T19:10:28.113+0000] {dag.py:3954} INFO - Setting next_dagrun for example_sla_dag to 2024-07-02 19:08:00+00:00, run_after=2024-07-02 19:10:00+00:00
[2024-07-02T19:10:28.160+0000] {processor.py:183} INFO - Processing /usr/local/python/3.10.13/lib/python3.10/site-packages/airflow/example_dags/example_sla_dag.py took 0.346 seconds
[2024-07-02T19:11:30.134+0000] {processor.py:161} INFO - Started process (PID=6084) to work on /usr/local/python/3.10.13/lib/python3.10/site-packages/airflow/example_dags/example_sla_dag.py
[2024-07-02T19:11:30.135+0000] {processor.py:830} INFO - Processing file /usr/local/python/3.10.13/lib/python3.10/site-packages/airflow/example_dags/example_sla_dag.py for tasks to queue
[2024-07-02T19:11:30.136+0000] {logging_mixin.py:188} INFO - [2024-07-02T19:11:30.136+0000] {dagbag.py:545} INFO - Filling up the DagBag from /usr/local/python/3.10.13/lib/python3.10/site-packages/airflow/example_dags/example_sla_dag.py
[2024-07-02T19:11:30.142+0000] {processor.py:840} INFO - DAG(s) 'example_sla_dag' retrieved from /usr/local/python/3.10.13/lib/python3.10/site-packages/airflow/example_dags/example_sla_dag.py
[2024-07-02T19:11:30.153+0000] {logging_mixin.py:188} INFO - [2024-07-02T19:11:30.153+0000] {dag.py:3096} INFO - Sync 1 DAGs
[2024-07-02T19:11:30.170+0000] {logging_mixin.py:188} INFO - [2024-07-02T19:11:30.169+0000] {dag.py:3954} INFO - Setting next_dagrun for example_sla_dag to 2024-07-02 19:08:00+00:00, run_after=2024-07-02 19:10:00+00:00
[2024-07-02T19:11:30.210+0000] {processor.py:183} INFO - Processing /usr/local/python/3.10.13/lib/python3.10/site-packages/airflow/example_dags/example_sla_dag.py took 0.080 seconds
[2024-07-02T19:12:19.305+0000] {processor.py:161} INFO - Started process (PID=6465) to work on /usr/local/python/3.10.13/lib/python3.10/site-packages/airflow/example_dags/example_sla_dag.py
[2024-07-02T19:12:19.305+0000] {processor.py:830} INFO - Processing file /usr/local/python/3.10.13/lib/python3.10/site-packages/airflow/example_dags/example_sla_dag.py for tasks to queue
[2024-07-02T19:12:19.306+0000] {logging_mixin.py:188} INFO - [2024-07-02T19:12:19.306+0000] {dagbag.py:545} INFO - Filling up the DagBag from /usr/local/python/3.10.13/lib/python3.10/site-packages/airflow/example_dags/example_sla_dag.py
[2024-07-02T19:12:19.313+0000] {processor.py:840} INFO - DAG(s) 'example_sla_dag' retrieved from /usr/local/python/3.10.13/lib/python3.10/site-packages/airflow/example_dags/example_sla_dag.py
[2024-07-02T19:12:19.323+0000] {logging_mixin.py:188} INFO - [2024-07-02T19:12:19.323+0000] {dag.py:3096} INFO - Sync 1 DAGs
[2024-07-02T19:12:19.340+0000] {logging_mixin.py:188} INFO - [2024-07-02T19:12:19.340+0000] {dag.py:3954} INFO - Setting next_dagrun for example_sla_dag to 2024-07-02 19:10:00+00:00, run_after=2024-07-02 19:12:00+00:00
[2024-07-02T19:12:19.381+0000] {processor.py:183} INFO - Processing /usr/local/python/3.10.13/lib/python3.10/site-packages/airflow/example_dags/example_sla_dag.py took 0.081 seconds
[2024-07-02T19:13:10.840+0000] {processor.py:161} INFO - Started process (PID=6847) to work on /usr/local/python/3.10.13/lib/python3.10/site-packages/airflow/example_dags/example_sla_dag.py
[2024-07-02T19:13:10.841+0000] {processor.py:830} INFO - Processing file /usr/local/python/3.10.13/lib/python3.10/site-packages/airflow/example_dags/example_sla_dag.py for tasks to queue
[2024-07-02T19:13:10.842+0000] {logging_mixin.py:188} INFO - [2024-07-02T19:13:10.842+0000] {dagbag.py:545} INFO - Filling up the DagBag from /usr/local/python/3.10.13/lib/python3.10/site-packages/airflow/example_dags/example_sla_dag.py
[2024-07-02T19:13:10.848+0000] {processor.py:840} INFO - DAG(s) 'example_sla_dag' retrieved from /usr/local/python/3.10.13/lib/python3.10/site-packages/airflow/example_dags/example_sla_dag.py
[2024-07-02T19:13:10.859+0000] {logging_mixin.py:188} INFO - [2024-07-02T19:13:10.859+0000] {dag.py:3096} INFO - Sync 1 DAGs
[2024-07-02T19:13:10.876+0000] {logging_mixin.py:188} INFO - [2024-07-02T19:13:10.876+0000] {dag.py:3954} INFO - Setting next_dagrun for example_sla_dag to 2024-07-02 19:10:00+00:00, run_after=2024-07-02 19:12:00+00:00
[2024-07-02T19:13:10.926+0000] {processor.py:183} INFO - Processing /usr/local/python/3.10.13/lib/python3.10/site-packages/airflow/example_dags/example_sla_dag.py took 0.090 seconds
[2024-07-02T19:13:52.091+0000] {processor.py:161} INFO - Started process (PID=7169) to work on /usr/local/python/3.10.13/lib/python3.10/site-packages/airflow/example_dags/example_sla_dag.py
[2024-07-02T19:13:52.091+0000] {processor.py:830} INFO - Processing file /usr/local/python/3.10.13/lib/python3.10/site-packages/airflow/example_dags/example_sla_dag.py for tasks to queue
[2024-07-02T19:13:52.092+0000] {logging_mixin.py:188} INFO - [2024-07-02T19:13:52.092+0000] {dagbag.py:545} INFO - Filling up the DagBag from /usr/local/python/3.10.13/lib/python3.10/site-packages/airflow/example_dags/example_sla_dag.py
[2024-07-02T19:13:52.099+0000] {processor.py:840} INFO - DAG(s) 'example_sla_dag' retrieved from /usr/local/python/3.10.13/lib/python3.10/site-packages/airflow/example_dags/example_sla_dag.py
[2024-07-02T19:13:52.109+0000] {logging_mixin.py:188} INFO - [2024-07-02T19:13:52.109+0000] {dag.py:3096} INFO - Sync 1 DAGs
[2024-07-02T19:13:52.127+0000] {logging_mixin.py:188} INFO - [2024-07-02T19:13:52.127+0000] {dag.py:3954} INFO - Setting next_dagrun for example_sla_dag to 2024-07-02 19:10:00+00:00, run_after=2024-07-02 19:12:00+00:00
[2024-07-02T19:13:52.167+0000] {processor.py:183} INFO - Processing /usr/local/python/3.10.13/lib/python3.10/site-packages/airflow/example_dags/example_sla_dag.py took 0.081 seconds
[2024-07-02T19:14:32.269+0000] {processor.py:161} INFO - Started process (PID=7468) to work on /usr/local/python/3.10.13/lib/python3.10/site-packages/airflow/example_dags/example_sla_dag.py
[2024-07-02T19:14:32.270+0000] {processor.py:830} INFO - Processing file /usr/local/python/3.10.13/lib/python3.10/site-packages/airflow/example_dags/example_sla_dag.py for tasks to queue
[2024-07-02T19:14:32.271+0000] {logging_mixin.py:188} INFO - [2024-07-02T19:14:32.271+0000] {dagbag.py:545} INFO - Filling up the DagBag from /usr/local/python/3.10.13/lib/python3.10/site-packages/airflow/example_dags/example_sla_dag.py
[2024-07-02T19:14:32.278+0000] {processor.py:840} INFO - DAG(s) 'example_sla_dag' retrieved from /usr/local/python/3.10.13/lib/python3.10/site-packages/airflow/example_dags/example_sla_dag.py
[2024-07-02T19:14:32.289+0000] {logging_mixin.py:188} INFO - [2024-07-02T19:14:32.289+0000] {dag.py:3096} INFO - Sync 1 DAGs
[2024-07-02T19:14:32.306+0000] {logging_mixin.py:188} INFO - [2024-07-02T19:14:32.306+0000] {dag.py:3954} INFO - Setting next_dagrun for example_sla_dag to 2024-07-02 19:12:00+00:00, run_after=2024-07-02 19:14:00+00:00
[2024-07-02T19:14:32.347+0000] {processor.py:183} INFO - Processing /usr/local/python/3.10.13/lib/python3.10/site-packages/airflow/example_dags/example_sla_dag.py took 0.083 seconds
[2024-07-02T19:15:15.359+0000] {processor.py:161} INFO - Started process (PID=7792) to work on /usr/local/python/3.10.13/lib/python3.10/site-packages/airflow/example_dags/example_sla_dag.py
[2024-07-02T19:15:15.360+0000] {processor.py:830} INFO - Processing file /usr/local/python/3.10.13/lib/python3.10/site-packages/airflow/example_dags/example_sla_dag.py for tasks to queue
[2024-07-02T19:15:15.361+0000] {logging_mixin.py:188} INFO - [2024-07-02T19:15:15.360+0000] {dagbag.py:545} INFO - Filling up the DagBag from /usr/local/python/3.10.13/lib/python3.10/site-packages/airflow/example_dags/example_sla_dag.py
[2024-07-02T19:15:15.373+0000] {processor.py:840} INFO - DAG(s) 'example_sla_dag' retrieved from /usr/local/python/3.10.13/lib/python3.10/site-packages/airflow/example_dags/example_sla_dag.py
[2024-07-02T19:15:15.389+0000] {logging_mixin.py:188} INFO - [2024-07-02T19:15:15.389+0000] {dag.py:3096} INFO - Sync 1 DAGs
[2024-07-02T19:15:15.408+0000] {logging_mixin.py:188} INFO - [2024-07-02T19:15:15.408+0000] {dag.py:3954} INFO - Setting next_dagrun for example_sla_dag to 2024-07-02 19:12:00+00:00, run_after=2024-07-02 19:14:00+00:00
[2024-07-02T19:15:15.448+0000] {processor.py:183} INFO - Processing /usr/local/python/3.10.13/lib/python3.10/site-packages/airflow/example_dags/example_sla_dag.py took 0.096 seconds
[2024-07-02T19:15:58.343+0000] {processor.py:161} INFO - Started process (PID=8140) to work on /usr/local/python/3.10.13/lib/python3.10/site-packages/airflow/example_dags/example_sla_dag.py
[2024-07-02T19:15:58.343+0000] {processor.py:830} INFO - Processing file /usr/local/python/3.10.13/lib/python3.10/site-packages/airflow/example_dags/example_sla_dag.py for tasks to queue
[2024-07-02T19:15:58.344+0000] {logging_mixin.py:188} INFO - [2024-07-02T19:15:58.344+0000] {dagbag.py:545} INFO - Filling up the DagBag from /usr/local/python/3.10.13/lib/python3.10/site-packages/airflow/example_dags/example_sla_dag.py
[2024-07-02T19:15:58.351+0000] {processor.py:840} INFO - DAG(s) 'example_sla_dag' retrieved from /usr/local/python/3.10.13/lib/python3.10/site-packages/airflow/example_dags/example_sla_dag.py
[2024-07-02T19:15:58.362+0000] {logging_mixin.py:188} INFO - [2024-07-02T19:15:58.362+0000] {dag.py:3096} INFO - Sync 1 DAGs
[2024-07-02T19:15:58.378+0000] {logging_mixin.py:188} INFO - [2024-07-02T19:15:58.378+0000] {dag.py:3954} INFO - Setting next_dagrun for example_sla_dag to 2024-07-02 19:12:00+00:00, run_after=2024-07-02 19:14:00+00:00
[2024-07-02T19:15:58.422+0000] {processor.py:183} INFO - Processing /usr/local/python/3.10.13/lib/python3.10/site-packages/airflow/example_dags/example_sla_dag.py took 0.084 seconds
[2024-07-02T19:16:43.347+0000] {processor.py:161} INFO - Started process (PID=8478) to work on /usr/local/python/3.10.13/lib/python3.10/site-packages/airflow/example_dags/example_sla_dag.py
[2024-07-02T19:16:43.347+0000] {processor.py:830} INFO - Processing file /usr/local/python/3.10.13/lib/python3.10/site-packages/airflow/example_dags/example_sla_dag.py for tasks to queue
[2024-07-02T19:16:43.348+0000] {logging_mixin.py:188} INFO - [2024-07-02T19:16:43.348+0000] {dagbag.py:545} INFO - Filling up the DagBag from /usr/local/python/3.10.13/lib/python3.10/site-packages/airflow/example_dags/example_sla_dag.py
[2024-07-02T19:16:43.355+0000] {processor.py:840} INFO - DAG(s) 'example_sla_dag' retrieved from /usr/local/python/3.10.13/lib/python3.10/site-packages/airflow/example_dags/example_sla_dag.py
[2024-07-02T19:16:43.366+0000] {logging_mixin.py:188} INFO - [2024-07-02T19:16:43.366+0000] {dag.py:3096} INFO - Sync 1 DAGs
[2024-07-02T19:16:43.382+0000] {logging_mixin.py:188} INFO - [2024-07-02T19:16:43.382+0000] {dag.py:3954} INFO - Setting next_dagrun for example_sla_dag to 2024-07-02 19:14:00+00:00, run_after=2024-07-02 19:16:00+00:00
[2024-07-02T19:16:43.423+0000] {processor.py:183} INFO - Processing /usr/local/python/3.10.13/lib/python3.10/site-packages/airflow/example_dags/example_sla_dag.py took 0.081 seconds
[2024-07-02T19:17:30.397+0000] {processor.py:161} INFO - Started process (PID=8837) to work on /usr/local/python/3.10.13/lib/python3.10/site-packages/airflow/example_dags/example_sla_dag.py
[2024-07-02T19:17:30.398+0000] {processor.py:830} INFO - Processing file /usr/local/python/3.10.13/lib/python3.10/site-packages/airflow/example_dags/example_sla_dag.py for tasks to queue
[2024-07-02T19:17:30.398+0000] {logging_mixin.py:188} INFO - [2024-07-02T19:17:30.398+0000] {dagbag.py:545} INFO - Filling up the DagBag from /usr/local/python/3.10.13/lib/python3.10/site-packages/airflow/example_dags/example_sla_dag.py
[2024-07-02T19:17:30.405+0000] {processor.py:840} INFO - DAG(s) 'example_sla_dag' retrieved from /usr/local/python/3.10.13/lib/python3.10/site-packages/airflow/example_dags/example_sla_dag.py
[2024-07-02T19:17:30.416+0000] {logging_mixin.py:188} INFO - [2024-07-02T19:17:30.415+0000] {dag.py:3096} INFO - Sync 1 DAGs
[2024-07-02T19:17:30.433+0000] {logging_mixin.py:188} INFO - [2024-07-02T19:17:30.433+0000] {dag.py:3954} INFO - Setting next_dagrun for example_sla_dag to 2024-07-02 19:14:00+00:00, run_after=2024-07-02 19:16:00+00:00
[2024-07-02T19:17:30.475+0000] {processor.py:183} INFO - Processing /usr/local/python/3.10.13/lib/python3.10/site-packages/airflow/example_dags/example_sla_dag.py took 0.082 seconds
[2024-07-02T19:18:14.004+0000] {processor.py:161} INFO - Started process (PID=9160) to work on /usr/local/python/3.10.13/lib/python3.10/site-packages/airflow/example_dags/example_sla_dag.py
[2024-07-02T19:18:14.004+0000] {processor.py:830} INFO - Processing file /usr/local/python/3.10.13/lib/python3.10/site-packages/airflow/example_dags/example_sla_dag.py for tasks to queue
[2024-07-02T19:18:14.005+0000] {logging_mixin.py:188} INFO - [2024-07-02T19:18:14.005+0000] {dagbag.py:545} INFO - Filling up the DagBag from /usr/local/python/3.10.13/lib/python3.10/site-packages/airflow/example_dags/example_sla_dag.py
[2024-07-02T19:18:14.012+0000] {processor.py:840} INFO - DAG(s) 'example_sla_dag' retrieved from /usr/local/python/3.10.13/lib/python3.10/site-packages/airflow/example_dags/example_sla_dag.py
[2024-07-02T19:18:14.022+0000] {logging_mixin.py:188} INFO - [2024-07-02T19:18:14.022+0000] {dag.py:3096} INFO - Sync 1 DAGs
[2024-07-02T19:18:14.040+0000] {logging_mixin.py:188} INFO - [2024-07-02T19:18:14.040+0000] {dag.py:3954} INFO - Setting next_dagrun for example_sla_dag to 2024-07-02 19:16:00+00:00, run_after=2024-07-02 19:18:00+00:00
[2024-07-02T19:18:14.081+0000] {processor.py:183} INFO - Processing /usr/local/python/3.10.13/lib/python3.10/site-packages/airflow/example_dags/example_sla_dag.py took 0.082 seconds
[2024-07-02T19:18:55.781+0000] {processor.py:161} INFO - Started process (PID=9479) to work on /usr/local/python/3.10.13/lib/python3.10/site-packages/airflow/example_dags/example_sla_dag.py
[2024-07-02T19:18:55.782+0000] {processor.py:830} INFO - Processing file /usr/local/python/3.10.13/lib/python3.10/site-packages/airflow/example_dags/example_sla_dag.py for tasks to queue
[2024-07-02T19:18:55.783+0000] {logging_mixin.py:188} INFO - [2024-07-02T19:18:55.782+0000] {dagbag.py:545} INFO - Filling up the DagBag from /usr/local/python/3.10.13/lib/python3.10/site-packages/airflow/example_dags/example_sla_dag.py
[2024-07-02T19:18:55.789+0000] {processor.py:840} INFO - DAG(s) 'example_sla_dag' retrieved from /usr/local/python/3.10.13/lib/python3.10/site-packages/airflow/example_dags/example_sla_dag.py
[2024-07-02T19:18:55.800+0000] {logging_mixin.py:188} INFO - [2024-07-02T19:18:55.800+0000] {dag.py:3096} INFO - Sync 1 DAGs
[2024-07-02T19:18:55.817+0000] {logging_mixin.py:188} INFO - [2024-07-02T19:18:55.817+0000] {dag.py:3954} INFO - Setting next_dagrun for example_sla_dag to 2024-07-02 19:16:00+00:00, run_after=2024-07-02 19:18:00+00:00
[2024-07-02T19:18:55.855+0000] {processor.py:183} INFO - Processing /usr/local/python/3.10.13/lib/python3.10/site-packages/airflow/example_dags/example_sla_dag.py took 0.078 seconds
[2024-07-02T19:19:39.574+0000] {processor.py:161} INFO - Started process (PID=9799) to work on /usr/local/python/3.10.13/lib/python3.10/site-packages/airflow/example_dags/example_sla_dag.py
[2024-07-02T19:19:39.575+0000] {processor.py:830} INFO - Processing file /usr/local/python/3.10.13/lib/python3.10/site-packages/airflow/example_dags/example_sla_dag.py for tasks to queue
[2024-07-02T19:19:39.576+0000] {logging_mixin.py:188} INFO - [2024-07-02T19:19:39.576+0000] {dagbag.py:545} INFO - Filling up the DagBag from /usr/local/python/3.10.13/lib/python3.10/site-packages/airflow/example_dags/example_sla_dag.py
[2024-07-02T19:19:39.582+0000] {processor.py:840} INFO - DAG(s) 'example_sla_dag' retrieved from /usr/local/python/3.10.13/lib/python3.10/site-packages/airflow/example_dags/example_sla_dag.py
[2024-07-02T19:19:39.593+0000] {logging_mixin.py:188} INFO - [2024-07-02T19:19:39.593+0000] {dag.py:3096} INFO - Sync 1 DAGs
[2024-07-02T19:19:39.610+0000] {logging_mixin.py:188} INFO - [2024-07-02T19:19:39.610+0000] {dag.py:3954} INFO - Setting next_dagrun for example_sla_dag to 2024-07-02 19:16:00+00:00, run_after=2024-07-02 19:18:00+00:00
[2024-07-02T19:19:39.649+0000] {processor.py:183} INFO - Processing /usr/local/python/3.10.13/lib/python3.10/site-packages/airflow/example_dags/example_sla_dag.py took 0.079 seconds
[2024-07-02T19:20:27.247+0000] {processor.py:161} INFO - Started process (PID=10166) to work on /usr/local/python/3.10.13/lib/python3.10/site-packages/airflow/example_dags/example_sla_dag.py
[2024-07-02T19:20:27.247+0000] {processor.py:830} INFO - Processing file /usr/local/python/3.10.13/lib/python3.10/site-packages/airflow/example_dags/example_sla_dag.py for tasks to queue
[2024-07-02T19:20:27.248+0000] {logging_mixin.py:188} INFO - [2024-07-02T19:20:27.248+0000] {dagbag.py:545} INFO - Filling up the DagBag from /usr/local/python/3.10.13/lib/python3.10/site-packages/airflow/example_dags/example_sla_dag.py
[2024-07-02T19:20:27.255+0000] {processor.py:840} INFO - DAG(s) 'example_sla_dag' retrieved from /usr/local/python/3.10.13/lib/python3.10/site-packages/airflow/example_dags/example_sla_dag.py
[2024-07-02T19:20:27.265+0000] {logging_mixin.py:188} INFO - [2024-07-02T19:20:27.265+0000] {dag.py:3096} INFO - Sync 1 DAGs
[2024-07-02T19:20:27.283+0000] {logging_mixin.py:188} INFO - [2024-07-02T19:20:27.282+0000] {dag.py:3954} INFO - Setting next_dagrun for example_sla_dag to 2024-07-02 19:18:00+00:00, run_after=2024-07-02 19:20:00+00:00
[2024-07-02T19:20:27.322+0000] {processor.py:183} INFO - Processing /usr/local/python/3.10.13/lib/python3.10/site-packages/airflow/example_dags/example_sla_dag.py took 0.081 seconds
[2024-07-02T19:21:13.908+0000] {processor.py:161} INFO - Started process (PID=10531) to work on /usr/local/python/3.10.13/lib/python3.10/site-packages/airflow/example_dags/example_sla_dag.py
[2024-07-02T19:21:13.909+0000] {processor.py:830} INFO - Processing file /usr/local/python/3.10.13/lib/python3.10/site-packages/airflow/example_dags/example_sla_dag.py for tasks to queue
[2024-07-02T19:21:13.909+0000] {logging_mixin.py:188} INFO - [2024-07-02T19:21:13.909+0000] {dagbag.py:545} INFO - Filling up the DagBag from /usr/local/python/3.10.13/lib/python3.10/site-packages/airflow/example_dags/example_sla_dag.py
[2024-07-02T19:21:13.916+0000] {processor.py:840} INFO - DAG(s) 'example_sla_dag' retrieved from /usr/local/python/3.10.13/lib/python3.10/site-packages/airflow/example_dags/example_sla_dag.py
[2024-07-02T19:21:13.927+0000] {logging_mixin.py:188} INFO - [2024-07-02T19:21:13.927+0000] {dag.py:3096} INFO - Sync 1 DAGs
[2024-07-02T19:21:13.945+0000] {logging_mixin.py:188} INFO - [2024-07-02T19:21:13.944+0000] {dag.py:3954} INFO - Setting next_dagrun for example_sla_dag to 2024-07-02 19:18:00+00:00, run_after=2024-07-02 19:20:00+00:00
[2024-07-02T19:21:13.987+0000] {processor.py:183} INFO - Processing /usr/local/python/3.10.13/lib/python3.10/site-packages/airflow/example_dags/example_sla_dag.py took 0.083 seconds
[2024-07-02T19:22:00.383+0000] {processor.py:161} INFO - Started process (PID=10862) to work on /usr/local/python/3.10.13/lib/python3.10/site-packages/airflow/example_dags/example_sla_dag.py
[2024-07-02T19:22:00.384+0000] {processor.py:830} INFO - Processing file /usr/local/python/3.10.13/lib/python3.10/site-packages/airflow/example_dags/example_sla_dag.py for tasks to queue
[2024-07-02T19:22:00.385+0000] {logging_mixin.py:188} INFO - [2024-07-02T19:22:00.385+0000] {dagbag.py:545} INFO - Filling up the DagBag from /usr/local/python/3.10.13/lib/python3.10/site-packages/airflow/example_dags/example_sla_dag.py
[2024-07-02T19:22:00.393+0000] {processor.py:840} INFO - DAG(s) 'example_sla_dag' retrieved from /usr/local/python/3.10.13/lib/python3.10/site-packages/airflow/example_dags/example_sla_dag.py
[2024-07-02T19:22:00.404+0000] {logging_mixin.py:188} INFO - [2024-07-02T19:22:00.404+0000] {dag.py:3096} INFO - Sync 1 DAGs
[2024-07-02T19:22:00.421+0000] {logging_mixin.py:188} INFO - [2024-07-02T19:22:00.421+0000] {dag.py:3954} INFO - Setting next_dagrun for example_sla_dag to 2024-07-02 19:20:00+00:00, run_after=2024-07-02 19:22:00+00:00
[2024-07-02T19:22:00.459+0000] {processor.py:183} INFO - Processing /usr/local/python/3.10.13/lib/python3.10/site-packages/airflow/example_dags/example_sla_dag.py took 0.082 seconds
[2024-07-02T19:22:46.023+0000] {processor.py:161} INFO - Started process (PID=11225) to work on /usr/local/python/3.10.13/lib/python3.10/site-packages/airflow/example_dags/example_sla_dag.py
[2024-07-02T19:22:46.023+0000] {processor.py:830} INFO - Processing file /usr/local/python/3.10.13/lib/python3.10/site-packages/airflow/example_dags/example_sla_dag.py for tasks to queue
[2024-07-02T19:22:46.024+0000] {logging_mixin.py:188} INFO - [2024-07-02T19:22:46.024+0000] {dagbag.py:545} INFO - Filling up the DagBag from /usr/local/python/3.10.13/lib/python3.10/site-packages/airflow/example_dags/example_sla_dag.py
[2024-07-02T19:22:46.032+0000] {processor.py:840} INFO - DAG(s) 'example_sla_dag' retrieved from /usr/local/python/3.10.13/lib/python3.10/site-packages/airflow/example_dags/example_sla_dag.py
[2024-07-02T19:22:46.047+0000] {logging_mixin.py:188} INFO - [2024-07-02T19:22:46.047+0000] {dag.py:3096} INFO - Sync 1 DAGs
[2024-07-02T19:22:46.069+0000] {logging_mixin.py:188} INFO - [2024-07-02T19:22:46.069+0000] {dag.py:3954} INFO - Setting next_dagrun for example_sla_dag to 2024-07-02 19:20:00+00:00, run_after=2024-07-02 19:22:00+00:00
[2024-07-02T19:22:46.109+0000] {processor.py:183} INFO - Processing /usr/local/python/3.10.13/lib/python3.10/site-packages/airflow/example_dags/example_sla_dag.py took 0.092 seconds
[2024-07-02T19:23:26.429+0000] {processor.py:161} INFO - Started process (PID=11534) to work on /usr/local/python/3.10.13/lib/python3.10/site-packages/airflow/example_dags/example_sla_dag.py
[2024-07-02T19:23:26.429+0000] {processor.py:830} INFO - Processing file /usr/local/python/3.10.13/lib/python3.10/site-packages/airflow/example_dags/example_sla_dag.py for tasks to queue
[2024-07-02T19:23:26.430+0000] {logging_mixin.py:188} INFO - [2024-07-02T19:23:26.430+0000] {dagbag.py:545} INFO - Filling up the DagBag from /usr/local/python/3.10.13/lib/python3.10/site-packages/airflow/example_dags/example_sla_dag.py
[2024-07-02T19:23:26.438+0000] {processor.py:840} INFO - DAG(s) 'example_sla_dag' retrieved from /usr/local/python/3.10.13/lib/python3.10/site-packages/airflow/example_dags/example_sla_dag.py
[2024-07-02T19:23:26.448+0000] {logging_mixin.py:188} INFO - [2024-07-02T19:23:26.448+0000] {dag.py:3096} INFO - Sync 1 DAGs
[2024-07-02T19:23:26.465+0000] {logging_mixin.py:188} INFO - [2024-07-02T19:23:26.465+0000] {dag.py:3954} INFO - Setting next_dagrun for example_sla_dag to 2024-07-02 19:20:00+00:00, run_after=2024-07-02 19:22:00+00:00
[2024-07-02T19:23:26.504+0000] {processor.py:183} INFO - Processing /usr/local/python/3.10.13/lib/python3.10/site-packages/airflow/example_dags/example_sla_dag.py took 0.080 seconds
[2024-07-02T19:24:08.977+0000] {processor.py:161} INFO - Started process (PID=11853) to work on /usr/local/python/3.10.13/lib/python3.10/site-packages/airflow/example_dags/example_sla_dag.py
[2024-07-02T19:24:08.978+0000] {processor.py:830} INFO - Processing file /usr/local/python/3.10.13/lib/python3.10/site-packages/airflow/example_dags/example_sla_dag.py for tasks to queue
[2024-07-02T19:24:08.978+0000] {logging_mixin.py:188} INFO - [2024-07-02T19:24:08.978+0000] {dagbag.py:545} INFO - Filling up the DagBag from /usr/local/python/3.10.13/lib/python3.10/site-packages/airflow/example_dags/example_sla_dag.py
[2024-07-02T19:24:08.985+0000] {processor.py:840} INFO - DAG(s) 'example_sla_dag' retrieved from /usr/local/python/3.10.13/lib/python3.10/site-packages/airflow/example_dags/example_sla_dag.py
[2024-07-02T19:24:08.997+0000] {logging_mixin.py:188} INFO - [2024-07-02T19:24:08.996+0000] {dag.py:3096} INFO - Sync 1 DAGs
[2024-07-02T19:24:09.013+0000] {logging_mixin.py:188} INFO - [2024-07-02T19:24:09.013+0000] {dag.py:3954} INFO - Setting next_dagrun for example_sla_dag to 2024-07-02 19:22:00+00:00, run_after=2024-07-02 19:24:00+00:00
[2024-07-02T19:24:09.054+0000] {processor.py:183} INFO - Processing /usr/local/python/3.10.13/lib/python3.10/site-packages/airflow/example_dags/example_sla_dag.py took 0.081 seconds
[2024-07-02T19:24:52.309+0000] {processor.py:161} INFO - Started process (PID=12176) to work on /usr/local/python/3.10.13/lib/python3.10/site-packages/airflow/example_dags/example_sla_dag.py
[2024-07-02T19:24:52.310+0000] {processor.py:830} INFO - Processing file /usr/local/python/3.10.13/lib/python3.10/site-packages/airflow/example_dags/example_sla_dag.py for tasks to queue
[2024-07-02T19:24:52.310+0000] {logging_mixin.py:188} INFO - [2024-07-02T19:24:52.310+0000] {dagbag.py:545} INFO - Filling up the DagBag from /usr/local/python/3.10.13/lib/python3.10/site-packages/airflow/example_dags/example_sla_dag.py
[2024-07-02T19:24:52.317+0000] {processor.py:840} INFO - DAG(s) 'example_sla_dag' retrieved from /usr/local/python/3.10.13/lib/python3.10/site-packages/airflow/example_dags/example_sla_dag.py
[2024-07-02T19:24:52.328+0000] {logging_mixin.py:188} INFO - [2024-07-02T19:24:52.327+0000] {dag.py:3096} INFO - Sync 1 DAGs
[2024-07-02T19:24:52.346+0000] {logging_mixin.py:188} INFO - [2024-07-02T19:24:52.346+0000] {dag.py:3954} INFO - Setting next_dagrun for example_sla_dag to 2024-07-02 19:22:00+00:00, run_after=2024-07-02 19:24:00+00:00
[2024-07-02T19:24:52.387+0000] {processor.py:183} INFO - Processing /usr/local/python/3.10.13/lib/python3.10/site-packages/airflow/example_dags/example_sla_dag.py took 0.082 seconds
[2024-07-02T19:25:34.648+0000] {processor.py:161} INFO - Started process (PID=12497) to work on /usr/local/python/3.10.13/lib/python3.10/site-packages/airflow/example_dags/example_sla_dag.py
[2024-07-02T19:25:34.649+0000] {processor.py:830} INFO - Processing file /usr/local/python/3.10.13/lib/python3.10/site-packages/airflow/example_dags/example_sla_dag.py for tasks to queue
[2024-07-02T19:25:34.649+0000] {logging_mixin.py:188} INFO - [2024-07-02T19:25:34.649+0000] {dagbag.py:545} INFO - Filling up the DagBag from /usr/local/python/3.10.13/lib/python3.10/site-packages/airflow/example_dags/example_sla_dag.py
[2024-07-02T19:25:34.656+0000] {processor.py:840} INFO - DAG(s) 'example_sla_dag' retrieved from /usr/local/python/3.10.13/lib/python3.10/site-packages/airflow/example_dags/example_sla_dag.py
[2024-07-02T19:25:34.667+0000] {logging_mixin.py:188} INFO - [2024-07-02T19:25:34.667+0000] {dag.py:3096} INFO - Sync 1 DAGs
[2024-07-02T19:25:34.684+0000] {logging_mixin.py:188} INFO - [2024-07-02T19:25:34.684+0000] {dag.py:3954} INFO - Setting next_dagrun for example_sla_dag to 2024-07-02 19:22:00+00:00, run_after=2024-07-02 19:24:00+00:00
[2024-07-02T19:25:34.723+0000] {processor.py:183} INFO - Processing /usr/local/python/3.10.13/lib/python3.10/site-packages/airflow/example_dags/example_sla_dag.py took 0.079 seconds
[2024-07-02T19:26:18.731+0000] {processor.py:161} INFO - Started process (PID=12840) to work on /usr/local/python/3.10.13/lib/python3.10/site-packages/airflow/example_dags/example_sla_dag.py
[2024-07-02T19:26:18.732+0000] {processor.py:830} INFO - Processing file /usr/local/python/3.10.13/lib/python3.10/site-packages/airflow/example_dags/example_sla_dag.py for tasks to queue
[2024-07-02T19:26:18.733+0000] {logging_mixin.py:188} INFO - [2024-07-02T19:26:18.732+0000] {dagbag.py:545} INFO - Filling up the DagBag from /usr/local/python/3.10.13/lib/python3.10/site-packages/airflow/example_dags/example_sla_dag.py
[2024-07-02T19:26:18.743+0000] {processor.py:840} INFO - DAG(s) 'example_sla_dag' retrieved from /usr/local/python/3.10.13/lib/python3.10/site-packages/airflow/example_dags/example_sla_dag.py
[2024-07-02T19:26:18.759+0000] {logging_mixin.py:188} INFO - [2024-07-02T19:26:18.759+0000] {dag.py:3096} INFO - Sync 1 DAGs
[2024-07-02T19:26:18.786+0000] {logging_mixin.py:188} INFO - [2024-07-02T19:26:18.786+0000] {dag.py:3954} INFO - Setting next_dagrun for example_sla_dag to 2024-07-02 19:24:00+00:00, run_after=2024-07-02 19:26:00+00:00
[2024-07-02T19:26:18.830+0000] {processor.py:183} INFO - Processing /usr/local/python/3.10.13/lib/python3.10/site-packages/airflow/example_dags/example_sla_dag.py took 0.106 seconds
[2024-07-02T19:27:02.882+0000] {processor.py:161} INFO - Started process (PID=13167) to work on /usr/local/python/3.10.13/lib/python3.10/site-packages/airflow/example_dags/example_sla_dag.py
[2024-07-02T19:27:02.883+0000] {processor.py:830} INFO - Processing file /usr/local/python/3.10.13/lib/python3.10/site-packages/airflow/example_dags/example_sla_dag.py for tasks to queue
[2024-07-02T19:27:02.884+0000] {logging_mixin.py:188} INFO - [2024-07-02T19:27:02.883+0000] {dagbag.py:545} INFO - Filling up the DagBag from /usr/local/python/3.10.13/lib/python3.10/site-packages/airflow/example_dags/example_sla_dag.py
[2024-07-02T19:27:02.892+0000] {processor.py:840} INFO - DAG(s) 'example_sla_dag' retrieved from /usr/local/python/3.10.13/lib/python3.10/site-packages/airflow/example_dags/example_sla_dag.py
[2024-07-02T19:27:02.904+0000] {logging_mixin.py:188} INFO - [2024-07-02T19:27:02.904+0000] {dag.py:3096} INFO - Sync 1 DAGs
[2024-07-02T19:27:02.922+0000] {logging_mixin.py:188} INFO - [2024-07-02T19:27:02.922+0000] {dag.py:3954} INFO - Setting next_dagrun for example_sla_dag to 2024-07-02 19:24:00+00:00, run_after=2024-07-02 19:26:00+00:00
[2024-07-02T19:27:02.962+0000] {processor.py:183} INFO - Processing /usr/local/python/3.10.13/lib/python3.10/site-packages/airflow/example_dags/example_sla_dag.py took 0.084 seconds
[2024-07-02T19:27:45.583+0000] {processor.py:161} INFO - Started process (PID=13547) to work on /usr/local/python/3.10.13/lib/python3.10/site-packages/airflow/example_dags/example_sla_dag.py
[2024-07-02T19:27:45.583+0000] {processor.py:830} INFO - Processing file /usr/local/python/3.10.13/lib/python3.10/site-packages/airflow/example_dags/example_sla_dag.py for tasks to queue
[2024-07-02T19:27:45.584+0000] {logging_mixin.py:188} INFO - [2024-07-02T19:27:45.584+0000] {dagbag.py:545} INFO - Filling up the DagBag from /usr/local/python/3.10.13/lib/python3.10/site-packages/airflow/example_dags/example_sla_dag.py
[2024-07-02T19:27:45.591+0000] {processor.py:840} INFO - DAG(s) 'example_sla_dag' retrieved from /usr/local/python/3.10.13/lib/python3.10/site-packages/airflow/example_dags/example_sla_dag.py
[2024-07-02T19:27:45.601+0000] {logging_mixin.py:188} INFO - [2024-07-02T19:27:45.601+0000] {dag.py:3096} INFO - Sync 1 DAGs
[2024-07-02T19:27:45.618+0000] {logging_mixin.py:188} INFO - [2024-07-02T19:27:45.618+0000] {dag.py:3954} INFO - Setting next_dagrun for example_sla_dag to 2024-07-02 19:24:00+00:00, run_after=2024-07-02 19:26:00+00:00
[2024-07-02T19:27:45.662+0000] {processor.py:183} INFO - Processing /usr/local/python/3.10.13/lib/python3.10/site-packages/airflow/example_dags/example_sla_dag.py took 0.083 seconds
[2024-07-02T19:28:27.052+0000] {processor.py:161} INFO - Started process (PID=13928) to work on /usr/local/python/3.10.13/lib/python3.10/site-packages/airflow/example_dags/example_sla_dag.py
[2024-07-02T19:28:27.053+0000] {processor.py:830} INFO - Processing file /usr/local/python/3.10.13/lib/python3.10/site-packages/airflow/example_dags/example_sla_dag.py for tasks to queue
[2024-07-02T19:28:27.053+0000] {logging_mixin.py:188} INFO - [2024-07-02T19:28:27.053+0000] {dagbag.py:545} INFO - Filling up the DagBag from /usr/local/python/3.10.13/lib/python3.10/site-packages/airflow/example_dags/example_sla_dag.py
[2024-07-02T19:28:27.062+0000] {processor.py:840} INFO - DAG(s) 'example_sla_dag' retrieved from /usr/local/python/3.10.13/lib/python3.10/site-packages/airflow/example_dags/example_sla_dag.py
[2024-07-02T19:28:27.073+0000] {logging_mixin.py:188} INFO - [2024-07-02T19:28:27.072+0000] {dag.py:3096} INFO - Sync 1 DAGs
[2024-07-02T19:28:27.089+0000] {logging_mixin.py:188} INFO - [2024-07-02T19:28:27.089+0000] {dag.py:3954} INFO - Setting next_dagrun for example_sla_dag to 2024-07-02 19:26:00+00:00, run_after=2024-07-02 19:28:00+00:00
[2024-07-02T19:28:27.129+0000] {processor.py:183} INFO - Processing /usr/local/python/3.10.13/lib/python3.10/site-packages/airflow/example_dags/example_sla_dag.py took 0.082 seconds
[2024-07-02T19:29:13.258+0000] {processor.py:161} INFO - Started process (PID=14338) to work on /usr/local/python/3.10.13/lib/python3.10/site-packages/airflow/example_dags/example_sla_dag.py
[2024-07-02T19:29:13.259+0000] {processor.py:830} INFO - Processing file /usr/local/python/3.10.13/lib/python3.10/site-packages/airflow/example_dags/example_sla_dag.py for tasks to queue
[2024-07-02T19:29:13.259+0000] {logging_mixin.py:188} INFO - [2024-07-02T19:29:13.259+0000] {dagbag.py:545} INFO - Filling up the DagBag from /usr/local/python/3.10.13/lib/python3.10/site-packages/airflow/example_dags/example_sla_dag.py
[2024-07-02T19:29:13.266+0000] {processor.py:840} INFO - DAG(s) 'example_sla_dag' retrieved from /usr/local/python/3.10.13/lib/python3.10/site-packages/airflow/example_dags/example_sla_dag.py
[2024-07-02T19:29:13.277+0000] {logging_mixin.py:188} INFO - [2024-07-02T19:29:13.276+0000] {dag.py:3096} INFO - Sync 1 DAGs
[2024-07-02T19:29:13.294+0000] {logging_mixin.py:188} INFO - [2024-07-02T19:29:13.293+0000] {dag.py:3954} INFO - Setting next_dagrun for example_sla_dag to 2024-07-02 19:26:00+00:00, run_after=2024-07-02 19:28:00+00:00
[2024-07-02T19:29:13.334+0000] {processor.py:183} INFO - Processing /usr/local/python/3.10.13/lib/python3.10/site-packages/airflow/example_dags/example_sla_dag.py took 0.080 seconds
[2024-07-02T19:30:00.192+0000] {processor.py:161} INFO - Started process (PID=14684) to work on /usr/local/python/3.10.13/lib/python3.10/site-packages/airflow/example_dags/example_sla_dag.py
[2024-07-02T19:30:00.192+0000] {processor.py:830} INFO - Processing file /usr/local/python/3.10.13/lib/python3.10/site-packages/airflow/example_dags/example_sla_dag.py for tasks to queue
[2024-07-02T19:30:00.193+0000] {logging_mixin.py:188} INFO - [2024-07-02T19:30:00.193+0000] {dagbag.py:545} INFO - Filling up the DagBag from /usr/local/python/3.10.13/lib/python3.10/site-packages/airflow/example_dags/example_sla_dag.py
[2024-07-02T19:30:00.200+0000] {processor.py:840} INFO - DAG(s) 'example_sla_dag' retrieved from /usr/local/python/3.10.13/lib/python3.10/site-packages/airflow/example_dags/example_sla_dag.py
[2024-07-02T19:30:00.210+0000] {logging_mixin.py:188} INFO - [2024-07-02T19:30:00.210+0000] {dag.py:3096} INFO - Sync 1 DAGs
[2024-07-02T19:30:00.228+0000] {logging_mixin.py:188} INFO - [2024-07-02T19:30:00.228+0000] {dag.py:3954} INFO - Setting next_dagrun for example_sla_dag to 2024-07-02 19:28:00+00:00, run_after=2024-07-02 19:30:00+00:00
[2024-07-02T19:30:00.269+0000] {processor.py:183} INFO - Processing /usr/local/python/3.10.13/lib/python3.10/site-packages/airflow/example_dags/example_sla_dag.py took 0.082 seconds
[2024-07-02T19:30:46.015+0000] {processor.py:161} INFO - Started process (PID=15093) to work on /usr/local/python/3.10.13/lib/python3.10/site-packages/airflow/example_dags/example_sla_dag.py
[2024-07-02T19:30:46.016+0000] {processor.py:830} INFO - Processing file /usr/local/python/3.10.13/lib/python3.10/site-packages/airflow/example_dags/example_sla_dag.py for tasks to queue
[2024-07-02T19:30:46.017+0000] {logging_mixin.py:188} INFO - [2024-07-02T19:30:46.017+0000] {dagbag.py:545} INFO - Filling up the DagBag from /usr/local/python/3.10.13/lib/python3.10/site-packages/airflow/example_dags/example_sla_dag.py
[2024-07-02T19:30:46.027+0000] {processor.py:840} INFO - DAG(s) 'example_sla_dag' retrieved from /usr/local/python/3.10.13/lib/python3.10/site-packages/airflow/example_dags/example_sla_dag.py
[2024-07-02T19:30:46.044+0000] {logging_mixin.py:188} INFO - [2024-07-02T19:30:46.043+0000] {dag.py:3096} INFO - Sync 1 DAGs
[2024-07-02T19:30:46.067+0000] {logging_mixin.py:188} INFO - [2024-07-02T19:30:46.066+0000] {dag.py:3954} INFO - Setting next_dagrun for example_sla_dag to 2024-07-02 19:28:00+00:00, run_after=2024-07-02 19:30:00+00:00
[2024-07-02T19:30:46.107+0000] {processor.py:183} INFO - Processing /usr/local/python/3.10.13/lib/python3.10/site-packages/airflow/example_dags/example_sla_dag.py took 0.098 seconds
[2024-07-02T19:31:32.808+0000] {processor.py:161} INFO - Started process (PID=15447) to work on /usr/local/python/3.10.13/lib/python3.10/site-packages/airflow/example_dags/example_sla_dag.py
[2024-07-02T19:31:32.809+0000] {processor.py:830} INFO - Processing file /usr/local/python/3.10.13/lib/python3.10/site-packages/airflow/example_dags/example_sla_dag.py for tasks to queue
[2024-07-02T19:31:32.810+0000] {logging_mixin.py:188} INFO - [2024-07-02T19:31:32.810+0000] {dagbag.py:545} INFO - Filling up the DagBag from /usr/local/python/3.10.13/lib/python3.10/site-packages/airflow/example_dags/example_sla_dag.py
[2024-07-02T19:31:32.821+0000] {processor.py:840} INFO - DAG(s) 'example_sla_dag' retrieved from /usr/local/python/3.10.13/lib/python3.10/site-packages/airflow/example_dags/example_sla_dag.py
[2024-07-02T19:31:32.836+0000] {logging_mixin.py:188} INFO - [2024-07-02T19:31:32.836+0000] {dag.py:3096} INFO - Sync 1 DAGs
[2024-07-02T19:31:32.855+0000] {logging_mixin.py:188} INFO - [2024-07-02T19:31:32.854+0000] {dag.py:3954} INFO - Setting next_dagrun for example_sla_dag to 2024-07-02 19:28:00+00:00, run_after=2024-07-02 19:30:00+00:00
[2024-07-02T19:31:32.901+0000] {processor.py:183} INFO - Processing /usr/local/python/3.10.13/lib/python3.10/site-packages/airflow/example_dags/example_sla_dag.py took 0.100 seconds
[2024-07-02T19:32:20.975+0000] {processor.py:161} INFO - Started process (PID=15795) to work on /usr/local/python/3.10.13/lib/python3.10/site-packages/airflow/example_dags/example_sla_dag.py
[2024-07-02T19:32:20.975+0000] {processor.py:830} INFO - Processing file /usr/local/python/3.10.13/lib/python3.10/site-packages/airflow/example_dags/example_sla_dag.py for tasks to queue
[2024-07-02T19:32:20.976+0000] {logging_mixin.py:188} INFO - [2024-07-02T19:32:20.976+0000] {dagbag.py:545} INFO - Filling up the DagBag from /usr/local/python/3.10.13/lib/python3.10/site-packages/airflow/example_dags/example_sla_dag.py
[2024-07-02T19:32:20.983+0000] {processor.py:840} INFO - DAG(s) 'example_sla_dag' retrieved from /usr/local/python/3.10.13/lib/python3.10/site-packages/airflow/example_dags/example_sla_dag.py
[2024-07-02T19:32:20.993+0000] {logging_mixin.py:188} INFO - [2024-07-02T19:32:20.993+0000] {dag.py:3096} INFO - Sync 1 DAGs
[2024-07-02T19:32:21.010+0000] {logging_mixin.py:188} INFO - [2024-07-02T19:32:21.010+0000] {dag.py:3954} INFO - Setting next_dagrun for example_sla_dag to 2024-07-02 19:30:00+00:00, run_after=2024-07-02 19:32:00+00:00
[2024-07-02T19:32:21.051+0000] {processor.py:183} INFO - Processing /usr/local/python/3.10.13/lib/python3.10/site-packages/airflow/example_dags/example_sla_dag.py took 0.081 seconds
[2024-07-02T19:33:03.040+0000] {processor.py:161} INFO - Started process (PID=16120) to work on /usr/local/python/3.10.13/lib/python3.10/site-packages/airflow/example_dags/example_sla_dag.py
[2024-07-02T19:33:03.041+0000] {processor.py:830} INFO - Processing file /usr/local/python/3.10.13/lib/python3.10/site-packages/airflow/example_dags/example_sla_dag.py for tasks to queue
[2024-07-02T19:33:03.041+0000] {logging_mixin.py:188} INFO - [2024-07-02T19:33:03.041+0000] {dagbag.py:545} INFO - Filling up the DagBag from /usr/local/python/3.10.13/lib/python3.10/site-packages/airflow/example_dags/example_sla_dag.py
[2024-07-02T19:33:03.048+0000] {processor.py:840} INFO - DAG(s) 'example_sla_dag' retrieved from /usr/local/python/3.10.13/lib/python3.10/site-packages/airflow/example_dags/example_sla_dag.py
[2024-07-02T19:33:03.059+0000] {logging_mixin.py:188} INFO - [2024-07-02T19:33:03.058+0000] {dag.py:3096} INFO - Sync 1 DAGs
[2024-07-02T19:33:03.075+0000] {logging_mixin.py:188} INFO - [2024-07-02T19:33:03.075+0000] {dag.py:3954} INFO - Setting next_dagrun for example_sla_dag to 2024-07-02 19:30:00+00:00, run_after=2024-07-02 19:32:00+00:00
[2024-07-02T19:33:03.124+0000] {processor.py:183} INFO - Processing /usr/local/python/3.10.13/lib/python3.10/site-packages/airflow/example_dags/example_sla_dag.py took 0.089 seconds
[2024-07-02T19:33:46.457+0000] {processor.py:161} INFO - Started process (PID=16528) to work on /usr/local/python/3.10.13/lib/python3.10/site-packages/airflow/example_dags/example_sla_dag.py
[2024-07-02T19:33:46.457+0000] {processor.py:830} INFO - Processing file /usr/local/python/3.10.13/lib/python3.10/site-packages/airflow/example_dags/example_sla_dag.py for tasks to queue
[2024-07-02T19:33:46.458+0000] {logging_mixin.py:188} INFO - [2024-07-02T19:33:46.458+0000] {dagbag.py:545} INFO - Filling up the DagBag from /usr/local/python/3.10.13/lib/python3.10/site-packages/airflow/example_dags/example_sla_dag.py
[2024-07-02T19:33:46.465+0000] {processor.py:840} INFO - DAG(s) 'example_sla_dag' retrieved from /usr/local/python/3.10.13/lib/python3.10/site-packages/airflow/example_dags/example_sla_dag.py
[2024-07-02T19:33:46.475+0000] {logging_mixin.py:188} INFO - [2024-07-02T19:33:46.475+0000] {dag.py:3096} INFO - Sync 1 DAGs
[2024-07-02T19:33:46.492+0000] {logging_mixin.py:188} INFO - [2024-07-02T19:33:46.492+0000] {dag.py:3954} INFO - Setting next_dagrun for example_sla_dag to 2024-07-02 19:30:00+00:00, run_after=2024-07-02 19:32:00+00:00
[2024-07-02T19:33:46.532+0000] {processor.py:183} INFO - Processing /usr/local/python/3.10.13/lib/python3.10/site-packages/airflow/example_dags/example_sla_dag.py took 0.079 seconds
[2024-07-02T19:34:33.316+0000] {processor.py:161} INFO - Started process (PID=16917) to work on /usr/local/python/3.10.13/lib/python3.10/site-packages/airflow/example_dags/example_sla_dag.py
[2024-07-02T19:34:33.317+0000] {processor.py:830} INFO - Processing file /usr/local/python/3.10.13/lib/python3.10/site-packages/airflow/example_dags/example_sla_dag.py for tasks to queue
[2024-07-02T19:34:33.317+0000] {logging_mixin.py:188} INFO - [2024-07-02T19:34:33.317+0000] {dagbag.py:545} INFO - Filling up the DagBag from /usr/local/python/3.10.13/lib/python3.10/site-packages/airflow/example_dags/example_sla_dag.py
[2024-07-02T19:34:33.324+0000] {processor.py:840} INFO - DAG(s) 'example_sla_dag' retrieved from /usr/local/python/3.10.13/lib/python3.10/site-packages/airflow/example_dags/example_sla_dag.py
[2024-07-02T19:34:33.334+0000] {logging_mixin.py:188} INFO - [2024-07-02T19:34:33.334+0000] {dag.py:3096} INFO - Sync 1 DAGs
[2024-07-02T19:34:33.352+0000] {logging_mixin.py:188} INFO - [2024-07-02T19:34:33.351+0000] {dag.py:3954} INFO - Setting next_dagrun for example_sla_dag to 2024-07-02 19:32:00+00:00, run_after=2024-07-02 19:34:00+00:00
[2024-07-02T19:34:33.393+0000] {processor.py:183} INFO - Processing /usr/local/python/3.10.13/lib/python3.10/site-packages/airflow/example_dags/example_sla_dag.py took 0.082 seconds
[2024-07-02T19:35:19.739+0000] {processor.py:161} INFO - Started process (PID=17271) to work on /usr/local/python/3.10.13/lib/python3.10/site-packages/airflow/example_dags/example_sla_dag.py
[2024-07-02T19:35:19.740+0000] {processor.py:830} INFO - Processing file /usr/local/python/3.10.13/lib/python3.10/site-packages/airflow/example_dags/example_sla_dag.py for tasks to queue
[2024-07-02T19:35:19.741+0000] {logging_mixin.py:188} INFO - [2024-07-02T19:35:19.741+0000] {dagbag.py:545} INFO - Filling up the DagBag from /usr/local/python/3.10.13/lib/python3.10/site-packages/airflow/example_dags/example_sla_dag.py
[2024-07-02T19:35:19.750+0000] {processor.py:840} INFO - DAG(s) 'example_sla_dag' retrieved from /usr/local/python/3.10.13/lib/python3.10/site-packages/airflow/example_dags/example_sla_dag.py
[2024-07-02T19:35:19.765+0000] {logging_mixin.py:188} INFO - [2024-07-02T19:35:19.764+0000] {dag.py:3096} INFO - Sync 1 DAGs
[2024-07-02T19:35:19.790+0000] {logging_mixin.py:188} INFO - [2024-07-02T19:35:19.789+0000] {dag.py:3954} INFO - Setting next_dagrun for example_sla_dag to 2024-07-02 19:32:00+00:00, run_after=2024-07-02 19:34:00+00:00
[2024-07-02T19:35:19.841+0000] {processor.py:183} INFO - Processing /usr/local/python/3.10.13/lib/python3.10/site-packages/airflow/example_dags/example_sla_dag.py took 0.113 seconds
[2024-07-02T19:36:12.555+0000] {processor.py:161} INFO - Started process (PID=17772) to work on /usr/local/python/3.10.13/lib/python3.10/site-packages/airflow/example_dags/example_sla_dag.py
[2024-07-02T19:36:12.556+0000] {processor.py:830} INFO - Processing file /usr/local/python/3.10.13/lib/python3.10/site-packages/airflow/example_dags/example_sla_dag.py for tasks to queue
[2024-07-02T19:36:12.556+0000] {logging_mixin.py:188} INFO - [2024-07-02T19:36:12.556+0000] {dagbag.py:545} INFO - Filling up the DagBag from /usr/local/python/3.10.13/lib/python3.10/site-packages/airflow/example_dags/example_sla_dag.py
[2024-07-02T19:36:12.563+0000] {processor.py:840} INFO - DAG(s) 'example_sla_dag' retrieved from /usr/local/python/3.10.13/lib/python3.10/site-packages/airflow/example_dags/example_sla_dag.py
[2024-07-02T19:36:12.575+0000] {logging_mixin.py:188} INFO - [2024-07-02T19:36:12.575+0000] {dag.py:3096} INFO - Sync 1 DAGs
[2024-07-02T19:36:12.592+0000] {logging_mixin.py:188} INFO - [2024-07-02T19:36:12.592+0000] {dag.py:3954} INFO - Setting next_dagrun for example_sla_dag to 2024-07-02 19:34:00+00:00, run_after=2024-07-02 19:36:00+00:00
[2024-07-02T19:36:12.632+0000] {processor.py:183} INFO - Processing /usr/local/python/3.10.13/lib/python3.10/site-packages/airflow/example_dags/example_sla_dag.py took 0.082 seconds
[2024-07-02T19:37:04.174+0000] {processor.py:161} INFO - Started process (PID=18136) to work on /usr/local/python/3.10.13/lib/python3.10/site-packages/airflow/example_dags/example_sla_dag.py
[2024-07-02T19:37:04.174+0000] {processor.py:830} INFO - Processing file /usr/local/python/3.10.13/lib/python3.10/site-packages/airflow/example_dags/example_sla_dag.py for tasks to queue
[2024-07-02T19:37:04.175+0000] {logging_mixin.py:188} INFO - [2024-07-02T19:37:04.175+0000] {dagbag.py:545} INFO - Filling up the DagBag from /usr/local/python/3.10.13/lib/python3.10/site-packages/airflow/example_dags/example_sla_dag.py
[2024-07-02T19:37:04.182+0000] {processor.py:840} INFO - DAG(s) 'example_sla_dag' retrieved from /usr/local/python/3.10.13/lib/python3.10/site-packages/airflow/example_dags/example_sla_dag.py
[2024-07-02T19:37:04.193+0000] {logging_mixin.py:188} INFO - [2024-07-02T19:37:04.192+0000] {dag.py:3096} INFO - Sync 1 DAGs
[2024-07-02T19:37:04.210+0000] {logging_mixin.py:188} INFO - [2024-07-02T19:37:04.210+0000] {dag.py:3954} INFO - Setting next_dagrun for example_sla_dag to 2024-07-02 19:34:00+00:00, run_after=2024-07-02 19:36:00+00:00
[2024-07-02T19:37:04.248+0000] {processor.py:183} INFO - Processing /usr/local/python/3.10.13/lib/python3.10/site-packages/airflow/example_dags/example_sla_dag.py took 0.079 seconds
[2024-07-02T19:37:48.234+0000] {processor.py:161} INFO - Started process (PID=18466) to work on /usr/local/python/3.10.13/lib/python3.10/site-packages/airflow/example_dags/example_sla_dag.py
[2024-07-02T19:37:48.235+0000] {processor.py:830} INFO - Processing file /usr/local/python/3.10.13/lib/python3.10/site-packages/airflow/example_dags/example_sla_dag.py for tasks to queue
[2024-07-02T19:37:48.236+0000] {logging_mixin.py:188} INFO - [2024-07-02T19:37:48.235+0000] {dagbag.py:545} INFO - Filling up the DagBag from /usr/local/python/3.10.13/lib/python3.10/site-packages/airflow/example_dags/example_sla_dag.py
[2024-07-02T19:37:48.242+0000] {processor.py:840} INFO - DAG(s) 'example_sla_dag' retrieved from /usr/local/python/3.10.13/lib/python3.10/site-packages/airflow/example_dags/example_sla_dag.py
[2024-07-02T19:37:48.257+0000] {logging_mixin.py:188} INFO - [2024-07-02T19:37:48.257+0000] {dag.py:3096} INFO - Sync 1 DAGs
[2024-07-02T19:37:48.284+0000] {logging_mixin.py:188} INFO - [2024-07-02T19:37:48.284+0000] {dag.py:3954} INFO - Setting next_dagrun for example_sla_dag to 2024-07-02 19:34:00+00:00, run_after=2024-07-02 19:36:00+00:00
[2024-07-02T19:37:48.340+0000] {processor.py:183} INFO - Processing /usr/local/python/3.10.13/lib/python3.10/site-packages/airflow/example_dags/example_sla_dag.py took 0.110 seconds
[2024-07-02T19:38:31.828+0000] {processor.py:161} INFO - Started process (PID=18775) to work on /usr/local/python/3.10.13/lib/python3.10/site-packages/airflow/example_dags/example_sla_dag.py
[2024-07-02T19:38:31.829+0000] {processor.py:830} INFO - Processing file /usr/local/python/3.10.13/lib/python3.10/site-packages/airflow/example_dags/example_sla_dag.py for tasks to queue
[2024-07-02T19:38:31.830+0000] {logging_mixin.py:188} INFO - [2024-07-02T19:38:31.830+0000] {dagbag.py:545} INFO - Filling up the DagBag from /usr/local/python/3.10.13/lib/python3.10/site-packages/airflow/example_dags/example_sla_dag.py
[2024-07-02T19:38:31.840+0000] {processor.py:840} INFO - DAG(s) 'example_sla_dag' retrieved from /usr/local/python/3.10.13/lib/python3.10/site-packages/airflow/example_dags/example_sla_dag.py
[2024-07-02T19:38:31.857+0000] {logging_mixin.py:188} INFO - [2024-07-02T19:38:31.856+0000] {dag.py:3096} INFO - Sync 1 DAGs
[2024-07-02T19:38:31.884+0000] {logging_mixin.py:188} INFO - [2024-07-02T19:38:31.883+0000] {dag.py:3954} INFO - Setting next_dagrun for example_sla_dag to 2024-07-02 19:36:00+00:00, run_after=2024-07-02 19:38:00+00:00
[2024-07-02T19:38:31.931+0000] {processor.py:183} INFO - Processing /usr/local/python/3.10.13/lib/python3.10/site-packages/airflow/example_dags/example_sla_dag.py took 0.110 seconds
[2024-07-02T19:39:14.821+0000] {processor.py:161} INFO - Started process (PID=19084) to work on /usr/local/python/3.10.13/lib/python3.10/site-packages/airflow/example_dags/example_sla_dag.py
[2024-07-02T19:39:14.822+0000] {processor.py:830} INFO - Processing file /usr/local/python/3.10.13/lib/python3.10/site-packages/airflow/example_dags/example_sla_dag.py for tasks to queue
[2024-07-02T19:39:14.823+0000] {logging_mixin.py:188} INFO - [2024-07-02T19:39:14.822+0000] {dagbag.py:545} INFO - Filling up the DagBag from /usr/local/python/3.10.13/lib/python3.10/site-packages/airflow/example_dags/example_sla_dag.py
[2024-07-02T19:39:14.830+0000] {processor.py:840} INFO - DAG(s) 'example_sla_dag' retrieved from /usr/local/python/3.10.13/lib/python3.10/site-packages/airflow/example_dags/example_sla_dag.py
[2024-07-02T19:39:14.841+0000] {logging_mixin.py:188} INFO - [2024-07-02T19:39:14.840+0000] {dag.py:3096} INFO - Sync 1 DAGs
[2024-07-02T19:39:14.858+0000] {logging_mixin.py:188} INFO - [2024-07-02T19:39:14.858+0000] {dag.py:3954} INFO - Setting next_dagrun for example_sla_dag to 2024-07-02 19:36:00+00:00, run_after=2024-07-02 19:38:00+00:00
[2024-07-02T19:39:14.898+0000] {processor.py:183} INFO - Processing /usr/local/python/3.10.13/lib/python3.10/site-packages/airflow/example_dags/example_sla_dag.py took 0.081 seconds
[2024-07-02T19:40:08.986+0000] {processor.py:161} INFO - Started process (PID=19488) to work on /usr/local/python/3.10.13/lib/python3.10/site-packages/airflow/example_dags/example_sla_dag.py
[2024-07-02T19:40:08.987+0000] {processor.py:830} INFO - Processing file /usr/local/python/3.10.13/lib/python3.10/site-packages/airflow/example_dags/example_sla_dag.py for tasks to queue
[2024-07-02T19:40:08.988+0000] {logging_mixin.py:188} INFO - [2024-07-02T19:40:08.987+0000] {dagbag.py:545} INFO - Filling up the DagBag from /usr/local/python/3.10.13/lib/python3.10/site-packages/airflow/example_dags/example_sla_dag.py
[2024-07-02T19:40:08.994+0000] {processor.py:840} INFO - DAG(s) 'example_sla_dag' retrieved from /usr/local/python/3.10.13/lib/python3.10/site-packages/airflow/example_dags/example_sla_dag.py
[2024-07-02T19:40:09.005+0000] {logging_mixin.py:188} INFO - [2024-07-02T19:40:09.005+0000] {dag.py:3096} INFO - Sync 1 DAGs
[2024-07-02T19:40:09.023+0000] {logging_mixin.py:188} INFO - [2024-07-02T19:40:09.023+0000] {dag.py:3954} INFO - Setting next_dagrun for example_sla_dag to 2024-07-02 19:38:00+00:00, run_after=2024-07-02 19:40:00+00:00
[2024-07-02T19:40:09.064+0000] {processor.py:183} INFO - Processing /usr/local/python/3.10.13/lib/python3.10/site-packages/airflow/example_dags/example_sla_dag.py took 0.082 seconds
[2024-07-02T19:40:59.786+0000] {processor.py:161} INFO - Started process (PID=19869) to work on /usr/local/python/3.10.13/lib/python3.10/site-packages/airflow/example_dags/example_sla_dag.py
[2024-07-02T19:40:59.787+0000] {processor.py:830} INFO - Processing file /usr/local/python/3.10.13/lib/python3.10/site-packages/airflow/example_dags/example_sla_dag.py for tasks to queue
[2024-07-02T19:40:59.788+0000] {logging_mixin.py:188} INFO - [2024-07-02T19:40:59.788+0000] {dagbag.py:545} INFO - Filling up the DagBag from /usr/local/python/3.10.13/lib/python3.10/site-packages/airflow/example_dags/example_sla_dag.py
[2024-07-02T19:40:59.794+0000] {processor.py:840} INFO - DAG(s) 'example_sla_dag' retrieved from /usr/local/python/3.10.13/lib/python3.10/site-packages/airflow/example_dags/example_sla_dag.py
[2024-07-02T19:40:59.805+0000] {logging_mixin.py:188} INFO - [2024-07-02T19:40:59.805+0000] {dag.py:3096} INFO - Sync 1 DAGs
[2024-07-02T19:40:59.822+0000] {logging_mixin.py:188} INFO - [2024-07-02T19:40:59.822+0000] {dag.py:3954} INFO - Setting next_dagrun for example_sla_dag to 2024-07-02 19:38:00+00:00, run_after=2024-07-02 19:40:00+00:00
[2024-07-02T19:40:59.861+0000] {processor.py:183} INFO - Processing /usr/local/python/3.10.13/lib/python3.10/site-packages/airflow/example_dags/example_sla_dag.py took 0.080 seconds
[2024-07-02T19:41:44.029+0000] {processor.py:161} INFO - Started process (PID=20222) to work on /usr/local/python/3.10.13/lib/python3.10/site-packages/airflow/example_dags/example_sla_dag.py
[2024-07-02T19:41:44.030+0000] {processor.py:830} INFO - Processing file /usr/local/python/3.10.13/lib/python3.10/site-packages/airflow/example_dags/example_sla_dag.py for tasks to queue
[2024-07-02T19:41:44.031+0000] {logging_mixin.py:188} INFO - [2024-07-02T19:41:44.030+0000] {dagbag.py:545} INFO - Filling up the DagBag from /usr/local/python/3.10.13/lib/python3.10/site-packages/airflow/example_dags/example_sla_dag.py
[2024-07-02T19:41:44.037+0000] {processor.py:840} INFO - DAG(s) 'example_sla_dag' retrieved from /usr/local/python/3.10.13/lib/python3.10/site-packages/airflow/example_dags/example_sla_dag.py
[2024-07-02T19:41:44.048+0000] {logging_mixin.py:188} INFO - [2024-07-02T19:41:44.048+0000] {dag.py:3096} INFO - Sync 1 DAGs
[2024-07-02T19:41:44.065+0000] {logging_mixin.py:188} INFO - [2024-07-02T19:41:44.065+0000] {dag.py:3954} INFO - Setting next_dagrun for example_sla_dag to 2024-07-02 19:38:00+00:00, run_after=2024-07-02 19:40:00+00:00
[2024-07-02T19:41:44.103+0000] {processor.py:183} INFO - Processing /usr/local/python/3.10.13/lib/python3.10/site-packages/airflow/example_dags/example_sla_dag.py took 0.079 seconds
[2024-07-02T19:42:24.273+0000] {processor.py:161} INFO - Started process (PID=20537) to work on /usr/local/python/3.10.13/lib/python3.10/site-packages/airflow/example_dags/example_sla_dag.py
[2024-07-02T19:42:24.274+0000] {processor.py:830} INFO - Processing file /usr/local/python/3.10.13/lib/python3.10/site-packages/airflow/example_dags/example_sla_dag.py for tasks to queue
[2024-07-02T19:42:24.274+0000] {logging_mixin.py:188} INFO - [2024-07-02T19:42:24.274+0000] {dagbag.py:545} INFO - Filling up the DagBag from /usr/local/python/3.10.13/lib/python3.10/site-packages/airflow/example_dags/example_sla_dag.py
[2024-07-02T19:42:24.281+0000] {processor.py:840} INFO - DAG(s) 'example_sla_dag' retrieved from /usr/local/python/3.10.13/lib/python3.10/site-packages/airflow/example_dags/example_sla_dag.py
[2024-07-02T19:42:24.292+0000] {logging_mixin.py:188} INFO - [2024-07-02T19:42:24.292+0000] {dag.py:3096} INFO - Sync 1 DAGs
[2024-07-02T19:42:24.310+0000] {logging_mixin.py:188} INFO - [2024-07-02T19:42:24.310+0000] {dag.py:3954} INFO - Setting next_dagrun for example_sla_dag to 2024-07-02 19:40:00+00:00, run_after=2024-07-02 19:42:00+00:00
[2024-07-02T19:42:24.352+0000] {processor.py:183} INFO - Processing /usr/local/python/3.10.13/lib/python3.10/site-packages/airflow/example_dags/example_sla_dag.py took 0.084 seconds
[2024-07-02T19:43:13.377+0000] {processor.py:161} INFO - Started process (PID=20949) to work on /usr/local/python/3.10.13/lib/python3.10/site-packages/airflow/example_dags/example_sla_dag.py
[2024-07-02T19:43:13.377+0000] {processor.py:830} INFO - Processing file /usr/local/python/3.10.13/lib/python3.10/site-packages/airflow/example_dags/example_sla_dag.py for tasks to queue
[2024-07-02T19:43:13.378+0000] {logging_mixin.py:188} INFO - [2024-07-02T19:43:13.378+0000] {dagbag.py:545} INFO - Filling up the DagBag from /usr/local/python/3.10.13/lib/python3.10/site-packages/airflow/example_dags/example_sla_dag.py
[2024-07-02T19:43:13.384+0000] {processor.py:840} INFO - DAG(s) 'example_sla_dag' retrieved from /usr/local/python/3.10.13/lib/python3.10/site-packages/airflow/example_dags/example_sla_dag.py
[2024-07-02T19:43:13.399+0000] {logging_mixin.py:188} INFO - [2024-07-02T19:43:13.399+0000] {dag.py:3096} INFO - Sync 1 DAGs
[2024-07-02T19:43:13.424+0000] {logging_mixin.py:188} INFO - [2024-07-02T19:43:13.424+0000] {dag.py:3954} INFO - Setting next_dagrun for example_sla_dag to 2024-07-02 19:40:00+00:00, run_after=2024-07-02 19:42:00+00:00
[2024-07-02T19:43:13.527+0000] {processor.py:183} INFO - Processing /usr/local/python/3.10.13/lib/python3.10/site-packages/airflow/example_dags/example_sla_dag.py took 0.155 seconds
[2024-07-02T19:44:05.265+0000] {processor.py:161} INFO - Started process (PID=21353) to work on /usr/local/python/3.10.13/lib/python3.10/site-packages/airflow/example_dags/example_sla_dag.py
[2024-07-02T19:44:05.265+0000] {processor.py:830} INFO - Processing file /usr/local/python/3.10.13/lib/python3.10/site-packages/airflow/example_dags/example_sla_dag.py for tasks to queue
[2024-07-02T19:44:05.266+0000] {logging_mixin.py:188} INFO - [2024-07-02T19:44:05.266+0000] {dagbag.py:545} INFO - Filling up the DagBag from /usr/local/python/3.10.13/lib/python3.10/site-packages/airflow/example_dags/example_sla_dag.py
[2024-07-02T19:44:05.273+0000] {processor.py:840} INFO - DAG(s) 'example_sla_dag' retrieved from /usr/local/python/3.10.13/lib/python3.10/site-packages/airflow/example_dags/example_sla_dag.py
[2024-07-02T19:44:05.285+0000] {logging_mixin.py:188} INFO - [2024-07-02T19:44:05.285+0000] {dag.py:3096} INFO - Sync 1 DAGs
[2024-07-02T19:44:05.302+0000] {logging_mixin.py:188} INFO - [2024-07-02T19:44:05.302+0000] {dag.py:3954} INFO - Setting next_dagrun for example_sla_dag to 2024-07-02 19:42:00+00:00, run_after=2024-07-02 19:44:00+00:00
[2024-07-02T19:44:05.343+0000] {processor.py:183} INFO - Processing /usr/local/python/3.10.13/lib/python3.10/site-packages/airflow/example_dags/example_sla_dag.py took 0.083 seconds
[2024-07-02T19:44:49.629+0000] {processor.py:161} INFO - Started process (PID=21686) to work on /usr/local/python/3.10.13/lib/python3.10/site-packages/airflow/example_dags/example_sla_dag.py
[2024-07-02T19:44:49.630+0000] {processor.py:830} INFO - Processing file /usr/local/python/3.10.13/lib/python3.10/site-packages/airflow/example_dags/example_sla_dag.py for tasks to queue
[2024-07-02T19:44:49.631+0000] {logging_mixin.py:188} INFO - [2024-07-02T19:44:49.630+0000] {dagbag.py:545} INFO - Filling up the DagBag from /usr/local/python/3.10.13/lib/python3.10/site-packages/airflow/example_dags/example_sla_dag.py
[2024-07-02T19:44:49.637+0000] {processor.py:840} INFO - DAG(s) 'example_sla_dag' retrieved from /usr/local/python/3.10.13/lib/python3.10/site-packages/airflow/example_dags/example_sla_dag.py
[2024-07-02T19:44:49.649+0000] {logging_mixin.py:188} INFO - [2024-07-02T19:44:49.649+0000] {dag.py:3096} INFO - Sync 1 DAGs
[2024-07-02T19:44:49.666+0000] {logging_mixin.py:188} INFO - [2024-07-02T19:44:49.666+0000] {dag.py:3954} INFO - Setting next_dagrun for example_sla_dag to 2024-07-02 19:42:00+00:00, run_after=2024-07-02 19:44:00+00:00
[2024-07-02T19:44:49.704+0000] {processor.py:183} INFO - Processing /usr/local/python/3.10.13/lib/python3.10/site-packages/airflow/example_dags/example_sla_dag.py took 0.080 seconds
[2024-07-02T19:45:30.170+0000] {processor.py:161} INFO - Started process (PID=21983) to work on /usr/local/python/3.10.13/lib/python3.10/site-packages/airflow/example_dags/example_sla_dag.py
[2024-07-02T19:45:30.170+0000] {processor.py:830} INFO - Processing file /usr/local/python/3.10.13/lib/python3.10/site-packages/airflow/example_dags/example_sla_dag.py for tasks to queue
[2024-07-02T19:45:30.171+0000] {logging_mixin.py:188} INFO - [2024-07-02T19:45:30.171+0000] {dagbag.py:545} INFO - Filling up the DagBag from /usr/local/python/3.10.13/lib/python3.10/site-packages/airflow/example_dags/example_sla_dag.py
[2024-07-02T19:45:30.178+0000] {processor.py:840} INFO - DAG(s) 'example_sla_dag' retrieved from /usr/local/python/3.10.13/lib/python3.10/site-packages/airflow/example_dags/example_sla_dag.py
[2024-07-02T19:45:30.189+0000] {logging_mixin.py:188} INFO - [2024-07-02T19:45:30.189+0000] {dag.py:3096} INFO - Sync 1 DAGs
[2024-07-02T19:45:30.206+0000] {logging_mixin.py:188} INFO - [2024-07-02T19:45:30.206+0000] {dag.py:3954} INFO - Setting next_dagrun for example_sla_dag to 2024-07-02 19:42:00+00:00, run_after=2024-07-02 19:44:00+00:00
[2024-07-02T19:45:30.248+0000] {processor.py:183} INFO - Processing /usr/local/python/3.10.13/lib/python3.10/site-packages/airflow/example_dags/example_sla_dag.py took 0.083 seconds
[2024-07-02T19:46:11.944+0000] {processor.py:161} INFO - Started process (PID=22277) to work on /usr/local/python/3.10.13/lib/python3.10/site-packages/airflow/example_dags/example_sla_dag.py
[2024-07-02T19:46:11.944+0000] {processor.py:830} INFO - Processing file /usr/local/python/3.10.13/lib/python3.10/site-packages/airflow/example_dags/example_sla_dag.py for tasks to queue
[2024-07-02T19:46:11.945+0000] {logging_mixin.py:188} INFO - [2024-07-02T19:46:11.945+0000] {dagbag.py:545} INFO - Filling up the DagBag from /usr/local/python/3.10.13/lib/python3.10/site-packages/airflow/example_dags/example_sla_dag.py
[2024-07-02T19:46:11.955+0000] {processor.py:840} INFO - DAG(s) 'example_sla_dag' retrieved from /usr/local/python/3.10.13/lib/python3.10/site-packages/airflow/example_dags/example_sla_dag.py
[2024-07-02T19:46:11.971+0000] {logging_mixin.py:188} INFO - [2024-07-02T19:46:11.970+0000] {dag.py:3096} INFO - Sync 1 DAGs
[2024-07-02T19:46:11.997+0000] {logging_mixin.py:188} INFO - [2024-07-02T19:46:11.997+0000] {dag.py:3954} INFO - Setting next_dagrun for example_sla_dag to 2024-07-02 19:44:00+00:00, run_after=2024-07-02 19:46:00+00:00
[2024-07-02T19:46:12.044+0000] {processor.py:183} INFO - Processing /usr/local/python/3.10.13/lib/python3.10/site-packages/airflow/example_dags/example_sla_dag.py took 0.106 seconds
[2024-07-02T19:46:58.483+0000] {processor.py:161} INFO - Started process (PID=22598) to work on /usr/local/python/3.10.13/lib/python3.10/site-packages/airflow/example_dags/example_sla_dag.py
[2024-07-02T19:46:58.483+0000] {processor.py:830} INFO - Processing file /usr/local/python/3.10.13/lib/python3.10/site-packages/airflow/example_dags/example_sla_dag.py for tasks to queue
[2024-07-02T19:46:58.484+0000] {logging_mixin.py:188} INFO - [2024-07-02T19:46:58.484+0000] {dagbag.py:545} INFO - Filling up the DagBag from /usr/local/python/3.10.13/lib/python3.10/site-packages/airflow/example_dags/example_sla_dag.py
[2024-07-02T19:46:58.491+0000] {processor.py:840} INFO - DAG(s) 'example_sla_dag' retrieved from /usr/local/python/3.10.13/lib/python3.10/site-packages/airflow/example_dags/example_sla_dag.py
[2024-07-02T19:46:58.502+0000] {logging_mixin.py:188} INFO - [2024-07-02T19:46:58.502+0000] {dag.py:3096} INFO - Sync 1 DAGs
[2024-07-02T19:46:58.519+0000] {logging_mixin.py:188} INFO - [2024-07-02T19:46:58.519+0000] {dag.py:3954} INFO - Setting next_dagrun for example_sla_dag to 2024-07-02 19:44:00+00:00, run_after=2024-07-02 19:46:00+00:00
[2024-07-02T19:46:58.560+0000] {processor.py:183} INFO - Processing /usr/local/python/3.10.13/lib/python3.10/site-packages/airflow/example_dags/example_sla_dag.py took 0.082 seconds
[2024-07-02T19:47:45.094+0000] {processor.py:161} INFO - Started process (PID=22913) to work on /usr/local/python/3.10.13/lib/python3.10/site-packages/airflow/example_dags/example_sla_dag.py
[2024-07-02T19:47:45.095+0000] {processor.py:830} INFO - Processing file /usr/local/python/3.10.13/lib/python3.10/site-packages/airflow/example_dags/example_sla_dag.py for tasks to queue
[2024-07-02T19:47:45.095+0000] {logging_mixin.py:188} INFO - [2024-07-02T19:47:45.095+0000] {dagbag.py:545} INFO - Filling up the DagBag from /usr/local/python/3.10.13/lib/python3.10/site-packages/airflow/example_dags/example_sla_dag.py
[2024-07-02T19:47:45.102+0000] {processor.py:840} INFO - DAG(s) 'example_sla_dag' retrieved from /usr/local/python/3.10.13/lib/python3.10/site-packages/airflow/example_dags/example_sla_dag.py
[2024-07-02T19:47:45.113+0000] {logging_mixin.py:188} INFO - [2024-07-02T19:47:45.113+0000] {dag.py:3096} INFO - Sync 1 DAGs
[2024-07-02T19:47:45.130+0000] {logging_mixin.py:188} INFO - [2024-07-02T19:47:45.130+0000] {dag.py:3954} INFO - Setting next_dagrun for example_sla_dag to 2024-07-02 19:44:00+00:00, run_after=2024-07-02 19:46:00+00:00
[2024-07-02T19:47:45.170+0000] {processor.py:183} INFO - Processing /usr/local/python/3.10.13/lib/python3.10/site-packages/airflow/example_dags/example_sla_dag.py took 0.081 seconds
[2024-07-02T19:48:26.556+0000] {processor.py:161} INFO - Started process (PID=23208) to work on /usr/local/python/3.10.13/lib/python3.10/site-packages/airflow/example_dags/example_sla_dag.py
[2024-07-02T19:48:26.557+0000] {processor.py:830} INFO - Processing file /usr/local/python/3.10.13/lib/python3.10/site-packages/airflow/example_dags/example_sla_dag.py for tasks to queue
[2024-07-02T19:48:26.558+0000] {logging_mixin.py:188} INFO - [2024-07-02T19:48:26.557+0000] {dagbag.py:545} INFO - Filling up the DagBag from /usr/local/python/3.10.13/lib/python3.10/site-packages/airflow/example_dags/example_sla_dag.py
[2024-07-02T19:48:26.564+0000] {processor.py:840} INFO - DAG(s) 'example_sla_dag' retrieved from /usr/local/python/3.10.13/lib/python3.10/site-packages/airflow/example_dags/example_sla_dag.py
[2024-07-02T19:48:26.575+0000] {logging_mixin.py:188} INFO - [2024-07-02T19:48:26.575+0000] {dag.py:3096} INFO - Sync 1 DAGs
[2024-07-02T19:48:26.593+0000] {logging_mixin.py:188} INFO - [2024-07-02T19:48:26.592+0000] {dag.py:3954} INFO - Setting next_dagrun for example_sla_dag to 2024-07-02 19:46:00+00:00, run_after=2024-07-02 19:48:00+00:00
[2024-07-02T19:48:26.636+0000] {processor.py:183} INFO - Processing /usr/local/python/3.10.13/lib/python3.10/site-packages/airflow/example_dags/example_sla_dag.py took 0.084 seconds
[2024-07-02T19:49:08.748+0000] {processor.py:161} INFO - Started process (PID=23518) to work on /usr/local/python/3.10.13/lib/python3.10/site-packages/airflow/example_dags/example_sla_dag.py
[2024-07-02T19:49:08.748+0000] {processor.py:830} INFO - Processing file /usr/local/python/3.10.13/lib/python3.10/site-packages/airflow/example_dags/example_sla_dag.py for tasks to queue
[2024-07-02T19:49:08.749+0000] {logging_mixin.py:188} INFO - [2024-07-02T19:49:08.749+0000] {dagbag.py:545} INFO - Filling up the DagBag from /usr/local/python/3.10.13/lib/python3.10/site-packages/airflow/example_dags/example_sla_dag.py
[2024-07-02T19:49:08.755+0000] {processor.py:840} INFO - DAG(s) 'example_sla_dag' retrieved from /usr/local/python/3.10.13/lib/python3.10/site-packages/airflow/example_dags/example_sla_dag.py
[2024-07-02T19:49:08.766+0000] {logging_mixin.py:188} INFO - [2024-07-02T19:49:08.766+0000] {dag.py:3096} INFO - Sync 1 DAGs
[2024-07-02T19:49:08.784+0000] {logging_mixin.py:188} INFO - [2024-07-02T19:49:08.783+0000] {dag.py:3954} INFO - Setting next_dagrun for example_sla_dag to 2024-07-02 19:46:00+00:00, run_after=2024-07-02 19:48:00+00:00
[2024-07-02T19:49:08.828+0000] {processor.py:183} INFO - Processing /usr/local/python/3.10.13/lib/python3.10/site-packages/airflow/example_dags/example_sla_dag.py took 0.085 seconds
[2024-07-02T19:49:54.054+0000] {processor.py:161} INFO - Started process (PID=23882) to work on /usr/local/python/3.10.13/lib/python3.10/site-packages/airflow/example_dags/example_sla_dag.py
[2024-07-02T19:49:54.055+0000] {processor.py:830} INFO - Processing file /usr/local/python/3.10.13/lib/python3.10/site-packages/airflow/example_dags/example_sla_dag.py for tasks to queue
[2024-07-02T19:49:54.055+0000] {logging_mixin.py:188} INFO - [2024-07-02T19:49:54.055+0000] {dagbag.py:545} INFO - Filling up the DagBag from /usr/local/python/3.10.13/lib/python3.10/site-packages/airflow/example_dags/example_sla_dag.py
[2024-07-02T19:49:54.062+0000] {processor.py:840} INFO - DAG(s) 'example_sla_dag' retrieved from /usr/local/python/3.10.13/lib/python3.10/site-packages/airflow/example_dags/example_sla_dag.py
[2024-07-02T19:49:54.073+0000] {logging_mixin.py:188} INFO - [2024-07-02T19:49:54.072+0000] {dag.py:3096} INFO - Sync 1 DAGs
[2024-07-02T19:49:54.089+0000] {logging_mixin.py:188} INFO - [2024-07-02T19:49:54.089+0000] {dag.py:3954} INFO - Setting next_dagrun for example_sla_dag to 2024-07-02 19:46:00+00:00, run_after=2024-07-02 19:48:00+00:00
[2024-07-02T19:49:54.126+0000] {processor.py:183} INFO - Processing /usr/local/python/3.10.13/lib/python3.10/site-packages/airflow/example_dags/example_sla_dag.py took 0.077 seconds
[2024-07-02T19:50:38.873+0000] {processor.py:161} INFO - Started process (PID=24216) to work on /usr/local/python/3.10.13/lib/python3.10/site-packages/airflow/example_dags/example_sla_dag.py
[2024-07-02T19:50:38.874+0000] {processor.py:830} INFO - Processing file /usr/local/python/3.10.13/lib/python3.10/site-packages/airflow/example_dags/example_sla_dag.py for tasks to queue
[2024-07-02T19:50:38.875+0000] {logging_mixin.py:188} INFO - [2024-07-02T19:50:38.874+0000] {dagbag.py:545} INFO - Filling up the DagBag from /usr/local/python/3.10.13/lib/python3.10/site-packages/airflow/example_dags/example_sla_dag.py
[2024-07-02T19:50:38.881+0000] {processor.py:840} INFO - DAG(s) 'example_sla_dag' retrieved from /usr/local/python/3.10.13/lib/python3.10/site-packages/airflow/example_dags/example_sla_dag.py
[2024-07-02T19:50:38.892+0000] {logging_mixin.py:188} INFO - [2024-07-02T19:50:38.892+0000] {dag.py:3096} INFO - Sync 1 DAGs
[2024-07-02T19:50:38.909+0000] {logging_mixin.py:188} INFO - [2024-07-02T19:50:38.909+0000] {dag.py:3954} INFO - Setting next_dagrun for example_sla_dag to 2024-07-02 19:48:00+00:00, run_after=2024-07-02 19:50:00+00:00
[2024-07-02T19:50:38.949+0000] {processor.py:183} INFO - Processing /usr/local/python/3.10.13/lib/python3.10/site-packages/airflow/example_dags/example_sla_dag.py took 0.080 seconds
[2024-07-02T19:51:23.996+0000] {processor.py:161} INFO - Started process (PID=24570) to work on /usr/local/python/3.10.13/lib/python3.10/site-packages/airflow/example_dags/example_sla_dag.py
[2024-07-02T19:51:23.996+0000] {processor.py:830} INFO - Processing file /usr/local/python/3.10.13/lib/python3.10/site-packages/airflow/example_dags/example_sla_dag.py for tasks to queue
[2024-07-02T19:51:23.997+0000] {logging_mixin.py:188} INFO - [2024-07-02T19:51:23.997+0000] {dagbag.py:545} INFO - Filling up the DagBag from /usr/local/python/3.10.13/lib/python3.10/site-packages/airflow/example_dags/example_sla_dag.py
[2024-07-02T19:51:24.004+0000] {processor.py:840} INFO - DAG(s) 'example_sla_dag' retrieved from /usr/local/python/3.10.13/lib/python3.10/site-packages/airflow/example_dags/example_sla_dag.py
[2024-07-02T19:51:24.014+0000] {logging_mixin.py:188} INFO - [2024-07-02T19:51:24.014+0000] {dag.py:3096} INFO - Sync 1 DAGs
[2024-07-02T19:51:24.032+0000] {logging_mixin.py:188} INFO - [2024-07-02T19:51:24.032+0000] {dag.py:3954} INFO - Setting next_dagrun for example_sla_dag to 2024-07-02 19:48:00+00:00, run_after=2024-07-02 19:50:00+00:00
[2024-07-02T19:51:24.071+0000] {processor.py:183} INFO - Processing /usr/local/python/3.10.13/lib/python3.10/site-packages/airflow/example_dags/example_sla_dag.py took 0.081 seconds
[2024-07-02T19:52:08.149+0000] {processor.py:161} INFO - Started process (PID=24896) to work on /usr/local/python/3.10.13/lib/python3.10/site-packages/airflow/example_dags/example_sla_dag.py
[2024-07-02T19:52:08.150+0000] {processor.py:830} INFO - Processing file /usr/local/python/3.10.13/lib/python3.10/site-packages/airflow/example_dags/example_sla_dag.py for tasks to queue
[2024-07-02T19:52:08.151+0000] {logging_mixin.py:188} INFO - [2024-07-02T19:52:08.150+0000] {dagbag.py:545} INFO - Filling up the DagBag from /usr/local/python/3.10.13/lib/python3.10/site-packages/airflow/example_dags/example_sla_dag.py
[2024-07-02T19:52:08.157+0000] {processor.py:840} INFO - DAG(s) 'example_sla_dag' retrieved from /usr/local/python/3.10.13/lib/python3.10/site-packages/airflow/example_dags/example_sla_dag.py
[2024-07-02T19:52:08.172+0000] {logging_mixin.py:188} INFO - [2024-07-02T19:52:08.172+0000] {dag.py:3096} INFO - Sync 1 DAGs
[2024-07-02T19:52:08.199+0000] {logging_mixin.py:188} INFO - [2024-07-02T19:52:08.199+0000] {dag.py:3954} INFO - Setting next_dagrun for example_sla_dag to 2024-07-02 19:50:00+00:00, run_after=2024-07-02 19:52:00+00:00
[2024-07-02T19:52:08.244+0000] {processor.py:183} INFO - Processing /usr/local/python/3.10.13/lib/python3.10/site-packages/airflow/example_dags/example_sla_dag.py took 0.099 seconds
[2024-07-02T19:52:53.161+0000] {processor.py:161} INFO - Started process (PID=25250) to work on /usr/local/python/3.10.13/lib/python3.10/site-packages/airflow/example_dags/example_sla_dag.py
[2024-07-02T19:52:53.162+0000] {processor.py:830} INFO - Processing file /usr/local/python/3.10.13/lib/python3.10/site-packages/airflow/example_dags/example_sla_dag.py for tasks to queue
[2024-07-02T19:52:53.162+0000] {logging_mixin.py:188} INFO - [2024-07-02T19:52:53.162+0000] {dagbag.py:545} INFO - Filling up the DagBag from /usr/local/python/3.10.13/lib/python3.10/site-packages/airflow/example_dags/example_sla_dag.py
[2024-07-02T19:52:53.170+0000] {processor.py:840} INFO - DAG(s) 'example_sla_dag' retrieved from /usr/local/python/3.10.13/lib/python3.10/site-packages/airflow/example_dags/example_sla_dag.py
[2024-07-02T19:52:53.182+0000] {logging_mixin.py:188} INFO - [2024-07-02T19:52:53.181+0000] {dag.py:3096} INFO - Sync 1 DAGs
[2024-07-02T19:52:53.198+0000] {logging_mixin.py:188} INFO - [2024-07-02T19:52:53.198+0000] {dag.py:3954} INFO - Setting next_dagrun for example_sla_dag to 2024-07-02 19:50:00+00:00, run_after=2024-07-02 19:52:00+00:00
[2024-07-02T19:52:53.239+0000] {processor.py:183} INFO - Processing /usr/local/python/3.10.13/lib/python3.10/site-packages/airflow/example_dags/example_sla_dag.py took 0.082 seconds
[2024-07-02T19:53:37.347+0000] {processor.py:161} INFO - Started process (PID=25572) to work on /usr/local/python/3.10.13/lib/python3.10/site-packages/airflow/example_dags/example_sla_dag.py
[2024-07-02T19:53:37.348+0000] {processor.py:830} INFO - Processing file /usr/local/python/3.10.13/lib/python3.10/site-packages/airflow/example_dags/example_sla_dag.py for tasks to queue
[2024-07-02T19:53:37.348+0000] {logging_mixin.py:188} INFO - [2024-07-02T19:53:37.348+0000] {dagbag.py:545} INFO - Filling up the DagBag from /usr/local/python/3.10.13/lib/python3.10/site-packages/airflow/example_dags/example_sla_dag.py
[2024-07-02T19:53:37.355+0000] {processor.py:840} INFO - DAG(s) 'example_sla_dag' retrieved from /usr/local/python/3.10.13/lib/python3.10/site-packages/airflow/example_dags/example_sla_dag.py
[2024-07-02T19:53:37.365+0000] {logging_mixin.py:188} INFO - [2024-07-02T19:53:37.365+0000] {dag.py:3096} INFO - Sync 1 DAGs
[2024-07-02T19:53:37.382+0000] {logging_mixin.py:188} INFO - [2024-07-02T19:53:37.382+0000] {dag.py:3954} INFO - Setting next_dagrun for example_sla_dag to 2024-07-02 19:50:00+00:00, run_after=2024-07-02 19:52:00+00:00
[2024-07-02T19:53:37.426+0000] {processor.py:183} INFO - Processing /usr/local/python/3.10.13/lib/python3.10/site-packages/airflow/example_dags/example_sla_dag.py took 0.084 seconds
[2024-07-02T19:54:21.496+0000] {processor.py:161} INFO - Started process (PID=25896) to work on /usr/local/python/3.10.13/lib/python3.10/site-packages/airflow/example_dags/example_sla_dag.py
[2024-07-02T19:54:21.497+0000] {processor.py:830} INFO - Processing file /usr/local/python/3.10.13/lib/python3.10/site-packages/airflow/example_dags/example_sla_dag.py for tasks to queue
[2024-07-02T19:54:21.498+0000] {logging_mixin.py:188} INFO - [2024-07-02T19:54:21.497+0000] {dagbag.py:545} INFO - Filling up the DagBag from /usr/local/python/3.10.13/lib/python3.10/site-packages/airflow/example_dags/example_sla_dag.py
[2024-07-02T19:54:21.504+0000] {processor.py:840} INFO - DAG(s) 'example_sla_dag' retrieved from /usr/local/python/3.10.13/lib/python3.10/site-packages/airflow/example_dags/example_sla_dag.py
[2024-07-02T19:54:21.515+0000] {logging_mixin.py:188} INFO - [2024-07-02T19:54:21.515+0000] {dag.py:3096} INFO - Sync 1 DAGs
[2024-07-02T19:54:21.532+0000] {logging_mixin.py:188} INFO - [2024-07-02T19:54:21.532+0000] {dag.py:3954} INFO - Setting next_dagrun for example_sla_dag to 2024-07-02 19:52:00+00:00, run_after=2024-07-02 19:54:00+00:00
[2024-07-02T19:54:21.572+0000] {processor.py:183} INFO - Processing /usr/local/python/3.10.13/lib/python3.10/site-packages/airflow/example_dags/example_sla_dag.py took 0.081 seconds
[2024-07-02T19:55:04.086+0000] {processor.py:161} INFO - Started process (PID=26224) to work on /usr/local/python/3.10.13/lib/python3.10/site-packages/airflow/example_dags/example_sla_dag.py
[2024-07-02T19:55:04.087+0000] {processor.py:830} INFO - Processing file /usr/local/python/3.10.13/lib/python3.10/site-packages/airflow/example_dags/example_sla_dag.py for tasks to queue
[2024-07-02T19:55:04.087+0000] {logging_mixin.py:188} INFO - [2024-07-02T19:55:04.087+0000] {dagbag.py:545} INFO - Filling up the DagBag from /usr/local/python/3.10.13/lib/python3.10/site-packages/airflow/example_dags/example_sla_dag.py
[2024-07-02T19:55:04.094+0000] {processor.py:840} INFO - DAG(s) 'example_sla_dag' retrieved from /usr/local/python/3.10.13/lib/python3.10/site-packages/airflow/example_dags/example_sla_dag.py
[2024-07-02T19:55:04.105+0000] {logging_mixin.py:188} INFO - [2024-07-02T19:55:04.105+0000] {dag.py:3096} INFO - Sync 1 DAGs
[2024-07-02T19:55:04.122+0000] {logging_mixin.py:188} INFO - [2024-07-02T19:55:04.122+0000] {dag.py:3954} INFO - Setting next_dagrun for example_sla_dag to 2024-07-02 19:52:00+00:00, run_after=2024-07-02 19:54:00+00:00
[2024-07-02T19:55:04.163+0000] {processor.py:183} INFO - Processing /usr/local/python/3.10.13/lib/python3.10/site-packages/airflow/example_dags/example_sla_dag.py took 0.081 seconds
[2024-07-02T19:55:48.970+0000] {processor.py:161} INFO - Started process (PID=26581) to work on /usr/local/python/3.10.13/lib/python3.10/site-packages/airflow/example_dags/example_sla_dag.py
[2024-07-02T19:55:48.971+0000] {processor.py:830} INFO - Processing file /usr/local/python/3.10.13/lib/python3.10/site-packages/airflow/example_dags/example_sla_dag.py for tasks to queue
[2024-07-02T19:55:48.971+0000] {logging_mixin.py:188} INFO - [2024-07-02T19:55:48.971+0000] {dagbag.py:545} INFO - Filling up the DagBag from /usr/local/python/3.10.13/lib/python3.10/site-packages/airflow/example_dags/example_sla_dag.py
[2024-07-02T19:55:48.978+0000] {processor.py:840} INFO - DAG(s) 'example_sla_dag' retrieved from /usr/local/python/3.10.13/lib/python3.10/site-packages/airflow/example_dags/example_sla_dag.py
[2024-07-02T19:55:48.989+0000] {logging_mixin.py:188} INFO - [2024-07-02T19:55:48.989+0000] {dag.py:3096} INFO - Sync 1 DAGs
[2024-07-02T19:55:49.006+0000] {logging_mixin.py:188} INFO - [2024-07-02T19:55:49.006+0000] {dag.py:3954} INFO - Setting next_dagrun for example_sla_dag to 2024-07-02 19:52:00+00:00, run_after=2024-07-02 19:54:00+00:00
[2024-07-02T19:55:49.046+0000] {processor.py:183} INFO - Processing /usr/local/python/3.10.13/lib/python3.10/site-packages/airflow/example_dags/example_sla_dag.py took 0.080 seconds
[2024-07-02T19:56:33.686+0000] {processor.py:161} INFO - Started process (PID=27034) to work on /usr/local/python/3.10.13/lib/python3.10/site-packages/airflow/example_dags/example_sla_dag.py
[2024-07-02T19:56:33.687+0000] {processor.py:830} INFO - Processing file /usr/local/python/3.10.13/lib/python3.10/site-packages/airflow/example_dags/example_sla_dag.py for tasks to queue
[2024-07-02T19:56:33.688+0000] {logging_mixin.py:188} INFO - [2024-07-02T19:56:33.687+0000] {dagbag.py:545} INFO - Filling up the DagBag from /usr/local/python/3.10.13/lib/python3.10/site-packages/airflow/example_dags/example_sla_dag.py
[2024-07-02T19:56:33.694+0000] {processor.py:840} INFO - DAG(s) 'example_sla_dag' retrieved from /usr/local/python/3.10.13/lib/python3.10/site-packages/airflow/example_dags/example_sla_dag.py
[2024-07-02T19:56:33.705+0000] {logging_mixin.py:188} INFO - [2024-07-02T19:56:33.705+0000] {dag.py:3096} INFO - Sync 1 DAGs
[2024-07-02T19:56:33.723+0000] {logging_mixin.py:188} INFO - [2024-07-02T19:56:33.722+0000] {dag.py:3954} INFO - Setting next_dagrun for example_sla_dag to 2024-07-02 19:54:00+00:00, run_after=2024-07-02 19:56:00+00:00
[2024-07-02T19:56:33.762+0000] {processor.py:183} INFO - Processing /usr/local/python/3.10.13/lib/python3.10/site-packages/airflow/example_dags/example_sla_dag.py took 0.081 seconds
[2024-07-02T19:57:28.791+0000] {processor.py:161} INFO - Started process (PID=27470) to work on /usr/local/python/3.10.13/lib/python3.10/site-packages/airflow/example_dags/example_sla_dag.py
[2024-07-02T19:57:28.792+0000] {processor.py:830} INFO - Processing file /usr/local/python/3.10.13/lib/python3.10/site-packages/airflow/example_dags/example_sla_dag.py for tasks to queue
[2024-07-02T19:57:28.793+0000] {logging_mixin.py:188} INFO - [2024-07-02T19:57:28.792+0000] {dagbag.py:545} INFO - Filling up the DagBag from /usr/local/python/3.10.13/lib/python3.10/site-packages/airflow/example_dags/example_sla_dag.py
[2024-07-02T19:57:28.799+0000] {processor.py:840} INFO - DAG(s) 'example_sla_dag' retrieved from /usr/local/python/3.10.13/lib/python3.10/site-packages/airflow/example_dags/example_sla_dag.py
[2024-07-02T19:57:28.810+0000] {logging_mixin.py:188} INFO - [2024-07-02T19:57:28.810+0000] {dag.py:3096} INFO - Sync 1 DAGs
[2024-07-02T19:57:28.828+0000] {logging_mixin.py:188} INFO - [2024-07-02T19:57:28.828+0000] {dag.py:3954} INFO - Setting next_dagrun for example_sla_dag to 2024-07-02 19:54:00+00:00, run_after=2024-07-02 19:56:00+00:00
[2024-07-02T19:57:28.868+0000] {processor.py:183} INFO - Processing /usr/local/python/3.10.13/lib/python3.10/site-packages/airflow/example_dags/example_sla_dag.py took 0.081 seconds
