[2024-07-02T19:10:28.882+0000] {processor.py:161} INFO - Started process (PID=5629) to work on /usr/local/python/3.10.13/lib/python3.10/site-packages/airflow/example_dags/example_short_circuit_decorator.py
[2024-07-02T19:10:28.883+0000] {processor.py:830} INFO - Processing file /usr/local/python/3.10.13/lib/python3.10/site-packages/airflow/example_dags/example_short_circuit_decorator.py for tasks to queue
[2024-07-02T19:10:28.884+0000] {logging_mixin.py:188} INFO - [2024-07-02T19:10:28.884+0000] {dagbag.py:545} INFO - Filling up the DagBag from /usr/local/python/3.10.13/lib/python3.10/site-packages/airflow/example_dags/example_short_circuit_decorator.py
[2024-07-02T19:10:28.892+0000] {processor.py:840} INFO - DAG(s) 'example_short_circuit_decorator' retrieved from /usr/local/python/3.10.13/lib/python3.10/site-packages/airflow/example_dags/example_short_circuit_decorator.py
[2024-07-02T19:10:29.102+0000] {logging_mixin.py:188} INFO - [2024-07-02T19:10:29.101+0000] {override.py:1829} INFO - Created Permission View: can edit on DAG:example_short_circuit_decorator
[2024-07-02T19:10:29.135+0000] {logging_mixin.py:188} INFO - [2024-07-02T19:10:29.135+0000] {override.py:1829} INFO - Created Permission View: can read on DAG:example_short_circuit_decorator
[2024-07-02T19:10:29.166+0000] {logging_mixin.py:188} INFO - [2024-07-02T19:10:29.166+0000] {override.py:1829} INFO - Created Permission View: can delete on DAG:example_short_circuit_decorator
[2024-07-02T19:10:29.167+0000] {logging_mixin.py:188} INFO - [2024-07-02T19:10:29.166+0000] {dag.py:3096} INFO - Sync 1 DAGs
[2024-07-02T19:10:29.175+0000] {logging_mixin.py:188} INFO - [2024-07-02T19:10:29.175+0000] {dag.py:3118} INFO - Creating ORM DAG for example_short_circuit_decorator
[2024-07-02T19:10:29.181+0000] {logging_mixin.py:188} INFO - [2024-07-02T19:10:29.181+0000] {dag.py:3954} INFO - Setting next_dagrun for example_short_circuit_decorator to 2024-07-01 00:00:00+00:00, run_after=2024-07-02 00:00:00+00:00
[2024-07-02T19:10:29.226+0000] {processor.py:183} INFO - Processing /usr/local/python/3.10.13/lib/python3.10/site-packages/airflow/example_dags/example_short_circuit_decorator.py took 0.348 seconds
[2024-07-02T19:11:31.000+0000] {processor.py:161} INFO - Started process (PID=6085) to work on /usr/local/python/3.10.13/lib/python3.10/site-packages/airflow/example_dags/example_short_circuit_decorator.py
[2024-07-02T19:11:31.001+0000] {processor.py:830} INFO - Processing file /usr/local/python/3.10.13/lib/python3.10/site-packages/airflow/example_dags/example_short_circuit_decorator.py for tasks to queue
[2024-07-02T19:11:31.002+0000] {logging_mixin.py:188} INFO - [2024-07-02T19:11:31.002+0000] {dagbag.py:545} INFO - Filling up the DagBag from /usr/local/python/3.10.13/lib/python3.10/site-packages/airflow/example_dags/example_short_circuit_decorator.py
[2024-07-02T19:11:31.012+0000] {processor.py:840} INFO - DAG(s) 'example_short_circuit_decorator' retrieved from /usr/local/python/3.10.13/lib/python3.10/site-packages/airflow/example_dags/example_short_circuit_decorator.py
[2024-07-02T19:11:31.029+0000] {logging_mixin.py:188} INFO - [2024-07-02T19:11:31.029+0000] {dag.py:3096} INFO - Sync 1 DAGs
[2024-07-02T19:11:31.045+0000] {logging_mixin.py:188} INFO - [2024-07-02T19:11:31.045+0000] {dag.py:3954} INFO - Setting next_dagrun for example_short_circuit_decorator to 2024-07-01 00:00:00+00:00, run_after=2024-07-02 00:00:00+00:00
[2024-07-02T19:11:31.087+0000] {processor.py:183} INFO - Processing /usr/local/python/3.10.13/lib/python3.10/site-packages/airflow/example_dags/example_short_circuit_decorator.py took 0.091 seconds
[2024-07-02T19:12:20.476+0000] {processor.py:161} INFO - Started process (PID=6472) to work on /usr/local/python/3.10.13/lib/python3.10/site-packages/airflow/example_dags/example_short_circuit_decorator.py
[2024-07-02T19:12:20.476+0000] {processor.py:830} INFO - Processing file /usr/local/python/3.10.13/lib/python3.10/site-packages/airflow/example_dags/example_short_circuit_decorator.py for tasks to queue
[2024-07-02T19:12:20.478+0000] {logging_mixin.py:188} INFO - [2024-07-02T19:12:20.477+0000] {dagbag.py:545} INFO - Filling up the DagBag from /usr/local/python/3.10.13/lib/python3.10/site-packages/airflow/example_dags/example_short_circuit_decorator.py
[2024-07-02T19:12:20.485+0000] {processor.py:840} INFO - DAG(s) 'example_short_circuit_decorator' retrieved from /usr/local/python/3.10.13/lib/python3.10/site-packages/airflow/example_dags/example_short_circuit_decorator.py
[2024-07-02T19:12:20.499+0000] {logging_mixin.py:188} INFO - [2024-07-02T19:12:20.498+0000] {dag.py:3096} INFO - Sync 1 DAGs
[2024-07-02T19:12:20.518+0000] {logging_mixin.py:188} INFO - [2024-07-02T19:12:20.518+0000] {dag.py:3954} INFO - Setting next_dagrun for example_short_circuit_decorator to 2024-07-01 00:00:00+00:00, run_after=2024-07-02 00:00:00+00:00
[2024-07-02T19:12:20.560+0000] {processor.py:183} INFO - Processing /usr/local/python/3.10.13/lib/python3.10/site-packages/airflow/example_dags/example_short_circuit_decorator.py took 0.089 seconds
[2024-07-02T19:13:11.427+0000] {processor.py:161} INFO - Started process (PID=6855) to work on /usr/local/python/3.10.13/lib/python3.10/site-packages/airflow/example_dags/example_short_circuit_decorator.py
[2024-07-02T19:13:11.428+0000] {processor.py:830} INFO - Processing file /usr/local/python/3.10.13/lib/python3.10/site-packages/airflow/example_dags/example_short_circuit_decorator.py for tasks to queue
[2024-07-02T19:13:11.429+0000] {logging_mixin.py:188} INFO - [2024-07-02T19:13:11.429+0000] {dagbag.py:545} INFO - Filling up the DagBag from /usr/local/python/3.10.13/lib/python3.10/site-packages/airflow/example_dags/example_short_circuit_decorator.py
[2024-07-02T19:13:11.436+0000] {processor.py:840} INFO - DAG(s) 'example_short_circuit_decorator' retrieved from /usr/local/python/3.10.13/lib/python3.10/site-packages/airflow/example_dags/example_short_circuit_decorator.py
[2024-07-02T19:13:11.450+0000] {logging_mixin.py:188} INFO - [2024-07-02T19:13:11.450+0000] {dag.py:3096} INFO - Sync 1 DAGs
[2024-07-02T19:13:11.464+0000] {logging_mixin.py:188} INFO - [2024-07-02T19:13:11.463+0000] {dag.py:3954} INFO - Setting next_dagrun for example_short_circuit_decorator to 2024-07-01 00:00:00+00:00, run_after=2024-07-02 00:00:00+00:00
[2024-07-02T19:13:11.516+0000] {processor.py:183} INFO - Processing /usr/local/python/3.10.13/lib/python3.10/site-packages/airflow/example_dags/example_short_circuit_decorator.py took 0.093 seconds
[2024-07-02T19:13:52.687+0000] {processor.py:161} INFO - Started process (PID=7170) to work on /usr/local/python/3.10.13/lib/python3.10/site-packages/airflow/example_dags/example_short_circuit_decorator.py
[2024-07-02T19:13:52.688+0000] {processor.py:830} INFO - Processing file /usr/local/python/3.10.13/lib/python3.10/site-packages/airflow/example_dags/example_short_circuit_decorator.py for tasks to queue
[2024-07-02T19:13:52.689+0000] {logging_mixin.py:188} INFO - [2024-07-02T19:13:52.688+0000] {dagbag.py:545} INFO - Filling up the DagBag from /usr/local/python/3.10.13/lib/python3.10/site-packages/airflow/example_dags/example_short_circuit_decorator.py
[2024-07-02T19:13:52.696+0000] {processor.py:840} INFO - DAG(s) 'example_short_circuit_decorator' retrieved from /usr/local/python/3.10.13/lib/python3.10/site-packages/airflow/example_dags/example_short_circuit_decorator.py
[2024-07-02T19:13:52.710+0000] {logging_mixin.py:188} INFO - [2024-07-02T19:13:52.710+0000] {dag.py:3096} INFO - Sync 1 DAGs
[2024-07-02T19:13:52.725+0000] {logging_mixin.py:188} INFO - [2024-07-02T19:13:52.724+0000] {dag.py:3954} INFO - Setting next_dagrun for example_short_circuit_decorator to 2024-07-01 00:00:00+00:00, run_after=2024-07-02 00:00:00+00:00
[2024-07-02T19:13:52.763+0000] {processor.py:183} INFO - Processing /usr/local/python/3.10.13/lib/python3.10/site-packages/airflow/example_dags/example_short_circuit_decorator.py took 0.081 seconds
[2024-07-02T19:14:33.383+0000] {processor.py:161} INFO - Started process (PID=7485) to work on /usr/local/python/3.10.13/lib/python3.10/site-packages/airflow/example_dags/example_short_circuit_decorator.py
[2024-07-02T19:14:33.383+0000] {processor.py:830} INFO - Processing file /usr/local/python/3.10.13/lib/python3.10/site-packages/airflow/example_dags/example_short_circuit_decorator.py for tasks to queue
[2024-07-02T19:14:33.385+0000] {logging_mixin.py:188} INFO - [2024-07-02T19:14:33.385+0000] {dagbag.py:545} INFO - Filling up the DagBag from /usr/local/python/3.10.13/lib/python3.10/site-packages/airflow/example_dags/example_short_circuit_decorator.py
[2024-07-02T19:14:33.401+0000] {processor.py:840} INFO - DAG(s) 'example_short_circuit_decorator' retrieved from /usr/local/python/3.10.13/lib/python3.10/site-packages/airflow/example_dags/example_short_circuit_decorator.py
[2024-07-02T19:14:33.421+0000] {logging_mixin.py:188} INFO - [2024-07-02T19:14:33.421+0000] {dag.py:3096} INFO - Sync 1 DAGs
[2024-07-02T19:14:33.437+0000] {logging_mixin.py:188} INFO - [2024-07-02T19:14:33.437+0000] {dag.py:3954} INFO - Setting next_dagrun for example_short_circuit_decorator to 2024-07-01 00:00:00+00:00, run_after=2024-07-02 00:00:00+00:00
[2024-07-02T19:14:33.477+0000] {processor.py:183} INFO - Processing /usr/local/python/3.10.13/lib/python3.10/site-packages/airflow/example_dags/example_short_circuit_decorator.py took 0.101 seconds
[2024-07-02T19:15:16.618+0000] {processor.py:161} INFO - Started process (PID=7824) to work on /usr/local/python/3.10.13/lib/python3.10/site-packages/airflow/example_dags/example_short_circuit_decorator.py
[2024-07-02T19:15:16.619+0000] {processor.py:830} INFO - Processing file /usr/local/python/3.10.13/lib/python3.10/site-packages/airflow/example_dags/example_short_circuit_decorator.py for tasks to queue
[2024-07-02T19:15:16.619+0000] {logging_mixin.py:188} INFO - [2024-07-02T19:15:16.619+0000] {dagbag.py:545} INFO - Filling up the DagBag from /usr/local/python/3.10.13/lib/python3.10/site-packages/airflow/example_dags/example_short_circuit_decorator.py
[2024-07-02T19:15:16.627+0000] {processor.py:840} INFO - DAG(s) 'example_short_circuit_decorator' retrieved from /usr/local/python/3.10.13/lib/python3.10/site-packages/airflow/example_dags/example_short_circuit_decorator.py
[2024-07-02T19:15:16.641+0000] {logging_mixin.py:188} INFO - [2024-07-02T19:15:16.641+0000] {dag.py:3096} INFO - Sync 1 DAGs
[2024-07-02T19:15:16.656+0000] {logging_mixin.py:188} INFO - [2024-07-02T19:15:16.656+0000] {dag.py:3954} INFO - Setting next_dagrun for example_short_circuit_decorator to 2024-07-01 00:00:00+00:00, run_after=2024-07-02 00:00:00+00:00
[2024-07-02T19:15:16.696+0000] {processor.py:183} INFO - Processing /usr/local/python/3.10.13/lib/python3.10/site-packages/airflow/example_dags/example_short_circuit_decorator.py took 0.083 seconds
[2024-07-02T19:15:58.483+0000] {processor.py:161} INFO - Started process (PID=8141) to work on /usr/local/python/3.10.13/lib/python3.10/site-packages/airflow/example_dags/example_short_circuit_decorator.py
[2024-07-02T19:15:58.484+0000] {processor.py:830} INFO - Processing file /usr/local/python/3.10.13/lib/python3.10/site-packages/airflow/example_dags/example_short_circuit_decorator.py for tasks to queue
[2024-07-02T19:15:58.485+0000] {logging_mixin.py:188} INFO - [2024-07-02T19:15:58.484+0000] {dagbag.py:545} INFO - Filling up the DagBag from /usr/local/python/3.10.13/lib/python3.10/site-packages/airflow/example_dags/example_short_circuit_decorator.py
[2024-07-02T19:15:58.492+0000] {processor.py:840} INFO - DAG(s) 'example_short_circuit_decorator' retrieved from /usr/local/python/3.10.13/lib/python3.10/site-packages/airflow/example_dags/example_short_circuit_decorator.py
[2024-07-02T19:15:58.506+0000] {logging_mixin.py:188} INFO - [2024-07-02T19:15:58.506+0000] {dag.py:3096} INFO - Sync 1 DAGs
[2024-07-02T19:15:58.521+0000] {logging_mixin.py:188} INFO - [2024-07-02T19:15:58.521+0000] {dag.py:3954} INFO - Setting next_dagrun for example_short_circuit_decorator to 2024-07-01 00:00:00+00:00, run_after=2024-07-02 00:00:00+00:00
[2024-07-02T19:15:58.564+0000] {processor.py:183} INFO - Processing /usr/local/python/3.10.13/lib/python3.10/site-packages/airflow/example_dags/example_short_circuit_decorator.py took 0.086 seconds
[2024-07-02T19:16:43.903+0000] {processor.py:161} INFO - Started process (PID=8482) to work on /usr/local/python/3.10.13/lib/python3.10/site-packages/airflow/example_dags/example_short_circuit_decorator.py
[2024-07-02T19:16:43.904+0000] {processor.py:830} INFO - Processing file /usr/local/python/3.10.13/lib/python3.10/site-packages/airflow/example_dags/example_short_circuit_decorator.py for tasks to queue
[2024-07-02T19:16:43.904+0000] {logging_mixin.py:188} INFO - [2024-07-02T19:16:43.904+0000] {dagbag.py:545} INFO - Filling up the DagBag from /usr/local/python/3.10.13/lib/python3.10/site-packages/airflow/example_dags/example_short_circuit_decorator.py
[2024-07-02T19:16:43.913+0000] {processor.py:840} INFO - DAG(s) 'example_short_circuit_decorator' retrieved from /usr/local/python/3.10.13/lib/python3.10/site-packages/airflow/example_dags/example_short_circuit_decorator.py
[2024-07-02T19:16:43.927+0000] {logging_mixin.py:188} INFO - [2024-07-02T19:16:43.927+0000] {dag.py:3096} INFO - Sync 1 DAGs
[2024-07-02T19:16:43.944+0000] {logging_mixin.py:188} INFO - [2024-07-02T19:16:43.943+0000] {dag.py:3954} INFO - Setting next_dagrun for example_short_circuit_decorator to 2024-07-01 00:00:00+00:00, run_after=2024-07-02 00:00:00+00:00
[2024-07-02T19:16:43.985+0000] {processor.py:183} INFO - Processing /usr/local/python/3.10.13/lib/python3.10/site-packages/airflow/example_dags/example_short_circuit_decorator.py took 0.086 seconds
[2024-07-02T19:17:31.560+0000] {processor.py:161} INFO - Started process (PID=8844) to work on /usr/local/python/3.10.13/lib/python3.10/site-packages/airflow/example_dags/example_short_circuit_decorator.py
[2024-07-02T19:17:31.560+0000] {processor.py:830} INFO - Processing file /usr/local/python/3.10.13/lib/python3.10/site-packages/airflow/example_dags/example_short_circuit_decorator.py for tasks to queue
[2024-07-02T19:17:31.561+0000] {logging_mixin.py:188} INFO - [2024-07-02T19:17:31.561+0000] {dagbag.py:545} INFO - Filling up the DagBag from /usr/local/python/3.10.13/lib/python3.10/site-packages/airflow/example_dags/example_short_circuit_decorator.py
[2024-07-02T19:17:31.568+0000] {processor.py:840} INFO - DAG(s) 'example_short_circuit_decorator' retrieved from /usr/local/python/3.10.13/lib/python3.10/site-packages/airflow/example_dags/example_short_circuit_decorator.py
[2024-07-02T19:17:31.582+0000] {logging_mixin.py:188} INFO - [2024-07-02T19:17:31.582+0000] {dag.py:3096} INFO - Sync 1 DAGs
[2024-07-02T19:17:31.597+0000] {logging_mixin.py:188} INFO - [2024-07-02T19:17:31.597+0000] {dag.py:3954} INFO - Setting next_dagrun for example_short_circuit_decorator to 2024-07-01 00:00:00+00:00, run_after=2024-07-02 00:00:00+00:00
[2024-07-02T19:17:31.653+0000] {processor.py:183} INFO - Processing /usr/local/python/3.10.13/lib/python3.10/site-packages/airflow/example_dags/example_short_circuit_decorator.py took 0.097 seconds
[2024-07-02T19:18:14.757+0000] {processor.py:161} INFO - Started process (PID=9176) to work on /usr/local/python/3.10.13/lib/python3.10/site-packages/airflow/example_dags/example_short_circuit_decorator.py
[2024-07-02T19:18:14.758+0000] {processor.py:830} INFO - Processing file /usr/local/python/3.10.13/lib/python3.10/site-packages/airflow/example_dags/example_short_circuit_decorator.py for tasks to queue
[2024-07-02T19:18:14.759+0000] {logging_mixin.py:188} INFO - [2024-07-02T19:18:14.759+0000] {dagbag.py:545} INFO - Filling up the DagBag from /usr/local/python/3.10.13/lib/python3.10/site-packages/airflow/example_dags/example_short_circuit_decorator.py
[2024-07-02T19:18:14.767+0000] {processor.py:840} INFO - DAG(s) 'example_short_circuit_decorator' retrieved from /usr/local/python/3.10.13/lib/python3.10/site-packages/airflow/example_dags/example_short_circuit_decorator.py
[2024-07-02T19:18:14.782+0000] {logging_mixin.py:188} INFO - [2024-07-02T19:18:14.782+0000] {dag.py:3096} INFO - Sync 1 DAGs
[2024-07-02T19:18:14.797+0000] {logging_mixin.py:188} INFO - [2024-07-02T19:18:14.796+0000] {dag.py:3954} INFO - Setting next_dagrun for example_short_circuit_decorator to 2024-07-01 00:00:00+00:00, run_after=2024-07-02 00:00:00+00:00
[2024-07-02T19:18:14.836+0000] {processor.py:183} INFO - Processing /usr/local/python/3.10.13/lib/python3.10/site-packages/airflow/example_dags/example_short_circuit_decorator.py took 0.084 seconds
[2024-07-02T19:18:56.914+0000] {processor.py:161} INFO - Started process (PID=9480) to work on /usr/local/python/3.10.13/lib/python3.10/site-packages/airflow/example_dags/example_short_circuit_decorator.py
[2024-07-02T19:18:56.915+0000] {processor.py:830} INFO - Processing file /usr/local/python/3.10.13/lib/python3.10/site-packages/airflow/example_dags/example_short_circuit_decorator.py for tasks to queue
[2024-07-02T19:18:56.916+0000] {logging_mixin.py:188} INFO - [2024-07-02T19:18:56.915+0000] {dagbag.py:545} INFO - Filling up the DagBag from /usr/local/python/3.10.13/lib/python3.10/site-packages/airflow/example_dags/example_short_circuit_decorator.py
[2024-07-02T19:18:56.924+0000] {processor.py:840} INFO - DAG(s) 'example_short_circuit_decorator' retrieved from /usr/local/python/3.10.13/lib/python3.10/site-packages/airflow/example_dags/example_short_circuit_decorator.py
[2024-07-02T19:18:56.938+0000] {logging_mixin.py:188} INFO - [2024-07-02T19:18:56.938+0000] {dag.py:3096} INFO - Sync 1 DAGs
[2024-07-02T19:18:56.952+0000] {logging_mixin.py:188} INFO - [2024-07-02T19:18:56.952+0000] {dag.py:3954} INFO - Setting next_dagrun for example_short_circuit_decorator to 2024-07-01 00:00:00+00:00, run_after=2024-07-02 00:00:00+00:00
[2024-07-02T19:18:56.993+0000] {processor.py:183} INFO - Processing /usr/local/python/3.10.13/lib/python3.10/site-packages/airflow/example_dags/example_short_circuit_decorator.py took 0.084 seconds
[2024-07-02T19:19:40.248+0000] {processor.py:161} INFO - Started process (PID=9822) to work on /usr/local/python/3.10.13/lib/python3.10/site-packages/airflow/example_dags/example_short_circuit_decorator.py
[2024-07-02T19:19:40.249+0000] {processor.py:830} INFO - Processing file /usr/local/python/3.10.13/lib/python3.10/site-packages/airflow/example_dags/example_short_circuit_decorator.py for tasks to queue
[2024-07-02T19:19:40.250+0000] {logging_mixin.py:188} INFO - [2024-07-02T19:19:40.250+0000] {dagbag.py:545} INFO - Filling up the DagBag from /usr/local/python/3.10.13/lib/python3.10/site-packages/airflow/example_dags/example_short_circuit_decorator.py
[2024-07-02T19:19:40.262+0000] {processor.py:840} INFO - DAG(s) 'example_short_circuit_decorator' retrieved from /usr/local/python/3.10.13/lib/python3.10/site-packages/airflow/example_dags/example_short_circuit_decorator.py
[2024-07-02T19:19:40.289+0000] {logging_mixin.py:188} INFO - [2024-07-02T19:19:40.287+0000] {dag.py:3096} INFO - Sync 1 DAGs
[2024-07-02T19:19:40.307+0000] {logging_mixin.py:188} INFO - [2024-07-02T19:19:40.307+0000] {dag.py:3954} INFO - Setting next_dagrun for example_short_circuit_decorator to 2024-07-01 00:00:00+00:00, run_after=2024-07-02 00:00:00+00:00
[2024-07-02T19:19:40.351+0000] {processor.py:183} INFO - Processing /usr/local/python/3.10.13/lib/python3.10/site-packages/airflow/example_dags/example_short_circuit_decorator.py took 0.109 seconds
[2024-07-02T19:20:28.407+0000] {processor.py:161} INFO - Started process (PID=10167) to work on /usr/local/python/3.10.13/lib/python3.10/site-packages/airflow/example_dags/example_short_circuit_decorator.py
[2024-07-02T19:20:28.408+0000] {processor.py:830} INFO - Processing file /usr/local/python/3.10.13/lib/python3.10/site-packages/airflow/example_dags/example_short_circuit_decorator.py for tasks to queue
[2024-07-02T19:20:28.409+0000] {logging_mixin.py:188} INFO - [2024-07-02T19:20:28.408+0000] {dagbag.py:545} INFO - Filling up the DagBag from /usr/local/python/3.10.13/lib/python3.10/site-packages/airflow/example_dags/example_short_circuit_decorator.py
[2024-07-02T19:20:28.416+0000] {processor.py:840} INFO - DAG(s) 'example_short_circuit_decorator' retrieved from /usr/local/python/3.10.13/lib/python3.10/site-packages/airflow/example_dags/example_short_circuit_decorator.py
[2024-07-02T19:20:28.433+0000] {logging_mixin.py:188} INFO - [2024-07-02T19:20:28.432+0000] {dag.py:3096} INFO - Sync 1 DAGs
[2024-07-02T19:20:28.449+0000] {logging_mixin.py:188} INFO - [2024-07-02T19:20:28.449+0000] {dag.py:3954} INFO - Setting next_dagrun for example_short_circuit_decorator to 2024-07-01 00:00:00+00:00, run_after=2024-07-02 00:00:00+00:00
[2024-07-02T19:20:28.490+0000] {processor.py:183} INFO - Processing /usr/local/python/3.10.13/lib/python3.10/site-packages/airflow/example_dags/example_short_circuit_decorator.py took 0.087 seconds
[2024-07-02T19:21:15.081+0000] {processor.py:161} INFO - Started process (PID=10532) to work on /usr/local/python/3.10.13/lib/python3.10/site-packages/airflow/example_dags/example_short_circuit_decorator.py
[2024-07-02T19:21:15.082+0000] {processor.py:830} INFO - Processing file /usr/local/python/3.10.13/lib/python3.10/site-packages/airflow/example_dags/example_short_circuit_decorator.py for tasks to queue
[2024-07-02T19:21:15.083+0000] {logging_mixin.py:188} INFO - [2024-07-02T19:21:15.082+0000] {dagbag.py:545} INFO - Filling up the DagBag from /usr/local/python/3.10.13/lib/python3.10/site-packages/airflow/example_dags/example_short_circuit_decorator.py
[2024-07-02T19:21:15.090+0000] {processor.py:840} INFO - DAG(s) 'example_short_circuit_decorator' retrieved from /usr/local/python/3.10.13/lib/python3.10/site-packages/airflow/example_dags/example_short_circuit_decorator.py
[2024-07-02T19:21:15.104+0000] {logging_mixin.py:188} INFO - [2024-07-02T19:21:15.104+0000] {dag.py:3096} INFO - Sync 1 DAGs
[2024-07-02T19:21:15.119+0000] {logging_mixin.py:188} INFO - [2024-07-02T19:21:15.119+0000] {dag.py:3954} INFO - Setting next_dagrun for example_short_circuit_decorator to 2024-07-01 00:00:00+00:00, run_after=2024-07-02 00:00:00+00:00
[2024-07-02T19:21:15.159+0000] {processor.py:183} INFO - Processing /usr/local/python/3.10.13/lib/python3.10/site-packages/airflow/example_dags/example_short_circuit_decorator.py took 0.084 seconds
[2024-07-02T19:22:00.816+0000] {processor.py:161} INFO - Started process (PID=10869) to work on /usr/local/python/3.10.13/lib/python3.10/site-packages/airflow/example_dags/example_short_circuit_decorator.py
[2024-07-02T19:22:00.817+0000] {processor.py:830} INFO - Processing file /usr/local/python/3.10.13/lib/python3.10/site-packages/airflow/example_dags/example_short_circuit_decorator.py for tasks to queue
[2024-07-02T19:22:00.818+0000] {logging_mixin.py:188} INFO - [2024-07-02T19:22:00.817+0000] {dagbag.py:545} INFO - Filling up the DagBag from /usr/local/python/3.10.13/lib/python3.10/site-packages/airflow/example_dags/example_short_circuit_decorator.py
[2024-07-02T19:22:00.830+0000] {processor.py:840} INFO - DAG(s) 'example_short_circuit_decorator' retrieved from /usr/local/python/3.10.13/lib/python3.10/site-packages/airflow/example_dags/example_short_circuit_decorator.py
[2024-07-02T19:22:00.849+0000] {logging_mixin.py:188} INFO - [2024-07-02T19:22:00.849+0000] {dag.py:3096} INFO - Sync 1 DAGs
[2024-07-02T19:22:00.864+0000] {logging_mixin.py:188} INFO - [2024-07-02T19:22:00.864+0000] {dag.py:3954} INFO - Setting next_dagrun for example_short_circuit_decorator to 2024-07-01 00:00:00+00:00, run_after=2024-07-02 00:00:00+00:00
[2024-07-02T19:22:00.905+0000] {processor.py:183} INFO - Processing /usr/local/python/3.10.13/lib/python3.10/site-packages/airflow/example_dags/example_short_circuit_decorator.py took 0.095 seconds
[2024-07-02T19:22:46.630+0000] {processor.py:161} INFO - Started process (PID=11229) to work on /usr/local/python/3.10.13/lib/python3.10/site-packages/airflow/example_dags/example_short_circuit_decorator.py
[2024-07-02T19:22:46.631+0000] {processor.py:830} INFO - Processing file /usr/local/python/3.10.13/lib/python3.10/site-packages/airflow/example_dags/example_short_circuit_decorator.py for tasks to queue
[2024-07-02T19:22:46.632+0000] {logging_mixin.py:188} INFO - [2024-07-02T19:22:46.631+0000] {dagbag.py:545} INFO - Filling up the DagBag from /usr/local/python/3.10.13/lib/python3.10/site-packages/airflow/example_dags/example_short_circuit_decorator.py
[2024-07-02T19:22:46.643+0000] {processor.py:840} INFO - DAG(s) 'example_short_circuit_decorator' retrieved from /usr/local/python/3.10.13/lib/python3.10/site-packages/airflow/example_dags/example_short_circuit_decorator.py
[2024-07-02T19:22:46.665+0000] {logging_mixin.py:188} INFO - [2024-07-02T19:22:46.665+0000] {dag.py:3096} INFO - Sync 1 DAGs
[2024-07-02T19:22:46.687+0000] {logging_mixin.py:188} INFO - [2024-07-02T19:22:46.687+0000] {dag.py:3954} INFO - Setting next_dagrun for example_short_circuit_decorator to 2024-07-01 00:00:00+00:00, run_after=2024-07-02 00:00:00+00:00
[2024-07-02T19:22:46.733+0000] {processor.py:183} INFO - Processing /usr/local/python/3.10.13/lib/python3.10/site-packages/airflow/example_dags/example_short_circuit_decorator.py took 0.110 seconds
[2024-07-02T19:23:27.562+0000] {processor.py:161} INFO - Started process (PID=11535) to work on /usr/local/python/3.10.13/lib/python3.10/site-packages/airflow/example_dags/example_short_circuit_decorator.py
[2024-07-02T19:23:27.563+0000] {processor.py:830} INFO - Processing file /usr/local/python/3.10.13/lib/python3.10/site-packages/airflow/example_dags/example_short_circuit_decorator.py for tasks to queue
[2024-07-02T19:23:27.564+0000] {logging_mixin.py:188} INFO - [2024-07-02T19:23:27.563+0000] {dagbag.py:545} INFO - Filling up the DagBag from /usr/local/python/3.10.13/lib/python3.10/site-packages/airflow/example_dags/example_short_circuit_decorator.py
[2024-07-02T19:23:27.571+0000] {processor.py:840} INFO - DAG(s) 'example_short_circuit_decorator' retrieved from /usr/local/python/3.10.13/lib/python3.10/site-packages/airflow/example_dags/example_short_circuit_decorator.py
[2024-07-02T19:23:27.585+0000] {logging_mixin.py:188} INFO - [2024-07-02T19:23:27.585+0000] {dag.py:3096} INFO - Sync 1 DAGs
[2024-07-02T19:23:27.599+0000] {logging_mixin.py:188} INFO - [2024-07-02T19:23:27.599+0000] {dag.py:3954} INFO - Setting next_dagrun for example_short_circuit_decorator to 2024-07-01 00:00:00+00:00, run_after=2024-07-02 00:00:00+00:00
[2024-07-02T19:23:27.645+0000] {processor.py:183} INFO - Processing /usr/local/python/3.10.13/lib/python3.10/site-packages/airflow/example_dags/example_short_circuit_decorator.py took 0.087 seconds
[2024-07-02T19:24:09.871+0000] {processor.py:161} INFO - Started process (PID=11854) to work on /usr/local/python/3.10.13/lib/python3.10/site-packages/airflow/example_dags/example_short_circuit_decorator.py
[2024-07-02T19:24:09.872+0000] {processor.py:830} INFO - Processing file /usr/local/python/3.10.13/lib/python3.10/site-packages/airflow/example_dags/example_short_circuit_decorator.py for tasks to queue
[2024-07-02T19:24:09.873+0000] {logging_mixin.py:188} INFO - [2024-07-02T19:24:09.872+0000] {dagbag.py:545} INFO - Filling up the DagBag from /usr/local/python/3.10.13/lib/python3.10/site-packages/airflow/example_dags/example_short_circuit_decorator.py
[2024-07-02T19:24:09.880+0000] {processor.py:840} INFO - DAG(s) 'example_short_circuit_decorator' retrieved from /usr/local/python/3.10.13/lib/python3.10/site-packages/airflow/example_dags/example_short_circuit_decorator.py
[2024-07-02T19:24:09.894+0000] {logging_mixin.py:188} INFO - [2024-07-02T19:24:09.894+0000] {dag.py:3096} INFO - Sync 1 DAGs
[2024-07-02T19:24:09.908+0000] {logging_mixin.py:188} INFO - [2024-07-02T19:24:09.908+0000] {dag.py:3954} INFO - Setting next_dagrun for example_short_circuit_decorator to 2024-07-01 00:00:00+00:00, run_after=2024-07-02 00:00:00+00:00
[2024-07-02T19:24:09.950+0000] {processor.py:183} INFO - Processing /usr/local/python/3.10.13/lib/python3.10/site-packages/airflow/example_dags/example_short_circuit_decorator.py took 0.084 seconds
[2024-07-02T19:24:53.441+0000] {processor.py:161} INFO - Started process (PID=12177) to work on /usr/local/python/3.10.13/lib/python3.10/site-packages/airflow/example_dags/example_short_circuit_decorator.py
[2024-07-02T19:24:53.442+0000] {processor.py:830} INFO - Processing file /usr/local/python/3.10.13/lib/python3.10/site-packages/airflow/example_dags/example_short_circuit_decorator.py for tasks to queue
[2024-07-02T19:24:53.443+0000] {logging_mixin.py:188} INFO - [2024-07-02T19:24:53.442+0000] {dagbag.py:545} INFO - Filling up the DagBag from /usr/local/python/3.10.13/lib/python3.10/site-packages/airflow/example_dags/example_short_circuit_decorator.py
[2024-07-02T19:24:53.450+0000] {processor.py:840} INFO - DAG(s) 'example_short_circuit_decorator' retrieved from /usr/local/python/3.10.13/lib/python3.10/site-packages/airflow/example_dags/example_short_circuit_decorator.py
[2024-07-02T19:24:53.464+0000] {logging_mixin.py:188} INFO - [2024-07-02T19:24:53.464+0000] {dag.py:3096} INFO - Sync 1 DAGs
[2024-07-02T19:24:53.486+0000] {logging_mixin.py:188} INFO - [2024-07-02T19:24:53.486+0000] {dag.py:3954} INFO - Setting next_dagrun for example_short_circuit_decorator to 2024-07-01 00:00:00+00:00, run_after=2024-07-02 00:00:00+00:00
[2024-07-02T19:24:53.528+0000] {processor.py:183} INFO - Processing /usr/local/python/3.10.13/lib/python3.10/site-packages/airflow/example_dags/example_short_circuit_decorator.py took 0.091 seconds
[2024-07-02T19:25:35.782+0000] {processor.py:161} INFO - Started process (PID=12498) to work on /usr/local/python/3.10.13/lib/python3.10/site-packages/airflow/example_dags/example_short_circuit_decorator.py
[2024-07-02T19:25:35.782+0000] {processor.py:830} INFO - Processing file /usr/local/python/3.10.13/lib/python3.10/site-packages/airflow/example_dags/example_short_circuit_decorator.py for tasks to queue
[2024-07-02T19:25:35.783+0000] {logging_mixin.py:188} INFO - [2024-07-02T19:25:35.783+0000] {dagbag.py:545} INFO - Filling up the DagBag from /usr/local/python/3.10.13/lib/python3.10/site-packages/airflow/example_dags/example_short_circuit_decorator.py
[2024-07-02T19:25:35.790+0000] {processor.py:840} INFO - DAG(s) 'example_short_circuit_decorator' retrieved from /usr/local/python/3.10.13/lib/python3.10/site-packages/airflow/example_dags/example_short_circuit_decorator.py
[2024-07-02T19:25:35.804+0000] {logging_mixin.py:188} INFO - [2024-07-02T19:25:35.803+0000] {dag.py:3096} INFO - Sync 1 DAGs
[2024-07-02T19:25:35.818+0000] {logging_mixin.py:188} INFO - [2024-07-02T19:25:35.817+0000] {dag.py:3954} INFO - Setting next_dagrun for example_short_circuit_decorator to 2024-07-01 00:00:00+00:00, run_after=2024-07-02 00:00:00+00:00
[2024-07-02T19:25:35.857+0000] {processor.py:183} INFO - Processing /usr/local/python/3.10.13/lib/python3.10/site-packages/airflow/example_dags/example_short_circuit_decorator.py took 0.080 seconds
[2024-07-02T19:26:19.372+0000] {processor.py:161} INFO - Started process (PID=12847) to work on /usr/local/python/3.10.13/lib/python3.10/site-packages/airflow/example_dags/example_short_circuit_decorator.py
[2024-07-02T19:26:19.373+0000] {processor.py:830} INFO - Processing file /usr/local/python/3.10.13/lib/python3.10/site-packages/airflow/example_dags/example_short_circuit_decorator.py for tasks to queue
[2024-07-02T19:26:19.374+0000] {logging_mixin.py:188} INFO - [2024-07-02T19:26:19.373+0000] {dagbag.py:545} INFO - Filling up the DagBag from /usr/local/python/3.10.13/lib/python3.10/site-packages/airflow/example_dags/example_short_circuit_decorator.py
[2024-07-02T19:26:19.381+0000] {processor.py:840} INFO - DAG(s) 'example_short_circuit_decorator' retrieved from /usr/local/python/3.10.13/lib/python3.10/site-packages/airflow/example_dags/example_short_circuit_decorator.py
[2024-07-02T19:26:19.395+0000] {logging_mixin.py:188} INFO - [2024-07-02T19:26:19.395+0000] {dag.py:3096} INFO - Sync 1 DAGs
[2024-07-02T19:26:19.411+0000] {logging_mixin.py:188} INFO - [2024-07-02T19:26:19.410+0000] {dag.py:3954} INFO - Setting next_dagrun for example_short_circuit_decorator to 2024-07-01 00:00:00+00:00, run_after=2024-07-02 00:00:00+00:00
[2024-07-02T19:26:19.451+0000] {processor.py:183} INFO - Processing /usr/local/python/3.10.13/lib/python3.10/site-packages/airflow/example_dags/example_short_circuit_decorator.py took 0.084 seconds
[2024-07-02T19:27:04.021+0000] {processor.py:161} INFO - Started process (PID=13177) to work on /usr/local/python/3.10.13/lib/python3.10/site-packages/airflow/example_dags/example_short_circuit_decorator.py
[2024-07-02T19:27:04.022+0000] {processor.py:830} INFO - Processing file /usr/local/python/3.10.13/lib/python3.10/site-packages/airflow/example_dags/example_short_circuit_decorator.py for tasks to queue
[2024-07-02T19:27:04.023+0000] {logging_mixin.py:188} INFO - [2024-07-02T19:27:04.022+0000] {dagbag.py:545} INFO - Filling up the DagBag from /usr/local/python/3.10.13/lib/python3.10/site-packages/airflow/example_dags/example_short_circuit_decorator.py
[2024-07-02T19:27:04.034+0000] {processor.py:840} INFO - DAG(s) 'example_short_circuit_decorator' retrieved from /usr/local/python/3.10.13/lib/python3.10/site-packages/airflow/example_dags/example_short_circuit_decorator.py
[2024-07-02T19:27:04.048+0000] {logging_mixin.py:188} INFO - [2024-07-02T19:27:04.048+0000] {dag.py:3096} INFO - Sync 1 DAGs
[2024-07-02T19:27:04.062+0000] {logging_mixin.py:188} INFO - [2024-07-02T19:27:04.062+0000] {dag.py:3954} INFO - Setting next_dagrun for example_short_circuit_decorator to 2024-07-01 00:00:00+00:00, run_after=2024-07-02 00:00:00+00:00
[2024-07-02T19:27:04.103+0000] {processor.py:183} INFO - Processing /usr/local/python/3.10.13/lib/python3.10/site-packages/airflow/example_dags/example_short_circuit_decorator.py took 0.089 seconds
[2024-07-02T19:27:46.715+0000] {processor.py:161} INFO - Started process (PID=13551) to work on /usr/local/python/3.10.13/lib/python3.10/site-packages/airflow/example_dags/example_short_circuit_decorator.py
[2024-07-02T19:27:46.716+0000] {processor.py:830} INFO - Processing file /usr/local/python/3.10.13/lib/python3.10/site-packages/airflow/example_dags/example_short_circuit_decorator.py for tasks to queue
[2024-07-02T19:27:46.716+0000] {logging_mixin.py:188} INFO - [2024-07-02T19:27:46.716+0000] {dagbag.py:545} INFO - Filling up the DagBag from /usr/local/python/3.10.13/lib/python3.10/site-packages/airflow/example_dags/example_short_circuit_decorator.py
[2024-07-02T19:27:46.724+0000] {processor.py:840} INFO - DAG(s) 'example_short_circuit_decorator' retrieved from /usr/local/python/3.10.13/lib/python3.10/site-packages/airflow/example_dags/example_short_circuit_decorator.py
[2024-07-02T19:27:46.737+0000] {logging_mixin.py:188} INFO - [2024-07-02T19:27:46.737+0000] {dag.py:3096} INFO - Sync 1 DAGs
[2024-07-02T19:27:46.752+0000] {logging_mixin.py:188} INFO - [2024-07-02T19:27:46.752+0000] {dag.py:3954} INFO - Setting next_dagrun for example_short_circuit_decorator to 2024-07-01 00:00:00+00:00, run_after=2024-07-02 00:00:00+00:00
[2024-07-02T19:27:46.796+0000] {processor.py:183} INFO - Processing /usr/local/python/3.10.13/lib/python3.10/site-packages/airflow/example_dags/example_short_circuit_decorator.py took 0.085 seconds
[2024-07-02T19:28:27.512+0000] {processor.py:161} INFO - Started process (PID=13929) to work on /usr/local/python/3.10.13/lib/python3.10/site-packages/airflow/example_dags/example_short_circuit_decorator.py
[2024-07-02T19:28:27.513+0000] {processor.py:830} INFO - Processing file /usr/local/python/3.10.13/lib/python3.10/site-packages/airflow/example_dags/example_short_circuit_decorator.py for tasks to queue
[2024-07-02T19:28:27.514+0000] {logging_mixin.py:188} INFO - [2024-07-02T19:28:27.513+0000] {dagbag.py:545} INFO - Filling up the DagBag from /usr/local/python/3.10.13/lib/python3.10/site-packages/airflow/example_dags/example_short_circuit_decorator.py
[2024-07-02T19:28:27.525+0000] {processor.py:840} INFO - DAG(s) 'example_short_circuit_decorator' retrieved from /usr/local/python/3.10.13/lib/python3.10/site-packages/airflow/example_dags/example_short_circuit_decorator.py
[2024-07-02T19:28:27.548+0000] {logging_mixin.py:188} INFO - [2024-07-02T19:28:27.547+0000] {dag.py:3096} INFO - Sync 1 DAGs
[2024-07-02T19:28:27.567+0000] {logging_mixin.py:188} INFO - [2024-07-02T19:28:27.566+0000] {dag.py:3954} INFO - Setting next_dagrun for example_short_circuit_decorator to 2024-07-01 00:00:00+00:00, run_after=2024-07-02 00:00:00+00:00
[2024-07-02T19:28:27.605+0000] {processor.py:183} INFO - Processing /usr/local/python/3.10.13/lib/python3.10/site-packages/airflow/example_dags/example_short_circuit_decorator.py took 0.098 seconds
[2024-07-02T19:29:14.390+0000] {processor.py:161} INFO - Started process (PID=14351) to work on /usr/local/python/3.10.13/lib/python3.10/site-packages/airflow/example_dags/example_short_circuit_decorator.py
[2024-07-02T19:29:14.391+0000] {processor.py:830} INFO - Processing file /usr/local/python/3.10.13/lib/python3.10/site-packages/airflow/example_dags/example_short_circuit_decorator.py for tasks to queue
[2024-07-02T19:29:14.392+0000] {logging_mixin.py:188} INFO - [2024-07-02T19:29:14.391+0000] {dagbag.py:545} INFO - Filling up the DagBag from /usr/local/python/3.10.13/lib/python3.10/site-packages/airflow/example_dags/example_short_circuit_decorator.py
[2024-07-02T19:29:14.399+0000] {processor.py:840} INFO - DAG(s) 'example_short_circuit_decorator' retrieved from /usr/local/python/3.10.13/lib/python3.10/site-packages/airflow/example_dags/example_short_circuit_decorator.py
[2024-07-02T19:29:14.413+0000] {logging_mixin.py:188} INFO - [2024-07-02T19:29:14.413+0000] {dag.py:3096} INFO - Sync 1 DAGs
[2024-07-02T19:29:14.428+0000] {logging_mixin.py:188} INFO - [2024-07-02T19:29:14.428+0000] {dag.py:3954} INFO - Setting next_dagrun for example_short_circuit_decorator to 2024-07-01 00:00:00+00:00, run_after=2024-07-02 00:00:00+00:00
[2024-07-02T19:29:14.467+0000] {processor.py:183} INFO - Processing /usr/local/python/3.10.13/lib/python3.10/site-packages/airflow/example_dags/example_short_circuit_decorator.py took 0.082 seconds
[2024-07-02T19:30:01.323+0000] {processor.py:161} INFO - Started process (PID=14710) to work on /usr/local/python/3.10.13/lib/python3.10/site-packages/airflow/example_dags/example_short_circuit_decorator.py
[2024-07-02T19:30:01.324+0000] {processor.py:830} INFO - Processing file /usr/local/python/3.10.13/lib/python3.10/site-packages/airflow/example_dags/example_short_circuit_decorator.py for tasks to queue
[2024-07-02T19:30:01.325+0000] {logging_mixin.py:188} INFO - [2024-07-02T19:30:01.324+0000] {dagbag.py:545} INFO - Filling up the DagBag from /usr/local/python/3.10.13/lib/python3.10/site-packages/airflow/example_dags/example_short_circuit_decorator.py
[2024-07-02T19:30:01.332+0000] {processor.py:840} INFO - DAG(s) 'example_short_circuit_decorator' retrieved from /usr/local/python/3.10.13/lib/python3.10/site-packages/airflow/example_dags/example_short_circuit_decorator.py
[2024-07-02T19:30:01.346+0000] {logging_mixin.py:188} INFO - [2024-07-02T19:30:01.346+0000] {dag.py:3096} INFO - Sync 1 DAGs
[2024-07-02T19:30:01.361+0000] {logging_mixin.py:188} INFO - [2024-07-02T19:30:01.361+0000] {dag.py:3954} INFO - Setting next_dagrun for example_short_circuit_decorator to 2024-07-01 00:00:00+00:00, run_after=2024-07-02 00:00:00+00:00
[2024-07-02T19:30:01.400+0000] {processor.py:183} INFO - Processing /usr/local/python/3.10.13/lib/python3.10/site-packages/airflow/example_dags/example_short_circuit_decorator.py took 0.082 seconds
[2024-07-02T19:30:47.244+0000] {processor.py:161} INFO - Started process (PID=15097) to work on /usr/local/python/3.10.13/lib/python3.10/site-packages/airflow/example_dags/example_short_circuit_decorator.py
[2024-07-02T19:30:47.245+0000] {processor.py:830} INFO - Processing file /usr/local/python/3.10.13/lib/python3.10/site-packages/airflow/example_dags/example_short_circuit_decorator.py for tasks to queue
[2024-07-02T19:30:47.246+0000] {logging_mixin.py:188} INFO - [2024-07-02T19:30:47.245+0000] {dagbag.py:545} INFO - Filling up the DagBag from /usr/local/python/3.10.13/lib/python3.10/site-packages/airflow/example_dags/example_short_circuit_decorator.py
[2024-07-02T19:30:47.253+0000] {processor.py:840} INFO - DAG(s) 'example_short_circuit_decorator' retrieved from /usr/local/python/3.10.13/lib/python3.10/site-packages/airflow/example_dags/example_short_circuit_decorator.py
[2024-07-02T19:30:47.266+0000] {logging_mixin.py:188} INFO - [2024-07-02T19:30:47.266+0000] {dag.py:3096} INFO - Sync 1 DAGs
[2024-07-02T19:30:47.281+0000] {logging_mixin.py:188} INFO - [2024-07-02T19:30:47.280+0000] {dag.py:3954} INFO - Setting next_dagrun for example_short_circuit_decorator to 2024-07-01 00:00:00+00:00, run_after=2024-07-02 00:00:00+00:00
[2024-07-02T19:30:47.322+0000] {processor.py:183} INFO - Processing /usr/local/python/3.10.13/lib/python3.10/site-packages/airflow/example_dags/example_short_circuit_decorator.py took 0.082 seconds
[2024-07-02T19:31:34.037+0000] {processor.py:161} INFO - Started process (PID=15451) to work on /usr/local/python/3.10.13/lib/python3.10/site-packages/airflow/example_dags/example_short_circuit_decorator.py
[2024-07-02T19:31:34.037+0000] {processor.py:830} INFO - Processing file /usr/local/python/3.10.13/lib/python3.10/site-packages/airflow/example_dags/example_short_circuit_decorator.py for tasks to queue
[2024-07-02T19:31:34.038+0000] {logging_mixin.py:188} INFO - [2024-07-02T19:31:34.038+0000] {dagbag.py:545} INFO - Filling up the DagBag from /usr/local/python/3.10.13/lib/python3.10/site-packages/airflow/example_dags/example_short_circuit_decorator.py
[2024-07-02T19:31:34.045+0000] {processor.py:840} INFO - DAG(s) 'example_short_circuit_decorator' retrieved from /usr/local/python/3.10.13/lib/python3.10/site-packages/airflow/example_dags/example_short_circuit_decorator.py
[2024-07-02T19:31:34.059+0000] {logging_mixin.py:188} INFO - [2024-07-02T19:31:34.059+0000] {dag.py:3096} INFO - Sync 1 DAGs
[2024-07-02T19:31:34.073+0000] {logging_mixin.py:188} INFO - [2024-07-02T19:31:34.073+0000] {dag.py:3954} INFO - Setting next_dagrun for example_short_circuit_decorator to 2024-07-01 00:00:00+00:00, run_after=2024-07-02 00:00:00+00:00
[2024-07-02T19:31:34.114+0000] {processor.py:183} INFO - Processing /usr/local/python/3.10.13/lib/python3.10/site-packages/airflow/example_dags/example_short_circuit_decorator.py took 0.082 seconds
[2024-07-02T19:32:21.371+0000] {processor.py:161} INFO - Started process (PID=15796) to work on /usr/local/python/3.10.13/lib/python3.10/site-packages/airflow/example_dags/example_short_circuit_decorator.py
[2024-07-02T19:32:21.372+0000] {processor.py:830} INFO - Processing file /usr/local/python/3.10.13/lib/python3.10/site-packages/airflow/example_dags/example_short_circuit_decorator.py for tasks to queue
[2024-07-02T19:32:21.372+0000] {logging_mixin.py:188} INFO - [2024-07-02T19:32:21.372+0000] {dagbag.py:545} INFO - Filling up the DagBag from /usr/local/python/3.10.13/lib/python3.10/site-packages/airflow/example_dags/example_short_circuit_decorator.py
[2024-07-02T19:32:21.379+0000] {processor.py:840} INFO - DAG(s) 'example_short_circuit_decorator' retrieved from /usr/local/python/3.10.13/lib/python3.10/site-packages/airflow/example_dags/example_short_circuit_decorator.py
[2024-07-02T19:32:21.393+0000] {logging_mixin.py:188} INFO - [2024-07-02T19:32:21.393+0000] {dag.py:3096} INFO - Sync 1 DAGs
[2024-07-02T19:32:21.408+0000] {logging_mixin.py:188} INFO - [2024-07-02T19:32:21.408+0000] {dag.py:3954} INFO - Setting next_dagrun for example_short_circuit_decorator to 2024-07-01 00:00:00+00:00, run_after=2024-07-02 00:00:00+00:00
[2024-07-02T19:32:21.448+0000] {processor.py:183} INFO - Processing /usr/local/python/3.10.13/lib/python3.10/site-packages/airflow/example_dags/example_short_circuit_decorator.py took 0.082 seconds
[2024-07-02T19:33:03.963+0000] {processor.py:161} INFO - Started process (PID=16140) to work on /usr/local/python/3.10.13/lib/python3.10/site-packages/airflow/example_dags/example_short_circuit_decorator.py
[2024-07-02T19:33:03.963+0000] {processor.py:830} INFO - Processing file /usr/local/python/3.10.13/lib/python3.10/site-packages/airflow/example_dags/example_short_circuit_decorator.py for tasks to queue
[2024-07-02T19:33:03.964+0000] {logging_mixin.py:188} INFO - [2024-07-02T19:33:03.964+0000] {dagbag.py:545} INFO - Filling up the DagBag from /usr/local/python/3.10.13/lib/python3.10/site-packages/airflow/example_dags/example_short_circuit_decorator.py
[2024-07-02T19:33:03.972+0000] {processor.py:840} INFO - DAG(s) 'example_short_circuit_decorator' retrieved from /usr/local/python/3.10.13/lib/python3.10/site-packages/airflow/example_dags/example_short_circuit_decorator.py
[2024-07-02T19:33:03.986+0000] {logging_mixin.py:188} INFO - [2024-07-02T19:33:03.986+0000] {dag.py:3096} INFO - Sync 1 DAGs
[2024-07-02T19:33:04.001+0000] {logging_mixin.py:188} INFO - [2024-07-02T19:33:04.001+0000] {dag.py:3954} INFO - Setting next_dagrun for example_short_circuit_decorator to 2024-07-01 00:00:00+00:00, run_after=2024-07-02 00:00:00+00:00
[2024-07-02T19:33:04.042+0000] {processor.py:183} INFO - Processing /usr/local/python/3.10.13/lib/python3.10/site-packages/airflow/example_dags/example_short_circuit_decorator.py took 0.084 seconds
[2024-07-02T19:33:47.597+0000] {processor.py:161} INFO - Started process (PID=16535) to work on /usr/local/python/3.10.13/lib/python3.10/site-packages/airflow/example_dags/example_short_circuit_decorator.py
[2024-07-02T19:33:47.598+0000] {processor.py:830} INFO - Processing file /usr/local/python/3.10.13/lib/python3.10/site-packages/airflow/example_dags/example_short_circuit_decorator.py for tasks to queue
[2024-07-02T19:33:47.599+0000] {logging_mixin.py:188} INFO - [2024-07-02T19:33:47.598+0000] {dagbag.py:545} INFO - Filling up the DagBag from /usr/local/python/3.10.13/lib/python3.10/site-packages/airflow/example_dags/example_short_circuit_decorator.py
[2024-07-02T19:33:47.606+0000] {processor.py:840} INFO - DAG(s) 'example_short_circuit_decorator' retrieved from /usr/local/python/3.10.13/lib/python3.10/site-packages/airflow/example_dags/example_short_circuit_decorator.py
[2024-07-02T19:33:47.620+0000] {logging_mixin.py:188} INFO - [2024-07-02T19:33:47.620+0000] {dag.py:3096} INFO - Sync 1 DAGs
[2024-07-02T19:33:47.634+0000] {logging_mixin.py:188} INFO - [2024-07-02T19:33:47.634+0000] {dag.py:3954} INFO - Setting next_dagrun for example_short_circuit_decorator to 2024-07-01 00:00:00+00:00, run_after=2024-07-02 00:00:00+00:00
[2024-07-02T19:33:47.677+0000] {processor.py:183} INFO - Processing /usr/local/python/3.10.13/lib/python3.10/site-packages/airflow/example_dags/example_short_circuit_decorator.py took 0.084 seconds
[2024-07-02T19:34:34.451+0000] {processor.py:161} INFO - Started process (PID=16924) to work on /usr/local/python/3.10.13/lib/python3.10/site-packages/airflow/example_dags/example_short_circuit_decorator.py
[2024-07-02T19:34:34.452+0000] {processor.py:830} INFO - Processing file /usr/local/python/3.10.13/lib/python3.10/site-packages/airflow/example_dags/example_short_circuit_decorator.py for tasks to queue
[2024-07-02T19:34:34.453+0000] {logging_mixin.py:188} INFO - [2024-07-02T19:34:34.453+0000] {dagbag.py:545} INFO - Filling up the DagBag from /usr/local/python/3.10.13/lib/python3.10/site-packages/airflow/example_dags/example_short_circuit_decorator.py
[2024-07-02T19:34:34.460+0000] {processor.py:840} INFO - DAG(s) 'example_short_circuit_decorator' retrieved from /usr/local/python/3.10.13/lib/python3.10/site-packages/airflow/example_dags/example_short_circuit_decorator.py
[2024-07-02T19:34:34.474+0000] {logging_mixin.py:188} INFO - [2024-07-02T19:34:34.474+0000] {dag.py:3096} INFO - Sync 1 DAGs
[2024-07-02T19:34:34.489+0000] {logging_mixin.py:188} INFO - [2024-07-02T19:34:34.489+0000] {dag.py:3954} INFO - Setting next_dagrun for example_short_circuit_decorator to 2024-07-01 00:00:00+00:00, run_after=2024-07-02 00:00:00+00:00
[2024-07-02T19:34:34.527+0000] {processor.py:183} INFO - Processing /usr/local/python/3.10.13/lib/python3.10/site-packages/airflow/example_dags/example_short_circuit_decorator.py took 0.081 seconds
[2024-07-02T19:35:20.964+0000] {processor.py:161} INFO - Started process (PID=17307) to work on /usr/local/python/3.10.13/lib/python3.10/site-packages/airflow/example_dags/example_short_circuit_decorator.py
[2024-07-02T19:35:20.965+0000] {processor.py:830} INFO - Processing file /usr/local/python/3.10.13/lib/python3.10/site-packages/airflow/example_dags/example_short_circuit_decorator.py for tasks to queue
[2024-07-02T19:35:20.965+0000] {logging_mixin.py:188} INFO - [2024-07-02T19:35:20.965+0000] {dagbag.py:545} INFO - Filling up the DagBag from /usr/local/python/3.10.13/lib/python3.10/site-packages/airflow/example_dags/example_short_circuit_decorator.py
[2024-07-02T19:35:20.973+0000] {processor.py:840} INFO - DAG(s) 'example_short_circuit_decorator' retrieved from /usr/local/python/3.10.13/lib/python3.10/site-packages/airflow/example_dags/example_short_circuit_decorator.py
[2024-07-02T19:35:20.986+0000] {logging_mixin.py:188} INFO - [2024-07-02T19:35:20.986+0000] {dag.py:3096} INFO - Sync 1 DAGs
[2024-07-02T19:35:21.000+0000] {logging_mixin.py:188} INFO - [2024-07-02T19:35:21.000+0000] {dag.py:3954} INFO - Setting next_dagrun for example_short_circuit_decorator to 2024-07-01 00:00:00+00:00, run_after=2024-07-02 00:00:00+00:00
[2024-07-02T19:35:21.042+0000] {processor.py:183} INFO - Processing /usr/local/python/3.10.13/lib/python3.10/site-packages/airflow/example_dags/example_short_circuit_decorator.py took 0.082 seconds
[2024-07-02T19:36:13.721+0000] {processor.py:161} INFO - Started process (PID=17773) to work on /usr/local/python/3.10.13/lib/python3.10/site-packages/airflow/example_dags/example_short_circuit_decorator.py
[2024-07-02T19:36:13.721+0000] {processor.py:830} INFO - Processing file /usr/local/python/3.10.13/lib/python3.10/site-packages/airflow/example_dags/example_short_circuit_decorator.py for tasks to queue
[2024-07-02T19:36:13.722+0000] {logging_mixin.py:188} INFO - [2024-07-02T19:36:13.722+0000] {dagbag.py:545} INFO - Filling up the DagBag from /usr/local/python/3.10.13/lib/python3.10/site-packages/airflow/example_dags/example_short_circuit_decorator.py
[2024-07-02T19:36:13.729+0000] {processor.py:840} INFO - DAG(s) 'example_short_circuit_decorator' retrieved from /usr/local/python/3.10.13/lib/python3.10/site-packages/airflow/example_dags/example_short_circuit_decorator.py
[2024-07-02T19:36:13.743+0000] {logging_mixin.py:188} INFO - [2024-07-02T19:36:13.743+0000] {dag.py:3096} INFO - Sync 1 DAGs
[2024-07-02T19:36:13.757+0000] {logging_mixin.py:188} INFO - [2024-07-02T19:36:13.757+0000] {dag.py:3954} INFO - Setting next_dagrun for example_short_circuit_decorator to 2024-07-01 00:00:00+00:00, run_after=2024-07-02 00:00:00+00:00
[2024-07-02T19:36:13.797+0000] {processor.py:183} INFO - Processing /usr/local/python/3.10.13/lib/python3.10/site-packages/airflow/example_dags/example_short_circuit_decorator.py took 0.081 seconds
[2024-07-02T19:37:05.336+0000] {processor.py:161} INFO - Started process (PID=18143) to work on /usr/local/python/3.10.13/lib/python3.10/site-packages/airflow/example_dags/example_short_circuit_decorator.py
[2024-07-02T19:37:05.337+0000] {processor.py:830} INFO - Processing file /usr/local/python/3.10.13/lib/python3.10/site-packages/airflow/example_dags/example_short_circuit_decorator.py for tasks to queue
[2024-07-02T19:37:05.337+0000] {logging_mixin.py:188} INFO - [2024-07-02T19:37:05.337+0000] {dagbag.py:545} INFO - Filling up the DagBag from /usr/local/python/3.10.13/lib/python3.10/site-packages/airflow/example_dags/example_short_circuit_decorator.py
[2024-07-02T19:37:05.345+0000] {processor.py:840} INFO - DAG(s) 'example_short_circuit_decorator' retrieved from /usr/local/python/3.10.13/lib/python3.10/site-packages/airflow/example_dags/example_short_circuit_decorator.py
[2024-07-02T19:37:05.359+0000] {logging_mixin.py:188} INFO - [2024-07-02T19:37:05.358+0000] {dag.py:3096} INFO - Sync 1 DAGs
[2024-07-02T19:37:05.373+0000] {logging_mixin.py:188} INFO - [2024-07-02T19:37:05.373+0000] {dag.py:3954} INFO - Setting next_dagrun for example_short_circuit_decorator to 2024-07-01 00:00:00+00:00, run_after=2024-07-02 00:00:00+00:00
[2024-07-02T19:37:05.413+0000] {processor.py:183} INFO - Processing /usr/local/python/3.10.13/lib/python3.10/site-packages/airflow/example_dags/example_short_circuit_decorator.py took 0.081 seconds
[2024-07-02T19:37:49.469+0000] {processor.py:161} INFO - Started process (PID=18473) to work on /usr/local/python/3.10.13/lib/python3.10/site-packages/airflow/example_dags/example_short_circuit_decorator.py
[2024-07-02T19:37:49.470+0000] {processor.py:830} INFO - Processing file /usr/local/python/3.10.13/lib/python3.10/site-packages/airflow/example_dags/example_short_circuit_decorator.py for tasks to queue
[2024-07-02T19:37:49.471+0000] {logging_mixin.py:188} INFO - [2024-07-02T19:37:49.471+0000] {dagbag.py:545} INFO - Filling up the DagBag from /usr/local/python/3.10.13/lib/python3.10/site-packages/airflow/example_dags/example_short_circuit_decorator.py
[2024-07-02T19:37:49.478+0000] {processor.py:840} INFO - DAG(s) 'example_short_circuit_decorator' retrieved from /usr/local/python/3.10.13/lib/python3.10/site-packages/airflow/example_dags/example_short_circuit_decorator.py
[2024-07-02T19:37:49.492+0000] {logging_mixin.py:188} INFO - [2024-07-02T19:37:49.492+0000] {dag.py:3096} INFO - Sync 1 DAGs
[2024-07-02T19:37:49.508+0000] {logging_mixin.py:188} INFO - [2024-07-02T19:37:49.508+0000] {dag.py:3954} INFO - Setting next_dagrun for example_short_circuit_decorator to 2024-07-01 00:00:00+00:00, run_after=2024-07-02 00:00:00+00:00
[2024-07-02T19:37:49.549+0000] {processor.py:183} INFO - Processing /usr/local/python/3.10.13/lib/python3.10/site-packages/airflow/example_dags/example_short_circuit_decorator.py took 0.084 seconds
[2024-07-02T19:38:32.449+0000] {processor.py:161} INFO - Started process (PID=18776) to work on /usr/local/python/3.10.13/lib/python3.10/site-packages/airflow/example_dags/example_short_circuit_decorator.py
[2024-07-02T19:38:32.449+0000] {processor.py:830} INFO - Processing file /usr/local/python/3.10.13/lib/python3.10/site-packages/airflow/example_dags/example_short_circuit_decorator.py for tasks to queue
[2024-07-02T19:38:32.450+0000] {logging_mixin.py:188} INFO - [2024-07-02T19:38:32.450+0000] {dagbag.py:545} INFO - Filling up the DagBag from /usr/local/python/3.10.13/lib/python3.10/site-packages/airflow/example_dags/example_short_circuit_decorator.py
[2024-07-02T19:38:32.457+0000] {processor.py:840} INFO - DAG(s) 'example_short_circuit_decorator' retrieved from /usr/local/python/3.10.13/lib/python3.10/site-packages/airflow/example_dags/example_short_circuit_decorator.py
[2024-07-02T19:38:32.474+0000] {logging_mixin.py:188} INFO - [2024-07-02T19:38:32.474+0000] {dag.py:3096} INFO - Sync 1 DAGs
[2024-07-02T19:38:32.491+0000] {logging_mixin.py:188} INFO - [2024-07-02T19:38:32.491+0000] {dag.py:3954} INFO - Setting next_dagrun for example_short_circuit_decorator to 2024-07-01 00:00:00+00:00, run_after=2024-07-02 00:00:00+00:00
[2024-07-02T19:38:32.530+0000] {processor.py:183} INFO - Processing /usr/local/python/3.10.13/lib/python3.10/site-packages/airflow/example_dags/example_short_circuit_decorator.py took 0.086 seconds
[2024-07-02T19:39:15.955+0000] {processor.py:161} INFO - Started process (PID=19091) to work on /usr/local/python/3.10.13/lib/python3.10/site-packages/airflow/example_dags/example_short_circuit_decorator.py
[2024-07-02T19:39:15.956+0000] {processor.py:830} INFO - Processing file /usr/local/python/3.10.13/lib/python3.10/site-packages/airflow/example_dags/example_short_circuit_decorator.py for tasks to queue
[2024-07-02T19:39:15.957+0000] {logging_mixin.py:188} INFO - [2024-07-02T19:39:15.957+0000] {dagbag.py:545} INFO - Filling up the DagBag from /usr/local/python/3.10.13/lib/python3.10/site-packages/airflow/example_dags/example_short_circuit_decorator.py
[2024-07-02T19:39:15.971+0000] {processor.py:840} INFO - DAG(s) 'example_short_circuit_decorator' retrieved from /usr/local/python/3.10.13/lib/python3.10/site-packages/airflow/example_dags/example_short_circuit_decorator.py
[2024-07-02T19:39:15.986+0000] {logging_mixin.py:188} INFO - [2024-07-02T19:39:15.986+0000] {dag.py:3096} INFO - Sync 1 DAGs
[2024-07-02T19:39:16.001+0000] {logging_mixin.py:188} INFO - [2024-07-02T19:39:16.001+0000] {dag.py:3954} INFO - Setting next_dagrun for example_short_circuit_decorator to 2024-07-01 00:00:00+00:00, run_after=2024-07-02 00:00:00+00:00
[2024-07-02T19:39:16.042+0000] {processor.py:183} INFO - Processing /usr/local/python/3.10.13/lib/python3.10/site-packages/airflow/example_dags/example_short_circuit_decorator.py took 0.092 seconds
[2024-07-02T19:40:09.460+0000] {processor.py:161} INFO - Started process (PID=19489) to work on /usr/local/python/3.10.13/lib/python3.10/site-packages/airflow/example_dags/example_short_circuit_decorator.py
[2024-07-02T19:40:09.460+0000] {processor.py:830} INFO - Processing file /usr/local/python/3.10.13/lib/python3.10/site-packages/airflow/example_dags/example_short_circuit_decorator.py for tasks to queue
[2024-07-02T19:40:09.461+0000] {logging_mixin.py:188} INFO - [2024-07-02T19:40:09.461+0000] {dagbag.py:545} INFO - Filling up the DagBag from /usr/local/python/3.10.13/lib/python3.10/site-packages/airflow/example_dags/example_short_circuit_decorator.py
[2024-07-02T19:40:09.468+0000] {processor.py:840} INFO - DAG(s) 'example_short_circuit_decorator' retrieved from /usr/local/python/3.10.13/lib/python3.10/site-packages/airflow/example_dags/example_short_circuit_decorator.py
[2024-07-02T19:40:09.482+0000] {logging_mixin.py:188} INFO - [2024-07-02T19:40:09.482+0000] {dag.py:3096} INFO - Sync 1 DAGs
[2024-07-02T19:40:09.496+0000] {logging_mixin.py:188} INFO - [2024-07-02T19:40:09.496+0000] {dag.py:3954} INFO - Setting next_dagrun for example_short_circuit_decorator to 2024-07-01 00:00:00+00:00, run_after=2024-07-02 00:00:00+00:00
[2024-07-02T19:40:09.538+0000] {processor.py:183} INFO - Processing /usr/local/python/3.10.13/lib/python3.10/site-packages/airflow/example_dags/example_short_circuit_decorator.py took 0.083 seconds
[2024-07-02T19:41:00.919+0000] {processor.py:161} INFO - Started process (PID=19876) to work on /usr/local/python/3.10.13/lib/python3.10/site-packages/airflow/example_dags/example_short_circuit_decorator.py
[2024-07-02T19:41:00.919+0000] {processor.py:830} INFO - Processing file /usr/local/python/3.10.13/lib/python3.10/site-packages/airflow/example_dags/example_short_circuit_decorator.py for tasks to queue
[2024-07-02T19:41:00.920+0000] {logging_mixin.py:188} INFO - [2024-07-02T19:41:00.920+0000] {dagbag.py:545} INFO - Filling up the DagBag from /usr/local/python/3.10.13/lib/python3.10/site-packages/airflow/example_dags/example_short_circuit_decorator.py
[2024-07-02T19:41:00.928+0000] {processor.py:840} INFO - DAG(s) 'example_short_circuit_decorator' retrieved from /usr/local/python/3.10.13/lib/python3.10/site-packages/airflow/example_dags/example_short_circuit_decorator.py
[2024-07-02T19:41:00.942+0000] {logging_mixin.py:188} INFO - [2024-07-02T19:41:00.941+0000] {dag.py:3096} INFO - Sync 1 DAGs
[2024-07-02T19:41:00.956+0000] {logging_mixin.py:188} INFO - [2024-07-02T19:41:00.956+0000] {dag.py:3954} INFO - Setting next_dagrun for example_short_circuit_decorator to 2024-07-01 00:00:00+00:00, run_after=2024-07-02 00:00:00+00:00
[2024-07-02T19:41:00.997+0000] {processor.py:183} INFO - Processing /usr/local/python/3.10.13/lib/python3.10/site-packages/airflow/example_dags/example_short_circuit_decorator.py took 0.083 seconds
[2024-07-02T19:41:44.391+0000] {processor.py:161} INFO - Started process (PID=20223) to work on /usr/local/python/3.10.13/lib/python3.10/site-packages/airflow/example_dags/example_short_circuit_decorator.py
[2024-07-02T19:41:44.392+0000] {processor.py:830} INFO - Processing file /usr/local/python/3.10.13/lib/python3.10/site-packages/airflow/example_dags/example_short_circuit_decorator.py for tasks to queue
[2024-07-02T19:41:44.393+0000] {logging_mixin.py:188} INFO - [2024-07-02T19:41:44.392+0000] {dagbag.py:545} INFO - Filling up the DagBag from /usr/local/python/3.10.13/lib/python3.10/site-packages/airflow/example_dags/example_short_circuit_decorator.py
[2024-07-02T19:41:44.400+0000] {processor.py:840} INFO - DAG(s) 'example_short_circuit_decorator' retrieved from /usr/local/python/3.10.13/lib/python3.10/site-packages/airflow/example_dags/example_short_circuit_decorator.py
[2024-07-02T19:41:44.414+0000] {logging_mixin.py:188} INFO - [2024-07-02T19:41:44.414+0000] {dag.py:3096} INFO - Sync 1 DAGs
[2024-07-02T19:41:44.429+0000] {logging_mixin.py:188} INFO - [2024-07-02T19:41:44.429+0000] {dag.py:3954} INFO - Setting next_dagrun for example_short_circuit_decorator to 2024-07-01 00:00:00+00:00, run_after=2024-07-02 00:00:00+00:00
[2024-07-02T19:41:44.469+0000] {processor.py:183} INFO - Processing /usr/local/python/3.10.13/lib/python3.10/site-packages/airflow/example_dags/example_short_circuit_decorator.py took 0.082 seconds
[2024-07-02T19:42:24.952+0000] {processor.py:161} INFO - Started process (PID=20538) to work on /usr/local/python/3.10.13/lib/python3.10/site-packages/airflow/example_dags/example_short_circuit_decorator.py
[2024-07-02T19:42:24.952+0000] {processor.py:830} INFO - Processing file /usr/local/python/3.10.13/lib/python3.10/site-packages/airflow/example_dags/example_short_circuit_decorator.py for tasks to queue
[2024-07-02T19:42:24.953+0000] {logging_mixin.py:188} INFO - [2024-07-02T19:42:24.953+0000] {dagbag.py:545} INFO - Filling up the DagBag from /usr/local/python/3.10.13/lib/python3.10/site-packages/airflow/example_dags/example_short_circuit_decorator.py
[2024-07-02T19:42:24.960+0000] {processor.py:840} INFO - DAG(s) 'example_short_circuit_decorator' retrieved from /usr/local/python/3.10.13/lib/python3.10/site-packages/airflow/example_dags/example_short_circuit_decorator.py
[2024-07-02T19:42:24.974+0000] {logging_mixin.py:188} INFO - [2024-07-02T19:42:24.974+0000] {dag.py:3096} INFO - Sync 1 DAGs
[2024-07-02T19:42:24.989+0000] {logging_mixin.py:188} INFO - [2024-07-02T19:42:24.988+0000] {dag.py:3954} INFO - Setting next_dagrun for example_short_circuit_decorator to 2024-07-01 00:00:00+00:00, run_after=2024-07-02 00:00:00+00:00
[2024-07-02T19:42:25.027+0000] {processor.py:183} INFO - Processing /usr/local/python/3.10.13/lib/python3.10/site-packages/airflow/example_dags/example_short_circuit_decorator.py took 0.080 seconds
[2024-07-02T19:43:14.655+0000] {processor.py:161} INFO - Started process (PID=20975) to work on /usr/local/python/3.10.13/lib/python3.10/site-packages/airflow/example_dags/example_short_circuit_decorator.py
[2024-07-02T19:43:14.656+0000] {processor.py:830} INFO - Processing file /usr/local/python/3.10.13/lib/python3.10/site-packages/airflow/example_dags/example_short_circuit_decorator.py for tasks to queue
[2024-07-02T19:43:14.656+0000] {logging_mixin.py:188} INFO - [2024-07-02T19:43:14.656+0000] {dagbag.py:545} INFO - Filling up the DagBag from /usr/local/python/3.10.13/lib/python3.10/site-packages/airflow/example_dags/example_short_circuit_decorator.py
[2024-07-02T19:43:14.664+0000] {processor.py:840} INFO - DAG(s) 'example_short_circuit_decorator' retrieved from /usr/local/python/3.10.13/lib/python3.10/site-packages/airflow/example_dags/example_short_circuit_decorator.py
[2024-07-02T19:43:14.677+0000] {logging_mixin.py:188} INFO - [2024-07-02T19:43:14.677+0000] {dag.py:3096} INFO - Sync 1 DAGs
[2024-07-02T19:43:14.693+0000] {logging_mixin.py:188} INFO - [2024-07-02T19:43:14.692+0000] {dag.py:3954} INFO - Setting next_dagrun for example_short_circuit_decorator to 2024-07-01 00:00:00+00:00, run_after=2024-07-02 00:00:00+00:00
[2024-07-02T19:43:14.732+0000] {processor.py:183} INFO - Processing /usr/local/python/3.10.13/lib/python3.10/site-packages/airflow/example_dags/example_short_circuit_decorator.py took 0.081 seconds
[2024-07-02T19:44:05.611+0000] {processor.py:161} INFO - Started process (PID=21360) to work on /usr/local/python/3.10.13/lib/python3.10/site-packages/airflow/example_dags/example_short_circuit_decorator.py
[2024-07-02T19:44:05.612+0000] {processor.py:830} INFO - Processing file /usr/local/python/3.10.13/lib/python3.10/site-packages/airflow/example_dags/example_short_circuit_decorator.py for tasks to queue
[2024-07-02T19:44:05.613+0000] {logging_mixin.py:188} INFO - [2024-07-02T19:44:05.613+0000] {dagbag.py:545} INFO - Filling up the DagBag from /usr/local/python/3.10.13/lib/python3.10/site-packages/airflow/example_dags/example_short_circuit_decorator.py
[2024-07-02T19:44:05.626+0000] {processor.py:840} INFO - DAG(s) 'example_short_circuit_decorator' retrieved from /usr/local/python/3.10.13/lib/python3.10/site-packages/airflow/example_dags/example_short_circuit_decorator.py
[2024-07-02T19:44:05.641+0000] {logging_mixin.py:188} INFO - [2024-07-02T19:44:05.641+0000] {dag.py:3096} INFO - Sync 1 DAGs
[2024-07-02T19:44:05.657+0000] {logging_mixin.py:188} INFO - [2024-07-02T19:44:05.657+0000] {dag.py:3954} INFO - Setting next_dagrun for example_short_circuit_decorator to 2024-07-01 00:00:00+00:00, run_after=2024-07-02 00:00:00+00:00
[2024-07-02T19:44:05.697+0000] {processor.py:183} INFO - Processing /usr/local/python/3.10.13/lib/python3.10/site-packages/airflow/example_dags/example_short_circuit_decorator.py took 0.093 seconds
[2024-07-02T19:44:50.766+0000] {processor.py:161} INFO - Started process (PID=21696) to work on /usr/local/python/3.10.13/lib/python3.10/site-packages/airflow/example_dags/example_short_circuit_decorator.py
[2024-07-02T19:44:50.766+0000] {processor.py:830} INFO - Processing file /usr/local/python/3.10.13/lib/python3.10/site-packages/airflow/example_dags/example_short_circuit_decorator.py for tasks to queue
[2024-07-02T19:44:50.767+0000] {logging_mixin.py:188} INFO - [2024-07-02T19:44:50.767+0000] {dagbag.py:545} INFO - Filling up the DagBag from /usr/local/python/3.10.13/lib/python3.10/site-packages/airflow/example_dags/example_short_circuit_decorator.py
[2024-07-02T19:44:50.774+0000] {processor.py:840} INFO - DAG(s) 'example_short_circuit_decorator' retrieved from /usr/local/python/3.10.13/lib/python3.10/site-packages/airflow/example_dags/example_short_circuit_decorator.py
[2024-07-02T19:44:50.789+0000] {logging_mixin.py:188} INFO - [2024-07-02T19:44:50.789+0000] {dag.py:3096} INFO - Sync 1 DAGs
[2024-07-02T19:44:50.804+0000] {logging_mixin.py:188} INFO - [2024-07-02T19:44:50.804+0000] {dag.py:3954} INFO - Setting next_dagrun for example_short_circuit_decorator to 2024-07-01 00:00:00+00:00, run_after=2024-07-02 00:00:00+00:00
[2024-07-02T19:44:50.846+0000] {processor.py:183} INFO - Processing /usr/local/python/3.10.13/lib/python3.10/site-packages/airflow/example_dags/example_short_circuit_decorator.py took 0.085 seconds
[2024-07-02T19:45:31.304+0000] {processor.py:161} INFO - Started process (PID=21990) to work on /usr/local/python/3.10.13/lib/python3.10/site-packages/airflow/example_dags/example_short_circuit_decorator.py
[2024-07-02T19:45:31.305+0000] {processor.py:830} INFO - Processing file /usr/local/python/3.10.13/lib/python3.10/site-packages/airflow/example_dags/example_short_circuit_decorator.py for tasks to queue
[2024-07-02T19:45:31.305+0000] {logging_mixin.py:188} INFO - [2024-07-02T19:45:31.305+0000] {dagbag.py:545} INFO - Filling up the DagBag from /usr/local/python/3.10.13/lib/python3.10/site-packages/airflow/example_dags/example_short_circuit_decorator.py
[2024-07-02T19:45:31.313+0000] {processor.py:840} INFO - DAG(s) 'example_short_circuit_decorator' retrieved from /usr/local/python/3.10.13/lib/python3.10/site-packages/airflow/example_dags/example_short_circuit_decorator.py
[2024-07-02T19:45:31.327+0000] {logging_mixin.py:188} INFO - [2024-07-02T19:45:31.327+0000] {dag.py:3096} INFO - Sync 1 DAGs
[2024-07-02T19:45:31.342+0000] {logging_mixin.py:188} INFO - [2024-07-02T19:45:31.342+0000] {dag.py:3954} INFO - Setting next_dagrun for example_short_circuit_decorator to 2024-07-01 00:00:00+00:00, run_after=2024-07-02 00:00:00+00:00
[2024-07-02T19:45:31.381+0000] {processor.py:183} INFO - Processing /usr/local/python/3.10.13/lib/python3.10/site-packages/airflow/example_dags/example_short_circuit_decorator.py took 0.082 seconds
[2024-07-02T19:46:13.176+0000] {processor.py:161} INFO - Started process (PID=22278) to work on /usr/local/python/3.10.13/lib/python3.10/site-packages/airflow/example_dags/example_short_circuit_decorator.py
[2024-07-02T19:46:13.176+0000] {processor.py:830} INFO - Processing file /usr/local/python/3.10.13/lib/python3.10/site-packages/airflow/example_dags/example_short_circuit_decorator.py for tasks to queue
[2024-07-02T19:46:13.177+0000] {logging_mixin.py:188} INFO - [2024-07-02T19:46:13.177+0000] {dagbag.py:545} INFO - Filling up the DagBag from /usr/local/python/3.10.13/lib/python3.10/site-packages/airflow/example_dags/example_short_circuit_decorator.py
[2024-07-02T19:46:13.185+0000] {processor.py:840} INFO - DAG(s) 'example_short_circuit_decorator' retrieved from /usr/local/python/3.10.13/lib/python3.10/site-packages/airflow/example_dags/example_short_circuit_decorator.py
[2024-07-02T19:46:13.199+0000] {logging_mixin.py:188} INFO - [2024-07-02T19:46:13.198+0000] {dag.py:3096} INFO - Sync 1 DAGs
[2024-07-02T19:46:13.213+0000] {logging_mixin.py:188} INFO - [2024-07-02T19:46:13.213+0000] {dag.py:3954} INFO - Setting next_dagrun for example_short_circuit_decorator to 2024-07-01 00:00:00+00:00, run_after=2024-07-02 00:00:00+00:00
[2024-07-02T19:46:13.252+0000] {processor.py:183} INFO - Processing /usr/local/python/3.10.13/lib/python3.10/site-packages/airflow/example_dags/example_short_circuit_decorator.py took 0.081 seconds
[2024-07-02T19:46:59.622+0000] {processor.py:161} INFO - Started process (PID=22611) to work on /usr/local/python/3.10.13/lib/python3.10/site-packages/airflow/example_dags/example_short_circuit_decorator.py
[2024-07-02T19:46:59.623+0000] {processor.py:830} INFO - Processing file /usr/local/python/3.10.13/lib/python3.10/site-packages/airflow/example_dags/example_short_circuit_decorator.py for tasks to queue
[2024-07-02T19:46:59.623+0000] {logging_mixin.py:188} INFO - [2024-07-02T19:46:59.623+0000] {dagbag.py:545} INFO - Filling up the DagBag from /usr/local/python/3.10.13/lib/python3.10/site-packages/airflow/example_dags/example_short_circuit_decorator.py
[2024-07-02T19:46:59.632+0000] {processor.py:840} INFO - DAG(s) 'example_short_circuit_decorator' retrieved from /usr/local/python/3.10.13/lib/python3.10/site-packages/airflow/example_dags/example_short_circuit_decorator.py
[2024-07-02T19:46:59.646+0000] {logging_mixin.py:188} INFO - [2024-07-02T19:46:59.646+0000] {dag.py:3096} INFO - Sync 1 DAGs
[2024-07-02T19:46:59.662+0000] {logging_mixin.py:188} INFO - [2024-07-02T19:46:59.661+0000] {dag.py:3954} INFO - Setting next_dagrun for example_short_circuit_decorator to 2024-07-01 00:00:00+00:00, run_after=2024-07-02 00:00:00+00:00
[2024-07-02T19:46:59.701+0000] {processor.py:183} INFO - Processing /usr/local/python/3.10.13/lib/python3.10/site-packages/airflow/example_dags/example_short_circuit_decorator.py took 0.084 seconds
[2024-07-02T19:47:46.227+0000] {processor.py:161} INFO - Started process (PID=22920) to work on /usr/local/python/3.10.13/lib/python3.10/site-packages/airflow/example_dags/example_short_circuit_decorator.py
[2024-07-02T19:47:46.228+0000] {processor.py:830} INFO - Processing file /usr/local/python/3.10.13/lib/python3.10/site-packages/airflow/example_dags/example_short_circuit_decorator.py for tasks to queue
[2024-07-02T19:47:46.229+0000] {logging_mixin.py:188} INFO - [2024-07-02T19:47:46.228+0000] {dagbag.py:545} INFO - Filling up the DagBag from /usr/local/python/3.10.13/lib/python3.10/site-packages/airflow/example_dags/example_short_circuit_decorator.py
[2024-07-02T19:47:46.236+0000] {processor.py:840} INFO - DAG(s) 'example_short_circuit_decorator' retrieved from /usr/local/python/3.10.13/lib/python3.10/site-packages/airflow/example_dags/example_short_circuit_decorator.py
[2024-07-02T19:47:46.249+0000] {logging_mixin.py:188} INFO - [2024-07-02T19:47:46.249+0000] {dag.py:3096} INFO - Sync 1 DAGs
[2024-07-02T19:47:46.264+0000] {logging_mixin.py:188} INFO - [2024-07-02T19:47:46.264+0000] {dag.py:3954} INFO - Setting next_dagrun for example_short_circuit_decorator to 2024-07-01 00:00:00+00:00, run_after=2024-07-02 00:00:00+00:00
[2024-07-02T19:47:46.304+0000] {processor.py:183} INFO - Processing /usr/local/python/3.10.13/lib/python3.10/site-packages/airflow/example_dags/example_short_circuit_decorator.py took 0.081 seconds
[2024-07-02T19:48:27.694+0000] {processor.py:161} INFO - Started process (PID=23209) to work on /usr/local/python/3.10.13/lib/python3.10/site-packages/airflow/example_dags/example_short_circuit_decorator.py
[2024-07-02T19:48:27.695+0000] {processor.py:830} INFO - Processing file /usr/local/python/3.10.13/lib/python3.10/site-packages/airflow/example_dags/example_short_circuit_decorator.py for tasks to queue
[2024-07-02T19:48:27.696+0000] {logging_mixin.py:188} INFO - [2024-07-02T19:48:27.695+0000] {dagbag.py:545} INFO - Filling up the DagBag from /usr/local/python/3.10.13/lib/python3.10/site-packages/airflow/example_dags/example_short_circuit_decorator.py
[2024-07-02T19:48:27.703+0000] {processor.py:840} INFO - DAG(s) 'example_short_circuit_decorator' retrieved from /usr/local/python/3.10.13/lib/python3.10/site-packages/airflow/example_dags/example_short_circuit_decorator.py
[2024-07-02T19:48:27.717+0000] {logging_mixin.py:188} INFO - [2024-07-02T19:48:27.717+0000] {dag.py:3096} INFO - Sync 1 DAGs
[2024-07-02T19:48:27.731+0000] {logging_mixin.py:188} INFO - [2024-07-02T19:48:27.731+0000] {dag.py:3954} INFO - Setting next_dagrun for example_short_circuit_decorator to 2024-07-01 00:00:00+00:00, run_after=2024-07-02 00:00:00+00:00
[2024-07-02T19:48:27.771+0000] {processor.py:183} INFO - Processing /usr/local/python/3.10.13/lib/python3.10/site-packages/airflow/example_dags/example_short_circuit_decorator.py took 0.083 seconds
[2024-07-02T19:49:09.882+0000] {processor.py:161} INFO - Started process (PID=23549) to work on /usr/local/python/3.10.13/lib/python3.10/site-packages/airflow/example_dags/example_short_circuit_decorator.py
[2024-07-02T19:49:09.882+0000] {processor.py:830} INFO - Processing file /usr/local/python/3.10.13/lib/python3.10/site-packages/airflow/example_dags/example_short_circuit_decorator.py for tasks to queue
[2024-07-02T19:49:09.883+0000] {logging_mixin.py:188} INFO - [2024-07-02T19:49:09.883+0000] {dagbag.py:545} INFO - Filling up the DagBag from /usr/local/python/3.10.13/lib/python3.10/site-packages/airflow/example_dags/example_short_circuit_decorator.py
[2024-07-02T19:49:09.890+0000] {processor.py:840} INFO - DAG(s) 'example_short_circuit_decorator' retrieved from /usr/local/python/3.10.13/lib/python3.10/site-packages/airflow/example_dags/example_short_circuit_decorator.py
[2024-07-02T19:49:09.904+0000] {logging_mixin.py:188} INFO - [2024-07-02T19:49:09.904+0000] {dag.py:3096} INFO - Sync 1 DAGs
[2024-07-02T19:49:09.918+0000] {logging_mixin.py:188} INFO - [2024-07-02T19:49:09.918+0000] {dag.py:3954} INFO - Setting next_dagrun for example_short_circuit_decorator to 2024-07-01 00:00:00+00:00, run_after=2024-07-02 00:00:00+00:00
[2024-07-02T19:49:09.958+0000] {processor.py:183} INFO - Processing /usr/local/python/3.10.13/lib/python3.10/site-packages/airflow/example_dags/example_short_circuit_decorator.py took 0.081 seconds
[2024-07-02T19:49:55.190+0000] {processor.py:161} INFO - Started process (PID=23885) to work on /usr/local/python/3.10.13/lib/python3.10/site-packages/airflow/example_dags/example_short_circuit_decorator.py
[2024-07-02T19:49:55.190+0000] {processor.py:830} INFO - Processing file /usr/local/python/3.10.13/lib/python3.10/site-packages/airflow/example_dags/example_short_circuit_decorator.py for tasks to queue
[2024-07-02T19:49:55.191+0000] {logging_mixin.py:188} INFO - [2024-07-02T19:49:55.191+0000] {dagbag.py:545} INFO - Filling up the DagBag from /usr/local/python/3.10.13/lib/python3.10/site-packages/airflow/example_dags/example_short_circuit_decorator.py
[2024-07-02T19:49:55.198+0000] {processor.py:840} INFO - DAG(s) 'example_short_circuit_decorator' retrieved from /usr/local/python/3.10.13/lib/python3.10/site-packages/airflow/example_dags/example_short_circuit_decorator.py
[2024-07-02T19:49:55.212+0000] {logging_mixin.py:188} INFO - [2024-07-02T19:49:55.212+0000] {dag.py:3096} INFO - Sync 1 DAGs
[2024-07-02T19:49:55.227+0000] {logging_mixin.py:188} INFO - [2024-07-02T19:49:55.226+0000] {dag.py:3954} INFO - Setting next_dagrun for example_short_circuit_decorator to 2024-07-01 00:00:00+00:00, run_after=2024-07-02 00:00:00+00:00
[2024-07-02T19:49:55.265+0000] {processor.py:183} INFO - Processing /usr/local/python/3.10.13/lib/python3.10/site-packages/airflow/example_dags/example_short_circuit_decorator.py took 0.080 seconds
[2024-07-02T19:50:39.561+0000] {processor.py:161} INFO - Started process (PID=24217) to work on /usr/local/python/3.10.13/lib/python3.10/site-packages/airflow/example_dags/example_short_circuit_decorator.py
[2024-07-02T19:50:39.562+0000] {processor.py:830} INFO - Processing file /usr/local/python/3.10.13/lib/python3.10/site-packages/airflow/example_dags/example_short_circuit_decorator.py for tasks to queue
[2024-07-02T19:50:39.562+0000] {logging_mixin.py:188} INFO - [2024-07-02T19:50:39.562+0000] {dagbag.py:545} INFO - Filling up the DagBag from /usr/local/python/3.10.13/lib/python3.10/site-packages/airflow/example_dags/example_short_circuit_decorator.py
[2024-07-02T19:50:39.570+0000] {processor.py:840} INFO - DAG(s) 'example_short_circuit_decorator' retrieved from /usr/local/python/3.10.13/lib/python3.10/site-packages/airflow/example_dags/example_short_circuit_decorator.py
[2024-07-02T19:50:39.584+0000] {logging_mixin.py:188} INFO - [2024-07-02T19:50:39.584+0000] {dag.py:3096} INFO - Sync 1 DAGs
[2024-07-02T19:50:39.598+0000] {logging_mixin.py:188} INFO - [2024-07-02T19:50:39.598+0000] {dag.py:3954} INFO - Setting next_dagrun for example_short_circuit_decorator to 2024-07-01 00:00:00+00:00, run_after=2024-07-02 00:00:00+00:00
[2024-07-02T19:50:39.640+0000] {processor.py:183} INFO - Processing /usr/local/python/3.10.13/lib/python3.10/site-packages/airflow/example_dags/example_short_circuit_decorator.py took 0.084 seconds
[2024-07-02T19:51:24.990+0000] {processor.py:161} INFO - Started process (PID=24571) to work on /usr/local/python/3.10.13/lib/python3.10/site-packages/airflow/example_dags/example_short_circuit_decorator.py
[2024-07-02T19:51:24.991+0000] {processor.py:830} INFO - Processing file /usr/local/python/3.10.13/lib/python3.10/site-packages/airflow/example_dags/example_short_circuit_decorator.py for tasks to queue
[2024-07-02T19:51:24.992+0000] {logging_mixin.py:188} INFO - [2024-07-02T19:51:24.991+0000] {dagbag.py:545} INFO - Filling up the DagBag from /usr/local/python/3.10.13/lib/python3.10/site-packages/airflow/example_dags/example_short_circuit_decorator.py
[2024-07-02T19:51:24.999+0000] {processor.py:840} INFO - DAG(s) 'example_short_circuit_decorator' retrieved from /usr/local/python/3.10.13/lib/python3.10/site-packages/airflow/example_dags/example_short_circuit_decorator.py
[2024-07-02T19:51:25.013+0000] {logging_mixin.py:188} INFO - [2024-07-02T19:51:25.013+0000] {dag.py:3096} INFO - Sync 1 DAGs
[2024-07-02T19:51:25.027+0000] {logging_mixin.py:188} INFO - [2024-07-02T19:51:25.027+0000] {dag.py:3954} INFO - Setting next_dagrun for example_short_circuit_decorator to 2024-07-01 00:00:00+00:00, run_after=2024-07-02 00:00:00+00:00
[2024-07-02T19:51:25.067+0000] {processor.py:183} INFO - Processing /usr/local/python/3.10.13/lib/python3.10/site-packages/airflow/example_dags/example_short_circuit_decorator.py took 0.081 seconds
[2024-07-02T19:52:09.381+0000] {processor.py:161} INFO - Started process (PID=24903) to work on /usr/local/python/3.10.13/lib/python3.10/site-packages/airflow/example_dags/example_short_circuit_decorator.py
[2024-07-02T19:52:09.382+0000] {processor.py:830} INFO - Processing file /usr/local/python/3.10.13/lib/python3.10/site-packages/airflow/example_dags/example_short_circuit_decorator.py for tasks to queue
[2024-07-02T19:52:09.383+0000] {logging_mixin.py:188} INFO - [2024-07-02T19:52:09.382+0000] {dagbag.py:545} INFO - Filling up the DagBag from /usr/local/python/3.10.13/lib/python3.10/site-packages/airflow/example_dags/example_short_circuit_decorator.py
[2024-07-02T19:52:09.390+0000] {processor.py:840} INFO - DAG(s) 'example_short_circuit_decorator' retrieved from /usr/local/python/3.10.13/lib/python3.10/site-packages/airflow/example_dags/example_short_circuit_decorator.py
[2024-07-02T19:52:09.404+0000] {logging_mixin.py:188} INFO - [2024-07-02T19:52:09.403+0000] {dag.py:3096} INFO - Sync 1 DAGs
[2024-07-02T19:52:09.418+0000] {logging_mixin.py:188} INFO - [2024-07-02T19:52:09.417+0000] {dag.py:3954} INFO - Setting next_dagrun for example_short_circuit_decorator to 2024-07-01 00:00:00+00:00, run_after=2024-07-02 00:00:00+00:00
[2024-07-02T19:52:09.491+0000] {processor.py:183} INFO - Processing /usr/local/python/3.10.13/lib/python3.10/site-packages/airflow/example_dags/example_short_circuit_decorator.py took 0.114 seconds
[2024-07-02T19:52:53.757+0000] {processor.py:161} INFO - Started process (PID=25251) to work on /usr/local/python/3.10.13/lib/python3.10/site-packages/airflow/example_dags/example_short_circuit_decorator.py
[2024-07-02T19:52:53.758+0000] {processor.py:830} INFO - Processing file /usr/local/python/3.10.13/lib/python3.10/site-packages/airflow/example_dags/example_short_circuit_decorator.py for tasks to queue
[2024-07-02T19:52:53.759+0000] {logging_mixin.py:188} INFO - [2024-07-02T19:52:53.758+0000] {dagbag.py:545} INFO - Filling up the DagBag from /usr/local/python/3.10.13/lib/python3.10/site-packages/airflow/example_dags/example_short_circuit_decorator.py
[2024-07-02T19:52:53.766+0000] {processor.py:840} INFO - DAG(s) 'example_short_circuit_decorator' retrieved from /usr/local/python/3.10.13/lib/python3.10/site-packages/airflow/example_dags/example_short_circuit_decorator.py
[2024-07-02T19:52:53.780+0000] {logging_mixin.py:188} INFO - [2024-07-02T19:52:53.779+0000] {dag.py:3096} INFO - Sync 1 DAGs
[2024-07-02T19:52:53.794+0000] {logging_mixin.py:188} INFO - [2024-07-02T19:52:53.793+0000] {dag.py:3954} INFO - Setting next_dagrun for example_short_circuit_decorator to 2024-07-01 00:00:00+00:00, run_after=2024-07-02 00:00:00+00:00
[2024-07-02T19:52:53.834+0000] {processor.py:183} INFO - Processing /usr/local/python/3.10.13/lib/python3.10/site-packages/airflow/example_dags/example_short_circuit_decorator.py took 0.081 seconds
[2024-07-02T19:53:38.481+0000] {processor.py:161} INFO - Started process (PID=25579) to work on /usr/local/python/3.10.13/lib/python3.10/site-packages/airflow/example_dags/example_short_circuit_decorator.py
[2024-07-02T19:53:38.481+0000] {processor.py:830} INFO - Processing file /usr/local/python/3.10.13/lib/python3.10/site-packages/airflow/example_dags/example_short_circuit_decorator.py for tasks to queue
[2024-07-02T19:53:38.482+0000] {logging_mixin.py:188} INFO - [2024-07-02T19:53:38.482+0000] {dagbag.py:545} INFO - Filling up the DagBag from /usr/local/python/3.10.13/lib/python3.10/site-packages/airflow/example_dags/example_short_circuit_decorator.py
[2024-07-02T19:53:38.489+0000] {processor.py:840} INFO - DAG(s) 'example_short_circuit_decorator' retrieved from /usr/local/python/3.10.13/lib/python3.10/site-packages/airflow/example_dags/example_short_circuit_decorator.py
[2024-07-02T19:53:38.503+0000] {logging_mixin.py:188} INFO - [2024-07-02T19:53:38.503+0000] {dag.py:3096} INFO - Sync 1 DAGs
[2024-07-02T19:53:38.517+0000] {logging_mixin.py:188} INFO - [2024-07-02T19:53:38.517+0000] {dag.py:3954} INFO - Setting next_dagrun for example_short_circuit_decorator to 2024-07-01 00:00:00+00:00, run_after=2024-07-02 00:00:00+00:00
[2024-07-02T19:53:38.556+0000] {processor.py:183} INFO - Processing /usr/local/python/3.10.13/lib/python3.10/site-packages/airflow/example_dags/example_short_circuit_decorator.py took 0.080 seconds
[2024-07-02T19:54:22.672+0000] {processor.py:161} INFO - Started process (PID=25906) to work on /usr/local/python/3.10.13/lib/python3.10/site-packages/airflow/example_dags/example_short_circuit_decorator.py
[2024-07-02T19:54:22.678+0000] {processor.py:830} INFO - Processing file /usr/local/python/3.10.13/lib/python3.10/site-packages/airflow/example_dags/example_short_circuit_decorator.py for tasks to queue
[2024-07-02T19:54:22.679+0000] {logging_mixin.py:188} INFO - [2024-07-02T19:54:22.679+0000] {dagbag.py:545} INFO - Filling up the DagBag from /usr/local/python/3.10.13/lib/python3.10/site-packages/airflow/example_dags/example_short_circuit_decorator.py
[2024-07-02T19:54:22.691+0000] {processor.py:840} INFO - DAG(s) 'example_short_circuit_decorator' retrieved from /usr/local/python/3.10.13/lib/python3.10/site-packages/airflow/example_dags/example_short_circuit_decorator.py
[2024-07-02T19:54:22.714+0000] {logging_mixin.py:188} INFO - [2024-07-02T19:54:22.714+0000] {dag.py:3096} INFO - Sync 1 DAGs
[2024-07-02T19:54:22.731+0000] {logging_mixin.py:188} INFO - [2024-07-02T19:54:22.731+0000] {dag.py:3954} INFO - Setting next_dagrun for example_short_circuit_decorator to 2024-07-01 00:00:00+00:00, run_after=2024-07-02 00:00:00+00:00
[2024-07-02T19:54:22.775+0000] {processor.py:183} INFO - Processing /usr/local/python/3.10.13/lib/python3.10/site-packages/airflow/example_dags/example_short_circuit_decorator.py took 0.110 seconds
[2024-07-02T19:55:05.222+0000] {processor.py:161} INFO - Started process (PID=26231) to work on /usr/local/python/3.10.13/lib/python3.10/site-packages/airflow/example_dags/example_short_circuit_decorator.py
[2024-07-02T19:55:05.224+0000] {processor.py:830} INFO - Processing file /usr/local/python/3.10.13/lib/python3.10/site-packages/airflow/example_dags/example_short_circuit_decorator.py for tasks to queue
[2024-07-02T19:55:05.225+0000] {logging_mixin.py:188} INFO - [2024-07-02T19:55:05.224+0000] {dagbag.py:545} INFO - Filling up the DagBag from /usr/local/python/3.10.13/lib/python3.10/site-packages/airflow/example_dags/example_short_circuit_decorator.py
[2024-07-02T19:55:05.236+0000] {processor.py:840} INFO - DAG(s) 'example_short_circuit_decorator' retrieved from /usr/local/python/3.10.13/lib/python3.10/site-packages/airflow/example_dags/example_short_circuit_decorator.py
[2024-07-02T19:55:05.260+0000] {logging_mixin.py:188} INFO - [2024-07-02T19:55:05.260+0000] {dag.py:3096} INFO - Sync 1 DAGs
[2024-07-02T19:55:05.279+0000] {logging_mixin.py:188} INFO - [2024-07-02T19:55:05.279+0000] {dag.py:3954} INFO - Setting next_dagrun for example_short_circuit_decorator to 2024-07-01 00:00:00+00:00, run_after=2024-07-02 00:00:00+00:00
[2024-07-02T19:55:05.325+0000] {processor.py:183} INFO - Processing /usr/local/python/3.10.13/lib/python3.10/site-packages/airflow/example_dags/example_short_circuit_decorator.py took 0.110 seconds
[2024-07-02T19:55:49.834+0000] {processor.py:161} INFO - Started process (PID=26582) to work on /usr/local/python/3.10.13/lib/python3.10/site-packages/airflow/example_dags/example_short_circuit_decorator.py
[2024-07-02T19:55:49.835+0000] {processor.py:830} INFO - Processing file /usr/local/python/3.10.13/lib/python3.10/site-packages/airflow/example_dags/example_short_circuit_decorator.py for tasks to queue
[2024-07-02T19:55:49.836+0000] {logging_mixin.py:188} INFO - [2024-07-02T19:55:49.836+0000] {dagbag.py:545} INFO - Filling up the DagBag from /usr/local/python/3.10.13/lib/python3.10/site-packages/airflow/example_dags/example_short_circuit_decorator.py
[2024-07-02T19:55:49.844+0000] {processor.py:840} INFO - DAG(s) 'example_short_circuit_decorator' retrieved from /usr/local/python/3.10.13/lib/python3.10/site-packages/airflow/example_dags/example_short_circuit_decorator.py
[2024-07-02T19:55:49.857+0000] {logging_mixin.py:188} INFO - [2024-07-02T19:55:49.857+0000] {dag.py:3096} INFO - Sync 1 DAGs
[2024-07-02T19:55:49.872+0000] {logging_mixin.py:188} INFO - [2024-07-02T19:55:49.872+0000] {dag.py:3954} INFO - Setting next_dagrun for example_short_circuit_decorator to 2024-07-01 00:00:00+00:00, run_after=2024-07-02 00:00:00+00:00
[2024-07-02T19:55:49.910+0000] {processor.py:183} INFO - Processing /usr/local/python/3.10.13/lib/python3.10/site-packages/airflow/example_dags/example_short_circuit_decorator.py took 0.081 seconds
[2024-07-02T19:56:34.822+0000] {processor.py:161} INFO - Started process (PID=27038) to work on /usr/local/python/3.10.13/lib/python3.10/site-packages/airflow/example_dags/example_short_circuit_decorator.py
[2024-07-02T19:56:34.822+0000] {processor.py:830} INFO - Processing file /usr/local/python/3.10.13/lib/python3.10/site-packages/airflow/example_dags/example_short_circuit_decorator.py for tasks to queue
[2024-07-02T19:56:34.823+0000] {logging_mixin.py:188} INFO - [2024-07-02T19:56:34.823+0000] {dagbag.py:545} INFO - Filling up the DagBag from /usr/local/python/3.10.13/lib/python3.10/site-packages/airflow/example_dags/example_short_circuit_decorator.py
[2024-07-02T19:56:34.830+0000] {processor.py:840} INFO - DAG(s) 'example_short_circuit_decorator' retrieved from /usr/local/python/3.10.13/lib/python3.10/site-packages/airflow/example_dags/example_short_circuit_decorator.py
[2024-07-02T19:56:34.844+0000] {logging_mixin.py:188} INFO - [2024-07-02T19:56:34.844+0000] {dag.py:3096} INFO - Sync 1 DAGs
[2024-07-02T19:56:34.864+0000] {logging_mixin.py:188} INFO - [2024-07-02T19:56:34.864+0000] {dag.py:3954} INFO - Setting next_dagrun for example_short_circuit_decorator to 2024-07-01 00:00:00+00:00, run_after=2024-07-02 00:00:00+00:00
[2024-07-02T19:56:34.903+0000] {processor.py:183} INFO - Processing /usr/local/python/3.10.13/lib/python3.10/site-packages/airflow/example_dags/example_short_circuit_decorator.py took 0.086 seconds
[2024-07-02T19:57:29.925+0000] {processor.py:161} INFO - Started process (PID=27471) to work on /usr/local/python/3.10.13/lib/python3.10/site-packages/airflow/example_dags/example_short_circuit_decorator.py
[2024-07-02T19:57:29.925+0000] {processor.py:830} INFO - Processing file /usr/local/python/3.10.13/lib/python3.10/site-packages/airflow/example_dags/example_short_circuit_decorator.py for tasks to queue
[2024-07-02T19:57:29.926+0000] {logging_mixin.py:188} INFO - [2024-07-02T19:57:29.926+0000] {dagbag.py:545} INFO - Filling up the DagBag from /usr/local/python/3.10.13/lib/python3.10/site-packages/airflow/example_dags/example_short_circuit_decorator.py
[2024-07-02T19:57:29.933+0000] {processor.py:840} INFO - DAG(s) 'example_short_circuit_decorator' retrieved from /usr/local/python/3.10.13/lib/python3.10/site-packages/airflow/example_dags/example_short_circuit_decorator.py
[2024-07-02T19:57:29.947+0000] {logging_mixin.py:188} INFO - [2024-07-02T19:57:29.947+0000] {dag.py:3096} INFO - Sync 1 DAGs
[2024-07-02T19:57:29.961+0000] {logging_mixin.py:188} INFO - [2024-07-02T19:57:29.961+0000] {dag.py:3954} INFO - Setting next_dagrun for example_short_circuit_decorator to 2024-07-01 00:00:00+00:00, run_after=2024-07-02 00:00:00+00:00
[2024-07-02T19:57:30.004+0000] {processor.py:183} INFO - Processing /usr/local/python/3.10.13/lib/python3.10/site-packages/airflow/example_dags/example_short_circuit_decorator.py took 0.084 seconds
