[2024-07-02T19:11:06.875+0000] {processor.py:161} INFO - Started process (PID=5904) to work on /usr/local/python/3.10.13/lib/python3.10/site-packages/airflow/example_dags/example_dynamic_task_mapping.py
[2024-07-02T19:11:06.875+0000] {processor.py:830} INFO - Processing file /usr/local/python/3.10.13/lib/python3.10/site-packages/airflow/example_dags/example_dynamic_task_mapping.py for tasks to queue
[2024-07-02T19:11:06.947+0000] {logging_mixin.py:188} INFO - [2024-07-02T19:11:06.946+0000] {dagbag.py:545} INFO - Filling up the DagBag from /usr/local/python/3.10.13/lib/python3.10/site-packages/airflow/example_dags/example_dynamic_task_mapping.py
[2024-07-02T19:11:06.950+0000] {processor.py:840} INFO - DAG(s) 'example_dynamic_task_mapping' retrieved from /usr/local/python/3.10.13/lib/python3.10/site-packages/airflow/example_dags/example_dynamic_task_mapping.py
[2024-07-02T19:11:07.102+0000] {logging_mixin.py:188} INFO - [2024-07-02T19:11:07.102+0000] {override.py:1829} INFO - Created Permission View: can edit on DAG:example_dynamic_task_mapping
[2024-07-02T19:11:07.141+0000] {logging_mixin.py:188} INFO - [2024-07-02T19:11:07.141+0000] {override.py:1829} INFO - Created Permission View: can read on DAG:example_dynamic_task_mapping
[2024-07-02T19:11:07.174+0000] {logging_mixin.py:188} INFO - [2024-07-02T19:11:07.174+0000] {override.py:1829} INFO - Created Permission View: can delete on DAG:example_dynamic_task_mapping
[2024-07-02T19:11:07.175+0000] {logging_mixin.py:188} INFO - [2024-07-02T19:11:07.175+0000] {dag.py:3096} INFO - Sync 1 DAGs
[2024-07-02T19:11:07.188+0000] {logging_mixin.py:188} INFO - [2024-07-02T19:11:07.187+0000] {dag.py:3118} INFO - Creating ORM DAG for example_dynamic_task_mapping
[2024-07-02T19:11:07.196+0000] {logging_mixin.py:188} INFO - [2024-07-02T19:11:07.196+0000] {dag.py:3954} INFO - Setting next_dagrun for example_dynamic_task_mapping to 2022-03-04 00:00:00+00:00, run_after=2022-03-05 00:00:00+00:00
[2024-07-02T19:11:07.241+0000] {processor.py:183} INFO - Processing /usr/local/python/3.10.13/lib/python3.10/site-packages/airflow/example_dags/example_dynamic_task_mapping.py took 0.371 seconds
[2024-07-02T19:11:59.868+0000] {processor.py:161} INFO - Started process (PID=6309) to work on /usr/local/python/3.10.13/lib/python3.10/site-packages/airflow/example_dags/example_dynamic_task_mapping.py
[2024-07-02T19:11:59.869+0000] {processor.py:830} INFO - Processing file /usr/local/python/3.10.13/lib/python3.10/site-packages/airflow/example_dags/example_dynamic_task_mapping.py for tasks to queue
[2024-07-02T19:11:59.871+0000] {logging_mixin.py:188} INFO - [2024-07-02T19:11:59.870+0000] {dagbag.py:545} INFO - Filling up the DagBag from /usr/local/python/3.10.13/lib/python3.10/site-packages/airflow/example_dags/example_dynamic_task_mapping.py
[2024-07-02T19:11:59.878+0000] {processor.py:840} INFO - DAG(s) 'example_dynamic_task_mapping' retrieved from /usr/local/python/3.10.13/lib/python3.10/site-packages/airflow/example_dags/example_dynamic_task_mapping.py
[2024-07-02T19:11:59.898+0000] {logging_mixin.py:188} INFO - [2024-07-02T19:11:59.898+0000] {dag.py:3096} INFO - Sync 1 DAGs
[2024-07-02T19:11:59.920+0000] {logging_mixin.py:188} INFO - [2024-07-02T19:11:59.920+0000] {dag.py:3954} INFO - Setting next_dagrun for example_dynamic_task_mapping to 2022-03-04 00:00:00+00:00, run_after=2022-03-05 00:00:00+00:00
[2024-07-02T19:11:59.964+0000] {processor.py:183} INFO - Processing /usr/local/python/3.10.13/lib/python3.10/site-packages/airflow/example_dags/example_dynamic_task_mapping.py took 0.103 seconds
[2024-07-02T19:13:02.244+0000] {processor.py:161} INFO - Started process (PID=6784) to work on /usr/local/python/3.10.13/lib/python3.10/site-packages/airflow/example_dags/example_dynamic_task_mapping.py
[2024-07-02T19:13:02.244+0000] {processor.py:830} INFO - Processing file /usr/local/python/3.10.13/lib/python3.10/site-packages/airflow/example_dags/example_dynamic_task_mapping.py for tasks to queue
[2024-07-02T19:13:02.245+0000] {logging_mixin.py:188} INFO - [2024-07-02T19:13:02.245+0000] {dagbag.py:545} INFO - Filling up the DagBag from /usr/local/python/3.10.13/lib/python3.10/site-packages/airflow/example_dags/example_dynamic_task_mapping.py
[2024-07-02T19:13:02.250+0000] {processor.py:840} INFO - DAG(s) 'example_dynamic_task_mapping' retrieved from /usr/local/python/3.10.13/lib/python3.10/site-packages/airflow/example_dags/example_dynamic_task_mapping.py
[2024-07-02T19:13:02.261+0000] {logging_mixin.py:188} INFO - [2024-07-02T19:13:02.261+0000] {dag.py:3096} INFO - Sync 1 DAGs
[2024-07-02T19:13:02.276+0000] {logging_mixin.py:188} INFO - [2024-07-02T19:13:02.276+0000] {dag.py:3954} INFO - Setting next_dagrun for example_dynamic_task_mapping to 2022-03-04 00:00:00+00:00, run_after=2022-03-05 00:00:00+00:00
[2024-07-02T19:13:02.315+0000] {processor.py:183} INFO - Processing /usr/local/python/3.10.13/lib/python3.10/site-packages/airflow/example_dags/example_dynamic_task_mapping.py took 0.076 seconds
[2024-07-02T19:14:03.010+0000] {processor.py:161} INFO - Started process (PID=7250) to work on /usr/local/python/3.10.13/lib/python3.10/site-packages/airflow/example_dags/example_dynamic_task_mapping.py
[2024-07-02T19:14:03.011+0000] {processor.py:830} INFO - Processing file /usr/local/python/3.10.13/lib/python3.10/site-packages/airflow/example_dags/example_dynamic_task_mapping.py for tasks to queue
[2024-07-02T19:14:03.012+0000] {logging_mixin.py:188} INFO - [2024-07-02T19:14:03.012+0000] {dagbag.py:545} INFO - Filling up the DagBag from /usr/local/python/3.10.13/lib/python3.10/site-packages/airflow/example_dags/example_dynamic_task_mapping.py
[2024-07-02T19:14:03.017+0000] {processor.py:840} INFO - DAG(s) 'example_dynamic_task_mapping' retrieved from /usr/local/python/3.10.13/lib/python3.10/site-packages/airflow/example_dags/example_dynamic_task_mapping.py
[2024-07-02T19:14:03.028+0000] {logging_mixin.py:188} INFO - [2024-07-02T19:14:03.028+0000] {dag.py:3096} INFO - Sync 1 DAGs
[2024-07-02T19:14:03.043+0000] {logging_mixin.py:188} INFO - [2024-07-02T19:14:03.043+0000] {dag.py:3954} INFO - Setting next_dagrun for example_dynamic_task_mapping to 2022-03-04 00:00:00+00:00, run_after=2022-03-05 00:00:00+00:00
[2024-07-02T19:14:03.085+0000] {processor.py:183} INFO - Processing /usr/local/python/3.10.13/lib/python3.10/site-packages/airflow/example_dags/example_dynamic_task_mapping.py took 0.079 seconds
[2024-07-02T19:15:06.345+0000] {processor.py:161} INFO - Started process (PID=7741) to work on /usr/local/python/3.10.13/lib/python3.10/site-packages/airflow/example_dags/example_dynamic_task_mapping.py
[2024-07-02T19:15:06.345+0000] {processor.py:830} INFO - Processing file /usr/local/python/3.10.13/lib/python3.10/site-packages/airflow/example_dags/example_dynamic_task_mapping.py for tasks to queue
[2024-07-02T19:15:06.347+0000] {logging_mixin.py:188} INFO - [2024-07-02T19:15:06.346+0000] {dagbag.py:545} INFO - Filling up the DagBag from /usr/local/python/3.10.13/lib/python3.10/site-packages/airflow/example_dags/example_dynamic_task_mapping.py
[2024-07-02T19:15:06.351+0000] {processor.py:840} INFO - DAG(s) 'example_dynamic_task_mapping' retrieved from /usr/local/python/3.10.13/lib/python3.10/site-packages/airflow/example_dags/example_dynamic_task_mapping.py
[2024-07-02T19:15:06.362+0000] {logging_mixin.py:188} INFO - [2024-07-02T19:15:06.362+0000] {dag.py:3096} INFO - Sync 1 DAGs
[2024-07-02T19:15:06.378+0000] {logging_mixin.py:188} INFO - [2024-07-02T19:15:06.378+0000] {dag.py:3954} INFO - Setting next_dagrun for example_dynamic_task_mapping to 2022-03-04 00:00:00+00:00, run_after=2022-03-05 00:00:00+00:00
[2024-07-02T19:15:06.417+0000] {processor.py:183} INFO - Processing /usr/local/python/3.10.13/lib/python3.10/site-packages/airflow/example_dags/example_dynamic_task_mapping.py took 0.077 seconds
[2024-07-02T19:16:08.407+0000] {processor.py:161} INFO - Started process (PID=8219) to work on /usr/local/python/3.10.13/lib/python3.10/site-packages/airflow/example_dags/example_dynamic_task_mapping.py
[2024-07-02T19:16:08.408+0000] {processor.py:830} INFO - Processing file /usr/local/python/3.10.13/lib/python3.10/site-packages/airflow/example_dags/example_dynamic_task_mapping.py for tasks to queue
[2024-07-02T19:16:08.409+0000] {logging_mixin.py:188} INFO - [2024-07-02T19:16:08.408+0000] {dagbag.py:545} INFO - Filling up the DagBag from /usr/local/python/3.10.13/lib/python3.10/site-packages/airflow/example_dags/example_dynamic_task_mapping.py
[2024-07-02T19:16:08.414+0000] {processor.py:840} INFO - DAG(s) 'example_dynamic_task_mapping' retrieved from /usr/local/python/3.10.13/lib/python3.10/site-packages/airflow/example_dags/example_dynamic_task_mapping.py
[2024-07-02T19:16:08.425+0000] {logging_mixin.py:188} INFO - [2024-07-02T19:16:08.424+0000] {dag.py:3096} INFO - Sync 1 DAGs
[2024-07-02T19:16:08.439+0000] {logging_mixin.py:188} INFO - [2024-07-02T19:16:08.439+0000] {dag.py:3954} INFO - Setting next_dagrun for example_dynamic_task_mapping to 2022-03-04 00:00:00+00:00, run_after=2022-03-05 00:00:00+00:00
[2024-07-02T19:16:08.477+0000] {processor.py:183} INFO - Processing /usr/local/python/3.10.13/lib/python3.10/site-packages/airflow/example_dags/example_dynamic_task_mapping.py took 0.075 seconds
[2024-07-02T19:17:19.578+0000] {processor.py:161} INFO - Started process (PID=8756) to work on /usr/local/python/3.10.13/lib/python3.10/site-packages/airflow/example_dags/example_dynamic_task_mapping.py
[2024-07-02T19:17:19.579+0000] {processor.py:830} INFO - Processing file /usr/local/python/3.10.13/lib/python3.10/site-packages/airflow/example_dags/example_dynamic_task_mapping.py for tasks to queue
[2024-07-02T19:17:19.580+0000] {logging_mixin.py:188} INFO - [2024-07-02T19:17:19.579+0000] {dagbag.py:545} INFO - Filling up the DagBag from /usr/local/python/3.10.13/lib/python3.10/site-packages/airflow/example_dags/example_dynamic_task_mapping.py
[2024-07-02T19:17:19.585+0000] {processor.py:840} INFO - DAG(s) 'example_dynamic_task_mapping' retrieved from /usr/local/python/3.10.13/lib/python3.10/site-packages/airflow/example_dags/example_dynamic_task_mapping.py
[2024-07-02T19:17:19.595+0000] {logging_mixin.py:188} INFO - [2024-07-02T19:17:19.595+0000] {dag.py:3096} INFO - Sync 1 DAGs
[2024-07-02T19:17:19.610+0000] {logging_mixin.py:188} INFO - [2024-07-02T19:17:19.610+0000] {dag.py:3954} INFO - Setting next_dagrun for example_dynamic_task_mapping to 2022-03-04 00:00:00+00:00, run_after=2022-03-05 00:00:00+00:00
[2024-07-02T19:17:19.648+0000] {processor.py:183} INFO - Processing /usr/local/python/3.10.13/lib/python3.10/site-packages/airflow/example_dags/example_dynamic_task_mapping.py took 0.075 seconds
[2024-07-02T19:18:24.510+0000] {processor.py:161} INFO - Started process (PID=9239) to work on /usr/local/python/3.10.13/lib/python3.10/site-packages/airflow/example_dags/example_dynamic_task_mapping.py
[2024-07-02T19:18:24.511+0000] {processor.py:830} INFO - Processing file /usr/local/python/3.10.13/lib/python3.10/site-packages/airflow/example_dags/example_dynamic_task_mapping.py for tasks to queue
[2024-07-02T19:18:24.512+0000] {logging_mixin.py:188} INFO - [2024-07-02T19:18:24.512+0000] {dagbag.py:545} INFO - Filling up the DagBag from /usr/local/python/3.10.13/lib/python3.10/site-packages/airflow/example_dags/example_dynamic_task_mapping.py
[2024-07-02T19:18:24.517+0000] {processor.py:840} INFO - DAG(s) 'example_dynamic_task_mapping' retrieved from /usr/local/python/3.10.13/lib/python3.10/site-packages/airflow/example_dags/example_dynamic_task_mapping.py
[2024-07-02T19:18:24.528+0000] {logging_mixin.py:188} INFO - [2024-07-02T19:18:24.528+0000] {dag.py:3096} INFO - Sync 1 DAGs
[2024-07-02T19:18:24.542+0000] {logging_mixin.py:188} INFO - [2024-07-02T19:18:24.542+0000] {dag.py:3954} INFO - Setting next_dagrun for example_dynamic_task_mapping to 2022-03-04 00:00:00+00:00, run_after=2022-03-05 00:00:00+00:00
[2024-07-02T19:18:24.581+0000] {processor.py:183} INFO - Processing /usr/local/python/3.10.13/lib/python3.10/site-packages/airflow/example_dags/example_dynamic_task_mapping.py took 0.075 seconds
[2024-07-02T19:19:28.306+0000] {processor.py:161} INFO - Started process (PID=9719) to work on /usr/local/python/3.10.13/lib/python3.10/site-packages/airflow/example_dags/example_dynamic_task_mapping.py
[2024-07-02T19:19:28.307+0000] {processor.py:830} INFO - Processing file /usr/local/python/3.10.13/lib/python3.10/site-packages/airflow/example_dags/example_dynamic_task_mapping.py for tasks to queue
[2024-07-02T19:19:28.308+0000] {logging_mixin.py:188} INFO - [2024-07-02T19:19:28.307+0000] {dagbag.py:545} INFO - Filling up the DagBag from /usr/local/python/3.10.13/lib/python3.10/site-packages/airflow/example_dags/example_dynamic_task_mapping.py
[2024-07-02T19:19:28.313+0000] {processor.py:840} INFO - DAG(s) 'example_dynamic_task_mapping' retrieved from /usr/local/python/3.10.13/lib/python3.10/site-packages/airflow/example_dags/example_dynamic_task_mapping.py
[2024-07-02T19:19:28.325+0000] {logging_mixin.py:188} INFO - [2024-07-02T19:19:28.324+0000] {dag.py:3096} INFO - Sync 1 DAGs
[2024-07-02T19:19:28.340+0000] {logging_mixin.py:188} INFO - [2024-07-02T19:19:28.339+0000] {dag.py:3954} INFO - Setting next_dagrun for example_dynamic_task_mapping to 2022-03-04 00:00:00+00:00, run_after=2022-03-05 00:00:00+00:00
[2024-07-02T19:19:28.378+0000] {processor.py:183} INFO - Processing /usr/local/python/3.10.13/lib/python3.10/site-packages/airflow/example_dags/example_dynamic_task_mapping.py took 0.076 seconds
[2024-07-02T19:20:39.318+0000] {processor.py:161} INFO - Started process (PID=10250) to work on /usr/local/python/3.10.13/lib/python3.10/site-packages/airflow/example_dags/example_dynamic_task_mapping.py
[2024-07-02T19:20:39.319+0000] {processor.py:830} INFO - Processing file /usr/local/python/3.10.13/lib/python3.10/site-packages/airflow/example_dags/example_dynamic_task_mapping.py for tasks to queue
[2024-07-02T19:20:39.320+0000] {logging_mixin.py:188} INFO - [2024-07-02T19:20:39.319+0000] {dagbag.py:545} INFO - Filling up the DagBag from /usr/local/python/3.10.13/lib/python3.10/site-packages/airflow/example_dags/example_dynamic_task_mapping.py
[2024-07-02T19:20:39.325+0000] {processor.py:840} INFO - DAG(s) 'example_dynamic_task_mapping' retrieved from /usr/local/python/3.10.13/lib/python3.10/site-packages/airflow/example_dags/example_dynamic_task_mapping.py
[2024-07-02T19:20:39.335+0000] {logging_mixin.py:188} INFO - [2024-07-02T19:20:39.335+0000] {dag.py:3096} INFO - Sync 1 DAGs
[2024-07-02T19:20:39.350+0000] {logging_mixin.py:188} INFO - [2024-07-02T19:20:39.350+0000] {dag.py:3954} INFO - Setting next_dagrun for example_dynamic_task_mapping to 2022-03-04 00:00:00+00:00, run_after=2022-03-05 00:00:00+00:00
[2024-07-02T19:20:39.391+0000] {processor.py:183} INFO - Processing /usr/local/python/3.10.13/lib/python3.10/site-packages/airflow/example_dags/example_dynamic_task_mapping.py took 0.077 seconds
[2024-07-02T19:21:50.155+0000] {processor.py:161} INFO - Started process (PID=10783) to work on /usr/local/python/3.10.13/lib/python3.10/site-packages/airflow/example_dags/example_dynamic_task_mapping.py
[2024-07-02T19:21:50.156+0000] {processor.py:830} INFO - Processing file /usr/local/python/3.10.13/lib/python3.10/site-packages/airflow/example_dags/example_dynamic_task_mapping.py for tasks to queue
[2024-07-02T19:21:50.157+0000] {logging_mixin.py:188} INFO - [2024-07-02T19:21:50.157+0000] {dagbag.py:545} INFO - Filling up the DagBag from /usr/local/python/3.10.13/lib/python3.10/site-packages/airflow/example_dags/example_dynamic_task_mapping.py
[2024-07-02T19:21:50.162+0000] {processor.py:840} INFO - DAG(s) 'example_dynamic_task_mapping' retrieved from /usr/local/python/3.10.13/lib/python3.10/site-packages/airflow/example_dags/example_dynamic_task_mapping.py
[2024-07-02T19:21:50.172+0000] {logging_mixin.py:188} INFO - [2024-07-02T19:21:50.172+0000] {dag.py:3096} INFO - Sync 1 DAGs
[2024-07-02T19:21:50.186+0000] {logging_mixin.py:188} INFO - [2024-07-02T19:21:50.186+0000] {dag.py:3954} INFO - Setting next_dagrun for example_dynamic_task_mapping to 2022-03-04 00:00:00+00:00, run_after=2022-03-05 00:00:00+00:00
[2024-07-02T19:21:50.229+0000] {processor.py:183} INFO - Processing /usr/local/python/3.10.13/lib/python3.10/site-packages/airflow/example_dags/example_dynamic_task_mapping.py took 0.078 seconds
[2024-07-02T19:22:56.566+0000] {processor.py:161} INFO - Started process (PID=11307) to work on /usr/local/python/3.10.13/lib/python3.10/site-packages/airflow/example_dags/example_dynamic_task_mapping.py
[2024-07-02T19:22:56.567+0000] {processor.py:830} INFO - Processing file /usr/local/python/3.10.13/lib/python3.10/site-packages/airflow/example_dags/example_dynamic_task_mapping.py for tasks to queue
[2024-07-02T19:22:56.567+0000] {logging_mixin.py:188} INFO - [2024-07-02T19:22:56.567+0000] {dagbag.py:545} INFO - Filling up the DagBag from /usr/local/python/3.10.13/lib/python3.10/site-packages/airflow/example_dags/example_dynamic_task_mapping.py
[2024-07-02T19:22:56.573+0000] {processor.py:840} INFO - DAG(s) 'example_dynamic_task_mapping' retrieved from /usr/local/python/3.10.13/lib/python3.10/site-packages/airflow/example_dags/example_dynamic_task_mapping.py
[2024-07-02T19:22:56.583+0000] {logging_mixin.py:188} INFO - [2024-07-02T19:22:56.583+0000] {dag.py:3096} INFO - Sync 1 DAGs
[2024-07-02T19:22:56.597+0000] {logging_mixin.py:188} INFO - [2024-07-02T19:22:56.597+0000] {dag.py:3954} INFO - Setting next_dagrun for example_dynamic_task_mapping to 2022-03-04 00:00:00+00:00, run_after=2022-03-05 00:00:00+00:00
[2024-07-02T19:22:56.638+0000] {processor.py:183} INFO - Processing /usr/local/python/3.10.13/lib/python3.10/site-packages/airflow/example_dags/example_dynamic_task_mapping.py took 0.077 seconds
[2024-07-02T19:23:58.838+0000] {processor.py:161} INFO - Started process (PID=11775) to work on /usr/local/python/3.10.13/lib/python3.10/site-packages/airflow/example_dags/example_dynamic_task_mapping.py
[2024-07-02T19:23:58.839+0000] {processor.py:830} INFO - Processing file /usr/local/python/3.10.13/lib/python3.10/site-packages/airflow/example_dags/example_dynamic_task_mapping.py for tasks to queue
[2024-07-02T19:23:58.839+0000] {logging_mixin.py:188} INFO - [2024-07-02T19:23:58.839+0000] {dagbag.py:545} INFO - Filling up the DagBag from /usr/local/python/3.10.13/lib/python3.10/site-packages/airflow/example_dags/example_dynamic_task_mapping.py
[2024-07-02T19:23:58.845+0000] {processor.py:840} INFO - DAG(s) 'example_dynamic_task_mapping' retrieved from /usr/local/python/3.10.13/lib/python3.10/site-packages/airflow/example_dags/example_dynamic_task_mapping.py
[2024-07-02T19:23:58.855+0000] {logging_mixin.py:188} INFO - [2024-07-02T19:23:58.855+0000] {dag.py:3096} INFO - Sync 1 DAGs
[2024-07-02T19:23:58.869+0000] {logging_mixin.py:188} INFO - [2024-07-02T19:23:58.869+0000] {dag.py:3954} INFO - Setting next_dagrun for example_dynamic_task_mapping to 2022-03-04 00:00:00+00:00, run_after=2022-03-05 00:00:00+00:00
[2024-07-02T19:23:58.908+0000] {processor.py:183} INFO - Processing /usr/local/python/3.10.13/lib/python3.10/site-packages/airflow/example_dags/example_dynamic_task_mapping.py took 0.075 seconds
[2024-07-02T19:25:04.012+0000] {processor.py:161} INFO - Started process (PID=12261) to work on /usr/local/python/3.10.13/lib/python3.10/site-packages/airflow/example_dags/example_dynamic_task_mapping.py
[2024-07-02T19:25:04.012+0000] {processor.py:830} INFO - Processing file /usr/local/python/3.10.13/lib/python3.10/site-packages/airflow/example_dags/example_dynamic_task_mapping.py for tasks to queue
[2024-07-02T19:25:04.013+0000] {logging_mixin.py:188} INFO - [2024-07-02T19:25:04.013+0000] {dagbag.py:545} INFO - Filling up the DagBag from /usr/local/python/3.10.13/lib/python3.10/site-packages/airflow/example_dags/example_dynamic_task_mapping.py
[2024-07-02T19:25:04.018+0000] {processor.py:840} INFO - DAG(s) 'example_dynamic_task_mapping' retrieved from /usr/local/python/3.10.13/lib/python3.10/site-packages/airflow/example_dags/example_dynamic_task_mapping.py
[2024-07-02T19:25:04.029+0000] {logging_mixin.py:188} INFO - [2024-07-02T19:25:04.029+0000] {dag.py:3096} INFO - Sync 1 DAGs
[2024-07-02T19:25:04.043+0000] {logging_mixin.py:188} INFO - [2024-07-02T19:25:04.043+0000] {dag.py:3954} INFO - Setting next_dagrun for example_dynamic_task_mapping to 2022-03-04 00:00:00+00:00, run_after=2022-03-05 00:00:00+00:00
[2024-07-02T19:25:04.084+0000] {processor.py:183} INFO - Processing /usr/local/python/3.10.13/lib/python3.10/site-packages/airflow/example_dags/example_dynamic_task_mapping.py took 0.076 seconds
[2024-07-02T19:26:07.454+0000] {processor.py:161} INFO - Started process (PID=12762) to work on /usr/local/python/3.10.13/lib/python3.10/site-packages/airflow/example_dags/example_dynamic_task_mapping.py
[2024-07-02T19:26:07.455+0000] {processor.py:830} INFO - Processing file /usr/local/python/3.10.13/lib/python3.10/site-packages/airflow/example_dags/example_dynamic_task_mapping.py for tasks to queue
[2024-07-02T19:26:07.456+0000] {logging_mixin.py:188} INFO - [2024-07-02T19:26:07.455+0000] {dagbag.py:545} INFO - Filling up the DagBag from /usr/local/python/3.10.13/lib/python3.10/site-packages/airflow/example_dags/example_dynamic_task_mapping.py
[2024-07-02T19:26:07.461+0000] {processor.py:840} INFO - DAG(s) 'example_dynamic_task_mapping' retrieved from /usr/local/python/3.10.13/lib/python3.10/site-packages/airflow/example_dags/example_dynamic_task_mapping.py
[2024-07-02T19:26:07.471+0000] {logging_mixin.py:188} INFO - [2024-07-02T19:26:07.471+0000] {dag.py:3096} INFO - Sync 1 DAGs
[2024-07-02T19:26:07.486+0000] {logging_mixin.py:188} INFO - [2024-07-02T19:26:07.485+0000] {dag.py:3954} INFO - Setting next_dagrun for example_dynamic_task_mapping to 2022-03-04 00:00:00+00:00, run_after=2022-03-05 00:00:00+00:00
[2024-07-02T19:26:07.526+0000] {processor.py:183} INFO - Processing /usr/local/python/3.10.13/lib/python3.10/site-packages/airflow/example_dags/example_dynamic_task_mapping.py took 0.076 seconds
[2024-07-02T19:27:13.409+0000] {processor.py:161} INFO - Started process (PID=13244) to work on /usr/local/python/3.10.13/lib/python3.10/site-packages/airflow/example_dags/example_dynamic_task_mapping.py
[2024-07-02T19:27:13.409+0000] {processor.py:830} INFO - Processing file /usr/local/python/3.10.13/lib/python3.10/site-packages/airflow/example_dags/example_dynamic_task_mapping.py for tasks to queue
[2024-07-02T19:27:13.410+0000] {logging_mixin.py:188} INFO - [2024-07-02T19:27:13.410+0000] {dagbag.py:545} INFO - Filling up the DagBag from /usr/local/python/3.10.13/lib/python3.10/site-packages/airflow/example_dags/example_dynamic_task_mapping.py
[2024-07-02T19:27:13.415+0000] {processor.py:840} INFO - DAG(s) 'example_dynamic_task_mapping' retrieved from /usr/local/python/3.10.13/lib/python3.10/site-packages/airflow/example_dags/example_dynamic_task_mapping.py
[2024-07-02T19:27:13.426+0000] {logging_mixin.py:188} INFO - [2024-07-02T19:27:13.426+0000] {dag.py:3096} INFO - Sync 1 DAGs
[2024-07-02T19:27:13.440+0000] {logging_mixin.py:188} INFO - [2024-07-02T19:27:13.440+0000] {dag.py:3954} INFO - Setting next_dagrun for example_dynamic_task_mapping to 2022-03-04 00:00:00+00:00, run_after=2022-03-05 00:00:00+00:00
[2024-07-02T19:27:13.480+0000] {processor.py:183} INFO - Processing /usr/local/python/3.10.13/lib/python3.10/site-packages/airflow/example_dags/example_dynamic_task_mapping.py took 0.076 seconds
[2024-07-02T19:28:15.592+0000] {processor.py:161} INFO - Started process (PID=13846) to work on /usr/local/python/3.10.13/lib/python3.10/site-packages/airflow/example_dags/example_dynamic_task_mapping.py
[2024-07-02T19:28:15.593+0000] {processor.py:830} INFO - Processing file /usr/local/python/3.10.13/lib/python3.10/site-packages/airflow/example_dags/example_dynamic_task_mapping.py for tasks to queue
[2024-07-02T19:28:15.593+0000] {logging_mixin.py:188} INFO - [2024-07-02T19:28:15.593+0000] {dagbag.py:545} INFO - Filling up the DagBag from /usr/local/python/3.10.13/lib/python3.10/site-packages/airflow/example_dags/example_dynamic_task_mapping.py
[2024-07-02T19:28:15.599+0000] {processor.py:840} INFO - DAG(s) 'example_dynamic_task_mapping' retrieved from /usr/local/python/3.10.13/lib/python3.10/site-packages/airflow/example_dags/example_dynamic_task_mapping.py
[2024-07-02T19:28:15.609+0000] {logging_mixin.py:188} INFO - [2024-07-02T19:28:15.609+0000] {dag.py:3096} INFO - Sync 1 DAGs
[2024-07-02T19:28:15.624+0000] {logging_mixin.py:188} INFO - [2024-07-02T19:28:15.624+0000] {dag.py:3954} INFO - Setting next_dagrun for example_dynamic_task_mapping to 2022-03-04 00:00:00+00:00, run_after=2022-03-05 00:00:00+00:00
[2024-07-02T19:28:15.665+0000] {processor.py:183} INFO - Processing /usr/local/python/3.10.13/lib/python3.10/site-packages/airflow/example_dags/example_dynamic_task_mapping.py took 0.078 seconds
[2024-07-02T19:29:24.426+0000] {processor.py:161} INFO - Started process (PID=14418) to work on /usr/local/python/3.10.13/lib/python3.10/site-packages/airflow/example_dags/example_dynamic_task_mapping.py
[2024-07-02T19:29:24.426+0000] {processor.py:830} INFO - Processing file /usr/local/python/3.10.13/lib/python3.10/site-packages/airflow/example_dags/example_dynamic_task_mapping.py for tasks to queue
[2024-07-02T19:29:24.427+0000] {logging_mixin.py:188} INFO - [2024-07-02T19:29:24.427+0000] {dagbag.py:545} INFO - Filling up the DagBag from /usr/local/python/3.10.13/lib/python3.10/site-packages/airflow/example_dags/example_dynamic_task_mapping.py
[2024-07-02T19:29:24.432+0000] {processor.py:840} INFO - DAG(s) 'example_dynamic_task_mapping' retrieved from /usr/local/python/3.10.13/lib/python3.10/site-packages/airflow/example_dags/example_dynamic_task_mapping.py
[2024-07-02T19:29:24.443+0000] {logging_mixin.py:188} INFO - [2024-07-02T19:29:24.443+0000] {dag.py:3096} INFO - Sync 1 DAGs
[2024-07-02T19:29:24.460+0000] {logging_mixin.py:188} INFO - [2024-07-02T19:29:24.459+0000] {dag.py:3954} INFO - Setting next_dagrun for example_dynamic_task_mapping to 2022-03-04 00:00:00+00:00, run_after=2022-03-05 00:00:00+00:00
[2024-07-02T19:29:24.508+0000] {processor.py:183} INFO - Processing /usr/local/python/3.10.13/lib/python3.10/site-packages/airflow/example_dags/example_dynamic_task_mapping.py took 0.087 seconds
[2024-07-02T19:30:34.541+0000] {processor.py:161} INFO - Started process (PID=15001) to work on /usr/local/python/3.10.13/lib/python3.10/site-packages/airflow/example_dags/example_dynamic_task_mapping.py
[2024-07-02T19:30:34.541+0000] {processor.py:830} INFO - Processing file /usr/local/python/3.10.13/lib/python3.10/site-packages/airflow/example_dags/example_dynamic_task_mapping.py for tasks to queue
[2024-07-02T19:30:34.542+0000] {logging_mixin.py:188} INFO - [2024-07-02T19:30:34.542+0000] {dagbag.py:545} INFO - Filling up the DagBag from /usr/local/python/3.10.13/lib/python3.10/site-packages/airflow/example_dags/example_dynamic_task_mapping.py
[2024-07-02T19:30:34.547+0000] {processor.py:840} INFO - DAG(s) 'example_dynamic_task_mapping' retrieved from /usr/local/python/3.10.13/lib/python3.10/site-packages/airflow/example_dags/example_dynamic_task_mapping.py
[2024-07-02T19:30:34.558+0000] {logging_mixin.py:188} INFO - [2024-07-02T19:30:34.557+0000] {dag.py:3096} INFO - Sync 1 DAGs
[2024-07-02T19:30:34.572+0000] {logging_mixin.py:188} INFO - [2024-07-02T19:30:34.572+0000] {dag.py:3954} INFO - Setting next_dagrun for example_dynamic_task_mapping to 2022-03-04 00:00:00+00:00, run_after=2022-03-05 00:00:00+00:00
[2024-07-02T19:30:34.615+0000] {processor.py:183} INFO - Processing /usr/local/python/3.10.13/lib/python3.10/site-packages/airflow/example_dags/example_dynamic_task_mapping.py took 0.079 seconds
[2024-07-02T19:31:45.992+0000] {processor.py:161} INFO - Started process (PID=15542) to work on /usr/local/python/3.10.13/lib/python3.10/site-packages/airflow/example_dags/example_dynamic_task_mapping.py
[2024-07-02T19:31:45.993+0000] {processor.py:830} INFO - Processing file /usr/local/python/3.10.13/lib/python3.10/site-packages/airflow/example_dags/example_dynamic_task_mapping.py for tasks to queue
[2024-07-02T19:31:45.993+0000] {logging_mixin.py:188} INFO - [2024-07-02T19:31:45.993+0000] {dagbag.py:545} INFO - Filling up the DagBag from /usr/local/python/3.10.13/lib/python3.10/site-packages/airflow/example_dags/example_dynamic_task_mapping.py
[2024-07-02T19:31:45.998+0000] {processor.py:840} INFO - DAG(s) 'example_dynamic_task_mapping' retrieved from /usr/local/python/3.10.13/lib/python3.10/site-packages/airflow/example_dags/example_dynamic_task_mapping.py
[2024-07-02T19:31:46.009+0000] {logging_mixin.py:188} INFO - [2024-07-02T19:31:46.009+0000] {dag.py:3096} INFO - Sync 1 DAGs
[2024-07-02T19:31:46.023+0000] {logging_mixin.py:188} INFO - [2024-07-02T19:31:46.023+0000] {dag.py:3954} INFO - Setting next_dagrun for example_dynamic_task_mapping to 2022-03-04 00:00:00+00:00, run_after=2022-03-05 00:00:00+00:00
[2024-07-02T19:31:46.062+0000] {processor.py:183} INFO - Processing /usr/local/python/3.10.13/lib/python3.10/site-packages/airflow/example_dags/example_dynamic_task_mapping.py took 0.075 seconds
[2024-07-02T19:32:51.771+0000] {processor.py:161} INFO - Started process (PID=16032) to work on /usr/local/python/3.10.13/lib/python3.10/site-packages/airflow/example_dags/example_dynamic_task_mapping.py
[2024-07-02T19:32:51.771+0000] {processor.py:830} INFO - Processing file /usr/local/python/3.10.13/lib/python3.10/site-packages/airflow/example_dags/example_dynamic_task_mapping.py for tasks to queue
[2024-07-02T19:32:51.772+0000] {logging_mixin.py:188} INFO - [2024-07-02T19:32:51.772+0000] {dagbag.py:545} INFO - Filling up the DagBag from /usr/local/python/3.10.13/lib/python3.10/site-packages/airflow/example_dags/example_dynamic_task_mapping.py
[2024-07-02T19:32:51.777+0000] {processor.py:840} INFO - DAG(s) 'example_dynamic_task_mapping' retrieved from /usr/local/python/3.10.13/lib/python3.10/site-packages/airflow/example_dags/example_dynamic_task_mapping.py
[2024-07-02T19:32:51.788+0000] {logging_mixin.py:188} INFO - [2024-07-02T19:32:51.788+0000] {dag.py:3096} INFO - Sync 1 DAGs
[2024-07-02T19:32:51.803+0000] {logging_mixin.py:188} INFO - [2024-07-02T19:32:51.803+0000] {dag.py:3954} INFO - Setting next_dagrun for example_dynamic_task_mapping to 2022-03-04 00:00:00+00:00, run_after=2022-03-05 00:00:00+00:00
[2024-07-02T19:32:51.846+0000] {processor.py:183} INFO - Processing /usr/local/python/3.10.13/lib/python3.10/site-packages/airflow/example_dags/example_dynamic_task_mapping.py took 0.080 seconds
[2024-07-02T19:33:58.210+0000] {processor.py:161} INFO - Started process (PID=16614) to work on /usr/local/python/3.10.13/lib/python3.10/site-packages/airflow/example_dags/example_dynamic_task_mapping.py
[2024-07-02T19:33:58.210+0000] {processor.py:830} INFO - Processing file /usr/local/python/3.10.13/lib/python3.10/site-packages/airflow/example_dags/example_dynamic_task_mapping.py for tasks to queue
[2024-07-02T19:33:58.211+0000] {logging_mixin.py:188} INFO - [2024-07-02T19:33:58.211+0000] {dagbag.py:545} INFO - Filling up the DagBag from /usr/local/python/3.10.13/lib/python3.10/site-packages/airflow/example_dags/example_dynamic_task_mapping.py
[2024-07-02T19:33:58.216+0000] {processor.py:840} INFO - DAG(s) 'example_dynamic_task_mapping' retrieved from /usr/local/python/3.10.13/lib/python3.10/site-packages/airflow/example_dags/example_dynamic_task_mapping.py
[2024-07-02T19:33:58.227+0000] {logging_mixin.py:188} INFO - [2024-07-02T19:33:58.227+0000] {dag.py:3096} INFO - Sync 1 DAGs
[2024-07-02T19:33:58.241+0000] {logging_mixin.py:188} INFO - [2024-07-02T19:33:58.241+0000] {dag.py:3954} INFO - Setting next_dagrun for example_dynamic_task_mapping to 2022-03-04 00:00:00+00:00, run_after=2022-03-05 00:00:00+00:00
[2024-07-02T19:33:58.280+0000] {processor.py:183} INFO - Processing /usr/local/python/3.10.13/lib/python3.10/site-packages/airflow/example_dags/example_dynamic_task_mapping.py took 0.075 seconds
[2024-07-02T19:35:07.320+0000] {processor.py:161} INFO - Started process (PID=17181) to work on /usr/local/python/3.10.13/lib/python3.10/site-packages/airflow/example_dags/example_dynamic_task_mapping.py
[2024-07-02T19:35:07.320+0000] {processor.py:830} INFO - Processing file /usr/local/python/3.10.13/lib/python3.10/site-packages/airflow/example_dags/example_dynamic_task_mapping.py for tasks to queue
[2024-07-02T19:35:07.321+0000] {logging_mixin.py:188} INFO - [2024-07-02T19:35:07.321+0000] {dagbag.py:545} INFO - Filling up the DagBag from /usr/local/python/3.10.13/lib/python3.10/site-packages/airflow/example_dags/example_dynamic_task_mapping.py
[2024-07-02T19:35:07.326+0000] {processor.py:840} INFO - DAG(s) 'example_dynamic_task_mapping' retrieved from /usr/local/python/3.10.13/lib/python3.10/site-packages/airflow/example_dags/example_dynamic_task_mapping.py
[2024-07-02T19:35:07.338+0000] {logging_mixin.py:188} INFO - [2024-07-02T19:35:07.338+0000] {dag.py:3096} INFO - Sync 1 DAGs
[2024-07-02T19:35:07.354+0000] {logging_mixin.py:188} INFO - [2024-07-02T19:35:07.354+0000] {dag.py:3954} INFO - Setting next_dagrun for example_dynamic_task_mapping to 2022-03-04 00:00:00+00:00, run_after=2022-03-05 00:00:00+00:00
[2024-07-02T19:35:07.411+0000] {processor.py:183} INFO - Processing /usr/local/python/3.10.13/lib/python3.10/site-packages/airflow/example_dags/example_dynamic_task_mapping.py took 0.097 seconds
[2024-07-02T19:36:23.987+0000] {processor.py:161} INFO - Started process (PID=17843) to work on /usr/local/python/3.10.13/lib/python3.10/site-packages/airflow/example_dags/example_dynamic_task_mapping.py
[2024-07-02T19:36:23.987+0000] {processor.py:830} INFO - Processing file /usr/local/python/3.10.13/lib/python3.10/site-packages/airflow/example_dags/example_dynamic_task_mapping.py for tasks to queue
[2024-07-02T19:36:23.988+0000] {logging_mixin.py:188} INFO - [2024-07-02T19:36:23.988+0000] {dagbag.py:545} INFO - Filling up the DagBag from /usr/local/python/3.10.13/lib/python3.10/site-packages/airflow/example_dags/example_dynamic_task_mapping.py
[2024-07-02T19:36:23.993+0000] {processor.py:840} INFO - DAG(s) 'example_dynamic_task_mapping' retrieved from /usr/local/python/3.10.13/lib/python3.10/site-packages/airflow/example_dags/example_dynamic_task_mapping.py
[2024-07-02T19:36:24.004+0000] {logging_mixin.py:188} INFO - [2024-07-02T19:36:24.004+0000] {dag.py:3096} INFO - Sync 1 DAGs
[2024-07-02T19:36:24.018+0000] {logging_mixin.py:188} INFO - [2024-07-02T19:36:24.018+0000] {dag.py:3954} INFO - Setting next_dagrun for example_dynamic_task_mapping to 2022-03-04 00:00:00+00:00, run_after=2022-03-05 00:00:00+00:00
[2024-07-02T19:36:24.058+0000] {processor.py:183} INFO - Processing /usr/local/python/3.10.13/lib/python3.10/site-packages/airflow/example_dags/example_dynamic_task_mapping.py took 0.076 seconds
[2024-07-02T19:37:15.660+0000] {processor.py:161} INFO - Started process (PID=18219) to work on /usr/local/python/3.10.13/lib/python3.10/site-packages/airflow/example_dags/example_dynamic_task_mapping.py
[2024-07-02T19:37:15.661+0000] {processor.py:830} INFO - Processing file /usr/local/python/3.10.13/lib/python3.10/site-packages/airflow/example_dags/example_dynamic_task_mapping.py for tasks to queue
[2024-07-02T19:37:15.661+0000] {logging_mixin.py:188} INFO - [2024-07-02T19:37:15.661+0000] {dagbag.py:545} INFO - Filling up the DagBag from /usr/local/python/3.10.13/lib/python3.10/site-packages/airflow/example_dags/example_dynamic_task_mapping.py
[2024-07-02T19:37:15.667+0000] {processor.py:840} INFO - DAG(s) 'example_dynamic_task_mapping' retrieved from /usr/local/python/3.10.13/lib/python3.10/site-packages/airflow/example_dags/example_dynamic_task_mapping.py
[2024-07-02T19:37:15.682+0000] {logging_mixin.py:188} INFO - [2024-07-02T19:37:15.682+0000] {dag.py:3096} INFO - Sync 1 DAGs
[2024-07-02T19:37:15.697+0000] {logging_mixin.py:188} INFO - [2024-07-02T19:37:15.697+0000] {dag.py:3954} INFO - Setting next_dagrun for example_dynamic_task_mapping to 2022-03-04 00:00:00+00:00, run_after=2022-03-05 00:00:00+00:00
[2024-07-02T19:37:15.736+0000] {processor.py:183} INFO - Processing /usr/local/python/3.10.13/lib/python3.10/site-packages/airflow/example_dags/example_dynamic_task_mapping.py took 0.080 seconds
[2024-07-02T19:38:21.314+0000] {processor.py:161} INFO - Started process (PID=18703) to work on /usr/local/python/3.10.13/lib/python3.10/site-packages/airflow/example_dags/example_dynamic_task_mapping.py
[2024-07-02T19:38:21.315+0000] {processor.py:830} INFO - Processing file /usr/local/python/3.10.13/lib/python3.10/site-packages/airflow/example_dags/example_dynamic_task_mapping.py for tasks to queue
[2024-07-02T19:38:21.316+0000] {logging_mixin.py:188} INFO - [2024-07-02T19:38:21.315+0000] {dagbag.py:545} INFO - Filling up the DagBag from /usr/local/python/3.10.13/lib/python3.10/site-packages/airflow/example_dags/example_dynamic_task_mapping.py
[2024-07-02T19:38:21.321+0000] {processor.py:840} INFO - DAG(s) 'example_dynamic_task_mapping' retrieved from /usr/local/python/3.10.13/lib/python3.10/site-packages/airflow/example_dags/example_dynamic_task_mapping.py
[2024-07-02T19:38:21.334+0000] {logging_mixin.py:188} INFO - [2024-07-02T19:38:21.333+0000] {dag.py:3096} INFO - Sync 1 DAGs
[2024-07-02T19:38:21.348+0000] {logging_mixin.py:188} INFO - [2024-07-02T19:38:21.348+0000] {dag.py:3954} INFO - Setting next_dagrun for example_dynamic_task_mapping to 2022-03-04 00:00:00+00:00, run_after=2022-03-05 00:00:00+00:00
[2024-07-02T19:38:21.388+0000] {processor.py:183} INFO - Processing /usr/local/python/3.10.13/lib/python3.10/site-packages/airflow/example_dags/example_dynamic_task_mapping.py took 0.078 seconds
[2024-07-02T19:39:26.632+0000] {processor.py:161} INFO - Started process (PID=19170) to work on /usr/local/python/3.10.13/lib/python3.10/site-packages/airflow/example_dags/example_dynamic_task_mapping.py
[2024-07-02T19:39:26.632+0000] {processor.py:830} INFO - Processing file /usr/local/python/3.10.13/lib/python3.10/site-packages/airflow/example_dags/example_dynamic_task_mapping.py for tasks to queue
[2024-07-02T19:39:26.633+0000] {logging_mixin.py:188} INFO - [2024-07-02T19:39:26.633+0000] {dagbag.py:545} INFO - Filling up the DagBag from /usr/local/python/3.10.13/lib/python3.10/site-packages/airflow/example_dags/example_dynamic_task_mapping.py
[2024-07-02T19:39:26.638+0000] {processor.py:840} INFO - DAG(s) 'example_dynamic_task_mapping' retrieved from /usr/local/python/3.10.13/lib/python3.10/site-packages/airflow/example_dags/example_dynamic_task_mapping.py
[2024-07-02T19:39:26.648+0000] {logging_mixin.py:188} INFO - [2024-07-02T19:39:26.648+0000] {dag.py:3096} INFO - Sync 1 DAGs
[2024-07-02T19:39:26.663+0000] {logging_mixin.py:188} INFO - [2024-07-02T19:39:26.663+0000] {dag.py:3954} INFO - Setting next_dagrun for example_dynamic_task_mapping to 2022-03-04 00:00:00+00:00, run_after=2022-03-05 00:00:00+00:00
[2024-07-02T19:39:26.702+0000] {processor.py:183} INFO - Processing /usr/local/python/3.10.13/lib/python3.10/site-packages/airflow/example_dags/example_dynamic_task_mapping.py took 0.075 seconds
[2024-07-02T19:40:24.566+0000] {processor.py:161} INFO - Started process (PID=19606) to work on /usr/local/python/3.10.13/lib/python3.10/site-packages/airflow/example_dags/example_dynamic_task_mapping.py
[2024-07-02T19:40:24.567+0000] {processor.py:830} INFO - Processing file /usr/local/python/3.10.13/lib/python3.10/site-packages/airflow/example_dags/example_dynamic_task_mapping.py for tasks to queue
[2024-07-02T19:40:24.568+0000] {logging_mixin.py:188} INFO - [2024-07-02T19:40:24.568+0000] {dagbag.py:545} INFO - Filling up the DagBag from /usr/local/python/3.10.13/lib/python3.10/site-packages/airflow/example_dags/example_dynamic_task_mapping.py
[2024-07-02T19:40:24.576+0000] {processor.py:840} INFO - DAG(s) 'example_dynamic_task_mapping' retrieved from /usr/local/python/3.10.13/lib/python3.10/site-packages/airflow/example_dags/example_dynamic_task_mapping.py
[2024-07-02T19:40:24.593+0000] {logging_mixin.py:188} INFO - [2024-07-02T19:40:24.593+0000] {dag.py:3096} INFO - Sync 1 DAGs
[2024-07-02T19:40:24.609+0000] {logging_mixin.py:188} INFO - [2024-07-02T19:40:24.609+0000] {dag.py:3954} INFO - Setting next_dagrun for example_dynamic_task_mapping to 2022-03-04 00:00:00+00:00, run_after=2022-03-05 00:00:00+00:00
[2024-07-02T19:40:24.652+0000] {processor.py:183} INFO - Processing /usr/local/python/3.10.13/lib/python3.10/site-packages/airflow/example_dags/example_dynamic_task_mapping.py took 0.091 seconds
[2024-07-02T19:41:31.002+0000] {processor.py:161} INFO - Started process (PID=20111) to work on /usr/local/python/3.10.13/lib/python3.10/site-packages/airflow/example_dags/example_dynamic_task_mapping.py
[2024-07-02T19:41:31.002+0000] {processor.py:830} INFO - Processing file /usr/local/python/3.10.13/lib/python3.10/site-packages/airflow/example_dags/example_dynamic_task_mapping.py for tasks to queue
[2024-07-02T19:41:31.003+0000] {logging_mixin.py:188} INFO - [2024-07-02T19:41:31.003+0000] {dagbag.py:545} INFO - Filling up the DagBag from /usr/local/python/3.10.13/lib/python3.10/site-packages/airflow/example_dags/example_dynamic_task_mapping.py
[2024-07-02T19:41:31.009+0000] {processor.py:840} INFO - DAG(s) 'example_dynamic_task_mapping' retrieved from /usr/local/python/3.10.13/lib/python3.10/site-packages/airflow/example_dags/example_dynamic_task_mapping.py
[2024-07-02T19:41:31.019+0000] {logging_mixin.py:188} INFO - [2024-07-02T19:41:31.019+0000] {dag.py:3096} INFO - Sync 1 DAGs
[2024-07-02T19:41:31.034+0000] {logging_mixin.py:188} INFO - [2024-07-02T19:41:31.034+0000] {dag.py:3954} INFO - Setting next_dagrun for example_dynamic_task_mapping to 2022-03-04 00:00:00+00:00, run_after=2022-03-05 00:00:00+00:00
[2024-07-02T19:41:31.073+0000] {processor.py:183} INFO - Processing /usr/local/python/3.10.13/lib/python3.10/site-packages/airflow/example_dags/example_dynamic_task_mapping.py took 0.076 seconds
[2024-07-02T19:42:31.947+0000] {processor.py:161} INFO - Started process (PID=20578) to work on /usr/local/python/3.10.13/lib/python3.10/site-packages/airflow/example_dags/example_dynamic_task_mapping.py
[2024-07-02T19:42:31.947+0000] {processor.py:830} INFO - Processing file /usr/local/python/3.10.13/lib/python3.10/site-packages/airflow/example_dags/example_dynamic_task_mapping.py for tasks to queue
[2024-07-02T19:42:31.948+0000] {logging_mixin.py:188} INFO - [2024-07-02T19:42:31.948+0000] {dagbag.py:545} INFO - Filling up the DagBag from /usr/local/python/3.10.13/lib/python3.10/site-packages/airflow/example_dags/example_dynamic_task_mapping.py
[2024-07-02T19:42:31.953+0000] {processor.py:840} INFO - DAG(s) 'example_dynamic_task_mapping' retrieved from /usr/local/python/3.10.13/lib/python3.10/site-packages/airflow/example_dags/example_dynamic_task_mapping.py
[2024-07-02T19:42:31.964+0000] {logging_mixin.py:188} INFO - [2024-07-02T19:42:31.964+0000] {dag.py:3096} INFO - Sync 1 DAGs
[2024-07-02T19:42:31.978+0000] {logging_mixin.py:188} INFO - [2024-07-02T19:42:31.978+0000] {dag.py:3954} INFO - Setting next_dagrun for example_dynamic_task_mapping to 2022-03-04 00:00:00+00:00, run_after=2022-03-05 00:00:00+00:00
[2024-07-02T19:42:32.019+0000] {processor.py:183} INFO - Processing /usr/local/python/3.10.13/lib/python3.10/site-packages/airflow/example_dags/example_dynamic_task_mapping.py took 0.077 seconds
[2024-07-02T19:43:51.604+0000] {processor.py:161} INFO - Started process (PID=21242) to work on /usr/local/python/3.10.13/lib/python3.10/site-packages/airflow/example_dags/example_dynamic_task_mapping.py
[2024-07-02T19:43:51.605+0000] {processor.py:830} INFO - Processing file /usr/local/python/3.10.13/lib/python3.10/site-packages/airflow/example_dags/example_dynamic_task_mapping.py for tasks to queue
[2024-07-02T19:43:51.606+0000] {logging_mixin.py:188} INFO - [2024-07-02T19:43:51.605+0000] {dagbag.py:545} INFO - Filling up the DagBag from /usr/local/python/3.10.13/lib/python3.10/site-packages/airflow/example_dags/example_dynamic_task_mapping.py
[2024-07-02T19:43:51.611+0000] {processor.py:840} INFO - DAG(s) 'example_dynamic_task_mapping' retrieved from /usr/local/python/3.10.13/lib/python3.10/site-packages/airflow/example_dags/example_dynamic_task_mapping.py
[2024-07-02T19:43:51.622+0000] {logging_mixin.py:188} INFO - [2024-07-02T19:43:51.622+0000] {dag.py:3096} INFO - Sync 1 DAGs
[2024-07-02T19:43:51.636+0000] {logging_mixin.py:188} INFO - [2024-07-02T19:43:51.636+0000] {dag.py:3954} INFO - Setting next_dagrun for example_dynamic_task_mapping to 2022-03-04 00:00:00+00:00, run_after=2022-03-05 00:00:00+00:00
[2024-07-02T19:43:51.676+0000] {processor.py:183} INFO - Processing /usr/local/python/3.10.13/lib/python3.10/site-packages/airflow/example_dags/example_dynamic_task_mapping.py took 0.076 seconds
[2024-07-02T19:44:57.207+0000] {processor.py:161} INFO - Started process (PID=21748) to work on /usr/local/python/3.10.13/lib/python3.10/site-packages/airflow/example_dags/example_dynamic_task_mapping.py
[2024-07-02T19:44:57.208+0000] {processor.py:830} INFO - Processing file /usr/local/python/3.10.13/lib/python3.10/site-packages/airflow/example_dags/example_dynamic_task_mapping.py for tasks to queue
[2024-07-02T19:44:57.209+0000] {logging_mixin.py:188} INFO - [2024-07-02T19:44:57.208+0000] {dagbag.py:545} INFO - Filling up the DagBag from /usr/local/python/3.10.13/lib/python3.10/site-packages/airflow/example_dags/example_dynamic_task_mapping.py
[2024-07-02T19:44:57.214+0000] {processor.py:840} INFO - DAG(s) 'example_dynamic_task_mapping' retrieved from /usr/local/python/3.10.13/lib/python3.10/site-packages/airflow/example_dags/example_dynamic_task_mapping.py
[2024-07-02T19:44:57.225+0000] {logging_mixin.py:188} INFO - [2024-07-02T19:44:57.224+0000] {dag.py:3096} INFO - Sync 1 DAGs
[2024-07-02T19:44:57.239+0000] {logging_mixin.py:188} INFO - [2024-07-02T19:44:57.239+0000] {dag.py:3954} INFO - Setting next_dagrun for example_dynamic_task_mapping to 2022-03-04 00:00:00+00:00, run_after=2022-03-05 00:00:00+00:00
[2024-07-02T19:44:57.289+0000] {processor.py:183} INFO - Processing /usr/local/python/3.10.13/lib/python3.10/site-packages/airflow/example_dags/example_dynamic_task_mapping.py took 0.086 seconds
[2024-07-02T19:45:59.025+0000] {processor.py:161} INFO - Started process (PID=22183) to work on /usr/local/python/3.10.13/lib/python3.10/site-packages/airflow/example_dags/example_dynamic_task_mapping.py
[2024-07-02T19:45:59.025+0000] {processor.py:830} INFO - Processing file /usr/local/python/3.10.13/lib/python3.10/site-packages/airflow/example_dags/example_dynamic_task_mapping.py for tasks to queue
[2024-07-02T19:45:59.026+0000] {logging_mixin.py:188} INFO - [2024-07-02T19:45:59.026+0000] {dagbag.py:545} INFO - Filling up the DagBag from /usr/local/python/3.10.13/lib/python3.10/site-packages/airflow/example_dags/example_dynamic_task_mapping.py
[2024-07-02T19:45:59.031+0000] {processor.py:840} INFO - DAG(s) 'example_dynamic_task_mapping' retrieved from /usr/local/python/3.10.13/lib/python3.10/site-packages/airflow/example_dags/example_dynamic_task_mapping.py
[2024-07-02T19:45:59.042+0000] {logging_mixin.py:188} INFO - [2024-07-02T19:45:59.042+0000] {dag.py:3096} INFO - Sync 1 DAGs
[2024-07-02T19:45:59.056+0000] {logging_mixin.py:188} INFO - [2024-07-02T19:45:59.056+0000] {dag.py:3954} INFO - Setting next_dagrun for example_dynamic_task_mapping to 2022-03-04 00:00:00+00:00, run_after=2022-03-05 00:00:00+00:00
[2024-07-02T19:45:59.094+0000] {processor.py:183} INFO - Processing /usr/local/python/3.10.13/lib/python3.10/site-packages/airflow/example_dags/example_dynamic_task_mapping.py took 0.075 seconds
[2024-07-02T19:47:08.709+0000] {processor.py:161} INFO - Started process (PID=22668) to work on /usr/local/python/3.10.13/lib/python3.10/site-packages/airflow/example_dags/example_dynamic_task_mapping.py
[2024-07-02T19:47:08.709+0000] {processor.py:830} INFO - Processing file /usr/local/python/3.10.13/lib/python3.10/site-packages/airflow/example_dags/example_dynamic_task_mapping.py for tasks to queue
[2024-07-02T19:47:08.710+0000] {logging_mixin.py:188} INFO - [2024-07-02T19:47:08.710+0000] {dagbag.py:545} INFO - Filling up the DagBag from /usr/local/python/3.10.13/lib/python3.10/site-packages/airflow/example_dags/example_dynamic_task_mapping.py
[2024-07-02T19:47:08.715+0000] {processor.py:840} INFO - DAG(s) 'example_dynamic_task_mapping' retrieved from /usr/local/python/3.10.13/lib/python3.10/site-packages/airflow/example_dags/example_dynamic_task_mapping.py
[2024-07-02T19:47:08.726+0000] {logging_mixin.py:188} INFO - [2024-07-02T19:47:08.726+0000] {dag.py:3096} INFO - Sync 1 DAGs
[2024-07-02T19:47:08.740+0000] {logging_mixin.py:188} INFO - [2024-07-02T19:47:08.740+0000] {dag.py:3954} INFO - Setting next_dagrun for example_dynamic_task_mapping to 2022-03-04 00:00:00+00:00, run_after=2022-03-05 00:00:00+00:00
[2024-07-02T19:47:08.780+0000] {processor.py:183} INFO - Processing /usr/local/python/3.10.13/lib/python3.10/site-packages/airflow/example_dags/example_dynamic_task_mapping.py took 0.076 seconds
[2024-07-02T19:48:13.574+0000] {processor.py:161} INFO - Started process (PID=23114) to work on /usr/local/python/3.10.13/lib/python3.10/site-packages/airflow/example_dags/example_dynamic_task_mapping.py
[2024-07-02T19:48:13.574+0000] {processor.py:830} INFO - Processing file /usr/local/python/3.10.13/lib/python3.10/site-packages/airflow/example_dags/example_dynamic_task_mapping.py for tasks to queue
[2024-07-02T19:48:13.575+0000] {logging_mixin.py:188} INFO - [2024-07-02T19:48:13.575+0000] {dagbag.py:545} INFO - Filling up the DagBag from /usr/local/python/3.10.13/lib/python3.10/site-packages/airflow/example_dags/example_dynamic_task_mapping.py
[2024-07-02T19:48:13.580+0000] {processor.py:840} INFO - DAG(s) 'example_dynamic_task_mapping' retrieved from /usr/local/python/3.10.13/lib/python3.10/site-packages/airflow/example_dags/example_dynamic_task_mapping.py
[2024-07-02T19:48:13.590+0000] {logging_mixin.py:188} INFO - [2024-07-02T19:48:13.590+0000] {dag.py:3096} INFO - Sync 1 DAGs
[2024-07-02T19:48:13.604+0000] {logging_mixin.py:188} INFO - [2024-07-02T19:48:13.604+0000] {dag.py:3954} INFO - Setting next_dagrun for example_dynamic_task_mapping to 2022-03-04 00:00:00+00:00, run_after=2022-03-05 00:00:00+00:00
[2024-07-02T19:48:13.645+0000] {processor.py:183} INFO - Processing /usr/local/python/3.10.13/lib/python3.10/site-packages/airflow/example_dags/example_dynamic_task_mapping.py took 0.076 seconds
[2024-07-02T19:49:18.574+0000] {processor.py:161} INFO - Started process (PID=23594) to work on /usr/local/python/3.10.13/lib/python3.10/site-packages/airflow/example_dags/example_dynamic_task_mapping.py
[2024-07-02T19:49:18.575+0000] {processor.py:830} INFO - Processing file /usr/local/python/3.10.13/lib/python3.10/site-packages/airflow/example_dags/example_dynamic_task_mapping.py for tasks to queue
[2024-07-02T19:49:18.576+0000] {logging_mixin.py:188} INFO - [2024-07-02T19:49:18.575+0000] {dagbag.py:545} INFO - Filling up the DagBag from /usr/local/python/3.10.13/lib/python3.10/site-packages/airflow/example_dags/example_dynamic_task_mapping.py
[2024-07-02T19:49:18.584+0000] {processor.py:840} INFO - DAG(s) 'example_dynamic_task_mapping' retrieved from /usr/local/python/3.10.13/lib/python3.10/site-packages/airflow/example_dags/example_dynamic_task_mapping.py
[2024-07-02T19:49:18.599+0000] {logging_mixin.py:188} INFO - [2024-07-02T19:49:18.599+0000] {dag.py:3096} INFO - Sync 1 DAGs
[2024-07-02T19:49:18.616+0000] {logging_mixin.py:188} INFO - [2024-07-02T19:49:18.615+0000] {dag.py:3954} INFO - Setting next_dagrun for example_dynamic_task_mapping to 2022-03-04 00:00:00+00:00, run_after=2022-03-05 00:00:00+00:00
[2024-07-02T19:49:18.654+0000] {processor.py:183} INFO - Processing /usr/local/python/3.10.13/lib/python3.10/site-packages/airflow/example_dags/example_dynamic_task_mapping.py took 0.086 seconds
[2024-07-02T19:50:25.564+0000] {processor.py:161} INFO - Started process (PID=24123) to work on /usr/local/python/3.10.13/lib/python3.10/site-packages/airflow/example_dags/example_dynamic_task_mapping.py
[2024-07-02T19:50:25.565+0000] {processor.py:830} INFO - Processing file /usr/local/python/3.10.13/lib/python3.10/site-packages/airflow/example_dags/example_dynamic_task_mapping.py for tasks to queue
[2024-07-02T19:50:25.565+0000] {logging_mixin.py:188} INFO - [2024-07-02T19:50:25.565+0000] {dagbag.py:545} INFO - Filling up the DagBag from /usr/local/python/3.10.13/lib/python3.10/site-packages/airflow/example_dags/example_dynamic_task_mapping.py
[2024-07-02T19:50:25.570+0000] {processor.py:840} INFO - DAG(s) 'example_dynamic_task_mapping' retrieved from /usr/local/python/3.10.13/lib/python3.10/site-packages/airflow/example_dags/example_dynamic_task_mapping.py
[2024-07-02T19:50:25.581+0000] {logging_mixin.py:188} INFO - [2024-07-02T19:50:25.581+0000] {dag.py:3096} INFO - Sync 1 DAGs
[2024-07-02T19:50:25.599+0000] {logging_mixin.py:188} INFO - [2024-07-02T19:50:25.599+0000] {dag.py:3954} INFO - Setting next_dagrun for example_dynamic_task_mapping to 2022-03-04 00:00:00+00:00, run_after=2022-03-05 00:00:00+00:00
[2024-07-02T19:50:25.641+0000] {processor.py:183} INFO - Processing /usr/local/python/3.10.13/lib/python3.10/site-packages/airflow/example_dags/example_dynamic_task_mapping.py took 0.083 seconds
[2024-07-02T19:51:33.128+0000] {processor.py:161} INFO - Started process (PID=24633) to work on /usr/local/python/3.10.13/lib/python3.10/site-packages/airflow/example_dags/example_dynamic_task_mapping.py
[2024-07-02T19:51:33.128+0000] {processor.py:830} INFO - Processing file /usr/local/python/3.10.13/lib/python3.10/site-packages/airflow/example_dags/example_dynamic_task_mapping.py for tasks to queue
[2024-07-02T19:51:33.129+0000] {logging_mixin.py:188} INFO - [2024-07-02T19:51:33.129+0000] {dagbag.py:545} INFO - Filling up the DagBag from /usr/local/python/3.10.13/lib/python3.10/site-packages/airflow/example_dags/example_dynamic_task_mapping.py
[2024-07-02T19:51:33.134+0000] {processor.py:840} INFO - DAG(s) 'example_dynamic_task_mapping' retrieved from /usr/local/python/3.10.13/lib/python3.10/site-packages/airflow/example_dags/example_dynamic_task_mapping.py
[2024-07-02T19:51:33.145+0000] {logging_mixin.py:188} INFO - [2024-07-02T19:51:33.144+0000] {dag.py:3096} INFO - Sync 1 DAGs
[2024-07-02T19:51:33.159+0000] {logging_mixin.py:188} INFO - [2024-07-02T19:51:33.159+0000] {dag.py:3954} INFO - Setting next_dagrun for example_dynamic_task_mapping to 2022-03-04 00:00:00+00:00, run_after=2022-03-05 00:00:00+00:00
[2024-07-02T19:51:33.198+0000] {processor.py:183} INFO - Processing /usr/local/python/3.10.13/lib/python3.10/site-packages/airflow/example_dags/example_dynamic_task_mapping.py took 0.075 seconds
[2024-07-02T19:52:39.236+0000] {processor.py:161} INFO - Started process (PID=25128) to work on /usr/local/python/3.10.13/lib/python3.10/site-packages/airflow/example_dags/example_dynamic_task_mapping.py
[2024-07-02T19:52:39.236+0000] {processor.py:830} INFO - Processing file /usr/local/python/3.10.13/lib/python3.10/site-packages/airflow/example_dags/example_dynamic_task_mapping.py for tasks to queue
[2024-07-02T19:52:39.237+0000] {logging_mixin.py:188} INFO - [2024-07-02T19:52:39.237+0000] {dagbag.py:545} INFO - Filling up the DagBag from /usr/local/python/3.10.13/lib/python3.10/site-packages/airflow/example_dags/example_dynamic_task_mapping.py
[2024-07-02T19:52:39.242+0000] {processor.py:840} INFO - DAG(s) 'example_dynamic_task_mapping' retrieved from /usr/local/python/3.10.13/lib/python3.10/site-packages/airflow/example_dags/example_dynamic_task_mapping.py
[2024-07-02T19:52:39.253+0000] {logging_mixin.py:188} INFO - [2024-07-02T19:52:39.252+0000] {dag.py:3096} INFO - Sync 1 DAGs
[2024-07-02T19:52:39.267+0000] {logging_mixin.py:188} INFO - [2024-07-02T19:52:39.266+0000] {dag.py:3954} INFO - Setting next_dagrun for example_dynamic_task_mapping to 2022-03-04 00:00:00+00:00, run_after=2022-03-05 00:00:00+00:00
[2024-07-02T19:52:39.310+0000] {processor.py:183} INFO - Processing /usr/local/python/3.10.13/lib/python3.10/site-packages/airflow/example_dags/example_dynamic_task_mapping.py took 0.079 seconds
[2024-07-02T19:53:45.386+0000] {processor.py:161} INFO - Started process (PID=25638) to work on /usr/local/python/3.10.13/lib/python3.10/site-packages/airflow/example_dags/example_dynamic_task_mapping.py
[2024-07-02T19:53:45.387+0000] {processor.py:830} INFO - Processing file /usr/local/python/3.10.13/lib/python3.10/site-packages/airflow/example_dags/example_dynamic_task_mapping.py for tasks to queue
[2024-07-02T19:53:45.388+0000] {logging_mixin.py:188} INFO - [2024-07-02T19:53:45.388+0000] {dagbag.py:545} INFO - Filling up the DagBag from /usr/local/python/3.10.13/lib/python3.10/site-packages/airflow/example_dags/example_dynamic_task_mapping.py
[2024-07-02T19:53:45.393+0000] {processor.py:840} INFO - DAG(s) 'example_dynamic_task_mapping' retrieved from /usr/local/python/3.10.13/lib/python3.10/site-packages/airflow/example_dags/example_dynamic_task_mapping.py
[2024-07-02T19:53:45.403+0000] {logging_mixin.py:188} INFO - [2024-07-02T19:53:45.403+0000] {dag.py:3096} INFO - Sync 1 DAGs
[2024-07-02T19:53:45.417+0000] {logging_mixin.py:188} INFO - [2024-07-02T19:53:45.417+0000] {dag.py:3954} INFO - Setting next_dagrun for example_dynamic_task_mapping to 2022-03-04 00:00:00+00:00, run_after=2022-03-05 00:00:00+00:00
[2024-07-02T19:53:45.460+0000] {processor.py:183} INFO - Processing /usr/local/python/3.10.13/lib/python3.10/site-packages/airflow/example_dags/example_dynamic_task_mapping.py took 0.078 seconds
[2024-07-02T19:54:50.484+0000] {processor.py:161} INFO - Started process (PID=26123) to work on /usr/local/python/3.10.13/lib/python3.10/site-packages/airflow/example_dags/example_dynamic_task_mapping.py
[2024-07-02T19:54:50.485+0000] {processor.py:830} INFO - Processing file /usr/local/python/3.10.13/lib/python3.10/site-packages/airflow/example_dags/example_dynamic_task_mapping.py for tasks to queue
[2024-07-02T19:54:50.486+0000] {logging_mixin.py:188} INFO - [2024-07-02T19:54:50.485+0000] {dagbag.py:545} INFO - Filling up the DagBag from /usr/local/python/3.10.13/lib/python3.10/site-packages/airflow/example_dags/example_dynamic_task_mapping.py
[2024-07-02T19:54:50.491+0000] {processor.py:840} INFO - DAG(s) 'example_dynamic_task_mapping' retrieved from /usr/local/python/3.10.13/lib/python3.10/site-packages/airflow/example_dags/example_dynamic_task_mapping.py
[2024-07-02T19:54:50.501+0000] {logging_mixin.py:188} INFO - [2024-07-02T19:54:50.501+0000] {dag.py:3096} INFO - Sync 1 DAGs
[2024-07-02T19:54:50.515+0000] {logging_mixin.py:188} INFO - [2024-07-02T19:54:50.515+0000] {dag.py:3954} INFO - Setting next_dagrun for example_dynamic_task_mapping to 2022-03-04 00:00:00+00:00, run_after=2022-03-05 00:00:00+00:00
[2024-07-02T19:54:50.555+0000] {processor.py:183} INFO - Processing /usr/local/python/3.10.13/lib/python3.10/site-packages/airflow/example_dags/example_dynamic_task_mapping.py took 0.076 seconds
[2024-07-02T19:55:57.800+0000] {processor.py:161} INFO - Started process (PID=26648) to work on /usr/local/python/3.10.13/lib/python3.10/site-packages/airflow/example_dags/example_dynamic_task_mapping.py
[2024-07-02T19:55:57.800+0000] {processor.py:830} INFO - Processing file /usr/local/python/3.10.13/lib/python3.10/site-packages/airflow/example_dags/example_dynamic_task_mapping.py for tasks to queue
[2024-07-02T19:55:57.801+0000] {logging_mixin.py:188} INFO - [2024-07-02T19:55:57.801+0000] {dagbag.py:545} INFO - Filling up the DagBag from /usr/local/python/3.10.13/lib/python3.10/site-packages/airflow/example_dags/example_dynamic_task_mapping.py
[2024-07-02T19:55:57.806+0000] {processor.py:840} INFO - DAG(s) 'example_dynamic_task_mapping' retrieved from /usr/local/python/3.10.13/lib/python3.10/site-packages/airflow/example_dags/example_dynamic_task_mapping.py
[2024-07-02T19:55:57.817+0000] {logging_mixin.py:188} INFO - [2024-07-02T19:55:57.816+0000] {dag.py:3096} INFO - Sync 1 DAGs
[2024-07-02T19:55:57.831+0000] {logging_mixin.py:188} INFO - [2024-07-02T19:55:57.831+0000] {dag.py:3954} INFO - Setting next_dagrun for example_dynamic_task_mapping to 2022-03-04 00:00:00+00:00, run_after=2022-03-05 00:00:00+00:00
[2024-07-02T19:55:57.871+0000] {processor.py:183} INFO - Processing /usr/local/python/3.10.13/lib/python3.10/site-packages/airflow/example_dags/example_dynamic_task_mapping.py took 0.076 seconds
[2024-07-02T19:57:13.992+0000] {processor.py:161} INFO - Started process (PID=27343) to work on /usr/local/python/3.10.13/lib/python3.10/site-packages/airflow/example_dags/example_dynamic_task_mapping.py
[2024-07-02T19:57:13.993+0000] {processor.py:830} INFO - Processing file /usr/local/python/3.10.13/lib/python3.10/site-packages/airflow/example_dags/example_dynamic_task_mapping.py for tasks to queue
[2024-07-02T19:57:13.994+0000] {logging_mixin.py:188} INFO - [2024-07-02T19:57:13.994+0000] {dagbag.py:545} INFO - Filling up the DagBag from /usr/local/python/3.10.13/lib/python3.10/site-packages/airflow/example_dags/example_dynamic_task_mapping.py
[2024-07-02T19:57:13.999+0000] {processor.py:840} INFO - DAG(s) 'example_dynamic_task_mapping' retrieved from /usr/local/python/3.10.13/lib/python3.10/site-packages/airflow/example_dags/example_dynamic_task_mapping.py
[2024-07-02T19:57:14.009+0000] {logging_mixin.py:188} INFO - [2024-07-02T19:57:14.009+0000] {dag.py:3096} INFO - Sync 1 DAGs
[2024-07-02T19:57:14.024+0000] {logging_mixin.py:188} INFO - [2024-07-02T19:57:14.024+0000] {dag.py:3954} INFO - Setting next_dagrun for example_dynamic_task_mapping to 2022-03-04 00:00:00+00:00, run_after=2022-03-05 00:00:00+00:00
[2024-07-02T19:57:14.063+0000] {processor.py:183} INFO - Processing /usr/local/python/3.10.13/lib/python3.10/site-packages/airflow/example_dags/example_dynamic_task_mapping.py took 0.075 seconds
