[2024-07-02T19:10:48.925+0000] {processor.py:161} INFO - Started process (PID=5778) to work on /usr/local/python/3.10.13/lib/python3.10/site-packages/airflow/example_dags/example_latest_only_with_trigger.py
[2024-07-02T19:10:48.925+0000] {processor.py:830} INFO - Processing file /usr/local/python/3.10.13/lib/python3.10/site-packages/airflow/example_dags/example_latest_only_with_trigger.py for tasks to queue
[2024-07-02T19:10:48.926+0000] {logging_mixin.py:188} INFO - [2024-07-02T19:10:48.926+0000] {dagbag.py:545} INFO - Filling up the DagBag from /usr/local/python/3.10.13/lib/python3.10/site-packages/airflow/example_dags/example_latest_only_with_trigger.py
[2024-07-02T19:10:48.931+0000] {processor.py:840} INFO - DAG(s) 'latest_only_with_trigger' retrieved from /usr/local/python/3.10.13/lib/python3.10/site-packages/airflow/example_dags/example_latest_only_with_trigger.py
[2024-07-02T19:10:49.166+0000] {logging_mixin.py:188} INFO - [2024-07-02T19:10:49.166+0000] {override.py:1829} INFO - Created Permission View: can edit on DAG:latest_only_with_trigger
[2024-07-02T19:10:49.199+0000] {logging_mixin.py:188} INFO - [2024-07-02T19:10:49.199+0000] {override.py:1829} INFO - Created Permission View: can read on DAG:latest_only_with_trigger
[2024-07-02T19:10:49.229+0000] {logging_mixin.py:188} INFO - [2024-07-02T19:10:49.228+0000] {override.py:1829} INFO - Created Permission View: can delete on DAG:latest_only_with_trigger
[2024-07-02T19:10:49.229+0000] {logging_mixin.py:188} INFO - [2024-07-02T19:10:49.229+0000] {dag.py:3096} INFO - Sync 1 DAGs
[2024-07-02T19:10:49.236+0000] {logging_mixin.py:188} INFO - [2024-07-02T19:10:49.236+0000] {dag.py:3118} INFO - Creating ORM DAG for latest_only_with_trigger
[2024-07-02T19:10:49.242+0000] {logging_mixin.py:188} INFO - [2024-07-02T19:10:49.242+0000] {dag.py:3954} INFO - Setting next_dagrun for latest_only_with_trigger to 2024-07-02 12:00:00+00:00, run_after=2024-07-02 16:00:00+00:00
[2024-07-02T19:10:49.280+0000] {processor.py:183} INFO - Processing /usr/local/python/3.10.13/lib/python3.10/site-packages/airflow/example_dags/example_latest_only_with_trigger.py took 0.360 seconds
[2024-07-02T19:11:46.765+0000] {processor.py:161} INFO - Started process (PID=6218) to work on /usr/local/python/3.10.13/lib/python3.10/site-packages/airflow/example_dags/example_latest_only_with_trigger.py
[2024-07-02T19:11:46.766+0000] {processor.py:830} INFO - Processing file /usr/local/python/3.10.13/lib/python3.10/site-packages/airflow/example_dags/example_latest_only_with_trigger.py for tasks to queue
[2024-07-02T19:11:46.767+0000] {logging_mixin.py:188} INFO - [2024-07-02T19:11:46.767+0000] {dagbag.py:545} INFO - Filling up the DagBag from /usr/local/python/3.10.13/lib/python3.10/site-packages/airflow/example_dags/example_latest_only_with_trigger.py
[2024-07-02T19:11:46.771+0000] {processor.py:840} INFO - DAG(s) 'latest_only_with_trigger' retrieved from /usr/local/python/3.10.13/lib/python3.10/site-packages/airflow/example_dags/example_latest_only_with_trigger.py
[2024-07-02T19:11:46.784+0000] {logging_mixin.py:188} INFO - [2024-07-02T19:11:46.784+0000] {dag.py:3096} INFO - Sync 1 DAGs
[2024-07-02T19:11:46.799+0000] {logging_mixin.py:188} INFO - [2024-07-02T19:11:46.799+0000] {dag.py:3954} INFO - Setting next_dagrun for latest_only_with_trigger to 2024-07-02 12:00:00+00:00, run_after=2024-07-02 16:00:00+00:00
[2024-07-02T19:11:46.839+0000] {processor.py:183} INFO - Processing /usr/local/python/3.10.13/lib/python3.10/site-packages/airflow/example_dags/example_latest_only_with_trigger.py took 0.079 seconds
[2024-07-02T19:12:37.201+0000] {processor.py:161} INFO - Started process (PID=6603) to work on /usr/local/python/3.10.13/lib/python3.10/site-packages/airflow/example_dags/example_latest_only_with_trigger.py
[2024-07-02T19:12:37.201+0000] {processor.py:830} INFO - Processing file /usr/local/python/3.10.13/lib/python3.10/site-packages/airflow/example_dags/example_latest_only_with_trigger.py for tasks to queue
[2024-07-02T19:12:37.203+0000] {logging_mixin.py:188} INFO - [2024-07-02T19:12:37.202+0000] {dagbag.py:545} INFO - Filling up the DagBag from /usr/local/python/3.10.13/lib/python3.10/site-packages/airflow/example_dags/example_latest_only_with_trigger.py
[2024-07-02T19:12:37.207+0000] {processor.py:840} INFO - DAG(s) 'latest_only_with_trigger' retrieved from /usr/local/python/3.10.13/lib/python3.10/site-packages/airflow/example_dags/example_latest_only_with_trigger.py
[2024-07-02T19:12:37.218+0000] {logging_mixin.py:188} INFO - [2024-07-02T19:12:37.218+0000] {dag.py:3096} INFO - Sync 1 DAGs
[2024-07-02T19:12:37.233+0000] {logging_mixin.py:188} INFO - [2024-07-02T19:12:37.233+0000] {dag.py:3954} INFO - Setting next_dagrun for latest_only_with_trigger to 2024-07-02 12:00:00+00:00, run_after=2024-07-02 16:00:00+00:00
[2024-07-02T19:12:37.278+0000] {processor.py:183} INFO - Processing /usr/local/python/3.10.13/lib/python3.10/site-packages/airflow/example_dags/example_latest_only_with_trigger.py took 0.082 seconds
[2024-07-02T19:13:39.474+0000] {processor.py:161} INFO - Started process (PID=7074) to work on /usr/local/python/3.10.13/lib/python3.10/site-packages/airflow/example_dags/example_latest_only_with_trigger.py
[2024-07-02T19:13:39.475+0000] {processor.py:830} INFO - Processing file /usr/local/python/3.10.13/lib/python3.10/site-packages/airflow/example_dags/example_latest_only_with_trigger.py for tasks to queue
[2024-07-02T19:13:39.476+0000] {logging_mixin.py:188} INFO - [2024-07-02T19:13:39.475+0000] {dagbag.py:545} INFO - Filling up the DagBag from /usr/local/python/3.10.13/lib/python3.10/site-packages/airflow/example_dags/example_latest_only_with_trigger.py
[2024-07-02T19:13:39.480+0000] {processor.py:840} INFO - DAG(s) 'latest_only_with_trigger' retrieved from /usr/local/python/3.10.13/lib/python3.10/site-packages/airflow/example_dags/example_latest_only_with_trigger.py
[2024-07-02T19:13:39.492+0000] {logging_mixin.py:188} INFO - [2024-07-02T19:13:39.491+0000] {dag.py:3096} INFO - Sync 1 DAGs
[2024-07-02T19:13:39.506+0000] {logging_mixin.py:188} INFO - [2024-07-02T19:13:39.506+0000] {dag.py:3954} INFO - Setting next_dagrun for latest_only_with_trigger to 2024-07-02 12:00:00+00:00, run_after=2024-07-02 16:00:00+00:00
[2024-07-02T19:13:39.545+0000] {processor.py:183} INFO - Processing /usr/local/python/3.10.13/lib/python3.10/site-packages/airflow/example_dags/example_latest_only_with_trigger.py took 0.076 seconds
[2024-07-02T19:14:39.268+0000] {processor.py:161} INFO - Started process (PID=7536) to work on /usr/local/python/3.10.13/lib/python3.10/site-packages/airflow/example_dags/example_latest_only_with_trigger.py
[2024-07-02T19:14:39.269+0000] {processor.py:830} INFO - Processing file /usr/local/python/3.10.13/lib/python3.10/site-packages/airflow/example_dags/example_latest_only_with_trigger.py for tasks to queue
[2024-07-02T19:14:39.270+0000] {logging_mixin.py:188} INFO - [2024-07-02T19:14:39.270+0000] {dagbag.py:545} INFO - Filling up the DagBag from /usr/local/python/3.10.13/lib/python3.10/site-packages/airflow/example_dags/example_latest_only_with_trigger.py
[2024-07-02T19:14:39.275+0000] {processor.py:840} INFO - DAG(s) 'latest_only_with_trigger' retrieved from /usr/local/python/3.10.13/lib/python3.10/site-packages/airflow/example_dags/example_latest_only_with_trigger.py
[2024-07-02T19:14:39.287+0000] {logging_mixin.py:188} INFO - [2024-07-02T19:14:39.287+0000] {dag.py:3096} INFO - Sync 1 DAGs
[2024-07-02T19:14:39.301+0000] {logging_mixin.py:188} INFO - [2024-07-02T19:14:39.301+0000] {dag.py:3954} INFO - Setting next_dagrun for latest_only_with_trigger to 2024-07-02 12:00:00+00:00, run_after=2024-07-02 16:00:00+00:00
[2024-07-02T19:14:39.341+0000] {processor.py:183} INFO - Processing /usr/local/python/3.10.13/lib/python3.10/site-packages/airflow/example_dags/example_latest_only_with_trigger.py took 0.077 seconds
[2024-07-02T19:15:29.344+0000] {processor.py:161} INFO - Started process (PID=7915) to work on /usr/local/python/3.10.13/lib/python3.10/site-packages/airflow/example_dags/example_latest_only_with_trigger.py
[2024-07-02T19:15:29.345+0000] {processor.py:830} INFO - Processing file /usr/local/python/3.10.13/lib/python3.10/site-packages/airflow/example_dags/example_latest_only_with_trigger.py for tasks to queue
[2024-07-02T19:15:29.345+0000] {logging_mixin.py:188} INFO - [2024-07-02T19:15:29.345+0000] {dagbag.py:545} INFO - Filling up the DagBag from /usr/local/python/3.10.13/lib/python3.10/site-packages/airflow/example_dags/example_latest_only_with_trigger.py
[2024-07-02T19:15:29.350+0000] {processor.py:840} INFO - DAG(s) 'latest_only_with_trigger' retrieved from /usr/local/python/3.10.13/lib/python3.10/site-packages/airflow/example_dags/example_latest_only_with_trigger.py
[2024-07-02T19:15:29.361+0000] {logging_mixin.py:188} INFO - [2024-07-02T19:15:29.361+0000] {dag.py:3096} INFO - Sync 1 DAGs
[2024-07-02T19:15:29.375+0000] {logging_mixin.py:188} INFO - [2024-07-02T19:15:29.375+0000] {dag.py:3954} INFO - Setting next_dagrun for latest_only_with_trigger to 2024-07-02 12:00:00+00:00, run_after=2024-07-02 16:00:00+00:00
[2024-07-02T19:15:29.416+0000] {processor.py:183} INFO - Processing /usr/local/python/3.10.13/lib/python3.10/site-packages/airflow/example_dags/example_latest_only_with_trigger.py took 0.076 seconds
[2024-07-02T19:16:33.297+0000] {processor.py:161} INFO - Started process (PID=8399) to work on /usr/local/python/3.10.13/lib/python3.10/site-packages/airflow/example_dags/example_latest_only_with_trigger.py
[2024-07-02T19:16:33.298+0000] {processor.py:830} INFO - Processing file /usr/local/python/3.10.13/lib/python3.10/site-packages/airflow/example_dags/example_latest_only_with_trigger.py for tasks to queue
[2024-07-02T19:16:33.298+0000] {logging_mixin.py:188} INFO - [2024-07-02T19:16:33.298+0000] {dagbag.py:545} INFO - Filling up the DagBag from /usr/local/python/3.10.13/lib/python3.10/site-packages/airflow/example_dags/example_latest_only_with_trigger.py
[2024-07-02T19:16:33.303+0000] {processor.py:840} INFO - DAG(s) 'latest_only_with_trigger' retrieved from /usr/local/python/3.10.13/lib/python3.10/site-packages/airflow/example_dags/example_latest_only_with_trigger.py
[2024-07-02T19:16:33.317+0000] {logging_mixin.py:188} INFO - [2024-07-02T19:16:33.317+0000] {dag.py:3096} INFO - Sync 1 DAGs
[2024-07-02T19:16:33.338+0000] {logging_mixin.py:188} INFO - [2024-07-02T19:16:33.337+0000] {dag.py:3954} INFO - Setting next_dagrun for latest_only_with_trigger to 2024-07-02 12:00:00+00:00, run_after=2024-07-02 16:00:00+00:00
[2024-07-02T19:16:33.392+0000] {processor.py:183} INFO - Processing /usr/local/python/3.10.13/lib/python3.10/site-packages/airflow/example_dags/example_latest_only_with_trigger.py took 0.100 seconds
[2024-07-02T19:17:40.724+0000] {processor.py:161} INFO - Started process (PID=8914) to work on /usr/local/python/3.10.13/lib/python3.10/site-packages/airflow/example_dags/example_latest_only_with_trigger.py
[2024-07-02T19:17:40.725+0000] {processor.py:830} INFO - Processing file /usr/local/python/3.10.13/lib/python3.10/site-packages/airflow/example_dags/example_latest_only_with_trigger.py for tasks to queue
[2024-07-02T19:17:40.726+0000] {logging_mixin.py:188} INFO - [2024-07-02T19:17:40.725+0000] {dagbag.py:545} INFO - Filling up the DagBag from /usr/local/python/3.10.13/lib/python3.10/site-packages/airflow/example_dags/example_latest_only_with_trigger.py
[2024-07-02T19:17:40.730+0000] {processor.py:840} INFO - DAG(s) 'latest_only_with_trigger' retrieved from /usr/local/python/3.10.13/lib/python3.10/site-packages/airflow/example_dags/example_latest_only_with_trigger.py
[2024-07-02T19:17:40.742+0000] {logging_mixin.py:188} INFO - [2024-07-02T19:17:40.742+0000] {dag.py:3096} INFO - Sync 1 DAGs
[2024-07-02T19:17:40.757+0000] {logging_mixin.py:188} INFO - [2024-07-02T19:17:40.756+0000] {dag.py:3954} INFO - Setting next_dagrun for latest_only_with_trigger to 2024-07-02 12:00:00+00:00, run_after=2024-07-02 16:00:00+00:00
[2024-07-02T19:17:40.797+0000] {processor.py:183} INFO - Processing /usr/local/python/3.10.13/lib/python3.10/site-packages/airflow/example_dags/example_latest_only_with_trigger.py took 0.077 seconds
[2024-07-02T19:18:44.021+0000] {processor.py:161} INFO - Started process (PID=9389) to work on /usr/local/python/3.10.13/lib/python3.10/site-packages/airflow/example_dags/example_latest_only_with_trigger.py
[2024-07-02T19:18:44.022+0000] {processor.py:830} INFO - Processing file /usr/local/python/3.10.13/lib/python3.10/site-packages/airflow/example_dags/example_latest_only_with_trigger.py for tasks to queue
[2024-07-02T19:18:44.022+0000] {logging_mixin.py:188} INFO - [2024-07-02T19:18:44.022+0000] {dagbag.py:545} INFO - Filling up the DagBag from /usr/local/python/3.10.13/lib/python3.10/site-packages/airflow/example_dags/example_latest_only_with_trigger.py
[2024-07-02T19:18:44.027+0000] {processor.py:840} INFO - DAG(s) 'latest_only_with_trigger' retrieved from /usr/local/python/3.10.13/lib/python3.10/site-packages/airflow/example_dags/example_latest_only_with_trigger.py
[2024-07-02T19:18:44.039+0000] {logging_mixin.py:188} INFO - [2024-07-02T19:18:44.039+0000] {dag.py:3096} INFO - Sync 1 DAGs
[2024-07-02T19:18:44.054+0000] {logging_mixin.py:188} INFO - [2024-07-02T19:18:44.054+0000] {dag.py:3954} INFO - Setting next_dagrun for latest_only_with_trigger to 2024-07-02 12:00:00+00:00, run_after=2024-07-02 16:00:00+00:00
[2024-07-02T19:18:44.095+0000] {processor.py:183} INFO - Processing /usr/local/python/3.10.13/lib/python3.10/site-packages/airflow/example_dags/example_latest_only_with_trigger.py took 0.079 seconds
[2024-07-02T19:19:50.679+0000] {processor.py:161} INFO - Started process (PID=9904) to work on /usr/local/python/3.10.13/lib/python3.10/site-packages/airflow/example_dags/example_latest_only_with_trigger.py
[2024-07-02T19:19:50.680+0000] {processor.py:830} INFO - Processing file /usr/local/python/3.10.13/lib/python3.10/site-packages/airflow/example_dags/example_latest_only_with_trigger.py for tasks to queue
[2024-07-02T19:19:50.681+0000] {logging_mixin.py:188} INFO - [2024-07-02T19:19:50.680+0000] {dagbag.py:545} INFO - Filling up the DagBag from /usr/local/python/3.10.13/lib/python3.10/site-packages/airflow/example_dags/example_latest_only_with_trigger.py
[2024-07-02T19:19:50.685+0000] {processor.py:840} INFO - DAG(s) 'latest_only_with_trigger' retrieved from /usr/local/python/3.10.13/lib/python3.10/site-packages/airflow/example_dags/example_latest_only_with_trigger.py
[2024-07-02T19:19:50.697+0000] {logging_mixin.py:188} INFO - [2024-07-02T19:19:50.697+0000] {dag.py:3096} INFO - Sync 1 DAGs
[2024-07-02T19:19:50.711+0000] {logging_mixin.py:188} INFO - [2024-07-02T19:19:50.711+0000] {dag.py:3954} INFO - Setting next_dagrun for latest_only_with_trigger to 2024-07-02 12:00:00+00:00, run_after=2024-07-02 16:00:00+00:00
[2024-07-02T19:19:50.751+0000] {processor.py:183} INFO - Processing /usr/local/python/3.10.13/lib/python3.10/site-packages/airflow/example_dags/example_latest_only_with_trigger.py took 0.076 seconds
[2024-07-02T19:21:00.625+0000] {processor.py:161} INFO - Started process (PID=10411) to work on /usr/local/python/3.10.13/lib/python3.10/site-packages/airflow/example_dags/example_latest_only_with_trigger.py
[2024-07-02T19:21:00.632+0000] {processor.py:830} INFO - Processing file /usr/local/python/3.10.13/lib/python3.10/site-packages/airflow/example_dags/example_latest_only_with_trigger.py for tasks to queue
[2024-07-02T19:21:00.633+0000] {logging_mixin.py:188} INFO - [2024-07-02T19:21:00.632+0000] {dagbag.py:545} INFO - Filling up the DagBag from /usr/local/python/3.10.13/lib/python3.10/site-packages/airflow/example_dags/example_latest_only_with_trigger.py
[2024-07-02T19:21:00.639+0000] {processor.py:840} INFO - DAG(s) 'latest_only_with_trigger' retrieved from /usr/local/python/3.10.13/lib/python3.10/site-packages/airflow/example_dags/example_latest_only_with_trigger.py
[2024-07-02T19:21:00.657+0000] {logging_mixin.py:188} INFO - [2024-07-02T19:21:00.657+0000] {dag.py:3096} INFO - Sync 1 DAGs
[2024-07-02T19:21:00.686+0000] {logging_mixin.py:188} INFO - [2024-07-02T19:21:00.686+0000] {dag.py:3954} INFO - Setting next_dagrun for latest_only_with_trigger to 2024-07-02 12:00:00+00:00, run_after=2024-07-02 16:00:00+00:00
[2024-07-02T19:21:00.731+0000] {processor.py:183} INFO - Processing /usr/local/python/3.10.13/lib/python3.10/site-packages/airflow/example_dags/example_latest_only_with_trigger.py took 0.113 seconds
[2024-07-02T19:22:10.951+0000] {processor.py:161} INFO - Started process (PID=10950) to work on /usr/local/python/3.10.13/lib/python3.10/site-packages/airflow/example_dags/example_latest_only_with_trigger.py
[2024-07-02T19:22:10.952+0000] {processor.py:830} INFO - Processing file /usr/local/python/3.10.13/lib/python3.10/site-packages/airflow/example_dags/example_latest_only_with_trigger.py for tasks to queue
[2024-07-02T19:22:10.952+0000] {logging_mixin.py:188} INFO - [2024-07-02T19:22:10.952+0000] {dagbag.py:545} INFO - Filling up the DagBag from /usr/local/python/3.10.13/lib/python3.10/site-packages/airflow/example_dags/example_latest_only_with_trigger.py
[2024-07-02T19:22:10.957+0000] {processor.py:840} INFO - DAG(s) 'latest_only_with_trigger' retrieved from /usr/local/python/3.10.13/lib/python3.10/site-packages/airflow/example_dags/example_latest_only_with_trigger.py
[2024-07-02T19:22:10.970+0000] {logging_mixin.py:188} INFO - [2024-07-02T19:22:10.970+0000] {dag.py:3096} INFO - Sync 1 DAGs
[2024-07-02T19:22:10.986+0000] {logging_mixin.py:188} INFO - [2024-07-02T19:22:10.986+0000] {dag.py:3954} INFO - Setting next_dagrun for latest_only_with_trigger to 2024-07-02 12:00:00+00:00, run_after=2024-07-02 16:00:00+00:00
[2024-07-02T19:22:11.027+0000] {processor.py:183} INFO - Processing /usr/local/python/3.10.13/lib/python3.10/site-packages/airflow/example_dags/example_latest_only_with_trigger.py took 0.081 seconds
[2024-07-02T19:23:14.872+0000] {processor.py:161} INFO - Started process (PID=11445) to work on /usr/local/python/3.10.13/lib/python3.10/site-packages/airflow/example_dags/example_latest_only_with_trigger.py
[2024-07-02T19:23:14.873+0000] {processor.py:830} INFO - Processing file /usr/local/python/3.10.13/lib/python3.10/site-packages/airflow/example_dags/example_latest_only_with_trigger.py for tasks to queue
[2024-07-02T19:23:14.874+0000] {logging_mixin.py:188} INFO - [2024-07-02T19:23:14.873+0000] {dagbag.py:545} INFO - Filling up the DagBag from /usr/local/python/3.10.13/lib/python3.10/site-packages/airflow/example_dags/example_latest_only_with_trigger.py
[2024-07-02T19:23:14.878+0000] {processor.py:840} INFO - DAG(s) 'latest_only_with_trigger' retrieved from /usr/local/python/3.10.13/lib/python3.10/site-packages/airflow/example_dags/example_latest_only_with_trigger.py
[2024-07-02T19:23:14.890+0000] {logging_mixin.py:188} INFO - [2024-07-02T19:23:14.890+0000] {dag.py:3096} INFO - Sync 1 DAGs
[2024-07-02T19:23:14.907+0000] {logging_mixin.py:188} INFO - [2024-07-02T19:23:14.907+0000] {dag.py:3954} INFO - Setting next_dagrun for latest_only_with_trigger to 2024-07-02 12:00:00+00:00, run_after=2024-07-02 16:00:00+00:00
[2024-07-02T19:23:14.949+0000] {processor.py:183} INFO - Processing /usr/local/python/3.10.13/lib/python3.10/site-packages/airflow/example_dags/example_latest_only_with_trigger.py took 0.081 seconds
[2024-07-02T19:24:18.465+0000] {processor.py:161} INFO - Started process (PID=11924) to work on /usr/local/python/3.10.13/lib/python3.10/site-packages/airflow/example_dags/example_latest_only_with_trigger.py
[2024-07-02T19:24:18.465+0000] {processor.py:830} INFO - Processing file /usr/local/python/3.10.13/lib/python3.10/site-packages/airflow/example_dags/example_latest_only_with_trigger.py for tasks to queue
[2024-07-02T19:24:18.466+0000] {logging_mixin.py:188} INFO - [2024-07-02T19:24:18.466+0000] {dagbag.py:545} INFO - Filling up the DagBag from /usr/local/python/3.10.13/lib/python3.10/site-packages/airflow/example_dags/example_latest_only_with_trigger.py
[2024-07-02T19:24:18.470+0000] {processor.py:840} INFO - DAG(s) 'latest_only_with_trigger' retrieved from /usr/local/python/3.10.13/lib/python3.10/site-packages/airflow/example_dags/example_latest_only_with_trigger.py
[2024-07-02T19:24:18.482+0000] {logging_mixin.py:188} INFO - [2024-07-02T19:24:18.482+0000] {dag.py:3096} INFO - Sync 1 DAGs
[2024-07-02T19:24:18.496+0000] {logging_mixin.py:188} INFO - [2024-07-02T19:24:18.496+0000] {dag.py:3954} INFO - Setting next_dagrun for latest_only_with_trigger to 2024-07-02 12:00:00+00:00, run_after=2024-07-02 16:00:00+00:00
[2024-07-02T19:24:18.537+0000] {processor.py:183} INFO - Processing /usr/local/python/3.10.13/lib/python3.10/site-packages/airflow/example_dags/example_latest_only_with_trigger.py took 0.077 seconds
[2024-07-02T19:25:22.542+0000] {processor.py:161} INFO - Started process (PID=12411) to work on /usr/local/python/3.10.13/lib/python3.10/site-packages/airflow/example_dags/example_latest_only_with_trigger.py
[2024-07-02T19:25:22.543+0000] {processor.py:830} INFO - Processing file /usr/local/python/3.10.13/lib/python3.10/site-packages/airflow/example_dags/example_latest_only_with_trigger.py for tasks to queue
[2024-07-02T19:25:22.544+0000] {logging_mixin.py:188} INFO - [2024-07-02T19:25:22.543+0000] {dagbag.py:545} INFO - Filling up the DagBag from /usr/local/python/3.10.13/lib/python3.10/site-packages/airflow/example_dags/example_latest_only_with_trigger.py
[2024-07-02T19:25:22.548+0000] {processor.py:840} INFO - DAG(s) 'latest_only_with_trigger' retrieved from /usr/local/python/3.10.13/lib/python3.10/site-packages/airflow/example_dags/example_latest_only_with_trigger.py
[2024-07-02T19:25:22.560+0000] {logging_mixin.py:188} INFO - [2024-07-02T19:25:22.559+0000] {dag.py:3096} INFO - Sync 1 DAGs
[2024-07-02T19:25:22.574+0000] {logging_mixin.py:188} INFO - [2024-07-02T19:25:22.574+0000] {dag.py:3954} INFO - Setting next_dagrun for latest_only_with_trigger to 2024-07-02 12:00:00+00:00, run_after=2024-07-02 16:00:00+00:00
[2024-07-02T19:25:22.617+0000] {processor.py:183} INFO - Processing /usr/local/python/3.10.13/lib/python3.10/site-packages/airflow/example_dags/example_latest_only_with_trigger.py took 0.079 seconds
[2024-07-02T19:26:26.593+0000] {processor.py:161} INFO - Started process (PID=12890) to work on /usr/local/python/3.10.13/lib/python3.10/site-packages/airflow/example_dags/example_latest_only_with_trigger.py
[2024-07-02T19:26:26.594+0000] {processor.py:830} INFO - Processing file /usr/local/python/3.10.13/lib/python3.10/site-packages/airflow/example_dags/example_latest_only_with_trigger.py for tasks to queue
[2024-07-02T19:26:26.595+0000] {logging_mixin.py:188} INFO - [2024-07-02T19:26:26.594+0000] {dagbag.py:545} INFO - Filling up the DagBag from /usr/local/python/3.10.13/lib/python3.10/site-packages/airflow/example_dags/example_latest_only_with_trigger.py
[2024-07-02T19:26:26.599+0000] {processor.py:840} INFO - DAG(s) 'latest_only_with_trigger' retrieved from /usr/local/python/3.10.13/lib/python3.10/site-packages/airflow/example_dags/example_latest_only_with_trigger.py
[2024-07-02T19:26:26.611+0000] {logging_mixin.py:188} INFO - [2024-07-02T19:26:26.611+0000] {dag.py:3096} INFO - Sync 1 DAGs
[2024-07-02T19:26:26.626+0000] {logging_mixin.py:188} INFO - [2024-07-02T19:26:26.625+0000] {dag.py:3954} INFO - Setting next_dagrun for latest_only_with_trigger to 2024-07-02 12:00:00+00:00, run_after=2024-07-02 16:00:00+00:00
[2024-07-02T19:26:26.667+0000] {processor.py:183} INFO - Processing /usr/local/python/3.10.13/lib/python3.10/site-packages/airflow/example_dags/example_latest_only_with_trigger.py took 0.078 seconds
[2024-07-02T19:27:32.991+0000] {processor.py:161} INFO - Started process (PID=13458) to work on /usr/local/python/3.10.13/lib/python3.10/site-packages/airflow/example_dags/example_latest_only_with_trigger.py
[2024-07-02T19:27:32.992+0000] {processor.py:830} INFO - Processing file /usr/local/python/3.10.13/lib/python3.10/site-packages/airflow/example_dags/example_latest_only_with_trigger.py for tasks to queue
[2024-07-02T19:27:32.993+0000] {logging_mixin.py:188} INFO - [2024-07-02T19:27:32.993+0000] {dagbag.py:545} INFO - Filling up the DagBag from /usr/local/python/3.10.13/lib/python3.10/site-packages/airflow/example_dags/example_latest_only_with_trigger.py
[2024-07-02T19:27:33.000+0000] {processor.py:840} INFO - DAG(s) 'latest_only_with_trigger' retrieved from /usr/local/python/3.10.13/lib/python3.10/site-packages/airflow/example_dags/example_latest_only_with_trigger.py
[2024-07-02T19:27:33.017+0000] {logging_mixin.py:188} INFO - [2024-07-02T19:27:33.017+0000] {dag.py:3096} INFO - Sync 1 DAGs
[2024-07-02T19:27:33.040+0000] {logging_mixin.py:188} INFO - [2024-07-02T19:27:33.040+0000] {dag.py:3954} INFO - Setting next_dagrun for latest_only_with_trigger to 2024-07-02 12:00:00+00:00, run_after=2024-07-02 16:00:00+00:00
[2024-07-02T19:27:33.081+0000] {processor.py:183} INFO - Processing /usr/local/python/3.10.13/lib/python3.10/site-packages/airflow/example_dags/example_latest_only_with_trigger.py took 0.094 seconds
[2024-07-02T19:28:36.211+0000] {processor.py:161} INFO - Started process (PID=14002) to work on /usr/local/python/3.10.13/lib/python3.10/site-packages/airflow/example_dags/example_latest_only_with_trigger.py
[2024-07-02T19:28:36.212+0000] {processor.py:830} INFO - Processing file /usr/local/python/3.10.13/lib/python3.10/site-packages/airflow/example_dags/example_latest_only_with_trigger.py for tasks to queue
[2024-07-02T19:28:36.213+0000] {logging_mixin.py:188} INFO - [2024-07-02T19:28:36.213+0000] {dagbag.py:545} INFO - Filling up the DagBag from /usr/local/python/3.10.13/lib/python3.10/site-packages/airflow/example_dags/example_latest_only_with_trigger.py
[2024-07-02T19:28:36.217+0000] {processor.py:840} INFO - DAG(s) 'latest_only_with_trigger' retrieved from /usr/local/python/3.10.13/lib/python3.10/site-packages/airflow/example_dags/example_latest_only_with_trigger.py
[2024-07-02T19:28:36.230+0000] {logging_mixin.py:188} INFO - [2024-07-02T19:28:36.229+0000] {dag.py:3096} INFO - Sync 1 DAGs
[2024-07-02T19:28:36.244+0000] {logging_mixin.py:188} INFO - [2024-07-02T19:28:36.244+0000] {dag.py:3954} INFO - Setting next_dagrun for latest_only_with_trigger to 2024-07-02 12:00:00+00:00, run_after=2024-07-02 16:00:00+00:00
[2024-07-02T19:28:36.285+0000] {processor.py:183} INFO - Processing /usr/local/python/3.10.13/lib/python3.10/site-packages/airflow/example_dags/example_latest_only_with_trigger.py took 0.079 seconds
[2024-07-02T19:29:46.010+0000] {processor.py:161} INFO - Started process (PID=14581) to work on /usr/local/python/3.10.13/lib/python3.10/site-packages/airflow/example_dags/example_latest_only_with_trigger.py
[2024-07-02T19:29:46.011+0000] {processor.py:830} INFO - Processing file /usr/local/python/3.10.13/lib/python3.10/site-packages/airflow/example_dags/example_latest_only_with_trigger.py for tasks to queue
[2024-07-02T19:29:46.011+0000] {logging_mixin.py:188} INFO - [2024-07-02T19:29:46.011+0000] {dagbag.py:545} INFO - Filling up the DagBag from /usr/local/python/3.10.13/lib/python3.10/site-packages/airflow/example_dags/example_latest_only_with_trigger.py
[2024-07-02T19:29:46.016+0000] {processor.py:840} INFO - DAG(s) 'latest_only_with_trigger' retrieved from /usr/local/python/3.10.13/lib/python3.10/site-packages/airflow/example_dags/example_latest_only_with_trigger.py
[2024-07-02T19:29:46.028+0000] {logging_mixin.py:188} INFO - [2024-07-02T19:29:46.028+0000] {dag.py:3096} INFO - Sync 1 DAGs
[2024-07-02T19:29:46.046+0000] {logging_mixin.py:188} INFO - [2024-07-02T19:29:46.045+0000] {dag.py:3954} INFO - Setting next_dagrun for latest_only_with_trigger to 2024-07-02 12:00:00+00:00, run_after=2024-07-02 16:00:00+00:00
[2024-07-02T19:29:46.102+0000] {processor.py:183} INFO - Processing /usr/local/python/3.10.13/lib/python3.10/site-packages/airflow/example_dags/example_latest_only_with_trigger.py took 0.097 seconds
[2024-07-02T19:30:54.033+0000] {processor.py:161} INFO - Started process (PID=15151) to work on /usr/local/python/3.10.13/lib/python3.10/site-packages/airflow/example_dags/example_latest_only_with_trigger.py
[2024-07-02T19:30:54.033+0000] {processor.py:830} INFO - Processing file /usr/local/python/3.10.13/lib/python3.10/site-packages/airflow/example_dags/example_latest_only_with_trigger.py for tasks to queue
[2024-07-02T19:30:54.034+0000] {logging_mixin.py:188} INFO - [2024-07-02T19:30:54.034+0000] {dagbag.py:545} INFO - Filling up the DagBag from /usr/local/python/3.10.13/lib/python3.10/site-packages/airflow/example_dags/example_latest_only_with_trigger.py
[2024-07-02T19:30:54.038+0000] {processor.py:840} INFO - DAG(s) 'latest_only_with_trigger' retrieved from /usr/local/python/3.10.13/lib/python3.10/site-packages/airflow/example_dags/example_latest_only_with_trigger.py
[2024-07-02T19:30:54.050+0000] {logging_mixin.py:188} INFO - [2024-07-02T19:30:54.050+0000] {dag.py:3096} INFO - Sync 1 DAGs
[2024-07-02T19:30:54.064+0000] {logging_mixin.py:188} INFO - [2024-07-02T19:30:54.064+0000] {dag.py:3954} INFO - Setting next_dagrun for latest_only_with_trigger to 2024-07-02 12:00:00+00:00, run_after=2024-07-02 16:00:00+00:00
[2024-07-02T19:30:54.111+0000] {processor.py:183} INFO - Processing /usr/local/python/3.10.13/lib/python3.10/site-packages/airflow/example_dags/example_latest_only_with_trigger.py took 0.082 seconds
[2024-07-02T19:31:41.994+0000] {processor.py:161} INFO - Started process (PID=15511) to work on /usr/local/python/3.10.13/lib/python3.10/site-packages/airflow/example_dags/example_latest_only_with_trigger.py
[2024-07-02T19:31:41.995+0000] {processor.py:830} INFO - Processing file /usr/local/python/3.10.13/lib/python3.10/site-packages/airflow/example_dags/example_latest_only_with_trigger.py for tasks to queue
[2024-07-02T19:31:41.996+0000] {logging_mixin.py:188} INFO - [2024-07-02T19:31:41.995+0000] {dagbag.py:545} INFO - Filling up the DagBag from /usr/local/python/3.10.13/lib/python3.10/site-packages/airflow/example_dags/example_latest_only_with_trigger.py
[2024-07-02T19:31:42.000+0000] {processor.py:840} INFO - DAG(s) 'latest_only_with_trigger' retrieved from /usr/local/python/3.10.13/lib/python3.10/site-packages/airflow/example_dags/example_latest_only_with_trigger.py
[2024-07-02T19:31:42.017+0000] {logging_mixin.py:188} INFO - [2024-07-02T19:31:42.017+0000] {dag.py:3096} INFO - Sync 1 DAGs
[2024-07-02T19:31:42.040+0000] {logging_mixin.py:188} INFO - [2024-07-02T19:31:42.039+0000] {dag.py:3954} INFO - Setting next_dagrun for latest_only_with_trigger to 2024-07-02 12:00:00+00:00, run_after=2024-07-02 16:00:00+00:00
[2024-07-02T19:31:42.110+0000] {processor.py:183} INFO - Processing /usr/local/python/3.10.13/lib/python3.10/site-packages/airflow/example_dags/example_latest_only_with_trigger.py took 0.120 seconds
[2024-07-02T19:32:47.946+0000] {processor.py:161} INFO - Started process (PID=16007) to work on /usr/local/python/3.10.13/lib/python3.10/site-packages/airflow/example_dags/example_latest_only_with_trigger.py
[2024-07-02T19:32:47.947+0000] {processor.py:830} INFO - Processing file /usr/local/python/3.10.13/lib/python3.10/site-packages/airflow/example_dags/example_latest_only_with_trigger.py for tasks to queue
[2024-07-02T19:32:47.948+0000] {logging_mixin.py:188} INFO - [2024-07-02T19:32:47.947+0000] {dagbag.py:545} INFO - Filling up the DagBag from /usr/local/python/3.10.13/lib/python3.10/site-packages/airflow/example_dags/example_latest_only_with_trigger.py
[2024-07-02T19:32:47.952+0000] {processor.py:840} INFO - DAG(s) 'latest_only_with_trigger' retrieved from /usr/local/python/3.10.13/lib/python3.10/site-packages/airflow/example_dags/example_latest_only_with_trigger.py
[2024-07-02T19:32:47.969+0000] {logging_mixin.py:188} INFO - [2024-07-02T19:32:47.969+0000] {dag.py:3096} INFO - Sync 1 DAGs
[2024-07-02T19:32:47.983+0000] {logging_mixin.py:188} INFO - [2024-07-02T19:32:47.983+0000] {dag.py:3954} INFO - Setting next_dagrun for latest_only_with_trigger to 2024-07-02 12:00:00+00:00, run_after=2024-07-02 16:00:00+00:00
[2024-07-02T19:32:48.028+0000] {processor.py:183} INFO - Processing /usr/local/python/3.10.13/lib/python3.10/site-packages/airflow/example_dags/example_latest_only_with_trigger.py took 0.086 seconds
[2024-07-02T19:33:53.988+0000] {processor.py:161} INFO - Started process (PID=16571) to work on /usr/local/python/3.10.13/lib/python3.10/site-packages/airflow/example_dags/example_latest_only_with_trigger.py
[2024-07-02T19:33:53.989+0000] {processor.py:830} INFO - Processing file /usr/local/python/3.10.13/lib/python3.10/site-packages/airflow/example_dags/example_latest_only_with_trigger.py for tasks to queue
[2024-07-02T19:33:53.989+0000] {logging_mixin.py:188} INFO - [2024-07-02T19:33:53.989+0000] {dagbag.py:545} INFO - Filling up the DagBag from /usr/local/python/3.10.13/lib/python3.10/site-packages/airflow/example_dags/example_latest_only_with_trigger.py
[2024-07-02T19:33:53.994+0000] {processor.py:840} INFO - DAG(s) 'latest_only_with_trigger' retrieved from /usr/local/python/3.10.13/lib/python3.10/site-packages/airflow/example_dags/example_latest_only_with_trigger.py
[2024-07-02T19:33:54.006+0000] {logging_mixin.py:188} INFO - [2024-07-02T19:33:54.006+0000] {dag.py:3096} INFO - Sync 1 DAGs
[2024-07-02T19:33:54.022+0000] {logging_mixin.py:188} INFO - [2024-07-02T19:33:54.022+0000] {dag.py:3954} INFO - Setting next_dagrun for latest_only_with_trigger to 2024-07-02 12:00:00+00:00, run_after=2024-07-02 16:00:00+00:00
[2024-07-02T19:33:54.069+0000] {processor.py:183} INFO - Processing /usr/local/python/3.10.13/lib/python3.10/site-packages/airflow/example_dags/example_latest_only_with_trigger.py took 0.086 seconds
[2024-07-02T19:34:43.450+0000] {processor.py:161} INFO - Started process (PID=16981) to work on /usr/local/python/3.10.13/lib/python3.10/site-packages/airflow/example_dags/example_latest_only_with_trigger.py
[2024-07-02T19:34:43.451+0000] {processor.py:830} INFO - Processing file /usr/local/python/3.10.13/lib/python3.10/site-packages/airflow/example_dags/example_latest_only_with_trigger.py for tasks to queue
[2024-07-02T19:34:43.452+0000] {logging_mixin.py:188} INFO - [2024-07-02T19:34:43.451+0000] {dagbag.py:545} INFO - Filling up the DagBag from /usr/local/python/3.10.13/lib/python3.10/site-packages/airflow/example_dags/example_latest_only_with_trigger.py
[2024-07-02T19:34:43.456+0000] {processor.py:840} INFO - DAG(s) 'latest_only_with_trigger' retrieved from /usr/local/python/3.10.13/lib/python3.10/site-packages/airflow/example_dags/example_latest_only_with_trigger.py
[2024-07-02T19:34:43.468+0000] {logging_mixin.py:188} INFO - [2024-07-02T19:34:43.468+0000] {dag.py:3096} INFO - Sync 1 DAGs
[2024-07-02T19:34:43.482+0000] {logging_mixin.py:188} INFO - [2024-07-02T19:34:43.482+0000] {dag.py:3954} INFO - Setting next_dagrun for latest_only_with_trigger to 2024-07-02 12:00:00+00:00, run_after=2024-07-02 16:00:00+00:00
[2024-07-02T19:34:43.521+0000] {processor.py:183} INFO - Processing /usr/local/python/3.10.13/lib/python3.10/site-packages/airflow/example_dags/example_latest_only_with_trigger.py took 0.075 seconds
[2024-07-02T19:35:52.471+0000] {processor.py:161} INFO - Started process (PID=17608) to work on /usr/local/python/3.10.13/lib/python3.10/site-packages/airflow/example_dags/example_latest_only_with_trigger.py
[2024-07-02T19:35:52.471+0000] {processor.py:830} INFO - Processing file /usr/local/python/3.10.13/lib/python3.10/site-packages/airflow/example_dags/example_latest_only_with_trigger.py for tasks to queue
[2024-07-02T19:35:52.472+0000] {logging_mixin.py:188} INFO - [2024-07-02T19:35:52.472+0000] {dagbag.py:545} INFO - Filling up the DagBag from /usr/local/python/3.10.13/lib/python3.10/site-packages/airflow/example_dags/example_latest_only_with_trigger.py
[2024-07-02T19:35:52.477+0000] {processor.py:840} INFO - DAG(s) 'latest_only_with_trigger' retrieved from /usr/local/python/3.10.13/lib/python3.10/site-packages/airflow/example_dags/example_latest_only_with_trigger.py
[2024-07-02T19:35:52.488+0000] {logging_mixin.py:188} INFO - [2024-07-02T19:35:52.488+0000] {dag.py:3096} INFO - Sync 1 DAGs
[2024-07-02T19:35:52.503+0000] {logging_mixin.py:188} INFO - [2024-07-02T19:35:52.502+0000] {dag.py:3954} INFO - Setting next_dagrun for latest_only_with_trigger to 2024-07-02 12:00:00+00:00, run_after=2024-07-02 16:00:00+00:00
[2024-07-02T19:35:52.542+0000] {processor.py:183} INFO - Processing /usr/local/python/3.10.13/lib/python3.10/site-packages/airflow/example_dags/example_latest_only_with_trigger.py took 0.076 seconds
[2024-07-02T19:36:45.762+0000] {processor.py:161} INFO - Started process (PID=17998) to work on /usr/local/python/3.10.13/lib/python3.10/site-packages/airflow/example_dags/example_latest_only_with_trigger.py
[2024-07-02T19:36:45.763+0000] {processor.py:830} INFO - Processing file /usr/local/python/3.10.13/lib/python3.10/site-packages/airflow/example_dags/example_latest_only_with_trigger.py for tasks to queue
[2024-07-02T19:36:45.764+0000] {logging_mixin.py:188} INFO - [2024-07-02T19:36:45.763+0000] {dagbag.py:545} INFO - Filling up the DagBag from /usr/local/python/3.10.13/lib/python3.10/site-packages/airflow/example_dags/example_latest_only_with_trigger.py
[2024-07-02T19:36:45.770+0000] {processor.py:840} INFO - DAG(s) 'latest_only_with_trigger' retrieved from /usr/local/python/3.10.13/lib/python3.10/site-packages/airflow/example_dags/example_latest_only_with_trigger.py
[2024-07-02T19:36:45.781+0000] {logging_mixin.py:188} INFO - [2024-07-02T19:36:45.781+0000] {dag.py:3096} INFO - Sync 1 DAGs
[2024-07-02T19:36:45.796+0000] {logging_mixin.py:188} INFO - [2024-07-02T19:36:45.795+0000] {dag.py:3954} INFO - Setting next_dagrun for latest_only_with_trigger to 2024-07-02 12:00:00+00:00, run_after=2024-07-02 16:00:00+00:00
[2024-07-02T19:36:45.836+0000] {processor.py:183} INFO - Processing /usr/local/python/3.10.13/lib/python3.10/site-packages/airflow/example_dags/example_latest_only_with_trigger.py took 0.081 seconds
[2024-07-02T19:37:37.862+0000] {processor.py:161} INFO - Started process (PID=18374) to work on /usr/local/python/3.10.13/lib/python3.10/site-packages/airflow/example_dags/example_latest_only_with_trigger.py
[2024-07-02T19:37:37.863+0000] {processor.py:830} INFO - Processing file /usr/local/python/3.10.13/lib/python3.10/site-packages/airflow/example_dags/example_latest_only_with_trigger.py for tasks to queue
[2024-07-02T19:37:37.864+0000] {logging_mixin.py:188} INFO - [2024-07-02T19:37:37.863+0000] {dagbag.py:545} INFO - Filling up the DagBag from /usr/local/python/3.10.13/lib/python3.10/site-packages/airflow/example_dags/example_latest_only_with_trigger.py
[2024-07-02T19:37:37.870+0000] {processor.py:840} INFO - DAG(s) 'latest_only_with_trigger' retrieved from /usr/local/python/3.10.13/lib/python3.10/site-packages/airflow/example_dags/example_latest_only_with_trigger.py
[2024-07-02T19:37:37.887+0000] {logging_mixin.py:188} INFO - [2024-07-02T19:37:37.887+0000] {dag.py:3096} INFO - Sync 1 DAGs
[2024-07-02T19:37:37.910+0000] {logging_mixin.py:188} INFO - [2024-07-02T19:37:37.910+0000] {dag.py:3954} INFO - Setting next_dagrun for latest_only_with_trigger to 2024-07-02 12:00:00+00:00, run_after=2024-07-02 16:00:00+00:00
[2024-07-02T19:37:37.967+0000] {processor.py:183} INFO - Processing /usr/local/python/3.10.13/lib/python3.10/site-packages/airflow/example_dags/example_latest_only_with_trigger.py took 0.113 seconds
[2024-07-02T19:38:42.719+0000] {processor.py:161} INFO - Started process (PID=18847) to work on /usr/local/python/3.10.13/lib/python3.10/site-packages/airflow/example_dags/example_latest_only_with_trigger.py
[2024-07-02T19:38:42.720+0000] {processor.py:830} INFO - Processing file /usr/local/python/3.10.13/lib/python3.10/site-packages/airflow/example_dags/example_latest_only_with_trigger.py for tasks to queue
[2024-07-02T19:38:42.720+0000] {logging_mixin.py:188} INFO - [2024-07-02T19:38:42.720+0000] {dagbag.py:545} INFO - Filling up the DagBag from /usr/local/python/3.10.13/lib/python3.10/site-packages/airflow/example_dags/example_latest_only_with_trigger.py
[2024-07-02T19:38:42.725+0000] {processor.py:840} INFO - DAG(s) 'latest_only_with_trigger' retrieved from /usr/local/python/3.10.13/lib/python3.10/site-packages/airflow/example_dags/example_latest_only_with_trigger.py
[2024-07-02T19:38:42.737+0000] {logging_mixin.py:188} INFO - [2024-07-02T19:38:42.737+0000] {dag.py:3096} INFO - Sync 1 DAGs
[2024-07-02T19:38:42.751+0000] {logging_mixin.py:188} INFO - [2024-07-02T19:38:42.751+0000] {dag.py:3954} INFO - Setting next_dagrun for latest_only_with_trigger to 2024-07-02 12:00:00+00:00, run_after=2024-07-02 16:00:00+00:00
[2024-07-02T19:38:42.790+0000] {processor.py:183} INFO - Processing /usr/local/python/3.10.13/lib/python3.10/site-packages/airflow/example_dags/example_latest_only_with_trigger.py took 0.076 seconds
[2024-07-02T19:39:48.891+0000] {processor.py:161} INFO - Started process (PID=19332) to work on /usr/local/python/3.10.13/lib/python3.10/site-packages/airflow/example_dags/example_latest_only_with_trigger.py
[2024-07-02T19:39:48.891+0000] {processor.py:830} INFO - Processing file /usr/local/python/3.10.13/lib/python3.10/site-packages/airflow/example_dags/example_latest_only_with_trigger.py for tasks to queue
[2024-07-02T19:39:48.892+0000] {logging_mixin.py:188} INFO - [2024-07-02T19:39:48.892+0000] {dagbag.py:545} INFO - Filling up the DagBag from /usr/local/python/3.10.13/lib/python3.10/site-packages/airflow/example_dags/example_latest_only_with_trigger.py
[2024-07-02T19:39:48.896+0000] {processor.py:840} INFO - DAG(s) 'latest_only_with_trigger' retrieved from /usr/local/python/3.10.13/lib/python3.10/site-packages/airflow/example_dags/example_latest_only_with_trigger.py
[2024-07-02T19:39:48.908+0000] {logging_mixin.py:188} INFO - [2024-07-02T19:39:48.908+0000] {dag.py:3096} INFO - Sync 1 DAGs
[2024-07-02T19:39:48.922+0000] {logging_mixin.py:188} INFO - [2024-07-02T19:39:48.922+0000] {dag.py:3954} INFO - Setting next_dagrun for latest_only_with_trigger to 2024-07-02 12:00:00+00:00, run_after=2024-07-02 16:00:00+00:00
[2024-07-02T19:39:48.962+0000] {processor.py:183} INFO - Processing /usr/local/python/3.10.13/lib/python3.10/site-packages/airflow/example_dags/example_latest_only_with_trigger.py took 0.076 seconds
[2024-07-02T19:40:45.520+0000] {processor.py:161} INFO - Started process (PID=19764) to work on /usr/local/python/3.10.13/lib/python3.10/site-packages/airflow/example_dags/example_latest_only_with_trigger.py
[2024-07-02T19:40:45.521+0000] {processor.py:830} INFO - Processing file /usr/local/python/3.10.13/lib/python3.10/site-packages/airflow/example_dags/example_latest_only_with_trigger.py for tasks to queue
[2024-07-02T19:40:45.521+0000] {logging_mixin.py:188} INFO - [2024-07-02T19:40:45.521+0000] {dagbag.py:545} INFO - Filling up the DagBag from /usr/local/python/3.10.13/lib/python3.10/site-packages/airflow/example_dags/example_latest_only_with_trigger.py
[2024-07-02T19:40:45.526+0000] {processor.py:840} INFO - DAG(s) 'latest_only_with_trigger' retrieved from /usr/local/python/3.10.13/lib/python3.10/site-packages/airflow/example_dags/example_latest_only_with_trigger.py
[2024-07-02T19:40:45.540+0000] {logging_mixin.py:188} INFO - [2024-07-02T19:40:45.540+0000] {dag.py:3096} INFO - Sync 1 DAGs
[2024-07-02T19:40:45.554+0000] {logging_mixin.py:188} INFO - [2024-07-02T19:40:45.554+0000] {dag.py:3954} INFO - Setting next_dagrun for latest_only_with_trigger to 2024-07-02 12:00:00+00:00, run_after=2024-07-02 16:00:00+00:00
[2024-07-02T19:40:45.592+0000] {processor.py:183} INFO - Processing /usr/local/python/3.10.13/lib/python3.10/site-packages/airflow/example_dags/example_latest_only_with_trigger.py took 0.077 seconds
[2024-07-02T19:41:51.458+0000] {processor.py:161} INFO - Started process (PID=20269) to work on /usr/local/python/3.10.13/lib/python3.10/site-packages/airflow/example_dags/example_latest_only_with_trigger.py
[2024-07-02T19:41:51.459+0000] {processor.py:830} INFO - Processing file /usr/local/python/3.10.13/lib/python3.10/site-packages/airflow/example_dags/example_latest_only_with_trigger.py for tasks to queue
[2024-07-02T19:41:51.459+0000] {logging_mixin.py:188} INFO - [2024-07-02T19:41:51.459+0000] {dagbag.py:545} INFO - Filling up the DagBag from /usr/local/python/3.10.13/lib/python3.10/site-packages/airflow/example_dags/example_latest_only_with_trigger.py
[2024-07-02T19:41:51.464+0000] {processor.py:840} INFO - DAG(s) 'latest_only_with_trigger' retrieved from /usr/local/python/3.10.13/lib/python3.10/site-packages/airflow/example_dags/example_latest_only_with_trigger.py
[2024-07-02T19:41:51.476+0000] {logging_mixin.py:188} INFO - [2024-07-02T19:41:51.476+0000] {dag.py:3096} INFO - Sync 1 DAGs
[2024-07-02T19:41:51.490+0000] {logging_mixin.py:188} INFO - [2024-07-02T19:41:51.490+0000] {dag.py:3954} INFO - Setting next_dagrun for latest_only_with_trigger to 2024-07-02 12:00:00+00:00, run_after=2024-07-02 16:00:00+00:00
[2024-07-02T19:41:51.530+0000] {processor.py:183} INFO - Processing /usr/local/python/3.10.13/lib/python3.10/site-packages/airflow/example_dags/example_latest_only_with_trigger.py took 0.077 seconds
[2024-07-02T19:42:53.732+0000] {processor.py:161} INFO - Started process (PID=20802) to work on /usr/local/python/3.10.13/lib/python3.10/site-packages/airflow/example_dags/example_latest_only_with_trigger.py
[2024-07-02T19:42:53.732+0000] {processor.py:830} INFO - Processing file /usr/local/python/3.10.13/lib/python3.10/site-packages/airflow/example_dags/example_latest_only_with_trigger.py for tasks to queue
[2024-07-02T19:42:53.733+0000] {logging_mixin.py:188} INFO - [2024-07-02T19:42:53.733+0000] {dagbag.py:545} INFO - Filling up the DagBag from /usr/local/python/3.10.13/lib/python3.10/site-packages/airflow/example_dags/example_latest_only_with_trigger.py
[2024-07-02T19:42:53.738+0000] {processor.py:840} INFO - DAG(s) 'latest_only_with_trigger' retrieved from /usr/local/python/3.10.13/lib/python3.10/site-packages/airflow/example_dags/example_latest_only_with_trigger.py
[2024-07-02T19:42:53.749+0000] {logging_mixin.py:188} INFO - [2024-07-02T19:42:53.749+0000] {dag.py:3096} INFO - Sync 1 DAGs
[2024-07-02T19:42:53.764+0000] {logging_mixin.py:188} INFO - [2024-07-02T19:42:53.763+0000] {dag.py:3954} INFO - Setting next_dagrun for latest_only_with_trigger to 2024-07-02 12:00:00+00:00, run_after=2024-07-02 16:00:00+00:00
[2024-07-02T19:42:53.807+0000] {processor.py:183} INFO - Processing /usr/local/python/3.10.13/lib/python3.10/site-packages/airflow/example_dags/example_latest_only_with_trigger.py took 0.080 seconds
[2024-07-02T19:43:43.807+0000] {processor.py:161} INFO - Started process (PID=21173) to work on /usr/local/python/3.10.13/lib/python3.10/site-packages/airflow/example_dags/example_latest_only_with_trigger.py
[2024-07-02T19:43:43.807+0000] {processor.py:830} INFO - Processing file /usr/local/python/3.10.13/lib/python3.10/site-packages/airflow/example_dags/example_latest_only_with_trigger.py for tasks to queue
[2024-07-02T19:43:43.808+0000] {logging_mixin.py:188} INFO - [2024-07-02T19:43:43.808+0000] {dagbag.py:545} INFO - Filling up the DagBag from /usr/local/python/3.10.13/lib/python3.10/site-packages/airflow/example_dags/example_latest_only_with_trigger.py
[2024-07-02T19:43:43.812+0000] {processor.py:840} INFO - DAG(s) 'latest_only_with_trigger' retrieved from /usr/local/python/3.10.13/lib/python3.10/site-packages/airflow/example_dags/example_latest_only_with_trigger.py
[2024-07-02T19:43:43.824+0000] {logging_mixin.py:188} INFO - [2024-07-02T19:43:43.824+0000] {dag.py:3096} INFO - Sync 1 DAGs
[2024-07-02T19:43:43.839+0000] {logging_mixin.py:188} INFO - [2024-07-02T19:43:43.838+0000] {dag.py:3954} INFO - Setting next_dagrun for latest_only_with_trigger to 2024-07-02 12:00:00+00:00, run_after=2024-07-02 16:00:00+00:00
[2024-07-02T19:43:43.880+0000] {processor.py:183} INFO - Processing /usr/local/python/3.10.13/lib/python3.10/site-packages/airflow/example_dags/example_latest_only_with_trigger.py took 0.078 seconds
[2024-07-02T19:44:35.820+0000] {processor.py:161} INFO - Started process (PID=21585) to work on /usr/local/python/3.10.13/lib/python3.10/site-packages/airflow/example_dags/example_latest_only_with_trigger.py
[2024-07-02T19:44:35.821+0000] {processor.py:830} INFO - Processing file /usr/local/python/3.10.13/lib/python3.10/site-packages/airflow/example_dags/example_latest_only_with_trigger.py for tasks to queue
[2024-07-02T19:44:35.822+0000] {logging_mixin.py:188} INFO - [2024-07-02T19:44:35.822+0000] {dagbag.py:545} INFO - Filling up the DagBag from /usr/local/python/3.10.13/lib/python3.10/site-packages/airflow/example_dags/example_latest_only_with_trigger.py
[2024-07-02T19:44:35.827+0000] {processor.py:840} INFO - DAG(s) 'latest_only_with_trigger' retrieved from /usr/local/python/3.10.13/lib/python3.10/site-packages/airflow/example_dags/example_latest_only_with_trigger.py
[2024-07-02T19:44:35.839+0000] {logging_mixin.py:188} INFO - [2024-07-02T19:44:35.839+0000] {dag.py:3096} INFO - Sync 1 DAGs
[2024-07-02T19:44:35.854+0000] {logging_mixin.py:188} INFO - [2024-07-02T19:44:35.854+0000] {dag.py:3954} INFO - Setting next_dagrun for latest_only_with_trigger to 2024-07-02 12:00:00+00:00, run_after=2024-07-02 16:00:00+00:00
[2024-07-02T19:44:35.894+0000] {processor.py:183} INFO - Processing /usr/local/python/3.10.13/lib/python3.10/site-packages/airflow/example_dags/example_latest_only_with_trigger.py took 0.078 seconds
[2024-07-02T19:45:36.875+0000] {processor.py:161} INFO - Started process (PID=22032) to work on /usr/local/python/3.10.13/lib/python3.10/site-packages/airflow/example_dags/example_latest_only_with_trigger.py
[2024-07-02T19:45:36.876+0000] {processor.py:830} INFO - Processing file /usr/local/python/3.10.13/lib/python3.10/site-packages/airflow/example_dags/example_latest_only_with_trigger.py for tasks to queue
[2024-07-02T19:45:36.877+0000] {logging_mixin.py:188} INFO - [2024-07-02T19:45:36.877+0000] {dagbag.py:545} INFO - Filling up the DagBag from /usr/local/python/3.10.13/lib/python3.10/site-packages/airflow/example_dags/example_latest_only_with_trigger.py
[2024-07-02T19:45:36.881+0000] {processor.py:840} INFO - DAG(s) 'latest_only_with_trigger' retrieved from /usr/local/python/3.10.13/lib/python3.10/site-packages/airflow/example_dags/example_latest_only_with_trigger.py
[2024-07-02T19:45:36.893+0000] {logging_mixin.py:188} INFO - [2024-07-02T19:45:36.893+0000] {dag.py:3096} INFO - Sync 1 DAGs
[2024-07-02T19:45:36.908+0000] {logging_mixin.py:188} INFO - [2024-07-02T19:45:36.908+0000] {dag.py:3954} INFO - Setting next_dagrun for latest_only_with_trigger to 2024-07-02 12:00:00+00:00, run_after=2024-07-02 16:00:00+00:00
[2024-07-02T19:45:36.950+0000] {processor.py:183} INFO - Processing /usr/local/python/3.10.13/lib/python3.10/site-packages/airflow/example_dags/example_latest_only_with_trigger.py took 0.079 seconds
[2024-07-02T19:46:42.344+0000] {processor.py:161} INFO - Started process (PID=22486) to work on /usr/local/python/3.10.13/lib/python3.10/site-packages/airflow/example_dags/example_latest_only_with_trigger.py
[2024-07-02T19:46:42.345+0000] {processor.py:830} INFO - Processing file /usr/local/python/3.10.13/lib/python3.10/site-packages/airflow/example_dags/example_latest_only_with_trigger.py for tasks to queue
[2024-07-02T19:46:42.346+0000] {logging_mixin.py:188} INFO - [2024-07-02T19:46:42.346+0000] {dagbag.py:545} INFO - Filling up the DagBag from /usr/local/python/3.10.13/lib/python3.10/site-packages/airflow/example_dags/example_latest_only_with_trigger.py
[2024-07-02T19:46:42.350+0000] {processor.py:840} INFO - DAG(s) 'latest_only_with_trigger' retrieved from /usr/local/python/3.10.13/lib/python3.10/site-packages/airflow/example_dags/example_latest_only_with_trigger.py
[2024-07-02T19:46:42.362+0000] {logging_mixin.py:188} INFO - [2024-07-02T19:46:42.362+0000] {dag.py:3096} INFO - Sync 1 DAGs
[2024-07-02T19:46:42.380+0000] {logging_mixin.py:188} INFO - [2024-07-02T19:46:42.380+0000] {dag.py:3954} INFO - Setting next_dagrun for latest_only_with_trigger to 2024-07-02 12:00:00+00:00, run_after=2024-07-02 16:00:00+00:00
[2024-07-02T19:46:42.437+0000] {processor.py:183} INFO - Processing /usr/local/python/3.10.13/lib/python3.10/site-packages/airflow/example_dags/example_latest_only_with_trigger.py took 0.097 seconds
[2024-07-02T19:47:31.470+0000] {processor.py:161} INFO - Started process (PID=22824) to work on /usr/local/python/3.10.13/lib/python3.10/site-packages/airflow/example_dags/example_latest_only_with_trigger.py
[2024-07-02T19:47:31.471+0000] {processor.py:830} INFO - Processing file /usr/local/python/3.10.13/lib/python3.10/site-packages/airflow/example_dags/example_latest_only_with_trigger.py for tasks to queue
[2024-07-02T19:47:31.472+0000] {logging_mixin.py:188} INFO - [2024-07-02T19:47:31.471+0000] {dagbag.py:545} INFO - Filling up the DagBag from /usr/local/python/3.10.13/lib/python3.10/site-packages/airflow/example_dags/example_latest_only_with_trigger.py
[2024-07-02T19:47:31.476+0000] {processor.py:840} INFO - DAG(s) 'latest_only_with_trigger' retrieved from /usr/local/python/3.10.13/lib/python3.10/site-packages/airflow/example_dags/example_latest_only_with_trigger.py
[2024-07-02T19:47:31.488+0000] {logging_mixin.py:188} INFO - [2024-07-02T19:47:31.488+0000] {dag.py:3096} INFO - Sync 1 DAGs
[2024-07-02T19:47:31.503+0000] {logging_mixin.py:188} INFO - [2024-07-02T19:47:31.503+0000] {dag.py:3954} INFO - Setting next_dagrun for latest_only_with_trigger to 2024-07-02 12:00:00+00:00, run_after=2024-07-02 16:00:00+00:00
[2024-07-02T19:47:31.544+0000] {processor.py:183} INFO - Processing /usr/local/python/3.10.13/lib/python3.10/site-packages/airflow/example_dags/example_latest_only_with_trigger.py took 0.078 seconds
[2024-07-02T19:48:31.720+0000] {processor.py:161} INFO - Started process (PID=23250) to work on /usr/local/python/3.10.13/lib/python3.10/site-packages/airflow/example_dags/example_latest_only_with_trigger.py
[2024-07-02T19:48:31.721+0000] {processor.py:830} INFO - Processing file /usr/local/python/3.10.13/lib/python3.10/site-packages/airflow/example_dags/example_latest_only_with_trigger.py for tasks to queue
[2024-07-02T19:48:31.722+0000] {logging_mixin.py:188} INFO - [2024-07-02T19:48:31.721+0000] {dagbag.py:545} INFO - Filling up the DagBag from /usr/local/python/3.10.13/lib/python3.10/site-packages/airflow/example_dags/example_latest_only_with_trigger.py
[2024-07-02T19:48:31.726+0000] {processor.py:840} INFO - DAG(s) 'latest_only_with_trigger' retrieved from /usr/local/python/3.10.13/lib/python3.10/site-packages/airflow/example_dags/example_latest_only_with_trigger.py
[2024-07-02T19:48:31.743+0000] {logging_mixin.py:188} INFO - [2024-07-02T19:48:31.743+0000] {dag.py:3096} INFO - Sync 1 DAGs
[2024-07-02T19:48:31.758+0000] {logging_mixin.py:188} INFO - [2024-07-02T19:48:31.758+0000] {dag.py:3954} INFO - Setting next_dagrun for latest_only_with_trigger to 2024-07-02 12:00:00+00:00, run_after=2024-07-02 16:00:00+00:00
[2024-07-02T19:48:31.798+0000] {processor.py:183} INFO - Processing /usr/local/python/3.10.13/lib/python3.10/site-packages/airflow/example_dags/example_latest_only_with_trigger.py took 0.082 seconds
[2024-07-02T19:49:39.015+0000] {processor.py:161} INFO - Started process (PID=23751) to work on /usr/local/python/3.10.13/lib/python3.10/site-packages/airflow/example_dags/example_latest_only_with_trigger.py
[2024-07-02T19:49:39.015+0000] {processor.py:830} INFO - Processing file /usr/local/python/3.10.13/lib/python3.10/site-packages/airflow/example_dags/example_latest_only_with_trigger.py for tasks to queue
[2024-07-02T19:49:39.016+0000] {logging_mixin.py:188} INFO - [2024-07-02T19:49:39.016+0000] {dagbag.py:545} INFO - Filling up the DagBag from /usr/local/python/3.10.13/lib/python3.10/site-packages/airflow/example_dags/example_latest_only_with_trigger.py
[2024-07-02T19:49:39.021+0000] {processor.py:840} INFO - DAG(s) 'latest_only_with_trigger' retrieved from /usr/local/python/3.10.13/lib/python3.10/site-packages/airflow/example_dags/example_latest_only_with_trigger.py
[2024-07-02T19:49:39.033+0000] {logging_mixin.py:188} INFO - [2024-07-02T19:49:39.032+0000] {dag.py:3096} INFO - Sync 1 DAGs
[2024-07-02T19:49:39.047+0000] {logging_mixin.py:188} INFO - [2024-07-02T19:49:39.046+0000] {dag.py:3954} INFO - Setting next_dagrun for latest_only_with_trigger to 2024-07-02 12:00:00+00:00, run_after=2024-07-02 16:00:00+00:00
[2024-07-02T19:49:39.086+0000] {processor.py:183} INFO - Processing /usr/local/python/3.10.13/lib/python3.10/site-packages/airflow/example_dags/example_latest_only_with_trigger.py took 0.076 seconds
[2024-07-02T19:50:45.001+0000] {processor.py:161} INFO - Started process (PID=24268) to work on /usr/local/python/3.10.13/lib/python3.10/site-packages/airflow/example_dags/example_latest_only_with_trigger.py
[2024-07-02T19:50:45.002+0000] {processor.py:830} INFO - Processing file /usr/local/python/3.10.13/lib/python3.10/site-packages/airflow/example_dags/example_latest_only_with_trigger.py for tasks to queue
[2024-07-02T19:50:45.003+0000] {logging_mixin.py:188} INFO - [2024-07-02T19:50:45.003+0000] {dagbag.py:545} INFO - Filling up the DagBag from /usr/local/python/3.10.13/lib/python3.10/site-packages/airflow/example_dags/example_latest_only_with_trigger.py
[2024-07-02T19:50:45.010+0000] {processor.py:840} INFO - DAG(s) 'latest_only_with_trigger' retrieved from /usr/local/python/3.10.13/lib/python3.10/site-packages/airflow/example_dags/example_latest_only_with_trigger.py
[2024-07-02T19:50:45.028+0000] {logging_mixin.py:188} INFO - [2024-07-02T19:50:45.027+0000] {dag.py:3096} INFO - Sync 1 DAGs
[2024-07-02T19:50:45.050+0000] {logging_mixin.py:188} INFO - [2024-07-02T19:50:45.050+0000] {dag.py:3954} INFO - Setting next_dagrun for latest_only_with_trigger to 2024-07-02 12:00:00+00:00, run_after=2024-07-02 16:00:00+00:00
[2024-07-02T19:50:45.097+0000] {processor.py:183} INFO - Processing /usr/local/python/3.10.13/lib/python3.10/site-packages/airflow/example_dags/example_latest_only_with_trigger.py took 0.101 seconds
[2024-07-02T19:51:53.778+0000] {processor.py:161} INFO - Started process (PID=24789) to work on /usr/local/python/3.10.13/lib/python3.10/site-packages/airflow/example_dags/example_latest_only_with_trigger.py
[2024-07-02T19:51:53.779+0000] {processor.py:830} INFO - Processing file /usr/local/python/3.10.13/lib/python3.10/site-packages/airflow/example_dags/example_latest_only_with_trigger.py for tasks to queue
[2024-07-02T19:51:53.780+0000] {logging_mixin.py:188} INFO - [2024-07-02T19:51:53.779+0000] {dagbag.py:545} INFO - Filling up the DagBag from /usr/local/python/3.10.13/lib/python3.10/site-packages/airflow/example_dags/example_latest_only_with_trigger.py
[2024-07-02T19:51:53.784+0000] {processor.py:840} INFO - DAG(s) 'latest_only_with_trigger' retrieved from /usr/local/python/3.10.13/lib/python3.10/site-packages/airflow/example_dags/example_latest_only_with_trigger.py
[2024-07-02T19:51:53.796+0000] {logging_mixin.py:188} INFO - [2024-07-02T19:51:53.795+0000] {dag.py:3096} INFO - Sync 1 DAGs
[2024-07-02T19:51:53.811+0000] {logging_mixin.py:188} INFO - [2024-07-02T19:51:53.811+0000] {dag.py:3954} INFO - Setting next_dagrun for latest_only_with_trigger to 2024-07-02 12:00:00+00:00, run_after=2024-07-02 16:00:00+00:00
[2024-07-02T19:51:53.854+0000] {processor.py:183} INFO - Processing /usr/local/python/3.10.13/lib/python3.10/site-packages/airflow/example_dags/example_latest_only_with_trigger.py took 0.081 seconds
[2024-07-02T19:53:00.038+0000] {processor.py:161} INFO - Started process (PID=25284) to work on /usr/local/python/3.10.13/lib/python3.10/site-packages/airflow/example_dags/example_latest_only_with_trigger.py
[2024-07-02T19:53:00.038+0000] {processor.py:830} INFO - Processing file /usr/local/python/3.10.13/lib/python3.10/site-packages/airflow/example_dags/example_latest_only_with_trigger.py for tasks to queue
[2024-07-02T19:53:00.039+0000] {logging_mixin.py:188} INFO - [2024-07-02T19:53:00.039+0000] {dagbag.py:545} INFO - Filling up the DagBag from /usr/local/python/3.10.13/lib/python3.10/site-packages/airflow/example_dags/example_latest_only_with_trigger.py
[2024-07-02T19:53:00.044+0000] {processor.py:840} INFO - DAG(s) 'latest_only_with_trigger' retrieved from /usr/local/python/3.10.13/lib/python3.10/site-packages/airflow/example_dags/example_latest_only_with_trigger.py
[2024-07-02T19:53:00.055+0000] {logging_mixin.py:188} INFO - [2024-07-02T19:53:00.055+0000] {dag.py:3096} INFO - Sync 1 DAGs
[2024-07-02T19:53:00.069+0000] {logging_mixin.py:188} INFO - [2024-07-02T19:53:00.069+0000] {dag.py:3954} INFO - Setting next_dagrun for latest_only_with_trigger to 2024-07-02 12:00:00+00:00, run_after=2024-07-02 16:00:00+00:00
[2024-07-02T19:53:00.109+0000] {processor.py:183} INFO - Processing /usr/local/python/3.10.13/lib/python3.10/site-packages/airflow/example_dags/example_latest_only_with_trigger.py took 0.076 seconds
[2024-07-02T19:54:07.214+0000] {processor.py:161} INFO - Started process (PID=25800) to work on /usr/local/python/3.10.13/lib/python3.10/site-packages/airflow/example_dags/example_latest_only_with_trigger.py
[2024-07-02T19:54:07.215+0000] {processor.py:830} INFO - Processing file /usr/local/python/3.10.13/lib/python3.10/site-packages/airflow/example_dags/example_latest_only_with_trigger.py for tasks to queue
[2024-07-02T19:54:07.216+0000] {logging_mixin.py:188} INFO - [2024-07-02T19:54:07.215+0000] {dagbag.py:545} INFO - Filling up the DagBag from /usr/local/python/3.10.13/lib/python3.10/site-packages/airflow/example_dags/example_latest_only_with_trigger.py
[2024-07-02T19:54:07.223+0000] {processor.py:840} INFO - DAG(s) 'latest_only_with_trigger' retrieved from /usr/local/python/3.10.13/lib/python3.10/site-packages/airflow/example_dags/example_latest_only_with_trigger.py
[2024-07-02T19:54:07.246+0000] {logging_mixin.py:188} INFO - [2024-07-02T19:54:07.246+0000] {dag.py:3096} INFO - Sync 1 DAGs
[2024-07-02T19:54:07.272+0000] {logging_mixin.py:188} INFO - [2024-07-02T19:54:07.272+0000] {dag.py:3954} INFO - Setting next_dagrun for latest_only_with_trigger to 2024-07-02 12:00:00+00:00, run_after=2024-07-02 16:00:00+00:00
[2024-07-02T19:54:07.319+0000] {processor.py:183} INFO - Processing /usr/local/python/3.10.13/lib/python3.10/site-packages/airflow/example_dags/example_latest_only_with_trigger.py took 0.112 seconds
[2024-07-02T19:55:09.618+0000] {processor.py:161} INFO - Started process (PID=26276) to work on /usr/local/python/3.10.13/lib/python3.10/site-packages/airflow/example_dags/example_latest_only_with_trigger.py
[2024-07-02T19:55:09.619+0000] {processor.py:830} INFO - Processing file /usr/local/python/3.10.13/lib/python3.10/site-packages/airflow/example_dags/example_latest_only_with_trigger.py for tasks to queue
[2024-07-02T19:55:09.619+0000] {logging_mixin.py:188} INFO - [2024-07-02T19:55:09.619+0000] {dagbag.py:545} INFO - Filling up the DagBag from /usr/local/python/3.10.13/lib/python3.10/site-packages/airflow/example_dags/example_latest_only_with_trigger.py
[2024-07-02T19:55:09.624+0000] {processor.py:840} INFO - DAG(s) 'latest_only_with_trigger' retrieved from /usr/local/python/3.10.13/lib/python3.10/site-packages/airflow/example_dags/example_latest_only_with_trigger.py
[2024-07-02T19:55:09.636+0000] {logging_mixin.py:188} INFO - [2024-07-02T19:55:09.636+0000] {dag.py:3096} INFO - Sync 1 DAGs
[2024-07-02T19:55:09.650+0000] {logging_mixin.py:188} INFO - [2024-07-02T19:55:09.650+0000] {dag.py:3954} INFO - Setting next_dagrun for latest_only_with_trigger to 2024-07-02 12:00:00+00:00, run_after=2024-07-02 16:00:00+00:00
[2024-07-02T19:55:09.690+0000] {processor.py:183} INFO - Processing /usr/local/python/3.10.13/lib/python3.10/site-packages/airflow/example_dags/example_latest_only_with_trigger.py took 0.077 seconds
[2024-07-02T19:55:56.168+0000] {processor.py:161} INFO - Started process (PID=26637) to work on /usr/local/python/3.10.13/lib/python3.10/site-packages/airflow/example_dags/example_latest_only_with_trigger.py
[2024-07-02T19:55:56.168+0000] {processor.py:830} INFO - Processing file /usr/local/python/3.10.13/lib/python3.10/site-packages/airflow/example_dags/example_latest_only_with_trigger.py for tasks to queue
[2024-07-02T19:55:56.169+0000] {logging_mixin.py:188} INFO - [2024-07-02T19:55:56.169+0000] {dagbag.py:545} INFO - Filling up the DagBag from /usr/local/python/3.10.13/lib/python3.10/site-packages/airflow/example_dags/example_latest_only_with_trigger.py
[2024-07-02T19:55:56.174+0000] {processor.py:840} INFO - DAG(s) 'latest_only_with_trigger' retrieved from /usr/local/python/3.10.13/lib/python3.10/site-packages/airflow/example_dags/example_latest_only_with_trigger.py
[2024-07-02T19:55:56.187+0000] {logging_mixin.py:188} INFO - [2024-07-02T19:55:56.187+0000] {dag.py:3096} INFO - Sync 1 DAGs
[2024-07-02T19:55:56.201+0000] {logging_mixin.py:188} INFO - [2024-07-02T19:55:56.201+0000] {dag.py:3954} INFO - Setting next_dagrun for latest_only_with_trigger to 2024-07-02 12:00:00+00:00, run_after=2024-07-02 16:00:00+00:00
[2024-07-02T19:55:56.242+0000] {processor.py:183} INFO - Processing /usr/local/python/3.10.13/lib/python3.10/site-packages/airflow/example_dags/example_latest_only_with_trigger.py took 0.079 seconds
[2024-07-02T19:57:12.269+0000] {processor.py:161} INFO - Started process (PID=27334) to work on /usr/local/python/3.10.13/lib/python3.10/site-packages/airflow/example_dags/example_latest_only_with_trigger.py
[2024-07-02T19:57:12.270+0000] {processor.py:830} INFO - Processing file /usr/local/python/3.10.13/lib/python3.10/site-packages/airflow/example_dags/example_latest_only_with_trigger.py for tasks to queue
[2024-07-02T19:57:12.271+0000] {logging_mixin.py:188} INFO - [2024-07-02T19:57:12.270+0000] {dagbag.py:545} INFO - Filling up the DagBag from /usr/local/python/3.10.13/lib/python3.10/site-packages/airflow/example_dags/example_latest_only_with_trigger.py
[2024-07-02T19:57:12.278+0000] {processor.py:840} INFO - DAG(s) 'latest_only_with_trigger' retrieved from /usr/local/python/3.10.13/lib/python3.10/site-packages/airflow/example_dags/example_latest_only_with_trigger.py
[2024-07-02T19:57:12.289+0000] {logging_mixin.py:188} INFO - [2024-07-02T19:57:12.289+0000] {dag.py:3096} INFO - Sync 1 DAGs
[2024-07-02T19:57:12.304+0000] {logging_mixin.py:188} INFO - [2024-07-02T19:57:12.304+0000] {dag.py:3954} INFO - Setting next_dagrun for latest_only_with_trigger to 2024-07-02 12:00:00+00:00, run_after=2024-07-02 16:00:00+00:00
[2024-07-02T19:57:12.346+0000] {processor.py:183} INFO - Processing /usr/local/python/3.10.13/lib/python3.10/site-packages/airflow/example_dags/example_latest_only_with_trigger.py took 0.084 seconds
