[2024-07-02T19:10:58.833+0000] {processor.py:161} INFO - Started process (PID=5852) to work on /usr/local/python/3.10.13/lib/python3.10/site-packages/airflow/example_dags/example_branch_labels.py
[2024-07-02T19:10:58.834+0000] {processor.py:830} INFO - Processing file /usr/local/python/3.10.13/lib/python3.10/site-packages/airflow/example_dags/example_branch_labels.py for tasks to queue
[2024-07-02T19:10:58.835+0000] {logging_mixin.py:188} INFO - [2024-07-02T19:10:58.834+0000] {dagbag.py:545} INFO - Filling up the DagBag from /usr/local/python/3.10.13/lib/python3.10/site-packages/airflow/example_dags/example_branch_labels.py
[2024-07-02T19:10:58.910+0000] {processor.py:840} INFO - DAG(s) 'example_branch_labels' retrieved from /usr/local/python/3.10.13/lib/python3.10/site-packages/airflow/example_dags/example_branch_labels.py
[2024-07-02T19:10:59.038+0000] {logging_mixin.py:188} INFO - [2024-07-02T19:10:59.038+0000] {override.py:1829} INFO - Created Permission View: can edit on DAG:example_branch_labels
[2024-07-02T19:10:59.075+0000] {logging_mixin.py:188} INFO - [2024-07-02T19:10:59.075+0000] {override.py:1829} INFO - Created Permission View: can read on DAG:example_branch_labels
[2024-07-02T19:10:59.108+0000] {logging_mixin.py:188} INFO - [2024-07-02T19:10:59.107+0000] {override.py:1829} INFO - Created Permission View: can delete on DAG:example_branch_labels
[2024-07-02T19:10:59.108+0000] {logging_mixin.py:188} INFO - [2024-07-02T19:10:59.108+0000] {dag.py:3096} INFO - Sync 1 DAGs
[2024-07-02T19:10:59.118+0000] {logging_mixin.py:188} INFO - [2024-07-02T19:10:59.118+0000] {dag.py:3118} INFO - Creating ORM DAG for example_branch_labels
[2024-07-02T19:10:59.125+0000] {logging_mixin.py:188} INFO - [2024-07-02T19:10:59.125+0000] {dag.py:3954} INFO - Setting next_dagrun for example_branch_labels to 2024-07-01 00:00:00+00:00, run_after=2024-07-02 00:00:00+00:00
[2024-07-02T19:10:59.177+0000] {processor.py:183} INFO - Processing /usr/local/python/3.10.13/lib/python3.10/site-packages/airflow/example_dags/example_branch_labels.py took 0.348 seconds
[2024-07-02T19:11:53.535+0000] {processor.py:161} INFO - Started process (PID=6277) to work on /usr/local/python/3.10.13/lib/python3.10/site-packages/airflow/example_dags/example_branch_labels.py
[2024-07-02T19:11:53.536+0000] {processor.py:830} INFO - Processing file /usr/local/python/3.10.13/lib/python3.10/site-packages/airflow/example_dags/example_branch_labels.py for tasks to queue
[2024-07-02T19:11:53.537+0000] {logging_mixin.py:188} INFO - [2024-07-02T19:11:53.537+0000] {dagbag.py:545} INFO - Filling up the DagBag from /usr/local/python/3.10.13/lib/python3.10/site-packages/airflow/example_dags/example_branch_labels.py
[2024-07-02T19:11:53.543+0000] {processor.py:840} INFO - DAG(s) 'example_branch_labels' retrieved from /usr/local/python/3.10.13/lib/python3.10/site-packages/airflow/example_dags/example_branch_labels.py
[2024-07-02T19:11:53.555+0000] {logging_mixin.py:188} INFO - [2024-07-02T19:11:53.555+0000] {dag.py:3096} INFO - Sync 1 DAGs
[2024-07-02T19:11:53.573+0000] {logging_mixin.py:188} INFO - [2024-07-02T19:11:53.573+0000] {dag.py:3954} INFO - Setting next_dagrun for example_branch_labels to 2024-07-01 00:00:00+00:00, run_after=2024-07-02 00:00:00+00:00
[2024-07-02T19:11:53.613+0000] {processor.py:183} INFO - Processing /usr/local/python/3.10.13/lib/python3.10/site-packages/airflow/example_dags/example_branch_labels.py took 0.083 seconds
[2024-07-02T19:12:43.111+0000] {processor.py:161} INFO - Started process (PID=6640) to work on /usr/local/python/3.10.13/lib/python3.10/site-packages/airflow/example_dags/example_branch_labels.py
[2024-07-02T19:12:43.112+0000] {processor.py:830} INFO - Processing file /usr/local/python/3.10.13/lib/python3.10/site-packages/airflow/example_dags/example_branch_labels.py for tasks to queue
[2024-07-02T19:12:43.113+0000] {logging_mixin.py:188} INFO - [2024-07-02T19:12:43.113+0000] {dagbag.py:545} INFO - Filling up the DagBag from /usr/local/python/3.10.13/lib/python3.10/site-packages/airflow/example_dags/example_branch_labels.py
[2024-07-02T19:12:43.119+0000] {processor.py:840} INFO - DAG(s) 'example_branch_labels' retrieved from /usr/local/python/3.10.13/lib/python3.10/site-packages/airflow/example_dags/example_branch_labels.py
[2024-07-02T19:12:43.131+0000] {logging_mixin.py:188} INFO - [2024-07-02T19:12:43.131+0000] {dag.py:3096} INFO - Sync 1 DAGs
[2024-07-02T19:12:43.147+0000] {logging_mixin.py:188} INFO - [2024-07-02T19:12:43.147+0000] {dag.py:3954} INFO - Setting next_dagrun for example_branch_labels to 2024-07-01 00:00:00+00:00, run_after=2024-07-02 00:00:00+00:00
[2024-07-02T19:12:43.187+0000] {processor.py:183} INFO - Processing /usr/local/python/3.10.13/lib/python3.10/site-packages/airflow/example_dags/example_branch_labels.py took 0.080 seconds
[2024-07-02T19:13:45.056+0000] {processor.py:161} INFO - Started process (PID=7129) to work on /usr/local/python/3.10.13/lib/python3.10/site-packages/airflow/example_dags/example_branch_labels.py
[2024-07-02T19:13:45.057+0000] {processor.py:830} INFO - Processing file /usr/local/python/3.10.13/lib/python3.10/site-packages/airflow/example_dags/example_branch_labels.py for tasks to queue
[2024-07-02T19:13:45.058+0000] {logging_mixin.py:188} INFO - [2024-07-02T19:13:45.058+0000] {dagbag.py:545} INFO - Filling up the DagBag from /usr/local/python/3.10.13/lib/python3.10/site-packages/airflow/example_dags/example_branch_labels.py
[2024-07-02T19:13:45.064+0000] {processor.py:840} INFO - DAG(s) 'example_branch_labels' retrieved from /usr/local/python/3.10.13/lib/python3.10/site-packages/airflow/example_dags/example_branch_labels.py
[2024-07-02T19:13:45.076+0000] {logging_mixin.py:188} INFO - [2024-07-02T19:13:45.076+0000] {dag.py:3096} INFO - Sync 1 DAGs
[2024-07-02T19:13:45.092+0000] {logging_mixin.py:188} INFO - [2024-07-02T19:13:45.092+0000] {dag.py:3954} INFO - Setting next_dagrun for example_branch_labels to 2024-07-01 00:00:00+00:00, run_after=2024-07-02 00:00:00+00:00
[2024-07-02T19:13:45.132+0000] {processor.py:183} INFO - Processing /usr/local/python/3.10.13/lib/python3.10/site-packages/airflow/example_dags/example_branch_labels.py took 0.081 seconds
[2024-07-02T19:14:46.725+0000] {processor.py:161} INFO - Started process (PID=7588) to work on /usr/local/python/3.10.13/lib/python3.10/site-packages/airflow/example_dags/example_branch_labels.py
[2024-07-02T19:14:46.726+0000] {processor.py:830} INFO - Processing file /usr/local/python/3.10.13/lib/python3.10/site-packages/airflow/example_dags/example_branch_labels.py for tasks to queue
[2024-07-02T19:14:46.727+0000] {logging_mixin.py:188} INFO - [2024-07-02T19:14:46.727+0000] {dagbag.py:545} INFO - Filling up the DagBag from /usr/local/python/3.10.13/lib/python3.10/site-packages/airflow/example_dags/example_branch_labels.py
[2024-07-02T19:14:46.736+0000] {processor.py:840} INFO - DAG(s) 'example_branch_labels' retrieved from /usr/local/python/3.10.13/lib/python3.10/site-packages/airflow/example_dags/example_branch_labels.py
[2024-07-02T19:14:46.754+0000] {logging_mixin.py:188} INFO - [2024-07-02T19:14:46.754+0000] {dag.py:3096} INFO - Sync 1 DAGs
[2024-07-02T19:14:46.780+0000] {logging_mixin.py:188} INFO - [2024-07-02T19:14:46.780+0000] {dag.py:3954} INFO - Setting next_dagrun for example_branch_labels to 2024-07-01 00:00:00+00:00, run_after=2024-07-02 00:00:00+00:00
[2024-07-02T19:14:46.829+0000] {processor.py:183} INFO - Processing /usr/local/python/3.10.13/lib/python3.10/site-packages/airflow/example_dags/example_branch_labels.py took 0.108 seconds
[2024-07-02T19:15:51.214+0000] {processor.py:161} INFO - Started process (PID=8076) to work on /usr/local/python/3.10.13/lib/python3.10/site-packages/airflow/example_dags/example_branch_labels.py
[2024-07-02T19:15:51.214+0000] {processor.py:830} INFO - Processing file /usr/local/python/3.10.13/lib/python3.10/site-packages/airflow/example_dags/example_branch_labels.py for tasks to queue
[2024-07-02T19:15:51.215+0000] {logging_mixin.py:188} INFO - [2024-07-02T19:15:51.215+0000] {dagbag.py:545} INFO - Filling up the DagBag from /usr/local/python/3.10.13/lib/python3.10/site-packages/airflow/example_dags/example_branch_labels.py
[2024-07-02T19:15:51.221+0000] {processor.py:840} INFO - DAG(s) 'example_branch_labels' retrieved from /usr/local/python/3.10.13/lib/python3.10/site-packages/airflow/example_dags/example_branch_labels.py
[2024-07-02T19:15:51.234+0000] {logging_mixin.py:188} INFO - [2024-07-02T19:15:51.234+0000] {dag.py:3096} INFO - Sync 1 DAGs
[2024-07-02T19:15:51.249+0000] {logging_mixin.py:188} INFO - [2024-07-02T19:15:51.249+0000] {dag.py:3954} INFO - Setting next_dagrun for example_branch_labels to 2024-07-01 00:00:00+00:00, run_after=2024-07-02 00:00:00+00:00
[2024-07-02T19:15:51.288+0000] {processor.py:183} INFO - Processing /usr/local/python/3.10.13/lib/python3.10/site-packages/airflow/example_dags/example_branch_labels.py took 0.078 seconds
[2024-07-02T19:16:55.700+0000] {processor.py:161} INFO - Started process (PID=8567) to work on /usr/local/python/3.10.13/lib/python3.10/site-packages/airflow/example_dags/example_branch_labels.py
[2024-07-02T19:16:55.700+0000] {processor.py:830} INFO - Processing file /usr/local/python/3.10.13/lib/python3.10/site-packages/airflow/example_dags/example_branch_labels.py for tasks to queue
[2024-07-02T19:16:55.701+0000] {logging_mixin.py:188} INFO - [2024-07-02T19:16:55.701+0000] {dagbag.py:545} INFO - Filling up the DagBag from /usr/local/python/3.10.13/lib/python3.10/site-packages/airflow/example_dags/example_branch_labels.py
[2024-07-02T19:16:55.707+0000] {processor.py:840} INFO - DAG(s) 'example_branch_labels' retrieved from /usr/local/python/3.10.13/lib/python3.10/site-packages/airflow/example_dags/example_branch_labels.py
[2024-07-02T19:16:55.719+0000] {logging_mixin.py:188} INFO - [2024-07-02T19:16:55.719+0000] {dag.py:3096} INFO - Sync 1 DAGs
[2024-07-02T19:16:55.734+0000] {logging_mixin.py:188} INFO - [2024-07-02T19:16:55.734+0000] {dag.py:3954} INFO - Setting next_dagrun for example_branch_labels to 2024-07-01 00:00:00+00:00, run_after=2024-07-02 00:00:00+00:00
[2024-07-02T19:16:55.773+0000] {processor.py:183} INFO - Processing /usr/local/python/3.10.13/lib/python3.10/site-packages/airflow/example_dags/example_branch_labels.py took 0.078 seconds
[2024-07-02T19:18:05.012+0000] {processor.py:161} INFO - Started process (PID=9096) to work on /usr/local/python/3.10.13/lib/python3.10/site-packages/airflow/example_dags/example_branch_labels.py
[2024-07-02T19:18:05.013+0000] {processor.py:830} INFO - Processing file /usr/local/python/3.10.13/lib/python3.10/site-packages/airflow/example_dags/example_branch_labels.py for tasks to queue
[2024-07-02T19:18:05.014+0000] {logging_mixin.py:188} INFO - [2024-07-02T19:18:05.014+0000] {dagbag.py:545} INFO - Filling up the DagBag from /usr/local/python/3.10.13/lib/python3.10/site-packages/airflow/example_dags/example_branch_labels.py
[2024-07-02T19:18:05.020+0000] {processor.py:840} INFO - DAG(s) 'example_branch_labels' retrieved from /usr/local/python/3.10.13/lib/python3.10/site-packages/airflow/example_dags/example_branch_labels.py
[2024-07-02T19:18:05.033+0000] {logging_mixin.py:188} INFO - [2024-07-02T19:18:05.032+0000] {dag.py:3096} INFO - Sync 1 DAGs
[2024-07-02T19:18:05.053+0000] {logging_mixin.py:188} INFO - [2024-07-02T19:18:05.053+0000] {dag.py:3954} INFO - Setting next_dagrun for example_branch_labels to 2024-07-01 00:00:00+00:00, run_after=2024-07-02 00:00:00+00:00
[2024-07-02T19:18:05.095+0000] {processor.py:183} INFO - Processing /usr/local/python/3.10.13/lib/python3.10/site-packages/airflow/example_dags/example_branch_labels.py took 0.087 seconds
[2024-07-02T19:19:07.212+0000] {processor.py:161} INFO - Started process (PID=9558) to work on /usr/local/python/3.10.13/lib/python3.10/site-packages/airflow/example_dags/example_branch_labels.py
[2024-07-02T19:19:07.212+0000] {processor.py:830} INFO - Processing file /usr/local/python/3.10.13/lib/python3.10/site-packages/airflow/example_dags/example_branch_labels.py for tasks to queue
[2024-07-02T19:19:07.213+0000] {logging_mixin.py:188} INFO - [2024-07-02T19:19:07.213+0000] {dagbag.py:545} INFO - Filling up the DagBag from /usr/local/python/3.10.13/lib/python3.10/site-packages/airflow/example_dags/example_branch_labels.py
[2024-07-02T19:19:07.219+0000] {processor.py:840} INFO - DAG(s) 'example_branch_labels' retrieved from /usr/local/python/3.10.13/lib/python3.10/site-packages/airflow/example_dags/example_branch_labels.py
[2024-07-02T19:19:07.233+0000] {logging_mixin.py:188} INFO - [2024-07-02T19:19:07.233+0000] {dag.py:3096} INFO - Sync 1 DAGs
[2024-07-02T19:19:07.248+0000] {logging_mixin.py:188} INFO - [2024-07-02T19:19:07.248+0000] {dag.py:3954} INFO - Setting next_dagrun for example_branch_labels to 2024-07-01 00:00:00+00:00, run_after=2024-07-02 00:00:00+00:00
[2024-07-02T19:19:07.286+0000] {processor.py:183} INFO - Processing /usr/local/python/3.10.13/lib/python3.10/site-packages/airflow/example_dags/example_branch_labels.py took 0.080 seconds
[2024-07-02T19:20:15.813+0000] {processor.py:161} INFO - Started process (PID=10081) to work on /usr/local/python/3.10.13/lib/python3.10/site-packages/airflow/example_dags/example_branch_labels.py
[2024-07-02T19:20:15.813+0000] {processor.py:830} INFO - Processing file /usr/local/python/3.10.13/lib/python3.10/site-packages/airflow/example_dags/example_branch_labels.py for tasks to queue
[2024-07-02T19:20:15.814+0000] {logging_mixin.py:188} INFO - [2024-07-02T19:20:15.814+0000] {dagbag.py:545} INFO - Filling up the DagBag from /usr/local/python/3.10.13/lib/python3.10/site-packages/airflow/example_dags/example_branch_labels.py
[2024-07-02T19:20:15.820+0000] {processor.py:840} INFO - DAG(s) 'example_branch_labels' retrieved from /usr/local/python/3.10.13/lib/python3.10/site-packages/airflow/example_dags/example_branch_labels.py
[2024-07-02T19:20:15.832+0000] {logging_mixin.py:188} INFO - [2024-07-02T19:20:15.832+0000] {dag.py:3096} INFO - Sync 1 DAGs
[2024-07-02T19:20:15.847+0000] {logging_mixin.py:188} INFO - [2024-07-02T19:20:15.847+0000] {dag.py:3954} INFO - Setting next_dagrun for example_branch_labels to 2024-07-01 00:00:00+00:00, run_after=2024-07-02 00:00:00+00:00
[2024-07-02T19:20:15.887+0000] {processor.py:183} INFO - Processing /usr/local/python/3.10.13/lib/python3.10/site-packages/airflow/example_dags/example_branch_labels.py took 0.079 seconds
[2024-07-02T19:21:26.533+0000] {processor.py:161} INFO - Started process (PID=10620) to work on /usr/local/python/3.10.13/lib/python3.10/site-packages/airflow/example_dags/example_branch_labels.py
[2024-07-02T19:21:26.533+0000] {processor.py:830} INFO - Processing file /usr/local/python/3.10.13/lib/python3.10/site-packages/airflow/example_dags/example_branch_labels.py for tasks to queue
[2024-07-02T19:21:26.534+0000] {logging_mixin.py:188} INFO - [2024-07-02T19:21:26.534+0000] {dagbag.py:545} INFO - Filling up the DagBag from /usr/local/python/3.10.13/lib/python3.10/site-packages/airflow/example_dags/example_branch_labels.py
[2024-07-02T19:21:26.540+0000] {processor.py:840} INFO - DAG(s) 'example_branch_labels' retrieved from /usr/local/python/3.10.13/lib/python3.10/site-packages/airflow/example_dags/example_branch_labels.py
[2024-07-02T19:21:26.552+0000] {logging_mixin.py:188} INFO - [2024-07-02T19:21:26.552+0000] {dag.py:3096} INFO - Sync 1 DAGs
[2024-07-02T19:21:26.568+0000] {logging_mixin.py:188} INFO - [2024-07-02T19:21:26.567+0000] {dag.py:3954} INFO - Setting next_dagrun for example_branch_labels to 2024-07-01 00:00:00+00:00, run_after=2024-07-02 00:00:00+00:00
[2024-07-02T19:21:26.609+0000] {processor.py:183} INFO - Processing /usr/local/python/3.10.13/lib/python3.10/site-packages/airflow/example_dags/example_branch_labels.py took 0.081 seconds
[2024-07-02T19:22:35.992+0000] {processor.py:161} INFO - Started process (PID=11148) to work on /usr/local/python/3.10.13/lib/python3.10/site-packages/airflow/example_dags/example_branch_labels.py
[2024-07-02T19:22:35.993+0000] {processor.py:830} INFO - Processing file /usr/local/python/3.10.13/lib/python3.10/site-packages/airflow/example_dags/example_branch_labels.py for tasks to queue
[2024-07-02T19:22:35.994+0000] {logging_mixin.py:188} INFO - [2024-07-02T19:22:35.993+0000] {dagbag.py:545} INFO - Filling up the DagBag from /usr/local/python/3.10.13/lib/python3.10/site-packages/airflow/example_dags/example_branch_labels.py
[2024-07-02T19:22:36.003+0000] {processor.py:840} INFO - DAG(s) 'example_branch_labels' retrieved from /usr/local/python/3.10.13/lib/python3.10/site-packages/airflow/example_dags/example_branch_labels.py
[2024-07-02T19:22:36.016+0000] {logging_mixin.py:188} INFO - [2024-07-02T19:22:36.016+0000] {dag.py:3096} INFO - Sync 1 DAGs
[2024-07-02T19:22:36.032+0000] {logging_mixin.py:188} INFO - [2024-07-02T19:22:36.032+0000] {dag.py:3954} INFO - Setting next_dagrun for example_branch_labels to 2024-07-01 00:00:00+00:00, run_after=2024-07-02 00:00:00+00:00
[2024-07-02T19:22:36.072+0000] {processor.py:183} INFO - Processing /usr/local/python/3.10.13/lib/python3.10/site-packages/airflow/example_dags/example_branch_labels.py took 0.087 seconds
[2024-07-02T19:23:36.866+0000] {processor.py:161} INFO - Started process (PID=11611) to work on /usr/local/python/3.10.13/lib/python3.10/site-packages/airflow/example_dags/example_branch_labels.py
[2024-07-02T19:23:36.867+0000] {processor.py:830} INFO - Processing file /usr/local/python/3.10.13/lib/python3.10/site-packages/airflow/example_dags/example_branch_labels.py for tasks to queue
[2024-07-02T19:23:36.868+0000] {logging_mixin.py:188} INFO - [2024-07-02T19:23:36.867+0000] {dagbag.py:545} INFO - Filling up the DagBag from /usr/local/python/3.10.13/lib/python3.10/site-packages/airflow/example_dags/example_branch_labels.py
[2024-07-02T19:23:36.873+0000] {processor.py:840} INFO - DAG(s) 'example_branch_labels' retrieved from /usr/local/python/3.10.13/lib/python3.10/site-packages/airflow/example_dags/example_branch_labels.py
[2024-07-02T19:23:36.886+0000] {logging_mixin.py:188} INFO - [2024-07-02T19:23:36.886+0000] {dag.py:3096} INFO - Sync 1 DAGs
[2024-07-02T19:23:36.901+0000] {logging_mixin.py:188} INFO - [2024-07-02T19:23:36.901+0000] {dag.py:3954} INFO - Setting next_dagrun for example_branch_labels to 2024-07-01 00:00:00+00:00, run_after=2024-07-02 00:00:00+00:00
[2024-07-02T19:23:36.943+0000] {processor.py:183} INFO - Processing /usr/local/python/3.10.13/lib/python3.10/site-packages/airflow/example_dags/example_branch_labels.py took 0.081 seconds
[2024-07-02T19:24:40.950+0000] {processor.py:161} INFO - Started process (PID=12087) to work on /usr/local/python/3.10.13/lib/python3.10/site-packages/airflow/example_dags/example_branch_labels.py
[2024-07-02T19:24:40.951+0000] {processor.py:830} INFO - Processing file /usr/local/python/3.10.13/lib/python3.10/site-packages/airflow/example_dags/example_branch_labels.py for tasks to queue
[2024-07-02T19:24:40.951+0000] {logging_mixin.py:188} INFO - [2024-07-02T19:24:40.951+0000] {dagbag.py:545} INFO - Filling up the DagBag from /usr/local/python/3.10.13/lib/python3.10/site-packages/airflow/example_dags/example_branch_labels.py
[2024-07-02T19:24:40.957+0000] {processor.py:840} INFO - DAG(s) 'example_branch_labels' retrieved from /usr/local/python/3.10.13/lib/python3.10/site-packages/airflow/example_dags/example_branch_labels.py
[2024-07-02T19:24:40.970+0000] {logging_mixin.py:188} INFO - [2024-07-02T19:24:40.970+0000] {dag.py:3096} INFO - Sync 1 DAGs
[2024-07-02T19:24:40.985+0000] {logging_mixin.py:188} INFO - [2024-07-02T19:24:40.985+0000] {dag.py:3954} INFO - Setting next_dagrun for example_branch_labels to 2024-07-01 00:00:00+00:00, run_after=2024-07-02 00:00:00+00:00
[2024-07-02T19:24:41.028+0000] {processor.py:183} INFO - Processing /usr/local/python/3.10.13/lib/python3.10/site-packages/airflow/example_dags/example_branch_labels.py took 0.083 seconds
[2024-07-02T19:25:45.916+0000] {processor.py:161} INFO - Started process (PID=12576) to work on /usr/local/python/3.10.13/lib/python3.10/site-packages/airflow/example_dags/example_branch_labels.py
[2024-07-02T19:25:45.917+0000] {processor.py:830} INFO - Processing file /usr/local/python/3.10.13/lib/python3.10/site-packages/airflow/example_dags/example_branch_labels.py for tasks to queue
[2024-07-02T19:25:45.917+0000] {logging_mixin.py:188} INFO - [2024-07-02T19:25:45.917+0000] {dagbag.py:545} INFO - Filling up the DagBag from /usr/local/python/3.10.13/lib/python3.10/site-packages/airflow/example_dags/example_branch_labels.py
[2024-07-02T19:25:45.923+0000] {processor.py:840} INFO - DAG(s) 'example_branch_labels' retrieved from /usr/local/python/3.10.13/lib/python3.10/site-packages/airflow/example_dags/example_branch_labels.py
[2024-07-02T19:25:45.936+0000] {logging_mixin.py:188} INFO - [2024-07-02T19:25:45.936+0000] {dag.py:3096} INFO - Sync 1 DAGs
[2024-07-02T19:25:45.953+0000] {logging_mixin.py:188} INFO - [2024-07-02T19:25:45.953+0000] {dag.py:3954} INFO - Setting next_dagrun for example_branch_labels to 2024-07-01 00:00:00+00:00, run_after=2024-07-02 00:00:00+00:00
[2024-07-02T19:25:46.003+0000] {processor.py:183} INFO - Processing /usr/local/python/3.10.13/lib/python3.10/site-packages/airflow/example_dags/example_branch_labels.py took 0.092 seconds
[2024-07-02T19:26:51.839+0000] {processor.py:161} INFO - Started process (PID=13088) to work on /usr/local/python/3.10.13/lib/python3.10/site-packages/airflow/example_dags/example_branch_labels.py
[2024-07-02T19:26:51.840+0000] {processor.py:830} INFO - Processing file /usr/local/python/3.10.13/lib/python3.10/site-packages/airflow/example_dags/example_branch_labels.py for tasks to queue
[2024-07-02T19:26:51.840+0000] {logging_mixin.py:188} INFO - [2024-07-02T19:26:51.840+0000] {dagbag.py:545} INFO - Filling up the DagBag from /usr/local/python/3.10.13/lib/python3.10/site-packages/airflow/example_dags/example_branch_labels.py
[2024-07-02T19:26:51.846+0000] {processor.py:840} INFO - DAG(s) 'example_branch_labels' retrieved from /usr/local/python/3.10.13/lib/python3.10/site-packages/airflow/example_dags/example_branch_labels.py
[2024-07-02T19:26:51.860+0000] {logging_mixin.py:188} INFO - [2024-07-02T19:26:51.859+0000] {dag.py:3096} INFO - Sync 1 DAGs
[2024-07-02T19:26:51.875+0000] {logging_mixin.py:188} INFO - [2024-07-02T19:26:51.875+0000] {dag.py:3954} INFO - Setting next_dagrun for example_branch_labels to 2024-07-01 00:00:00+00:00, run_after=2024-07-02 00:00:00+00:00
[2024-07-02T19:26:51.915+0000] {processor.py:183} INFO - Processing /usr/local/python/3.10.13/lib/python3.10/site-packages/airflow/example_dags/example_branch_labels.py took 0.080 seconds
[2024-07-02T19:27:54.836+0000] {processor.py:161} INFO - Started process (PID=13620) to work on /usr/local/python/3.10.13/lib/python3.10/site-packages/airflow/example_dags/example_branch_labels.py
[2024-07-02T19:27:54.837+0000] {processor.py:830} INFO - Processing file /usr/local/python/3.10.13/lib/python3.10/site-packages/airflow/example_dags/example_branch_labels.py for tasks to queue
[2024-07-02T19:27:54.838+0000] {logging_mixin.py:188} INFO - [2024-07-02T19:27:54.837+0000] {dagbag.py:545} INFO - Filling up the DagBag from /usr/local/python/3.10.13/lib/python3.10/site-packages/airflow/example_dags/example_branch_labels.py
[2024-07-02T19:27:54.847+0000] {processor.py:840} INFO - DAG(s) 'example_branch_labels' retrieved from /usr/local/python/3.10.13/lib/python3.10/site-packages/airflow/example_dags/example_branch_labels.py
[2024-07-02T19:27:54.860+0000] {logging_mixin.py:188} INFO - [2024-07-02T19:27:54.860+0000] {dag.py:3096} INFO - Sync 1 DAGs
[2024-07-02T19:27:54.876+0000] {logging_mixin.py:188} INFO - [2024-07-02T19:27:54.876+0000] {dag.py:3954} INFO - Setting next_dagrun for example_branch_labels to 2024-07-01 00:00:00+00:00, run_after=2024-07-02 00:00:00+00:00
[2024-07-02T19:27:54.915+0000] {processor.py:183} INFO - Processing /usr/local/python/3.10.13/lib/python3.10/site-packages/airflow/example_dags/example_branch_labels.py took 0.086 seconds
[2024-07-02T19:29:01.000+0000] {processor.py:161} INFO - Started process (PID=14246) to work on /usr/local/python/3.10.13/lib/python3.10/site-packages/airflow/example_dags/example_branch_labels.py
[2024-07-02T19:29:01.000+0000] {processor.py:830} INFO - Processing file /usr/local/python/3.10.13/lib/python3.10/site-packages/airflow/example_dags/example_branch_labels.py for tasks to queue
[2024-07-02T19:29:01.001+0000] {logging_mixin.py:188} INFO - [2024-07-02T19:29:01.001+0000] {dagbag.py:545} INFO - Filling up the DagBag from /usr/local/python/3.10.13/lib/python3.10/site-packages/airflow/example_dags/example_branch_labels.py
[2024-07-02T19:29:01.007+0000] {processor.py:840} INFO - DAG(s) 'example_branch_labels' retrieved from /usr/local/python/3.10.13/lib/python3.10/site-packages/airflow/example_dags/example_branch_labels.py
[2024-07-02T19:29:01.020+0000] {logging_mixin.py:188} INFO - [2024-07-02T19:29:01.020+0000] {dag.py:3096} INFO - Sync 1 DAGs
[2024-07-02T19:29:01.035+0000] {logging_mixin.py:188} INFO - [2024-07-02T19:29:01.035+0000] {dag.py:3954} INFO - Setting next_dagrun for example_branch_labels to 2024-07-01 00:00:00+00:00, run_after=2024-07-02 00:00:00+00:00
[2024-07-02T19:29:01.078+0000] {processor.py:183} INFO - Processing /usr/local/python/3.10.13/lib/python3.10/site-packages/airflow/example_dags/example_branch_labels.py took 0.083 seconds
[2024-07-02T19:30:11.125+0000] {processor.py:161} INFO - Started process (PID=14817) to work on /usr/local/python/3.10.13/lib/python3.10/site-packages/airflow/example_dags/example_branch_labels.py
[2024-07-02T19:30:11.125+0000] {processor.py:830} INFO - Processing file /usr/local/python/3.10.13/lib/python3.10/site-packages/airflow/example_dags/example_branch_labels.py for tasks to queue
[2024-07-02T19:30:11.126+0000] {logging_mixin.py:188} INFO - [2024-07-02T19:30:11.126+0000] {dagbag.py:545} INFO - Filling up the DagBag from /usr/local/python/3.10.13/lib/python3.10/site-packages/airflow/example_dags/example_branch_labels.py
[2024-07-02T19:30:11.132+0000] {processor.py:840} INFO - DAG(s) 'example_branch_labels' retrieved from /usr/local/python/3.10.13/lib/python3.10/site-packages/airflow/example_dags/example_branch_labels.py
[2024-07-02T19:30:11.145+0000] {logging_mixin.py:188} INFO - [2024-07-02T19:30:11.144+0000] {dag.py:3096} INFO - Sync 1 DAGs
[2024-07-02T19:30:11.160+0000] {logging_mixin.py:188} INFO - [2024-07-02T19:30:11.160+0000] {dag.py:3954} INFO - Setting next_dagrun for example_branch_labels to 2024-07-01 00:00:00+00:00, run_after=2024-07-02 00:00:00+00:00
[2024-07-02T19:30:11.200+0000] {processor.py:183} INFO - Processing /usr/local/python/3.10.13/lib/python3.10/site-packages/airflow/example_dags/example_branch_labels.py took 0.080 seconds
[2024-07-02T19:31:21.489+0000] {processor.py:161} INFO - Started process (PID=15344) to work on /usr/local/python/3.10.13/lib/python3.10/site-packages/airflow/example_dags/example_branch_labels.py
[2024-07-02T19:31:21.490+0000] {processor.py:830} INFO - Processing file /usr/local/python/3.10.13/lib/python3.10/site-packages/airflow/example_dags/example_branch_labels.py for tasks to queue
[2024-07-02T19:31:21.490+0000] {logging_mixin.py:188} INFO - [2024-07-02T19:31:21.490+0000] {dagbag.py:545} INFO - Filling up the DagBag from /usr/local/python/3.10.13/lib/python3.10/site-packages/airflow/example_dags/example_branch_labels.py
[2024-07-02T19:31:21.498+0000] {processor.py:840} INFO - DAG(s) 'example_branch_labels' retrieved from /usr/local/python/3.10.13/lib/python3.10/site-packages/airflow/example_dags/example_branch_labels.py
[2024-07-02T19:31:21.510+0000] {logging_mixin.py:188} INFO - [2024-07-02T19:31:21.510+0000] {dag.py:3096} INFO - Sync 1 DAGs
[2024-07-02T19:31:21.525+0000] {logging_mixin.py:188} INFO - [2024-07-02T19:31:21.525+0000] {dag.py:3954} INFO - Setting next_dagrun for example_branch_labels to 2024-07-01 00:00:00+00:00, run_after=2024-07-02 00:00:00+00:00
[2024-07-02T19:31:21.582+0000] {processor.py:183} INFO - Processing /usr/local/python/3.10.13/lib/python3.10/site-packages/airflow/example_dags/example_branch_labels.py took 0.098 seconds
[2024-07-02T19:32:31.331+0000] {processor.py:161} INFO - Started process (PID=15871) to work on /usr/local/python/3.10.13/lib/python3.10/site-packages/airflow/example_dags/example_branch_labels.py
[2024-07-02T19:32:31.332+0000] {processor.py:830} INFO - Processing file /usr/local/python/3.10.13/lib/python3.10/site-packages/airflow/example_dags/example_branch_labels.py for tasks to queue
[2024-07-02T19:32:31.333+0000] {logging_mixin.py:188} INFO - [2024-07-02T19:32:31.332+0000] {dagbag.py:545} INFO - Filling up the DagBag from /usr/local/python/3.10.13/lib/python3.10/site-packages/airflow/example_dags/example_branch_labels.py
[2024-07-02T19:32:31.339+0000] {processor.py:840} INFO - DAG(s) 'example_branch_labels' retrieved from /usr/local/python/3.10.13/lib/python3.10/site-packages/airflow/example_dags/example_branch_labels.py
[2024-07-02T19:32:31.351+0000] {logging_mixin.py:188} INFO - [2024-07-02T19:32:31.351+0000] {dag.py:3096} INFO - Sync 1 DAGs
[2024-07-02T19:32:31.367+0000] {logging_mixin.py:188} INFO - [2024-07-02T19:32:31.366+0000] {dag.py:3954} INFO - Setting next_dagrun for example_branch_labels to 2024-07-01 00:00:00+00:00, run_after=2024-07-02 00:00:00+00:00
[2024-07-02T19:32:31.407+0000] {processor.py:183} INFO - Processing /usr/local/python/3.10.13/lib/python3.10/site-packages/airflow/example_dags/example_branch_labels.py took 0.081 seconds
[2024-07-02T19:33:34.947+0000] {processor.py:161} INFO - Started process (PID=16443) to work on /usr/local/python/3.10.13/lib/python3.10/site-packages/airflow/example_dags/example_branch_labels.py
[2024-07-02T19:33:34.947+0000] {processor.py:830} INFO - Processing file /usr/local/python/3.10.13/lib/python3.10/site-packages/airflow/example_dags/example_branch_labels.py for tasks to queue
[2024-07-02T19:33:34.948+0000] {logging_mixin.py:188} INFO - [2024-07-02T19:33:34.948+0000] {dagbag.py:545} INFO - Filling up the DagBag from /usr/local/python/3.10.13/lib/python3.10/site-packages/airflow/example_dags/example_branch_labels.py
[2024-07-02T19:33:34.954+0000] {processor.py:840} INFO - DAG(s) 'example_branch_labels' retrieved from /usr/local/python/3.10.13/lib/python3.10/site-packages/airflow/example_dags/example_branch_labels.py
[2024-07-02T19:33:34.967+0000] {logging_mixin.py:188} INFO - [2024-07-02T19:33:34.967+0000] {dag.py:3096} INFO - Sync 1 DAGs
[2024-07-02T19:33:34.983+0000] {logging_mixin.py:188} INFO - [2024-07-02T19:33:34.983+0000] {dag.py:3954} INFO - Setting next_dagrun for example_branch_labels to 2024-07-01 00:00:00+00:00, run_after=2024-07-02 00:00:00+00:00
[2024-07-02T19:33:35.021+0000] {processor.py:183} INFO - Processing /usr/local/python/3.10.13/lib/python3.10/site-packages/airflow/example_dags/example_branch_labels.py took 0.079 seconds
[2024-07-02T19:34:44.584+0000] {processor.py:161} INFO - Started process (PID=16989) to work on /usr/local/python/3.10.13/lib/python3.10/site-packages/airflow/example_dags/example_branch_labels.py
[2024-07-02T19:34:44.585+0000] {processor.py:830} INFO - Processing file /usr/local/python/3.10.13/lib/python3.10/site-packages/airflow/example_dags/example_branch_labels.py for tasks to queue
[2024-07-02T19:34:44.585+0000] {logging_mixin.py:188} INFO - [2024-07-02T19:34:44.585+0000] {dagbag.py:545} INFO - Filling up the DagBag from /usr/local/python/3.10.13/lib/python3.10/site-packages/airflow/example_dags/example_branch_labels.py
[2024-07-02T19:34:44.592+0000] {processor.py:840} INFO - DAG(s) 'example_branch_labels' retrieved from /usr/local/python/3.10.13/lib/python3.10/site-packages/airflow/example_dags/example_branch_labels.py
[2024-07-02T19:34:44.606+0000] {logging_mixin.py:188} INFO - [2024-07-02T19:34:44.606+0000] {dag.py:3096} INFO - Sync 1 DAGs
[2024-07-02T19:34:44.632+0000] {logging_mixin.py:188} INFO - [2024-07-02T19:34:44.632+0000] {dag.py:3954} INFO - Setting next_dagrun for example_branch_labels to 2024-07-01 00:00:00+00:00, run_after=2024-07-02 00:00:00+00:00
[2024-07-02T19:34:44.676+0000] {processor.py:183} INFO - Processing /usr/local/python/3.10.13/lib/python3.10/site-packages/airflow/example_dags/example_branch_labels.py took 0.096 seconds
[2024-07-02T19:35:54.741+0000] {processor.py:161} INFO - Started process (PID=17634) to work on /usr/local/python/3.10.13/lib/python3.10/site-packages/airflow/example_dags/example_branch_labels.py
[2024-07-02T19:35:54.742+0000] {processor.py:830} INFO - Processing file /usr/local/python/3.10.13/lib/python3.10/site-packages/airflow/example_dags/example_branch_labels.py for tasks to queue
[2024-07-02T19:35:54.742+0000] {logging_mixin.py:188} INFO - [2024-07-02T19:35:54.742+0000] {dagbag.py:545} INFO - Filling up the DagBag from /usr/local/python/3.10.13/lib/python3.10/site-packages/airflow/example_dags/example_branch_labels.py
[2024-07-02T19:35:54.749+0000] {processor.py:840} INFO - DAG(s) 'example_branch_labels' retrieved from /usr/local/python/3.10.13/lib/python3.10/site-packages/airflow/example_dags/example_branch_labels.py
[2024-07-02T19:35:54.761+0000] {logging_mixin.py:188} INFO - [2024-07-02T19:35:54.761+0000] {dag.py:3096} INFO - Sync 1 DAGs
[2024-07-02T19:35:54.776+0000] {logging_mixin.py:188} INFO - [2024-07-02T19:35:54.776+0000] {dag.py:3954} INFO - Setting next_dagrun for example_branch_labels to 2024-07-01 00:00:00+00:00, run_after=2024-07-02 00:00:00+00:00
[2024-07-02T19:35:54.817+0000] {processor.py:183} INFO - Processing /usr/local/python/3.10.13/lib/python3.10/site-packages/airflow/example_dags/example_branch_labels.py took 0.080 seconds
[2024-07-02T19:36:53.429+0000] {processor.py:161} INFO - Started process (PID=18059) to work on /usr/local/python/3.10.13/lib/python3.10/site-packages/airflow/example_dags/example_branch_labels.py
[2024-07-02T19:36:53.430+0000] {processor.py:830} INFO - Processing file /usr/local/python/3.10.13/lib/python3.10/site-packages/airflow/example_dags/example_branch_labels.py for tasks to queue
[2024-07-02T19:36:53.431+0000] {logging_mixin.py:188} INFO - [2024-07-02T19:36:53.431+0000] {dagbag.py:545} INFO - Filling up the DagBag from /usr/local/python/3.10.13/lib/python3.10/site-packages/airflow/example_dags/example_branch_labels.py
[2024-07-02T19:36:53.437+0000] {processor.py:840} INFO - DAG(s) 'example_branch_labels' retrieved from /usr/local/python/3.10.13/lib/python3.10/site-packages/airflow/example_dags/example_branch_labels.py
[2024-07-02T19:36:53.449+0000] {logging_mixin.py:188} INFO - [2024-07-02T19:36:53.449+0000] {dag.py:3096} INFO - Sync 1 DAGs
[2024-07-02T19:36:53.471+0000] {logging_mixin.py:188} INFO - [2024-07-02T19:36:53.471+0000] {dag.py:3954} INFO - Setting next_dagrun for example_branch_labels to 2024-07-01 00:00:00+00:00, run_after=2024-07-02 00:00:00+00:00
[2024-07-02T19:36:53.519+0000] {processor.py:183} INFO - Processing /usr/local/python/3.10.13/lib/python3.10/site-packages/airflow/example_dags/example_branch_labels.py took 0.094 seconds
[2024-07-02T19:37:58.480+0000] {processor.py:161} INFO - Started process (PID=18545) to work on /usr/local/python/3.10.13/lib/python3.10/site-packages/airflow/example_dags/example_branch_labels.py
[2024-07-02T19:37:58.481+0000] {processor.py:830} INFO - Processing file /usr/local/python/3.10.13/lib/python3.10/site-packages/airflow/example_dags/example_branch_labels.py for tasks to queue
[2024-07-02T19:37:58.482+0000] {logging_mixin.py:188} INFO - [2024-07-02T19:37:58.481+0000] {dagbag.py:545} INFO - Filling up the DagBag from /usr/local/python/3.10.13/lib/python3.10/site-packages/airflow/example_dags/example_branch_labels.py
[2024-07-02T19:37:58.491+0000] {processor.py:840} INFO - DAG(s) 'example_branch_labels' retrieved from /usr/local/python/3.10.13/lib/python3.10/site-packages/airflow/example_dags/example_branch_labels.py
[2024-07-02T19:37:58.504+0000] {logging_mixin.py:188} INFO - [2024-07-02T19:37:58.504+0000] {dag.py:3096} INFO - Sync 1 DAGs
[2024-07-02T19:37:58.520+0000] {logging_mixin.py:188} INFO - [2024-07-02T19:37:58.520+0000] {dag.py:3954} INFO - Setting next_dagrun for example_branch_labels to 2024-07-01 00:00:00+00:00, run_after=2024-07-02 00:00:00+00:00
[2024-07-02T19:37:58.562+0000] {processor.py:183} INFO - Processing /usr/local/python/3.10.13/lib/python3.10/site-packages/airflow/example_dags/example_branch_labels.py took 0.088 seconds
[2024-07-02T19:39:03.087+0000] {processor.py:161} INFO - Started process (PID=18987) to work on /usr/local/python/3.10.13/lib/python3.10/site-packages/airflow/example_dags/example_branch_labels.py
[2024-07-02T19:39:03.088+0000] {processor.py:830} INFO - Processing file /usr/local/python/3.10.13/lib/python3.10/site-packages/airflow/example_dags/example_branch_labels.py for tasks to queue
[2024-07-02T19:39:03.088+0000] {logging_mixin.py:188} INFO - [2024-07-02T19:39:03.088+0000] {dagbag.py:545} INFO - Filling up the DagBag from /usr/local/python/3.10.13/lib/python3.10/site-packages/airflow/example_dags/example_branch_labels.py
[2024-07-02T19:39:03.094+0000] {processor.py:840} INFO - DAG(s) 'example_branch_labels' retrieved from /usr/local/python/3.10.13/lib/python3.10/site-packages/airflow/example_dags/example_branch_labels.py
[2024-07-02T19:39:03.107+0000] {logging_mixin.py:188} INFO - [2024-07-02T19:39:03.107+0000] {dag.py:3096} INFO - Sync 1 DAGs
[2024-07-02T19:39:03.122+0000] {logging_mixin.py:188} INFO - [2024-07-02T19:39:03.122+0000] {dag.py:3954} INFO - Setting next_dagrun for example_branch_labels to 2024-07-01 00:00:00+00:00, run_after=2024-07-02 00:00:00+00:00
[2024-07-02T19:39:03.162+0000] {processor.py:183} INFO - Processing /usr/local/python/3.10.13/lib/python3.10/site-packages/airflow/example_dags/example_branch_labels.py took 0.079 seconds
[2024-07-02T19:40:18.298+0000] {processor.py:161} INFO - Started process (PID=19554) to work on /usr/local/python/3.10.13/lib/python3.10/site-packages/airflow/example_dags/example_branch_labels.py
[2024-07-02T19:40:18.299+0000] {processor.py:830} INFO - Processing file /usr/local/python/3.10.13/lib/python3.10/site-packages/airflow/example_dags/example_branch_labels.py for tasks to queue
[2024-07-02T19:40:18.300+0000] {logging_mixin.py:188} INFO - [2024-07-02T19:40:18.299+0000] {dagbag.py:545} INFO - Filling up the DagBag from /usr/local/python/3.10.13/lib/python3.10/site-packages/airflow/example_dags/example_branch_labels.py
[2024-07-02T19:40:18.306+0000] {processor.py:840} INFO - DAG(s) 'example_branch_labels' retrieved from /usr/local/python/3.10.13/lib/python3.10/site-packages/airflow/example_dags/example_branch_labels.py
[2024-07-02T19:40:18.318+0000] {logging_mixin.py:188} INFO - [2024-07-02T19:40:18.318+0000] {dag.py:3096} INFO - Sync 1 DAGs
[2024-07-02T19:40:18.334+0000] {logging_mixin.py:188} INFO - [2024-07-02T19:40:18.333+0000] {dag.py:3954} INFO - Setting next_dagrun for example_branch_labels to 2024-07-01 00:00:00+00:00, run_after=2024-07-02 00:00:00+00:00
[2024-07-02T19:40:18.373+0000] {processor.py:183} INFO - Processing /usr/local/python/3.10.13/lib/python3.10/site-packages/airflow/example_dags/example_branch_labels.py took 0.079 seconds
[2024-07-02T19:41:11.394+0000] {processor.py:161} INFO - Started process (PID=19955) to work on /usr/local/python/3.10.13/lib/python3.10/site-packages/airflow/example_dags/example_branch_labels.py
[2024-07-02T19:41:11.394+0000] {processor.py:830} INFO - Processing file /usr/local/python/3.10.13/lib/python3.10/site-packages/airflow/example_dags/example_branch_labels.py for tasks to queue
[2024-07-02T19:41:11.395+0000] {logging_mixin.py:188} INFO - [2024-07-02T19:41:11.395+0000] {dagbag.py:545} INFO - Filling up the DagBag from /usr/local/python/3.10.13/lib/python3.10/site-packages/airflow/example_dags/example_branch_labels.py
[2024-07-02T19:41:11.401+0000] {processor.py:840} INFO - DAG(s) 'example_branch_labels' retrieved from /usr/local/python/3.10.13/lib/python3.10/site-packages/airflow/example_dags/example_branch_labels.py
[2024-07-02T19:41:11.419+0000] {logging_mixin.py:188} INFO - [2024-07-02T19:41:11.418+0000] {dag.py:3096} INFO - Sync 1 DAGs
[2024-07-02T19:41:11.446+0000] {logging_mixin.py:188} INFO - [2024-07-02T19:41:11.446+0000] {dag.py:3954} INFO - Setting next_dagrun for example_branch_labels to 2024-07-01 00:00:00+00:00, run_after=2024-07-02 00:00:00+00:00
[2024-07-02T19:41:11.495+0000] {processor.py:183} INFO - Processing /usr/local/python/3.10.13/lib/python3.10/site-packages/airflow/example_dags/example_branch_labels.py took 0.106 seconds
[2024-07-02T19:42:13.237+0000] {processor.py:161} INFO - Started process (PID=20448) to work on /usr/local/python/3.10.13/lib/python3.10/site-packages/airflow/example_dags/example_branch_labels.py
[2024-07-02T19:42:13.238+0000] {processor.py:830} INFO - Processing file /usr/local/python/3.10.13/lib/python3.10/site-packages/airflow/example_dags/example_branch_labels.py for tasks to queue
[2024-07-02T19:42:13.239+0000] {logging_mixin.py:188} INFO - [2024-07-02T19:42:13.238+0000] {dagbag.py:545} INFO - Filling up the DagBag from /usr/local/python/3.10.13/lib/python3.10/site-packages/airflow/example_dags/example_branch_labels.py
[2024-07-02T19:42:13.245+0000] {processor.py:840} INFO - DAG(s) 'example_branch_labels' retrieved from /usr/local/python/3.10.13/lib/python3.10/site-packages/airflow/example_dags/example_branch_labels.py
[2024-07-02T19:42:13.257+0000] {logging_mixin.py:188} INFO - [2024-07-02T19:42:13.257+0000] {dag.py:3096} INFO - Sync 1 DAGs
[2024-07-02T19:42:13.273+0000] {logging_mixin.py:188} INFO - [2024-07-02T19:42:13.273+0000] {dag.py:3954} INFO - Setting next_dagrun for example_branch_labels to 2024-07-01 00:00:00+00:00, run_after=2024-07-02 00:00:00+00:00
[2024-07-02T19:42:13.315+0000] {processor.py:183} INFO - Processing /usr/local/python/3.10.13/lib/python3.10/site-packages/airflow/example_dags/example_branch_labels.py took 0.082 seconds
[2024-07-02T19:43:23.642+0000] {processor.py:161} INFO - Started process (PID=21027) to work on /usr/local/python/3.10.13/lib/python3.10/site-packages/airflow/example_dags/example_branch_labels.py
[2024-07-02T19:43:23.643+0000] {processor.py:830} INFO - Processing file /usr/local/python/3.10.13/lib/python3.10/site-packages/airflow/example_dags/example_branch_labels.py for tasks to queue
[2024-07-02T19:43:23.644+0000] {logging_mixin.py:188} INFO - [2024-07-02T19:43:23.643+0000] {dagbag.py:545} INFO - Filling up the DagBag from /usr/local/python/3.10.13/lib/python3.10/site-packages/airflow/example_dags/example_branch_labels.py
[2024-07-02T19:43:23.653+0000] {processor.py:840} INFO - DAG(s) 'example_branch_labels' retrieved from /usr/local/python/3.10.13/lib/python3.10/site-packages/airflow/example_dags/example_branch_labels.py
[2024-07-02T19:43:23.676+0000] {logging_mixin.py:188} INFO - [2024-07-02T19:43:23.676+0000] {dag.py:3096} INFO - Sync 1 DAGs
[2024-07-02T19:43:23.697+0000] {logging_mixin.py:188} INFO - [2024-07-02T19:43:23.697+0000] {dag.py:3954} INFO - Setting next_dagrun for example_branch_labels to 2024-07-01 00:00:00+00:00, run_after=2024-07-02 00:00:00+00:00
[2024-07-02T19:43:23.745+0000] {processor.py:183} INFO - Processing /usr/local/python/3.10.13/lib/python3.10/site-packages/airflow/example_dags/example_branch_labels.py took 0.110 seconds
[2024-07-02T19:44:16.650+0000] {processor.py:161} INFO - Started process (PID=21436) to work on /usr/local/python/3.10.13/lib/python3.10/site-packages/airflow/example_dags/example_branch_labels.py
[2024-07-02T19:44:16.650+0000] {processor.py:830} INFO - Processing file /usr/local/python/3.10.13/lib/python3.10/site-packages/airflow/example_dags/example_branch_labels.py for tasks to queue
[2024-07-02T19:44:16.651+0000] {logging_mixin.py:188} INFO - [2024-07-02T19:44:16.651+0000] {dagbag.py:545} INFO - Filling up the DagBag from /usr/local/python/3.10.13/lib/python3.10/site-packages/airflow/example_dags/example_branch_labels.py
[2024-07-02T19:44:16.657+0000] {processor.py:840} INFO - DAG(s) 'example_branch_labels' retrieved from /usr/local/python/3.10.13/lib/python3.10/site-packages/airflow/example_dags/example_branch_labels.py
[2024-07-02T19:44:16.669+0000] {logging_mixin.py:188} INFO - [2024-07-02T19:44:16.669+0000] {dag.py:3096} INFO - Sync 1 DAGs
[2024-07-02T19:44:16.684+0000] {logging_mixin.py:188} INFO - [2024-07-02T19:44:16.684+0000] {dag.py:3954} INFO - Setting next_dagrun for example_branch_labels to 2024-07-01 00:00:00+00:00, run_after=2024-07-02 00:00:00+00:00
[2024-07-02T19:44:16.724+0000] {processor.py:183} INFO - Processing /usr/local/python/3.10.13/lib/python3.10/site-packages/airflow/example_dags/example_branch_labels.py took 0.079 seconds
[2024-07-02T19:45:18.927+0000] {processor.py:161} INFO - Started process (PID=21909) to work on /usr/local/python/3.10.13/lib/python3.10/site-packages/airflow/example_dags/example_branch_labels.py
[2024-07-02T19:45:18.927+0000] {processor.py:830} INFO - Processing file /usr/local/python/3.10.13/lib/python3.10/site-packages/airflow/example_dags/example_branch_labels.py for tasks to queue
[2024-07-02T19:45:18.928+0000] {logging_mixin.py:188} INFO - [2024-07-02T19:45:18.928+0000] {dagbag.py:545} INFO - Filling up the DagBag from /usr/local/python/3.10.13/lib/python3.10/site-packages/airflow/example_dags/example_branch_labels.py
[2024-07-02T19:45:18.934+0000] {processor.py:840} INFO - DAG(s) 'example_branch_labels' retrieved from /usr/local/python/3.10.13/lib/python3.10/site-packages/airflow/example_dags/example_branch_labels.py
[2024-07-02T19:45:18.947+0000] {logging_mixin.py:188} INFO - [2024-07-02T19:45:18.947+0000] {dag.py:3096} INFO - Sync 1 DAGs
[2024-07-02T19:45:18.962+0000] {logging_mixin.py:188} INFO - [2024-07-02T19:45:18.962+0000] {dag.py:3954} INFO - Setting next_dagrun for example_branch_labels to 2024-07-01 00:00:00+00:00, run_after=2024-07-02 00:00:00+00:00
[2024-07-02T19:45:19.005+0000] {processor.py:183} INFO - Processing /usr/local/python/3.10.13/lib/python3.10/site-packages/airflow/example_dags/example_branch_labels.py took 0.083 seconds
[2024-07-02T19:46:22.078+0000] {processor.py:161} INFO - Started process (PID=22350) to work on /usr/local/python/3.10.13/lib/python3.10/site-packages/airflow/example_dags/example_branch_labels.py
[2024-07-02T19:46:22.079+0000] {processor.py:830} INFO - Processing file /usr/local/python/3.10.13/lib/python3.10/site-packages/airflow/example_dags/example_branch_labels.py for tasks to queue
[2024-07-02T19:46:22.080+0000] {logging_mixin.py:188} INFO - [2024-07-02T19:46:22.079+0000] {dagbag.py:545} INFO - Filling up the DagBag from /usr/local/python/3.10.13/lib/python3.10/site-packages/airflow/example_dags/example_branch_labels.py
[2024-07-02T19:46:22.089+0000] {processor.py:840} INFO - DAG(s) 'example_branch_labels' retrieved from /usr/local/python/3.10.13/lib/python3.10/site-packages/airflow/example_dags/example_branch_labels.py
[2024-07-02T19:46:22.109+0000] {logging_mixin.py:188} INFO - [2024-07-02T19:46:22.108+0000] {dag.py:3096} INFO - Sync 1 DAGs
[2024-07-02T19:46:22.133+0000] {logging_mixin.py:188} INFO - [2024-07-02T19:46:22.133+0000] {dag.py:3954} INFO - Setting next_dagrun for example_branch_labels to 2024-07-01 00:00:00+00:00, run_after=2024-07-02 00:00:00+00:00
[2024-07-02T19:46:22.178+0000] {processor.py:183} INFO - Processing /usr/local/python/3.10.13/lib/python3.10/site-packages/airflow/example_dags/example_branch_labels.py took 0.105 seconds
[2024-07-02T19:47:34.466+0000] {processor.py:161} INFO - Started process (PID=22840) to work on /usr/local/python/3.10.13/lib/python3.10/site-packages/airflow/example_dags/example_branch_labels.py
[2024-07-02T19:47:34.467+0000] {processor.py:830} INFO - Processing file /usr/local/python/3.10.13/lib/python3.10/site-packages/airflow/example_dags/example_branch_labels.py for tasks to queue
[2024-07-02T19:47:34.468+0000] {logging_mixin.py:188} INFO - [2024-07-02T19:47:34.467+0000] {dagbag.py:545} INFO - Filling up the DagBag from /usr/local/python/3.10.13/lib/python3.10/site-packages/airflow/example_dags/example_branch_labels.py
[2024-07-02T19:47:34.474+0000] {processor.py:840} INFO - DAG(s) 'example_branch_labels' retrieved from /usr/local/python/3.10.13/lib/python3.10/site-packages/airflow/example_dags/example_branch_labels.py
[2024-07-02T19:47:34.486+0000] {logging_mixin.py:188} INFO - [2024-07-02T19:47:34.486+0000] {dag.py:3096} INFO - Sync 1 DAGs
[2024-07-02T19:47:34.501+0000] {logging_mixin.py:188} INFO - [2024-07-02T19:47:34.501+0000] {dag.py:3954} INFO - Setting next_dagrun for example_branch_labels to 2024-07-01 00:00:00+00:00, run_after=2024-07-02 00:00:00+00:00
[2024-07-02T19:47:34.540+0000] {processor.py:183} INFO - Processing /usr/local/python/3.10.13/lib/python3.10/site-packages/airflow/example_dags/example_branch_labels.py took 0.078 seconds
[2024-07-02T19:48:35.747+0000] {processor.py:161} INFO - Started process (PID=23271) to work on /usr/local/python/3.10.13/lib/python3.10/site-packages/airflow/example_dags/example_branch_labels.py
[2024-07-02T19:48:35.748+0000] {processor.py:830} INFO - Processing file /usr/local/python/3.10.13/lib/python3.10/site-packages/airflow/example_dags/example_branch_labels.py for tasks to queue
[2024-07-02T19:48:35.749+0000] {logging_mixin.py:188} INFO - [2024-07-02T19:48:35.748+0000] {dagbag.py:545} INFO - Filling up the DagBag from /usr/local/python/3.10.13/lib/python3.10/site-packages/airflow/example_dags/example_branch_labels.py
[2024-07-02T19:48:35.755+0000] {processor.py:840} INFO - DAG(s) 'example_branch_labels' retrieved from /usr/local/python/3.10.13/lib/python3.10/site-packages/airflow/example_dags/example_branch_labels.py
[2024-07-02T19:48:35.767+0000] {logging_mixin.py:188} INFO - [2024-07-02T19:48:35.767+0000] {dag.py:3096} INFO - Sync 1 DAGs
[2024-07-02T19:48:35.788+0000] {logging_mixin.py:188} INFO - [2024-07-02T19:48:35.788+0000] {dag.py:3954} INFO - Setting next_dagrun for example_branch_labels to 2024-07-01 00:00:00+00:00, run_after=2024-07-02 00:00:00+00:00
[2024-07-02T19:48:35.828+0000] {processor.py:183} INFO - Processing /usr/local/python/3.10.13/lib/python3.10/site-packages/airflow/example_dags/example_branch_labels.py took 0.085 seconds
[2024-07-02T19:49:43.255+0000] {processor.py:161} INFO - Started process (PID=23796) to work on /usr/local/python/3.10.13/lib/python3.10/site-packages/airflow/example_dags/example_branch_labels.py
[2024-07-02T19:49:43.256+0000] {processor.py:830} INFO - Processing file /usr/local/python/3.10.13/lib/python3.10/site-packages/airflow/example_dags/example_branch_labels.py for tasks to queue
[2024-07-02T19:49:43.256+0000] {logging_mixin.py:188} INFO - [2024-07-02T19:49:43.256+0000] {dagbag.py:545} INFO - Filling up the DagBag from /usr/local/python/3.10.13/lib/python3.10/site-packages/airflow/example_dags/example_branch_labels.py
[2024-07-02T19:49:43.262+0000] {processor.py:840} INFO - DAG(s) 'example_branch_labels' retrieved from /usr/local/python/3.10.13/lib/python3.10/site-packages/airflow/example_dags/example_branch_labels.py
[2024-07-02T19:49:43.274+0000] {logging_mixin.py:188} INFO - [2024-07-02T19:49:43.274+0000] {dag.py:3096} INFO - Sync 1 DAGs
[2024-07-02T19:49:43.290+0000] {logging_mixin.py:188} INFO - [2024-07-02T19:49:43.289+0000] {dag.py:3954} INFO - Setting next_dagrun for example_branch_labels to 2024-07-01 00:00:00+00:00, run_after=2024-07-02 00:00:00+00:00
[2024-07-02T19:49:43.331+0000] {processor.py:183} INFO - Processing /usr/local/python/3.10.13/lib/python3.10/site-packages/airflow/example_dags/example_branch_labels.py took 0.081 seconds
[2024-07-02T19:50:49.198+0000] {processor.py:161} INFO - Started process (PID=24293) to work on /usr/local/python/3.10.13/lib/python3.10/site-packages/airflow/example_dags/example_branch_labels.py
[2024-07-02T19:50:49.199+0000] {processor.py:830} INFO - Processing file /usr/local/python/3.10.13/lib/python3.10/site-packages/airflow/example_dags/example_branch_labels.py for tasks to queue
[2024-07-02T19:50:49.200+0000] {logging_mixin.py:188} INFO - [2024-07-02T19:50:49.199+0000] {dagbag.py:545} INFO - Filling up the DagBag from /usr/local/python/3.10.13/lib/python3.10/site-packages/airflow/example_dags/example_branch_labels.py
[2024-07-02T19:50:49.206+0000] {processor.py:840} INFO - DAG(s) 'example_branch_labels' retrieved from /usr/local/python/3.10.13/lib/python3.10/site-packages/airflow/example_dags/example_branch_labels.py
[2024-07-02T19:50:49.219+0000] {logging_mixin.py:188} INFO - [2024-07-02T19:50:49.219+0000] {dag.py:3096} INFO - Sync 1 DAGs
[2024-07-02T19:50:49.235+0000] {logging_mixin.py:188} INFO - [2024-07-02T19:50:49.234+0000] {dag.py:3954} INFO - Setting next_dagrun for example_branch_labels to 2024-07-01 00:00:00+00:00, run_after=2024-07-02 00:00:00+00:00
[2024-07-02T19:50:49.281+0000] {processor.py:183} INFO - Processing /usr/local/python/3.10.13/lib/python3.10/site-packages/airflow/example_dags/example_branch_labels.py took 0.087 seconds
[2024-07-02T19:51:56.647+0000] {processor.py:161} INFO - Started process (PID=24814) to work on /usr/local/python/3.10.13/lib/python3.10/site-packages/airflow/example_dags/example_branch_labels.py
[2024-07-02T19:51:56.648+0000] {processor.py:830} INFO - Processing file /usr/local/python/3.10.13/lib/python3.10/site-packages/airflow/example_dags/example_branch_labels.py for tasks to queue
[2024-07-02T19:51:56.648+0000] {logging_mixin.py:188} INFO - [2024-07-02T19:51:56.648+0000] {dagbag.py:545} INFO - Filling up the DagBag from /usr/local/python/3.10.13/lib/python3.10/site-packages/airflow/example_dags/example_branch_labels.py
[2024-07-02T19:51:56.655+0000] {processor.py:840} INFO - DAG(s) 'example_branch_labels' retrieved from /usr/local/python/3.10.13/lib/python3.10/site-packages/airflow/example_dags/example_branch_labels.py
[2024-07-02T19:51:56.667+0000] {logging_mixin.py:188} INFO - [2024-07-02T19:51:56.667+0000] {dag.py:3096} INFO - Sync 1 DAGs
[2024-07-02T19:51:56.683+0000] {logging_mixin.py:188} INFO - [2024-07-02T19:51:56.682+0000] {dag.py:3954} INFO - Setting next_dagrun for example_branch_labels to 2024-07-01 00:00:00+00:00, run_after=2024-07-02 00:00:00+00:00
[2024-07-02T19:51:56.726+0000] {processor.py:183} INFO - Processing /usr/local/python/3.10.13/lib/python3.10/site-packages/airflow/example_dags/example_branch_labels.py took 0.084 seconds
[2024-07-02T19:53:04.036+0000] {processor.py:161} INFO - Started process (PID=25327) to work on /usr/local/python/3.10.13/lib/python3.10/site-packages/airflow/example_dags/example_branch_labels.py
[2024-07-02T19:53:04.037+0000] {processor.py:830} INFO - Processing file /usr/local/python/3.10.13/lib/python3.10/site-packages/airflow/example_dags/example_branch_labels.py for tasks to queue
[2024-07-02T19:53:04.038+0000] {logging_mixin.py:188} INFO - [2024-07-02T19:53:04.037+0000] {dagbag.py:545} INFO - Filling up the DagBag from /usr/local/python/3.10.13/lib/python3.10/site-packages/airflow/example_dags/example_branch_labels.py
[2024-07-02T19:53:04.044+0000] {processor.py:840} INFO - DAG(s) 'example_branch_labels' retrieved from /usr/local/python/3.10.13/lib/python3.10/site-packages/airflow/example_dags/example_branch_labels.py
[2024-07-02T19:53:04.056+0000] {logging_mixin.py:188} INFO - [2024-07-02T19:53:04.056+0000] {dag.py:3096} INFO - Sync 1 DAGs
[2024-07-02T19:53:04.071+0000] {logging_mixin.py:188} INFO - [2024-07-02T19:53:04.071+0000] {dag.py:3954} INFO - Setting next_dagrun for example_branch_labels to 2024-07-01 00:00:00+00:00, run_after=2024-07-02 00:00:00+00:00
[2024-07-02T19:53:04.111+0000] {processor.py:183} INFO - Processing /usr/local/python/3.10.13/lib/python3.10/site-packages/airflow/example_dags/example_branch_labels.py took 0.079 seconds
[2024-07-02T19:54:11.038+0000] {processor.py:161} INFO - Started process (PID=25816) to work on /usr/local/python/3.10.13/lib/python3.10/site-packages/airflow/example_dags/example_branch_labels.py
[2024-07-02T19:54:11.038+0000] {processor.py:830} INFO - Processing file /usr/local/python/3.10.13/lib/python3.10/site-packages/airflow/example_dags/example_branch_labels.py for tasks to queue
[2024-07-02T19:54:11.039+0000] {logging_mixin.py:188} INFO - [2024-07-02T19:54:11.039+0000] {dagbag.py:545} INFO - Filling up the DagBag from /usr/local/python/3.10.13/lib/python3.10/site-packages/airflow/example_dags/example_branch_labels.py
[2024-07-02T19:54:11.045+0000] {processor.py:840} INFO - DAG(s) 'example_branch_labels' retrieved from /usr/local/python/3.10.13/lib/python3.10/site-packages/airflow/example_dags/example_branch_labels.py
[2024-07-02T19:54:11.057+0000] {logging_mixin.py:188} INFO - [2024-07-02T19:54:11.057+0000] {dag.py:3096} INFO - Sync 1 DAGs
[2024-07-02T19:54:11.073+0000] {logging_mixin.py:188} INFO - [2024-07-02T19:54:11.073+0000] {dag.py:3954} INFO - Setting next_dagrun for example_branch_labels to 2024-07-01 00:00:00+00:00, run_after=2024-07-02 00:00:00+00:00
[2024-07-02T19:54:11.114+0000] {processor.py:183} INFO - Processing /usr/local/python/3.10.13/lib/python3.10/site-packages/airflow/example_dags/example_branch_labels.py took 0.080 seconds
[2024-07-02T19:55:14.421+0000] {processor.py:161} INFO - Started process (PID=26303) to work on /usr/local/python/3.10.13/lib/python3.10/site-packages/airflow/example_dags/example_branch_labels.py
[2024-07-02T19:55:14.422+0000] {processor.py:830} INFO - Processing file /usr/local/python/3.10.13/lib/python3.10/site-packages/airflow/example_dags/example_branch_labels.py for tasks to queue
[2024-07-02T19:55:14.422+0000] {logging_mixin.py:188} INFO - [2024-07-02T19:55:14.422+0000] {dagbag.py:545} INFO - Filling up the DagBag from /usr/local/python/3.10.13/lib/python3.10/site-packages/airflow/example_dags/example_branch_labels.py
[2024-07-02T19:55:14.428+0000] {processor.py:840} INFO - DAG(s) 'example_branch_labels' retrieved from /usr/local/python/3.10.13/lib/python3.10/site-packages/airflow/example_dags/example_branch_labels.py
[2024-07-02T19:55:14.441+0000] {logging_mixin.py:188} INFO - [2024-07-02T19:55:14.441+0000] {dag.py:3096} INFO - Sync 1 DAGs
[2024-07-02T19:55:14.456+0000] {logging_mixin.py:188} INFO - [2024-07-02T19:55:14.456+0000] {dag.py:3954} INFO - Setting next_dagrun for example_branch_labels to 2024-07-01 00:00:00+00:00, run_after=2024-07-02 00:00:00+00:00
[2024-07-02T19:55:14.495+0000] {processor.py:183} INFO - Processing /usr/local/python/3.10.13/lib/python3.10/site-packages/airflow/example_dags/example_branch_labels.py took 0.079 seconds
[2024-07-02T19:56:21.793+0000] {processor.py:161} INFO - Started process (PID=26894) to work on /usr/local/python/3.10.13/lib/python3.10/site-packages/airflow/example_dags/example_branch_labels.py
[2024-07-02T19:56:21.793+0000] {processor.py:830} INFO - Processing file /usr/local/python/3.10.13/lib/python3.10/site-packages/airflow/example_dags/example_branch_labels.py for tasks to queue
[2024-07-02T19:56:21.794+0000] {logging_mixin.py:188} INFO - [2024-07-02T19:56:21.794+0000] {dagbag.py:545} INFO - Filling up the DagBag from /usr/local/python/3.10.13/lib/python3.10/site-packages/airflow/example_dags/example_branch_labels.py
[2024-07-02T19:56:21.800+0000] {processor.py:840} INFO - DAG(s) 'example_branch_labels' retrieved from /usr/local/python/3.10.13/lib/python3.10/site-packages/airflow/example_dags/example_branch_labels.py
[2024-07-02T19:56:21.813+0000] {logging_mixin.py:188} INFO - [2024-07-02T19:56:21.813+0000] {dag.py:3096} INFO - Sync 1 DAGs
[2024-07-02T19:56:21.829+0000] {logging_mixin.py:188} INFO - [2024-07-02T19:56:21.829+0000] {dag.py:3954} INFO - Setting next_dagrun for example_branch_labels to 2024-07-01 00:00:00+00:00, run_after=2024-07-02 00:00:00+00:00
[2024-07-02T19:56:21.870+0000] {processor.py:183} INFO - Processing /usr/local/python/3.10.13/lib/python3.10/site-packages/airflow/example_dags/example_branch_labels.py took 0.082 seconds
