[2024-07-02T19:10:38.483+0000] {processor.py:161} INFO - Started process (PID=5704) to work on /usr/local/python/3.10.13/lib/python3.10/site-packages/airflow/example_dags/example_sensors.py
[2024-07-02T19:10:38.484+0000] {processor.py:830} INFO - Processing file /usr/local/python/3.10.13/lib/python3.10/site-packages/airflow/example_dags/example_sensors.py for tasks to queue
[2024-07-02T19:10:38.485+0000] {logging_mixin.py:188} INFO - [2024-07-02T19:10:38.485+0000] {dagbag.py:545} INFO - Filling up the DagBag from /usr/local/python/3.10.13/lib/python3.10/site-packages/airflow/example_dags/example_sensors.py
[2024-07-02T19:10:38.493+0000] {processor.py:840} INFO - DAG(s) 'example_sensors' retrieved from /usr/local/python/3.10.13/lib/python3.10/site-packages/airflow/example_dags/example_sensors.py
[2024-07-02T19:10:38.703+0000] {logging_mixin.py:188} INFO - [2024-07-02T19:10:38.703+0000] {override.py:1829} INFO - Created Permission View: can edit on DAG:example_sensors
[2024-07-02T19:10:38.736+0000] {logging_mixin.py:188} INFO - [2024-07-02T19:10:38.736+0000] {override.py:1829} INFO - Created Permission View: can read on DAG:example_sensors
[2024-07-02T19:10:38.766+0000] {logging_mixin.py:188} INFO - [2024-07-02T19:10:38.765+0000] {override.py:1829} INFO - Created Permission View: can delete on DAG:example_sensors
[2024-07-02T19:10:38.766+0000] {logging_mixin.py:188} INFO - [2024-07-02T19:10:38.766+0000] {dag.py:3096} INFO - Sync 1 DAGs
[2024-07-02T19:10:38.774+0000] {logging_mixin.py:188} INFO - [2024-07-02T19:10:38.773+0000] {dag.py:3118} INFO - Creating ORM DAG for example_sensors
[2024-07-02T19:10:38.774+0000] {logging_mixin.py:188} INFO - [2024-07-02T19:10:38.774+0000] {dag.py:3954} INFO - Setting next_dagrun for example_sensors to None, run_after=None
[2024-07-02T19:10:38.825+0000] {processor.py:183} INFO - Processing /usr/local/python/3.10.13/lib/python3.10/site-packages/airflow/example_dags/example_sensors.py took 0.346 seconds
[2024-07-02T19:11:38.161+0000] {processor.py:161} INFO - Started process (PID=6147) to work on /usr/local/python/3.10.13/lib/python3.10/site-packages/airflow/example_dags/example_sensors.py
[2024-07-02T19:11:38.161+0000] {processor.py:830} INFO - Processing file /usr/local/python/3.10.13/lib/python3.10/site-packages/airflow/example_dags/example_sensors.py for tasks to queue
[2024-07-02T19:11:38.162+0000] {logging_mixin.py:188} INFO - [2024-07-02T19:11:38.162+0000] {dagbag.py:545} INFO - Filling up the DagBag from /usr/local/python/3.10.13/lib/python3.10/site-packages/airflow/example_dags/example_sensors.py
[2024-07-02T19:11:38.170+0000] {processor.py:840} INFO - DAG(s) 'example_sensors' retrieved from /usr/local/python/3.10.13/lib/python3.10/site-packages/airflow/example_dags/example_sensors.py
[2024-07-02T19:11:38.185+0000] {logging_mixin.py:188} INFO - [2024-07-02T19:11:38.185+0000] {dag.py:3096} INFO - Sync 1 DAGs
[2024-07-02T19:11:38.194+0000] {logging_mixin.py:188} INFO - [2024-07-02T19:11:38.194+0000] {dag.py:3954} INFO - Setting next_dagrun for example_sensors to None, run_after=None
[2024-07-02T19:11:38.234+0000] {processor.py:183} INFO - Processing /usr/local/python/3.10.13/lib/python3.10/site-packages/airflow/example_dags/example_sensors.py took 0.077 seconds
[2024-07-02T19:12:28.778+0000] {processor.py:161} INFO - Started process (PID=6541) to work on /usr/local/python/3.10.13/lib/python3.10/site-packages/airflow/example_dags/example_sensors.py
[2024-07-02T19:12:28.778+0000] {processor.py:830} INFO - Processing file /usr/local/python/3.10.13/lib/python3.10/site-packages/airflow/example_dags/example_sensors.py for tasks to queue
[2024-07-02T19:12:28.779+0000] {logging_mixin.py:188} INFO - [2024-07-02T19:12:28.779+0000] {dagbag.py:545} INFO - Filling up the DagBag from /usr/local/python/3.10.13/lib/python3.10/site-packages/airflow/example_dags/example_sensors.py
[2024-07-02T19:12:28.787+0000] {processor.py:840} INFO - DAG(s) 'example_sensors' retrieved from /usr/local/python/3.10.13/lib/python3.10/site-packages/airflow/example_dags/example_sensors.py
[2024-07-02T19:12:28.802+0000] {logging_mixin.py:188} INFO - [2024-07-02T19:12:28.802+0000] {dag.py:3096} INFO - Sync 1 DAGs
[2024-07-02T19:12:28.811+0000] {logging_mixin.py:188} INFO - [2024-07-02T19:12:28.811+0000] {dag.py:3954} INFO - Setting next_dagrun for example_sensors to None, run_after=None
[2024-07-02T19:12:28.852+0000] {processor.py:183} INFO - Processing /usr/local/python/3.10.13/lib/python3.10/site-packages/airflow/example_dags/example_sensors.py took 0.079 seconds
[2024-07-02T19:13:17.762+0000] {processor.py:161} INFO - Started process (PID=6916) to work on /usr/local/python/3.10.13/lib/python3.10/site-packages/airflow/example_dags/example_sensors.py
[2024-07-02T19:13:17.762+0000] {processor.py:830} INFO - Processing file /usr/local/python/3.10.13/lib/python3.10/site-packages/airflow/example_dags/example_sensors.py for tasks to queue
[2024-07-02T19:13:17.764+0000] {logging_mixin.py:188} INFO - [2024-07-02T19:13:17.763+0000] {dagbag.py:545} INFO - Filling up the DagBag from /usr/local/python/3.10.13/lib/python3.10/site-packages/airflow/example_dags/example_sensors.py
[2024-07-02T19:13:17.771+0000] {processor.py:840} INFO - DAG(s) 'example_sensors' retrieved from /usr/local/python/3.10.13/lib/python3.10/site-packages/airflow/example_dags/example_sensors.py
[2024-07-02T19:13:17.787+0000] {logging_mixin.py:188} INFO - [2024-07-02T19:13:17.787+0000] {dag.py:3096} INFO - Sync 1 DAGs
[2024-07-02T19:13:17.795+0000] {logging_mixin.py:188} INFO - [2024-07-02T19:13:17.795+0000] {dag.py:3954} INFO - Setting next_dagrun for example_sensors to None, run_after=None
[2024-07-02T19:13:17.846+0000] {processor.py:183} INFO - Processing /usr/local/python/3.10.13/lib/python3.10/site-packages/airflow/example_dags/example_sensors.py took 0.089 seconds
[2024-07-02T19:14:18.571+0000] {processor.py:161} INFO - Started process (PID=7382) to work on /usr/local/python/3.10.13/lib/python3.10/site-packages/airflow/example_dags/example_sensors.py
[2024-07-02T19:14:18.572+0000] {processor.py:830} INFO - Processing file /usr/local/python/3.10.13/lib/python3.10/site-packages/airflow/example_dags/example_sensors.py for tasks to queue
[2024-07-02T19:14:18.573+0000] {logging_mixin.py:188} INFO - [2024-07-02T19:14:18.573+0000] {dagbag.py:545} INFO - Filling up the DagBag from /usr/local/python/3.10.13/lib/python3.10/site-packages/airflow/example_dags/example_sensors.py
[2024-07-02T19:14:18.580+0000] {processor.py:840} INFO - DAG(s) 'example_sensors' retrieved from /usr/local/python/3.10.13/lib/python3.10/site-packages/airflow/example_dags/example_sensors.py
[2024-07-02T19:14:18.596+0000] {logging_mixin.py:188} INFO - [2024-07-02T19:14:18.596+0000] {dag.py:3096} INFO - Sync 1 DAGs
[2024-07-02T19:14:18.605+0000] {logging_mixin.py:188} INFO - [2024-07-02T19:14:18.605+0000] {dag.py:3954} INFO - Setting next_dagrun for example_sensors to None, run_after=None
[2024-07-02T19:14:18.643+0000] {processor.py:183} INFO - Processing /usr/local/python/3.10.13/lib/python3.10/site-packages/airflow/example_dags/example_sensors.py took 0.076 seconds
[2024-07-02T19:15:22.913+0000] {processor.py:161} INFO - Started process (PID=7859) to work on /usr/local/python/3.10.13/lib/python3.10/site-packages/airflow/example_dags/example_sensors.py
[2024-07-02T19:15:22.913+0000] {processor.py:830} INFO - Processing file /usr/local/python/3.10.13/lib/python3.10/site-packages/airflow/example_dags/example_sensors.py for tasks to queue
[2024-07-02T19:15:22.914+0000] {logging_mixin.py:188} INFO - [2024-07-02T19:15:22.914+0000] {dagbag.py:545} INFO - Filling up the DagBag from /usr/local/python/3.10.13/lib/python3.10/site-packages/airflow/example_dags/example_sensors.py
[2024-07-02T19:15:22.921+0000] {processor.py:840} INFO - DAG(s) 'example_sensors' retrieved from /usr/local/python/3.10.13/lib/python3.10/site-packages/airflow/example_dags/example_sensors.py
[2024-07-02T19:15:22.938+0000] {logging_mixin.py:188} INFO - [2024-07-02T19:15:22.937+0000] {dag.py:3096} INFO - Sync 1 DAGs
[2024-07-02T19:15:22.947+0000] {logging_mixin.py:188} INFO - [2024-07-02T19:15:22.947+0000] {dag.py:3954} INFO - Setting next_dagrun for example_sensors to None, run_after=None
[2024-07-02T19:15:22.987+0000] {processor.py:183} INFO - Processing /usr/local/python/3.10.13/lib/python3.10/site-packages/airflow/example_dags/example_sensors.py took 0.079 seconds
[2024-07-02T19:16:24.898+0000] {processor.py:161} INFO - Started process (PID=8331) to work on /usr/local/python/3.10.13/lib/python3.10/site-packages/airflow/example_dags/example_sensors.py
[2024-07-02T19:16:24.899+0000] {processor.py:830} INFO - Processing file /usr/local/python/3.10.13/lib/python3.10/site-packages/airflow/example_dags/example_sensors.py for tasks to queue
[2024-07-02T19:16:24.900+0000] {logging_mixin.py:188} INFO - [2024-07-02T19:16:24.900+0000] {dagbag.py:545} INFO - Filling up the DagBag from /usr/local/python/3.10.13/lib/python3.10/site-packages/airflow/example_dags/example_sensors.py
[2024-07-02T19:16:24.908+0000] {processor.py:840} INFO - DAG(s) 'example_sensors' retrieved from /usr/local/python/3.10.13/lib/python3.10/site-packages/airflow/example_dags/example_sensors.py
[2024-07-02T19:16:24.924+0000] {logging_mixin.py:188} INFO - [2024-07-02T19:16:24.924+0000] {dag.py:3096} INFO - Sync 1 DAGs
[2024-07-02T19:16:24.933+0000] {logging_mixin.py:188} INFO - [2024-07-02T19:16:24.933+0000] {dag.py:3954} INFO - Setting next_dagrun for example_sensors to None, run_after=None
[2024-07-02T19:16:24.990+0000] {processor.py:183} INFO - Processing /usr/local/python/3.10.13/lib/python3.10/site-packages/airflow/example_dags/example_sensors.py took 0.096 seconds
[2024-07-02T19:17:10.903+0000] {processor.py:161} INFO - Started process (PID=8686) to work on /usr/local/python/3.10.13/lib/python3.10/site-packages/airflow/example_dags/example_sensors.py
[2024-07-02T19:17:10.903+0000] {processor.py:830} INFO - Processing file /usr/local/python/3.10.13/lib/python3.10/site-packages/airflow/example_dags/example_sensors.py for tasks to queue
[2024-07-02T19:17:10.904+0000] {logging_mixin.py:188} INFO - [2024-07-02T19:17:10.904+0000] {dagbag.py:545} INFO - Filling up the DagBag from /usr/local/python/3.10.13/lib/python3.10/site-packages/airflow/example_dags/example_sensors.py
[2024-07-02T19:17:10.912+0000] {processor.py:840} INFO - DAG(s) 'example_sensors' retrieved from /usr/local/python/3.10.13/lib/python3.10/site-packages/airflow/example_dags/example_sensors.py
[2024-07-02T19:17:10.927+0000] {logging_mixin.py:188} INFO - [2024-07-02T19:17:10.927+0000] {dag.py:3096} INFO - Sync 1 DAGs
[2024-07-02T19:17:10.936+0000] {logging_mixin.py:188} INFO - [2024-07-02T19:17:10.936+0000] {dag.py:3954} INFO - Setting next_dagrun for example_sensors to None, run_after=None
[2024-07-02T19:17:10.978+0000] {processor.py:183} INFO - Processing /usr/local/python/3.10.13/lib/python3.10/site-packages/airflow/example_dags/example_sensors.py took 0.080 seconds
[2024-07-02T19:17:56.708+0000] {processor.py:161} INFO - Started process (PID=9026) to work on /usr/local/python/3.10.13/lib/python3.10/site-packages/airflow/example_dags/example_sensors.py
[2024-07-02T19:17:56.708+0000] {processor.py:830} INFO - Processing file /usr/local/python/3.10.13/lib/python3.10/site-packages/airflow/example_dags/example_sensors.py for tasks to queue
[2024-07-02T19:17:56.709+0000] {logging_mixin.py:188} INFO - [2024-07-02T19:17:56.709+0000] {dagbag.py:545} INFO - Filling up the DagBag from /usr/local/python/3.10.13/lib/python3.10/site-packages/airflow/example_dags/example_sensors.py
[2024-07-02T19:17:56.717+0000] {processor.py:840} INFO - DAG(s) 'example_sensors' retrieved from /usr/local/python/3.10.13/lib/python3.10/site-packages/airflow/example_dags/example_sensors.py
[2024-07-02T19:17:56.732+0000] {logging_mixin.py:188} INFO - [2024-07-02T19:17:56.732+0000] {dag.py:3096} INFO - Sync 1 DAGs
[2024-07-02T19:17:56.741+0000] {logging_mixin.py:188} INFO - [2024-07-02T19:17:56.740+0000] {dag.py:3954} INFO - Setting next_dagrun for example_sensors to None, run_after=None
[2024-07-02T19:17:56.781+0000] {processor.py:183} INFO - Processing /usr/local/python/3.10.13/lib/python3.10/site-packages/airflow/example_dags/example_sensors.py took 0.077 seconds
[2024-07-02T19:18:38.858+0000] {processor.py:161} INFO - Started process (PID=9339) to work on /usr/local/python/3.10.13/lib/python3.10/site-packages/airflow/example_dags/example_sensors.py
[2024-07-02T19:18:38.858+0000] {processor.py:830} INFO - Processing file /usr/local/python/3.10.13/lib/python3.10/site-packages/airflow/example_dags/example_sensors.py for tasks to queue
[2024-07-02T19:18:38.859+0000] {logging_mixin.py:188} INFO - [2024-07-02T19:18:38.859+0000] {dagbag.py:545} INFO - Filling up the DagBag from /usr/local/python/3.10.13/lib/python3.10/site-packages/airflow/example_dags/example_sensors.py
[2024-07-02T19:18:38.866+0000] {processor.py:840} INFO - DAG(s) 'example_sensors' retrieved from /usr/local/python/3.10.13/lib/python3.10/site-packages/airflow/example_dags/example_sensors.py
[2024-07-02T19:18:38.883+0000] {logging_mixin.py:188} INFO - [2024-07-02T19:18:38.882+0000] {dag.py:3096} INFO - Sync 1 DAGs
[2024-07-02T19:18:38.891+0000] {logging_mixin.py:188} INFO - [2024-07-02T19:18:38.891+0000] {dag.py:3954} INFO - Setting next_dagrun for example_sensors to None, run_after=None
[2024-07-02T19:18:38.936+0000] {processor.py:183} INFO - Processing /usr/local/python/3.10.13/lib/python3.10/site-packages/airflow/example_dags/example_sensors.py took 0.083 seconds
[2024-07-02T19:19:24.433+0000] {processor.py:161} INFO - Started process (PID=9694) to work on /usr/local/python/3.10.13/lib/python3.10/site-packages/airflow/example_dags/example_sensors.py
[2024-07-02T19:19:24.434+0000] {processor.py:830} INFO - Processing file /usr/local/python/3.10.13/lib/python3.10/site-packages/airflow/example_dags/example_sensors.py for tasks to queue
[2024-07-02T19:19:24.435+0000] {logging_mixin.py:188} INFO - [2024-07-02T19:19:24.434+0000] {dagbag.py:545} INFO - Filling up the DagBag from /usr/local/python/3.10.13/lib/python3.10/site-packages/airflow/example_dags/example_sensors.py
[2024-07-02T19:19:24.446+0000] {processor.py:840} INFO - DAG(s) 'example_sensors' retrieved from /usr/local/python/3.10.13/lib/python3.10/site-packages/airflow/example_dags/example_sensors.py
[2024-07-02T19:19:24.472+0000] {logging_mixin.py:188} INFO - [2024-07-02T19:19:24.472+0000] {dag.py:3096} INFO - Sync 1 DAGs
[2024-07-02T19:19:24.486+0000] {logging_mixin.py:188} INFO - [2024-07-02T19:19:24.485+0000] {dag.py:3954} INFO - Setting next_dagrun for example_sensors to None, run_after=None
[2024-07-02T19:19:24.527+0000] {processor.py:183} INFO - Processing /usr/local/python/3.10.13/lib/python3.10/site-packages/airflow/example_dags/example_sensors.py took 0.099 seconds
[2024-07-02T19:20:10.949+0000] {processor.py:161} INFO - Started process (PID=10055) to work on /usr/local/python/3.10.13/lib/python3.10/site-packages/airflow/example_dags/example_sensors.py
[2024-07-02T19:20:10.949+0000] {processor.py:830} INFO - Processing file /usr/local/python/3.10.13/lib/python3.10/site-packages/airflow/example_dags/example_sensors.py for tasks to queue
[2024-07-02T19:20:10.950+0000] {logging_mixin.py:188} INFO - [2024-07-02T19:20:10.950+0000] {dagbag.py:545} INFO - Filling up the DagBag from /usr/local/python/3.10.13/lib/python3.10/site-packages/airflow/example_dags/example_sensors.py
[2024-07-02T19:20:10.958+0000] {processor.py:840} INFO - DAG(s) 'example_sensors' retrieved from /usr/local/python/3.10.13/lib/python3.10/site-packages/airflow/example_dags/example_sensors.py
[2024-07-02T19:20:10.974+0000] {logging_mixin.py:188} INFO - [2024-07-02T19:20:10.974+0000] {dag.py:3096} INFO - Sync 1 DAGs
[2024-07-02T19:20:10.982+0000] {logging_mixin.py:188} INFO - [2024-07-02T19:20:10.982+0000] {dag.py:3954} INFO - Setting next_dagrun for example_sensors to None, run_after=None
[2024-07-02T19:20:11.023+0000] {processor.py:183} INFO - Processing /usr/local/python/3.10.13/lib/python3.10/site-packages/airflow/example_dags/example_sensors.py took 0.079 seconds
[2024-07-02T19:20:58.318+0000] {processor.py:161} INFO - Started process (PID=10400) to work on /usr/local/python/3.10.13/lib/python3.10/site-packages/airflow/example_dags/example_sensors.py
[2024-07-02T19:20:58.319+0000] {processor.py:830} INFO - Processing file /usr/local/python/3.10.13/lib/python3.10/site-packages/airflow/example_dags/example_sensors.py for tasks to queue
[2024-07-02T19:20:58.320+0000] {logging_mixin.py:188} INFO - [2024-07-02T19:20:58.319+0000] {dagbag.py:545} INFO - Filling up the DagBag from /usr/local/python/3.10.13/lib/python3.10/site-packages/airflow/example_dags/example_sensors.py
[2024-07-02T19:20:58.327+0000] {processor.py:840} INFO - DAG(s) 'example_sensors' retrieved from /usr/local/python/3.10.13/lib/python3.10/site-packages/airflow/example_dags/example_sensors.py
[2024-07-02T19:20:58.343+0000] {logging_mixin.py:188} INFO - [2024-07-02T19:20:58.343+0000] {dag.py:3096} INFO - Sync 1 DAGs
[2024-07-02T19:20:58.351+0000] {logging_mixin.py:188} INFO - [2024-07-02T19:20:58.351+0000] {dag.py:3954} INFO - Setting next_dagrun for example_sensors to None, run_after=None
[2024-07-02T19:20:58.392+0000] {processor.py:183} INFO - Processing /usr/local/python/3.10.13/lib/python3.10/site-packages/airflow/example_dags/example_sensors.py took 0.078 seconds
[2024-07-02T19:21:46.157+0000] {processor.py:161} INFO - Started process (PID=10767) to work on /usr/local/python/3.10.13/lib/python3.10/site-packages/airflow/example_dags/example_sensors.py
[2024-07-02T19:21:46.157+0000] {processor.py:830} INFO - Processing file /usr/local/python/3.10.13/lib/python3.10/site-packages/airflow/example_dags/example_sensors.py for tasks to queue
[2024-07-02T19:21:46.158+0000] {logging_mixin.py:188} INFO - [2024-07-02T19:21:46.158+0000] {dagbag.py:545} INFO - Filling up the DagBag from /usr/local/python/3.10.13/lib/python3.10/site-packages/airflow/example_dags/example_sensors.py
[2024-07-02T19:21:46.165+0000] {processor.py:840} INFO - DAG(s) 'example_sensors' retrieved from /usr/local/python/3.10.13/lib/python3.10/site-packages/airflow/example_dags/example_sensors.py
[2024-07-02T19:21:46.181+0000] {logging_mixin.py:188} INFO - [2024-07-02T19:21:46.181+0000] {dag.py:3096} INFO - Sync 1 DAGs
[2024-07-02T19:21:46.190+0000] {logging_mixin.py:188} INFO - [2024-07-02T19:21:46.190+0000] {dag.py:3954} INFO - Setting next_dagrun for example_sensors to None, run_after=None
[2024-07-02T19:21:46.230+0000] {processor.py:183} INFO - Processing /usr/local/python/3.10.13/lib/python3.10/site-packages/airflow/example_dags/example_sensors.py took 0.078 seconds
[2024-07-02T19:22:32.256+0000] {processor.py:161} INFO - Started process (PID=11106) to work on /usr/local/python/3.10.13/lib/python3.10/site-packages/airflow/example_dags/example_sensors.py
[2024-07-02T19:22:32.257+0000] {processor.py:830} INFO - Processing file /usr/local/python/3.10.13/lib/python3.10/site-packages/airflow/example_dags/example_sensors.py for tasks to queue
[2024-07-02T19:22:32.257+0000] {logging_mixin.py:188} INFO - [2024-07-02T19:22:32.257+0000] {dagbag.py:545} INFO - Filling up the DagBag from /usr/local/python/3.10.13/lib/python3.10/site-packages/airflow/example_dags/example_sensors.py
[2024-07-02T19:22:32.264+0000] {processor.py:840} INFO - DAG(s) 'example_sensors' retrieved from /usr/local/python/3.10.13/lib/python3.10/site-packages/airflow/example_dags/example_sensors.py
[2024-07-02T19:22:32.280+0000] {logging_mixin.py:188} INFO - [2024-07-02T19:22:32.280+0000] {dag.py:3096} INFO - Sync 1 DAGs
[2024-07-02T19:22:32.288+0000] {logging_mixin.py:188} INFO - [2024-07-02T19:22:32.288+0000] {dag.py:3954} INFO - Setting next_dagrun for example_sensors to None, run_after=None
[2024-07-02T19:22:32.329+0000] {processor.py:183} INFO - Processing /usr/local/python/3.10.13/lib/python3.10/site-packages/airflow/example_dags/example_sensors.py took 0.077 seconds
[2024-07-02T19:23:33.243+0000] {processor.py:161} INFO - Started process (PID=11574) to work on /usr/local/python/3.10.13/lib/python3.10/site-packages/airflow/example_dags/example_sensors.py
[2024-07-02T19:23:33.244+0000] {processor.py:830} INFO - Processing file /usr/local/python/3.10.13/lib/python3.10/site-packages/airflow/example_dags/example_sensors.py for tasks to queue
[2024-07-02T19:23:33.245+0000] {logging_mixin.py:188} INFO - [2024-07-02T19:23:33.245+0000] {dagbag.py:545} INFO - Filling up the DagBag from /usr/local/python/3.10.13/lib/python3.10/site-packages/airflow/example_dags/example_sensors.py
[2024-07-02T19:23:33.257+0000] {processor.py:840} INFO - DAG(s) 'example_sensors' retrieved from /usr/local/python/3.10.13/lib/python3.10/site-packages/airflow/example_dags/example_sensors.py
[2024-07-02T19:23:33.273+0000] {logging_mixin.py:188} INFO - [2024-07-02T19:23:33.273+0000] {dag.py:3096} INFO - Sync 1 DAGs
[2024-07-02T19:23:33.283+0000] {logging_mixin.py:188} INFO - [2024-07-02T19:23:33.283+0000] {dag.py:3954} INFO - Setting next_dagrun for example_sensors to None, run_after=None
[2024-07-02T19:23:33.324+0000] {processor.py:183} INFO - Processing /usr/local/python/3.10.13/lib/python3.10/site-packages/airflow/example_dags/example_sensors.py took 0.089 seconds
[2024-07-02T19:24:34.881+0000] {processor.py:161} INFO - Started process (PID=12035) to work on /usr/local/python/3.10.13/lib/python3.10/site-packages/airflow/example_dags/example_sensors.py
[2024-07-02T19:24:34.882+0000] {processor.py:830} INFO - Processing file /usr/local/python/3.10.13/lib/python3.10/site-packages/airflow/example_dags/example_sensors.py for tasks to queue
[2024-07-02T19:24:34.882+0000] {logging_mixin.py:188} INFO - [2024-07-02T19:24:34.882+0000] {dagbag.py:545} INFO - Filling up the DagBag from /usr/local/python/3.10.13/lib/python3.10/site-packages/airflow/example_dags/example_sensors.py
[2024-07-02T19:24:34.890+0000] {processor.py:840} INFO - DAG(s) 'example_sensors' retrieved from /usr/local/python/3.10.13/lib/python3.10/site-packages/airflow/example_dags/example_sensors.py
[2024-07-02T19:24:34.906+0000] {logging_mixin.py:188} INFO - [2024-07-02T19:24:34.905+0000] {dag.py:3096} INFO - Sync 1 DAGs
[2024-07-02T19:24:34.914+0000] {logging_mixin.py:188} INFO - [2024-07-02T19:24:34.914+0000] {dag.py:3954} INFO - Setting next_dagrun for example_sensors to None, run_after=None
[2024-07-02T19:24:34.957+0000] {processor.py:183} INFO - Processing /usr/local/python/3.10.13/lib/python3.10/site-packages/airflow/example_dags/example_sensors.py took 0.081 seconds
[2024-07-02T19:25:18.639+0000] {processor.py:161} INFO - Started process (PID=12386) to work on /usr/local/python/3.10.13/lib/python3.10/site-packages/airflow/example_dags/example_sensors.py
[2024-07-02T19:25:18.640+0000] {processor.py:830} INFO - Processing file /usr/local/python/3.10.13/lib/python3.10/site-packages/airflow/example_dags/example_sensors.py for tasks to queue
[2024-07-02T19:25:18.640+0000] {logging_mixin.py:188} INFO - [2024-07-02T19:25:18.640+0000] {dagbag.py:545} INFO - Filling up the DagBag from /usr/local/python/3.10.13/lib/python3.10/site-packages/airflow/example_dags/example_sensors.py
[2024-07-02T19:25:18.647+0000] {processor.py:840} INFO - DAG(s) 'example_sensors' retrieved from /usr/local/python/3.10.13/lib/python3.10/site-packages/airflow/example_dags/example_sensors.py
[2024-07-02T19:25:18.663+0000] {logging_mixin.py:188} INFO - [2024-07-02T19:25:18.663+0000] {dag.py:3096} INFO - Sync 1 DAGs
[2024-07-02T19:25:18.671+0000] {logging_mixin.py:188} INFO - [2024-07-02T19:25:18.671+0000] {dag.py:3954} INFO - Setting next_dagrun for example_sensors to None, run_after=None
[2024-07-02T19:25:18.711+0000] {processor.py:183} INFO - Processing /usr/local/python/3.10.13/lib/python3.10/site-packages/airflow/example_dags/example_sensors.py took 0.076 seconds
[2024-07-02T19:26:00.987+0000] {processor.py:161} INFO - Started process (PID=12709) to work on /usr/local/python/3.10.13/lib/python3.10/site-packages/airflow/example_dags/example_sensors.py
[2024-07-02T19:26:00.988+0000] {processor.py:830} INFO - Processing file /usr/local/python/3.10.13/lib/python3.10/site-packages/airflow/example_dags/example_sensors.py for tasks to queue
[2024-07-02T19:26:00.988+0000] {logging_mixin.py:188} INFO - [2024-07-02T19:26:00.988+0000] {dagbag.py:545} INFO - Filling up the DagBag from /usr/local/python/3.10.13/lib/python3.10/site-packages/airflow/example_dags/example_sensors.py
[2024-07-02T19:26:00.995+0000] {processor.py:840} INFO - DAG(s) 'example_sensors' retrieved from /usr/local/python/3.10.13/lib/python3.10/site-packages/airflow/example_dags/example_sensors.py
[2024-07-02T19:26:01.011+0000] {logging_mixin.py:188} INFO - [2024-07-02T19:26:01.011+0000] {dag.py:3096} INFO - Sync 1 DAGs
[2024-07-02T19:26:01.020+0000] {logging_mixin.py:188} INFO - [2024-07-02T19:26:01.020+0000] {dag.py:3954} INFO - Setting next_dagrun for example_sensors to None, run_after=None
[2024-07-02T19:26:01.064+0000] {processor.py:183} INFO - Processing /usr/local/python/3.10.13/lib/python3.10/site-packages/airflow/example_dags/example_sensors.py took 0.082 seconds
[2024-07-02T19:26:45.730+0000] {processor.py:161} INFO - Started process (PID=13034) to work on /usr/local/python/3.10.13/lib/python3.10/site-packages/airflow/example_dags/example_sensors.py
[2024-07-02T19:26:45.731+0000] {processor.py:830} INFO - Processing file /usr/local/python/3.10.13/lib/python3.10/site-packages/airflow/example_dags/example_sensors.py for tasks to queue
[2024-07-02T19:26:45.732+0000] {logging_mixin.py:188} INFO - [2024-07-02T19:26:45.731+0000] {dagbag.py:545} INFO - Filling up the DagBag from /usr/local/python/3.10.13/lib/python3.10/site-packages/airflow/example_dags/example_sensors.py
[2024-07-02T19:26:45.740+0000] {processor.py:840} INFO - DAG(s) 'example_sensors' retrieved from /usr/local/python/3.10.13/lib/python3.10/site-packages/airflow/example_dags/example_sensors.py
[2024-07-02T19:26:45.756+0000] {logging_mixin.py:188} INFO - [2024-07-02T19:26:45.756+0000] {dag.py:3096} INFO - Sync 1 DAGs
[2024-07-02T19:26:45.765+0000] {logging_mixin.py:188} INFO - [2024-07-02T19:26:45.765+0000] {dag.py:3954} INFO - Setting next_dagrun for example_sensors to None, run_after=None
[2024-07-02T19:26:45.805+0000] {processor.py:183} INFO - Processing /usr/local/python/3.10.13/lib/python3.10/site-packages/airflow/example_dags/example_sensors.py took 0.082 seconds
[2024-07-02T19:27:30.103+0000] {processor.py:161} INFO - Started process (PID=13434) to work on /usr/local/python/3.10.13/lib/python3.10/site-packages/airflow/example_dags/example_sensors.py
[2024-07-02T19:27:30.103+0000] {processor.py:830} INFO - Processing file /usr/local/python/3.10.13/lib/python3.10/site-packages/airflow/example_dags/example_sensors.py for tasks to queue
[2024-07-02T19:27:30.104+0000] {logging_mixin.py:188} INFO - [2024-07-02T19:27:30.104+0000] {dagbag.py:545} INFO - Filling up the DagBag from /usr/local/python/3.10.13/lib/python3.10/site-packages/airflow/example_dags/example_sensors.py
[2024-07-02T19:27:30.111+0000] {processor.py:840} INFO - DAG(s) 'example_sensors' retrieved from /usr/local/python/3.10.13/lib/python3.10/site-packages/airflow/example_dags/example_sensors.py
[2024-07-02T19:27:30.127+0000] {logging_mixin.py:188} INFO - [2024-07-02T19:27:30.126+0000] {dag.py:3096} INFO - Sync 1 DAGs
[2024-07-02T19:27:30.135+0000] {logging_mixin.py:188} INFO - [2024-07-02T19:27:30.135+0000] {dag.py:3954} INFO - Setting next_dagrun for example_sensors to None, run_after=None
[2024-07-02T19:27:30.174+0000] {processor.py:183} INFO - Processing /usr/local/python/3.10.13/lib/python3.10/site-packages/airflow/example_dags/example_sensors.py took 0.076 seconds
[2024-07-02T19:28:33.420+0000] {processor.py:161} INFO - Started process (PID=13981) to work on /usr/local/python/3.10.13/lib/python3.10/site-packages/airflow/example_dags/example_sensors.py
[2024-07-02T19:28:33.421+0000] {processor.py:830} INFO - Processing file /usr/local/python/3.10.13/lib/python3.10/site-packages/airflow/example_dags/example_sensors.py for tasks to queue
[2024-07-02T19:28:33.421+0000] {logging_mixin.py:188} INFO - [2024-07-02T19:28:33.421+0000] {dagbag.py:545} INFO - Filling up the DagBag from /usr/local/python/3.10.13/lib/python3.10/site-packages/airflow/example_dags/example_sensors.py
[2024-07-02T19:28:33.429+0000] {processor.py:840} INFO - DAG(s) 'example_sensors' retrieved from /usr/local/python/3.10.13/lib/python3.10/site-packages/airflow/example_dags/example_sensors.py
[2024-07-02T19:28:33.445+0000] {logging_mixin.py:188} INFO - [2024-07-02T19:28:33.445+0000] {dag.py:3096} INFO - Sync 1 DAGs
[2024-07-02T19:28:33.453+0000] {logging_mixin.py:188} INFO - [2024-07-02T19:28:33.453+0000] {dag.py:3954} INFO - Setting next_dagrun for example_sensors to None, run_after=None
[2024-07-02T19:28:33.495+0000] {processor.py:183} INFO - Processing /usr/local/python/3.10.13/lib/python3.10/site-packages/airflow/example_dags/example_sensors.py took 0.080 seconds
[2024-07-02T19:29:19.314+0000] {processor.py:161} INFO - Started process (PID=14377) to work on /usr/local/python/3.10.13/lib/python3.10/site-packages/airflow/example_dags/example_sensors.py
[2024-07-02T19:29:19.315+0000] {processor.py:830} INFO - Processing file /usr/local/python/3.10.13/lib/python3.10/site-packages/airflow/example_dags/example_sensors.py for tasks to queue
[2024-07-02T19:29:19.316+0000] {logging_mixin.py:188} INFO - [2024-07-02T19:29:19.316+0000] {dagbag.py:545} INFO - Filling up the DagBag from /usr/local/python/3.10.13/lib/python3.10/site-packages/airflow/example_dags/example_sensors.py
[2024-07-02T19:29:19.323+0000] {processor.py:840} INFO - DAG(s) 'example_sensors' retrieved from /usr/local/python/3.10.13/lib/python3.10/site-packages/airflow/example_dags/example_sensors.py
[2024-07-02T19:29:19.339+0000] {logging_mixin.py:188} INFO - [2024-07-02T19:29:19.339+0000] {dag.py:3096} INFO - Sync 1 DAGs
[2024-07-02T19:29:19.350+0000] {logging_mixin.py:188} INFO - [2024-07-02T19:29:19.350+0000] {dag.py:3954} INFO - Setting next_dagrun for example_sensors to None, run_after=None
[2024-07-02T19:29:19.391+0000] {processor.py:183} INFO - Processing /usr/local/python/3.10.13/lib/python3.10/site-packages/airflow/example_dags/example_sensors.py took 0.081 seconds
[2024-07-02T19:30:07.184+0000] {processor.py:161} INFO - Started process (PID=14739) to work on /usr/local/python/3.10.13/lib/python3.10/site-packages/airflow/example_dags/example_sensors.py
[2024-07-02T19:30:07.184+0000] {processor.py:830} INFO - Processing file /usr/local/python/3.10.13/lib/python3.10/site-packages/airflow/example_dags/example_sensors.py for tasks to queue
[2024-07-02T19:30:07.185+0000] {logging_mixin.py:188} INFO - [2024-07-02T19:30:07.185+0000] {dagbag.py:545} INFO - Filling up the DagBag from /usr/local/python/3.10.13/lib/python3.10/site-packages/airflow/example_dags/example_sensors.py
[2024-07-02T19:30:07.193+0000] {processor.py:840} INFO - DAG(s) 'example_sensors' retrieved from /usr/local/python/3.10.13/lib/python3.10/site-packages/airflow/example_dags/example_sensors.py
[2024-07-02T19:30:07.209+0000] {logging_mixin.py:188} INFO - [2024-07-02T19:30:07.208+0000] {dag.py:3096} INFO - Sync 1 DAGs
[2024-07-02T19:30:07.217+0000] {logging_mixin.py:188} INFO - [2024-07-02T19:30:07.217+0000] {dag.py:3954} INFO - Setting next_dagrun for example_sensors to None, run_after=None
[2024-07-02T19:30:07.261+0000] {processor.py:183} INFO - Processing /usr/local/python/3.10.13/lib/python3.10/site-packages/airflow/example_dags/example_sensors.py took 0.081 seconds
[2024-07-02T19:30:52.020+0000] {processor.py:161} INFO - Started process (PID=15141) to work on /usr/local/python/3.10.13/lib/python3.10/site-packages/airflow/example_dags/example_sensors.py
[2024-07-02T19:30:52.022+0000] {processor.py:830} INFO - Processing file /usr/local/python/3.10.13/lib/python3.10/site-packages/airflow/example_dags/example_sensors.py for tasks to queue
[2024-07-02T19:30:52.023+0000] {logging_mixin.py:188} INFO - [2024-07-02T19:30:52.022+0000] {dagbag.py:545} INFO - Filling up the DagBag from /usr/local/python/3.10.13/lib/python3.10/site-packages/airflow/example_dags/example_sensors.py
[2024-07-02T19:30:52.036+0000] {processor.py:840} INFO - DAG(s) 'example_sensors' retrieved from /usr/local/python/3.10.13/lib/python3.10/site-packages/airflow/example_dags/example_sensors.py
[2024-07-02T19:30:52.053+0000] {logging_mixin.py:188} INFO - [2024-07-02T19:30:52.053+0000] {dag.py:3096} INFO - Sync 1 DAGs
[2024-07-02T19:30:52.062+0000] {logging_mixin.py:188} INFO - [2024-07-02T19:30:52.062+0000] {dag.py:3954} INFO - Setting next_dagrun for example_sensors to None, run_after=None
[2024-07-02T19:30:52.107+0000] {processor.py:183} INFO - Processing /usr/local/python/3.10.13/lib/python3.10/site-packages/airflow/example_dags/example_sensors.py took 0.093 seconds
[2024-07-02T19:31:38.270+0000] {processor.py:161} INFO - Started process (PID=15477) to work on /usr/local/python/3.10.13/lib/python3.10/site-packages/airflow/example_dags/example_sensors.py
[2024-07-02T19:31:38.271+0000] {processor.py:830} INFO - Processing file /usr/local/python/3.10.13/lib/python3.10/site-packages/airflow/example_dags/example_sensors.py for tasks to queue
[2024-07-02T19:31:38.271+0000] {logging_mixin.py:188} INFO - [2024-07-02T19:31:38.271+0000] {dagbag.py:545} INFO - Filling up the DagBag from /usr/local/python/3.10.13/lib/python3.10/site-packages/airflow/example_dags/example_sensors.py
[2024-07-02T19:31:38.279+0000] {processor.py:840} INFO - DAG(s) 'example_sensors' retrieved from /usr/local/python/3.10.13/lib/python3.10/site-packages/airflow/example_dags/example_sensors.py
[2024-07-02T19:31:38.295+0000] {logging_mixin.py:188} INFO - [2024-07-02T19:31:38.295+0000] {dag.py:3096} INFO - Sync 1 DAGs
[2024-07-02T19:31:38.303+0000] {logging_mixin.py:188} INFO - [2024-07-02T19:31:38.303+0000] {dag.py:3954} INFO - Setting next_dagrun for example_sensors to None, run_after=None
[2024-07-02T19:31:38.345+0000] {processor.py:183} INFO - Processing /usr/local/python/3.10.13/lib/python3.10/site-packages/airflow/example_dags/example_sensors.py took 0.079 seconds
[2024-07-02T19:32:27.290+0000] {processor.py:161} INFO - Started process (PID=15846) to work on /usr/local/python/3.10.13/lib/python3.10/site-packages/airflow/example_dags/example_sensors.py
[2024-07-02T19:32:27.291+0000] {processor.py:830} INFO - Processing file /usr/local/python/3.10.13/lib/python3.10/site-packages/airflow/example_dags/example_sensors.py for tasks to queue
[2024-07-02T19:32:27.291+0000] {logging_mixin.py:188} INFO - [2024-07-02T19:32:27.291+0000] {dagbag.py:545} INFO - Filling up the DagBag from /usr/local/python/3.10.13/lib/python3.10/site-packages/airflow/example_dags/example_sensors.py
[2024-07-02T19:32:27.299+0000] {processor.py:840} INFO - DAG(s) 'example_sensors' retrieved from /usr/local/python/3.10.13/lib/python3.10/site-packages/airflow/example_dags/example_sensors.py
[2024-07-02T19:32:27.315+0000] {logging_mixin.py:188} INFO - [2024-07-02T19:32:27.314+0000] {dag.py:3096} INFO - Sync 1 DAGs
[2024-07-02T19:32:27.324+0000] {logging_mixin.py:188} INFO - [2024-07-02T19:32:27.323+0000] {dag.py:3954} INFO - Setting next_dagrun for example_sensors to None, run_after=None
[2024-07-02T19:32:27.366+0000] {processor.py:183} INFO - Processing /usr/local/python/3.10.13/lib/python3.10/site-packages/airflow/example_dags/example_sensors.py took 0.080 seconds
[2024-07-02T19:33:30.949+0000] {processor.py:161} INFO - Started process (PID=16398) to work on /usr/local/python/3.10.13/lib/python3.10/site-packages/airflow/example_dags/example_sensors.py
[2024-07-02T19:33:30.950+0000] {processor.py:830} INFO - Processing file /usr/local/python/3.10.13/lib/python3.10/site-packages/airflow/example_dags/example_sensors.py for tasks to queue
[2024-07-02T19:33:30.951+0000] {logging_mixin.py:188} INFO - [2024-07-02T19:33:30.951+0000] {dagbag.py:545} INFO - Filling up the DagBag from /usr/local/python/3.10.13/lib/python3.10/site-packages/airflow/example_dags/example_sensors.py
[2024-07-02T19:33:30.958+0000] {processor.py:840} INFO - DAG(s) 'example_sensors' retrieved from /usr/local/python/3.10.13/lib/python3.10/site-packages/airflow/example_dags/example_sensors.py
[2024-07-02T19:33:30.974+0000] {logging_mixin.py:188} INFO - [2024-07-02T19:33:30.974+0000] {dag.py:3096} INFO - Sync 1 DAGs
[2024-07-02T19:33:30.983+0000] {logging_mixin.py:188} INFO - [2024-07-02T19:33:30.983+0000] {dag.py:3954} INFO - Setting next_dagrun for example_sensors to None, run_after=None
[2024-07-02T19:33:31.024+0000] {processor.py:183} INFO - Processing /usr/local/python/3.10.13/lib/python3.10/site-packages/airflow/example_dags/example_sensors.py took 0.079 seconds
[2024-07-02T19:34:15.394+0000] {processor.py:161} INFO - Started process (PID=16747) to work on /usr/local/python/3.10.13/lib/python3.10/site-packages/airflow/example_dags/example_sensors.py
[2024-07-02T19:34:15.395+0000] {processor.py:830} INFO - Processing file /usr/local/python/3.10.13/lib/python3.10/site-packages/airflow/example_dags/example_sensors.py for tasks to queue
[2024-07-02T19:34:15.395+0000] {logging_mixin.py:188} INFO - [2024-07-02T19:34:15.395+0000] {dagbag.py:545} INFO - Filling up the DagBag from /usr/local/python/3.10.13/lib/python3.10/site-packages/airflow/example_dags/example_sensors.py
[2024-07-02T19:34:15.403+0000] {processor.py:840} INFO - DAG(s) 'example_sensors' retrieved from /usr/local/python/3.10.13/lib/python3.10/site-packages/airflow/example_dags/example_sensors.py
[2024-07-02T19:34:15.419+0000] {logging_mixin.py:188} INFO - [2024-07-02T19:34:15.418+0000] {dag.py:3096} INFO - Sync 1 DAGs
[2024-07-02T19:34:15.427+0000] {logging_mixin.py:188} INFO - [2024-07-02T19:34:15.427+0000] {dag.py:3954} INFO - Setting next_dagrun for example_sensors to None, run_after=None
[2024-07-02T19:34:15.468+0000] {processor.py:183} INFO - Processing /usr/local/python/3.10.13/lib/python3.10/site-packages/airflow/example_dags/example_sensors.py took 0.078 seconds
[2024-07-02T19:35:01.339+0000] {processor.py:161} INFO - Started process (PID=17128) to work on /usr/local/python/3.10.13/lib/python3.10/site-packages/airflow/example_dags/example_sensors.py
[2024-07-02T19:35:01.339+0000] {processor.py:830} INFO - Processing file /usr/local/python/3.10.13/lib/python3.10/site-packages/airflow/example_dags/example_sensors.py for tasks to queue
[2024-07-02T19:35:01.340+0000] {logging_mixin.py:188} INFO - [2024-07-02T19:35:01.340+0000] {dagbag.py:545} INFO - Filling up the DagBag from /usr/local/python/3.10.13/lib/python3.10/site-packages/airflow/example_dags/example_sensors.py
[2024-07-02T19:35:01.347+0000] {processor.py:840} INFO - DAG(s) 'example_sensors' retrieved from /usr/local/python/3.10.13/lib/python3.10/site-packages/airflow/example_dags/example_sensors.py
[2024-07-02T19:35:01.363+0000] {logging_mixin.py:188} INFO - [2024-07-02T19:35:01.363+0000] {dag.py:3096} INFO - Sync 1 DAGs
[2024-07-02T19:35:01.372+0000] {logging_mixin.py:188} INFO - [2024-07-02T19:35:01.372+0000] {dag.py:3954} INFO - Setting next_dagrun for example_sensors to None, run_after=None
[2024-07-02T19:35:01.413+0000] {processor.py:183} INFO - Processing /usr/local/python/3.10.13/lib/python3.10/site-packages/airflow/example_dags/example_sensors.py took 0.079 seconds
[2024-07-02T19:35:48.424+0000] {processor.py:161} INFO - Started process (PID=17533) to work on /usr/local/python/3.10.13/lib/python3.10/site-packages/airflow/example_dags/example_sensors.py
[2024-07-02T19:35:48.425+0000] {processor.py:830} INFO - Processing file /usr/local/python/3.10.13/lib/python3.10/site-packages/airflow/example_dags/example_sensors.py for tasks to queue
[2024-07-02T19:35:48.426+0000] {logging_mixin.py:188} INFO - [2024-07-02T19:35:48.425+0000] {dagbag.py:545} INFO - Filling up the DagBag from /usr/local/python/3.10.13/lib/python3.10/site-packages/airflow/example_dags/example_sensors.py
[2024-07-02T19:35:48.433+0000] {processor.py:840} INFO - DAG(s) 'example_sensors' retrieved from /usr/local/python/3.10.13/lib/python3.10/site-packages/airflow/example_dags/example_sensors.py
[2024-07-02T19:35:48.449+0000] {logging_mixin.py:188} INFO - [2024-07-02T19:35:48.449+0000] {dag.py:3096} INFO - Sync 1 DAGs
[2024-07-02T19:35:48.459+0000] {logging_mixin.py:188} INFO - [2024-07-02T19:35:48.459+0000] {dag.py:3954} INFO - Setting next_dagrun for example_sensors to None, run_after=None
[2024-07-02T19:35:48.510+0000] {processor.py:183} INFO - Processing /usr/local/python/3.10.13/lib/python3.10/site-packages/airflow/example_dags/example_sensors.py took 0.090 seconds
[2024-07-02T19:36:42.957+0000] {processor.py:161} INFO - Started process (PID=17979) to work on /usr/local/python/3.10.13/lib/python3.10/site-packages/airflow/example_dags/example_sensors.py
[2024-07-02T19:36:42.957+0000] {processor.py:830} INFO - Processing file /usr/local/python/3.10.13/lib/python3.10/site-packages/airflow/example_dags/example_sensors.py for tasks to queue
[2024-07-02T19:36:42.958+0000] {logging_mixin.py:188} INFO - [2024-07-02T19:36:42.958+0000] {dagbag.py:545} INFO - Filling up the DagBag from /usr/local/python/3.10.13/lib/python3.10/site-packages/airflow/example_dags/example_sensors.py
[2024-07-02T19:36:42.965+0000] {processor.py:840} INFO - DAG(s) 'example_sensors' retrieved from /usr/local/python/3.10.13/lib/python3.10/site-packages/airflow/example_dags/example_sensors.py
[2024-07-02T19:36:42.986+0000] {logging_mixin.py:188} INFO - [2024-07-02T19:36:42.986+0000] {dag.py:3096} INFO - Sync 1 DAGs
[2024-07-02T19:36:42.999+0000] {logging_mixin.py:188} INFO - [2024-07-02T19:36:42.999+0000] {dag.py:3954} INFO - Setting next_dagrun for example_sensors to None, run_after=None
[2024-07-02T19:36:43.050+0000] {processor.py:183} INFO - Processing /usr/local/python/3.10.13/lib/python3.10/site-packages/airflow/example_dags/example_sensors.py took 0.098 seconds
[2024-07-02T19:37:33.815+0000] {processor.py:161} INFO - Started process (PID=18343) to work on /usr/local/python/3.10.13/lib/python3.10/site-packages/airflow/example_dags/example_sensors.py
[2024-07-02T19:37:33.816+0000] {processor.py:830} INFO - Processing file /usr/local/python/3.10.13/lib/python3.10/site-packages/airflow/example_dags/example_sensors.py for tasks to queue
[2024-07-02T19:37:33.816+0000] {logging_mixin.py:188} INFO - [2024-07-02T19:37:33.816+0000] {dagbag.py:545} INFO - Filling up the DagBag from /usr/local/python/3.10.13/lib/python3.10/site-packages/airflow/example_dags/example_sensors.py
[2024-07-02T19:37:33.824+0000] {processor.py:840} INFO - DAG(s) 'example_sensors' retrieved from /usr/local/python/3.10.13/lib/python3.10/site-packages/airflow/example_dags/example_sensors.py
[2024-07-02T19:37:33.840+0000] {logging_mixin.py:188} INFO - [2024-07-02T19:37:33.840+0000] {dag.py:3096} INFO - Sync 1 DAGs
[2024-07-02T19:37:33.849+0000] {logging_mixin.py:188} INFO - [2024-07-02T19:37:33.849+0000] {dag.py:3954} INFO - Setting next_dagrun for example_sensors to None, run_after=None
[2024-07-02T19:37:33.889+0000] {processor.py:183} INFO - Processing /usr/local/python/3.10.13/lib/python3.10/site-packages/airflow/example_dags/example_sensors.py took 0.079 seconds
[2024-07-02T19:38:37.219+0000] {processor.py:161} INFO - Started process (PID=18804) to work on /usr/local/python/3.10.13/lib/python3.10/site-packages/airflow/example_dags/example_sensors.py
[2024-07-02T19:38:37.220+0000] {processor.py:830} INFO - Processing file /usr/local/python/3.10.13/lib/python3.10/site-packages/airflow/example_dags/example_sensors.py for tasks to queue
[2024-07-02T19:38:37.220+0000] {logging_mixin.py:188} INFO - [2024-07-02T19:38:37.220+0000] {dagbag.py:545} INFO - Filling up the DagBag from /usr/local/python/3.10.13/lib/python3.10/site-packages/airflow/example_dags/example_sensors.py
[2024-07-02T19:38:37.228+0000] {processor.py:840} INFO - DAG(s) 'example_sensors' retrieved from /usr/local/python/3.10.13/lib/python3.10/site-packages/airflow/example_dags/example_sensors.py
[2024-07-02T19:38:37.244+0000] {logging_mixin.py:188} INFO - [2024-07-02T19:38:37.244+0000] {dag.py:3096} INFO - Sync 1 DAGs
[2024-07-02T19:38:37.252+0000] {logging_mixin.py:188} INFO - [2024-07-02T19:38:37.252+0000] {dag.py:3954} INFO - Setting next_dagrun for example_sensors to None, run_after=None
[2024-07-02T19:38:37.292+0000] {processor.py:183} INFO - Processing /usr/local/python/3.10.13/lib/python3.10/site-packages/airflow/example_dags/example_sensors.py took 0.078 seconds
[2024-07-02T19:39:19.849+0000] {processor.py:161} INFO - Started process (PID=19131) to work on /usr/local/python/3.10.13/lib/python3.10/site-packages/airflow/example_dags/example_sensors.py
[2024-07-02T19:39:19.850+0000] {processor.py:830} INFO - Processing file /usr/local/python/3.10.13/lib/python3.10/site-packages/airflow/example_dags/example_sensors.py for tasks to queue
[2024-07-02T19:39:19.850+0000] {logging_mixin.py:188} INFO - [2024-07-02T19:39:19.850+0000] {dagbag.py:545} INFO - Filling up the DagBag from /usr/local/python/3.10.13/lib/python3.10/site-packages/airflow/example_dags/example_sensors.py
[2024-07-02T19:39:19.858+0000] {processor.py:840} INFO - DAG(s) 'example_sensors' retrieved from /usr/local/python/3.10.13/lib/python3.10/site-packages/airflow/example_dags/example_sensors.py
[2024-07-02T19:39:19.874+0000] {logging_mixin.py:188} INFO - [2024-07-02T19:39:19.874+0000] {dag.py:3096} INFO - Sync 1 DAGs
[2024-07-02T19:39:19.883+0000] {logging_mixin.py:188} INFO - [2024-07-02T19:39:19.882+0000] {dag.py:3954} INFO - Setting next_dagrun for example_sensors to None, run_after=None
[2024-07-02T19:39:19.922+0000] {processor.py:183} INFO - Processing /usr/local/python/3.10.13/lib/python3.10/site-packages/airflow/example_dags/example_sensors.py took 0.078 seconds
[2024-07-02T19:40:12.956+0000] {processor.py:161} INFO - Started process (PID=19518) to work on /usr/local/python/3.10.13/lib/python3.10/site-packages/airflow/example_dags/example_sensors.py
[2024-07-02T19:40:12.957+0000] {processor.py:830} INFO - Processing file /usr/local/python/3.10.13/lib/python3.10/site-packages/airflow/example_dags/example_sensors.py for tasks to queue
[2024-07-02T19:40:12.957+0000] {logging_mixin.py:188} INFO - [2024-07-02T19:40:12.957+0000] {dagbag.py:545} INFO - Filling up the DagBag from /usr/local/python/3.10.13/lib/python3.10/site-packages/airflow/example_dags/example_sensors.py
[2024-07-02T19:40:12.965+0000] {processor.py:840} INFO - DAG(s) 'example_sensors' retrieved from /usr/local/python/3.10.13/lib/python3.10/site-packages/airflow/example_dags/example_sensors.py
[2024-07-02T19:40:12.982+0000] {logging_mixin.py:188} INFO - [2024-07-02T19:40:12.982+0000] {dag.py:3096} INFO - Sync 1 DAGs
[2024-07-02T19:40:12.992+0000] {logging_mixin.py:188} INFO - [2024-07-02T19:40:12.992+0000] {dag.py:3954} INFO - Setting next_dagrun for example_sensors to None, run_after=None
[2024-07-02T19:40:13.037+0000] {processor.py:183} INFO - Processing /usr/local/python/3.10.13/lib/python3.10/site-packages/airflow/example_dags/example_sensors.py took 0.086 seconds
[2024-07-02T19:41:04.991+0000] {processor.py:161} INFO - Started process (PID=19920) to work on /usr/local/python/3.10.13/lib/python3.10/site-packages/airflow/example_dags/example_sensors.py
[2024-07-02T19:41:04.992+0000] {processor.py:830} INFO - Processing file /usr/local/python/3.10.13/lib/python3.10/site-packages/airflow/example_dags/example_sensors.py for tasks to queue
[2024-07-02T19:41:04.992+0000] {logging_mixin.py:188} INFO - [2024-07-02T19:41:04.992+0000] {dagbag.py:545} INFO - Filling up the DagBag from /usr/local/python/3.10.13/lib/python3.10/site-packages/airflow/example_dags/example_sensors.py
[2024-07-02T19:41:05.000+0000] {processor.py:840} INFO - DAG(s) 'example_sensors' retrieved from /usr/local/python/3.10.13/lib/python3.10/site-packages/airflow/example_dags/example_sensors.py
[2024-07-02T19:41:05.015+0000] {logging_mixin.py:188} INFO - [2024-07-02T19:41:05.015+0000] {dag.py:3096} INFO - Sync 1 DAGs
[2024-07-02T19:41:05.024+0000] {logging_mixin.py:188} INFO - [2024-07-02T19:41:05.024+0000] {dag.py:3954} INFO - Setting next_dagrun for example_sensors to None, run_after=None
[2024-07-02T19:41:05.065+0000] {processor.py:183} INFO - Processing /usr/local/python/3.10.13/lib/python3.10/site-packages/airflow/example_dags/example_sensors.py took 0.078 seconds
[2024-07-02T19:41:48.030+0000] {processor.py:161} INFO - Started process (PID=20245) to work on /usr/local/python/3.10.13/lib/python3.10/site-packages/airflow/example_dags/example_sensors.py
[2024-07-02T19:41:48.031+0000] {processor.py:830} INFO - Processing file /usr/local/python/3.10.13/lib/python3.10/site-packages/airflow/example_dags/example_sensors.py for tasks to queue
[2024-07-02T19:41:48.031+0000] {logging_mixin.py:188} INFO - [2024-07-02T19:41:48.031+0000] {dagbag.py:545} INFO - Filling up the DagBag from /usr/local/python/3.10.13/lib/python3.10/site-packages/airflow/example_dags/example_sensors.py
[2024-07-02T19:41:48.039+0000] {processor.py:840} INFO - DAG(s) 'example_sensors' retrieved from /usr/local/python/3.10.13/lib/python3.10/site-packages/airflow/example_dags/example_sensors.py
[2024-07-02T19:41:48.054+0000] {logging_mixin.py:188} INFO - [2024-07-02T19:41:48.054+0000] {dag.py:3096} INFO - Sync 1 DAGs
[2024-07-02T19:41:48.063+0000] {logging_mixin.py:188} INFO - [2024-07-02T19:41:48.063+0000] {dag.py:3954} INFO - Setting next_dagrun for example_sensors to None, run_after=None
[2024-07-02T19:41:48.103+0000] {processor.py:183} INFO - Processing /usr/local/python/3.10.13/lib/python3.10/site-packages/airflow/example_dags/example_sensors.py took 0.077 seconds
[2024-07-02T19:42:50.300+0000] {processor.py:161} INFO - Started process (PID=20730) to work on /usr/local/python/3.10.13/lib/python3.10/site-packages/airflow/example_dags/example_sensors.py
[2024-07-02T19:42:50.301+0000] {processor.py:830} INFO - Processing file /usr/local/python/3.10.13/lib/python3.10/site-packages/airflow/example_dags/example_sensors.py for tasks to queue
[2024-07-02T19:42:50.302+0000] {logging_mixin.py:188} INFO - [2024-07-02T19:42:50.301+0000] {dagbag.py:545} INFO - Filling up the DagBag from /usr/local/python/3.10.13/lib/python3.10/site-packages/airflow/example_dags/example_sensors.py
[2024-07-02T19:42:50.313+0000] {processor.py:840} INFO - DAG(s) 'example_sensors' retrieved from /usr/local/python/3.10.13/lib/python3.10/site-packages/airflow/example_dags/example_sensors.py
[2024-07-02T19:42:50.338+0000] {logging_mixin.py:188} INFO - [2024-07-02T19:42:50.338+0000] {dag.py:3096} INFO - Sync 1 DAGs
[2024-07-02T19:42:50.351+0000] {logging_mixin.py:188} INFO - [2024-07-02T19:42:50.351+0000] {dag.py:3954} INFO - Setting next_dagrun for example_sensors to None, run_after=None
[2024-07-02T19:42:50.390+0000] {processor.py:183} INFO - Processing /usr/local/python/3.10.13/lib/python3.10/site-packages/airflow/example_dags/example_sensors.py took 0.096 seconds
[2024-07-02T19:43:40.410+0000] {processor.py:161} INFO - Started process (PID=21158) to work on /usr/local/python/3.10.13/lib/python3.10/site-packages/airflow/example_dags/example_sensors.py
[2024-07-02T19:43:40.411+0000] {processor.py:830} INFO - Processing file /usr/local/python/3.10.13/lib/python3.10/site-packages/airflow/example_dags/example_sensors.py for tasks to queue
[2024-07-02T19:43:40.411+0000] {logging_mixin.py:188} INFO - [2024-07-02T19:43:40.411+0000] {dagbag.py:545} INFO - Filling up the DagBag from /usr/local/python/3.10.13/lib/python3.10/site-packages/airflow/example_dags/example_sensors.py
[2024-07-02T19:43:40.419+0000] {processor.py:840} INFO - DAG(s) 'example_sensors' retrieved from /usr/local/python/3.10.13/lib/python3.10/site-packages/airflow/example_dags/example_sensors.py
[2024-07-02T19:43:40.436+0000] {logging_mixin.py:188} INFO - [2024-07-02T19:43:40.436+0000] {dag.py:3096} INFO - Sync 1 DAGs
[2024-07-02T19:43:40.445+0000] {logging_mixin.py:188} INFO - [2024-07-02T19:43:40.445+0000] {dag.py:3954} INFO - Setting next_dagrun for example_sensors to None, run_after=None
[2024-07-02T19:43:40.488+0000] {processor.py:183} INFO - Processing /usr/local/python/3.10.13/lib/python3.10/site-packages/airflow/example_dags/example_sensors.py took 0.084 seconds
[2024-07-02T19:44:33.294+0000] {processor.py:161} INFO - Started process (PID=21555) to work on /usr/local/python/3.10.13/lib/python3.10/site-packages/airflow/example_dags/example_sensors.py
[2024-07-02T19:44:33.295+0000] {processor.py:830} INFO - Processing file /usr/local/python/3.10.13/lib/python3.10/site-packages/airflow/example_dags/example_sensors.py for tasks to queue
[2024-07-02T19:44:33.295+0000] {logging_mixin.py:188} INFO - [2024-07-02T19:44:33.295+0000] {dagbag.py:545} INFO - Filling up the DagBag from /usr/local/python/3.10.13/lib/python3.10/site-packages/airflow/example_dags/example_sensors.py
[2024-07-02T19:44:33.304+0000] {processor.py:840} INFO - DAG(s) 'example_sensors' retrieved from /usr/local/python/3.10.13/lib/python3.10/site-packages/airflow/example_dags/example_sensors.py
[2024-07-02T19:44:33.331+0000] {logging_mixin.py:188} INFO - [2024-07-02T19:44:33.331+0000] {dag.py:3096} INFO - Sync 1 DAGs
[2024-07-02T19:44:33.348+0000] {logging_mixin.py:188} INFO - [2024-07-02T19:44:33.347+0000] {dag.py:3954} INFO - Setting next_dagrun for example_sensors to None, run_after=None
[2024-07-02T19:44:33.395+0000] {processor.py:183} INFO - Processing /usr/local/python/3.10.13/lib/python3.10/site-packages/airflow/example_dags/example_sensors.py took 0.106 seconds
[2024-07-02T19:45:34.372+0000] {processor.py:161} INFO - Started process (PID=22005) to work on /usr/local/python/3.10.13/lib/python3.10/site-packages/airflow/example_dags/example_sensors.py
[2024-07-02T19:45:34.372+0000] {processor.py:830} INFO - Processing file /usr/local/python/3.10.13/lib/python3.10/site-packages/airflow/example_dags/example_sensors.py for tasks to queue
[2024-07-02T19:45:34.373+0000] {logging_mixin.py:188} INFO - [2024-07-02T19:45:34.373+0000] {dagbag.py:545} INFO - Filling up the DagBag from /usr/local/python/3.10.13/lib/python3.10/site-packages/airflow/example_dags/example_sensors.py
[2024-07-02T19:45:34.380+0000] {processor.py:840} INFO - DAG(s) 'example_sensors' retrieved from /usr/local/python/3.10.13/lib/python3.10/site-packages/airflow/example_dags/example_sensors.py
[2024-07-02T19:45:34.397+0000] {logging_mixin.py:188} INFO - [2024-07-02T19:45:34.397+0000] {dag.py:3096} INFO - Sync 1 DAGs
[2024-07-02T19:45:34.405+0000] {logging_mixin.py:188} INFO - [2024-07-02T19:45:34.405+0000] {dag.py:3954} INFO - Setting next_dagrun for example_sensors to None, run_after=None
[2024-07-02T19:45:34.445+0000] {processor.py:183} INFO - Processing /usr/local/python/3.10.13/lib/python3.10/site-packages/airflow/example_dags/example_sensors.py took 0.078 seconds
[2024-07-02T19:46:38.453+0000] {processor.py:161} INFO - Started process (PID=22470) to work on /usr/local/python/3.10.13/lib/python3.10/site-packages/airflow/example_dags/example_sensors.py
[2024-07-02T19:46:38.454+0000] {processor.py:830} INFO - Processing file /usr/local/python/3.10.13/lib/python3.10/site-packages/airflow/example_dags/example_sensors.py for tasks to queue
[2024-07-02T19:46:38.455+0000] {logging_mixin.py:188} INFO - [2024-07-02T19:46:38.455+0000] {dagbag.py:545} INFO - Filling up the DagBag from /usr/local/python/3.10.13/lib/python3.10/site-packages/airflow/example_dags/example_sensors.py
[2024-07-02T19:46:38.463+0000] {processor.py:840} INFO - DAG(s) 'example_sensors' retrieved from /usr/local/python/3.10.13/lib/python3.10/site-packages/airflow/example_dags/example_sensors.py
[2024-07-02T19:46:38.479+0000] {logging_mixin.py:188} INFO - [2024-07-02T19:46:38.479+0000] {dag.py:3096} INFO - Sync 1 DAGs
[2024-07-02T19:46:38.488+0000] {logging_mixin.py:188} INFO - [2024-07-02T19:46:38.488+0000] {dag.py:3954} INFO - Setting next_dagrun for example_sensors to None, run_after=None
[2024-07-02T19:46:38.529+0000] {processor.py:183} INFO - Processing /usr/local/python/3.10.13/lib/python3.10/site-packages/airflow/example_dags/example_sensors.py took 0.080 seconds
[2024-07-02T19:47:26.309+0000] {processor.py:161} INFO - Started process (PID=22782) to work on /usr/local/python/3.10.13/lib/python3.10/site-packages/airflow/example_dags/example_sensors.py
[2024-07-02T19:47:26.310+0000] {processor.py:830} INFO - Processing file /usr/local/python/3.10.13/lib/python3.10/site-packages/airflow/example_dags/example_sensors.py for tasks to queue
[2024-07-02T19:47:26.310+0000] {logging_mixin.py:188} INFO - [2024-07-02T19:47:26.310+0000] {dagbag.py:545} INFO - Filling up the DagBag from /usr/local/python/3.10.13/lib/python3.10/site-packages/airflow/example_dags/example_sensors.py
[2024-07-02T19:47:26.318+0000] {processor.py:840} INFO - DAG(s) 'example_sensors' retrieved from /usr/local/python/3.10.13/lib/python3.10/site-packages/airflow/example_dags/example_sensors.py
[2024-07-02T19:47:26.333+0000] {logging_mixin.py:188} INFO - [2024-07-02T19:47:26.333+0000] {dag.py:3096} INFO - Sync 1 DAGs
[2024-07-02T19:47:26.342+0000] {logging_mixin.py:188} INFO - [2024-07-02T19:47:26.341+0000] {dag.py:3954} INFO - Setting next_dagrun for example_sensors to None, run_after=None
[2024-07-02T19:47:26.387+0000] {processor.py:183} INFO - Processing /usr/local/python/3.10.13/lib/python3.10/site-packages/airflow/example_dags/example_sensors.py took 0.082 seconds
[2024-07-02T19:48:10.003+0000] {processor.py:161} INFO - Started process (PID=23101) to work on /usr/local/python/3.10.13/lib/python3.10/site-packages/airflow/example_dags/example_sensors.py
[2024-07-02T19:48:10.003+0000] {processor.py:830} INFO - Processing file /usr/local/python/3.10.13/lib/python3.10/site-packages/airflow/example_dags/example_sensors.py for tasks to queue
[2024-07-02T19:48:10.004+0000] {logging_mixin.py:188} INFO - [2024-07-02T19:48:10.004+0000] {dagbag.py:545} INFO - Filling up the DagBag from /usr/local/python/3.10.13/lib/python3.10/site-packages/airflow/example_dags/example_sensors.py
[2024-07-02T19:48:10.012+0000] {processor.py:840} INFO - DAG(s) 'example_sensors' retrieved from /usr/local/python/3.10.13/lib/python3.10/site-packages/airflow/example_dags/example_sensors.py
[2024-07-02T19:48:10.031+0000] {logging_mixin.py:188} INFO - [2024-07-02T19:48:10.031+0000] {dag.py:3096} INFO - Sync 1 DAGs
[2024-07-02T19:48:10.040+0000] {logging_mixin.py:188} INFO - [2024-07-02T19:48:10.040+0000] {dag.py:3954} INFO - Setting next_dagrun for example_sensors to None, run_after=None
[2024-07-02T19:48:10.084+0000] {processor.py:183} INFO - Processing /usr/local/python/3.10.13/lib/python3.10/site-packages/airflow/example_dags/example_sensors.py took 0.088 seconds
[2024-07-02T19:49:13.418+0000] {processor.py:161} INFO - Started process (PID=23567) to work on /usr/local/python/3.10.13/lib/python3.10/site-packages/airflow/example_dags/example_sensors.py
[2024-07-02T19:49:13.419+0000] {processor.py:830} INFO - Processing file /usr/local/python/3.10.13/lib/python3.10/site-packages/airflow/example_dags/example_sensors.py for tasks to queue
[2024-07-02T19:49:13.420+0000] {logging_mixin.py:188} INFO - [2024-07-02T19:49:13.419+0000] {dagbag.py:545} INFO - Filling up the DagBag from /usr/local/python/3.10.13/lib/python3.10/site-packages/airflow/example_dags/example_sensors.py
[2024-07-02T19:49:13.427+0000] {processor.py:840} INFO - DAG(s) 'example_sensors' retrieved from /usr/local/python/3.10.13/lib/python3.10/site-packages/airflow/example_dags/example_sensors.py
[2024-07-02T19:49:13.443+0000] {logging_mixin.py:188} INFO - [2024-07-02T19:49:13.443+0000] {dag.py:3096} INFO - Sync 1 DAGs
[2024-07-02T19:49:13.452+0000] {logging_mixin.py:188} INFO - [2024-07-02T19:49:13.452+0000] {dag.py:3954} INFO - Setting next_dagrun for example_sensors to None, run_after=None
[2024-07-02T19:49:13.493+0000] {processor.py:183} INFO - Processing /usr/local/python/3.10.13/lib/python3.10/site-packages/airflow/example_dags/example_sensors.py took 0.079 seconds
[2024-07-02T19:49:58.725+0000] {processor.py:161} INFO - Started process (PID=23909) to work on /usr/local/python/3.10.13/lib/python3.10/site-packages/airflow/example_dags/example_sensors.py
[2024-07-02T19:49:58.726+0000] {processor.py:830} INFO - Processing file /usr/local/python/3.10.13/lib/python3.10/site-packages/airflow/example_dags/example_sensors.py for tasks to queue
[2024-07-02T19:49:58.726+0000] {logging_mixin.py:188} INFO - [2024-07-02T19:49:58.726+0000] {dagbag.py:545} INFO - Filling up the DagBag from /usr/local/python/3.10.13/lib/python3.10/site-packages/airflow/example_dags/example_sensors.py
[2024-07-02T19:49:58.734+0000] {processor.py:840} INFO - DAG(s) 'example_sensors' retrieved from /usr/local/python/3.10.13/lib/python3.10/site-packages/airflow/example_dags/example_sensors.py
[2024-07-02T19:49:58.750+0000] {logging_mixin.py:188} INFO - [2024-07-02T19:49:58.750+0000] {dag.py:3096} INFO - Sync 1 DAGs
[2024-07-02T19:49:58.759+0000] {logging_mixin.py:188} INFO - [2024-07-02T19:49:58.759+0000] {dag.py:3954} INFO - Setting next_dagrun for example_sensors to None, run_after=None
[2024-07-02T19:49:58.797+0000] {processor.py:183} INFO - Processing /usr/local/python/3.10.13/lib/python3.10/site-packages/airflow/example_dags/example_sensors.py took 0.077 seconds
[2024-07-02T19:50:43.071+0000] {processor.py:161} INFO - Started process (PID=24260) to work on /usr/local/python/3.10.13/lib/python3.10/site-packages/airflow/example_dags/example_sensors.py
[2024-07-02T19:50:43.072+0000] {processor.py:830} INFO - Processing file /usr/local/python/3.10.13/lib/python3.10/site-packages/airflow/example_dags/example_sensors.py for tasks to queue
[2024-07-02T19:50:43.073+0000] {logging_mixin.py:188} INFO - [2024-07-02T19:50:43.073+0000] {dagbag.py:545} INFO - Filling up the DagBag from /usr/local/python/3.10.13/lib/python3.10/site-packages/airflow/example_dags/example_sensors.py
[2024-07-02T19:50:43.082+0000] {processor.py:840} INFO - DAG(s) 'example_sensors' retrieved from /usr/local/python/3.10.13/lib/python3.10/site-packages/airflow/example_dags/example_sensors.py
[2024-07-02T19:50:43.099+0000] {logging_mixin.py:188} INFO - [2024-07-02T19:50:43.099+0000] {dag.py:3096} INFO - Sync 1 DAGs
[2024-07-02T19:50:43.108+0000] {logging_mixin.py:188} INFO - [2024-07-02T19:50:43.108+0000] {dag.py:3954} INFO - Setting next_dagrun for example_sensors to None, run_after=None
[2024-07-02T19:50:43.150+0000] {processor.py:183} INFO - Processing /usr/local/python/3.10.13/lib/python3.10/site-packages/airflow/example_dags/example_sensors.py took 0.086 seconds
[2024-07-02T19:51:27.965+0000] {processor.py:161} INFO - Started process (PID=24589) to work on /usr/local/python/3.10.13/lib/python3.10/site-packages/airflow/example_dags/example_sensors.py
[2024-07-02T19:51:27.965+0000] {processor.py:830} INFO - Processing file /usr/local/python/3.10.13/lib/python3.10/site-packages/airflow/example_dags/example_sensors.py for tasks to queue
[2024-07-02T19:51:27.966+0000] {logging_mixin.py:188} INFO - [2024-07-02T19:51:27.966+0000] {dagbag.py:545} INFO - Filling up the DagBag from /usr/local/python/3.10.13/lib/python3.10/site-packages/airflow/example_dags/example_sensors.py
[2024-07-02T19:51:27.973+0000] {processor.py:840} INFO - DAG(s) 'example_sensors' retrieved from /usr/local/python/3.10.13/lib/python3.10/site-packages/airflow/example_dags/example_sensors.py
[2024-07-02T19:51:27.989+0000] {logging_mixin.py:188} INFO - [2024-07-02T19:51:27.989+0000] {dag.py:3096} INFO - Sync 1 DAGs
[2024-07-02T19:51:27.997+0000] {logging_mixin.py:188} INFO - [2024-07-02T19:51:27.997+0000] {dag.py:3954} INFO - Setting next_dagrun for example_sensors to None, run_after=None
[2024-07-02T19:51:28.039+0000] {processor.py:183} INFO - Processing /usr/local/python/3.10.13/lib/python3.10/site-packages/airflow/example_dags/example_sensors.py took 0.078 seconds
[2024-07-02T19:52:12.041+0000] {processor.py:161} INFO - Started process (PID=24915) to work on /usr/local/python/3.10.13/lib/python3.10/site-packages/airflow/example_dags/example_sensors.py
[2024-07-02T19:52:12.042+0000] {processor.py:830} INFO - Processing file /usr/local/python/3.10.13/lib/python3.10/site-packages/airflow/example_dags/example_sensors.py for tasks to queue
[2024-07-02T19:52:12.042+0000] {logging_mixin.py:188} INFO - [2024-07-02T19:52:12.042+0000] {dagbag.py:545} INFO - Filling up the DagBag from /usr/local/python/3.10.13/lib/python3.10/site-packages/airflow/example_dags/example_sensors.py
[2024-07-02T19:52:12.049+0000] {processor.py:840} INFO - DAG(s) 'example_sensors' retrieved from /usr/local/python/3.10.13/lib/python3.10/site-packages/airflow/example_dags/example_sensors.py
[2024-07-02T19:52:12.065+0000] {logging_mixin.py:188} INFO - [2024-07-02T19:52:12.065+0000] {dag.py:3096} INFO - Sync 1 DAGs
[2024-07-02T19:52:12.073+0000] {logging_mixin.py:188} INFO - [2024-07-02T19:52:12.073+0000] {dag.py:3954} INFO - Setting next_dagrun for example_sensors to None, run_after=None
[2024-07-02T19:52:12.116+0000] {processor.py:183} INFO - Processing /usr/local/python/3.10.13/lib/python3.10/site-packages/airflow/example_dags/example_sensors.py took 0.080 seconds
[2024-07-02T19:52:56.608+0000] {processor.py:161} INFO - Started process (PID=25269) to work on /usr/local/python/3.10.13/lib/python3.10/site-packages/airflow/example_dags/example_sensors.py
[2024-07-02T19:52:56.608+0000] {processor.py:830} INFO - Processing file /usr/local/python/3.10.13/lib/python3.10/site-packages/airflow/example_dags/example_sensors.py for tasks to queue
[2024-07-02T19:52:56.609+0000] {logging_mixin.py:188} INFO - [2024-07-02T19:52:56.609+0000] {dagbag.py:545} INFO - Filling up the DagBag from /usr/local/python/3.10.13/lib/python3.10/site-packages/airflow/example_dags/example_sensors.py
[2024-07-02T19:52:56.617+0000] {processor.py:840} INFO - DAG(s) 'example_sensors' retrieved from /usr/local/python/3.10.13/lib/python3.10/site-packages/airflow/example_dags/example_sensors.py
[2024-07-02T19:52:56.633+0000] {logging_mixin.py:188} INFO - [2024-07-02T19:52:56.632+0000] {dag.py:3096} INFO - Sync 1 DAGs
[2024-07-02T19:52:56.641+0000] {logging_mixin.py:188} INFO - [2024-07-02T19:52:56.641+0000] {dag.py:3954} INFO - Setting next_dagrun for example_sensors to None, run_after=None
[2024-07-02T19:52:56.682+0000] {processor.py:183} INFO - Processing /usr/local/python/3.10.13/lib/python3.10/site-packages/airflow/example_dags/example_sensors.py took 0.079 seconds
[2024-07-02T19:53:41.387+0000] {processor.py:161} INFO - Started process (PID=25594) to work on /usr/local/python/3.10.13/lib/python3.10/site-packages/airflow/example_dags/example_sensors.py
[2024-07-02T19:53:41.389+0000] {processor.py:830} INFO - Processing file /usr/local/python/3.10.13/lib/python3.10/site-packages/airflow/example_dags/example_sensors.py for tasks to queue
[2024-07-02T19:53:41.389+0000] {logging_mixin.py:188} INFO - [2024-07-02T19:53:41.389+0000] {dagbag.py:545} INFO - Filling up the DagBag from /usr/local/python/3.10.13/lib/python3.10/site-packages/airflow/example_dags/example_sensors.py
[2024-07-02T19:53:41.400+0000] {processor.py:840} INFO - DAG(s) 'example_sensors' retrieved from /usr/local/python/3.10.13/lib/python3.10/site-packages/airflow/example_dags/example_sensors.py
[2024-07-02T19:53:41.424+0000] {logging_mixin.py:188} INFO - [2024-07-02T19:53:41.423+0000] {dag.py:3096} INFO - Sync 1 DAGs
[2024-07-02T19:53:41.432+0000] {logging_mixin.py:188} INFO - [2024-07-02T19:53:41.432+0000] {dag.py:3954} INFO - Setting next_dagrun for example_sensors to None, run_after=None
[2024-07-02T19:53:41.485+0000] {processor.py:183} INFO - Processing /usr/local/python/3.10.13/lib/python3.10/site-packages/airflow/example_dags/example_sensors.py took 0.102 seconds
[2024-07-02T19:54:26.266+0000] {processor.py:161} INFO - Started process (PID=25943) to work on /usr/local/python/3.10.13/lib/python3.10/site-packages/airflow/example_dags/example_sensors.py
[2024-07-02T19:54:26.267+0000] {processor.py:830} INFO - Processing file /usr/local/python/3.10.13/lib/python3.10/site-packages/airflow/example_dags/example_sensors.py for tasks to queue
[2024-07-02T19:54:26.268+0000] {logging_mixin.py:188} INFO - [2024-07-02T19:54:26.267+0000] {dagbag.py:545} INFO - Filling up the DagBag from /usr/local/python/3.10.13/lib/python3.10/site-packages/airflow/example_dags/example_sensors.py
[2024-07-02T19:54:26.275+0000] {processor.py:840} INFO - DAG(s) 'example_sensors' retrieved from /usr/local/python/3.10.13/lib/python3.10/site-packages/airflow/example_dags/example_sensors.py
[2024-07-02T19:54:26.292+0000] {logging_mixin.py:188} INFO - [2024-07-02T19:54:26.291+0000] {dag.py:3096} INFO - Sync 1 DAGs
[2024-07-02T19:54:26.300+0000] {logging_mixin.py:188} INFO - [2024-07-02T19:54:26.300+0000] {dag.py:3954} INFO - Setting next_dagrun for example_sensors to None, run_after=None
[2024-07-02T19:54:26.341+0000] {processor.py:183} INFO - Processing /usr/local/python/3.10.13/lib/python3.10/site-packages/airflow/example_dags/example_sensors.py took 0.079 seconds
[2024-07-02T19:55:31.070+0000] {processor.py:161} INFO - Started process (PID=26432) to work on /usr/local/python/3.10.13/lib/python3.10/site-packages/airflow/example_dags/example_sensors.py
[2024-07-02T19:55:31.070+0000] {processor.py:830} INFO - Processing file /usr/local/python/3.10.13/lib/python3.10/site-packages/airflow/example_dags/example_sensors.py for tasks to queue
[2024-07-02T19:55:31.071+0000] {logging_mixin.py:188} INFO - [2024-07-02T19:55:31.071+0000] {dagbag.py:545} INFO - Filling up the DagBag from /usr/local/python/3.10.13/lib/python3.10/site-packages/airflow/example_dags/example_sensors.py
[2024-07-02T19:55:31.078+0000] {processor.py:840} INFO - DAG(s) 'example_sensors' retrieved from /usr/local/python/3.10.13/lib/python3.10/site-packages/airflow/example_dags/example_sensors.py
[2024-07-02T19:55:31.094+0000] {logging_mixin.py:188} INFO - [2024-07-02T19:55:31.094+0000] {dag.py:3096} INFO - Sync 1 DAGs
[2024-07-02T19:55:31.102+0000] {logging_mixin.py:188} INFO - [2024-07-02T19:55:31.102+0000] {dag.py:3954} INFO - Setting next_dagrun for example_sensors to None, run_after=None
[2024-07-02T19:55:31.142+0000] {processor.py:183} INFO - Processing /usr/local/python/3.10.13/lib/python3.10/site-packages/airflow/example_dags/example_sensors.py took 0.077 seconds
[2024-07-02T19:56:16.644+0000] {processor.py:161} INFO - Started process (PID=26862) to work on /usr/local/python/3.10.13/lib/python3.10/site-packages/airflow/example_dags/example_sensors.py
[2024-07-02T19:56:16.645+0000] {processor.py:830} INFO - Processing file /usr/local/python/3.10.13/lib/python3.10/site-packages/airflow/example_dags/example_sensors.py for tasks to queue
[2024-07-02T19:56:16.646+0000] {logging_mixin.py:188} INFO - [2024-07-02T19:56:16.646+0000] {dagbag.py:545} INFO - Filling up the DagBag from /usr/local/python/3.10.13/lib/python3.10/site-packages/airflow/example_dags/example_sensors.py
[2024-07-02T19:56:16.656+0000] {processor.py:840} INFO - DAG(s) 'example_sensors' retrieved from /usr/local/python/3.10.13/lib/python3.10/site-packages/airflow/example_dags/example_sensors.py
[2024-07-02T19:56:16.672+0000] {logging_mixin.py:188} INFO - [2024-07-02T19:56:16.672+0000] {dag.py:3096} INFO - Sync 1 DAGs
[2024-07-02T19:56:16.681+0000] {logging_mixin.py:188} INFO - [2024-07-02T19:56:16.681+0000] {dag.py:3954} INFO - Setting next_dagrun for example_sensors to None, run_after=None
[2024-07-02T19:56:16.729+0000] {processor.py:183} INFO - Processing /usr/local/python/3.10.13/lib/python3.10/site-packages/airflow/example_dags/example_sensors.py took 0.092 seconds
[2024-07-02T19:57:09.994+0000] {processor.py:161} INFO - Started process (PID=27317) to work on /usr/local/python/3.10.13/lib/python3.10/site-packages/airflow/example_dags/example_sensors.py
[2024-07-02T19:57:09.995+0000] {processor.py:830} INFO - Processing file /usr/local/python/3.10.13/lib/python3.10/site-packages/airflow/example_dags/example_sensors.py for tasks to queue
[2024-07-02T19:57:09.995+0000] {logging_mixin.py:188} INFO - [2024-07-02T19:57:09.995+0000] {dagbag.py:545} INFO - Filling up the DagBag from /usr/local/python/3.10.13/lib/python3.10/site-packages/airflow/example_dags/example_sensors.py
[2024-07-02T19:57:10.002+0000] {processor.py:840} INFO - DAG(s) 'example_sensors' retrieved from /usr/local/python/3.10.13/lib/python3.10/site-packages/airflow/example_dags/example_sensors.py
[2024-07-02T19:57:10.018+0000] {logging_mixin.py:188} INFO - [2024-07-02T19:57:10.018+0000] {dag.py:3096} INFO - Sync 1 DAGs
[2024-07-02T19:57:10.027+0000] {logging_mixin.py:188} INFO - [2024-07-02T19:57:10.027+0000] {dag.py:3954} INFO - Setting next_dagrun for example_sensors to None, run_after=None
[2024-07-02T19:57:10.072+0000] {processor.py:183} INFO - Processing /usr/local/python/3.10.13/lib/python3.10/site-packages/airflow/example_dags/example_sensors.py took 0.082 seconds
