[2024-07-02T19:10:44.824+0000] {processor.py:161} INFO - Started process (PID=5754) to work on /usr/local/python/3.10.13/lib/python3.10/site-packages/airflow/example_dags/example_setup_teardown_taskflow.py
[2024-07-02T19:10:44.824+0000] {processor.py:830} INFO - Processing file /usr/local/python/3.10.13/lib/python3.10/site-packages/airflow/example_dags/example_setup_teardown_taskflow.py for tasks to queue
[2024-07-02T19:10:44.825+0000] {logging_mixin.py:188} INFO - [2024-07-02T19:10:44.825+0000] {dagbag.py:545} INFO - Filling up the DagBag from /usr/local/python/3.10.13/lib/python3.10/site-packages/airflow/example_dags/example_setup_teardown_taskflow.py
[2024-07-02T19:10:44.832+0000] {processor.py:840} INFO - DAG(s) 'example_setup_teardown_taskflow' retrieved from /usr/local/python/3.10.13/lib/python3.10/site-packages/airflow/example_dags/example_setup_teardown_taskflow.py
[2024-07-02T19:10:45.061+0000] {logging_mixin.py:188} INFO - [2024-07-02T19:10:45.061+0000] {override.py:1829} INFO - Created Permission View: can edit on DAG:example_setup_teardown_taskflow
[2024-07-02T19:10:45.094+0000] {logging_mixin.py:188} INFO - [2024-07-02T19:10:45.094+0000] {override.py:1829} INFO - Created Permission View: can read on DAG:example_setup_teardown_taskflow
[2024-07-02T19:10:45.124+0000] {logging_mixin.py:188} INFO - [2024-07-02T19:10:45.124+0000] {override.py:1829} INFO - Created Permission View: can delete on DAG:example_setup_teardown_taskflow
[2024-07-02T19:10:45.125+0000] {logging_mixin.py:188} INFO - [2024-07-02T19:10:45.124+0000] {dag.py:3096} INFO - Sync 1 DAGs
[2024-07-02T19:10:45.132+0000] {logging_mixin.py:188} INFO - [2024-07-02T19:10:45.132+0000] {dag.py:3118} INFO - Creating ORM DAG for example_setup_teardown_taskflow
[2024-07-02T19:10:45.138+0000] {logging_mixin.py:188} INFO - [2024-07-02T19:10:45.138+0000] {dag.py:3954} INFO - Setting next_dagrun for example_setup_teardown_taskflow to 2024-07-01 00:00:00+00:00, run_after=2024-07-02 00:00:00+00:00
[2024-07-02T19:10:45.183+0000] {processor.py:183} INFO - Processing /usr/local/python/3.10.13/lib/python3.10/site-packages/airflow/example_dags/example_setup_teardown_taskflow.py took 0.364 seconds
[2024-07-02T19:11:43.323+0000] {processor.py:161} INFO - Started process (PID=6196) to work on /usr/local/python/3.10.13/lib/python3.10/site-packages/airflow/example_dags/example_setup_teardown_taskflow.py
[2024-07-02T19:11:43.324+0000] {processor.py:830} INFO - Processing file /usr/local/python/3.10.13/lib/python3.10/site-packages/airflow/example_dags/example_setup_teardown_taskflow.py for tasks to queue
[2024-07-02T19:11:43.325+0000] {logging_mixin.py:188} INFO - [2024-07-02T19:11:43.325+0000] {dagbag.py:545} INFO - Filling up the DagBag from /usr/local/python/3.10.13/lib/python3.10/site-packages/airflow/example_dags/example_setup_teardown_taskflow.py
[2024-07-02T19:11:43.334+0000] {processor.py:840} INFO - DAG(s) 'example_setup_teardown_taskflow' retrieved from /usr/local/python/3.10.13/lib/python3.10/site-packages/airflow/example_dags/example_setup_teardown_taskflow.py
[2024-07-02T19:11:43.348+0000] {logging_mixin.py:188} INFO - [2024-07-02T19:11:43.348+0000] {dag.py:3096} INFO - Sync 1 DAGs
[2024-07-02T19:11:43.363+0000] {logging_mixin.py:188} INFO - [2024-07-02T19:11:43.363+0000] {dag.py:3954} INFO - Setting next_dagrun for example_setup_teardown_taskflow to 2024-07-01 00:00:00+00:00, run_after=2024-07-02 00:00:00+00:00
[2024-07-02T19:11:43.404+0000] {processor.py:183} INFO - Processing /usr/local/python/3.10.13/lib/python3.10/site-packages/airflow/example_dags/example_setup_teardown_taskflow.py took 0.085 seconds
[2024-07-02T19:12:34.110+0000] {processor.py:161} INFO - Started process (PID=6585) to work on /usr/local/python/3.10.13/lib/python3.10/site-packages/airflow/example_dags/example_setup_teardown_taskflow.py
[2024-07-02T19:12:34.111+0000] {processor.py:830} INFO - Processing file /usr/local/python/3.10.13/lib/python3.10/site-packages/airflow/example_dags/example_setup_teardown_taskflow.py for tasks to queue
[2024-07-02T19:12:34.112+0000] {logging_mixin.py:188} INFO - [2024-07-02T19:12:34.112+0000] {dagbag.py:545} INFO - Filling up the DagBag from /usr/local/python/3.10.13/lib/python3.10/site-packages/airflow/example_dags/example_setup_teardown_taskflow.py
[2024-07-02T19:12:34.120+0000] {processor.py:840} INFO - DAG(s) 'example_setup_teardown_taskflow' retrieved from /usr/local/python/3.10.13/lib/python3.10/site-packages/airflow/example_dags/example_setup_teardown_taskflow.py
[2024-07-02T19:12:34.133+0000] {logging_mixin.py:188} INFO - [2024-07-02T19:12:34.132+0000] {dag.py:3096} INFO - Sync 1 DAGs
[2024-07-02T19:12:34.147+0000] {logging_mixin.py:188} INFO - [2024-07-02T19:12:34.147+0000] {dag.py:3954} INFO - Setting next_dagrun for example_setup_teardown_taskflow to 2024-07-01 00:00:00+00:00, run_after=2024-07-02 00:00:00+00:00
[2024-07-02T19:12:34.187+0000] {processor.py:183} INFO - Processing /usr/local/python/3.10.13/lib/python3.10/site-packages/airflow/example_dags/example_setup_teardown_taskflow.py took 0.082 seconds
[2024-07-02T19:13:22.511+0000] {processor.py:161} INFO - Started process (PID=6942) to work on /usr/local/python/3.10.13/lib/python3.10/site-packages/airflow/example_dags/example_setup_teardown_taskflow.py
[2024-07-02T19:13:22.512+0000] {processor.py:830} INFO - Processing file /usr/local/python/3.10.13/lib/python3.10/site-packages/airflow/example_dags/example_setup_teardown_taskflow.py for tasks to queue
[2024-07-02T19:13:22.513+0000] {logging_mixin.py:188} INFO - [2024-07-02T19:13:22.513+0000] {dagbag.py:545} INFO - Filling up the DagBag from /usr/local/python/3.10.13/lib/python3.10/site-packages/airflow/example_dags/example_setup_teardown_taskflow.py
[2024-07-02T19:13:22.520+0000] {processor.py:840} INFO - DAG(s) 'example_setup_teardown_taskflow' retrieved from /usr/local/python/3.10.13/lib/python3.10/site-packages/airflow/example_dags/example_setup_teardown_taskflow.py
[2024-07-02T19:13:22.533+0000] {logging_mixin.py:188} INFO - [2024-07-02T19:13:22.533+0000] {dag.py:3096} INFO - Sync 1 DAGs
[2024-07-02T19:13:22.555+0000] {logging_mixin.py:188} INFO - [2024-07-02T19:13:22.555+0000] {dag.py:3954} INFO - Setting next_dagrun for example_setup_teardown_taskflow to 2024-07-01 00:00:00+00:00, run_after=2024-07-02 00:00:00+00:00
[2024-07-02T19:13:22.602+0000] {processor.py:183} INFO - Processing /usr/local/python/3.10.13/lib/python3.10/site-packages/airflow/example_dags/example_setup_teardown_taskflow.py took 0.096 seconds
[2024-07-02T19:14:23.732+0000] {processor.py:161} INFO - Started process (PID=7408) to work on /usr/local/python/3.10.13/lib/python3.10/site-packages/airflow/example_dags/example_setup_teardown_taskflow.py
[2024-07-02T19:14:23.733+0000] {processor.py:830} INFO - Processing file /usr/local/python/3.10.13/lib/python3.10/site-packages/airflow/example_dags/example_setup_teardown_taskflow.py for tasks to queue
[2024-07-02T19:14:23.734+0000] {logging_mixin.py:188} INFO - [2024-07-02T19:14:23.734+0000] {dagbag.py:545} INFO - Filling up the DagBag from /usr/local/python/3.10.13/lib/python3.10/site-packages/airflow/example_dags/example_setup_teardown_taskflow.py
[2024-07-02T19:14:23.741+0000] {processor.py:840} INFO - DAG(s) 'example_setup_teardown_taskflow' retrieved from /usr/local/python/3.10.13/lib/python3.10/site-packages/airflow/example_dags/example_setup_teardown_taskflow.py
[2024-07-02T19:14:23.754+0000] {logging_mixin.py:188} INFO - [2024-07-02T19:14:23.754+0000] {dag.py:3096} INFO - Sync 1 DAGs
[2024-07-02T19:14:23.768+0000] {logging_mixin.py:188} INFO - [2024-07-02T19:14:23.768+0000] {dag.py:3954} INFO - Setting next_dagrun for example_setup_teardown_taskflow to 2024-07-01 00:00:00+00:00, run_after=2024-07-02 00:00:00+00:00
[2024-07-02T19:14:23.809+0000] {processor.py:183} INFO - Processing /usr/local/python/3.10.13/lib/python3.10/site-packages/airflow/example_dags/example_setup_teardown_taskflow.py took 0.082 seconds
[2024-07-02T19:15:26.941+0000] {processor.py:161} INFO - Started process (PID=7903) to work on /usr/local/python/3.10.13/lib/python3.10/site-packages/airflow/example_dags/example_setup_teardown_taskflow.py
[2024-07-02T19:15:26.942+0000] {processor.py:830} INFO - Processing file /usr/local/python/3.10.13/lib/python3.10/site-packages/airflow/example_dags/example_setup_teardown_taskflow.py for tasks to queue
[2024-07-02T19:15:26.943+0000] {logging_mixin.py:188} INFO - [2024-07-02T19:15:26.942+0000] {dagbag.py:545} INFO - Filling up the DagBag from /usr/local/python/3.10.13/lib/python3.10/site-packages/airflow/example_dags/example_setup_teardown_taskflow.py
[2024-07-02T19:15:26.950+0000] {processor.py:840} INFO - DAG(s) 'example_setup_teardown_taskflow' retrieved from /usr/local/python/3.10.13/lib/python3.10/site-packages/airflow/example_dags/example_setup_teardown_taskflow.py
[2024-07-02T19:15:26.964+0000] {logging_mixin.py:188} INFO - [2024-07-02T19:15:26.964+0000] {dag.py:3096} INFO - Sync 1 DAGs
[2024-07-02T19:15:26.978+0000] {logging_mixin.py:188} INFO - [2024-07-02T19:15:26.978+0000] {dag.py:3954} INFO - Setting next_dagrun for example_setup_teardown_taskflow to 2024-07-01 00:00:00+00:00, run_after=2024-07-02 00:00:00+00:00
[2024-07-02T19:15:27.018+0000] {processor.py:183} INFO - Processing /usr/local/python/3.10.13/lib/python3.10/site-packages/airflow/example_dags/example_setup_teardown_taskflow.py took 0.081 seconds
[2024-07-02T19:16:29.900+0000] {processor.py:161} INFO - Started process (PID=8378) to work on /usr/local/python/3.10.13/lib/python3.10/site-packages/airflow/example_dags/example_setup_teardown_taskflow.py
[2024-07-02T19:16:29.901+0000] {processor.py:830} INFO - Processing file /usr/local/python/3.10.13/lib/python3.10/site-packages/airflow/example_dags/example_setup_teardown_taskflow.py for tasks to queue
[2024-07-02T19:16:29.901+0000] {logging_mixin.py:188} INFO - [2024-07-02T19:16:29.901+0000] {dagbag.py:545} INFO - Filling up the DagBag from /usr/local/python/3.10.13/lib/python3.10/site-packages/airflow/example_dags/example_setup_teardown_taskflow.py
[2024-07-02T19:16:29.909+0000] {processor.py:840} INFO - DAG(s) 'example_setup_teardown_taskflow' retrieved from /usr/local/python/3.10.13/lib/python3.10/site-packages/airflow/example_dags/example_setup_teardown_taskflow.py
[2024-07-02T19:16:29.922+0000] {logging_mixin.py:188} INFO - [2024-07-02T19:16:29.921+0000] {dag.py:3096} INFO - Sync 1 DAGs
[2024-07-02T19:16:29.936+0000] {logging_mixin.py:188} INFO - [2024-07-02T19:16:29.936+0000] {dag.py:3954} INFO - Setting next_dagrun for example_setup_teardown_taskflow to 2024-07-01 00:00:00+00:00, run_after=2024-07-02 00:00:00+00:00
[2024-07-02T19:16:29.976+0000] {processor.py:183} INFO - Processing /usr/local/python/3.10.13/lib/python3.10/site-packages/airflow/example_dags/example_setup_teardown_taskflow.py took 0.081 seconds
[2024-07-02T19:17:37.574+0000] {processor.py:161} INFO - Started process (PID=8877) to work on /usr/local/python/3.10.13/lib/python3.10/site-packages/airflow/example_dags/example_setup_teardown_taskflow.py
[2024-07-02T19:17:37.574+0000] {processor.py:830} INFO - Processing file /usr/local/python/3.10.13/lib/python3.10/site-packages/airflow/example_dags/example_setup_teardown_taskflow.py for tasks to queue
[2024-07-02T19:17:37.575+0000] {logging_mixin.py:188} INFO - [2024-07-02T19:17:37.575+0000] {dagbag.py:545} INFO - Filling up the DagBag from /usr/local/python/3.10.13/lib/python3.10/site-packages/airflow/example_dags/example_setup_teardown_taskflow.py
[2024-07-02T19:17:37.583+0000] {processor.py:840} INFO - DAG(s) 'example_setup_teardown_taskflow' retrieved from /usr/local/python/3.10.13/lib/python3.10/site-packages/airflow/example_dags/example_setup_teardown_taskflow.py
[2024-07-02T19:17:37.596+0000] {logging_mixin.py:188} INFO - [2024-07-02T19:17:37.596+0000] {dag.py:3096} INFO - Sync 1 DAGs
[2024-07-02T19:17:37.610+0000] {logging_mixin.py:188} INFO - [2024-07-02T19:17:37.610+0000] {dag.py:3954} INFO - Setting next_dagrun for example_setup_teardown_taskflow to 2024-07-01 00:00:00+00:00, run_after=2024-07-02 00:00:00+00:00
[2024-07-02T19:17:37.650+0000] {processor.py:183} INFO - Processing /usr/local/python/3.10.13/lib/python3.10/site-packages/airflow/example_dags/example_setup_teardown_taskflow.py took 0.081 seconds
[2024-07-02T19:18:41.126+0000] {processor.py:161} INFO - Started process (PID=9374) to work on /usr/local/python/3.10.13/lib/python3.10/site-packages/airflow/example_dags/example_setup_teardown_taskflow.py
[2024-07-02T19:18:41.127+0000] {processor.py:830} INFO - Processing file /usr/local/python/3.10.13/lib/python3.10/site-packages/airflow/example_dags/example_setup_teardown_taskflow.py for tasks to queue
[2024-07-02T19:18:41.127+0000] {logging_mixin.py:188} INFO - [2024-07-02T19:18:41.127+0000] {dagbag.py:545} INFO - Filling up the DagBag from /usr/local/python/3.10.13/lib/python3.10/site-packages/airflow/example_dags/example_setup_teardown_taskflow.py
[2024-07-02T19:18:41.135+0000] {processor.py:840} INFO - DAG(s) 'example_setup_teardown_taskflow' retrieved from /usr/local/python/3.10.13/lib/python3.10/site-packages/airflow/example_dags/example_setup_teardown_taskflow.py
[2024-07-02T19:18:41.148+0000] {logging_mixin.py:188} INFO - [2024-07-02T19:18:41.148+0000] {dag.py:3096} INFO - Sync 1 DAGs
[2024-07-02T19:18:41.163+0000] {logging_mixin.py:188} INFO - [2024-07-02T19:18:41.163+0000] {dag.py:3954} INFO - Setting next_dagrun for example_setup_teardown_taskflow to 2024-07-01 00:00:00+00:00, run_after=2024-07-02 00:00:00+00:00
[2024-07-02T19:18:41.204+0000] {processor.py:183} INFO - Processing /usr/local/python/3.10.13/lib/python3.10/site-packages/airflow/example_dags/example_setup_teardown_taskflow.py took 0.082 seconds
[2024-07-02T19:19:47.815+0000] {processor.py:161} INFO - Started process (PID=9867) to work on /usr/local/python/3.10.13/lib/python3.10/site-packages/airflow/example_dags/example_setup_teardown_taskflow.py
[2024-07-02T19:19:47.816+0000] {processor.py:830} INFO - Processing file /usr/local/python/3.10.13/lib/python3.10/site-packages/airflow/example_dags/example_setup_teardown_taskflow.py for tasks to queue
[2024-07-02T19:19:47.816+0000] {logging_mixin.py:188} INFO - [2024-07-02T19:19:47.816+0000] {dagbag.py:545} INFO - Filling up the DagBag from /usr/local/python/3.10.13/lib/python3.10/site-packages/airflow/example_dags/example_setup_teardown_taskflow.py
[2024-07-02T19:19:47.824+0000] {processor.py:840} INFO - DAG(s) 'example_setup_teardown_taskflow' retrieved from /usr/local/python/3.10.13/lib/python3.10/site-packages/airflow/example_dags/example_setup_teardown_taskflow.py
[2024-07-02T19:19:47.837+0000] {logging_mixin.py:188} INFO - [2024-07-02T19:19:47.837+0000] {dag.py:3096} INFO - Sync 1 DAGs
[2024-07-02T19:19:47.852+0000] {logging_mixin.py:188} INFO - [2024-07-02T19:19:47.852+0000] {dag.py:3954} INFO - Setting next_dagrun for example_setup_teardown_taskflow to 2024-07-01 00:00:00+00:00, run_after=2024-07-02 00:00:00+00:00
[2024-07-02T19:19:47.891+0000] {processor.py:183} INFO - Processing /usr/local/python/3.10.13/lib/python3.10/site-packages/airflow/example_dags/example_setup_teardown_taskflow.py took 0.080 seconds
[2024-07-02T19:20:34.712+0000] {processor.py:161} INFO - Started process (PID=10224) to work on /usr/local/python/3.10.13/lib/python3.10/site-packages/airflow/example_dags/example_setup_teardown_taskflow.py
[2024-07-02T19:20:34.713+0000] {processor.py:830} INFO - Processing file /usr/local/python/3.10.13/lib/python3.10/site-packages/airflow/example_dags/example_setup_teardown_taskflow.py for tasks to queue
[2024-07-02T19:20:34.714+0000] {logging_mixin.py:188} INFO - [2024-07-02T19:20:34.713+0000] {dagbag.py:545} INFO - Filling up the DagBag from /usr/local/python/3.10.13/lib/python3.10/site-packages/airflow/example_dags/example_setup_teardown_taskflow.py
[2024-07-02T19:20:34.724+0000] {processor.py:840} INFO - DAG(s) 'example_setup_teardown_taskflow' retrieved from /usr/local/python/3.10.13/lib/python3.10/site-packages/airflow/example_dags/example_setup_teardown_taskflow.py
[2024-07-02T19:20:34.737+0000] {logging_mixin.py:188} INFO - [2024-07-02T19:20:34.737+0000] {dag.py:3096} INFO - Sync 1 DAGs
[2024-07-02T19:20:34.752+0000] {logging_mixin.py:188} INFO - [2024-07-02T19:20:34.752+0000] {dag.py:3954} INFO - Setting next_dagrun for example_setup_teardown_taskflow to 2024-07-01 00:00:00+00:00, run_after=2024-07-02 00:00:00+00:00
[2024-07-02T19:20:34.796+0000] {processor.py:183} INFO - Processing /usr/local/python/3.10.13/lib/python3.10/site-packages/airflow/example_dags/example_setup_teardown_taskflow.py took 0.088 seconds
[2024-07-02T19:21:21.200+0000] {processor.py:161} INFO - Started process (PID=10569) to work on /usr/local/python/3.10.13/lib/python3.10/site-packages/airflow/example_dags/example_setup_teardown_taskflow.py
[2024-07-02T19:21:21.201+0000] {processor.py:830} INFO - Processing file /usr/local/python/3.10.13/lib/python3.10/site-packages/airflow/example_dags/example_setup_teardown_taskflow.py for tasks to queue
[2024-07-02T19:21:21.201+0000] {logging_mixin.py:188} INFO - [2024-07-02T19:21:21.201+0000] {dagbag.py:545} INFO - Filling up the DagBag from /usr/local/python/3.10.13/lib/python3.10/site-packages/airflow/example_dags/example_setup_teardown_taskflow.py
[2024-07-02T19:21:21.209+0000] {processor.py:840} INFO - DAG(s) 'example_setup_teardown_taskflow' retrieved from /usr/local/python/3.10.13/lib/python3.10/site-packages/airflow/example_dags/example_setup_teardown_taskflow.py
[2024-07-02T19:21:21.222+0000] {logging_mixin.py:188} INFO - [2024-07-02T19:21:21.222+0000] {dag.py:3096} INFO - Sync 1 DAGs
[2024-07-02T19:21:21.236+0000] {logging_mixin.py:188} INFO - [2024-07-02T19:21:21.236+0000] {dag.py:3954} INFO - Setting next_dagrun for example_setup_teardown_taskflow to 2024-07-01 00:00:00+00:00, run_after=2024-07-02 00:00:00+00:00
[2024-07-02T19:21:21.277+0000] {processor.py:183} INFO - Processing /usr/local/python/3.10.13/lib/python3.10/site-packages/airflow/example_dags/example_setup_teardown_taskflow.py took 0.082 seconds
[2024-07-02T19:22:08.845+0000] {processor.py:161} INFO - Started process (PID=10938) to work on /usr/local/python/3.10.13/lib/python3.10/site-packages/airflow/example_dags/example_setup_teardown_taskflow.py
[2024-07-02T19:22:08.845+0000] {processor.py:830} INFO - Processing file /usr/local/python/3.10.13/lib/python3.10/site-packages/airflow/example_dags/example_setup_teardown_taskflow.py for tasks to queue
[2024-07-02T19:22:08.846+0000] {logging_mixin.py:188} INFO - [2024-07-02T19:22:08.846+0000] {dagbag.py:545} INFO - Filling up the DagBag from /usr/local/python/3.10.13/lib/python3.10/site-packages/airflow/example_dags/example_setup_teardown_taskflow.py
[2024-07-02T19:22:08.854+0000] {processor.py:840} INFO - DAG(s) 'example_setup_teardown_taskflow' retrieved from /usr/local/python/3.10.13/lib/python3.10/site-packages/airflow/example_dags/example_setup_teardown_taskflow.py
[2024-07-02T19:22:08.867+0000] {logging_mixin.py:188} INFO - [2024-07-02T19:22:08.867+0000] {dag.py:3096} INFO - Sync 1 DAGs
[2024-07-02T19:22:08.882+0000] {logging_mixin.py:188} INFO - [2024-07-02T19:22:08.881+0000] {dag.py:3954} INFO - Setting next_dagrun for example_setup_teardown_taskflow to 2024-07-01 00:00:00+00:00, run_after=2024-07-02 00:00:00+00:00
[2024-07-02T19:22:08.922+0000] {processor.py:183} INFO - Processing /usr/local/python/3.10.13/lib/python3.10/site-packages/airflow/example_dags/example_setup_teardown_taskflow.py took 0.082 seconds
[2024-07-02T19:22:53.070+0000] {processor.py:161} INFO - Started process (PID=11264) to work on /usr/local/python/3.10.13/lib/python3.10/site-packages/airflow/example_dags/example_setup_teardown_taskflow.py
[2024-07-02T19:22:53.071+0000] {processor.py:830} INFO - Processing file /usr/local/python/3.10.13/lib/python3.10/site-packages/airflow/example_dags/example_setup_teardown_taskflow.py for tasks to queue
[2024-07-02T19:22:53.071+0000] {logging_mixin.py:188} INFO - [2024-07-02T19:22:53.071+0000] {dagbag.py:545} INFO - Filling up the DagBag from /usr/local/python/3.10.13/lib/python3.10/site-packages/airflow/example_dags/example_setup_teardown_taskflow.py
[2024-07-02T19:22:53.079+0000] {processor.py:840} INFO - DAG(s) 'example_setup_teardown_taskflow' retrieved from /usr/local/python/3.10.13/lib/python3.10/site-packages/airflow/example_dags/example_setup_teardown_taskflow.py
[2024-07-02T19:22:53.091+0000] {logging_mixin.py:188} INFO - [2024-07-02T19:22:53.091+0000] {dag.py:3096} INFO - Sync 1 DAGs
[2024-07-02T19:22:53.106+0000] {logging_mixin.py:188} INFO - [2024-07-02T19:22:53.105+0000] {dag.py:3954} INFO - Setting next_dagrun for example_setup_teardown_taskflow to 2024-07-01 00:00:00+00:00, run_after=2024-07-02 00:00:00+00:00
[2024-07-02T19:22:53.147+0000] {processor.py:183} INFO - Processing /usr/local/python/3.10.13/lib/python3.10/site-packages/airflow/example_dags/example_setup_teardown_taskflow.py took 0.081 seconds
[2024-07-02T19:23:55.236+0000] {processor.py:161} INFO - Started process (PID=11757) to work on /usr/local/python/3.10.13/lib/python3.10/site-packages/airflow/example_dags/example_setup_teardown_taskflow.py
[2024-07-02T19:23:55.237+0000] {processor.py:830} INFO - Processing file /usr/local/python/3.10.13/lib/python3.10/site-packages/airflow/example_dags/example_setup_teardown_taskflow.py for tasks to queue
[2024-07-02T19:23:55.238+0000] {logging_mixin.py:188} INFO - [2024-07-02T19:23:55.237+0000] {dagbag.py:545} INFO - Filling up the DagBag from /usr/local/python/3.10.13/lib/python3.10/site-packages/airflow/example_dags/example_setup_teardown_taskflow.py
[2024-07-02T19:23:55.245+0000] {processor.py:840} INFO - DAG(s) 'example_setup_teardown_taskflow' retrieved from /usr/local/python/3.10.13/lib/python3.10/site-packages/airflow/example_dags/example_setup_teardown_taskflow.py
[2024-07-02T19:23:55.258+0000] {logging_mixin.py:188} INFO - [2024-07-02T19:23:55.258+0000] {dag.py:3096} INFO - Sync 1 DAGs
[2024-07-02T19:23:55.272+0000] {logging_mixin.py:188} INFO - [2024-07-02T19:23:55.272+0000] {dag.py:3954} INFO - Setting next_dagrun for example_setup_teardown_taskflow to 2024-07-01 00:00:00+00:00, run_after=2024-07-02 00:00:00+00:00
[2024-07-02T19:23:55.314+0000] {processor.py:183} INFO - Processing /usr/local/python/3.10.13/lib/python3.10/site-packages/airflow/example_dags/example_setup_teardown_taskflow.py took 0.082 seconds
[2024-07-02T19:25:00.981+0000] {processor.py:161} INFO - Started process (PID=12243) to work on /usr/local/python/3.10.13/lib/python3.10/site-packages/airflow/example_dags/example_setup_teardown_taskflow.py
[2024-07-02T19:25:00.982+0000] {processor.py:830} INFO - Processing file /usr/local/python/3.10.13/lib/python3.10/site-packages/airflow/example_dags/example_setup_teardown_taskflow.py for tasks to queue
[2024-07-02T19:25:00.983+0000] {logging_mixin.py:188} INFO - [2024-07-02T19:25:00.982+0000] {dagbag.py:545} INFO - Filling up the DagBag from /usr/local/python/3.10.13/lib/python3.10/site-packages/airflow/example_dags/example_setup_teardown_taskflow.py
[2024-07-02T19:25:00.992+0000] {processor.py:840} INFO - DAG(s) 'example_setup_teardown_taskflow' retrieved from /usr/local/python/3.10.13/lib/python3.10/site-packages/airflow/example_dags/example_setup_teardown_taskflow.py
[2024-07-02T19:25:01.005+0000] {logging_mixin.py:188} INFO - [2024-07-02T19:25:01.005+0000] {dag.py:3096} INFO - Sync 1 DAGs
[2024-07-02T19:25:01.019+0000] {logging_mixin.py:188} INFO - [2024-07-02T19:25:01.019+0000] {dag.py:3954} INFO - Setting next_dagrun for example_setup_teardown_taskflow to 2024-07-01 00:00:00+00:00, run_after=2024-07-02 00:00:00+00:00
[2024-07-02T19:25:01.073+0000] {processor.py:183} INFO - Processing /usr/local/python/3.10.13/lib/python3.10/site-packages/airflow/example_dags/example_setup_teardown_taskflow.py took 0.096 seconds
[2024-07-02T19:26:03.855+0000] {processor.py:161} INFO - Started process (PID=12718) to work on /usr/local/python/3.10.13/lib/python3.10/site-packages/airflow/example_dags/example_setup_teardown_taskflow.py
[2024-07-02T19:26:03.855+0000] {processor.py:830} INFO - Processing file /usr/local/python/3.10.13/lib/python3.10/site-packages/airflow/example_dags/example_setup_teardown_taskflow.py for tasks to queue
[2024-07-02T19:26:03.856+0000] {logging_mixin.py:188} INFO - [2024-07-02T19:26:03.856+0000] {dagbag.py:545} INFO - Filling up the DagBag from /usr/local/python/3.10.13/lib/python3.10/site-packages/airflow/example_dags/example_setup_teardown_taskflow.py
[2024-07-02T19:26:03.864+0000] {processor.py:840} INFO - DAG(s) 'example_setup_teardown_taskflow' retrieved from /usr/local/python/3.10.13/lib/python3.10/site-packages/airflow/example_dags/example_setup_teardown_taskflow.py
[2024-07-02T19:26:03.882+0000] {logging_mixin.py:188} INFO - [2024-07-02T19:26:03.882+0000] {dag.py:3096} INFO - Sync 1 DAGs
[2024-07-02T19:26:03.897+0000] {logging_mixin.py:188} INFO - [2024-07-02T19:26:03.897+0000] {dag.py:3954} INFO - Setting next_dagrun for example_setup_teardown_taskflow to 2024-07-01 00:00:00+00:00, run_after=2024-07-02 00:00:00+00:00
[2024-07-02T19:26:03.938+0000] {processor.py:183} INFO - Processing /usr/local/python/3.10.13/lib/python3.10/site-packages/airflow/example_dags/example_setup_teardown_taskflow.py took 0.088 seconds
[2024-07-02T19:27:09.490+0000] {processor.py:161} INFO - Started process (PID=13225) to work on /usr/local/python/3.10.13/lib/python3.10/site-packages/airflow/example_dags/example_setup_teardown_taskflow.py
[2024-07-02T19:27:09.491+0000] {processor.py:830} INFO - Processing file /usr/local/python/3.10.13/lib/python3.10/site-packages/airflow/example_dags/example_setup_teardown_taskflow.py for tasks to queue
[2024-07-02T19:27:09.491+0000] {logging_mixin.py:188} INFO - [2024-07-02T19:27:09.491+0000] {dagbag.py:545} INFO - Filling up the DagBag from /usr/local/python/3.10.13/lib/python3.10/site-packages/airflow/example_dags/example_setup_teardown_taskflow.py
[2024-07-02T19:27:09.500+0000] {processor.py:840} INFO - DAG(s) 'example_setup_teardown_taskflow' retrieved from /usr/local/python/3.10.13/lib/python3.10/site-packages/airflow/example_dags/example_setup_teardown_taskflow.py
[2024-07-02T19:27:09.513+0000] {logging_mixin.py:188} INFO - [2024-07-02T19:27:09.513+0000] {dag.py:3096} INFO - Sync 1 DAGs
[2024-07-02T19:27:09.535+0000] {logging_mixin.py:188} INFO - [2024-07-02T19:27:09.535+0000] {dag.py:3954} INFO - Setting next_dagrun for example_setup_teardown_taskflow to 2024-07-01 00:00:00+00:00, run_after=2024-07-02 00:00:00+00:00
[2024-07-02T19:27:09.586+0000] {processor.py:183} INFO - Processing /usr/local/python/3.10.13/lib/python3.10/site-packages/airflow/example_dags/example_setup_teardown_taskflow.py took 0.101 seconds
[2024-07-02T19:28:10.856+0000] {processor.py:161} INFO - Started process (PID=13814) to work on /usr/local/python/3.10.13/lib/python3.10/site-packages/airflow/example_dags/example_setup_teardown_taskflow.py
[2024-07-02T19:28:10.857+0000] {processor.py:830} INFO - Processing file /usr/local/python/3.10.13/lib/python3.10/site-packages/airflow/example_dags/example_setup_teardown_taskflow.py for tasks to queue
[2024-07-02T19:28:10.858+0000] {logging_mixin.py:188} INFO - [2024-07-02T19:28:10.857+0000] {dagbag.py:545} INFO - Filling up the DagBag from /usr/local/python/3.10.13/lib/python3.10/site-packages/airflow/example_dags/example_setup_teardown_taskflow.py
[2024-07-02T19:28:10.865+0000] {processor.py:840} INFO - DAG(s) 'example_setup_teardown_taskflow' retrieved from /usr/local/python/3.10.13/lib/python3.10/site-packages/airflow/example_dags/example_setup_teardown_taskflow.py
[2024-07-02T19:28:10.878+0000] {logging_mixin.py:188} INFO - [2024-07-02T19:28:10.878+0000] {dag.py:3096} INFO - Sync 1 DAGs
[2024-07-02T19:28:10.892+0000] {logging_mixin.py:188} INFO - [2024-07-02T19:28:10.892+0000] {dag.py:3954} INFO - Setting next_dagrun for example_setup_teardown_taskflow to 2024-07-01 00:00:00+00:00, run_after=2024-07-02 00:00:00+00:00
[2024-07-02T19:28:10.934+0000] {processor.py:183} INFO - Processing /usr/local/python/3.10.13/lib/python3.10/site-packages/airflow/example_dags/example_setup_teardown_taskflow.py took 0.082 seconds
[2024-07-02T19:28:57.914+0000] {processor.py:161} INFO - Started process (PID=14212) to work on /usr/local/python/3.10.13/lib/python3.10/site-packages/airflow/example_dags/example_setup_teardown_taskflow.py
[2024-07-02T19:28:57.915+0000] {processor.py:830} INFO - Processing file /usr/local/python/3.10.13/lib/python3.10/site-packages/airflow/example_dags/example_setup_teardown_taskflow.py for tasks to queue
[2024-07-02T19:28:57.916+0000] {logging_mixin.py:188} INFO - [2024-07-02T19:28:57.915+0000] {dagbag.py:545} INFO - Filling up the DagBag from /usr/local/python/3.10.13/lib/python3.10/site-packages/airflow/example_dags/example_setup_teardown_taskflow.py
[2024-07-02T19:28:57.923+0000] {processor.py:840} INFO - DAG(s) 'example_setup_teardown_taskflow' retrieved from /usr/local/python/3.10.13/lib/python3.10/site-packages/airflow/example_dags/example_setup_teardown_taskflow.py
[2024-07-02T19:28:57.936+0000] {logging_mixin.py:188} INFO - [2024-07-02T19:28:57.936+0000] {dag.py:3096} INFO - Sync 1 DAGs
[2024-07-02T19:28:57.951+0000] {logging_mixin.py:188} INFO - [2024-07-02T19:28:57.951+0000] {dag.py:3954} INFO - Setting next_dagrun for example_setup_teardown_taskflow to 2024-07-01 00:00:00+00:00, run_after=2024-07-02 00:00:00+00:00
[2024-07-02T19:28:57.991+0000] {processor.py:183} INFO - Processing /usr/local/python/3.10.13/lib/python3.10/site-packages/airflow/example_dags/example_setup_teardown_taskflow.py took 0.081 seconds
[2024-07-02T19:29:43.739+0000] {processor.py:161} INFO - Started process (PID=14573) to work on /usr/local/python/3.10.13/lib/python3.10/site-packages/airflow/example_dags/example_setup_teardown_taskflow.py
[2024-07-02T19:29:43.740+0000] {processor.py:830} INFO - Processing file /usr/local/python/3.10.13/lib/python3.10/site-packages/airflow/example_dags/example_setup_teardown_taskflow.py for tasks to queue
[2024-07-02T19:29:43.740+0000] {logging_mixin.py:188} INFO - [2024-07-02T19:29:43.740+0000] {dagbag.py:545} INFO - Filling up the DagBag from /usr/local/python/3.10.13/lib/python3.10/site-packages/airflow/example_dags/example_setup_teardown_taskflow.py
[2024-07-02T19:29:43.748+0000] {processor.py:840} INFO - DAG(s) 'example_setup_teardown_taskflow' retrieved from /usr/local/python/3.10.13/lib/python3.10/site-packages/airflow/example_dags/example_setup_teardown_taskflow.py
[2024-07-02T19:29:43.760+0000] {logging_mixin.py:188} INFO - [2024-07-02T19:29:43.760+0000] {dag.py:3096} INFO - Sync 1 DAGs
[2024-07-02T19:29:43.774+0000] {logging_mixin.py:188} INFO - [2024-07-02T19:29:43.774+0000] {dag.py:3954} INFO - Setting next_dagrun for example_setup_teardown_taskflow to 2024-07-01 00:00:00+00:00, run_after=2024-07-02 00:00:00+00:00
[2024-07-02T19:29:43.813+0000] {processor.py:183} INFO - Processing /usr/local/python/3.10.13/lib/python3.10/site-packages/airflow/example_dags/example_setup_teardown_taskflow.py took 0.079 seconds
[2024-07-02T19:30:30.514+0000] {processor.py:161} INFO - Started process (PID=14964) to work on /usr/local/python/3.10.13/lib/python3.10/site-packages/airflow/example_dags/example_setup_teardown_taskflow.py
[2024-07-02T19:30:30.514+0000] {processor.py:830} INFO - Processing file /usr/local/python/3.10.13/lib/python3.10/site-packages/airflow/example_dags/example_setup_teardown_taskflow.py for tasks to queue
[2024-07-02T19:30:30.515+0000] {logging_mixin.py:188} INFO - [2024-07-02T19:30:30.515+0000] {dagbag.py:545} INFO - Filling up the DagBag from /usr/local/python/3.10.13/lib/python3.10/site-packages/airflow/example_dags/example_setup_teardown_taskflow.py
[2024-07-02T19:30:30.522+0000] {processor.py:840} INFO - DAG(s) 'example_setup_teardown_taskflow' retrieved from /usr/local/python/3.10.13/lib/python3.10/site-packages/airflow/example_dags/example_setup_teardown_taskflow.py
[2024-07-02T19:30:30.535+0000] {logging_mixin.py:188} INFO - [2024-07-02T19:30:30.535+0000] {dag.py:3096} INFO - Sync 1 DAGs
[2024-07-02T19:30:30.549+0000] {logging_mixin.py:188} INFO - [2024-07-02T19:30:30.549+0000] {dag.py:3954} INFO - Setting next_dagrun for example_setup_teardown_taskflow to 2024-07-01 00:00:00+00:00, run_after=2024-07-02 00:00:00+00:00
[2024-07-02T19:30:30.590+0000] {processor.py:183} INFO - Processing /usr/local/python/3.10.13/lib/python3.10/site-packages/airflow/example_dags/example_setup_teardown_taskflow.py took 0.081 seconds
[2024-07-02T19:31:40.537+0000] {processor.py:161} INFO - Started process (PID=15491) to work on /usr/local/python/3.10.13/lib/python3.10/site-packages/airflow/example_dags/example_setup_teardown_taskflow.py
[2024-07-02T19:31:40.538+0000] {processor.py:830} INFO - Processing file /usr/local/python/3.10.13/lib/python3.10/site-packages/airflow/example_dags/example_setup_teardown_taskflow.py for tasks to queue
[2024-07-02T19:31:40.538+0000] {logging_mixin.py:188} INFO - [2024-07-02T19:31:40.538+0000] {dagbag.py:545} INFO - Filling up the DagBag from /usr/local/python/3.10.13/lib/python3.10/site-packages/airflow/example_dags/example_setup_teardown_taskflow.py
[2024-07-02T19:31:40.546+0000] {processor.py:840} INFO - DAG(s) 'example_setup_teardown_taskflow' retrieved from /usr/local/python/3.10.13/lib/python3.10/site-packages/airflow/example_dags/example_setup_teardown_taskflow.py
[2024-07-02T19:31:40.559+0000] {logging_mixin.py:188} INFO - [2024-07-02T19:31:40.559+0000] {dag.py:3096} INFO - Sync 1 DAGs
[2024-07-02T19:31:40.573+0000] {logging_mixin.py:188} INFO - [2024-07-02T19:31:40.573+0000] {dag.py:3954} INFO - Setting next_dagrun for example_setup_teardown_taskflow to 2024-07-01 00:00:00+00:00, run_after=2024-07-02 00:00:00+00:00
[2024-07-02T19:31:40.616+0000] {processor.py:183} INFO - Processing /usr/local/python/3.10.13/lib/python3.10/site-packages/airflow/example_dags/example_setup_teardown_taskflow.py took 0.084 seconds
[2024-07-02T19:32:29.062+0000] {processor.py:161} INFO - Started process (PID=15863) to work on /usr/local/python/3.10.13/lib/python3.10/site-packages/airflow/example_dags/example_setup_teardown_taskflow.py
[2024-07-02T19:32:29.063+0000] {processor.py:830} INFO - Processing file /usr/local/python/3.10.13/lib/python3.10/site-packages/airflow/example_dags/example_setup_teardown_taskflow.py for tasks to queue
[2024-07-02T19:32:29.063+0000] {logging_mixin.py:188} INFO - [2024-07-02T19:32:29.063+0000] {dagbag.py:545} INFO - Filling up the DagBag from /usr/local/python/3.10.13/lib/python3.10/site-packages/airflow/example_dags/example_setup_teardown_taskflow.py
[2024-07-02T19:32:29.071+0000] {processor.py:840} INFO - DAG(s) 'example_setup_teardown_taskflow' retrieved from /usr/local/python/3.10.13/lib/python3.10/site-packages/airflow/example_dags/example_setup_teardown_taskflow.py
[2024-07-02T19:32:29.084+0000] {logging_mixin.py:188} INFO - [2024-07-02T19:32:29.084+0000] {dag.py:3096} INFO - Sync 1 DAGs
[2024-07-02T19:32:29.099+0000] {logging_mixin.py:188} INFO - [2024-07-02T19:32:29.099+0000] {dag.py:3954} INFO - Setting next_dagrun for example_setup_teardown_taskflow to 2024-07-01 00:00:00+00:00, run_after=2024-07-02 00:00:00+00:00
[2024-07-02T19:32:29.140+0000] {processor.py:183} INFO - Processing /usr/local/python/3.10.13/lib/python3.10/site-packages/airflow/example_dags/example_setup_teardown_taskflow.py took 0.083 seconds
[2024-07-02T19:33:33.653+0000] {processor.py:161} INFO - Started process (PID=16422) to work on /usr/local/python/3.10.13/lib/python3.10/site-packages/airflow/example_dags/example_setup_teardown_taskflow.py
[2024-07-02T19:33:33.654+0000] {processor.py:830} INFO - Processing file /usr/local/python/3.10.13/lib/python3.10/site-packages/airflow/example_dags/example_setup_teardown_taskflow.py for tasks to queue
[2024-07-02T19:33:33.655+0000] {logging_mixin.py:188} INFO - [2024-07-02T19:33:33.654+0000] {dagbag.py:545} INFO - Filling up the DagBag from /usr/local/python/3.10.13/lib/python3.10/site-packages/airflow/example_dags/example_setup_teardown_taskflow.py
[2024-07-02T19:33:33.668+0000] {processor.py:840} INFO - DAG(s) 'example_setup_teardown_taskflow' retrieved from /usr/local/python/3.10.13/lib/python3.10/site-packages/airflow/example_dags/example_setup_teardown_taskflow.py
[2024-07-02T19:33:33.682+0000] {logging_mixin.py:188} INFO - [2024-07-02T19:33:33.682+0000] {dag.py:3096} INFO - Sync 1 DAGs
[2024-07-02T19:33:33.697+0000] {logging_mixin.py:188} INFO - [2024-07-02T19:33:33.697+0000] {dag.py:3954} INFO - Setting next_dagrun for example_setup_teardown_taskflow to 2024-07-01 00:00:00+00:00, run_after=2024-07-02 00:00:00+00:00
[2024-07-02T19:33:33.737+0000] {processor.py:183} INFO - Processing /usr/local/python/3.10.13/lib/python3.10/site-packages/airflow/example_dags/example_setup_teardown_taskflow.py took 0.092 seconds
[2024-07-02T19:34:41.178+0000] {processor.py:161} INFO - Started process (PID=16973) to work on /usr/local/python/3.10.13/lib/python3.10/site-packages/airflow/example_dags/example_setup_teardown_taskflow.py
[2024-07-02T19:34:41.178+0000] {processor.py:830} INFO - Processing file /usr/local/python/3.10.13/lib/python3.10/site-packages/airflow/example_dags/example_setup_teardown_taskflow.py for tasks to queue
[2024-07-02T19:34:41.179+0000] {logging_mixin.py:188} INFO - [2024-07-02T19:34:41.179+0000] {dagbag.py:545} INFO - Filling up the DagBag from /usr/local/python/3.10.13/lib/python3.10/site-packages/airflow/example_dags/example_setup_teardown_taskflow.py
[2024-07-02T19:34:41.187+0000] {processor.py:840} INFO - DAG(s) 'example_setup_teardown_taskflow' retrieved from /usr/local/python/3.10.13/lib/python3.10/site-packages/airflow/example_dags/example_setup_teardown_taskflow.py
[2024-07-02T19:34:41.203+0000] {logging_mixin.py:188} INFO - [2024-07-02T19:34:41.202+0000] {dag.py:3096} INFO - Sync 1 DAGs
[2024-07-02T19:34:41.217+0000] {logging_mixin.py:188} INFO - [2024-07-02T19:34:41.217+0000] {dag.py:3954} INFO - Setting next_dagrun for example_setup_teardown_taskflow to 2024-07-01 00:00:00+00:00, run_after=2024-07-02 00:00:00+00:00
[2024-07-02T19:34:41.259+0000] {processor.py:183} INFO - Processing /usr/local/python/3.10.13/lib/python3.10/site-packages/airflow/example_dags/example_setup_teardown_taskflow.py took 0.086 seconds
[2024-07-02T19:35:26.610+0000] {processor.py:161} INFO - Started process (PID=17370) to work on /usr/local/python/3.10.13/lib/python3.10/site-packages/airflow/example_dags/example_setup_teardown_taskflow.py
[2024-07-02T19:35:26.611+0000] {processor.py:830} INFO - Processing file /usr/local/python/3.10.13/lib/python3.10/site-packages/airflow/example_dags/example_setup_teardown_taskflow.py for tasks to queue
[2024-07-02T19:35:26.611+0000] {logging_mixin.py:188} INFO - [2024-07-02T19:35:26.611+0000] {dagbag.py:545} INFO - Filling up the DagBag from /usr/local/python/3.10.13/lib/python3.10/site-packages/airflow/example_dags/example_setup_teardown_taskflow.py
[2024-07-02T19:35:26.619+0000] {processor.py:840} INFO - DAG(s) 'example_setup_teardown_taskflow' retrieved from /usr/local/python/3.10.13/lib/python3.10/site-packages/airflow/example_dags/example_setup_teardown_taskflow.py
[2024-07-02T19:35:26.632+0000] {logging_mixin.py:188} INFO - [2024-07-02T19:35:26.632+0000] {dag.py:3096} INFO - Sync 1 DAGs
[2024-07-02T19:35:26.647+0000] {logging_mixin.py:188} INFO - [2024-07-02T19:35:26.647+0000] {dag.py:3954} INFO - Setting next_dagrun for example_setup_teardown_taskflow to 2024-07-01 00:00:00+00:00, run_after=2024-07-02 00:00:00+00:00
[2024-07-02T19:35:26.688+0000] {processor.py:183} INFO - Processing /usr/local/python/3.10.13/lib/python3.10/site-packages/airflow/example_dags/example_setup_teardown_taskflow.py took 0.082 seconds
[2024-07-02T19:36:21.081+0000] {processor.py:161} INFO - Started process (PID=17828) to work on /usr/local/python/3.10.13/lib/python3.10/site-packages/airflow/example_dags/example_setup_teardown_taskflow.py
[2024-07-02T19:36:21.082+0000] {processor.py:830} INFO - Processing file /usr/local/python/3.10.13/lib/python3.10/site-packages/airflow/example_dags/example_setup_teardown_taskflow.py for tasks to queue
[2024-07-02T19:36:21.083+0000] {logging_mixin.py:188} INFO - [2024-07-02T19:36:21.082+0000] {dagbag.py:545} INFO - Filling up the DagBag from /usr/local/python/3.10.13/lib/python3.10/site-packages/airflow/example_dags/example_setup_teardown_taskflow.py
[2024-07-02T19:36:21.090+0000] {processor.py:840} INFO - DAG(s) 'example_setup_teardown_taskflow' retrieved from /usr/local/python/3.10.13/lib/python3.10/site-packages/airflow/example_dags/example_setup_teardown_taskflow.py
[2024-07-02T19:36:21.103+0000] {logging_mixin.py:188} INFO - [2024-07-02T19:36:21.103+0000] {dag.py:3096} INFO - Sync 1 DAGs
[2024-07-02T19:36:21.117+0000] {logging_mixin.py:188} INFO - [2024-07-02T19:36:21.117+0000] {dag.py:3954} INFO - Setting next_dagrun for example_setup_teardown_taskflow to 2024-07-01 00:00:00+00:00, run_after=2024-07-02 00:00:00+00:00
[2024-07-02T19:36:21.164+0000] {processor.py:183} INFO - Processing /usr/local/python/3.10.13/lib/python3.10/site-packages/airflow/example_dags/example_setup_teardown_taskflow.py took 0.087 seconds
[2024-07-02T19:37:12.555+0000] {processor.py:161} INFO - Started process (PID=18198) to work on /usr/local/python/3.10.13/lib/python3.10/site-packages/airflow/example_dags/example_setup_teardown_taskflow.py
[2024-07-02T19:37:12.556+0000] {processor.py:830} INFO - Processing file /usr/local/python/3.10.13/lib/python3.10/site-packages/airflow/example_dags/example_setup_teardown_taskflow.py for tasks to queue
[2024-07-02T19:37:12.556+0000] {logging_mixin.py:188} INFO - [2024-07-02T19:37:12.556+0000] {dagbag.py:545} INFO - Filling up the DagBag from /usr/local/python/3.10.13/lib/python3.10/site-packages/airflow/example_dags/example_setup_teardown_taskflow.py
[2024-07-02T19:37:12.564+0000] {processor.py:840} INFO - DAG(s) 'example_setup_teardown_taskflow' retrieved from /usr/local/python/3.10.13/lib/python3.10/site-packages/airflow/example_dags/example_setup_teardown_taskflow.py
[2024-07-02T19:37:12.577+0000] {logging_mixin.py:188} INFO - [2024-07-02T19:37:12.577+0000] {dag.py:3096} INFO - Sync 1 DAGs
[2024-07-02T19:37:12.592+0000] {logging_mixin.py:188} INFO - [2024-07-02T19:37:12.592+0000] {dag.py:3954} INFO - Setting next_dagrun for example_setup_teardown_taskflow to 2024-07-01 00:00:00+00:00, run_after=2024-07-02 00:00:00+00:00
[2024-07-02T19:37:12.633+0000] {processor.py:183} INFO - Processing /usr/local/python/3.10.13/lib/python3.10/site-packages/airflow/example_dags/example_setup_teardown_taskflow.py took 0.082 seconds
[2024-07-02T19:38:18.122+0000] {processor.py:161} INFO - Started process (PID=18663) to work on /usr/local/python/3.10.13/lib/python3.10/site-packages/airflow/example_dags/example_setup_teardown_taskflow.py
[2024-07-02T19:38:18.123+0000] {processor.py:830} INFO - Processing file /usr/local/python/3.10.13/lib/python3.10/site-packages/airflow/example_dags/example_setup_teardown_taskflow.py for tasks to queue
[2024-07-02T19:38:18.124+0000] {logging_mixin.py:188} INFO - [2024-07-02T19:38:18.124+0000] {dagbag.py:545} INFO - Filling up the DagBag from /usr/local/python/3.10.13/lib/python3.10/site-packages/airflow/example_dags/example_setup_teardown_taskflow.py
[2024-07-02T19:38:18.131+0000] {processor.py:840} INFO - DAG(s) 'example_setup_teardown_taskflow' retrieved from /usr/local/python/3.10.13/lib/python3.10/site-packages/airflow/example_dags/example_setup_teardown_taskflow.py
[2024-07-02T19:38:18.144+0000] {logging_mixin.py:188} INFO - [2024-07-02T19:38:18.144+0000] {dag.py:3096} INFO - Sync 1 DAGs
[2024-07-02T19:38:18.159+0000] {logging_mixin.py:188} INFO - [2024-07-02T19:38:18.158+0000] {dag.py:3954} INFO - Setting next_dagrun for example_setup_teardown_taskflow to 2024-07-01 00:00:00+00:00, run_after=2024-07-02 00:00:00+00:00
[2024-07-02T19:38:18.199+0000] {processor.py:183} INFO - Processing /usr/local/python/3.10.13/lib/python3.10/site-packages/airflow/example_dags/example_setup_teardown_taskflow.py took 0.081 seconds
[2024-07-02T19:39:23.251+0000] {processor.py:161} INFO - Started process (PID=19146) to work on /usr/local/python/3.10.13/lib/python3.10/site-packages/airflow/example_dags/example_setup_teardown_taskflow.py
[2024-07-02T19:39:23.251+0000] {processor.py:830} INFO - Processing file /usr/local/python/3.10.13/lib/python3.10/site-packages/airflow/example_dags/example_setup_teardown_taskflow.py for tasks to queue
[2024-07-02T19:39:23.252+0000] {logging_mixin.py:188} INFO - [2024-07-02T19:39:23.252+0000] {dagbag.py:545} INFO - Filling up the DagBag from /usr/local/python/3.10.13/lib/python3.10/site-packages/airflow/example_dags/example_setup_teardown_taskflow.py
[2024-07-02T19:39:23.261+0000] {processor.py:840} INFO - DAG(s) 'example_setup_teardown_taskflow' retrieved from /usr/local/python/3.10.13/lib/python3.10/site-packages/airflow/example_dags/example_setup_teardown_taskflow.py
[2024-07-02T19:39:23.273+0000] {logging_mixin.py:188} INFO - [2024-07-02T19:39:23.273+0000] {dag.py:3096} INFO - Sync 1 DAGs
[2024-07-02T19:39:23.288+0000] {logging_mixin.py:188} INFO - [2024-07-02T19:39:23.288+0000] {dag.py:3954} INFO - Setting next_dagrun for example_setup_teardown_taskflow to 2024-07-01 00:00:00+00:00, run_after=2024-07-02 00:00:00+00:00
[2024-07-02T19:39:23.328+0000] {processor.py:183} INFO - Processing /usr/local/python/3.10.13/lib/python3.10/site-packages/airflow/example_dags/example_setup_teardown_taskflow.py took 0.082 seconds
[2024-07-02T19:40:15.696+0000] {processor.py:161} INFO - Started process (PID=19542) to work on /usr/local/python/3.10.13/lib/python3.10/site-packages/airflow/example_dags/example_setup_teardown_taskflow.py
[2024-07-02T19:40:15.697+0000] {processor.py:830} INFO - Processing file /usr/local/python/3.10.13/lib/python3.10/site-packages/airflow/example_dags/example_setup_teardown_taskflow.py for tasks to queue
[2024-07-02T19:40:15.698+0000] {logging_mixin.py:188} INFO - [2024-07-02T19:40:15.697+0000] {dagbag.py:545} INFO - Filling up the DagBag from /usr/local/python/3.10.13/lib/python3.10/site-packages/airflow/example_dags/example_setup_teardown_taskflow.py
[2024-07-02T19:40:15.705+0000] {processor.py:840} INFO - DAG(s) 'example_setup_teardown_taskflow' retrieved from /usr/local/python/3.10.13/lib/python3.10/site-packages/airflow/example_dags/example_setup_teardown_taskflow.py
[2024-07-02T19:40:15.718+0000] {logging_mixin.py:188} INFO - [2024-07-02T19:40:15.718+0000] {dag.py:3096} INFO - Sync 1 DAGs
[2024-07-02T19:40:15.732+0000] {logging_mixin.py:188} INFO - [2024-07-02T19:40:15.732+0000] {dag.py:3954} INFO - Setting next_dagrun for example_setup_teardown_taskflow to 2024-07-01 00:00:00+00:00, run_after=2024-07-02 00:00:00+00:00
[2024-07-02T19:40:15.774+0000] {processor.py:183} INFO - Processing /usr/local/python/3.10.13/lib/python3.10/site-packages/airflow/example_dags/example_setup_teardown_taskflow.py took 0.082 seconds
[2024-07-02T19:41:07.788+0000] {processor.py:161} INFO - Started process (PID=19931) to work on /usr/local/python/3.10.13/lib/python3.10/site-packages/airflow/example_dags/example_setup_teardown_taskflow.py
[2024-07-02T19:41:07.789+0000] {processor.py:830} INFO - Processing file /usr/local/python/3.10.13/lib/python3.10/site-packages/airflow/example_dags/example_setup_teardown_taskflow.py for tasks to queue
[2024-07-02T19:41:07.789+0000] {logging_mixin.py:188} INFO - [2024-07-02T19:41:07.789+0000] {dagbag.py:545} INFO - Filling up the DagBag from /usr/local/python/3.10.13/lib/python3.10/site-packages/airflow/example_dags/example_setup_teardown_taskflow.py
[2024-07-02T19:41:07.799+0000] {processor.py:840} INFO - DAG(s) 'example_setup_teardown_taskflow' retrieved from /usr/local/python/3.10.13/lib/python3.10/site-packages/airflow/example_dags/example_setup_teardown_taskflow.py
[2024-07-02T19:41:07.820+0000] {logging_mixin.py:188} INFO - [2024-07-02T19:41:07.819+0000] {dag.py:3096} INFO - Sync 1 DAGs
[2024-07-02T19:41:07.843+0000] {logging_mixin.py:188} INFO - [2024-07-02T19:41:07.843+0000] {dag.py:3954} INFO - Setting next_dagrun for example_setup_teardown_taskflow to 2024-07-01 00:00:00+00:00, run_after=2024-07-02 00:00:00+00:00
[2024-07-02T19:41:07.885+0000] {processor.py:183} INFO - Processing /usr/local/python/3.10.13/lib/python3.10/site-packages/airflow/example_dags/example_setup_teardown_taskflow.py took 0.101 seconds
[2024-07-02T19:42:10.119+0000] {processor.py:161} INFO - Started process (PID=20415) to work on /usr/local/python/3.10.13/lib/python3.10/site-packages/airflow/example_dags/example_setup_teardown_taskflow.py
[2024-07-02T19:42:10.120+0000] {processor.py:830} INFO - Processing file /usr/local/python/3.10.13/lib/python3.10/site-packages/airflow/example_dags/example_setup_teardown_taskflow.py for tasks to queue
[2024-07-02T19:42:10.120+0000] {logging_mixin.py:188} INFO - [2024-07-02T19:42:10.120+0000] {dagbag.py:545} INFO - Filling up the DagBag from /usr/local/python/3.10.13/lib/python3.10/site-packages/airflow/example_dags/example_setup_teardown_taskflow.py
[2024-07-02T19:42:10.128+0000] {processor.py:840} INFO - DAG(s) 'example_setup_teardown_taskflow' retrieved from /usr/local/python/3.10.13/lib/python3.10/site-packages/airflow/example_dags/example_setup_teardown_taskflow.py
[2024-07-02T19:42:10.141+0000] {logging_mixin.py:188} INFO - [2024-07-02T19:42:10.141+0000] {dag.py:3096} INFO - Sync 1 DAGs
[2024-07-02T19:42:10.157+0000] {logging_mixin.py:188} INFO - [2024-07-02T19:42:10.157+0000] {dag.py:3954} INFO - Setting next_dagrun for example_setup_teardown_taskflow to 2024-07-01 00:00:00+00:00, run_after=2024-07-02 00:00:00+00:00
[2024-07-02T19:42:10.196+0000] {processor.py:183} INFO - Processing /usr/local/python/3.10.13/lib/python3.10/site-packages/airflow/example_dags/example_setup_teardown_taskflow.py took 0.081 seconds
[2024-07-02T19:43:20.230+0000] {processor.py:161} INFO - Started process (PID=21006) to work on /usr/local/python/3.10.13/lib/python3.10/site-packages/airflow/example_dags/example_setup_teardown_taskflow.py
[2024-07-02T19:43:20.231+0000] {processor.py:830} INFO - Processing file /usr/local/python/3.10.13/lib/python3.10/site-packages/airflow/example_dags/example_setup_teardown_taskflow.py for tasks to queue
[2024-07-02T19:43:20.232+0000] {logging_mixin.py:188} INFO - [2024-07-02T19:43:20.231+0000] {dagbag.py:545} INFO - Filling up the DagBag from /usr/local/python/3.10.13/lib/python3.10/site-packages/airflow/example_dags/example_setup_teardown_taskflow.py
[2024-07-02T19:43:20.239+0000] {processor.py:840} INFO - DAG(s) 'example_setup_teardown_taskflow' retrieved from /usr/local/python/3.10.13/lib/python3.10/site-packages/airflow/example_dags/example_setup_teardown_taskflow.py
[2024-07-02T19:43:20.252+0000] {logging_mixin.py:188} INFO - [2024-07-02T19:43:20.252+0000] {dag.py:3096} INFO - Sync 1 DAGs
[2024-07-02T19:43:20.267+0000] {logging_mixin.py:188} INFO - [2024-07-02T19:43:20.267+0000] {dag.py:3954} INFO - Setting next_dagrun for example_setup_teardown_taskflow to 2024-07-01 00:00:00+00:00, run_after=2024-07-02 00:00:00+00:00
[2024-07-02T19:43:20.308+0000] {processor.py:183} INFO - Processing /usr/local/python/3.10.13/lib/python3.10/site-packages/airflow/example_dags/example_setup_teardown_taskflow.py took 0.082 seconds
[2024-07-02T19:44:13.659+0000] {processor.py:161} INFO - Started process (PID=21404) to work on /usr/local/python/3.10.13/lib/python3.10/site-packages/airflow/example_dags/example_setup_teardown_taskflow.py
[2024-07-02T19:44:13.660+0000] {processor.py:830} INFO - Processing file /usr/local/python/3.10.13/lib/python3.10/site-packages/airflow/example_dags/example_setup_teardown_taskflow.py for tasks to queue
[2024-07-02T19:44:13.661+0000] {logging_mixin.py:188} INFO - [2024-07-02T19:44:13.661+0000] {dagbag.py:545} INFO - Filling up the DagBag from /usr/local/python/3.10.13/lib/python3.10/site-packages/airflow/example_dags/example_setup_teardown_taskflow.py
[2024-07-02T19:44:13.668+0000] {processor.py:840} INFO - DAG(s) 'example_setup_teardown_taskflow' retrieved from /usr/local/python/3.10.13/lib/python3.10/site-packages/airflow/example_dags/example_setup_teardown_taskflow.py
[2024-07-02T19:44:13.681+0000] {logging_mixin.py:188} INFO - [2024-07-02T19:44:13.681+0000] {dag.py:3096} INFO - Sync 1 DAGs
[2024-07-02T19:44:13.696+0000] {logging_mixin.py:188} INFO - [2024-07-02T19:44:13.696+0000] {dag.py:3954} INFO - Setting next_dagrun for example_setup_teardown_taskflow to 2024-07-01 00:00:00+00:00, run_after=2024-07-02 00:00:00+00:00
[2024-07-02T19:44:13.735+0000] {processor.py:183} INFO - Processing /usr/local/python/3.10.13/lib/python3.10/site-packages/airflow/example_dags/example_setup_teardown_taskflow.py took 0.082 seconds
[2024-07-02T19:45:16.031+0000] {processor.py:161} INFO - Started process (PID=21888) to work on /usr/local/python/3.10.13/lib/python3.10/site-packages/airflow/example_dags/example_setup_teardown_taskflow.py
[2024-07-02T19:45:16.032+0000] {processor.py:830} INFO - Processing file /usr/local/python/3.10.13/lib/python3.10/site-packages/airflow/example_dags/example_setup_teardown_taskflow.py for tasks to queue
[2024-07-02T19:45:16.032+0000] {logging_mixin.py:188} INFO - [2024-07-02T19:45:16.032+0000] {dagbag.py:545} INFO - Filling up the DagBag from /usr/local/python/3.10.13/lib/python3.10/site-packages/airflow/example_dags/example_setup_teardown_taskflow.py
[2024-07-02T19:45:16.040+0000] {processor.py:840} INFO - DAG(s) 'example_setup_teardown_taskflow' retrieved from /usr/local/python/3.10.13/lib/python3.10/site-packages/airflow/example_dags/example_setup_teardown_taskflow.py
[2024-07-02T19:45:16.053+0000] {logging_mixin.py:188} INFO - [2024-07-02T19:45:16.053+0000] {dag.py:3096} INFO - Sync 1 DAGs
[2024-07-02T19:45:16.067+0000] {logging_mixin.py:188} INFO - [2024-07-02T19:45:16.067+0000] {dag.py:3954} INFO - Setting next_dagrun for example_setup_teardown_taskflow to 2024-07-01 00:00:00+00:00, run_after=2024-07-02 00:00:00+00:00
[2024-07-02T19:45:16.110+0000] {processor.py:183} INFO - Processing /usr/local/python/3.10.13/lib/python3.10/site-packages/airflow/example_dags/example_setup_teardown_taskflow.py took 0.083 seconds
[2024-07-02T19:46:19.580+0000] {processor.py:161} INFO - Started process (PID=22328) to work on /usr/local/python/3.10.13/lib/python3.10/site-packages/airflow/example_dags/example_setup_teardown_taskflow.py
[2024-07-02T19:46:19.580+0000] {processor.py:830} INFO - Processing file /usr/local/python/3.10.13/lib/python3.10/site-packages/airflow/example_dags/example_setup_teardown_taskflow.py for tasks to queue
[2024-07-02T19:46:19.581+0000] {logging_mixin.py:188} INFO - [2024-07-02T19:46:19.581+0000] {dagbag.py:545} INFO - Filling up the DagBag from /usr/local/python/3.10.13/lib/python3.10/site-packages/airflow/example_dags/example_setup_teardown_taskflow.py
[2024-07-02T19:46:19.589+0000] {processor.py:840} INFO - DAG(s) 'example_setup_teardown_taskflow' retrieved from /usr/local/python/3.10.13/lib/python3.10/site-packages/airflow/example_dags/example_setup_teardown_taskflow.py
[2024-07-02T19:46:19.602+0000] {logging_mixin.py:188} INFO - [2024-07-02T19:46:19.602+0000] {dag.py:3096} INFO - Sync 1 DAGs
[2024-07-02T19:46:19.616+0000] {logging_mixin.py:188} INFO - [2024-07-02T19:46:19.616+0000] {dag.py:3954} INFO - Setting next_dagrun for example_setup_teardown_taskflow to 2024-07-01 00:00:00+00:00, run_after=2024-07-02 00:00:00+00:00
[2024-07-02T19:46:19.661+0000] {processor.py:183} INFO - Processing /usr/local/python/3.10.13/lib/python3.10/site-packages/airflow/example_dags/example_setup_teardown_taskflow.py took 0.086 seconds
[2024-07-02T19:47:28.067+0000] {processor.py:161} INFO - Started process (PID=22809) to work on /usr/local/python/3.10.13/lib/python3.10/site-packages/airflow/example_dags/example_setup_teardown_taskflow.py
[2024-07-02T19:47:28.067+0000] {processor.py:830} INFO - Processing file /usr/local/python/3.10.13/lib/python3.10/site-packages/airflow/example_dags/example_setup_teardown_taskflow.py for tasks to queue
[2024-07-02T19:47:28.068+0000] {logging_mixin.py:188} INFO - [2024-07-02T19:47:28.068+0000] {dagbag.py:545} INFO - Filling up the DagBag from /usr/local/python/3.10.13/lib/python3.10/site-packages/airflow/example_dags/example_setup_teardown_taskflow.py
[2024-07-02T19:47:28.076+0000] {processor.py:840} INFO - DAG(s) 'example_setup_teardown_taskflow' retrieved from /usr/local/python/3.10.13/lib/python3.10/site-packages/airflow/example_dags/example_setup_teardown_taskflow.py
[2024-07-02T19:47:28.089+0000] {logging_mixin.py:188} INFO - [2024-07-02T19:47:28.089+0000] {dag.py:3096} INFO - Sync 1 DAGs
[2024-07-02T19:47:28.109+0000] {logging_mixin.py:188} INFO - [2024-07-02T19:47:28.109+0000] {dag.py:3954} INFO - Setting next_dagrun for example_setup_teardown_taskflow to 2024-07-01 00:00:00+00:00, run_after=2024-07-02 00:00:00+00:00
[2024-07-02T19:47:28.149+0000] {processor.py:183} INFO - Processing /usr/local/python/3.10.13/lib/python3.10/site-packages/airflow/example_dags/example_setup_teardown_taskflow.py took 0.087 seconds
[2024-07-02T19:48:11.753+0000] {processor.py:161} INFO - Started process (PID=23106) to work on /usr/local/python/3.10.13/lib/python3.10/site-packages/airflow/example_dags/example_setup_teardown_taskflow.py
[2024-07-02T19:48:11.754+0000] {processor.py:830} INFO - Processing file /usr/local/python/3.10.13/lib/python3.10/site-packages/airflow/example_dags/example_setup_teardown_taskflow.py for tasks to queue
[2024-07-02T19:48:11.754+0000] {logging_mixin.py:188} INFO - [2024-07-02T19:48:11.754+0000] {dagbag.py:545} INFO - Filling up the DagBag from /usr/local/python/3.10.13/lib/python3.10/site-packages/airflow/example_dags/example_setup_teardown_taskflow.py
[2024-07-02T19:48:11.762+0000] {processor.py:840} INFO - DAG(s) 'example_setup_teardown_taskflow' retrieved from /usr/local/python/3.10.13/lib/python3.10/site-packages/airflow/example_dags/example_setup_teardown_taskflow.py
[2024-07-02T19:48:11.775+0000] {logging_mixin.py:188} INFO - [2024-07-02T19:48:11.775+0000] {dag.py:3096} INFO - Sync 1 DAGs
[2024-07-02T19:48:11.789+0000] {logging_mixin.py:188} INFO - [2024-07-02T19:48:11.789+0000] {dag.py:3954} INFO - Setting next_dagrun for example_setup_teardown_taskflow to 2024-07-01 00:00:00+00:00, run_after=2024-07-02 00:00:00+00:00
[2024-07-02T19:48:11.827+0000] {processor.py:183} INFO - Processing /usr/local/python/3.10.13/lib/python3.10/site-packages/airflow/example_dags/example_setup_teardown_taskflow.py took 0.078 seconds
[2024-07-02T19:49:15.632+0000] {processor.py:161} INFO - Started process (PID=23585) to work on /usr/local/python/3.10.13/lib/python3.10/site-packages/airflow/example_dags/example_setup_teardown_taskflow.py
[2024-07-02T19:49:15.633+0000] {processor.py:830} INFO - Processing file /usr/local/python/3.10.13/lib/python3.10/site-packages/airflow/example_dags/example_setup_teardown_taskflow.py for tasks to queue
[2024-07-02T19:49:15.633+0000] {logging_mixin.py:188} INFO - [2024-07-02T19:49:15.633+0000] {dagbag.py:545} INFO - Filling up the DagBag from /usr/local/python/3.10.13/lib/python3.10/site-packages/airflow/example_dags/example_setup_teardown_taskflow.py
[2024-07-02T19:49:15.641+0000] {processor.py:840} INFO - DAG(s) 'example_setup_teardown_taskflow' retrieved from /usr/local/python/3.10.13/lib/python3.10/site-packages/airflow/example_dags/example_setup_teardown_taskflow.py
[2024-07-02T19:49:15.654+0000] {logging_mixin.py:188} INFO - [2024-07-02T19:49:15.653+0000] {dag.py:3096} INFO - Sync 1 DAGs
[2024-07-02T19:49:15.668+0000] {logging_mixin.py:188} INFO - [2024-07-02T19:49:15.668+0000] {dag.py:3954} INFO - Setting next_dagrun for example_setup_teardown_taskflow to 2024-07-01 00:00:00+00:00, run_after=2024-07-02 00:00:00+00:00
[2024-07-02T19:49:15.707+0000] {processor.py:183} INFO - Processing /usr/local/python/3.10.13/lib/python3.10/site-packages/airflow/example_dags/example_setup_teardown_taskflow.py took 0.080 seconds
[2024-07-02T19:50:02.724+0000] {processor.py:161} INFO - Started process (PID=23947) to work on /usr/local/python/3.10.13/lib/python3.10/site-packages/airflow/example_dags/example_setup_teardown_taskflow.py
[2024-07-02T19:50:02.725+0000] {processor.py:830} INFO - Processing file /usr/local/python/3.10.13/lib/python3.10/site-packages/airflow/example_dags/example_setup_teardown_taskflow.py for tasks to queue
[2024-07-02T19:50:02.725+0000] {logging_mixin.py:188} INFO - [2024-07-02T19:50:02.725+0000] {dagbag.py:545} INFO - Filling up the DagBag from /usr/local/python/3.10.13/lib/python3.10/site-packages/airflow/example_dags/example_setup_teardown_taskflow.py
[2024-07-02T19:50:02.733+0000] {processor.py:840} INFO - DAG(s) 'example_setup_teardown_taskflow' retrieved from /usr/local/python/3.10.13/lib/python3.10/site-packages/airflow/example_dags/example_setup_teardown_taskflow.py
[2024-07-02T19:50:02.746+0000] {logging_mixin.py:188} INFO - [2024-07-02T19:50:02.746+0000] {dag.py:3096} INFO - Sync 1 DAGs
[2024-07-02T19:50:02.761+0000] {logging_mixin.py:188} INFO - [2024-07-02T19:50:02.761+0000] {dag.py:3954} INFO - Setting next_dagrun for example_setup_teardown_taskflow to 2024-07-01 00:00:00+00:00, run_after=2024-07-02 00:00:00+00:00
[2024-07-02T19:50:02.801+0000] {processor.py:183} INFO - Processing /usr/local/python/3.10.13/lib/python3.10/site-packages/airflow/example_dags/example_setup_teardown_taskflow.py took 0.082 seconds
[2024-07-02T19:51:08.780+0000] {processor.py:161} INFO - Started process (PID=24442) to work on /usr/local/python/3.10.13/lib/python3.10/site-packages/airflow/example_dags/example_setup_teardown_taskflow.py
[2024-07-02T19:51:08.781+0000] {processor.py:830} INFO - Processing file /usr/local/python/3.10.13/lib/python3.10/site-packages/airflow/example_dags/example_setup_teardown_taskflow.py for tasks to queue
[2024-07-02T19:51:08.782+0000] {logging_mixin.py:188} INFO - [2024-07-02T19:51:08.781+0000] {dagbag.py:545} INFO - Filling up the DagBag from /usr/local/python/3.10.13/lib/python3.10/site-packages/airflow/example_dags/example_setup_teardown_taskflow.py
[2024-07-02T19:51:08.789+0000] {processor.py:840} INFO - DAG(s) 'example_setup_teardown_taskflow' retrieved from /usr/local/python/3.10.13/lib/python3.10/site-packages/airflow/example_dags/example_setup_teardown_taskflow.py
[2024-07-02T19:51:08.802+0000] {logging_mixin.py:188} INFO - [2024-07-02T19:51:08.802+0000] {dag.py:3096} INFO - Sync 1 DAGs
[2024-07-02T19:51:08.821+0000] {logging_mixin.py:188} INFO - [2024-07-02T19:51:08.821+0000] {dag.py:3954} INFO - Setting next_dagrun for example_setup_teardown_taskflow to 2024-07-01 00:00:00+00:00, run_after=2024-07-02 00:00:00+00:00
[2024-07-02T19:51:08.875+0000] {processor.py:183} INFO - Processing /usr/local/python/3.10.13/lib/python3.10/site-packages/airflow/example_dags/example_setup_teardown_taskflow.py took 0.099 seconds
[2024-07-02T19:52:14.926+0000] {processor.py:161} INFO - Started process (PID=24955) to work on /usr/local/python/3.10.13/lib/python3.10/site-packages/airflow/example_dags/example_setup_teardown_taskflow.py
[2024-07-02T19:52:14.927+0000] {processor.py:830} INFO - Processing file /usr/local/python/3.10.13/lib/python3.10/site-packages/airflow/example_dags/example_setup_teardown_taskflow.py for tasks to queue
[2024-07-02T19:52:14.928+0000] {logging_mixin.py:188} INFO - [2024-07-02T19:52:14.928+0000] {dagbag.py:545} INFO - Filling up the DagBag from /usr/local/python/3.10.13/lib/python3.10/site-packages/airflow/example_dags/example_setup_teardown_taskflow.py
[2024-07-02T19:52:14.935+0000] {processor.py:840} INFO - DAG(s) 'example_setup_teardown_taskflow' retrieved from /usr/local/python/3.10.13/lib/python3.10/site-packages/airflow/example_dags/example_setup_teardown_taskflow.py
[2024-07-02T19:52:14.948+0000] {logging_mixin.py:188} INFO - [2024-07-02T19:52:14.948+0000] {dag.py:3096} INFO - Sync 1 DAGs
[2024-07-02T19:52:14.962+0000] {logging_mixin.py:188} INFO - [2024-07-02T19:52:14.962+0000] {dag.py:3954} INFO - Setting next_dagrun for example_setup_teardown_taskflow to 2024-07-01 00:00:00+00:00, run_after=2024-07-02 00:00:00+00:00
[2024-07-02T19:52:15.006+0000] {processor.py:183} INFO - Processing /usr/local/python/3.10.13/lib/python3.10/site-packages/airflow/example_dags/example_setup_teardown_taskflow.py took 0.084 seconds
[2024-07-02T19:53:21.928+0000] {processor.py:161} INFO - Started process (PID=25449) to work on /usr/local/python/3.10.13/lib/python3.10/site-packages/airflow/example_dags/example_setup_teardown_taskflow.py
[2024-07-02T19:53:21.928+0000] {processor.py:830} INFO - Processing file /usr/local/python/3.10.13/lib/python3.10/site-packages/airflow/example_dags/example_setup_teardown_taskflow.py for tasks to queue
[2024-07-02T19:53:21.929+0000] {logging_mixin.py:188} INFO - [2024-07-02T19:53:21.929+0000] {dagbag.py:545} INFO - Filling up the DagBag from /usr/local/python/3.10.13/lib/python3.10/site-packages/airflow/example_dags/example_setup_teardown_taskflow.py
[2024-07-02T19:53:21.936+0000] {processor.py:840} INFO - DAG(s) 'example_setup_teardown_taskflow' retrieved from /usr/local/python/3.10.13/lib/python3.10/site-packages/airflow/example_dags/example_setup_teardown_taskflow.py
[2024-07-02T19:53:21.949+0000] {logging_mixin.py:188} INFO - [2024-07-02T19:53:21.949+0000] {dag.py:3096} INFO - Sync 1 DAGs
[2024-07-02T19:53:21.964+0000] {logging_mixin.py:188} INFO - [2024-07-02T19:53:21.964+0000] {dag.py:3954} INFO - Setting next_dagrun for example_setup_teardown_taskflow to 2024-07-01 00:00:00+00:00, run_after=2024-07-02 00:00:00+00:00
[2024-07-02T19:53:22.003+0000] {processor.py:183} INFO - Processing /usr/local/python/3.10.13/lib/python3.10/site-packages/airflow/example_dags/example_setup_teardown_taskflow.py took 0.080 seconds
[2024-07-02T19:54:27.942+0000] {processor.py:161} INFO - Started process (PID=25961) to work on /usr/local/python/3.10.13/lib/python3.10/site-packages/airflow/example_dags/example_setup_teardown_taskflow.py
[2024-07-02T19:54:27.942+0000] {processor.py:830} INFO - Processing file /usr/local/python/3.10.13/lib/python3.10/site-packages/airflow/example_dags/example_setup_teardown_taskflow.py for tasks to queue
[2024-07-02T19:54:27.943+0000] {logging_mixin.py:188} INFO - [2024-07-02T19:54:27.943+0000] {dagbag.py:545} INFO - Filling up the DagBag from /usr/local/python/3.10.13/lib/python3.10/site-packages/airflow/example_dags/example_setup_teardown_taskflow.py
[2024-07-02T19:54:27.950+0000] {processor.py:840} INFO - DAG(s) 'example_setup_teardown_taskflow' retrieved from /usr/local/python/3.10.13/lib/python3.10/site-packages/airflow/example_dags/example_setup_teardown_taskflow.py
[2024-07-02T19:54:27.963+0000] {logging_mixin.py:188} INFO - [2024-07-02T19:54:27.963+0000] {dag.py:3096} INFO - Sync 1 DAGs
[2024-07-02T19:54:27.979+0000] {logging_mixin.py:188} INFO - [2024-07-02T19:54:27.978+0000] {dag.py:3954} INFO - Setting next_dagrun for example_setup_teardown_taskflow to 2024-07-01 00:00:00+00:00, run_after=2024-07-02 00:00:00+00:00
[2024-07-02T19:54:28.022+0000] {processor.py:183} INFO - Processing /usr/local/python/3.10.13/lib/python3.10/site-packages/airflow/example_dags/example_setup_teardown_taskflow.py took 0.085 seconds
[2024-07-02T19:55:33.834+0000] {processor.py:161} INFO - Started process (PID=26450) to work on /usr/local/python/3.10.13/lib/python3.10/site-packages/airflow/example_dags/example_setup_teardown_taskflow.py
[2024-07-02T19:55:33.835+0000] {processor.py:830} INFO - Processing file /usr/local/python/3.10.13/lib/python3.10/site-packages/airflow/example_dags/example_setup_teardown_taskflow.py for tasks to queue
[2024-07-02T19:55:33.835+0000] {logging_mixin.py:188} INFO - [2024-07-02T19:55:33.835+0000] {dagbag.py:545} INFO - Filling up the DagBag from /usr/local/python/3.10.13/lib/python3.10/site-packages/airflow/example_dags/example_setup_teardown_taskflow.py
[2024-07-02T19:55:33.843+0000] {processor.py:840} INFO - DAG(s) 'example_setup_teardown_taskflow' retrieved from /usr/local/python/3.10.13/lib/python3.10/site-packages/airflow/example_dags/example_setup_teardown_taskflow.py
[2024-07-02T19:55:33.856+0000] {logging_mixin.py:188} INFO - [2024-07-02T19:55:33.855+0000] {dag.py:3096} INFO - Sync 1 DAGs
[2024-07-02T19:55:33.870+0000] {logging_mixin.py:188} INFO - [2024-07-02T19:55:33.870+0000] {dag.py:3954} INFO - Setting next_dagrun for example_setup_teardown_taskflow to 2024-07-01 00:00:00+00:00, run_after=2024-07-02 00:00:00+00:00
[2024-07-02T19:55:33.909+0000] {processor.py:183} INFO - Processing /usr/local/python/3.10.13/lib/python3.10/site-packages/airflow/example_dags/example_setup_teardown_taskflow.py took 0.080 seconds
[2024-07-02T19:56:41.201+0000] {processor.py:161} INFO - Started process (PID=27105) to work on /usr/local/python/3.10.13/lib/python3.10/site-packages/airflow/example_dags/example_setup_teardown_taskflow.py
[2024-07-02T19:56:41.202+0000] {processor.py:830} INFO - Processing file /usr/local/python/3.10.13/lib/python3.10/site-packages/airflow/example_dags/example_setup_teardown_taskflow.py for tasks to queue
[2024-07-02T19:56:41.203+0000] {logging_mixin.py:188} INFO - [2024-07-02T19:56:41.203+0000] {dagbag.py:545} INFO - Filling up the DagBag from /usr/local/python/3.10.13/lib/python3.10/site-packages/airflow/example_dags/example_setup_teardown_taskflow.py
[2024-07-02T19:56:41.210+0000] {processor.py:840} INFO - DAG(s) 'example_setup_teardown_taskflow' retrieved from /usr/local/python/3.10.13/lib/python3.10/site-packages/airflow/example_dags/example_setup_teardown_taskflow.py
[2024-07-02T19:56:41.224+0000] {logging_mixin.py:188} INFO - [2024-07-02T19:56:41.224+0000] {dag.py:3096} INFO - Sync 1 DAGs
[2024-07-02T19:56:41.238+0000] {logging_mixin.py:188} INFO - [2024-07-02T19:56:41.238+0000] {dag.py:3954} INFO - Setting next_dagrun for example_setup_teardown_taskflow to 2024-07-01 00:00:00+00:00, run_after=2024-07-02 00:00:00+00:00
[2024-07-02T19:56:41.278+0000] {processor.py:183} INFO - Processing /usr/local/python/3.10.13/lib/python3.10/site-packages/airflow/example_dags/example_setup_teardown_taskflow.py took 0.082 seconds
[2024-07-02T19:57:35.445+0000] {processor.py:161} INFO - Started process (PID=27504) to work on /usr/local/python/3.10.13/lib/python3.10/site-packages/airflow/example_dags/example_setup_teardown_taskflow.py
[2024-07-02T19:57:35.446+0000] {processor.py:830} INFO - Processing file /usr/local/python/3.10.13/lib/python3.10/site-packages/airflow/example_dags/example_setup_teardown_taskflow.py for tasks to queue
[2024-07-02T19:57:35.446+0000] {logging_mixin.py:188} INFO - [2024-07-02T19:57:35.446+0000] {dagbag.py:545} INFO - Filling up the DagBag from /usr/local/python/3.10.13/lib/python3.10/site-packages/airflow/example_dags/example_setup_teardown_taskflow.py
[2024-07-02T19:57:35.454+0000] {processor.py:840} INFO - DAG(s) 'example_setup_teardown_taskflow' retrieved from /usr/local/python/3.10.13/lib/python3.10/site-packages/airflow/example_dags/example_setup_teardown_taskflow.py
[2024-07-02T19:57:35.467+0000] {logging_mixin.py:188} INFO - [2024-07-02T19:57:35.467+0000] {dag.py:3096} INFO - Sync 1 DAGs
[2024-07-02T19:57:35.485+0000] {logging_mixin.py:188} INFO - [2024-07-02T19:57:35.484+0000] {dag.py:3954} INFO - Setting next_dagrun for example_setup_teardown_taskflow to 2024-07-01 00:00:00+00:00, run_after=2024-07-02 00:00:00+00:00
[2024-07-02T19:57:35.539+0000] {processor.py:183} INFO - Processing /usr/local/python/3.10.13/lib/python3.10/site-packages/airflow/example_dags/example_setup_teardown_taskflow.py took 0.099 seconds
