[2024-07-02T19:11:10.228+0000] {processor.py:161} INFO - Started process (PID=5929) to work on /usr/local/python/3.10.13/lib/python3.10/site-packages/airflow/example_dags/example_branch_datetime_operator.py
[2024-07-02T19:11:10.229+0000] {processor.py:830} INFO - Processing file /usr/local/python/3.10.13/lib/python3.10/site-packages/airflow/example_dags/example_branch_datetime_operator.py for tasks to queue
[2024-07-02T19:11:10.230+0000] {logging_mixin.py:188} INFO - [2024-07-02T19:11:10.230+0000] {dagbag.py:545} INFO - Filling up the DagBag from /usr/local/python/3.10.13/lib/python3.10/site-packages/airflow/example_dags/example_branch_datetime_operator.py
[2024-07-02T19:11:10.238+0000] {processor.py:840} INFO - DAG(s) 'example_branch_datetime_operator_3', 'example_branch_datetime_operator', 'example_branch_datetime_operator_2' retrieved from /usr/local/python/3.10.13/lib/python3.10/site-packages/airflow/example_dags/example_branch_datetime_operator.py
[2024-07-02T19:11:10.369+0000] {logging_mixin.py:188} INFO - [2024-07-02T19:11:10.369+0000] {override.py:1829} INFO - Created Permission View: can edit on DAG:example_branch_datetime_operator_3
[2024-07-02T19:11:10.401+0000] {logging_mixin.py:188} INFO - [2024-07-02T19:11:10.400+0000] {override.py:1829} INFO - Created Permission View: can read on DAG:example_branch_datetime_operator_3
[2024-07-02T19:11:10.429+0000] {logging_mixin.py:188} INFO - [2024-07-02T19:11:10.429+0000] {override.py:1829} INFO - Created Permission View: can delete on DAG:example_branch_datetime_operator_3
[2024-07-02T19:11:10.501+0000] {logging_mixin.py:188} INFO - [2024-07-02T19:11:10.500+0000] {override.py:1829} INFO - Created Permission View: can edit on DAG:example_branch_datetime_operator
[2024-07-02T19:11:10.532+0000] {logging_mixin.py:188} INFO - [2024-07-02T19:11:10.532+0000] {override.py:1829} INFO - Created Permission View: can read on DAG:example_branch_datetime_operator
[2024-07-02T19:11:10.564+0000] {logging_mixin.py:188} INFO - [2024-07-02T19:11:10.564+0000] {override.py:1829} INFO - Created Permission View: can delete on DAG:example_branch_datetime_operator
[2024-07-02T19:11:10.631+0000] {logging_mixin.py:188} INFO - [2024-07-02T19:11:10.631+0000] {override.py:1829} INFO - Created Permission View: can edit on DAG:example_branch_datetime_operator_2
[2024-07-02T19:11:10.661+0000] {logging_mixin.py:188} INFO - [2024-07-02T19:11:10.661+0000] {override.py:1829} INFO - Created Permission View: can read on DAG:example_branch_datetime_operator_2
[2024-07-02T19:11:10.694+0000] {logging_mixin.py:188} INFO - [2024-07-02T19:11:10.694+0000] {override.py:1829} INFO - Created Permission View: can delete on DAG:example_branch_datetime_operator_2
[2024-07-02T19:11:10.694+0000] {logging_mixin.py:188} INFO - [2024-07-02T19:11:10.694+0000] {dag.py:3096} INFO - Sync 3 DAGs
[2024-07-02T19:11:10.703+0000] {logging_mixin.py:188} INFO - [2024-07-02T19:11:10.703+0000] {dag.py:3118} INFO - Creating ORM DAG for example_branch_datetime_operator_2
[2024-07-02T19:11:10.704+0000] {logging_mixin.py:188} INFO - [2024-07-02T19:11:10.703+0000] {dag.py:3118} INFO - Creating ORM DAG for example_branch_datetime_operator_3
[2024-07-02T19:11:10.704+0000] {logging_mixin.py:188} INFO - [2024-07-02T19:11:10.704+0000] {dag.py:3118} INFO - Creating ORM DAG for example_branch_datetime_operator
[2024-07-02T19:11:10.712+0000] {logging_mixin.py:188} INFO - [2024-07-02T19:11:10.712+0000] {dag.py:3954} INFO - Setting next_dagrun for example_branch_datetime_operator to 2024-07-01 00:00:00+00:00, run_after=2024-07-02 00:00:00+00:00
[2024-07-02T19:11:10.714+0000] {logging_mixin.py:188} INFO - [2024-07-02T19:11:10.714+0000] {dag.py:3954} INFO - Setting next_dagrun for example_branch_datetime_operator_2 to 2024-07-01 00:00:00+00:00, run_after=2024-07-02 00:00:00+00:00
[2024-07-02T19:11:10.716+0000] {logging_mixin.py:188} INFO - [2024-07-02T19:11:10.715+0000] {dag.py:3954} INFO - Setting next_dagrun for example_branch_datetime_operator_3 to 2024-07-01 00:00:00+00:00, run_after=2024-07-02 00:00:00+00:00
[2024-07-02T19:11:10.760+0000] {processor.py:183} INFO - Processing /usr/local/python/3.10.13/lib/python3.10/site-packages/airflow/example_dags/example_branch_datetime_operator.py took 0.537 seconds
[2024-07-02T19:12:02.546+0000] {processor.py:161} INFO - Started process (PID=6330) to work on /usr/local/python/3.10.13/lib/python3.10/site-packages/airflow/example_dags/example_branch_datetime_operator.py
[2024-07-02T19:12:02.547+0000] {processor.py:830} INFO - Processing file /usr/local/python/3.10.13/lib/python3.10/site-packages/airflow/example_dags/example_branch_datetime_operator.py for tasks to queue
[2024-07-02T19:12:02.549+0000] {logging_mixin.py:188} INFO - [2024-07-02T19:12:02.549+0000] {dagbag.py:545} INFO - Filling up the DagBag from /usr/local/python/3.10.13/lib/python3.10/site-packages/airflow/example_dags/example_branch_datetime_operator.py
[2024-07-02T19:12:02.565+0000] {processor.py:840} INFO - DAG(s) 'example_branch_datetime_operator_2', 'example_branch_datetime_operator_3', 'example_branch_datetime_operator' retrieved from /usr/local/python/3.10.13/lib/python3.10/site-packages/airflow/example_dags/example_branch_datetime_operator.py
[2024-07-02T19:12:02.595+0000] {logging_mixin.py:188} INFO - [2024-07-02T19:12:02.594+0000] {dag.py:3096} INFO - Sync 3 DAGs
[2024-07-02T19:12:02.626+0000] {logging_mixin.py:188} INFO - [2024-07-02T19:12:02.626+0000] {dag.py:3954} INFO - Setting next_dagrun for example_branch_datetime_operator to 2024-07-01 00:00:00+00:00, run_after=2024-07-02 00:00:00+00:00
[2024-07-02T19:12:02.635+0000] {logging_mixin.py:188} INFO - [2024-07-02T19:12:02.634+0000] {dag.py:3954} INFO - Setting next_dagrun for example_branch_datetime_operator_2 to 2024-07-01 00:00:00+00:00, run_after=2024-07-02 00:00:00+00:00
[2024-07-02T19:12:02.640+0000] {logging_mixin.py:188} INFO - [2024-07-02T19:12:02.639+0000] {dag.py:3954} INFO - Setting next_dagrun for example_branch_datetime_operator_3 to 2024-07-01 00:00:00+00:00, run_after=2024-07-02 00:00:00+00:00
[2024-07-02T19:12:02.703+0000] {processor.py:183} INFO - Processing /usr/local/python/3.10.13/lib/python3.10/site-packages/airflow/example_dags/example_branch_datetime_operator.py took 0.165 seconds
[2024-07-02T19:13:05.647+0000] {processor.py:161} INFO - Started process (PID=6821) to work on /usr/local/python/3.10.13/lib/python3.10/site-packages/airflow/example_dags/example_branch_datetime_operator.py
[2024-07-02T19:13:05.648+0000] {processor.py:830} INFO - Processing file /usr/local/python/3.10.13/lib/python3.10/site-packages/airflow/example_dags/example_branch_datetime_operator.py for tasks to queue
[2024-07-02T19:13:05.650+0000] {logging_mixin.py:188} INFO - [2024-07-02T19:13:05.649+0000] {dagbag.py:545} INFO - Filling up the DagBag from /usr/local/python/3.10.13/lib/python3.10/site-packages/airflow/example_dags/example_branch_datetime_operator.py
[2024-07-02T19:13:05.663+0000] {processor.py:840} INFO - DAG(s) 'example_branch_datetime_operator', 'example_branch_datetime_operator_2', 'example_branch_datetime_operator_3' retrieved from /usr/local/python/3.10.13/lib/python3.10/site-packages/airflow/example_dags/example_branch_datetime_operator.py
[2024-07-02T19:13:05.683+0000] {logging_mixin.py:188} INFO - [2024-07-02T19:13:05.683+0000] {dag.py:3096} INFO - Sync 3 DAGs
[2024-07-02T19:13:05.700+0000] {logging_mixin.py:188} INFO - [2024-07-02T19:13:05.700+0000] {dag.py:3954} INFO - Setting next_dagrun for example_branch_datetime_operator to 2024-07-01 00:00:00+00:00, run_after=2024-07-02 00:00:00+00:00
[2024-07-02T19:13:05.704+0000] {logging_mixin.py:188} INFO - [2024-07-02T19:13:05.704+0000] {dag.py:3954} INFO - Setting next_dagrun for example_branch_datetime_operator_2 to 2024-07-01 00:00:00+00:00, run_after=2024-07-02 00:00:00+00:00
[2024-07-02T19:13:05.706+0000] {logging_mixin.py:188} INFO - [2024-07-02T19:13:05.706+0000] {dag.py:3954} INFO - Setting next_dagrun for example_branch_datetime_operator_3 to 2024-07-01 00:00:00+00:00, run_after=2024-07-02 00:00:00+00:00
[2024-07-02T19:13:05.743+0000] {processor.py:183} INFO - Processing /usr/local/python/3.10.13/lib/python3.10/site-packages/airflow/example_dags/example_branch_datetime_operator.py took 0.101 seconds
[2024-07-02T19:14:06.461+0000] {processor.py:161} INFO - Started process (PID=7292) to work on /usr/local/python/3.10.13/lib/python3.10/site-packages/airflow/example_dags/example_branch_datetime_operator.py
[2024-07-02T19:14:06.461+0000] {processor.py:830} INFO - Processing file /usr/local/python/3.10.13/lib/python3.10/site-packages/airflow/example_dags/example_branch_datetime_operator.py for tasks to queue
[2024-07-02T19:14:06.463+0000] {logging_mixin.py:188} INFO - [2024-07-02T19:14:06.462+0000] {dagbag.py:545} INFO - Filling up the DagBag from /usr/local/python/3.10.13/lib/python3.10/site-packages/airflow/example_dags/example_branch_datetime_operator.py
[2024-07-02T19:14:06.471+0000] {processor.py:840} INFO - DAG(s) 'example_branch_datetime_operator', 'example_branch_datetime_operator_3', 'example_branch_datetime_operator_2' retrieved from /usr/local/python/3.10.13/lib/python3.10/site-packages/airflow/example_dags/example_branch_datetime_operator.py
[2024-07-02T19:14:06.487+0000] {logging_mixin.py:188} INFO - [2024-07-02T19:14:06.487+0000] {dag.py:3096} INFO - Sync 3 DAGs
[2024-07-02T19:14:06.503+0000] {logging_mixin.py:188} INFO - [2024-07-02T19:14:06.503+0000] {dag.py:3954} INFO - Setting next_dagrun for example_branch_datetime_operator to 2024-07-01 00:00:00+00:00, run_after=2024-07-02 00:00:00+00:00
[2024-07-02T19:14:06.506+0000] {logging_mixin.py:188} INFO - [2024-07-02T19:14:06.506+0000] {dag.py:3954} INFO - Setting next_dagrun for example_branch_datetime_operator_2 to 2024-07-01 00:00:00+00:00, run_after=2024-07-02 00:00:00+00:00
[2024-07-02T19:14:06.508+0000] {logging_mixin.py:188} INFO - [2024-07-02T19:14:06.508+0000] {dag.py:3954} INFO - Setting next_dagrun for example_branch_datetime_operator_3 to 2024-07-01 00:00:00+00:00, run_after=2024-07-02 00:00:00+00:00
[2024-07-02T19:14:06.550+0000] {processor.py:183} INFO - Processing /usr/local/python/3.10.13/lib/python3.10/site-packages/airflow/example_dags/example_branch_datetime_operator.py took 0.094 seconds
[2024-07-02T19:15:09.972+0000] {processor.py:161} INFO - Started process (PID=7761) to work on /usr/local/python/3.10.13/lib/python3.10/site-packages/airflow/example_dags/example_branch_datetime_operator.py
[2024-07-02T19:15:09.972+0000] {processor.py:830} INFO - Processing file /usr/local/python/3.10.13/lib/python3.10/site-packages/airflow/example_dags/example_branch_datetime_operator.py for tasks to queue
[2024-07-02T19:15:09.973+0000] {logging_mixin.py:188} INFO - [2024-07-02T19:15:09.973+0000] {dagbag.py:545} INFO - Filling up the DagBag from /usr/local/python/3.10.13/lib/python3.10/site-packages/airflow/example_dags/example_branch_datetime_operator.py
[2024-07-02T19:15:09.982+0000] {processor.py:840} INFO - DAG(s) 'example_branch_datetime_operator', 'example_branch_datetime_operator_2', 'example_branch_datetime_operator_3' retrieved from /usr/local/python/3.10.13/lib/python3.10/site-packages/airflow/example_dags/example_branch_datetime_operator.py
[2024-07-02T19:15:09.998+0000] {logging_mixin.py:188} INFO - [2024-07-02T19:15:09.998+0000] {dag.py:3096} INFO - Sync 3 DAGs
[2024-07-02T19:15:10.014+0000] {logging_mixin.py:188} INFO - [2024-07-02T19:15:10.014+0000] {dag.py:3954} INFO - Setting next_dagrun for example_branch_datetime_operator to 2024-07-01 00:00:00+00:00, run_after=2024-07-02 00:00:00+00:00
[2024-07-02T19:15:10.017+0000] {logging_mixin.py:188} INFO - [2024-07-02T19:15:10.017+0000] {dag.py:3954} INFO - Setting next_dagrun for example_branch_datetime_operator_2 to 2024-07-01 00:00:00+00:00, run_after=2024-07-02 00:00:00+00:00
[2024-07-02T19:15:10.019+0000] {logging_mixin.py:188} INFO - [2024-07-02T19:15:10.019+0000] {dag.py:3954} INFO - Setting next_dagrun for example_branch_datetime_operator_3 to 2024-07-01 00:00:00+00:00, run_after=2024-07-02 00:00:00+00:00
[2024-07-02T19:15:10.058+0000] {processor.py:183} INFO - Processing /usr/local/python/3.10.13/lib/python3.10/site-packages/airflow/example_dags/example_branch_datetime_operator.py took 0.090 seconds
[2024-07-02T19:16:11.361+0000] {processor.py:161} INFO - Started process (PID=8237) to work on /usr/local/python/3.10.13/lib/python3.10/site-packages/airflow/example_dags/example_branch_datetime_operator.py
[2024-07-02T19:16:11.361+0000] {processor.py:830} INFO - Processing file /usr/local/python/3.10.13/lib/python3.10/site-packages/airflow/example_dags/example_branch_datetime_operator.py for tasks to queue
[2024-07-02T19:16:11.362+0000] {logging_mixin.py:188} INFO - [2024-07-02T19:16:11.362+0000] {dagbag.py:545} INFO - Filling up the DagBag from /usr/local/python/3.10.13/lib/python3.10/site-packages/airflow/example_dags/example_branch_datetime_operator.py
[2024-07-02T19:16:11.370+0000] {processor.py:840} INFO - DAG(s) 'example_branch_datetime_operator', 'example_branch_datetime_operator_2', 'example_branch_datetime_operator_3' retrieved from /usr/local/python/3.10.13/lib/python3.10/site-packages/airflow/example_dags/example_branch_datetime_operator.py
[2024-07-02T19:16:11.386+0000] {logging_mixin.py:188} INFO - [2024-07-02T19:16:11.386+0000] {dag.py:3096} INFO - Sync 3 DAGs
[2024-07-02T19:16:11.402+0000] {logging_mixin.py:188} INFO - [2024-07-02T19:16:11.402+0000] {dag.py:3954} INFO - Setting next_dagrun for example_branch_datetime_operator to 2024-07-01 00:00:00+00:00, run_after=2024-07-02 00:00:00+00:00
[2024-07-02T19:16:11.406+0000] {logging_mixin.py:188} INFO - [2024-07-02T19:16:11.406+0000] {dag.py:3954} INFO - Setting next_dagrun for example_branch_datetime_operator_2 to 2024-07-01 00:00:00+00:00, run_after=2024-07-02 00:00:00+00:00
[2024-07-02T19:16:11.408+0000] {logging_mixin.py:188} INFO - [2024-07-02T19:16:11.408+0000] {dag.py:3954} INFO - Setting next_dagrun for example_branch_datetime_operator_3 to 2024-07-01 00:00:00+00:00, run_after=2024-07-02 00:00:00+00:00
[2024-07-02T19:16:11.446+0000] {processor.py:183} INFO - Processing /usr/local/python/3.10.13/lib/python3.10/site-packages/airflow/example_dags/example_branch_datetime_operator.py took 0.091 seconds
[2024-07-02T19:17:22.367+0000] {processor.py:161} INFO - Started process (PID=8772) to work on /usr/local/python/3.10.13/lib/python3.10/site-packages/airflow/example_dags/example_branch_datetime_operator.py
[2024-07-02T19:17:22.368+0000] {processor.py:830} INFO - Processing file /usr/local/python/3.10.13/lib/python3.10/site-packages/airflow/example_dags/example_branch_datetime_operator.py for tasks to queue
[2024-07-02T19:17:22.369+0000] {logging_mixin.py:188} INFO - [2024-07-02T19:17:22.368+0000] {dagbag.py:545} INFO - Filling up the DagBag from /usr/local/python/3.10.13/lib/python3.10/site-packages/airflow/example_dags/example_branch_datetime_operator.py
[2024-07-02T19:17:22.377+0000] {processor.py:840} INFO - DAG(s) 'example_branch_datetime_operator_3', 'example_branch_datetime_operator', 'example_branch_datetime_operator_2' retrieved from /usr/local/python/3.10.13/lib/python3.10/site-packages/airflow/example_dags/example_branch_datetime_operator.py
[2024-07-02T19:17:22.393+0000] {logging_mixin.py:188} INFO - [2024-07-02T19:17:22.393+0000] {dag.py:3096} INFO - Sync 3 DAGs
[2024-07-02T19:17:22.409+0000] {logging_mixin.py:188} INFO - [2024-07-02T19:17:22.409+0000] {dag.py:3954} INFO - Setting next_dagrun for example_branch_datetime_operator to 2024-07-01 00:00:00+00:00, run_after=2024-07-02 00:00:00+00:00
[2024-07-02T19:17:22.413+0000] {logging_mixin.py:188} INFO - [2024-07-02T19:17:22.413+0000] {dag.py:3954} INFO - Setting next_dagrun for example_branch_datetime_operator_2 to 2024-07-01 00:00:00+00:00, run_after=2024-07-02 00:00:00+00:00
[2024-07-02T19:17:22.415+0000] {logging_mixin.py:188} INFO - [2024-07-02T19:17:22.415+0000] {dag.py:3954} INFO - Setting next_dagrun for example_branch_datetime_operator_3 to 2024-07-01 00:00:00+00:00, run_after=2024-07-02 00:00:00+00:00
[2024-07-02T19:17:22.453+0000] {processor.py:183} INFO - Processing /usr/local/python/3.10.13/lib/python3.10/site-packages/airflow/example_dags/example_branch_datetime_operator.py took 0.090 seconds
[2024-07-02T19:18:27.372+0000] {processor.py:161} INFO - Started process (PID=9260) to work on /usr/local/python/3.10.13/lib/python3.10/site-packages/airflow/example_dags/example_branch_datetime_operator.py
[2024-07-02T19:18:27.373+0000] {processor.py:830} INFO - Processing file /usr/local/python/3.10.13/lib/python3.10/site-packages/airflow/example_dags/example_branch_datetime_operator.py for tasks to queue
[2024-07-02T19:18:27.374+0000] {logging_mixin.py:188} INFO - [2024-07-02T19:18:27.373+0000] {dagbag.py:545} INFO - Filling up the DagBag from /usr/local/python/3.10.13/lib/python3.10/site-packages/airflow/example_dags/example_branch_datetime_operator.py
[2024-07-02T19:18:27.382+0000] {processor.py:840} INFO - DAG(s) 'example_branch_datetime_operator', 'example_branch_datetime_operator_3', 'example_branch_datetime_operator_2' retrieved from /usr/local/python/3.10.13/lib/python3.10/site-packages/airflow/example_dags/example_branch_datetime_operator.py
[2024-07-02T19:18:27.398+0000] {logging_mixin.py:188} INFO - [2024-07-02T19:18:27.398+0000] {dag.py:3096} INFO - Sync 3 DAGs
[2024-07-02T19:18:27.415+0000] {logging_mixin.py:188} INFO - [2024-07-02T19:18:27.414+0000] {dag.py:3954} INFO - Setting next_dagrun for example_branch_datetime_operator to 2024-07-01 00:00:00+00:00, run_after=2024-07-02 00:00:00+00:00
[2024-07-02T19:18:27.418+0000] {logging_mixin.py:188} INFO - [2024-07-02T19:18:27.418+0000] {dag.py:3954} INFO - Setting next_dagrun for example_branch_datetime_operator_2 to 2024-07-01 00:00:00+00:00, run_after=2024-07-02 00:00:00+00:00
[2024-07-02T19:18:27.420+0000] {logging_mixin.py:188} INFO - [2024-07-02T19:18:27.420+0000] {dag.py:3954} INFO - Setting next_dagrun for example_branch_datetime_operator_3 to 2024-07-01 00:00:00+00:00, run_after=2024-07-02 00:00:00+00:00
[2024-07-02T19:18:27.460+0000] {processor.py:183} INFO - Processing /usr/local/python/3.10.13/lib/python3.10/site-packages/airflow/example_dags/example_branch_datetime_operator.py took 0.092 seconds
[2024-07-02T19:19:30.410+0000] {processor.py:161} INFO - Started process (PID=9755) to work on /usr/local/python/3.10.13/lib/python3.10/site-packages/airflow/example_dags/example_branch_datetime_operator.py
[2024-07-02T19:19:30.411+0000] {processor.py:830} INFO - Processing file /usr/local/python/3.10.13/lib/python3.10/site-packages/airflow/example_dags/example_branch_datetime_operator.py for tasks to queue
[2024-07-02T19:19:30.412+0000] {logging_mixin.py:188} INFO - [2024-07-02T19:19:30.411+0000] {dagbag.py:545} INFO - Filling up the DagBag from /usr/local/python/3.10.13/lib/python3.10/site-packages/airflow/example_dags/example_branch_datetime_operator.py
[2024-07-02T19:19:30.420+0000] {processor.py:840} INFO - DAG(s) 'example_branch_datetime_operator_3', 'example_branch_datetime_operator_2', 'example_branch_datetime_operator' retrieved from /usr/local/python/3.10.13/lib/python3.10/site-packages/airflow/example_dags/example_branch_datetime_operator.py
[2024-07-02T19:19:30.436+0000] {logging_mixin.py:188} INFO - [2024-07-02T19:19:30.436+0000] {dag.py:3096} INFO - Sync 3 DAGs
[2024-07-02T19:19:30.453+0000] {logging_mixin.py:188} INFO - [2024-07-02T19:19:30.453+0000] {dag.py:3954} INFO - Setting next_dagrun for example_branch_datetime_operator to 2024-07-01 00:00:00+00:00, run_after=2024-07-02 00:00:00+00:00
[2024-07-02T19:19:30.456+0000] {logging_mixin.py:188} INFO - [2024-07-02T19:19:30.456+0000] {dag.py:3954} INFO - Setting next_dagrun for example_branch_datetime_operator_2 to 2024-07-01 00:00:00+00:00, run_after=2024-07-02 00:00:00+00:00
[2024-07-02T19:19:30.458+0000] {logging_mixin.py:188} INFO - [2024-07-02T19:19:30.458+0000] {dag.py:3954} INFO - Setting next_dagrun for example_branch_datetime_operator_3 to 2024-07-01 00:00:00+00:00, run_after=2024-07-02 00:00:00+00:00
[2024-07-02T19:19:30.497+0000] {processor.py:183} INFO - Processing /usr/local/python/3.10.13/lib/python3.10/site-packages/airflow/example_dags/example_branch_datetime_operator.py took 0.091 seconds
[2024-07-02T19:20:42.825+0000] {processor.py:161} INFO - Started process (PID=10288) to work on /usr/local/python/3.10.13/lib/python3.10/site-packages/airflow/example_dags/example_branch_datetime_operator.py
[2024-07-02T19:20:42.825+0000] {processor.py:830} INFO - Processing file /usr/local/python/3.10.13/lib/python3.10/site-packages/airflow/example_dags/example_branch_datetime_operator.py for tasks to queue
[2024-07-02T19:20:42.826+0000] {logging_mixin.py:188} INFO - [2024-07-02T19:20:42.826+0000] {dagbag.py:545} INFO - Filling up the DagBag from /usr/local/python/3.10.13/lib/python3.10/site-packages/airflow/example_dags/example_branch_datetime_operator.py
[2024-07-02T19:20:42.835+0000] {processor.py:840} INFO - DAG(s) 'example_branch_datetime_operator_2', 'example_branch_datetime_operator', 'example_branch_datetime_operator_3' retrieved from /usr/local/python/3.10.13/lib/python3.10/site-packages/airflow/example_dags/example_branch_datetime_operator.py
[2024-07-02T19:20:42.851+0000] {logging_mixin.py:188} INFO - [2024-07-02T19:20:42.851+0000] {dag.py:3096} INFO - Sync 3 DAGs
[2024-07-02T19:20:42.867+0000] {logging_mixin.py:188} INFO - [2024-07-02T19:20:42.867+0000] {dag.py:3954} INFO - Setting next_dagrun for example_branch_datetime_operator to 2024-07-01 00:00:00+00:00, run_after=2024-07-02 00:00:00+00:00
[2024-07-02T19:20:42.871+0000] {logging_mixin.py:188} INFO - [2024-07-02T19:20:42.871+0000] {dag.py:3954} INFO - Setting next_dagrun for example_branch_datetime_operator_2 to 2024-07-01 00:00:00+00:00, run_after=2024-07-02 00:00:00+00:00
[2024-07-02T19:20:42.873+0000] {logging_mixin.py:188} INFO - [2024-07-02T19:20:42.873+0000] {dag.py:3954} INFO - Setting next_dagrun for example_branch_datetime_operator_3 to 2024-07-01 00:00:00+00:00, run_after=2024-07-02 00:00:00+00:00
[2024-07-02T19:20:42.918+0000] {processor.py:183} INFO - Processing /usr/local/python/3.10.13/lib/python3.10/site-packages/airflow/example_dags/example_branch_datetime_operator.py took 0.098 seconds
[2024-07-02T19:21:52.947+0000] {processor.py:161} INFO - Started process (PID=10826) to work on /usr/local/python/3.10.13/lib/python3.10/site-packages/airflow/example_dags/example_branch_datetime_operator.py
[2024-07-02T19:21:52.948+0000] {processor.py:830} INFO - Processing file /usr/local/python/3.10.13/lib/python3.10/site-packages/airflow/example_dags/example_branch_datetime_operator.py for tasks to queue
[2024-07-02T19:21:52.948+0000] {logging_mixin.py:188} INFO - [2024-07-02T19:21:52.948+0000] {dagbag.py:545} INFO - Filling up the DagBag from /usr/local/python/3.10.13/lib/python3.10/site-packages/airflow/example_dags/example_branch_datetime_operator.py
[2024-07-02T19:21:52.957+0000] {processor.py:840} INFO - DAG(s) 'example_branch_datetime_operator_2', 'example_branch_datetime_operator_3', 'example_branch_datetime_operator' retrieved from /usr/local/python/3.10.13/lib/python3.10/site-packages/airflow/example_dags/example_branch_datetime_operator.py
[2024-07-02T19:21:52.973+0000] {logging_mixin.py:188} INFO - [2024-07-02T19:21:52.973+0000] {dag.py:3096} INFO - Sync 3 DAGs
[2024-07-02T19:21:52.989+0000] {logging_mixin.py:188} INFO - [2024-07-02T19:21:52.989+0000] {dag.py:3954} INFO - Setting next_dagrun for example_branch_datetime_operator to 2024-07-01 00:00:00+00:00, run_after=2024-07-02 00:00:00+00:00
[2024-07-02T19:21:52.993+0000] {logging_mixin.py:188} INFO - [2024-07-02T19:21:52.993+0000] {dag.py:3954} INFO - Setting next_dagrun for example_branch_datetime_operator_2 to 2024-07-01 00:00:00+00:00, run_after=2024-07-02 00:00:00+00:00
[2024-07-02T19:21:52.995+0000] {logging_mixin.py:188} INFO - [2024-07-02T19:21:52.995+0000] {dag.py:3954} INFO - Setting next_dagrun for example_branch_datetime_operator_3 to 2024-07-01 00:00:00+00:00, run_after=2024-07-02 00:00:00+00:00
[2024-07-02T19:21:53.037+0000] {processor.py:183} INFO - Processing /usr/local/python/3.10.13/lib/python3.10/site-packages/airflow/example_dags/example_branch_datetime_operator.py took 0.094 seconds
[2024-07-02T19:22:59.365+0000] {processor.py:161} INFO - Started process (PID=11316) to work on /usr/local/python/3.10.13/lib/python3.10/site-packages/airflow/example_dags/example_branch_datetime_operator.py
[2024-07-02T19:22:59.365+0000] {processor.py:830} INFO - Processing file /usr/local/python/3.10.13/lib/python3.10/site-packages/airflow/example_dags/example_branch_datetime_operator.py for tasks to queue
[2024-07-02T19:22:59.366+0000] {logging_mixin.py:188} INFO - [2024-07-02T19:22:59.366+0000] {dagbag.py:545} INFO - Filling up the DagBag from /usr/local/python/3.10.13/lib/python3.10/site-packages/airflow/example_dags/example_branch_datetime_operator.py
[2024-07-02T19:22:59.374+0000] {processor.py:840} INFO - DAG(s) 'example_branch_datetime_operator', 'example_branch_datetime_operator_2', 'example_branch_datetime_operator_3' retrieved from /usr/local/python/3.10.13/lib/python3.10/site-packages/airflow/example_dags/example_branch_datetime_operator.py
[2024-07-02T19:22:59.390+0000] {logging_mixin.py:188} INFO - [2024-07-02T19:22:59.390+0000] {dag.py:3096} INFO - Sync 3 DAGs
[2024-07-02T19:22:59.406+0000] {logging_mixin.py:188} INFO - [2024-07-02T19:22:59.406+0000] {dag.py:3954} INFO - Setting next_dagrun for example_branch_datetime_operator to 2024-07-01 00:00:00+00:00, run_after=2024-07-02 00:00:00+00:00
[2024-07-02T19:22:59.410+0000] {logging_mixin.py:188} INFO - [2024-07-02T19:22:59.409+0000] {dag.py:3954} INFO - Setting next_dagrun for example_branch_datetime_operator_2 to 2024-07-01 00:00:00+00:00, run_after=2024-07-02 00:00:00+00:00
[2024-07-02T19:22:59.411+0000] {logging_mixin.py:188} INFO - [2024-07-02T19:22:59.411+0000] {dag.py:3954} INFO - Setting next_dagrun for example_branch_datetime_operator_3 to 2024-07-01 00:00:00+00:00, run_after=2024-07-02 00:00:00+00:00
[2024-07-02T19:22:59.450+0000] {processor.py:183} INFO - Processing /usr/local/python/3.10.13/lib/python3.10/site-packages/airflow/example_dags/example_branch_datetime_operator.py took 0.090 seconds
[2024-07-02T19:24:01.638+0000] {processor.py:161} INFO - Started process (PID=11793) to work on /usr/local/python/3.10.13/lib/python3.10/site-packages/airflow/example_dags/example_branch_datetime_operator.py
[2024-07-02T19:24:01.639+0000] {processor.py:830} INFO - Processing file /usr/local/python/3.10.13/lib/python3.10/site-packages/airflow/example_dags/example_branch_datetime_operator.py for tasks to queue
[2024-07-02T19:24:01.640+0000] {logging_mixin.py:188} INFO - [2024-07-02T19:24:01.639+0000] {dagbag.py:545} INFO - Filling up the DagBag from /usr/local/python/3.10.13/lib/python3.10/site-packages/airflow/example_dags/example_branch_datetime_operator.py
[2024-07-02T19:24:01.649+0000] {processor.py:840} INFO - DAG(s) 'example_branch_datetime_operator', 'example_branch_datetime_operator_3', 'example_branch_datetime_operator_2' retrieved from /usr/local/python/3.10.13/lib/python3.10/site-packages/airflow/example_dags/example_branch_datetime_operator.py
[2024-07-02T19:24:01.667+0000] {logging_mixin.py:188} INFO - [2024-07-02T19:24:01.666+0000] {dag.py:3096} INFO - Sync 3 DAGs
[2024-07-02T19:24:01.683+0000] {logging_mixin.py:188} INFO - [2024-07-02T19:24:01.683+0000] {dag.py:3954} INFO - Setting next_dagrun for example_branch_datetime_operator to 2024-07-01 00:00:00+00:00, run_after=2024-07-02 00:00:00+00:00
[2024-07-02T19:24:01.686+0000] {logging_mixin.py:188} INFO - [2024-07-02T19:24:01.686+0000] {dag.py:3954} INFO - Setting next_dagrun for example_branch_datetime_operator_2 to 2024-07-01 00:00:00+00:00, run_after=2024-07-02 00:00:00+00:00
[2024-07-02T19:24:01.688+0000] {logging_mixin.py:188} INFO - [2024-07-02T19:24:01.688+0000] {dag.py:3954} INFO - Setting next_dagrun for example_branch_datetime_operator_3 to 2024-07-01 00:00:00+00:00, run_after=2024-07-02 00:00:00+00:00
[2024-07-02T19:24:01.729+0000] {processor.py:183} INFO - Processing /usr/local/python/3.10.13/lib/python3.10/site-packages/airflow/example_dags/example_branch_datetime_operator.py took 0.098 seconds
[2024-07-02T19:25:06.518+0000] {processor.py:161} INFO - Started process (PID=12296) to work on /usr/local/python/3.10.13/lib/python3.10/site-packages/airflow/example_dags/example_branch_datetime_operator.py
[2024-07-02T19:25:06.519+0000] {processor.py:830} INFO - Processing file /usr/local/python/3.10.13/lib/python3.10/site-packages/airflow/example_dags/example_branch_datetime_operator.py for tasks to queue
[2024-07-02T19:25:06.520+0000] {logging_mixin.py:188} INFO - [2024-07-02T19:25:06.519+0000] {dagbag.py:545} INFO - Filling up the DagBag from /usr/local/python/3.10.13/lib/python3.10/site-packages/airflow/example_dags/example_branch_datetime_operator.py
[2024-07-02T19:25:06.528+0000] {processor.py:840} INFO - DAG(s) 'example_branch_datetime_operator', 'example_branch_datetime_operator_2', 'example_branch_datetime_operator_3' retrieved from /usr/local/python/3.10.13/lib/python3.10/site-packages/airflow/example_dags/example_branch_datetime_operator.py
[2024-07-02T19:25:06.544+0000] {logging_mixin.py:188} INFO - [2024-07-02T19:25:06.544+0000] {dag.py:3096} INFO - Sync 3 DAGs
[2024-07-02T19:25:06.560+0000] {logging_mixin.py:188} INFO - [2024-07-02T19:25:06.560+0000] {dag.py:3954} INFO - Setting next_dagrun for example_branch_datetime_operator to 2024-07-01 00:00:00+00:00, run_after=2024-07-02 00:00:00+00:00
[2024-07-02T19:25:06.563+0000] {logging_mixin.py:188} INFO - [2024-07-02T19:25:06.563+0000] {dag.py:3954} INFO - Setting next_dagrun for example_branch_datetime_operator_2 to 2024-07-01 00:00:00+00:00, run_after=2024-07-02 00:00:00+00:00
[2024-07-02T19:25:06.565+0000] {logging_mixin.py:188} INFO - [2024-07-02T19:25:06.565+0000] {dag.py:3954} INFO - Setting next_dagrun for example_branch_datetime_operator_3 to 2024-07-01 00:00:00+00:00, run_after=2024-07-02 00:00:00+00:00
[2024-07-02T19:25:06.604+0000] {processor.py:183} INFO - Processing /usr/local/python/3.10.13/lib/python3.10/site-packages/airflow/example_dags/example_branch_datetime_operator.py took 0.090 seconds
[2024-07-02T19:26:10.185+0000] {processor.py:161} INFO - Started process (PID=12777) to work on /usr/local/python/3.10.13/lib/python3.10/site-packages/airflow/example_dags/example_branch_datetime_operator.py
[2024-07-02T19:26:10.185+0000] {processor.py:830} INFO - Processing file /usr/local/python/3.10.13/lib/python3.10/site-packages/airflow/example_dags/example_branch_datetime_operator.py for tasks to queue
[2024-07-02T19:26:10.186+0000] {logging_mixin.py:188} INFO - [2024-07-02T19:26:10.186+0000] {dagbag.py:545} INFO - Filling up the DagBag from /usr/local/python/3.10.13/lib/python3.10/site-packages/airflow/example_dags/example_branch_datetime_operator.py
[2024-07-02T19:26:10.194+0000] {processor.py:840} INFO - DAG(s) 'example_branch_datetime_operator', 'example_branch_datetime_operator_2', 'example_branch_datetime_operator_3' retrieved from /usr/local/python/3.10.13/lib/python3.10/site-packages/airflow/example_dags/example_branch_datetime_operator.py
[2024-07-02T19:26:10.210+0000] {logging_mixin.py:188} INFO - [2024-07-02T19:26:10.210+0000] {dag.py:3096} INFO - Sync 3 DAGs
[2024-07-02T19:26:10.226+0000] {logging_mixin.py:188} INFO - [2024-07-02T19:26:10.226+0000] {dag.py:3954} INFO - Setting next_dagrun for example_branch_datetime_operator to 2024-07-01 00:00:00+00:00, run_after=2024-07-02 00:00:00+00:00
[2024-07-02T19:26:10.230+0000] {logging_mixin.py:188} INFO - [2024-07-02T19:26:10.230+0000] {dag.py:3954} INFO - Setting next_dagrun for example_branch_datetime_operator_2 to 2024-07-01 00:00:00+00:00, run_after=2024-07-02 00:00:00+00:00
[2024-07-02T19:26:10.232+0000] {logging_mixin.py:188} INFO - [2024-07-02T19:26:10.232+0000] {dag.py:3954} INFO - Setting next_dagrun for example_branch_datetime_operator_3 to 2024-07-01 00:00:00+00:00, run_after=2024-07-02 00:00:00+00:00
[2024-07-02T19:26:10.269+0000] {processor.py:183} INFO - Processing /usr/local/python/3.10.13/lib/python3.10/site-packages/airflow/example_dags/example_branch_datetime_operator.py took 0.089 seconds
[2024-07-02T19:27:16.231+0000] {processor.py:161} INFO - Started process (PID=13263) to work on /usr/local/python/3.10.13/lib/python3.10/site-packages/airflow/example_dags/example_branch_datetime_operator.py
[2024-07-02T19:27:16.232+0000] {processor.py:830} INFO - Processing file /usr/local/python/3.10.13/lib/python3.10/site-packages/airflow/example_dags/example_branch_datetime_operator.py for tasks to queue
[2024-07-02T19:27:16.233+0000] {logging_mixin.py:188} INFO - [2024-07-02T19:27:16.233+0000] {dagbag.py:545} INFO - Filling up the DagBag from /usr/local/python/3.10.13/lib/python3.10/site-packages/airflow/example_dags/example_branch_datetime_operator.py
[2024-07-02T19:27:16.248+0000] {processor.py:840} INFO - DAG(s) 'example_branch_datetime_operator', 'example_branch_datetime_operator_2', 'example_branch_datetime_operator_3' retrieved from /usr/local/python/3.10.13/lib/python3.10/site-packages/airflow/example_dags/example_branch_datetime_operator.py
[2024-07-02T19:27:16.269+0000] {logging_mixin.py:188} INFO - [2024-07-02T19:27:16.269+0000] {dag.py:3096} INFO - Sync 3 DAGs
[2024-07-02T19:27:16.285+0000] {logging_mixin.py:188} INFO - [2024-07-02T19:27:16.285+0000] {dag.py:3954} INFO - Setting next_dagrun for example_branch_datetime_operator to 2024-07-01 00:00:00+00:00, run_after=2024-07-02 00:00:00+00:00
[2024-07-02T19:27:16.289+0000] {logging_mixin.py:188} INFO - [2024-07-02T19:27:16.289+0000] {dag.py:3954} INFO - Setting next_dagrun for example_branch_datetime_operator_2 to 2024-07-01 00:00:00+00:00, run_after=2024-07-02 00:00:00+00:00
[2024-07-02T19:27:16.291+0000] {logging_mixin.py:188} INFO - [2024-07-02T19:27:16.291+0000] {dag.py:3954} INFO - Setting next_dagrun for example_branch_datetime_operator_3 to 2024-07-01 00:00:00+00:00, run_after=2024-07-02 00:00:00+00:00
[2024-07-02T19:27:16.330+0000] {processor.py:183} INFO - Processing /usr/local/python/3.10.13/lib/python3.10/site-packages/airflow/example_dags/example_branch_datetime_operator.py took 0.106 seconds
[2024-07-02T19:28:18.455+0000] {processor.py:161} INFO - Started process (PID=13858) to work on /usr/local/python/3.10.13/lib/python3.10/site-packages/airflow/example_dags/example_branch_datetime_operator.py
[2024-07-02T19:28:18.456+0000] {processor.py:830} INFO - Processing file /usr/local/python/3.10.13/lib/python3.10/site-packages/airflow/example_dags/example_branch_datetime_operator.py for tasks to queue
[2024-07-02T19:28:18.456+0000] {logging_mixin.py:188} INFO - [2024-07-02T19:28:18.456+0000] {dagbag.py:545} INFO - Filling up the DagBag from /usr/local/python/3.10.13/lib/python3.10/site-packages/airflow/example_dags/example_branch_datetime_operator.py
[2024-07-02T19:28:18.465+0000] {processor.py:840} INFO - DAG(s) 'example_branch_datetime_operator_3', 'example_branch_datetime_operator_2', 'example_branch_datetime_operator' retrieved from /usr/local/python/3.10.13/lib/python3.10/site-packages/airflow/example_dags/example_branch_datetime_operator.py
[2024-07-02T19:28:18.481+0000] {logging_mixin.py:188} INFO - [2024-07-02T19:28:18.481+0000] {dag.py:3096} INFO - Sync 3 DAGs
[2024-07-02T19:28:18.496+0000] {logging_mixin.py:188} INFO - [2024-07-02T19:28:18.496+0000] {dag.py:3954} INFO - Setting next_dagrun for example_branch_datetime_operator to 2024-07-01 00:00:00+00:00, run_after=2024-07-02 00:00:00+00:00
[2024-07-02T19:28:18.500+0000] {logging_mixin.py:188} INFO - [2024-07-02T19:28:18.500+0000] {dag.py:3954} INFO - Setting next_dagrun for example_branch_datetime_operator_2 to 2024-07-01 00:00:00+00:00, run_after=2024-07-02 00:00:00+00:00
[2024-07-02T19:28:18.502+0000] {logging_mixin.py:188} INFO - [2024-07-02T19:28:18.502+0000] {dag.py:3954} INFO - Setting next_dagrun for example_branch_datetime_operator_3 to 2024-07-01 00:00:00+00:00, run_after=2024-07-02 00:00:00+00:00
[2024-07-02T19:28:18.541+0000] {processor.py:183} INFO - Processing /usr/local/python/3.10.13/lib/python3.10/site-packages/airflow/example_dags/example_branch_datetime_operator.py took 0.091 seconds
[2024-07-02T19:29:27.116+0000] {processor.py:161} INFO - Started process (PID=14442) to work on /usr/local/python/3.10.13/lib/python3.10/site-packages/airflow/example_dags/example_branch_datetime_operator.py
[2024-07-02T19:29:27.116+0000] {processor.py:830} INFO - Processing file /usr/local/python/3.10.13/lib/python3.10/site-packages/airflow/example_dags/example_branch_datetime_operator.py for tasks to queue
[2024-07-02T19:29:27.117+0000] {logging_mixin.py:188} INFO - [2024-07-02T19:29:27.117+0000] {dagbag.py:545} INFO - Filling up the DagBag from /usr/local/python/3.10.13/lib/python3.10/site-packages/airflow/example_dags/example_branch_datetime_operator.py
[2024-07-02T19:29:27.125+0000] {processor.py:840} INFO - DAG(s) 'example_branch_datetime_operator_3', 'example_branch_datetime_operator', 'example_branch_datetime_operator_2' retrieved from /usr/local/python/3.10.13/lib/python3.10/site-packages/airflow/example_dags/example_branch_datetime_operator.py
[2024-07-02T19:29:27.141+0000] {logging_mixin.py:188} INFO - [2024-07-02T19:29:27.141+0000] {dag.py:3096} INFO - Sync 3 DAGs
[2024-07-02T19:29:27.157+0000] {logging_mixin.py:188} INFO - [2024-07-02T19:29:27.157+0000] {dag.py:3954} INFO - Setting next_dagrun for example_branch_datetime_operator to 2024-07-01 00:00:00+00:00, run_after=2024-07-02 00:00:00+00:00
[2024-07-02T19:29:27.161+0000] {logging_mixin.py:188} INFO - [2024-07-02T19:29:27.160+0000] {dag.py:3954} INFO - Setting next_dagrun for example_branch_datetime_operator_2 to 2024-07-01 00:00:00+00:00, run_after=2024-07-02 00:00:00+00:00
[2024-07-02T19:29:27.162+0000] {logging_mixin.py:188} INFO - [2024-07-02T19:29:27.162+0000] {dag.py:3954} INFO - Setting next_dagrun for example_branch_datetime_operator_3 to 2024-07-01 00:00:00+00:00, run_after=2024-07-02 00:00:00+00:00
[2024-07-02T19:29:27.199+0000] {processor.py:183} INFO - Processing /usr/local/python/3.10.13/lib/python3.10/site-packages/airflow/example_dags/example_branch_datetime_operator.py took 0.088 seconds
[2024-07-02T19:30:37.828+0000] {processor.py:161} INFO - Started process (PID=15022) to work on /usr/local/python/3.10.13/lib/python3.10/site-packages/airflow/example_dags/example_branch_datetime_operator.py
[2024-07-02T19:30:37.829+0000] {processor.py:830} INFO - Processing file /usr/local/python/3.10.13/lib/python3.10/site-packages/airflow/example_dags/example_branch_datetime_operator.py for tasks to queue
[2024-07-02T19:30:37.830+0000] {logging_mixin.py:188} INFO - [2024-07-02T19:30:37.829+0000] {dagbag.py:545} INFO - Filling up the DagBag from /usr/local/python/3.10.13/lib/python3.10/site-packages/airflow/example_dags/example_branch_datetime_operator.py
[2024-07-02T19:30:37.842+0000] {processor.py:840} INFO - DAG(s) 'example_branch_datetime_operator', 'example_branch_datetime_operator_3', 'example_branch_datetime_operator_2' retrieved from /usr/local/python/3.10.13/lib/python3.10/site-packages/airflow/example_dags/example_branch_datetime_operator.py
[2024-07-02T19:30:37.858+0000] {logging_mixin.py:188} INFO - [2024-07-02T19:30:37.858+0000] {dag.py:3096} INFO - Sync 3 DAGs
[2024-07-02T19:30:37.874+0000] {logging_mixin.py:188} INFO - [2024-07-02T19:30:37.874+0000] {dag.py:3954} INFO - Setting next_dagrun for example_branch_datetime_operator to 2024-07-01 00:00:00+00:00, run_after=2024-07-02 00:00:00+00:00
[2024-07-02T19:30:37.877+0000] {logging_mixin.py:188} INFO - [2024-07-02T19:30:37.877+0000] {dag.py:3954} INFO - Setting next_dagrun for example_branch_datetime_operator_2 to 2024-07-01 00:00:00+00:00, run_after=2024-07-02 00:00:00+00:00
[2024-07-02T19:30:37.879+0000] {logging_mixin.py:188} INFO - [2024-07-02T19:30:37.879+0000] {dag.py:3954} INFO - Setting next_dagrun for example_branch_datetime_operator_3 to 2024-07-01 00:00:00+00:00, run_after=2024-07-02 00:00:00+00:00
[2024-07-02T19:30:37.917+0000] {processor.py:183} INFO - Processing /usr/local/python/3.10.13/lib/python3.10/site-packages/airflow/example_dags/example_branch_datetime_operator.py took 0.096 seconds
[2024-07-02T19:31:49.627+0000] {processor.py:161} INFO - Started process (PID=15560) to work on /usr/local/python/3.10.13/lib/python3.10/site-packages/airflow/example_dags/example_branch_datetime_operator.py
[2024-07-02T19:31:49.627+0000] {processor.py:830} INFO - Processing file /usr/local/python/3.10.13/lib/python3.10/site-packages/airflow/example_dags/example_branch_datetime_operator.py for tasks to queue
[2024-07-02T19:31:49.628+0000] {logging_mixin.py:188} INFO - [2024-07-02T19:31:49.628+0000] {dagbag.py:545} INFO - Filling up the DagBag from /usr/local/python/3.10.13/lib/python3.10/site-packages/airflow/example_dags/example_branch_datetime_operator.py
[2024-07-02T19:31:49.636+0000] {processor.py:840} INFO - DAG(s) 'example_branch_datetime_operator_3', 'example_branch_datetime_operator', 'example_branch_datetime_operator_2' retrieved from /usr/local/python/3.10.13/lib/python3.10/site-packages/airflow/example_dags/example_branch_datetime_operator.py
[2024-07-02T19:31:49.652+0000] {logging_mixin.py:188} INFO - [2024-07-02T19:31:49.652+0000] {dag.py:3096} INFO - Sync 3 DAGs
[2024-07-02T19:31:49.669+0000] {logging_mixin.py:188} INFO - [2024-07-02T19:31:49.668+0000] {dag.py:3954} INFO - Setting next_dagrun for example_branch_datetime_operator to 2024-07-01 00:00:00+00:00, run_after=2024-07-02 00:00:00+00:00
[2024-07-02T19:31:49.672+0000] {logging_mixin.py:188} INFO - [2024-07-02T19:31:49.672+0000] {dag.py:3954} INFO - Setting next_dagrun for example_branch_datetime_operator_2 to 2024-07-01 00:00:00+00:00, run_after=2024-07-02 00:00:00+00:00
[2024-07-02T19:31:49.674+0000] {logging_mixin.py:188} INFO - [2024-07-02T19:31:49.674+0000] {dag.py:3954} INFO - Setting next_dagrun for example_branch_datetime_operator_3 to 2024-07-01 00:00:00+00:00, run_after=2024-07-02 00:00:00+00:00
[2024-07-02T19:31:49.721+0000] {processor.py:183} INFO - Processing /usr/local/python/3.10.13/lib/python3.10/site-packages/airflow/example_dags/example_branch_datetime_operator.py took 0.099 seconds
[2024-07-02T19:32:54.058+0000] {processor.py:161} INFO - Started process (PID=16063) to work on /usr/local/python/3.10.13/lib/python3.10/site-packages/airflow/example_dags/example_branch_datetime_operator.py
[2024-07-02T19:32:54.058+0000] {processor.py:830} INFO - Processing file /usr/local/python/3.10.13/lib/python3.10/site-packages/airflow/example_dags/example_branch_datetime_operator.py for tasks to queue
[2024-07-02T19:32:54.059+0000] {logging_mixin.py:188} INFO - [2024-07-02T19:32:54.059+0000] {dagbag.py:545} INFO - Filling up the DagBag from /usr/local/python/3.10.13/lib/python3.10/site-packages/airflow/example_dags/example_branch_datetime_operator.py
[2024-07-02T19:32:54.067+0000] {processor.py:840} INFO - DAG(s) 'example_branch_datetime_operator_2', 'example_branch_datetime_operator_3', 'example_branch_datetime_operator' retrieved from /usr/local/python/3.10.13/lib/python3.10/site-packages/airflow/example_dags/example_branch_datetime_operator.py
[2024-07-02T19:32:54.084+0000] {logging_mixin.py:188} INFO - [2024-07-02T19:32:54.084+0000] {dag.py:3096} INFO - Sync 3 DAGs
[2024-07-02T19:32:54.100+0000] {logging_mixin.py:188} INFO - [2024-07-02T19:32:54.100+0000] {dag.py:3954} INFO - Setting next_dagrun for example_branch_datetime_operator to 2024-07-01 00:00:00+00:00, run_after=2024-07-02 00:00:00+00:00
[2024-07-02T19:32:54.103+0000] {logging_mixin.py:188} INFO - [2024-07-02T19:32:54.103+0000] {dag.py:3954} INFO - Setting next_dagrun for example_branch_datetime_operator_2 to 2024-07-01 00:00:00+00:00, run_after=2024-07-02 00:00:00+00:00
[2024-07-02T19:32:54.105+0000] {logging_mixin.py:188} INFO - [2024-07-02T19:32:54.105+0000] {dag.py:3954} INFO - Setting next_dagrun for example_branch_datetime_operator_3 to 2024-07-01 00:00:00+00:00, run_after=2024-07-02 00:00:00+00:00
[2024-07-02T19:32:54.142+0000] {processor.py:183} INFO - Processing /usr/local/python/3.10.13/lib/python3.10/site-packages/airflow/example_dags/example_branch_datetime_operator.py took 0.089 seconds
[2024-07-02T19:34:01.078+0000] {processor.py:161} INFO - Started process (PID=16629) to work on /usr/local/python/3.10.13/lib/python3.10/site-packages/airflow/example_dags/example_branch_datetime_operator.py
[2024-07-02T19:34:01.078+0000] {processor.py:830} INFO - Processing file /usr/local/python/3.10.13/lib/python3.10/site-packages/airflow/example_dags/example_branch_datetime_operator.py for tasks to queue
[2024-07-02T19:34:01.079+0000] {logging_mixin.py:188} INFO - [2024-07-02T19:34:01.079+0000] {dagbag.py:545} INFO - Filling up the DagBag from /usr/local/python/3.10.13/lib/python3.10/site-packages/airflow/example_dags/example_branch_datetime_operator.py
[2024-07-02T19:34:01.088+0000] {processor.py:840} INFO - DAG(s) 'example_branch_datetime_operator', 'example_branch_datetime_operator_2', 'example_branch_datetime_operator_3' retrieved from /usr/local/python/3.10.13/lib/python3.10/site-packages/airflow/example_dags/example_branch_datetime_operator.py
[2024-07-02T19:34:01.104+0000] {logging_mixin.py:188} INFO - [2024-07-02T19:34:01.104+0000] {dag.py:3096} INFO - Sync 3 DAGs
[2024-07-02T19:34:01.120+0000] {logging_mixin.py:188} INFO - [2024-07-02T19:34:01.120+0000] {dag.py:3954} INFO - Setting next_dagrun for example_branch_datetime_operator to 2024-07-01 00:00:00+00:00, run_after=2024-07-02 00:00:00+00:00
[2024-07-02T19:34:01.123+0000] {logging_mixin.py:188} INFO - [2024-07-02T19:34:01.123+0000] {dag.py:3954} INFO - Setting next_dagrun for example_branch_datetime_operator_2 to 2024-07-01 00:00:00+00:00, run_after=2024-07-02 00:00:00+00:00
[2024-07-02T19:34:01.125+0000] {logging_mixin.py:188} INFO - [2024-07-02T19:34:01.125+0000] {dag.py:3954} INFO - Setting next_dagrun for example_branch_datetime_operator_3 to 2024-07-01 00:00:00+00:00, run_after=2024-07-02 00:00:00+00:00
[2024-07-02T19:34:01.163+0000] {processor.py:183} INFO - Processing /usr/local/python/3.10.13/lib/python3.10/site-packages/airflow/example_dags/example_branch_datetime_operator.py took 0.089 seconds
[2024-07-02T19:35:10.342+0000] {processor.py:161} INFO - Started process (PID=17193) to work on /usr/local/python/3.10.13/lib/python3.10/site-packages/airflow/example_dags/example_branch_datetime_operator.py
[2024-07-02T19:35:10.343+0000] {processor.py:830} INFO - Processing file /usr/local/python/3.10.13/lib/python3.10/site-packages/airflow/example_dags/example_branch_datetime_operator.py for tasks to queue
[2024-07-02T19:35:10.343+0000] {logging_mixin.py:188} INFO - [2024-07-02T19:35:10.343+0000] {dagbag.py:545} INFO - Filling up the DagBag from /usr/local/python/3.10.13/lib/python3.10/site-packages/airflow/example_dags/example_branch_datetime_operator.py
[2024-07-02T19:35:10.352+0000] {processor.py:840} INFO - DAG(s) 'example_branch_datetime_operator', 'example_branch_datetime_operator_2', 'example_branch_datetime_operator_3' retrieved from /usr/local/python/3.10.13/lib/python3.10/site-packages/airflow/example_dags/example_branch_datetime_operator.py
[2024-07-02T19:35:10.368+0000] {logging_mixin.py:188} INFO - [2024-07-02T19:35:10.367+0000] {dag.py:3096} INFO - Sync 3 DAGs
[2024-07-02T19:35:10.383+0000] {logging_mixin.py:188} INFO - [2024-07-02T19:35:10.383+0000] {dag.py:3954} INFO - Setting next_dagrun for example_branch_datetime_operator to 2024-07-01 00:00:00+00:00, run_after=2024-07-02 00:00:00+00:00
[2024-07-02T19:35:10.387+0000] {logging_mixin.py:188} INFO - [2024-07-02T19:35:10.387+0000] {dag.py:3954} INFO - Setting next_dagrun for example_branch_datetime_operator_2 to 2024-07-01 00:00:00+00:00, run_after=2024-07-02 00:00:00+00:00
[2024-07-02T19:35:10.389+0000] {logging_mixin.py:188} INFO - [2024-07-02T19:35:10.389+0000] {dag.py:3954} INFO - Setting next_dagrun for example_branch_datetime_operator_3 to 2024-07-01 00:00:00+00:00, run_after=2024-07-02 00:00:00+00:00
[2024-07-02T19:35:10.427+0000] {processor.py:183} INFO - Processing /usr/local/python/3.10.13/lib/python3.10/site-packages/airflow/example_dags/example_branch_datetime_operator.py took 0.090 seconds
[2024-07-02T19:36:27.153+0000] {processor.py:161} INFO - Started process (PID=17882) to work on /usr/local/python/3.10.13/lib/python3.10/site-packages/airflow/example_dags/example_branch_datetime_operator.py
[2024-07-02T19:36:27.154+0000] {processor.py:830} INFO - Processing file /usr/local/python/3.10.13/lib/python3.10/site-packages/airflow/example_dags/example_branch_datetime_operator.py for tasks to queue
[2024-07-02T19:36:27.155+0000] {logging_mixin.py:188} INFO - [2024-07-02T19:36:27.154+0000] {dagbag.py:545} INFO - Filling up the DagBag from /usr/local/python/3.10.13/lib/python3.10/site-packages/airflow/example_dags/example_branch_datetime_operator.py
[2024-07-02T19:36:27.164+0000] {processor.py:840} INFO - DAG(s) 'example_branch_datetime_operator_3', 'example_branch_datetime_operator_2', 'example_branch_datetime_operator' retrieved from /usr/local/python/3.10.13/lib/python3.10/site-packages/airflow/example_dags/example_branch_datetime_operator.py
[2024-07-02T19:36:27.180+0000] {logging_mixin.py:188} INFO - [2024-07-02T19:36:27.180+0000] {dag.py:3096} INFO - Sync 3 DAGs
[2024-07-02T19:36:27.196+0000] {logging_mixin.py:188} INFO - [2024-07-02T19:36:27.195+0000] {dag.py:3954} INFO - Setting next_dagrun for example_branch_datetime_operator to 2024-07-01 00:00:00+00:00, run_after=2024-07-02 00:00:00+00:00
[2024-07-02T19:36:27.199+0000] {logging_mixin.py:188} INFO - [2024-07-02T19:36:27.199+0000] {dag.py:3954} INFO - Setting next_dagrun for example_branch_datetime_operator_2 to 2024-07-01 00:00:00+00:00, run_after=2024-07-02 00:00:00+00:00
[2024-07-02T19:36:27.201+0000] {logging_mixin.py:188} INFO - [2024-07-02T19:36:27.201+0000] {dag.py:3954} INFO - Setting next_dagrun for example_branch_datetime_operator_3 to 2024-07-01 00:00:00+00:00, run_after=2024-07-02 00:00:00+00:00
[2024-07-02T19:36:27.240+0000] {processor.py:183} INFO - Processing /usr/local/python/3.10.13/lib/python3.10/site-packages/airflow/example_dags/example_branch_datetime_operator.py took 0.092 seconds
[2024-07-02T19:37:18.965+0000] {processor.py:161} INFO - Started process (PID=18247) to work on /usr/local/python/3.10.13/lib/python3.10/site-packages/airflow/example_dags/example_branch_datetime_operator.py
[2024-07-02T19:37:18.966+0000] {processor.py:830} INFO - Processing file /usr/local/python/3.10.13/lib/python3.10/site-packages/airflow/example_dags/example_branch_datetime_operator.py for tasks to queue
[2024-07-02T19:37:18.966+0000] {logging_mixin.py:188} INFO - [2024-07-02T19:37:18.966+0000] {dagbag.py:545} INFO - Filling up the DagBag from /usr/local/python/3.10.13/lib/python3.10/site-packages/airflow/example_dags/example_branch_datetime_operator.py
[2024-07-02T19:37:18.975+0000] {processor.py:840} INFO - DAG(s) 'example_branch_datetime_operator_2', 'example_branch_datetime_operator', 'example_branch_datetime_operator_3' retrieved from /usr/local/python/3.10.13/lib/python3.10/site-packages/airflow/example_dags/example_branch_datetime_operator.py
[2024-07-02T19:37:18.991+0000] {logging_mixin.py:188} INFO - [2024-07-02T19:37:18.991+0000] {dag.py:3096} INFO - Sync 3 DAGs
[2024-07-02T19:37:19.007+0000] {logging_mixin.py:188} INFO - [2024-07-02T19:37:19.007+0000] {dag.py:3954} INFO - Setting next_dagrun for example_branch_datetime_operator to 2024-07-01 00:00:00+00:00, run_after=2024-07-02 00:00:00+00:00
[2024-07-02T19:37:19.011+0000] {logging_mixin.py:188} INFO - [2024-07-02T19:37:19.011+0000] {dag.py:3954} INFO - Setting next_dagrun for example_branch_datetime_operator_2 to 2024-07-01 00:00:00+00:00, run_after=2024-07-02 00:00:00+00:00
[2024-07-02T19:37:19.013+0000] {logging_mixin.py:188} INFO - [2024-07-02T19:37:19.013+0000] {dag.py:3954} INFO - Setting next_dagrun for example_branch_datetime_operator_3 to 2024-07-01 00:00:00+00:00, run_after=2024-07-02 00:00:00+00:00
[2024-07-02T19:37:19.054+0000] {processor.py:183} INFO - Processing /usr/local/python/3.10.13/lib/python3.10/site-packages/airflow/example_dags/example_branch_datetime_operator.py took 0.094 seconds
[2024-07-02T19:38:24.421+0000] {processor.py:161} INFO - Started process (PID=18712) to work on /usr/local/python/3.10.13/lib/python3.10/site-packages/airflow/example_dags/example_branch_datetime_operator.py
[2024-07-02T19:38:24.422+0000] {processor.py:830} INFO - Processing file /usr/local/python/3.10.13/lib/python3.10/site-packages/airflow/example_dags/example_branch_datetime_operator.py for tasks to queue
[2024-07-02T19:38:24.422+0000] {logging_mixin.py:188} INFO - [2024-07-02T19:38:24.422+0000] {dagbag.py:545} INFO - Filling up the DagBag from /usr/local/python/3.10.13/lib/python3.10/site-packages/airflow/example_dags/example_branch_datetime_operator.py
[2024-07-02T19:38:24.431+0000] {processor.py:840} INFO - DAG(s) 'example_branch_datetime_operator_3', 'example_branch_datetime_operator', 'example_branch_datetime_operator_2' retrieved from /usr/local/python/3.10.13/lib/python3.10/site-packages/airflow/example_dags/example_branch_datetime_operator.py
[2024-07-02T19:38:24.447+0000] {logging_mixin.py:188} INFO - [2024-07-02T19:38:24.447+0000] {dag.py:3096} INFO - Sync 3 DAGs
[2024-07-02T19:38:24.462+0000] {logging_mixin.py:188} INFO - [2024-07-02T19:38:24.462+0000] {dag.py:3954} INFO - Setting next_dagrun for example_branch_datetime_operator to 2024-07-01 00:00:00+00:00, run_after=2024-07-02 00:00:00+00:00
[2024-07-02T19:38:24.466+0000] {logging_mixin.py:188} INFO - [2024-07-02T19:38:24.466+0000] {dag.py:3954} INFO - Setting next_dagrun for example_branch_datetime_operator_2 to 2024-07-01 00:00:00+00:00, run_after=2024-07-02 00:00:00+00:00
[2024-07-02T19:38:24.468+0000] {logging_mixin.py:188} INFO - [2024-07-02T19:38:24.468+0000] {dag.py:3954} INFO - Setting next_dagrun for example_branch_datetime_operator_3 to 2024-07-01 00:00:00+00:00, run_after=2024-07-02 00:00:00+00:00
[2024-07-02T19:38:24.506+0000] {processor.py:183} INFO - Processing /usr/local/python/3.10.13/lib/python3.10/site-packages/airflow/example_dags/example_branch_datetime_operator.py took 0.089 seconds
[2024-07-02T19:39:29.499+0000] {processor.py:161} INFO - Started process (PID=19179) to work on /usr/local/python/3.10.13/lib/python3.10/site-packages/airflow/example_dags/example_branch_datetime_operator.py
[2024-07-02T19:39:29.500+0000] {processor.py:830} INFO - Processing file /usr/local/python/3.10.13/lib/python3.10/site-packages/airflow/example_dags/example_branch_datetime_operator.py for tasks to queue
[2024-07-02T19:39:29.501+0000] {logging_mixin.py:188} INFO - [2024-07-02T19:39:29.500+0000] {dagbag.py:545} INFO - Filling up the DagBag from /usr/local/python/3.10.13/lib/python3.10/site-packages/airflow/example_dags/example_branch_datetime_operator.py
[2024-07-02T19:39:29.509+0000] {processor.py:840} INFO - DAG(s) 'example_branch_datetime_operator', 'example_branch_datetime_operator_2', 'example_branch_datetime_operator_3' retrieved from /usr/local/python/3.10.13/lib/python3.10/site-packages/airflow/example_dags/example_branch_datetime_operator.py
[2024-07-02T19:39:29.525+0000] {logging_mixin.py:188} INFO - [2024-07-02T19:39:29.525+0000] {dag.py:3096} INFO - Sync 3 DAGs
[2024-07-02T19:39:29.541+0000] {logging_mixin.py:188} INFO - [2024-07-02T19:39:29.541+0000] {dag.py:3954} INFO - Setting next_dagrun for example_branch_datetime_operator to 2024-07-01 00:00:00+00:00, run_after=2024-07-02 00:00:00+00:00
[2024-07-02T19:39:29.545+0000] {logging_mixin.py:188} INFO - [2024-07-02T19:39:29.545+0000] {dag.py:3954} INFO - Setting next_dagrun for example_branch_datetime_operator_2 to 2024-07-01 00:00:00+00:00, run_after=2024-07-02 00:00:00+00:00
[2024-07-02T19:39:29.547+0000] {logging_mixin.py:188} INFO - [2024-07-02T19:39:29.547+0000] {dag.py:3954} INFO - Setting next_dagrun for example_branch_datetime_operator_3 to 2024-07-01 00:00:00+00:00, run_after=2024-07-02 00:00:00+00:00
[2024-07-02T19:39:29.587+0000] {processor.py:183} INFO - Processing /usr/local/python/3.10.13/lib/python3.10/site-packages/airflow/example_dags/example_branch_datetime_operator.py took 0.092 seconds
[2024-07-02T19:40:27.159+0000] {processor.py:161} INFO - Started process (PID=19621) to work on /usr/local/python/3.10.13/lib/python3.10/site-packages/airflow/example_dags/example_branch_datetime_operator.py
[2024-07-02T19:40:27.160+0000] {processor.py:830} INFO - Processing file /usr/local/python/3.10.13/lib/python3.10/site-packages/airflow/example_dags/example_branch_datetime_operator.py for tasks to queue
[2024-07-02T19:40:27.161+0000] {logging_mixin.py:188} INFO - [2024-07-02T19:40:27.160+0000] {dagbag.py:545} INFO - Filling up the DagBag from /usr/local/python/3.10.13/lib/python3.10/site-packages/airflow/example_dags/example_branch_datetime_operator.py
[2024-07-02T19:40:27.169+0000] {processor.py:840} INFO - DAG(s) 'example_branch_datetime_operator_3', 'example_branch_datetime_operator', 'example_branch_datetime_operator_2' retrieved from /usr/local/python/3.10.13/lib/python3.10/site-packages/airflow/example_dags/example_branch_datetime_operator.py
[2024-07-02T19:40:27.185+0000] {logging_mixin.py:188} INFO - [2024-07-02T19:40:27.185+0000] {dag.py:3096} INFO - Sync 3 DAGs
[2024-07-02T19:40:27.201+0000] {logging_mixin.py:188} INFO - [2024-07-02T19:40:27.201+0000] {dag.py:3954} INFO - Setting next_dagrun for example_branch_datetime_operator to 2024-07-01 00:00:00+00:00, run_after=2024-07-02 00:00:00+00:00
[2024-07-02T19:40:27.205+0000] {logging_mixin.py:188} INFO - [2024-07-02T19:40:27.205+0000] {dag.py:3954} INFO - Setting next_dagrun for example_branch_datetime_operator_2 to 2024-07-01 00:00:00+00:00, run_after=2024-07-02 00:00:00+00:00
[2024-07-02T19:40:27.207+0000] {logging_mixin.py:188} INFO - [2024-07-02T19:40:27.206+0000] {dag.py:3954} INFO - Setting next_dagrun for example_branch_datetime_operator_3 to 2024-07-01 00:00:00+00:00, run_after=2024-07-02 00:00:00+00:00
[2024-07-02T19:40:27.246+0000] {processor.py:183} INFO - Processing /usr/local/python/3.10.13/lib/python3.10/site-packages/airflow/example_dags/example_branch_datetime_operator.py took 0.092 seconds
[2024-07-02T19:41:33.604+0000] {processor.py:161} INFO - Started process (PID=20142) to work on /usr/local/python/3.10.13/lib/python3.10/site-packages/airflow/example_dags/example_branch_datetime_operator.py
[2024-07-02T19:41:33.605+0000] {processor.py:830} INFO - Processing file /usr/local/python/3.10.13/lib/python3.10/site-packages/airflow/example_dags/example_branch_datetime_operator.py for tasks to queue
[2024-07-02T19:41:33.606+0000] {logging_mixin.py:188} INFO - [2024-07-02T19:41:33.605+0000] {dagbag.py:545} INFO - Filling up the DagBag from /usr/local/python/3.10.13/lib/python3.10/site-packages/airflow/example_dags/example_branch_datetime_operator.py
[2024-07-02T19:41:33.616+0000] {processor.py:840} INFO - DAG(s) 'example_branch_datetime_operator_3', 'example_branch_datetime_operator', 'example_branch_datetime_operator_2' retrieved from /usr/local/python/3.10.13/lib/python3.10/site-packages/airflow/example_dags/example_branch_datetime_operator.py
[2024-07-02T19:41:33.633+0000] {logging_mixin.py:188} INFO - [2024-07-02T19:41:33.633+0000] {dag.py:3096} INFO - Sync 3 DAGs
[2024-07-02T19:41:33.653+0000] {logging_mixin.py:188} INFO - [2024-07-02T19:41:33.653+0000] {dag.py:3954} INFO - Setting next_dagrun for example_branch_datetime_operator to 2024-07-01 00:00:00+00:00, run_after=2024-07-02 00:00:00+00:00
[2024-07-02T19:41:33.657+0000] {logging_mixin.py:188} INFO - [2024-07-02T19:41:33.656+0000] {dag.py:3954} INFO - Setting next_dagrun for example_branch_datetime_operator_2 to 2024-07-01 00:00:00+00:00, run_after=2024-07-02 00:00:00+00:00
[2024-07-02T19:41:33.658+0000] {logging_mixin.py:188} INFO - [2024-07-02T19:41:33.658+0000] {dag.py:3954} INFO - Setting next_dagrun for example_branch_datetime_operator_3 to 2024-07-01 00:00:00+00:00, run_after=2024-07-02 00:00:00+00:00
[2024-07-02T19:41:33.698+0000] {processor.py:183} INFO - Processing /usr/local/python/3.10.13/lib/python3.10/site-packages/airflow/example_dags/example_branch_datetime_operator.py took 0.098 seconds
[2024-07-02T19:42:34.791+0000] {processor.py:161} INFO - Started process (PID=20615) to work on /usr/local/python/3.10.13/lib/python3.10/site-packages/airflow/example_dags/example_branch_datetime_operator.py
[2024-07-02T19:42:34.792+0000] {processor.py:830} INFO - Processing file /usr/local/python/3.10.13/lib/python3.10/site-packages/airflow/example_dags/example_branch_datetime_operator.py for tasks to queue
[2024-07-02T19:42:34.793+0000] {logging_mixin.py:188} INFO - [2024-07-02T19:42:34.792+0000] {dagbag.py:545} INFO - Filling up the DagBag from /usr/local/python/3.10.13/lib/python3.10/site-packages/airflow/example_dags/example_branch_datetime_operator.py
[2024-07-02T19:42:34.801+0000] {processor.py:840} INFO - DAG(s) 'example_branch_datetime_operator_2', 'example_branch_datetime_operator_3', 'example_branch_datetime_operator' retrieved from /usr/local/python/3.10.13/lib/python3.10/site-packages/airflow/example_dags/example_branch_datetime_operator.py
[2024-07-02T19:42:34.817+0000] {logging_mixin.py:188} INFO - [2024-07-02T19:42:34.817+0000] {dag.py:3096} INFO - Sync 3 DAGs
[2024-07-02T19:42:34.834+0000] {logging_mixin.py:188} INFO - [2024-07-02T19:42:34.834+0000] {dag.py:3954} INFO - Setting next_dagrun for example_branch_datetime_operator to 2024-07-01 00:00:00+00:00, run_after=2024-07-02 00:00:00+00:00
[2024-07-02T19:42:34.838+0000] {logging_mixin.py:188} INFO - [2024-07-02T19:42:34.837+0000] {dag.py:3954} INFO - Setting next_dagrun for example_branch_datetime_operator_2 to 2024-07-01 00:00:00+00:00, run_after=2024-07-02 00:00:00+00:00
[2024-07-02T19:42:34.839+0000] {logging_mixin.py:188} INFO - [2024-07-02T19:42:34.839+0000] {dag.py:3954} INFO - Setting next_dagrun for example_branch_datetime_operator_3 to 2024-07-01 00:00:00+00:00, run_after=2024-07-02 00:00:00+00:00
[2024-07-02T19:42:34.883+0000] {processor.py:183} INFO - Processing /usr/local/python/3.10.13/lib/python3.10/site-packages/airflow/example_dags/example_branch_datetime_operator.py took 0.096 seconds
[2024-07-02T19:43:54.935+0000] {processor.py:161} INFO - Started process (PID=21270) to work on /usr/local/python/3.10.13/lib/python3.10/site-packages/airflow/example_dags/example_branch_datetime_operator.py
[2024-07-02T19:43:54.936+0000] {processor.py:830} INFO - Processing file /usr/local/python/3.10.13/lib/python3.10/site-packages/airflow/example_dags/example_branch_datetime_operator.py for tasks to queue
[2024-07-02T19:43:54.937+0000] {logging_mixin.py:188} INFO - [2024-07-02T19:43:54.936+0000] {dagbag.py:545} INFO - Filling up the DagBag from /usr/local/python/3.10.13/lib/python3.10/site-packages/airflow/example_dags/example_branch_datetime_operator.py
[2024-07-02T19:43:54.945+0000] {processor.py:840} INFO - DAG(s) 'example_branch_datetime_operator_3', 'example_branch_datetime_operator', 'example_branch_datetime_operator_2' retrieved from /usr/local/python/3.10.13/lib/python3.10/site-packages/airflow/example_dags/example_branch_datetime_operator.py
[2024-07-02T19:43:54.961+0000] {logging_mixin.py:188} INFO - [2024-07-02T19:43:54.961+0000] {dag.py:3096} INFO - Sync 3 DAGs
[2024-07-02T19:43:54.977+0000] {logging_mixin.py:188} INFO - [2024-07-02T19:43:54.977+0000] {dag.py:3954} INFO - Setting next_dagrun for example_branch_datetime_operator to 2024-07-01 00:00:00+00:00, run_after=2024-07-02 00:00:00+00:00
[2024-07-02T19:43:54.981+0000] {logging_mixin.py:188} INFO - [2024-07-02T19:43:54.981+0000] {dag.py:3954} INFO - Setting next_dagrun for example_branch_datetime_operator_2 to 2024-07-01 00:00:00+00:00, run_after=2024-07-02 00:00:00+00:00
[2024-07-02T19:43:54.983+0000] {logging_mixin.py:188} INFO - [2024-07-02T19:43:54.982+0000] {dag.py:3954} INFO - Setting next_dagrun for example_branch_datetime_operator_3 to 2024-07-01 00:00:00+00:00, run_after=2024-07-02 00:00:00+00:00
[2024-07-02T19:43:55.021+0000] {processor.py:183} INFO - Processing /usr/local/python/3.10.13/lib/python3.10/site-packages/airflow/example_dags/example_branch_datetime_operator.py took 0.091 seconds
[2024-07-02T19:44:59.766+0000] {processor.py:161} INFO - Started process (PID=21757) to work on /usr/local/python/3.10.13/lib/python3.10/site-packages/airflow/example_dags/example_branch_datetime_operator.py
[2024-07-02T19:44:59.767+0000] {processor.py:830} INFO - Processing file /usr/local/python/3.10.13/lib/python3.10/site-packages/airflow/example_dags/example_branch_datetime_operator.py for tasks to queue
[2024-07-02T19:44:59.768+0000] {logging_mixin.py:188} INFO - [2024-07-02T19:44:59.767+0000] {dagbag.py:545} INFO - Filling up the DagBag from /usr/local/python/3.10.13/lib/python3.10/site-packages/airflow/example_dags/example_branch_datetime_operator.py
[2024-07-02T19:44:59.776+0000] {processor.py:840} INFO - DAG(s) 'example_branch_datetime_operator_3', 'example_branch_datetime_operator', 'example_branch_datetime_operator_2' retrieved from /usr/local/python/3.10.13/lib/python3.10/site-packages/airflow/example_dags/example_branch_datetime_operator.py
[2024-07-02T19:44:59.792+0000] {logging_mixin.py:188} INFO - [2024-07-02T19:44:59.792+0000] {dag.py:3096} INFO - Sync 3 DAGs
[2024-07-02T19:44:59.808+0000] {logging_mixin.py:188} INFO - [2024-07-02T19:44:59.808+0000] {dag.py:3954} INFO - Setting next_dagrun for example_branch_datetime_operator to 2024-07-01 00:00:00+00:00, run_after=2024-07-02 00:00:00+00:00
[2024-07-02T19:44:59.812+0000] {logging_mixin.py:188} INFO - [2024-07-02T19:44:59.812+0000] {dag.py:3954} INFO - Setting next_dagrun for example_branch_datetime_operator_2 to 2024-07-01 00:00:00+00:00, run_after=2024-07-02 00:00:00+00:00
[2024-07-02T19:44:59.814+0000] {logging_mixin.py:188} INFO - [2024-07-02T19:44:59.814+0000] {dag.py:3954} INFO - Setting next_dagrun for example_branch_datetime_operator_3 to 2024-07-01 00:00:00+00:00, run_after=2024-07-02 00:00:00+00:00
[2024-07-02T19:44:59.852+0000] {processor.py:183} INFO - Processing /usr/local/python/3.10.13/lib/python3.10/site-packages/airflow/example_dags/example_branch_datetime_operator.py took 0.090 seconds
[2024-07-02T19:46:01.815+0000] {processor.py:161} INFO - Started process (PID=22204) to work on /usr/local/python/3.10.13/lib/python3.10/site-packages/airflow/example_dags/example_branch_datetime_operator.py
[2024-07-02T19:46:01.816+0000] {processor.py:830} INFO - Processing file /usr/local/python/3.10.13/lib/python3.10/site-packages/airflow/example_dags/example_branch_datetime_operator.py for tasks to queue
[2024-07-02T19:46:01.817+0000] {logging_mixin.py:188} INFO - [2024-07-02T19:46:01.816+0000] {dagbag.py:545} INFO - Filling up the DagBag from /usr/local/python/3.10.13/lib/python3.10/site-packages/airflow/example_dags/example_branch_datetime_operator.py
[2024-07-02T19:46:01.830+0000] {processor.py:840} INFO - DAG(s) 'example_branch_datetime_operator_3', 'example_branch_datetime_operator', 'example_branch_datetime_operator_2' retrieved from /usr/local/python/3.10.13/lib/python3.10/site-packages/airflow/example_dags/example_branch_datetime_operator.py
[2024-07-02T19:46:01.855+0000] {logging_mixin.py:188} INFO - [2024-07-02T19:46:01.855+0000] {dag.py:3096} INFO - Sync 3 DAGs
[2024-07-02T19:46:01.880+0000] {logging_mixin.py:188} INFO - [2024-07-02T19:46:01.880+0000] {dag.py:3954} INFO - Setting next_dagrun for example_branch_datetime_operator to 2024-07-01 00:00:00+00:00, run_after=2024-07-02 00:00:00+00:00
[2024-07-02T19:46:01.886+0000] {logging_mixin.py:188} INFO - [2024-07-02T19:46:01.886+0000] {dag.py:3954} INFO - Setting next_dagrun for example_branch_datetime_operator_2 to 2024-07-01 00:00:00+00:00, run_after=2024-07-02 00:00:00+00:00
[2024-07-02T19:46:01.889+0000] {logging_mixin.py:188} INFO - [2024-07-02T19:46:01.889+0000] {dag.py:3954} INFO - Setting next_dagrun for example_branch_datetime_operator_3 to 2024-07-01 00:00:00+00:00, run_after=2024-07-02 00:00:00+00:00
[2024-07-02T19:46:01.930+0000] {processor.py:183} INFO - Processing /usr/local/python/3.10.13/lib/python3.10/site-packages/airflow/example_dags/example_branch_datetime_operator.py took 0.122 seconds
[2024-07-02T19:47:11.573+0000] {processor.py:161} INFO - Started process (PID=22689) to work on /usr/local/python/3.10.13/lib/python3.10/site-packages/airflow/example_dags/example_branch_datetime_operator.py
[2024-07-02T19:47:11.573+0000] {processor.py:830} INFO - Processing file /usr/local/python/3.10.13/lib/python3.10/site-packages/airflow/example_dags/example_branch_datetime_operator.py for tasks to queue
[2024-07-02T19:47:11.574+0000] {logging_mixin.py:188} INFO - [2024-07-02T19:47:11.574+0000] {dagbag.py:545} INFO - Filling up the DagBag from /usr/local/python/3.10.13/lib/python3.10/site-packages/airflow/example_dags/example_branch_datetime_operator.py
[2024-07-02T19:47:11.582+0000] {processor.py:840} INFO - DAG(s) 'example_branch_datetime_operator_3', 'example_branch_datetime_operator', 'example_branch_datetime_operator_2' retrieved from /usr/local/python/3.10.13/lib/python3.10/site-packages/airflow/example_dags/example_branch_datetime_operator.py
[2024-07-02T19:47:11.598+0000] {logging_mixin.py:188} INFO - [2024-07-02T19:47:11.598+0000] {dag.py:3096} INFO - Sync 3 DAGs
[2024-07-02T19:47:11.614+0000] {logging_mixin.py:188} INFO - [2024-07-02T19:47:11.614+0000] {dag.py:3954} INFO - Setting next_dagrun for example_branch_datetime_operator to 2024-07-01 00:00:00+00:00, run_after=2024-07-02 00:00:00+00:00
[2024-07-02T19:47:11.617+0000] {logging_mixin.py:188} INFO - [2024-07-02T19:47:11.617+0000] {dag.py:3954} INFO - Setting next_dagrun for example_branch_datetime_operator_2 to 2024-07-01 00:00:00+00:00, run_after=2024-07-02 00:00:00+00:00
[2024-07-02T19:47:11.619+0000] {logging_mixin.py:188} INFO - [2024-07-02T19:47:11.619+0000] {dag.py:3954} INFO - Setting next_dagrun for example_branch_datetime_operator_3 to 2024-07-01 00:00:00+00:00, run_after=2024-07-02 00:00:00+00:00
[2024-07-02T19:47:11.660+0000] {processor.py:183} INFO - Processing /usr/local/python/3.10.13/lib/python3.10/site-packages/airflow/example_dags/example_branch_datetime_operator.py took 0.092 seconds
[2024-07-02T19:48:15.397+0000] {processor.py:161} INFO - Started process (PID=23129) to work on /usr/local/python/3.10.13/lib/python3.10/site-packages/airflow/example_dags/example_branch_datetime_operator.py
[2024-07-02T19:48:15.397+0000] {processor.py:830} INFO - Processing file /usr/local/python/3.10.13/lib/python3.10/site-packages/airflow/example_dags/example_branch_datetime_operator.py for tasks to queue
[2024-07-02T19:48:15.398+0000] {logging_mixin.py:188} INFO - [2024-07-02T19:48:15.398+0000] {dagbag.py:545} INFO - Filling up the DagBag from /usr/local/python/3.10.13/lib/python3.10/site-packages/airflow/example_dags/example_branch_datetime_operator.py
[2024-07-02T19:48:15.406+0000] {processor.py:840} INFO - DAG(s) 'example_branch_datetime_operator_3', 'example_branch_datetime_operator', 'example_branch_datetime_operator_2' retrieved from /usr/local/python/3.10.13/lib/python3.10/site-packages/airflow/example_dags/example_branch_datetime_operator.py
[2024-07-02T19:48:15.423+0000] {logging_mixin.py:188} INFO - [2024-07-02T19:48:15.423+0000] {dag.py:3096} INFO - Sync 3 DAGs
[2024-07-02T19:48:15.440+0000] {logging_mixin.py:188} INFO - [2024-07-02T19:48:15.439+0000] {dag.py:3954} INFO - Setting next_dagrun for example_branch_datetime_operator to 2024-07-01 00:00:00+00:00, run_after=2024-07-02 00:00:00+00:00
[2024-07-02T19:48:15.443+0000] {logging_mixin.py:188} INFO - [2024-07-02T19:48:15.443+0000] {dag.py:3954} INFO - Setting next_dagrun for example_branch_datetime_operator_2 to 2024-07-01 00:00:00+00:00, run_after=2024-07-02 00:00:00+00:00
[2024-07-02T19:48:15.445+0000] {logging_mixin.py:188} INFO - [2024-07-02T19:48:15.445+0000] {dag.py:3954} INFO - Setting next_dagrun for example_branch_datetime_operator_3 to 2024-07-01 00:00:00+00:00, run_after=2024-07-02 00:00:00+00:00
[2024-07-02T19:48:15.483+0000] {processor.py:183} INFO - Processing /usr/local/python/3.10.13/lib/python3.10/site-packages/airflow/example_dags/example_branch_datetime_operator.py took 0.090 seconds
[2024-07-02T19:49:21.441+0000] {processor.py:161} INFO - Started process (PID=23637) to work on /usr/local/python/3.10.13/lib/python3.10/site-packages/airflow/example_dags/example_branch_datetime_operator.py
[2024-07-02T19:49:21.441+0000] {processor.py:830} INFO - Processing file /usr/local/python/3.10.13/lib/python3.10/site-packages/airflow/example_dags/example_branch_datetime_operator.py for tasks to queue
[2024-07-02T19:49:21.442+0000] {logging_mixin.py:188} INFO - [2024-07-02T19:49:21.442+0000] {dagbag.py:545} INFO - Filling up the DagBag from /usr/local/python/3.10.13/lib/python3.10/site-packages/airflow/example_dags/example_branch_datetime_operator.py
[2024-07-02T19:49:21.450+0000] {processor.py:840} INFO - DAG(s) 'example_branch_datetime_operator_3', 'example_branch_datetime_operator_2', 'example_branch_datetime_operator' retrieved from /usr/local/python/3.10.13/lib/python3.10/site-packages/airflow/example_dags/example_branch_datetime_operator.py
[2024-07-02T19:49:21.467+0000] {logging_mixin.py:188} INFO - [2024-07-02T19:49:21.466+0000] {dag.py:3096} INFO - Sync 3 DAGs
[2024-07-02T19:49:21.482+0000] {logging_mixin.py:188} INFO - [2024-07-02T19:49:21.482+0000] {dag.py:3954} INFO - Setting next_dagrun for example_branch_datetime_operator to 2024-07-01 00:00:00+00:00, run_after=2024-07-02 00:00:00+00:00
[2024-07-02T19:49:21.486+0000] {logging_mixin.py:188} INFO - [2024-07-02T19:49:21.486+0000] {dag.py:3954} INFO - Setting next_dagrun for example_branch_datetime_operator_2 to 2024-07-01 00:00:00+00:00, run_after=2024-07-02 00:00:00+00:00
[2024-07-02T19:49:21.488+0000] {logging_mixin.py:188} INFO - [2024-07-02T19:49:21.488+0000] {dag.py:3954} INFO - Setting next_dagrun for example_branch_datetime_operator_3 to 2024-07-01 00:00:00+00:00, run_after=2024-07-02 00:00:00+00:00
[2024-07-02T19:49:21.527+0000] {processor.py:183} INFO - Processing /usr/local/python/3.10.13/lib/python3.10/site-packages/airflow/example_dags/example_branch_datetime_operator.py took 0.091 seconds
[2024-07-02T19:50:28.549+0000] {processor.py:161} INFO - Started process (PID=24138) to work on /usr/local/python/3.10.13/lib/python3.10/site-packages/airflow/example_dags/example_branch_datetime_operator.py
[2024-07-02T19:50:28.550+0000] {processor.py:830} INFO - Processing file /usr/local/python/3.10.13/lib/python3.10/site-packages/airflow/example_dags/example_branch_datetime_operator.py for tasks to queue
[2024-07-02T19:50:28.551+0000] {logging_mixin.py:188} INFO - [2024-07-02T19:50:28.550+0000] {dagbag.py:545} INFO - Filling up the DagBag from /usr/local/python/3.10.13/lib/python3.10/site-packages/airflow/example_dags/example_branch_datetime_operator.py
[2024-07-02T19:50:28.559+0000] {processor.py:840} INFO - DAG(s) 'example_branch_datetime_operator_3', 'example_branch_datetime_operator', 'example_branch_datetime_operator_2' retrieved from /usr/local/python/3.10.13/lib/python3.10/site-packages/airflow/example_dags/example_branch_datetime_operator.py
[2024-07-02T19:50:28.575+0000] {logging_mixin.py:188} INFO - [2024-07-02T19:50:28.575+0000] {dag.py:3096} INFO - Sync 3 DAGs
[2024-07-02T19:50:28.592+0000] {logging_mixin.py:188} INFO - [2024-07-02T19:50:28.592+0000] {dag.py:3954} INFO - Setting next_dagrun for example_branch_datetime_operator to 2024-07-01 00:00:00+00:00, run_after=2024-07-02 00:00:00+00:00
[2024-07-02T19:50:28.595+0000] {logging_mixin.py:188} INFO - [2024-07-02T19:50:28.595+0000] {dag.py:3954} INFO - Setting next_dagrun for example_branch_datetime_operator_2 to 2024-07-01 00:00:00+00:00, run_after=2024-07-02 00:00:00+00:00
[2024-07-02T19:50:28.597+0000] {logging_mixin.py:188} INFO - [2024-07-02T19:50:28.597+0000] {dag.py:3954} INFO - Setting next_dagrun for example_branch_datetime_operator_3 to 2024-07-01 00:00:00+00:00, run_after=2024-07-02 00:00:00+00:00
[2024-07-02T19:50:28.636+0000] {processor.py:183} INFO - Processing /usr/local/python/3.10.13/lib/python3.10/site-packages/airflow/example_dags/example_branch_datetime_operator.py took 0.091 seconds
[2024-07-02T19:51:35.832+0000] {processor.py:161} INFO - Started process (PID=24657) to work on /usr/local/python/3.10.13/lib/python3.10/site-packages/airflow/example_dags/example_branch_datetime_operator.py
[2024-07-02T19:51:35.832+0000] {processor.py:830} INFO - Processing file /usr/local/python/3.10.13/lib/python3.10/site-packages/airflow/example_dags/example_branch_datetime_operator.py for tasks to queue
[2024-07-02T19:51:35.833+0000] {logging_mixin.py:188} INFO - [2024-07-02T19:51:35.833+0000] {dagbag.py:545} INFO - Filling up the DagBag from /usr/local/python/3.10.13/lib/python3.10/site-packages/airflow/example_dags/example_branch_datetime_operator.py
[2024-07-02T19:51:35.842+0000] {processor.py:840} INFO - DAG(s) 'example_branch_datetime_operator_2', 'example_branch_datetime_operator', 'example_branch_datetime_operator_3' retrieved from /usr/local/python/3.10.13/lib/python3.10/site-packages/airflow/example_dags/example_branch_datetime_operator.py
[2024-07-02T19:51:35.858+0000] {logging_mixin.py:188} INFO - [2024-07-02T19:51:35.858+0000] {dag.py:3096} INFO - Sync 3 DAGs
[2024-07-02T19:51:35.876+0000] {logging_mixin.py:188} INFO - [2024-07-02T19:51:35.876+0000] {dag.py:3954} INFO - Setting next_dagrun for example_branch_datetime_operator to 2024-07-01 00:00:00+00:00, run_after=2024-07-02 00:00:00+00:00
[2024-07-02T19:51:35.880+0000] {logging_mixin.py:188} INFO - [2024-07-02T19:51:35.880+0000] {dag.py:3954} INFO - Setting next_dagrun for example_branch_datetime_operator_2 to 2024-07-01 00:00:00+00:00, run_after=2024-07-02 00:00:00+00:00
[2024-07-02T19:51:35.882+0000] {logging_mixin.py:188} INFO - [2024-07-02T19:51:35.882+0000] {dag.py:3954} INFO - Setting next_dagrun for example_branch_datetime_operator_3 to 2024-07-01 00:00:00+00:00, run_after=2024-07-02 00:00:00+00:00
[2024-07-02T19:51:35.920+0000] {processor.py:183} INFO - Processing /usr/local/python/3.10.13/lib/python3.10/site-packages/airflow/example_dags/example_branch_datetime_operator.py took 0.093 seconds
[2024-07-02T19:52:41.995+0000] {processor.py:161} INFO - Started process (PID=25146) to work on /usr/local/python/3.10.13/lib/python3.10/site-packages/airflow/example_dags/example_branch_datetime_operator.py
[2024-07-02T19:52:41.996+0000] {processor.py:830} INFO - Processing file /usr/local/python/3.10.13/lib/python3.10/site-packages/airflow/example_dags/example_branch_datetime_operator.py for tasks to queue
[2024-07-02T19:52:41.997+0000] {logging_mixin.py:188} INFO - [2024-07-02T19:52:41.996+0000] {dagbag.py:545} INFO - Filling up the DagBag from /usr/local/python/3.10.13/lib/python3.10/site-packages/airflow/example_dags/example_branch_datetime_operator.py
[2024-07-02T19:52:42.005+0000] {processor.py:840} INFO - DAG(s) 'example_branch_datetime_operator_3', 'example_branch_datetime_operator_2', 'example_branch_datetime_operator' retrieved from /usr/local/python/3.10.13/lib/python3.10/site-packages/airflow/example_dags/example_branch_datetime_operator.py
[2024-07-02T19:52:42.021+0000] {logging_mixin.py:188} INFO - [2024-07-02T19:52:42.021+0000] {dag.py:3096} INFO - Sync 3 DAGs
[2024-07-02T19:52:42.037+0000] {logging_mixin.py:188} INFO - [2024-07-02T19:52:42.037+0000] {dag.py:3954} INFO - Setting next_dagrun for example_branch_datetime_operator to 2024-07-01 00:00:00+00:00, run_after=2024-07-02 00:00:00+00:00
[2024-07-02T19:52:42.041+0000] {logging_mixin.py:188} INFO - [2024-07-02T19:52:42.041+0000] {dag.py:3954} INFO - Setting next_dagrun for example_branch_datetime_operator_2 to 2024-07-01 00:00:00+00:00, run_after=2024-07-02 00:00:00+00:00
[2024-07-02T19:52:42.043+0000] {logging_mixin.py:188} INFO - [2024-07-02T19:52:42.043+0000] {dag.py:3954} INFO - Setting next_dagrun for example_branch_datetime_operator_3 to 2024-07-01 00:00:00+00:00, run_after=2024-07-02 00:00:00+00:00
[2024-07-02T19:52:42.086+0000] {processor.py:183} INFO - Processing /usr/local/python/3.10.13/lib/python3.10/site-packages/airflow/example_dags/example_branch_datetime_operator.py took 0.095 seconds
[2024-07-02T19:53:48.623+0000] {processor.py:161} INFO - Started process (PID=25656) to work on /usr/local/python/3.10.13/lib/python3.10/site-packages/airflow/example_dags/example_branch_datetime_operator.py
[2024-07-02T19:53:48.623+0000] {processor.py:830} INFO - Processing file /usr/local/python/3.10.13/lib/python3.10/site-packages/airflow/example_dags/example_branch_datetime_operator.py for tasks to queue
[2024-07-02T19:53:48.624+0000] {logging_mixin.py:188} INFO - [2024-07-02T19:53:48.624+0000] {dagbag.py:545} INFO - Filling up the DagBag from /usr/local/python/3.10.13/lib/python3.10/site-packages/airflow/example_dags/example_branch_datetime_operator.py
[2024-07-02T19:53:48.632+0000] {processor.py:840} INFO - DAG(s) 'example_branch_datetime_operator_2', 'example_branch_datetime_operator_3', 'example_branch_datetime_operator' retrieved from /usr/local/python/3.10.13/lib/python3.10/site-packages/airflow/example_dags/example_branch_datetime_operator.py
[2024-07-02T19:53:48.648+0000] {logging_mixin.py:188} INFO - [2024-07-02T19:53:48.648+0000] {dag.py:3096} INFO - Sync 3 DAGs
[2024-07-02T19:53:48.664+0000] {logging_mixin.py:188} INFO - [2024-07-02T19:53:48.664+0000] {dag.py:3954} INFO - Setting next_dagrun for example_branch_datetime_operator to 2024-07-01 00:00:00+00:00, run_after=2024-07-02 00:00:00+00:00
[2024-07-02T19:53:48.668+0000] {logging_mixin.py:188} INFO - [2024-07-02T19:53:48.668+0000] {dag.py:3954} INFO - Setting next_dagrun for example_branch_datetime_operator_2 to 2024-07-01 00:00:00+00:00, run_after=2024-07-02 00:00:00+00:00
[2024-07-02T19:53:48.670+0000] {logging_mixin.py:188} INFO - [2024-07-02T19:53:48.669+0000] {dag.py:3954} INFO - Setting next_dagrun for example_branch_datetime_operator_3 to 2024-07-01 00:00:00+00:00, run_after=2024-07-02 00:00:00+00:00
[2024-07-02T19:53:48.707+0000] {processor.py:183} INFO - Processing /usr/local/python/3.10.13/lib/python3.10/site-packages/airflow/example_dags/example_branch_datetime_operator.py took 0.089 seconds
[2024-07-02T19:54:53.757+0000] {processor.py:161} INFO - Started process (PID=26144) to work on /usr/local/python/3.10.13/lib/python3.10/site-packages/airflow/example_dags/example_branch_datetime_operator.py
[2024-07-02T19:54:53.757+0000] {processor.py:830} INFO - Processing file /usr/local/python/3.10.13/lib/python3.10/site-packages/airflow/example_dags/example_branch_datetime_operator.py for tasks to queue
[2024-07-02T19:54:53.758+0000] {logging_mixin.py:188} INFO - [2024-07-02T19:54:53.758+0000] {dagbag.py:545} INFO - Filling up the DagBag from /usr/local/python/3.10.13/lib/python3.10/site-packages/airflow/example_dags/example_branch_datetime_operator.py
[2024-07-02T19:54:53.766+0000] {processor.py:840} INFO - DAG(s) 'example_branch_datetime_operator_3', 'example_branch_datetime_operator', 'example_branch_datetime_operator_2' retrieved from /usr/local/python/3.10.13/lib/python3.10/site-packages/airflow/example_dags/example_branch_datetime_operator.py
[2024-07-02T19:54:53.782+0000] {logging_mixin.py:188} INFO - [2024-07-02T19:54:53.782+0000] {dag.py:3096} INFO - Sync 3 DAGs
[2024-07-02T19:54:53.803+0000] {logging_mixin.py:188} INFO - [2024-07-02T19:54:53.803+0000] {dag.py:3954} INFO - Setting next_dagrun for example_branch_datetime_operator to 2024-07-01 00:00:00+00:00, run_after=2024-07-02 00:00:00+00:00
[2024-07-02T19:54:53.807+0000] {logging_mixin.py:188} INFO - [2024-07-02T19:54:53.807+0000] {dag.py:3954} INFO - Setting next_dagrun for example_branch_datetime_operator_2 to 2024-07-01 00:00:00+00:00, run_after=2024-07-02 00:00:00+00:00
[2024-07-02T19:54:53.809+0000] {logging_mixin.py:188} INFO - [2024-07-02T19:54:53.809+0000] {dag.py:3954} INFO - Setting next_dagrun for example_branch_datetime_operator_3 to 2024-07-01 00:00:00+00:00, run_after=2024-07-02 00:00:00+00:00
[2024-07-02T19:54:53.847+0000] {processor.py:183} INFO - Processing /usr/local/python/3.10.13/lib/python3.10/site-packages/airflow/example_dags/example_branch_datetime_operator.py took 0.094 seconds
[2024-07-02T19:56:00.162+0000] {processor.py:161} INFO - Started process (PID=26663) to work on /usr/local/python/3.10.13/lib/python3.10/site-packages/airflow/example_dags/example_branch_datetime_operator.py
[2024-07-02T19:56:00.163+0000] {processor.py:830} INFO - Processing file /usr/local/python/3.10.13/lib/python3.10/site-packages/airflow/example_dags/example_branch_datetime_operator.py for tasks to queue
[2024-07-02T19:56:00.164+0000] {logging_mixin.py:188} INFO - [2024-07-02T19:56:00.164+0000] {dagbag.py:545} INFO - Filling up the DagBag from /usr/local/python/3.10.13/lib/python3.10/site-packages/airflow/example_dags/example_branch_datetime_operator.py
[2024-07-02T19:56:00.172+0000] {processor.py:840} INFO - DAG(s) 'example_branch_datetime_operator_2', 'example_branch_datetime_operator', 'example_branch_datetime_operator_3' retrieved from /usr/local/python/3.10.13/lib/python3.10/site-packages/airflow/example_dags/example_branch_datetime_operator.py
[2024-07-02T19:56:00.189+0000] {logging_mixin.py:188} INFO - [2024-07-02T19:56:00.189+0000] {dag.py:3096} INFO - Sync 3 DAGs
[2024-07-02T19:56:00.206+0000] {logging_mixin.py:188} INFO - [2024-07-02T19:56:00.206+0000] {dag.py:3954} INFO - Setting next_dagrun for example_branch_datetime_operator to 2024-07-01 00:00:00+00:00, run_after=2024-07-02 00:00:00+00:00
[2024-07-02T19:56:00.211+0000] {logging_mixin.py:188} INFO - [2024-07-02T19:56:00.211+0000] {dag.py:3954} INFO - Setting next_dagrun for example_branch_datetime_operator_2 to 2024-07-01 00:00:00+00:00, run_after=2024-07-02 00:00:00+00:00
[2024-07-02T19:56:00.213+0000] {logging_mixin.py:188} INFO - [2024-07-02T19:56:00.213+0000] {dag.py:3954} INFO - Setting next_dagrun for example_branch_datetime_operator_3 to 2024-07-01 00:00:00+00:00, run_after=2024-07-02 00:00:00+00:00
[2024-07-02T19:56:00.254+0000] {processor.py:183} INFO - Processing /usr/local/python/3.10.13/lib/python3.10/site-packages/airflow/example_dags/example_branch_datetime_operator.py took 0.096 seconds
[2024-07-02T19:57:16.875+0000] {processor.py:161} INFO - Started process (PID=27361) to work on /usr/local/python/3.10.13/lib/python3.10/site-packages/airflow/example_dags/example_branch_datetime_operator.py
[2024-07-02T19:57:16.876+0000] {processor.py:830} INFO - Processing file /usr/local/python/3.10.13/lib/python3.10/site-packages/airflow/example_dags/example_branch_datetime_operator.py for tasks to queue
[2024-07-02T19:57:16.876+0000] {logging_mixin.py:188} INFO - [2024-07-02T19:57:16.876+0000] {dagbag.py:545} INFO - Filling up the DagBag from /usr/local/python/3.10.13/lib/python3.10/site-packages/airflow/example_dags/example_branch_datetime_operator.py
[2024-07-02T19:57:16.885+0000] {processor.py:840} INFO - DAG(s) 'example_branch_datetime_operator_2', 'example_branch_datetime_operator_3', 'example_branch_datetime_operator' retrieved from /usr/local/python/3.10.13/lib/python3.10/site-packages/airflow/example_dags/example_branch_datetime_operator.py
[2024-07-02T19:57:16.901+0000] {logging_mixin.py:188} INFO - [2024-07-02T19:57:16.901+0000] {dag.py:3096} INFO - Sync 3 DAGs
[2024-07-02T19:57:16.917+0000] {logging_mixin.py:188} INFO - [2024-07-02T19:57:16.917+0000] {dag.py:3954} INFO - Setting next_dagrun for example_branch_datetime_operator to 2024-07-01 00:00:00+00:00, run_after=2024-07-02 00:00:00+00:00
[2024-07-02T19:57:16.921+0000] {logging_mixin.py:188} INFO - [2024-07-02T19:57:16.921+0000] {dag.py:3954} INFO - Setting next_dagrun for example_branch_datetime_operator_2 to 2024-07-01 00:00:00+00:00, run_after=2024-07-02 00:00:00+00:00
[2024-07-02T19:57:16.923+0000] {logging_mixin.py:188} INFO - [2024-07-02T19:57:16.923+0000] {dag.py:3954} INFO - Setting next_dagrun for example_branch_datetime_operator_3 to 2024-07-01 00:00:00+00:00, run_after=2024-07-02 00:00:00+00:00
[2024-07-02T19:57:16.963+0000] {processor.py:183} INFO - Processing /usr/local/python/3.10.13/lib/python3.10/site-packages/airflow/example_dags/example_branch_datetime_operator.py took 0.092 seconds
