[2024-07-02T19:09:18.353+0000] {processor.py:161} INFO - Started process (PID=4820) to work on /usr/local/python/3.10.13/lib/python3.10/site-packages/airflow/example_dags/tutorial.py
[2024-07-02T19:09:18.353+0000] {processor.py:830} INFO - Processing file /usr/local/python/3.10.13/lib/python3.10/site-packages/airflow/example_dags/tutorial.py for tasks to queue
[2024-07-02T19:09:18.354+0000] {logging_mixin.py:188} INFO - [2024-07-02T19:09:18.354+0000] {dagbag.py:545} INFO - Filling up the DagBag from /usr/local/python/3.10.13/lib/python3.10/site-packages/airflow/example_dags/tutorial.py
[2024-07-02T19:09:18.360+0000] {processor.py:840} INFO - DAG(s) 'tutorial' retrieved from /usr/local/python/3.10.13/lib/python3.10/site-packages/airflow/example_dags/tutorial.py
[2024-07-02T19:09:18.509+0000] {logging_mixin.py:188} INFO - [2024-07-02T19:09:18.509+0000] {override.py:1829} INFO - Created Permission View: can read on DAG:tutorial
[2024-07-02T19:09:18.625+0000] {logging_mixin.py:188} INFO - [2024-07-02T19:09:18.625+0000] {override.py:1829} INFO - Created Permission View: can delete on DAG:tutorial
[2024-07-02T19:09:18.656+0000] {logging_mixin.py:188} INFO - [2024-07-02T19:09:18.656+0000] {override.py:1829} INFO - Created Permission View: can edit on DAG:tutorial
[2024-07-02T19:09:18.657+0000] {logging_mixin.py:188} INFO - [2024-07-02T19:09:18.657+0000] {dag.py:3096} INFO - Sync 1 DAGs
[2024-07-02T19:09:18.664+0000] {logging_mixin.py:188} INFO - [2024-07-02T19:09:18.664+0000] {dag.py:3118} INFO - Creating ORM DAG for tutorial
[2024-07-02T19:09:18.670+0000] {logging_mixin.py:188} INFO - [2024-07-02T19:09:18.670+0000] {dag.py:3954} INFO - Setting next_dagrun for tutorial to 2024-07-01 00:00:00+00:00, run_after=2024-07-02 00:00:00+00:00
[2024-07-02T19:09:18.717+0000] {processor.py:183} INFO - Processing /usr/local/python/3.10.13/lib/python3.10/site-packages/airflow/example_dags/tutorial.py took 0.369 seconds
[2024-07-02T19:10:12.890+0000] {processor.py:161} INFO - Started process (PID=5520) to work on /usr/local/python/3.10.13/lib/python3.10/site-packages/airflow/example_dags/tutorial.py
[2024-07-02T19:10:12.891+0000] {processor.py:830} INFO - Processing file /usr/local/python/3.10.13/lib/python3.10/site-packages/airflow/example_dags/tutorial.py for tasks to queue
[2024-07-02T19:10:12.892+0000] {logging_mixin.py:188} INFO - [2024-07-02T19:10:12.892+0000] {dagbag.py:545} INFO - Filling up the DagBag from /usr/local/python/3.10.13/lib/python3.10/site-packages/airflow/example_dags/tutorial.py
[2024-07-02T19:10:12.898+0000] {processor.py:840} INFO - DAG(s) 'tutorial' retrieved from /usr/local/python/3.10.13/lib/python3.10/site-packages/airflow/example_dags/tutorial.py
[2024-07-02T19:10:12.910+0000] {logging_mixin.py:188} INFO - [2024-07-02T19:10:12.910+0000] {dag.py:3096} INFO - Sync 1 DAGs
[2024-07-02T19:10:12.932+0000] {logging_mixin.py:188} INFO - [2024-07-02T19:10:12.932+0000] {dag.py:3954} INFO - Setting next_dagrun for tutorial to 2024-07-01 00:00:00+00:00, run_after=2024-07-02 00:00:00+00:00
[2024-07-02T19:10:12.975+0000] {processor.py:183} INFO - Processing /usr/local/python/3.10.13/lib/python3.10/site-packages/airflow/example_dags/tutorial.py took 0.089 seconds
[2024-07-02T19:11:16.900+0000] {processor.py:161} INFO - Started process (PID=5983) to work on /usr/local/python/3.10.13/lib/python3.10/site-packages/airflow/example_dags/tutorial.py
[2024-07-02T19:11:16.900+0000] {processor.py:830} INFO - Processing file /usr/local/python/3.10.13/lib/python3.10/site-packages/airflow/example_dags/tutorial.py for tasks to queue
[2024-07-02T19:11:16.902+0000] {logging_mixin.py:188} INFO - [2024-07-02T19:11:16.902+0000] {dagbag.py:545} INFO - Filling up the DagBag from /usr/local/python/3.10.13/lib/python3.10/site-packages/airflow/example_dags/tutorial.py
[2024-07-02T19:11:16.906+0000] {processor.py:840} INFO - DAG(s) 'tutorial' retrieved from /usr/local/python/3.10.13/lib/python3.10/site-packages/airflow/example_dags/tutorial.py
[2024-07-02T19:11:16.917+0000] {logging_mixin.py:188} INFO - [2024-07-02T19:11:16.917+0000] {dag.py:3096} INFO - Sync 1 DAGs
[2024-07-02T19:11:16.932+0000] {logging_mixin.py:188} INFO - [2024-07-02T19:11:16.931+0000] {dag.py:3954} INFO - Setting next_dagrun for tutorial to 2024-07-01 00:00:00+00:00, run_after=2024-07-02 00:00:00+00:00
[2024-07-02T19:11:16.971+0000] {processor.py:183} INFO - Processing /usr/local/python/3.10.13/lib/python3.10/site-packages/airflow/example_dags/tutorial.py took 0.076 seconds
[2024-07-02T19:12:08.046+0000] {processor.py:161} INFO - Started process (PID=6379) to work on /usr/local/python/3.10.13/lib/python3.10/site-packages/airflow/example_dags/tutorial.py
[2024-07-02T19:12:08.047+0000] {processor.py:830} INFO - Processing file /usr/local/python/3.10.13/lib/python3.10/site-packages/airflow/example_dags/tutorial.py for tasks to queue
[2024-07-02T19:12:08.048+0000] {logging_mixin.py:188} INFO - [2024-07-02T19:12:08.048+0000] {dagbag.py:545} INFO - Filling up the DagBag from /usr/local/python/3.10.13/lib/python3.10/site-packages/airflow/example_dags/tutorial.py
[2024-07-02T19:12:08.052+0000] {processor.py:840} INFO - DAG(s) 'tutorial' retrieved from /usr/local/python/3.10.13/lib/python3.10/site-packages/airflow/example_dags/tutorial.py
[2024-07-02T19:12:08.064+0000] {logging_mixin.py:188} INFO - [2024-07-02T19:12:08.064+0000] {dag.py:3096} INFO - Sync 1 DAGs
[2024-07-02T19:12:08.078+0000] {logging_mixin.py:188} INFO - [2024-07-02T19:12:08.078+0000] {dag.py:3954} INFO - Setting next_dagrun for tutorial to 2024-07-01 00:00:00+00:00, run_after=2024-07-02 00:00:00+00:00
[2024-07-02T19:12:08.119+0000] {processor.py:183} INFO - Processing /usr/local/python/3.10.13/lib/python3.10/site-packages/airflow/example_dags/tutorial.py took 0.078 seconds
[2024-07-02T19:12:48.768+0000] {processor.py:161} INFO - Started process (PID=6685) to work on /usr/local/python/3.10.13/lib/python3.10/site-packages/airflow/example_dags/tutorial.py
[2024-07-02T19:12:48.769+0000] {processor.py:830} INFO - Processing file /usr/local/python/3.10.13/lib/python3.10/site-packages/airflow/example_dags/tutorial.py for tasks to queue
[2024-07-02T19:12:48.770+0000] {logging_mixin.py:188} INFO - [2024-07-02T19:12:48.770+0000] {dagbag.py:545} INFO - Filling up the DagBag from /usr/local/python/3.10.13/lib/python3.10/site-packages/airflow/example_dags/tutorial.py
[2024-07-02T19:12:48.774+0000] {processor.py:840} INFO - DAG(s) 'tutorial' retrieved from /usr/local/python/3.10.13/lib/python3.10/site-packages/airflow/example_dags/tutorial.py
[2024-07-02T19:12:48.786+0000] {logging_mixin.py:188} INFO - [2024-07-02T19:12:48.785+0000] {dag.py:3096} INFO - Sync 1 DAGs
[2024-07-02T19:12:48.800+0000] {logging_mixin.py:188} INFO - [2024-07-02T19:12:48.800+0000] {dag.py:3954} INFO - Setting next_dagrun for tutorial to 2024-07-01 00:00:00+00:00, run_after=2024-07-02 00:00:00+00:00
[2024-07-02T19:12:48.844+0000] {processor.py:183} INFO - Processing /usr/local/python/3.10.13/lib/python3.10/site-packages/airflow/example_dags/tutorial.py took 0.080 seconds
[2024-07-02T19:13:30.361+0000] {processor.py:161} INFO - Started process (PID=7004) to work on /usr/local/python/3.10.13/lib/python3.10/site-packages/airflow/example_dags/tutorial.py
[2024-07-02T19:13:30.362+0000] {processor.py:830} INFO - Processing file /usr/local/python/3.10.13/lib/python3.10/site-packages/airflow/example_dags/tutorial.py for tasks to queue
[2024-07-02T19:13:30.363+0000] {logging_mixin.py:188} INFO - [2024-07-02T19:13:30.363+0000] {dagbag.py:545} INFO - Filling up the DagBag from /usr/local/python/3.10.13/lib/python3.10/site-packages/airflow/example_dags/tutorial.py
[2024-07-02T19:13:30.368+0000] {processor.py:840} INFO - DAG(s) 'tutorial' retrieved from /usr/local/python/3.10.13/lib/python3.10/site-packages/airflow/example_dags/tutorial.py
[2024-07-02T19:13:30.379+0000] {logging_mixin.py:188} INFO - [2024-07-02T19:13:30.378+0000] {dag.py:3096} INFO - Sync 1 DAGs
[2024-07-02T19:13:30.393+0000] {logging_mixin.py:188} INFO - [2024-07-02T19:13:30.393+0000] {dag.py:3954} INFO - Setting next_dagrun for tutorial to 2024-07-01 00:00:00+00:00, run_after=2024-07-02 00:00:00+00:00
[2024-07-02T19:13:30.434+0000] {processor.py:183} INFO - Processing /usr/local/python/3.10.13/lib/python3.10/site-packages/airflow/example_dags/tutorial.py took 0.078 seconds
[2024-07-02T19:14:10.972+0000] {processor.py:161} INFO - Started process (PID=7312) to work on /usr/local/python/3.10.13/lib/python3.10/site-packages/airflow/example_dags/tutorial.py
[2024-07-02T19:14:10.973+0000] {processor.py:830} INFO - Processing file /usr/local/python/3.10.13/lib/python3.10/site-packages/airflow/example_dags/tutorial.py for tasks to queue
[2024-07-02T19:14:10.974+0000] {logging_mixin.py:188} INFO - [2024-07-02T19:14:10.974+0000] {dagbag.py:545} INFO - Filling up the DagBag from /usr/local/python/3.10.13/lib/python3.10/site-packages/airflow/example_dags/tutorial.py
[2024-07-02T19:14:10.980+0000] {processor.py:840} INFO - DAG(s) 'tutorial' retrieved from /usr/local/python/3.10.13/lib/python3.10/site-packages/airflow/example_dags/tutorial.py
[2024-07-02T19:14:10.999+0000] {logging_mixin.py:188} INFO - [2024-07-02T19:14:10.999+0000] {dag.py:3096} INFO - Sync 1 DAGs
[2024-07-02T19:14:11.024+0000] {logging_mixin.py:188} INFO - [2024-07-02T19:14:11.024+0000] {dag.py:3954} INFO - Setting next_dagrun for tutorial to 2024-07-01 00:00:00+00:00, run_after=2024-07-02 00:00:00+00:00
[2024-07-02T19:14:11.066+0000] {processor.py:183} INFO - Processing /usr/local/python/3.10.13/lib/python3.10/site-packages/airflow/example_dags/tutorial.py took 0.098 seconds
[2024-07-02T19:14:51.886+0000] {processor.py:161} INFO - Started process (PID=7620) to work on /usr/local/python/3.10.13/lib/python3.10/site-packages/airflow/example_dags/tutorial.py
[2024-07-02T19:14:51.887+0000] {processor.py:830} INFO - Processing file /usr/local/python/3.10.13/lib/python3.10/site-packages/airflow/example_dags/tutorial.py for tasks to queue
[2024-07-02T19:14:51.888+0000] {logging_mixin.py:188} INFO - [2024-07-02T19:14:51.888+0000] {dagbag.py:545} INFO - Filling up the DagBag from /usr/local/python/3.10.13/lib/python3.10/site-packages/airflow/example_dags/tutorial.py
[2024-07-02T19:14:51.893+0000] {processor.py:840} INFO - DAG(s) 'tutorial' retrieved from /usr/local/python/3.10.13/lib/python3.10/site-packages/airflow/example_dags/tutorial.py
[2024-07-02T19:14:51.904+0000] {logging_mixin.py:188} INFO - [2024-07-02T19:14:51.904+0000] {dag.py:3096} INFO - Sync 1 DAGs
[2024-07-02T19:14:51.918+0000] {logging_mixin.py:188} INFO - [2024-07-02T19:14:51.918+0000] {dag.py:3954} INFO - Setting next_dagrun for tutorial to 2024-07-01 00:00:00+00:00, run_after=2024-07-02 00:00:00+00:00
[2024-07-02T19:14:51.959+0000] {processor.py:183} INFO - Processing /usr/local/python/3.10.13/lib/python3.10/site-packages/airflow/example_dags/tutorial.py took 0.077 seconds
[2024-07-02T19:15:35.605+0000] {processor.py:161} INFO - Started process (PID=7948) to work on /usr/local/python/3.10.13/lib/python3.10/site-packages/airflow/example_dags/tutorial.py
[2024-07-02T19:15:35.605+0000] {processor.py:830} INFO - Processing file /usr/local/python/3.10.13/lib/python3.10/site-packages/airflow/example_dags/tutorial.py for tasks to queue
[2024-07-02T19:15:35.606+0000] {logging_mixin.py:188} INFO - [2024-07-02T19:15:35.606+0000] {dagbag.py:545} INFO - Filling up the DagBag from /usr/local/python/3.10.13/lib/python3.10/site-packages/airflow/example_dags/tutorial.py
[2024-07-02T19:15:35.611+0000] {processor.py:840} INFO - DAG(s) 'tutorial' retrieved from /usr/local/python/3.10.13/lib/python3.10/site-packages/airflow/example_dags/tutorial.py
[2024-07-02T19:15:35.622+0000] {logging_mixin.py:188} INFO - [2024-07-02T19:15:35.622+0000] {dag.py:3096} INFO - Sync 1 DAGs
[2024-07-02T19:15:35.636+0000] {logging_mixin.py:188} INFO - [2024-07-02T19:15:35.636+0000] {dag.py:3954} INFO - Setting next_dagrun for tutorial to 2024-07-01 00:00:00+00:00, run_after=2024-07-02 00:00:00+00:00
[2024-07-02T19:15:35.676+0000] {processor.py:183} INFO - Processing /usr/local/python/3.10.13/lib/python3.10/site-packages/airflow/example_dags/tutorial.py took 0.075 seconds
[2024-07-02T19:16:17.036+0000] {processor.py:161} INFO - Started process (PID=8287) to work on /usr/local/python/3.10.13/lib/python3.10/site-packages/airflow/example_dags/tutorial.py
[2024-07-02T19:16:17.037+0000] {processor.py:830} INFO - Processing file /usr/local/python/3.10.13/lib/python3.10/site-packages/airflow/example_dags/tutorial.py for tasks to queue
[2024-07-02T19:16:17.038+0000] {logging_mixin.py:188} INFO - [2024-07-02T19:16:17.038+0000] {dagbag.py:545} INFO - Filling up the DagBag from /usr/local/python/3.10.13/lib/python3.10/site-packages/airflow/example_dags/tutorial.py
[2024-07-02T19:16:17.044+0000] {processor.py:840} INFO - DAG(s) 'tutorial' retrieved from /usr/local/python/3.10.13/lib/python3.10/site-packages/airflow/example_dags/tutorial.py
[2024-07-02T19:16:17.056+0000] {logging_mixin.py:188} INFO - [2024-07-02T19:16:17.056+0000] {dag.py:3096} INFO - Sync 1 DAGs
[2024-07-02T19:16:17.071+0000] {logging_mixin.py:188} INFO - [2024-07-02T19:16:17.071+0000] {dag.py:3954} INFO - Setting next_dagrun for tutorial to 2024-07-01 00:00:00+00:00, run_after=2024-07-02 00:00:00+00:00
[2024-07-02T19:16:17.113+0000] {processor.py:183} INFO - Processing /usr/local/python/3.10.13/lib/python3.10/site-packages/airflow/example_dags/tutorial.py took 0.087 seconds
[2024-07-02T19:17:02.838+0000] {processor.py:161} INFO - Started process (PID=8618) to work on /usr/local/python/3.10.13/lib/python3.10/site-packages/airflow/example_dags/tutorial.py
[2024-07-02T19:17:02.839+0000] {processor.py:830} INFO - Processing file /usr/local/python/3.10.13/lib/python3.10/site-packages/airflow/example_dags/tutorial.py for tasks to queue
[2024-07-02T19:17:02.840+0000] {logging_mixin.py:188} INFO - [2024-07-02T19:17:02.839+0000] {dagbag.py:545} INFO - Filling up the DagBag from /usr/local/python/3.10.13/lib/python3.10/site-packages/airflow/example_dags/tutorial.py
[2024-07-02T19:17:02.844+0000] {processor.py:840} INFO - DAG(s) 'tutorial' retrieved from /usr/local/python/3.10.13/lib/python3.10/site-packages/airflow/example_dags/tutorial.py
[2024-07-02T19:17:02.856+0000] {logging_mixin.py:188} INFO - [2024-07-02T19:17:02.855+0000] {dag.py:3096} INFO - Sync 1 DAGs
[2024-07-02T19:17:02.870+0000] {logging_mixin.py:188} INFO - [2024-07-02T19:17:02.870+0000] {dag.py:3954} INFO - Setting next_dagrun for tutorial to 2024-07-01 00:00:00+00:00, run_after=2024-07-02 00:00:00+00:00
[2024-07-02T19:17:02.911+0000] {processor.py:183} INFO - Processing /usr/local/python/3.10.13/lib/python3.10/site-packages/airflow/example_dags/tutorial.py took 0.077 seconds
[2024-07-02T19:17:48.840+0000] {processor.py:161} INFO - Started process (PID=8982) to work on /usr/local/python/3.10.13/lib/python3.10/site-packages/airflow/example_dags/tutorial.py
[2024-07-02T19:17:48.841+0000] {processor.py:830} INFO - Processing file /usr/local/python/3.10.13/lib/python3.10/site-packages/airflow/example_dags/tutorial.py for tasks to queue
[2024-07-02T19:17:48.842+0000] {logging_mixin.py:188} INFO - [2024-07-02T19:17:48.841+0000] {dagbag.py:545} INFO - Filling up the DagBag from /usr/local/python/3.10.13/lib/python3.10/site-packages/airflow/example_dags/tutorial.py
[2024-07-02T19:17:48.847+0000] {processor.py:840} INFO - DAG(s) 'tutorial' retrieved from /usr/local/python/3.10.13/lib/python3.10/site-packages/airflow/example_dags/tutorial.py
[2024-07-02T19:17:48.859+0000] {logging_mixin.py:188} INFO - [2024-07-02T19:17:48.858+0000] {dag.py:3096} INFO - Sync 1 DAGs
[2024-07-02T19:17:48.878+0000] {logging_mixin.py:188} INFO - [2024-07-02T19:17:48.878+0000] {dag.py:3954} INFO - Setting next_dagrun for tutorial to 2024-07-01 00:00:00+00:00, run_after=2024-07-02 00:00:00+00:00
[2024-07-02T19:17:48.918+0000] {processor.py:183} INFO - Processing /usr/local/python/3.10.13/lib/python3.10/site-packages/airflow/example_dags/tutorial.py took 0.083 seconds
[2024-07-02T19:18:32.165+0000] {processor.py:161} INFO - Started process (PID=9304) to work on /usr/local/python/3.10.13/lib/python3.10/site-packages/airflow/example_dags/tutorial.py
[2024-07-02T19:18:32.165+0000] {processor.py:830} INFO - Processing file /usr/local/python/3.10.13/lib/python3.10/site-packages/airflow/example_dags/tutorial.py for tasks to queue
[2024-07-02T19:18:32.166+0000] {logging_mixin.py:188} INFO - [2024-07-02T19:18:32.166+0000] {dagbag.py:545} INFO - Filling up the DagBag from /usr/local/python/3.10.13/lib/python3.10/site-packages/airflow/example_dags/tutorial.py
[2024-07-02T19:18:32.171+0000] {processor.py:840} INFO - DAG(s) 'tutorial' retrieved from /usr/local/python/3.10.13/lib/python3.10/site-packages/airflow/example_dags/tutorial.py
[2024-07-02T19:18:32.182+0000] {logging_mixin.py:188} INFO - [2024-07-02T19:18:32.181+0000] {dag.py:3096} INFO - Sync 1 DAGs
[2024-07-02T19:18:32.196+0000] {logging_mixin.py:188} INFO - [2024-07-02T19:18:32.196+0000] {dag.py:3954} INFO - Setting next_dagrun for tutorial to 2024-07-01 00:00:00+00:00, run_after=2024-07-02 00:00:00+00:00
[2024-07-02T19:18:32.236+0000] {processor.py:183} INFO - Processing /usr/local/python/3.10.13/lib/python3.10/site-packages/airflow/example_dags/tutorial.py took 0.076 seconds
[2024-07-02T19:19:14.106+0000] {processor.py:161} INFO - Started process (PID=9623) to work on /usr/local/python/3.10.13/lib/python3.10/site-packages/airflow/example_dags/tutorial.py
[2024-07-02T19:19:14.107+0000] {processor.py:830} INFO - Processing file /usr/local/python/3.10.13/lib/python3.10/site-packages/airflow/example_dags/tutorial.py for tasks to queue
[2024-07-02T19:19:14.108+0000] {logging_mixin.py:188} INFO - [2024-07-02T19:19:14.108+0000] {dagbag.py:545} INFO - Filling up the DagBag from /usr/local/python/3.10.13/lib/python3.10/site-packages/airflow/example_dags/tutorial.py
[2024-07-02T19:19:14.113+0000] {processor.py:840} INFO - DAG(s) 'tutorial' retrieved from /usr/local/python/3.10.13/lib/python3.10/site-packages/airflow/example_dags/tutorial.py
[2024-07-02T19:19:14.124+0000] {logging_mixin.py:188} INFO - [2024-07-02T19:19:14.124+0000] {dag.py:3096} INFO - Sync 1 DAGs
[2024-07-02T19:19:14.138+0000] {logging_mixin.py:188} INFO - [2024-07-02T19:19:14.138+0000] {dag.py:3954} INFO - Setting next_dagrun for tutorial to 2024-07-01 00:00:00+00:00, run_after=2024-07-02 00:00:00+00:00
[2024-07-02T19:19:14.179+0000] {processor.py:183} INFO - Processing /usr/local/python/3.10.13/lib/python3.10/site-packages/airflow/example_dags/tutorial.py took 0.077 seconds
[2024-07-02T19:20:00.681+0000] {processor.py:161} INFO - Started process (PID=9979) to work on /usr/local/python/3.10.13/lib/python3.10/site-packages/airflow/example_dags/tutorial.py
[2024-07-02T19:20:00.681+0000] {processor.py:830} INFO - Processing file /usr/local/python/3.10.13/lib/python3.10/site-packages/airflow/example_dags/tutorial.py for tasks to queue
[2024-07-02T19:20:00.682+0000] {logging_mixin.py:188} INFO - [2024-07-02T19:20:00.682+0000] {dagbag.py:545} INFO - Filling up the DagBag from /usr/local/python/3.10.13/lib/python3.10/site-packages/airflow/example_dags/tutorial.py
[2024-07-02T19:20:00.687+0000] {processor.py:840} INFO - DAG(s) 'tutorial' retrieved from /usr/local/python/3.10.13/lib/python3.10/site-packages/airflow/example_dags/tutorial.py
[2024-07-02T19:20:00.698+0000] {logging_mixin.py:188} INFO - [2024-07-02T19:20:00.698+0000] {dag.py:3096} INFO - Sync 1 DAGs
[2024-07-02T19:20:00.714+0000] {logging_mixin.py:188} INFO - [2024-07-02T19:20:00.713+0000] {dag.py:3954} INFO - Setting next_dagrun for tutorial to 2024-07-01 00:00:00+00:00, run_after=2024-07-02 00:00:00+00:00
[2024-07-02T19:20:00.754+0000] {processor.py:183} INFO - Processing /usr/local/python/3.10.13/lib/python3.10/site-packages/airflow/example_dags/tutorial.py took 0.078 seconds
[2024-07-02T19:20:49.156+0000] {processor.py:161} INFO - Started process (PID=10322) to work on /usr/local/python/3.10.13/lib/python3.10/site-packages/airflow/example_dags/tutorial.py
[2024-07-02T19:20:49.157+0000] {processor.py:830} INFO - Processing file /usr/local/python/3.10.13/lib/python3.10/site-packages/airflow/example_dags/tutorial.py for tasks to queue
[2024-07-02T19:20:49.157+0000] {logging_mixin.py:188} INFO - [2024-07-02T19:20:49.157+0000] {dagbag.py:545} INFO - Filling up the DagBag from /usr/local/python/3.10.13/lib/python3.10/site-packages/airflow/example_dags/tutorial.py
[2024-07-02T19:20:49.162+0000] {processor.py:840} INFO - DAG(s) 'tutorial' retrieved from /usr/local/python/3.10.13/lib/python3.10/site-packages/airflow/example_dags/tutorial.py
[2024-07-02T19:20:49.173+0000] {logging_mixin.py:188} INFO - [2024-07-02T19:20:49.173+0000] {dag.py:3096} INFO - Sync 1 DAGs
[2024-07-02T19:20:49.187+0000] {logging_mixin.py:188} INFO - [2024-07-02T19:20:49.187+0000] {dag.py:3954} INFO - Setting next_dagrun for tutorial to 2024-07-01 00:00:00+00:00, run_after=2024-07-02 00:00:00+00:00
[2024-07-02T19:20:49.234+0000] {processor.py:183} INFO - Processing /usr/local/python/3.10.13/lib/python3.10/site-packages/airflow/example_dags/tutorial.py took 0.083 seconds
[2024-07-02T19:21:35.729+0000] {processor.py:161} INFO - Started process (PID=10690) to work on /usr/local/python/3.10.13/lib/python3.10/site-packages/airflow/example_dags/tutorial.py
[2024-07-02T19:21:35.729+0000] {processor.py:830} INFO - Processing file /usr/local/python/3.10.13/lib/python3.10/site-packages/airflow/example_dags/tutorial.py for tasks to queue
[2024-07-02T19:21:35.730+0000] {logging_mixin.py:188} INFO - [2024-07-02T19:21:35.730+0000] {dagbag.py:545} INFO - Filling up the DagBag from /usr/local/python/3.10.13/lib/python3.10/site-packages/airflow/example_dags/tutorial.py
[2024-07-02T19:21:35.735+0000] {processor.py:840} INFO - DAG(s) 'tutorial' retrieved from /usr/local/python/3.10.13/lib/python3.10/site-packages/airflow/example_dags/tutorial.py
[2024-07-02T19:21:35.746+0000] {logging_mixin.py:188} INFO - [2024-07-02T19:21:35.746+0000] {dag.py:3096} INFO - Sync 1 DAGs
[2024-07-02T19:21:35.762+0000] {logging_mixin.py:188} INFO - [2024-07-02T19:21:35.762+0000] {dag.py:3954} INFO - Setting next_dagrun for tutorial to 2024-07-01 00:00:00+00:00, run_after=2024-07-02 00:00:00+00:00
[2024-07-02T19:21:35.801+0000] {processor.py:183} INFO - Processing /usr/local/python/3.10.13/lib/python3.10/site-packages/airflow/example_dags/tutorial.py took 0.077 seconds
[2024-07-02T19:22:22.218+0000] {processor.py:161} INFO - Started process (PID=11030) to work on /usr/local/python/3.10.13/lib/python3.10/site-packages/airflow/example_dags/tutorial.py
[2024-07-02T19:22:22.218+0000] {processor.py:830} INFO - Processing file /usr/local/python/3.10.13/lib/python3.10/site-packages/airflow/example_dags/tutorial.py for tasks to queue
[2024-07-02T19:22:22.219+0000] {logging_mixin.py:188} INFO - [2024-07-02T19:22:22.219+0000] {dagbag.py:545} INFO - Filling up the DagBag from /usr/local/python/3.10.13/lib/python3.10/site-packages/airflow/example_dags/tutorial.py
[2024-07-02T19:22:22.224+0000] {processor.py:840} INFO - DAG(s) 'tutorial' retrieved from /usr/local/python/3.10.13/lib/python3.10/site-packages/airflow/example_dags/tutorial.py
[2024-07-02T19:22:22.235+0000] {logging_mixin.py:188} INFO - [2024-07-02T19:22:22.235+0000] {dag.py:3096} INFO - Sync 1 DAGs
[2024-07-02T19:22:22.249+0000] {logging_mixin.py:188} INFO - [2024-07-02T19:22:22.249+0000] {dag.py:3954} INFO - Setting next_dagrun for tutorial to 2024-07-01 00:00:00+00:00, run_after=2024-07-02 00:00:00+00:00
[2024-07-02T19:22:22.291+0000] {processor.py:183} INFO - Processing /usr/local/python/3.10.13/lib/python3.10/site-packages/airflow/example_dags/tutorial.py took 0.078 seconds
[2024-07-02T19:23:05.125+0000] {processor.py:161} INFO - Started process (PID=11368) to work on /usr/local/python/3.10.13/lib/python3.10/site-packages/airflow/example_dags/tutorial.py
[2024-07-02T19:23:05.125+0000] {processor.py:830} INFO - Processing file /usr/local/python/3.10.13/lib/python3.10/site-packages/airflow/example_dags/tutorial.py for tasks to queue
[2024-07-02T19:23:05.126+0000] {logging_mixin.py:188} INFO - [2024-07-02T19:23:05.126+0000] {dagbag.py:545} INFO - Filling up the DagBag from /usr/local/python/3.10.13/lib/python3.10/site-packages/airflow/example_dags/tutorial.py
[2024-07-02T19:23:05.131+0000] {processor.py:840} INFO - DAG(s) 'tutorial' retrieved from /usr/local/python/3.10.13/lib/python3.10/site-packages/airflow/example_dags/tutorial.py
[2024-07-02T19:23:05.142+0000] {logging_mixin.py:188} INFO - [2024-07-02T19:23:05.142+0000] {dag.py:3096} INFO - Sync 1 DAGs
[2024-07-02T19:23:05.156+0000] {logging_mixin.py:188} INFO - [2024-07-02T19:23:05.156+0000] {dag.py:3954} INFO - Setting next_dagrun for tutorial to 2024-07-01 00:00:00+00:00, run_after=2024-07-02 00:00:00+00:00
[2024-07-02T19:23:05.198+0000] {processor.py:183} INFO - Processing /usr/local/python/3.10.13/lib/python3.10/site-packages/airflow/example_dags/tutorial.py took 0.078 seconds
[2024-07-02T19:23:46.063+0000] {processor.py:161} INFO - Started process (PID=11681) to work on /usr/local/python/3.10.13/lib/python3.10/site-packages/airflow/example_dags/tutorial.py
[2024-07-02T19:23:46.064+0000] {processor.py:830} INFO - Processing file /usr/local/python/3.10.13/lib/python3.10/site-packages/airflow/example_dags/tutorial.py for tasks to queue
[2024-07-02T19:23:46.064+0000] {logging_mixin.py:188} INFO - [2024-07-02T19:23:46.064+0000] {dagbag.py:545} INFO - Filling up the DagBag from /usr/local/python/3.10.13/lib/python3.10/site-packages/airflow/example_dags/tutorial.py
[2024-07-02T19:23:46.069+0000] {processor.py:840} INFO - DAG(s) 'tutorial' retrieved from /usr/local/python/3.10.13/lib/python3.10/site-packages/airflow/example_dags/tutorial.py
[2024-07-02T19:23:46.080+0000] {logging_mixin.py:188} INFO - [2024-07-02T19:23:46.080+0000] {dag.py:3096} INFO - Sync 1 DAGs
[2024-07-02T19:23:46.094+0000] {logging_mixin.py:188} INFO - [2024-07-02T19:23:46.094+0000] {dag.py:3954} INFO - Setting next_dagrun for tutorial to 2024-07-01 00:00:00+00:00, run_after=2024-07-02 00:00:00+00:00
[2024-07-02T19:23:46.137+0000] {processor.py:183} INFO - Processing /usr/local/python/3.10.13/lib/python3.10/site-packages/airflow/example_dags/tutorial.py took 0.079 seconds
[2024-07-02T19:24:28.887+0000] {processor.py:161} INFO - Started process (PID=12002) to work on /usr/local/python/3.10.13/lib/python3.10/site-packages/airflow/example_dags/tutorial.py
[2024-07-02T19:24:28.887+0000] {processor.py:830} INFO - Processing file /usr/local/python/3.10.13/lib/python3.10/site-packages/airflow/example_dags/tutorial.py for tasks to queue
[2024-07-02T19:24:28.888+0000] {logging_mixin.py:188} INFO - [2024-07-02T19:24:28.888+0000] {dagbag.py:545} INFO - Filling up the DagBag from /usr/local/python/3.10.13/lib/python3.10/site-packages/airflow/example_dags/tutorial.py
[2024-07-02T19:24:28.893+0000] {processor.py:840} INFO - DAG(s) 'tutorial' retrieved from /usr/local/python/3.10.13/lib/python3.10/site-packages/airflow/example_dags/tutorial.py
[2024-07-02T19:24:28.909+0000] {logging_mixin.py:188} INFO - [2024-07-02T19:24:28.909+0000] {dag.py:3096} INFO - Sync 1 DAGs
[2024-07-02T19:24:28.923+0000] {logging_mixin.py:188} INFO - [2024-07-02T19:24:28.923+0000] {dag.py:3954} INFO - Setting next_dagrun for tutorial to 2024-07-01 00:00:00+00:00, run_after=2024-07-02 00:00:00+00:00
[2024-07-02T19:24:28.963+0000] {processor.py:183} INFO - Processing /usr/local/python/3.10.13/lib/python3.10/site-packages/airflow/example_dags/tutorial.py took 0.081 seconds
[2024-07-02T19:25:11.604+0000] {processor.py:161} INFO - Started process (PID=12325) to work on /usr/local/python/3.10.13/lib/python3.10/site-packages/airflow/example_dags/tutorial.py
[2024-07-02T19:25:11.605+0000] {processor.py:830} INFO - Processing file /usr/local/python/3.10.13/lib/python3.10/site-packages/airflow/example_dags/tutorial.py for tasks to queue
[2024-07-02T19:25:11.606+0000] {logging_mixin.py:188} INFO - [2024-07-02T19:25:11.605+0000] {dagbag.py:545} INFO - Filling up the DagBag from /usr/local/python/3.10.13/lib/python3.10/site-packages/airflow/example_dags/tutorial.py
[2024-07-02T19:25:11.610+0000] {processor.py:840} INFO - DAG(s) 'tutorial' retrieved from /usr/local/python/3.10.13/lib/python3.10/site-packages/airflow/example_dags/tutorial.py
[2024-07-02T19:25:11.622+0000] {logging_mixin.py:188} INFO - [2024-07-02T19:25:11.621+0000] {dag.py:3096} INFO - Sync 1 DAGs
[2024-07-02T19:25:11.636+0000] {logging_mixin.py:188} INFO - [2024-07-02T19:25:11.636+0000] {dag.py:3954} INFO - Setting next_dagrun for tutorial to 2024-07-01 00:00:00+00:00, run_after=2024-07-02 00:00:00+00:00
[2024-07-02T19:25:11.677+0000] {processor.py:183} INFO - Processing /usr/local/python/3.10.13/lib/python3.10/site-packages/airflow/example_dags/tutorial.py took 0.078 seconds
[2024-07-02T19:25:54.697+0000] {processor.py:161} INFO - Started process (PID=12657) to work on /usr/local/python/3.10.13/lib/python3.10/site-packages/airflow/example_dags/tutorial.py
[2024-07-02T19:25:54.697+0000] {processor.py:830} INFO - Processing file /usr/local/python/3.10.13/lib/python3.10/site-packages/airflow/example_dags/tutorial.py for tasks to queue
[2024-07-02T19:25:54.698+0000] {logging_mixin.py:188} INFO - [2024-07-02T19:25:54.698+0000] {dagbag.py:545} INFO - Filling up the DagBag from /usr/local/python/3.10.13/lib/python3.10/site-packages/airflow/example_dags/tutorial.py
[2024-07-02T19:25:54.703+0000] {processor.py:840} INFO - DAG(s) 'tutorial' retrieved from /usr/local/python/3.10.13/lib/python3.10/site-packages/airflow/example_dags/tutorial.py
[2024-07-02T19:25:54.714+0000] {logging_mixin.py:188} INFO - [2024-07-02T19:25:54.714+0000] {dag.py:3096} INFO - Sync 1 DAGs
[2024-07-02T19:25:54.728+0000] {logging_mixin.py:188} INFO - [2024-07-02T19:25:54.728+0000] {dag.py:3954} INFO - Setting next_dagrun for tutorial to 2024-07-01 00:00:00+00:00, run_after=2024-07-02 00:00:00+00:00
[2024-07-02T19:25:54.773+0000] {processor.py:183} INFO - Processing /usr/local/python/3.10.13/lib/python3.10/site-packages/airflow/example_dags/tutorial.py took 0.081 seconds
[2024-07-02T19:26:37.835+0000] {processor.py:161} INFO - Started process (PID=12993) to work on /usr/local/python/3.10.13/lib/python3.10/site-packages/airflow/example_dags/tutorial.py
[2024-07-02T19:26:37.835+0000] {processor.py:830} INFO - Processing file /usr/local/python/3.10.13/lib/python3.10/site-packages/airflow/example_dags/tutorial.py for tasks to queue
[2024-07-02T19:26:37.836+0000] {logging_mixin.py:188} INFO - [2024-07-02T19:26:37.836+0000] {dagbag.py:545} INFO - Filling up the DagBag from /usr/local/python/3.10.13/lib/python3.10/site-packages/airflow/example_dags/tutorial.py
[2024-07-02T19:26:37.841+0000] {processor.py:840} INFO - DAG(s) 'tutorial' retrieved from /usr/local/python/3.10.13/lib/python3.10/site-packages/airflow/example_dags/tutorial.py
[2024-07-02T19:26:37.852+0000] {logging_mixin.py:188} INFO - [2024-07-02T19:26:37.852+0000] {dag.py:3096} INFO - Sync 1 DAGs
[2024-07-02T19:26:37.866+0000] {logging_mixin.py:188} INFO - [2024-07-02T19:26:37.866+0000] {dag.py:3954} INFO - Setting next_dagrun for tutorial to 2024-07-01 00:00:00+00:00, run_after=2024-07-02 00:00:00+00:00
[2024-07-02T19:26:37.906+0000] {processor.py:183} INFO - Processing /usr/local/python/3.10.13/lib/python3.10/site-packages/airflow/example_dags/tutorial.py took 0.076 seconds
[2024-07-02T19:27:22.668+0000] {processor.py:161} INFO - Started process (PID=13377) to work on /usr/local/python/3.10.13/lib/python3.10/site-packages/airflow/example_dags/tutorial.py
[2024-07-02T19:27:22.668+0000] {processor.py:830} INFO - Processing file /usr/local/python/3.10.13/lib/python3.10/site-packages/airflow/example_dags/tutorial.py for tasks to queue
[2024-07-02T19:27:22.669+0000] {logging_mixin.py:188} INFO - [2024-07-02T19:27:22.669+0000] {dagbag.py:545} INFO - Filling up the DagBag from /usr/local/python/3.10.13/lib/python3.10/site-packages/airflow/example_dags/tutorial.py
[2024-07-02T19:27:22.675+0000] {processor.py:840} INFO - DAG(s) 'tutorial' retrieved from /usr/local/python/3.10.13/lib/python3.10/site-packages/airflow/example_dags/tutorial.py
[2024-07-02T19:27:22.690+0000] {logging_mixin.py:188} INFO - [2024-07-02T19:27:22.690+0000] {dag.py:3096} INFO - Sync 1 DAGs
[2024-07-02T19:27:22.705+0000] {logging_mixin.py:188} INFO - [2024-07-02T19:27:22.704+0000] {dag.py:3954} INFO - Setting next_dagrun for tutorial to 2024-07-01 00:00:00+00:00, run_after=2024-07-02 00:00:00+00:00
[2024-07-02T19:27:22.745+0000] {processor.py:183} INFO - Processing /usr/local/python/3.10.13/lib/python3.10/site-packages/airflow/example_dags/tutorial.py took 0.081 seconds
[2024-07-02T19:28:03.922+0000] {processor.py:161} INFO - Started process (PID=13759) to work on /usr/local/python/3.10.13/lib/python3.10/site-packages/airflow/example_dags/tutorial.py
[2024-07-02T19:28:03.923+0000] {processor.py:830} INFO - Processing file /usr/local/python/3.10.13/lib/python3.10/site-packages/airflow/example_dags/tutorial.py for tasks to queue
[2024-07-02T19:28:03.923+0000] {logging_mixin.py:188} INFO - [2024-07-02T19:28:03.923+0000] {dagbag.py:545} INFO - Filling up the DagBag from /usr/local/python/3.10.13/lib/python3.10/site-packages/airflow/example_dags/tutorial.py
[2024-07-02T19:28:03.928+0000] {processor.py:840} INFO - DAG(s) 'tutorial' retrieved from /usr/local/python/3.10.13/lib/python3.10/site-packages/airflow/example_dags/tutorial.py
[2024-07-02T19:28:03.939+0000] {logging_mixin.py:188} INFO - [2024-07-02T19:28:03.939+0000] {dag.py:3096} INFO - Sync 1 DAGs
[2024-07-02T19:28:03.954+0000] {logging_mixin.py:188} INFO - [2024-07-02T19:28:03.954+0000] {dag.py:3954} INFO - Setting next_dagrun for tutorial to 2024-07-01 00:00:00+00:00, run_after=2024-07-02 00:00:00+00:00
[2024-07-02T19:28:03.995+0000] {processor.py:183} INFO - Processing /usr/local/python/3.10.13/lib/python3.10/site-packages/airflow/example_dags/tutorial.py took 0.078 seconds
[2024-07-02T19:28:46.649+0000] {processor.py:161} INFO - Started process (PID=14115) to work on /usr/local/python/3.10.13/lib/python3.10/site-packages/airflow/example_dags/tutorial.py
[2024-07-02T19:28:46.650+0000] {processor.py:830} INFO - Processing file /usr/local/python/3.10.13/lib/python3.10/site-packages/airflow/example_dags/tutorial.py for tasks to queue
[2024-07-02T19:28:46.651+0000] {logging_mixin.py:188} INFO - [2024-07-02T19:28:46.650+0000] {dagbag.py:545} INFO - Filling up the DagBag from /usr/local/python/3.10.13/lib/python3.10/site-packages/airflow/example_dags/tutorial.py
[2024-07-02T19:28:46.658+0000] {processor.py:840} INFO - DAG(s) 'tutorial' retrieved from /usr/local/python/3.10.13/lib/python3.10/site-packages/airflow/example_dags/tutorial.py
[2024-07-02T19:28:46.670+0000] {logging_mixin.py:188} INFO - [2024-07-02T19:28:46.670+0000] {dag.py:3096} INFO - Sync 1 DAGs
[2024-07-02T19:28:46.690+0000] {logging_mixin.py:188} INFO - [2024-07-02T19:28:46.689+0000] {dag.py:3954} INFO - Setting next_dagrun for tutorial to 2024-07-01 00:00:00+00:00, run_after=2024-07-02 00:00:00+00:00
[2024-07-02T19:28:46.730+0000] {processor.py:183} INFO - Processing /usr/local/python/3.10.13/lib/python3.10/site-packages/airflow/example_dags/tutorial.py took 0.088 seconds
[2024-07-02T19:29:33.409+0000] {processor.py:161} INFO - Started process (PID=14495) to work on /usr/local/python/3.10.13/lib/python3.10/site-packages/airflow/example_dags/tutorial.py
[2024-07-02T19:29:33.410+0000] {processor.py:830} INFO - Processing file /usr/local/python/3.10.13/lib/python3.10/site-packages/airflow/example_dags/tutorial.py for tasks to queue
[2024-07-02T19:29:33.411+0000] {logging_mixin.py:188} INFO - [2024-07-02T19:29:33.410+0000] {dagbag.py:545} INFO - Filling up the DagBag from /usr/local/python/3.10.13/lib/python3.10/site-packages/airflow/example_dags/tutorial.py
[2024-07-02T19:29:33.415+0000] {processor.py:840} INFO - DAG(s) 'tutorial' retrieved from /usr/local/python/3.10.13/lib/python3.10/site-packages/airflow/example_dags/tutorial.py
[2024-07-02T19:29:33.427+0000] {logging_mixin.py:188} INFO - [2024-07-02T19:29:33.427+0000] {dag.py:3096} INFO - Sync 1 DAGs
[2024-07-02T19:29:33.441+0000] {logging_mixin.py:188} INFO - [2024-07-02T19:29:33.441+0000] {dag.py:3954} INFO - Setting next_dagrun for tutorial to 2024-07-01 00:00:00+00:00, run_after=2024-07-02 00:00:00+00:00
[2024-07-02T19:29:33.482+0000] {processor.py:183} INFO - Processing /usr/local/python/3.10.13/lib/python3.10/site-packages/airflow/example_dags/tutorial.py took 0.077 seconds
[2024-07-02T19:30:19.275+0000] {processor.py:161} INFO - Started process (PID=14881) to work on /usr/local/python/3.10.13/lib/python3.10/site-packages/airflow/example_dags/tutorial.py
[2024-07-02T19:30:19.275+0000] {processor.py:830} INFO - Processing file /usr/local/python/3.10.13/lib/python3.10/site-packages/airflow/example_dags/tutorial.py for tasks to queue
[2024-07-02T19:30:19.276+0000] {logging_mixin.py:188} INFO - [2024-07-02T19:30:19.276+0000] {dagbag.py:545} INFO - Filling up the DagBag from /usr/local/python/3.10.13/lib/python3.10/site-packages/airflow/example_dags/tutorial.py
[2024-07-02T19:30:19.281+0000] {processor.py:840} INFO - DAG(s) 'tutorial' retrieved from /usr/local/python/3.10.13/lib/python3.10/site-packages/airflow/example_dags/tutorial.py
[2024-07-02T19:30:19.292+0000] {logging_mixin.py:188} INFO - [2024-07-02T19:30:19.292+0000] {dag.py:3096} INFO - Sync 1 DAGs
[2024-07-02T19:30:19.307+0000] {logging_mixin.py:188} INFO - [2024-07-02T19:30:19.307+0000] {dag.py:3954} INFO - Setting next_dagrun for tutorial to 2024-07-01 00:00:00+00:00, run_after=2024-07-02 00:00:00+00:00
[2024-07-02T19:30:19.352+0000] {processor.py:183} INFO - Processing /usr/local/python/3.10.13/lib/python3.10/site-packages/airflow/example_dags/tutorial.py took 0.082 seconds
[2024-07-02T19:31:05.532+0000] {processor.py:161} INFO - Started process (PID=15235) to work on /usr/local/python/3.10.13/lib/python3.10/site-packages/airflow/example_dags/tutorial.py
[2024-07-02T19:31:05.532+0000] {processor.py:830} INFO - Processing file /usr/local/python/3.10.13/lib/python3.10/site-packages/airflow/example_dags/tutorial.py for tasks to queue
[2024-07-02T19:31:05.533+0000] {logging_mixin.py:188} INFO - [2024-07-02T19:31:05.533+0000] {dagbag.py:545} INFO - Filling up the DagBag from /usr/local/python/3.10.13/lib/python3.10/site-packages/airflow/example_dags/tutorial.py
[2024-07-02T19:31:05.538+0000] {processor.py:840} INFO - DAG(s) 'tutorial' retrieved from /usr/local/python/3.10.13/lib/python3.10/site-packages/airflow/example_dags/tutorial.py
[2024-07-02T19:31:05.548+0000] {logging_mixin.py:188} INFO - [2024-07-02T19:31:05.548+0000] {dag.py:3096} INFO - Sync 1 DAGs
[2024-07-02T19:31:05.563+0000] {logging_mixin.py:188} INFO - [2024-07-02T19:31:05.562+0000] {dag.py:3954} INFO - Setting next_dagrun for tutorial to 2024-07-01 00:00:00+00:00, run_after=2024-07-02 00:00:00+00:00
[2024-07-02T19:31:05.808+0000] {processor.py:183} INFO - Processing /usr/local/python/3.10.13/lib/python3.10/site-packages/airflow/example_dags/tutorial.py took 0.281 seconds
[2024-07-02T19:31:55.677+0000] {processor.py:161} INFO - Started process (PID=15612) to work on /usr/local/python/3.10.13/lib/python3.10/site-packages/airflow/example_dags/tutorial.py
[2024-07-02T19:31:55.678+0000] {processor.py:830} INFO - Processing file /usr/local/python/3.10.13/lib/python3.10/site-packages/airflow/example_dags/tutorial.py for tasks to queue
[2024-07-02T19:31:55.679+0000] {logging_mixin.py:188} INFO - [2024-07-02T19:31:55.678+0000] {dagbag.py:545} INFO - Filling up the DagBag from /usr/local/python/3.10.13/lib/python3.10/site-packages/airflow/example_dags/tutorial.py
[2024-07-02T19:31:55.683+0000] {processor.py:840} INFO - DAG(s) 'tutorial' retrieved from /usr/local/python/3.10.13/lib/python3.10/site-packages/airflow/example_dags/tutorial.py
[2024-07-02T19:31:55.694+0000] {logging_mixin.py:188} INFO - [2024-07-02T19:31:55.694+0000] {dag.py:3096} INFO - Sync 1 DAGs
[2024-07-02T19:31:55.709+0000] {logging_mixin.py:188} INFO - [2024-07-02T19:31:55.709+0000] {dag.py:3954} INFO - Setting next_dagrun for tutorial to 2024-07-01 00:00:00+00:00, run_after=2024-07-02 00:00:00+00:00
[2024-07-02T19:31:55.750+0000] {processor.py:183} INFO - Processing /usr/local/python/3.10.13/lib/python3.10/site-packages/airflow/example_dags/tutorial.py took 0.078 seconds
[2024-07-02T19:32:38.924+0000] {processor.py:161} INFO - Started process (PID=15935) to work on /usr/local/python/3.10.13/lib/python3.10/site-packages/airflow/example_dags/tutorial.py
[2024-07-02T19:32:38.925+0000] {processor.py:830} INFO - Processing file /usr/local/python/3.10.13/lib/python3.10/site-packages/airflow/example_dags/tutorial.py for tasks to queue
[2024-07-02T19:32:38.926+0000] {logging_mixin.py:188} INFO - [2024-07-02T19:32:38.926+0000] {dagbag.py:545} INFO - Filling up the DagBag from /usr/local/python/3.10.13/lib/python3.10/site-packages/airflow/example_dags/tutorial.py
[2024-07-02T19:32:38.930+0000] {processor.py:840} INFO - DAG(s) 'tutorial' retrieved from /usr/local/python/3.10.13/lib/python3.10/site-packages/airflow/example_dags/tutorial.py
[2024-07-02T19:32:38.942+0000] {logging_mixin.py:188} INFO - [2024-07-02T19:32:38.941+0000] {dag.py:3096} INFO - Sync 1 DAGs
[2024-07-02T19:32:38.956+0000] {logging_mixin.py:188} INFO - [2024-07-02T19:32:38.956+0000] {dag.py:3954} INFO - Setting next_dagrun for tutorial to 2024-07-01 00:00:00+00:00, run_after=2024-07-02 00:00:00+00:00
[2024-07-02T19:32:38.997+0000] {processor.py:183} INFO - Processing /usr/local/python/3.10.13/lib/python3.10/site-packages/airflow/example_dags/tutorial.py took 0.077 seconds
[2024-07-02T19:33:22.277+0000] {processor.py:161} INFO - Started process (PID=16327) to work on /usr/local/python/3.10.13/lib/python3.10/site-packages/airflow/example_dags/tutorial.py
[2024-07-02T19:33:22.278+0000] {processor.py:830} INFO - Processing file /usr/local/python/3.10.13/lib/python3.10/site-packages/airflow/example_dags/tutorial.py for tasks to queue
[2024-07-02T19:33:22.279+0000] {logging_mixin.py:188} INFO - [2024-07-02T19:33:22.278+0000] {dagbag.py:545} INFO - Filling up the DagBag from /usr/local/python/3.10.13/lib/python3.10/site-packages/airflow/example_dags/tutorial.py
[2024-07-02T19:33:22.283+0000] {processor.py:840} INFO - DAG(s) 'tutorial' retrieved from /usr/local/python/3.10.13/lib/python3.10/site-packages/airflow/example_dags/tutorial.py
[2024-07-02T19:33:22.295+0000] {logging_mixin.py:188} INFO - [2024-07-02T19:33:22.294+0000] {dag.py:3096} INFO - Sync 1 DAGs
[2024-07-02T19:33:22.310+0000] {logging_mixin.py:188} INFO - [2024-07-02T19:33:22.310+0000] {dag.py:3954} INFO - Setting next_dagrun for tutorial to 2024-07-01 00:00:00+00:00, run_after=2024-07-02 00:00:00+00:00
[2024-07-02T19:33:22.351+0000] {processor.py:183} INFO - Processing /usr/local/python/3.10.13/lib/python3.10/site-packages/airflow/example_dags/tutorial.py took 0.078 seconds
[2024-07-02T19:34:07.406+0000] {processor.py:161} INFO - Started process (PID=16683) to work on /usr/local/python/3.10.13/lib/python3.10/site-packages/airflow/example_dags/tutorial.py
[2024-07-02T19:34:07.407+0000] {processor.py:830} INFO - Processing file /usr/local/python/3.10.13/lib/python3.10/site-packages/airflow/example_dags/tutorial.py for tasks to queue
[2024-07-02T19:34:07.408+0000] {logging_mixin.py:188} INFO - [2024-07-02T19:34:07.407+0000] {dagbag.py:545} INFO - Filling up the DagBag from /usr/local/python/3.10.13/lib/python3.10/site-packages/airflow/example_dags/tutorial.py
[2024-07-02T19:34:07.412+0000] {processor.py:840} INFO - DAG(s) 'tutorial' retrieved from /usr/local/python/3.10.13/lib/python3.10/site-packages/airflow/example_dags/tutorial.py
[2024-07-02T19:34:07.424+0000] {logging_mixin.py:188} INFO - [2024-07-02T19:34:07.424+0000] {dag.py:3096} INFO - Sync 1 DAGs
[2024-07-02T19:34:07.438+0000] {logging_mixin.py:188} INFO - [2024-07-02T19:34:07.438+0000] {dag.py:3954} INFO - Setting next_dagrun for tutorial to 2024-07-01 00:00:00+00:00, run_after=2024-07-02 00:00:00+00:00
[2024-07-02T19:34:07.478+0000] {processor.py:183} INFO - Processing /usr/local/python/3.10.13/lib/python3.10/site-packages/airflow/example_dags/tutorial.py took 0.079 seconds
[2024-07-02T19:34:52.745+0000] {processor.py:161} INFO - Started process (PID=17050) to work on /usr/local/python/3.10.13/lib/python3.10/site-packages/airflow/example_dags/tutorial.py
[2024-07-02T19:34:52.746+0000] {processor.py:830} INFO - Processing file /usr/local/python/3.10.13/lib/python3.10/site-packages/airflow/example_dags/tutorial.py for tasks to queue
[2024-07-02T19:34:52.746+0000] {logging_mixin.py:188} INFO - [2024-07-02T19:34:52.746+0000] {dagbag.py:545} INFO - Filling up the DagBag from /usr/local/python/3.10.13/lib/python3.10/site-packages/airflow/example_dags/tutorial.py
[2024-07-02T19:34:52.751+0000] {processor.py:840} INFO - DAG(s) 'tutorial' retrieved from /usr/local/python/3.10.13/lib/python3.10/site-packages/airflow/example_dags/tutorial.py
[2024-07-02T19:34:52.766+0000] {logging_mixin.py:188} INFO - [2024-07-02T19:34:52.766+0000] {dag.py:3096} INFO - Sync 1 DAGs
[2024-07-02T19:34:52.788+0000] {logging_mixin.py:188} INFO - [2024-07-02T19:34:52.788+0000] {dag.py:3954} INFO - Setting next_dagrun for tutorial to 2024-07-01 00:00:00+00:00, run_after=2024-07-02 00:00:00+00:00
[2024-07-02T19:34:52.834+0000] {processor.py:183} INFO - Processing /usr/local/python/3.10.13/lib/python3.10/site-packages/airflow/example_dags/tutorial.py took 0.093 seconds
[2024-07-02T19:35:39.816+0000] {processor.py:161} INFO - Started process (PID=17469) to work on /usr/local/python/3.10.13/lib/python3.10/site-packages/airflow/example_dags/tutorial.py
[2024-07-02T19:35:39.817+0000] {processor.py:830} INFO - Processing file /usr/local/python/3.10.13/lib/python3.10/site-packages/airflow/example_dags/tutorial.py for tasks to queue
[2024-07-02T19:35:39.818+0000] {logging_mixin.py:188} INFO - [2024-07-02T19:35:39.818+0000] {dagbag.py:545} INFO - Filling up the DagBag from /usr/local/python/3.10.13/lib/python3.10/site-packages/airflow/example_dags/tutorial.py
[2024-07-02T19:35:39.823+0000] {processor.py:840} INFO - DAG(s) 'tutorial' retrieved from /usr/local/python/3.10.13/lib/python3.10/site-packages/airflow/example_dags/tutorial.py
[2024-07-02T19:35:39.834+0000] {logging_mixin.py:188} INFO - [2024-07-02T19:35:39.834+0000] {dag.py:3096} INFO - Sync 1 DAGs
[2024-07-02T19:35:39.849+0000] {logging_mixin.py:188} INFO - [2024-07-02T19:35:39.849+0000] {dag.py:3954} INFO - Setting next_dagrun for tutorial to 2024-07-01 00:00:00+00:00, run_after=2024-07-02 00:00:00+00:00
[2024-07-02T19:35:39.892+0000] {processor.py:183} INFO - Processing /usr/local/python/3.10.13/lib/python3.10/site-packages/airflow/example_dags/tutorial.py took 0.080 seconds
[2024-07-02T19:36:33.114+0000] {processor.py:161} INFO - Started process (PID=17913) to work on /usr/local/python/3.10.13/lib/python3.10/site-packages/airflow/example_dags/tutorial.py
[2024-07-02T19:36:33.115+0000] {processor.py:830} INFO - Processing file /usr/local/python/3.10.13/lib/python3.10/site-packages/airflow/example_dags/tutorial.py for tasks to queue
[2024-07-02T19:36:33.116+0000] {logging_mixin.py:188} INFO - [2024-07-02T19:36:33.115+0000] {dagbag.py:545} INFO - Filling up the DagBag from /usr/local/python/3.10.13/lib/python3.10/site-packages/airflow/example_dags/tutorial.py
[2024-07-02T19:36:33.120+0000] {processor.py:840} INFO - DAG(s) 'tutorial' retrieved from /usr/local/python/3.10.13/lib/python3.10/site-packages/airflow/example_dags/tutorial.py
[2024-07-02T19:36:33.131+0000] {logging_mixin.py:188} INFO - [2024-07-02T19:36:33.131+0000] {dag.py:3096} INFO - Sync 1 DAGs
[2024-07-02T19:36:33.145+0000] {logging_mixin.py:188} INFO - [2024-07-02T19:36:33.145+0000] {dag.py:3954} INFO - Setting next_dagrun for tutorial to 2024-07-01 00:00:00+00:00, run_after=2024-07-02 00:00:00+00:00
[2024-07-02T19:36:33.186+0000] {processor.py:183} INFO - Processing /usr/local/python/3.10.13/lib/python3.10/site-packages/airflow/example_dags/tutorial.py took 0.077 seconds
[2024-07-02T19:37:25.223+0000] {processor.py:161} INFO - Started process (PID=18278) to work on /usr/local/python/3.10.13/lib/python3.10/site-packages/airflow/example_dags/tutorial.py
[2024-07-02T19:37:25.224+0000] {processor.py:830} INFO - Processing file /usr/local/python/3.10.13/lib/python3.10/site-packages/airflow/example_dags/tutorial.py for tasks to queue
[2024-07-02T19:37:25.225+0000] {logging_mixin.py:188} INFO - [2024-07-02T19:37:25.224+0000] {dagbag.py:545} INFO - Filling up the DagBag from /usr/local/python/3.10.13/lib/python3.10/site-packages/airflow/example_dags/tutorial.py
[2024-07-02T19:37:25.229+0000] {processor.py:840} INFO - DAG(s) 'tutorial' retrieved from /usr/local/python/3.10.13/lib/python3.10/site-packages/airflow/example_dags/tutorial.py
[2024-07-02T19:37:25.240+0000] {logging_mixin.py:188} INFO - [2024-07-02T19:37:25.240+0000] {dag.py:3096} INFO - Sync 1 DAGs
[2024-07-02T19:37:25.254+0000] {logging_mixin.py:188} INFO - [2024-07-02T19:37:25.254+0000] {dag.py:3954} INFO - Setting next_dagrun for tutorial to 2024-07-01 00:00:00+00:00, run_after=2024-07-02 00:00:00+00:00
[2024-07-02T19:37:25.297+0000] {processor.py:183} INFO - Processing /usr/local/python/3.10.13/lib/python3.10/site-packages/airflow/example_dags/tutorial.py took 0.079 seconds
[2024-07-02T19:38:08.614+0000] {processor.py:161} INFO - Started process (PID=18610) to work on /usr/local/python/3.10.13/lib/python3.10/site-packages/airflow/example_dags/tutorial.py
[2024-07-02T19:38:08.615+0000] {processor.py:830} INFO - Processing file /usr/local/python/3.10.13/lib/python3.10/site-packages/airflow/example_dags/tutorial.py for tasks to queue
[2024-07-02T19:38:08.616+0000] {logging_mixin.py:188} INFO - [2024-07-02T19:38:08.615+0000] {dagbag.py:545} INFO - Filling up the DagBag from /usr/local/python/3.10.13/lib/python3.10/site-packages/airflow/example_dags/tutorial.py
[2024-07-02T19:38:08.621+0000] {processor.py:840} INFO - DAG(s) 'tutorial' retrieved from /usr/local/python/3.10.13/lib/python3.10/site-packages/airflow/example_dags/tutorial.py
[2024-07-02T19:38:08.633+0000] {logging_mixin.py:188} INFO - [2024-07-02T19:38:08.632+0000] {dag.py:3096} INFO - Sync 1 DAGs
[2024-07-02T19:38:08.648+0000] {logging_mixin.py:188} INFO - [2024-07-02T19:38:08.648+0000] {dag.py:3954} INFO - Setting next_dagrun for tutorial to 2024-07-01 00:00:00+00:00, run_after=2024-07-02 00:00:00+00:00
[2024-07-02T19:38:08.696+0000] {processor.py:183} INFO - Processing /usr/local/python/3.10.13/lib/python3.10/site-packages/airflow/example_dags/tutorial.py took 0.086 seconds
[2024-07-02T19:38:51.718+0000] {processor.py:161} INFO - Started process (PID=18911) to work on /usr/local/python/3.10.13/lib/python3.10/site-packages/airflow/example_dags/tutorial.py
[2024-07-02T19:38:51.718+0000] {processor.py:830} INFO - Processing file /usr/local/python/3.10.13/lib/python3.10/site-packages/airflow/example_dags/tutorial.py for tasks to queue
[2024-07-02T19:38:51.719+0000] {logging_mixin.py:188} INFO - [2024-07-02T19:38:51.719+0000] {dagbag.py:545} INFO - Filling up the DagBag from /usr/local/python/3.10.13/lib/python3.10/site-packages/airflow/example_dags/tutorial.py
[2024-07-02T19:38:51.724+0000] {processor.py:840} INFO - DAG(s) 'tutorial' retrieved from /usr/local/python/3.10.13/lib/python3.10/site-packages/airflow/example_dags/tutorial.py
[2024-07-02T19:38:51.735+0000] {logging_mixin.py:188} INFO - [2024-07-02T19:38:51.735+0000] {dag.py:3096} INFO - Sync 1 DAGs
[2024-07-02T19:38:51.750+0000] {logging_mixin.py:188} INFO - [2024-07-02T19:38:51.750+0000] {dag.py:3954} INFO - Setting next_dagrun for tutorial to 2024-07-01 00:00:00+00:00, run_after=2024-07-02 00:00:00+00:00
[2024-07-02T19:38:51.790+0000] {processor.py:183} INFO - Processing /usr/local/python/3.10.13/lib/python3.10/site-packages/airflow/example_dags/tutorial.py took 0.077 seconds
[2024-07-02T19:39:35.842+0000] {processor.py:161} INFO - Started process (PID=19241) to work on /usr/local/python/3.10.13/lib/python3.10/site-packages/airflow/example_dags/tutorial.py
[2024-07-02T19:39:35.843+0000] {processor.py:830} INFO - Processing file /usr/local/python/3.10.13/lib/python3.10/site-packages/airflow/example_dags/tutorial.py for tasks to queue
[2024-07-02T19:39:35.844+0000] {logging_mixin.py:188} INFO - [2024-07-02T19:39:35.843+0000] {dagbag.py:545} INFO - Filling up the DagBag from /usr/local/python/3.10.13/lib/python3.10/site-packages/airflow/example_dags/tutorial.py
[2024-07-02T19:39:35.849+0000] {processor.py:840} INFO - DAG(s) 'tutorial' retrieved from /usr/local/python/3.10.13/lib/python3.10/site-packages/airflow/example_dags/tutorial.py
[2024-07-02T19:39:35.860+0000] {logging_mixin.py:188} INFO - [2024-07-02T19:39:35.860+0000] {dag.py:3096} INFO - Sync 1 DAGs
[2024-07-02T19:39:35.874+0000] {logging_mixin.py:188} INFO - [2024-07-02T19:39:35.874+0000] {dag.py:3954} INFO - Setting next_dagrun for tutorial to 2024-07-01 00:00:00+00:00, run_after=2024-07-02 00:00:00+00:00
[2024-07-02T19:39:35.915+0000] {processor.py:183} INFO - Processing /usr/local/python/3.10.13/lib/python3.10/site-packages/airflow/example_dags/tutorial.py took 0.077 seconds
[2024-07-02T19:40:33.338+0000] {processor.py:161} INFO - Started process (PID=19678) to work on /usr/local/python/3.10.13/lib/python3.10/site-packages/airflow/example_dags/tutorial.py
[2024-07-02T19:40:33.339+0000] {processor.py:830} INFO - Processing file /usr/local/python/3.10.13/lib/python3.10/site-packages/airflow/example_dags/tutorial.py for tasks to queue
[2024-07-02T19:40:33.340+0000] {logging_mixin.py:188} INFO - [2024-07-02T19:40:33.340+0000] {dagbag.py:545} INFO - Filling up the DagBag from /usr/local/python/3.10.13/lib/python3.10/site-packages/airflow/example_dags/tutorial.py
[2024-07-02T19:40:33.345+0000] {processor.py:840} INFO - DAG(s) 'tutorial' retrieved from /usr/local/python/3.10.13/lib/python3.10/site-packages/airflow/example_dags/tutorial.py
[2024-07-02T19:40:33.360+0000] {logging_mixin.py:188} INFO - [2024-07-02T19:40:33.360+0000] {dag.py:3096} INFO - Sync 1 DAGs
[2024-07-02T19:40:33.376+0000] {logging_mixin.py:188} INFO - [2024-07-02T19:40:33.376+0000] {dag.py:3954} INFO - Setting next_dagrun for tutorial to 2024-07-01 00:00:00+00:00, run_after=2024-07-02 00:00:00+00:00
[2024-07-02T19:40:33.418+0000] {processor.py:183} INFO - Processing /usr/local/python/3.10.13/lib/python3.10/site-packages/airflow/example_dags/tutorial.py took 0.084 seconds
[2024-07-02T19:41:16.620+0000] {processor.py:161} INFO - Started process (PID=20009) to work on /usr/local/python/3.10.13/lib/python3.10/site-packages/airflow/example_dags/tutorial.py
[2024-07-02T19:41:16.621+0000] {processor.py:830} INFO - Processing file /usr/local/python/3.10.13/lib/python3.10/site-packages/airflow/example_dags/tutorial.py for tasks to queue
[2024-07-02T19:41:16.622+0000] {logging_mixin.py:188} INFO - [2024-07-02T19:41:16.621+0000] {dagbag.py:545} INFO - Filling up the DagBag from /usr/local/python/3.10.13/lib/python3.10/site-packages/airflow/example_dags/tutorial.py
[2024-07-02T19:41:16.626+0000] {processor.py:840} INFO - DAG(s) 'tutorial' retrieved from /usr/local/python/3.10.13/lib/python3.10/site-packages/airflow/example_dags/tutorial.py
[2024-07-02T19:41:16.639+0000] {logging_mixin.py:188} INFO - [2024-07-02T19:41:16.638+0000] {dag.py:3096} INFO - Sync 1 DAGs
[2024-07-02T19:41:16.653+0000] {logging_mixin.py:188} INFO - [2024-07-02T19:41:16.653+0000] {dag.py:3954} INFO - Setting next_dagrun for tutorial to 2024-07-01 00:00:00+00:00, run_after=2024-07-02 00:00:00+00:00
[2024-07-02T19:41:16.693+0000] {processor.py:183} INFO - Processing /usr/local/python/3.10.13/lib/python3.10/site-packages/airflow/example_dags/tutorial.py took 0.077 seconds
[2024-07-02T19:41:59.516+0000] {processor.py:161} INFO - Started process (PID=20334) to work on /usr/local/python/3.10.13/lib/python3.10/site-packages/airflow/example_dags/tutorial.py
[2024-07-02T19:41:59.517+0000] {processor.py:830} INFO - Processing file /usr/local/python/3.10.13/lib/python3.10/site-packages/airflow/example_dags/tutorial.py for tasks to queue
[2024-07-02T19:41:59.518+0000] {logging_mixin.py:188} INFO - [2024-07-02T19:41:59.517+0000] {dagbag.py:545} INFO - Filling up the DagBag from /usr/local/python/3.10.13/lib/python3.10/site-packages/airflow/example_dags/tutorial.py
[2024-07-02T19:41:59.522+0000] {processor.py:840} INFO - DAG(s) 'tutorial' retrieved from /usr/local/python/3.10.13/lib/python3.10/site-packages/airflow/example_dags/tutorial.py
[2024-07-02T19:41:59.533+0000] {logging_mixin.py:188} INFO - [2024-07-02T19:41:59.533+0000] {dag.py:3096} INFO - Sync 1 DAGs
[2024-07-02T19:41:59.547+0000] {logging_mixin.py:188} INFO - [2024-07-02T19:41:59.547+0000] {dag.py:3954} INFO - Setting next_dagrun for tutorial to 2024-07-01 00:00:00+00:00, run_after=2024-07-02 00:00:00+00:00
[2024-07-02T19:41:59.586+0000] {processor.py:183} INFO - Processing /usr/local/python/3.10.13/lib/python3.10/site-packages/airflow/example_dags/tutorial.py took 0.074 seconds
[2024-07-02T19:42:39.957+0000] {processor.py:161} INFO - Started process (PID=20648) to work on /usr/local/python/3.10.13/lib/python3.10/site-packages/airflow/example_dags/tutorial.py
[2024-07-02T19:42:39.958+0000] {processor.py:830} INFO - Processing file /usr/local/python/3.10.13/lib/python3.10/site-packages/airflow/example_dags/tutorial.py for tasks to queue
[2024-07-02T19:42:39.958+0000] {logging_mixin.py:188} INFO - [2024-07-02T19:42:39.958+0000] {dagbag.py:545} INFO - Filling up the DagBag from /usr/local/python/3.10.13/lib/python3.10/site-packages/airflow/example_dags/tutorial.py
[2024-07-02T19:42:39.963+0000] {processor.py:840} INFO - DAG(s) 'tutorial' retrieved from /usr/local/python/3.10.13/lib/python3.10/site-packages/airflow/example_dags/tutorial.py
[2024-07-02T19:42:39.974+0000] {logging_mixin.py:188} INFO - [2024-07-02T19:42:39.974+0000] {dag.py:3096} INFO - Sync 1 DAGs
[2024-07-02T19:42:39.988+0000] {logging_mixin.py:188} INFO - [2024-07-02T19:42:39.988+0000] {dag.py:3954} INFO - Setting next_dagrun for tutorial to 2024-07-01 00:00:00+00:00, run_after=2024-07-02 00:00:00+00:00
[2024-07-02T19:42:40.033+0000] {processor.py:183} INFO - Processing /usr/local/python/3.10.13/lib/python3.10/site-packages/airflow/example_dags/tutorial.py took 0.080 seconds
[2024-07-02T19:43:30.074+0000] {processor.py:161} INFO - Started process (PID=21083) to work on /usr/local/python/3.10.13/lib/python3.10/site-packages/airflow/example_dags/tutorial.py
[2024-07-02T19:43:30.074+0000] {processor.py:830} INFO - Processing file /usr/local/python/3.10.13/lib/python3.10/site-packages/airflow/example_dags/tutorial.py for tasks to queue
[2024-07-02T19:43:30.075+0000] {logging_mixin.py:188} INFO - [2024-07-02T19:43:30.075+0000] {dagbag.py:545} INFO - Filling up the DagBag from /usr/local/python/3.10.13/lib/python3.10/site-packages/airflow/example_dags/tutorial.py
[2024-07-02T19:43:30.080+0000] {processor.py:840} INFO - DAG(s) 'tutorial' retrieved from /usr/local/python/3.10.13/lib/python3.10/site-packages/airflow/example_dags/tutorial.py
[2024-07-02T19:43:30.093+0000] {logging_mixin.py:188} INFO - [2024-07-02T19:43:30.093+0000] {dag.py:3096} INFO - Sync 1 DAGs
[2024-07-02T19:43:30.129+0000] {logging_mixin.py:188} INFO - [2024-07-02T19:43:30.129+0000] {dag.py:3954} INFO - Setting next_dagrun for tutorial to 2024-07-01 00:00:00+00:00, run_after=2024-07-02 00:00:00+00:00
[2024-07-02T19:43:30.179+0000] {processor.py:183} INFO - Processing /usr/local/python/3.10.13/lib/python3.10/site-packages/airflow/example_dags/tutorial.py took 0.110 seconds
[2024-07-02T19:44:22.954+0000] {processor.py:161} INFO - Started process (PID=21476) to work on /usr/local/python/3.10.13/lib/python3.10/site-packages/airflow/example_dags/tutorial.py
[2024-07-02T19:44:22.955+0000] {processor.py:830} INFO - Processing file /usr/local/python/3.10.13/lib/python3.10/site-packages/airflow/example_dags/tutorial.py for tasks to queue
[2024-07-02T19:44:22.955+0000] {logging_mixin.py:188} INFO - [2024-07-02T19:44:22.955+0000] {dagbag.py:545} INFO - Filling up the DagBag from /usr/local/python/3.10.13/lib/python3.10/site-packages/airflow/example_dags/tutorial.py
[2024-07-02T19:44:22.960+0000] {processor.py:840} INFO - DAG(s) 'tutorial' retrieved from /usr/local/python/3.10.13/lib/python3.10/site-packages/airflow/example_dags/tutorial.py
[2024-07-02T19:44:22.971+0000] {logging_mixin.py:188} INFO - [2024-07-02T19:44:22.971+0000] {dag.py:3096} INFO - Sync 1 DAGs
[2024-07-02T19:44:22.985+0000] {logging_mixin.py:188} INFO - [2024-07-02T19:44:22.985+0000] {dag.py:3954} INFO - Setting next_dagrun for tutorial to 2024-07-01 00:00:00+00:00, run_after=2024-07-02 00:00:00+00:00
[2024-07-02T19:44:23.028+0000] {processor.py:183} INFO - Processing /usr/local/python/3.10.13/lib/python3.10/site-packages/airflow/example_dags/tutorial.py took 0.079 seconds
[2024-07-02T19:45:05.800+0000] {processor.py:161} INFO - Started process (PID=21818) to work on /usr/local/python/3.10.13/lib/python3.10/site-packages/airflow/example_dags/tutorial.py
[2024-07-02T19:45:05.801+0000] {processor.py:830} INFO - Processing file /usr/local/python/3.10.13/lib/python3.10/site-packages/airflow/example_dags/tutorial.py for tasks to queue
[2024-07-02T19:45:05.801+0000] {logging_mixin.py:188} INFO - [2024-07-02T19:45:05.801+0000] {dagbag.py:545} INFO - Filling up the DagBag from /usr/local/python/3.10.13/lib/python3.10/site-packages/airflow/example_dags/tutorial.py
[2024-07-02T19:45:05.806+0000] {processor.py:840} INFO - DAG(s) 'tutorial' retrieved from /usr/local/python/3.10.13/lib/python3.10/site-packages/airflow/example_dags/tutorial.py
[2024-07-02T19:45:05.830+0000] {logging_mixin.py:188} INFO - [2024-07-02T19:45:05.830+0000] {dag.py:3096} INFO - Sync 1 DAGs
[2024-07-02T19:45:05.846+0000] {logging_mixin.py:188} INFO - [2024-07-02T19:45:05.846+0000] {dag.py:3954} INFO - Setting next_dagrun for tutorial to 2024-07-01 00:00:00+00:00, run_after=2024-07-02 00:00:00+00:00
[2024-07-02T19:45:05.886+0000] {processor.py:183} INFO - Processing /usr/local/python/3.10.13/lib/python3.10/site-packages/airflow/example_dags/tutorial.py took 0.091 seconds
[2024-07-02T19:45:46.970+0000] {processor.py:161} INFO - Started process (PID=22103) to work on /usr/local/python/3.10.13/lib/python3.10/site-packages/airflow/example_dags/tutorial.py
[2024-07-02T19:45:46.971+0000] {processor.py:830} INFO - Processing file /usr/local/python/3.10.13/lib/python3.10/site-packages/airflow/example_dags/tutorial.py for tasks to queue
[2024-07-02T19:45:46.971+0000] {logging_mixin.py:188} INFO - [2024-07-02T19:45:46.971+0000] {dagbag.py:545} INFO - Filling up the DagBag from /usr/local/python/3.10.13/lib/python3.10/site-packages/airflow/example_dags/tutorial.py
[2024-07-02T19:45:46.976+0000] {processor.py:840} INFO - DAG(s) 'tutorial' retrieved from /usr/local/python/3.10.13/lib/python3.10/site-packages/airflow/example_dags/tutorial.py
[2024-07-02T19:45:46.987+0000] {logging_mixin.py:188} INFO - [2024-07-02T19:45:46.987+0000] {dag.py:3096} INFO - Sync 1 DAGs
[2024-07-02T19:45:47.002+0000] {logging_mixin.py:188} INFO - [2024-07-02T19:45:47.002+0000] {dag.py:3954} INFO - Setting next_dagrun for tutorial to 2024-07-01 00:00:00+00:00, run_after=2024-07-02 00:00:00+00:00
[2024-07-02T19:45:47.042+0000] {processor.py:183} INFO - Processing /usr/local/python/3.10.13/lib/python3.10/site-packages/airflow/example_dags/tutorial.py took 0.077 seconds
[2024-07-02T19:46:29.806+0000] {processor.py:161} INFO - Started process (PID=22400) to work on /usr/local/python/3.10.13/lib/python3.10/site-packages/airflow/example_dags/tutorial.py
[2024-07-02T19:46:29.807+0000] {processor.py:830} INFO - Processing file /usr/local/python/3.10.13/lib/python3.10/site-packages/airflow/example_dags/tutorial.py for tasks to queue
[2024-07-02T19:46:29.808+0000] {logging_mixin.py:188} INFO - [2024-07-02T19:46:29.807+0000] {dagbag.py:545} INFO - Filling up the DagBag from /usr/local/python/3.10.13/lib/python3.10/site-packages/airflow/example_dags/tutorial.py
[2024-07-02T19:46:29.812+0000] {processor.py:840} INFO - DAG(s) 'tutorial' retrieved from /usr/local/python/3.10.13/lib/python3.10/site-packages/airflow/example_dags/tutorial.py
[2024-07-02T19:46:29.824+0000] {logging_mixin.py:188} INFO - [2024-07-02T19:46:29.823+0000] {dag.py:3096} INFO - Sync 1 DAGs
[2024-07-02T19:46:29.839+0000] {logging_mixin.py:188} INFO - [2024-07-02T19:46:29.839+0000] {dag.py:3954} INFO - Setting next_dagrun for tutorial to 2024-07-01 00:00:00+00:00, run_after=2024-07-02 00:00:00+00:00
[2024-07-02T19:46:29.879+0000] {processor.py:183} INFO - Processing /usr/local/python/3.10.13/lib/python3.10/site-packages/airflow/example_dags/tutorial.py took 0.078 seconds
[2024-07-02T19:47:16.734+0000] {processor.py:161} INFO - Started process (PID=22713) to work on /usr/local/python/3.10.13/lib/python3.10/site-packages/airflow/example_dags/tutorial.py
[2024-07-02T19:47:16.735+0000] {processor.py:830} INFO - Processing file /usr/local/python/3.10.13/lib/python3.10/site-packages/airflow/example_dags/tutorial.py for tasks to queue
[2024-07-02T19:47:16.736+0000] {logging_mixin.py:188} INFO - [2024-07-02T19:47:16.735+0000] {dagbag.py:545} INFO - Filling up the DagBag from /usr/local/python/3.10.13/lib/python3.10/site-packages/airflow/example_dags/tutorial.py
[2024-07-02T19:47:16.740+0000] {processor.py:840} INFO - DAG(s) 'tutorial' retrieved from /usr/local/python/3.10.13/lib/python3.10/site-packages/airflow/example_dags/tutorial.py
[2024-07-02T19:47:16.751+0000] {logging_mixin.py:188} INFO - [2024-07-02T19:47:16.751+0000] {dag.py:3096} INFO - Sync 1 DAGs
[2024-07-02T19:47:16.765+0000] {logging_mixin.py:188} INFO - [2024-07-02T19:47:16.765+0000] {dag.py:3954} INFO - Setting next_dagrun for tutorial to 2024-07-01 00:00:00+00:00, run_after=2024-07-02 00:00:00+00:00
[2024-07-02T19:47:16.804+0000] {processor.py:183} INFO - Processing /usr/local/python/3.10.13/lib/python3.10/site-packages/airflow/example_dags/tutorial.py took 0.074 seconds
[2024-07-02T19:48:01.932+0000] {processor.py:161} INFO - Started process (PID=23040) to work on /usr/local/python/3.10.13/lib/python3.10/site-packages/airflow/example_dags/tutorial.py
[2024-07-02T19:48:01.932+0000] {processor.py:830} INFO - Processing file /usr/local/python/3.10.13/lib/python3.10/site-packages/airflow/example_dags/tutorial.py for tasks to queue
[2024-07-02T19:48:01.933+0000] {logging_mixin.py:188} INFO - [2024-07-02T19:48:01.933+0000] {dagbag.py:545} INFO - Filling up the DagBag from /usr/local/python/3.10.13/lib/python3.10/site-packages/airflow/example_dags/tutorial.py
[2024-07-02T19:48:01.938+0000] {processor.py:840} INFO - DAG(s) 'tutorial' retrieved from /usr/local/python/3.10.13/lib/python3.10/site-packages/airflow/example_dags/tutorial.py
[2024-07-02T19:48:01.948+0000] {logging_mixin.py:188} INFO - [2024-07-02T19:48:01.948+0000] {dag.py:3096} INFO - Sync 1 DAGs
[2024-07-02T19:48:01.962+0000] {logging_mixin.py:188} INFO - [2024-07-02T19:48:01.962+0000] {dag.py:3954} INFO - Setting next_dagrun for tutorial to 2024-07-01 00:00:00+00:00, run_after=2024-07-02 00:00:00+00:00
[2024-07-02T19:48:02.006+0000] {processor.py:183} INFO - Processing /usr/local/python/3.10.13/lib/python3.10/site-packages/airflow/example_dags/tutorial.py took 0.078 seconds
[2024-07-02T19:48:42.987+0000] {processor.py:161} INFO - Started process (PID=23340) to work on /usr/local/python/3.10.13/lib/python3.10/site-packages/airflow/example_dags/tutorial.py
[2024-07-02T19:48:42.987+0000] {processor.py:830} INFO - Processing file /usr/local/python/3.10.13/lib/python3.10/site-packages/airflow/example_dags/tutorial.py for tasks to queue
[2024-07-02T19:48:42.988+0000] {logging_mixin.py:188} INFO - [2024-07-02T19:48:42.988+0000] {dagbag.py:545} INFO - Filling up the DagBag from /usr/local/python/3.10.13/lib/python3.10/site-packages/airflow/example_dags/tutorial.py
[2024-07-02T19:48:42.993+0000] {processor.py:840} INFO - DAG(s) 'tutorial' retrieved from /usr/local/python/3.10.13/lib/python3.10/site-packages/airflow/example_dags/tutorial.py
[2024-07-02T19:48:43.004+0000] {logging_mixin.py:188} INFO - [2024-07-02T19:48:43.004+0000] {dag.py:3096} INFO - Sync 1 DAGs
[2024-07-02T19:48:43.019+0000] {logging_mixin.py:188} INFO - [2024-07-02T19:48:43.019+0000] {dag.py:3954} INFO - Setting next_dagrun for tutorial to 2024-07-01 00:00:00+00:00, run_after=2024-07-02 00:00:00+00:00
[2024-07-02T19:48:43.059+0000] {processor.py:183} INFO - Processing /usr/local/python/3.10.13/lib/python3.10/site-packages/airflow/example_dags/tutorial.py took 0.077 seconds
[2024-07-02T19:49:26.601+0000] {processor.py:161} INFO - Started process (PID=23665) to work on /usr/local/python/3.10.13/lib/python3.10/site-packages/airflow/example_dags/tutorial.py
[2024-07-02T19:49:26.602+0000] {processor.py:830} INFO - Processing file /usr/local/python/3.10.13/lib/python3.10/site-packages/airflow/example_dags/tutorial.py for tasks to queue
[2024-07-02T19:49:26.603+0000] {logging_mixin.py:188} INFO - [2024-07-02T19:49:26.602+0000] {dagbag.py:545} INFO - Filling up the DagBag from /usr/local/python/3.10.13/lib/python3.10/site-packages/airflow/example_dags/tutorial.py
[2024-07-02T19:49:26.607+0000] {processor.py:840} INFO - DAG(s) 'tutorial' retrieved from /usr/local/python/3.10.13/lib/python3.10/site-packages/airflow/example_dags/tutorial.py
[2024-07-02T19:49:26.619+0000] {logging_mixin.py:188} INFO - [2024-07-02T19:49:26.619+0000] {dag.py:3096} INFO - Sync 1 DAGs
[2024-07-02T19:49:26.634+0000] {logging_mixin.py:188} INFO - [2024-07-02T19:49:26.634+0000] {dag.py:3954} INFO - Setting next_dagrun for tutorial to 2024-07-01 00:00:00+00:00, run_after=2024-07-02 00:00:00+00:00
[2024-07-02T19:49:26.673+0000] {processor.py:183} INFO - Processing /usr/local/python/3.10.13/lib/python3.10/site-packages/airflow/example_dags/tutorial.py took 0.076 seconds
[2024-07-02T19:50:11.891+0000] {processor.py:161} INFO - Started process (PID=24019) to work on /usr/local/python/3.10.13/lib/python3.10/site-packages/airflow/example_dags/tutorial.py
[2024-07-02T19:50:11.891+0000] {processor.py:830} INFO - Processing file /usr/local/python/3.10.13/lib/python3.10/site-packages/airflow/example_dags/tutorial.py for tasks to queue
[2024-07-02T19:50:11.892+0000] {logging_mixin.py:188} INFO - [2024-07-02T19:50:11.892+0000] {dagbag.py:545} INFO - Filling up the DagBag from /usr/local/python/3.10.13/lib/python3.10/site-packages/airflow/example_dags/tutorial.py
[2024-07-02T19:50:11.897+0000] {processor.py:840} INFO - DAG(s) 'tutorial' retrieved from /usr/local/python/3.10.13/lib/python3.10/site-packages/airflow/example_dags/tutorial.py
[2024-07-02T19:50:11.907+0000] {logging_mixin.py:188} INFO - [2024-07-02T19:50:11.907+0000] {dag.py:3096} INFO - Sync 1 DAGs
[2024-07-02T19:50:11.921+0000] {logging_mixin.py:188} INFO - [2024-07-02T19:50:11.921+0000] {dag.py:3954} INFO - Setting next_dagrun for tutorial to 2024-07-01 00:00:00+00:00, run_after=2024-07-02 00:00:00+00:00
[2024-07-02T19:50:11.966+0000] {processor.py:183} INFO - Processing /usr/local/python/3.10.13/lib/python3.10/site-packages/airflow/example_dags/tutorial.py took 0.080 seconds
[2024-07-02T19:50:55.249+0000] {processor.py:161} INFO - Started process (PID=24347) to work on /usr/local/python/3.10.13/lib/python3.10/site-packages/airflow/example_dags/tutorial.py
[2024-07-02T19:50:55.250+0000] {processor.py:830} INFO - Processing file /usr/local/python/3.10.13/lib/python3.10/site-packages/airflow/example_dags/tutorial.py for tasks to queue
[2024-07-02T19:50:55.251+0000] {logging_mixin.py:188} INFO - [2024-07-02T19:50:55.251+0000] {dagbag.py:545} INFO - Filling up the DagBag from /usr/local/python/3.10.13/lib/python3.10/site-packages/airflow/example_dags/tutorial.py
[2024-07-02T19:50:55.256+0000] {processor.py:840} INFO - DAG(s) 'tutorial' retrieved from /usr/local/python/3.10.13/lib/python3.10/site-packages/airflow/example_dags/tutorial.py
[2024-07-02T19:50:55.267+0000] {logging_mixin.py:188} INFO - [2024-07-02T19:50:55.267+0000] {dag.py:3096} INFO - Sync 1 DAGs
[2024-07-02T19:50:55.282+0000] {logging_mixin.py:188} INFO - [2024-07-02T19:50:55.282+0000] {dag.py:3954} INFO - Setting next_dagrun for tutorial to 2024-07-01 00:00:00+00:00, run_after=2024-07-02 00:00:00+00:00
[2024-07-02T19:50:55.334+0000] {processor.py:183} INFO - Processing /usr/local/python/3.10.13/lib/python3.10/site-packages/airflow/example_dags/tutorial.py took 0.092 seconds
[2024-07-02T19:51:41.157+0000] {processor.py:161} INFO - Started process (PID=24684) to work on /usr/local/python/3.10.13/lib/python3.10/site-packages/airflow/example_dags/tutorial.py
[2024-07-02T19:51:41.157+0000] {processor.py:830} INFO - Processing file /usr/local/python/3.10.13/lib/python3.10/site-packages/airflow/example_dags/tutorial.py for tasks to queue
[2024-07-02T19:51:41.158+0000] {logging_mixin.py:188} INFO - [2024-07-02T19:51:41.158+0000] {dagbag.py:545} INFO - Filling up the DagBag from /usr/local/python/3.10.13/lib/python3.10/site-packages/airflow/example_dags/tutorial.py
[2024-07-02T19:51:41.163+0000] {processor.py:840} INFO - DAG(s) 'tutorial' retrieved from /usr/local/python/3.10.13/lib/python3.10/site-packages/airflow/example_dags/tutorial.py
[2024-07-02T19:51:41.174+0000] {logging_mixin.py:188} INFO - [2024-07-02T19:51:41.173+0000] {dag.py:3096} INFO - Sync 1 DAGs
[2024-07-02T19:51:41.188+0000] {logging_mixin.py:188} INFO - [2024-07-02T19:51:41.188+0000] {dag.py:3954} INFO - Setting next_dagrun for tutorial to 2024-07-01 00:00:00+00:00, run_after=2024-07-02 00:00:00+00:00
[2024-07-02T19:51:41.229+0000] {processor.py:183} INFO - Processing /usr/local/python/3.10.13/lib/python3.10/site-packages/airflow/example_dags/tutorial.py took 0.077 seconds
[2024-07-02T19:52:25.730+0000] {processor.py:161} INFO - Started process (PID=25032) to work on /usr/local/python/3.10.13/lib/python3.10/site-packages/airflow/example_dags/tutorial.py
[2024-07-02T19:52:25.730+0000] {processor.py:830} INFO - Processing file /usr/local/python/3.10.13/lib/python3.10/site-packages/airflow/example_dags/tutorial.py for tasks to queue
[2024-07-02T19:52:25.731+0000] {logging_mixin.py:188} INFO - [2024-07-02T19:52:25.731+0000] {dagbag.py:545} INFO - Filling up the DagBag from /usr/local/python/3.10.13/lib/python3.10/site-packages/airflow/example_dags/tutorial.py
[2024-07-02T19:52:25.735+0000] {processor.py:840} INFO - DAG(s) 'tutorial' retrieved from /usr/local/python/3.10.13/lib/python3.10/site-packages/airflow/example_dags/tutorial.py
[2024-07-02T19:52:25.746+0000] {logging_mixin.py:188} INFO - [2024-07-02T19:52:25.746+0000] {dag.py:3096} INFO - Sync 1 DAGs
[2024-07-02T19:52:25.760+0000] {logging_mixin.py:188} INFO - [2024-07-02T19:52:25.760+0000] {dag.py:3954} INFO - Setting next_dagrun for tutorial to 2024-07-01 00:00:00+00:00, run_after=2024-07-02 00:00:00+00:00
[2024-07-02T19:52:25.800+0000] {processor.py:183} INFO - Processing /usr/local/python/3.10.13/lib/python3.10/site-packages/airflow/example_dags/tutorial.py took 0.076 seconds
[2024-07-02T19:53:10.363+0000] {processor.py:161} INFO - Started process (PID=25361) to work on /usr/local/python/3.10.13/lib/python3.10/site-packages/airflow/example_dags/tutorial.py
[2024-07-02T19:53:10.363+0000] {processor.py:830} INFO - Processing file /usr/local/python/3.10.13/lib/python3.10/site-packages/airflow/example_dags/tutorial.py for tasks to queue
[2024-07-02T19:53:10.364+0000] {logging_mixin.py:188} INFO - [2024-07-02T19:53:10.364+0000] {dagbag.py:545} INFO - Filling up the DagBag from /usr/local/python/3.10.13/lib/python3.10/site-packages/airflow/example_dags/tutorial.py
[2024-07-02T19:53:10.369+0000] {processor.py:840} INFO - DAG(s) 'tutorial' retrieved from /usr/local/python/3.10.13/lib/python3.10/site-packages/airflow/example_dags/tutorial.py
[2024-07-02T19:53:10.380+0000] {logging_mixin.py:188} INFO - [2024-07-02T19:53:10.380+0000] {dag.py:3096} INFO - Sync 1 DAGs
[2024-07-02T19:53:10.394+0000] {logging_mixin.py:188} INFO - [2024-07-02T19:53:10.394+0000] {dag.py:3954} INFO - Setting next_dagrun for tutorial to 2024-07-01 00:00:00+00:00, run_after=2024-07-02 00:00:00+00:00
[2024-07-02T19:53:10.433+0000] {processor.py:183} INFO - Processing /usr/local/python/3.10.13/lib/python3.10/site-packages/airflow/example_dags/tutorial.py took 0.076 seconds
[2024-07-02T19:53:55.124+0000] {processor.py:161} INFO - Started process (PID=25707) to work on /usr/local/python/3.10.13/lib/python3.10/site-packages/airflow/example_dags/tutorial.py
[2024-07-02T19:53:55.125+0000] {processor.py:830} INFO - Processing file /usr/local/python/3.10.13/lib/python3.10/site-packages/airflow/example_dags/tutorial.py for tasks to queue
[2024-07-02T19:53:55.126+0000] {logging_mixin.py:188} INFO - [2024-07-02T19:53:55.125+0000] {dagbag.py:545} INFO - Filling up the DagBag from /usr/local/python/3.10.13/lib/python3.10/site-packages/airflow/example_dags/tutorial.py
[2024-07-02T19:53:55.130+0000] {processor.py:840} INFO - DAG(s) 'tutorial' retrieved from /usr/local/python/3.10.13/lib/python3.10/site-packages/airflow/example_dags/tutorial.py
[2024-07-02T19:53:55.141+0000] {logging_mixin.py:188} INFO - [2024-07-02T19:53:55.141+0000] {dag.py:3096} INFO - Sync 1 DAGs
[2024-07-02T19:53:55.157+0000] {logging_mixin.py:188} INFO - [2024-07-02T19:53:55.157+0000] {dag.py:3954} INFO - Setting next_dagrun for tutorial to 2024-07-01 00:00:00+00:00, run_after=2024-07-02 00:00:00+00:00
[2024-07-02T19:53:55.200+0000] {processor.py:183} INFO - Processing /usr/local/python/3.10.13/lib/python3.10/site-packages/airflow/example_dags/tutorial.py took 0.081 seconds
[2024-07-02T19:54:39.210+0000] {processor.py:161} INFO - Started process (PID=26045) to work on /usr/local/python/3.10.13/lib/python3.10/site-packages/airflow/example_dags/tutorial.py
[2024-07-02T19:54:39.211+0000] {processor.py:830} INFO - Processing file /usr/local/python/3.10.13/lib/python3.10/site-packages/airflow/example_dags/tutorial.py for tasks to queue
[2024-07-02T19:54:39.212+0000] {logging_mixin.py:188} INFO - [2024-07-02T19:54:39.211+0000] {dagbag.py:545} INFO - Filling up the DagBag from /usr/local/python/3.10.13/lib/python3.10/site-packages/airflow/example_dags/tutorial.py
[2024-07-02T19:54:39.216+0000] {processor.py:840} INFO - DAG(s) 'tutorial' retrieved from /usr/local/python/3.10.13/lib/python3.10/site-packages/airflow/example_dags/tutorial.py
[2024-07-02T19:54:39.227+0000] {logging_mixin.py:188} INFO - [2024-07-02T19:54:39.227+0000] {dag.py:3096} INFO - Sync 1 DAGs
[2024-07-02T19:54:39.244+0000] {logging_mixin.py:188} INFO - [2024-07-02T19:54:39.244+0000] {dag.py:3954} INFO - Setting next_dagrun for tutorial to 2024-07-01 00:00:00+00:00, run_after=2024-07-02 00:00:00+00:00
[2024-07-02T19:54:39.302+0000] {processor.py:183} INFO - Processing /usr/local/python/3.10.13/lib/python3.10/site-packages/airflow/example_dags/tutorial.py took 0.096 seconds
[2024-07-02T19:55:20.882+0000] {processor.py:161} INFO - Started process (PID=26357) to work on /usr/local/python/3.10.13/lib/python3.10/site-packages/airflow/example_dags/tutorial.py
[2024-07-02T19:55:20.883+0000] {processor.py:830} INFO - Processing file /usr/local/python/3.10.13/lib/python3.10/site-packages/airflow/example_dags/tutorial.py for tasks to queue
[2024-07-02T19:55:20.883+0000] {logging_mixin.py:188} INFO - [2024-07-02T19:55:20.883+0000] {dagbag.py:545} INFO - Filling up the DagBag from /usr/local/python/3.10.13/lib/python3.10/site-packages/airflow/example_dags/tutorial.py
[2024-07-02T19:55:20.888+0000] {processor.py:840} INFO - DAG(s) 'tutorial' retrieved from /usr/local/python/3.10.13/lib/python3.10/site-packages/airflow/example_dags/tutorial.py
[2024-07-02T19:55:20.899+0000] {logging_mixin.py:188} INFO - [2024-07-02T19:55:20.899+0000] {dag.py:3096} INFO - Sync 1 DAGs
[2024-07-02T19:55:20.913+0000] {logging_mixin.py:188} INFO - [2024-07-02T19:55:20.913+0000] {dag.py:3954} INFO - Setting next_dagrun for tutorial to 2024-07-01 00:00:00+00:00, run_after=2024-07-02 00:00:00+00:00
[2024-07-02T19:55:21.036+0000] {processor.py:183} INFO - Processing /usr/local/python/3.10.13/lib/python3.10/site-packages/airflow/example_dags/tutorial.py took 0.159 seconds
[2024-07-02T19:56:07.621+0000] {processor.py:161} INFO - Started process (PID=26789) to work on /usr/local/python/3.10.13/lib/python3.10/site-packages/airflow/example_dags/tutorial.py
[2024-07-02T19:56:07.622+0000] {processor.py:830} INFO - Processing file /usr/local/python/3.10.13/lib/python3.10/site-packages/airflow/example_dags/tutorial.py for tasks to queue
[2024-07-02T19:56:07.623+0000] {logging_mixin.py:188} INFO - [2024-07-02T19:56:07.622+0000] {dagbag.py:545} INFO - Filling up the DagBag from /usr/local/python/3.10.13/lib/python3.10/site-packages/airflow/example_dags/tutorial.py
[2024-07-02T19:56:07.627+0000] {processor.py:840} INFO - DAG(s) 'tutorial' retrieved from /usr/local/python/3.10.13/lib/python3.10/site-packages/airflow/example_dags/tutorial.py
[2024-07-02T19:56:07.638+0000] {logging_mixin.py:188} INFO - [2024-07-02T19:56:07.638+0000] {dag.py:3096} INFO - Sync 1 DAGs
[2024-07-02T19:56:07.652+0000] {logging_mixin.py:188} INFO - [2024-07-02T19:56:07.652+0000] {dag.py:3954} INFO - Setting next_dagrun for tutorial to 2024-07-01 00:00:00+00:00, run_after=2024-07-02 00:00:00+00:00
[2024-07-02T19:56:07.693+0000] {processor.py:183} INFO - Processing /usr/local/python/3.10.13/lib/python3.10/site-packages/airflow/example_dags/tutorial.py took 0.076 seconds
[2024-07-02T19:56:59.821+0000] {processor.py:161} INFO - Started process (PID=27247) to work on /usr/local/python/3.10.13/lib/python3.10/site-packages/airflow/example_dags/tutorial.py
[2024-07-02T19:56:59.821+0000] {processor.py:830} INFO - Processing file /usr/local/python/3.10.13/lib/python3.10/site-packages/airflow/example_dags/tutorial.py for tasks to queue
[2024-07-02T19:56:59.822+0000] {logging_mixin.py:188} INFO - [2024-07-02T19:56:59.822+0000] {dagbag.py:545} INFO - Filling up the DagBag from /usr/local/python/3.10.13/lib/python3.10/site-packages/airflow/example_dags/tutorial.py
[2024-07-02T19:56:59.827+0000] {processor.py:840} INFO - DAG(s) 'tutorial' retrieved from /usr/local/python/3.10.13/lib/python3.10/site-packages/airflow/example_dags/tutorial.py
[2024-07-02T19:56:59.838+0000] {logging_mixin.py:188} INFO - [2024-07-02T19:56:59.838+0000] {dag.py:3096} INFO - Sync 1 DAGs
[2024-07-02T19:56:59.853+0000] {logging_mixin.py:188} INFO - [2024-07-02T19:56:59.853+0000] {dag.py:3954} INFO - Setting next_dagrun for tutorial to 2024-07-01 00:00:00+00:00, run_after=2024-07-02 00:00:00+00:00
[2024-07-02T19:56:59.896+0000] {processor.py:183} INFO - Processing /usr/local/python/3.10.13/lib/python3.10/site-packages/airflow/example_dags/tutorial.py took 0.079 seconds
