[2024-07-02T19:09:21.532+0000] {processor.py:161} INFO - Started process (PID=4856) to work on /usr/local/python/3.10.13/lib/python3.10/site-packages/airflow/example_dags/tutorial_objectstorage.py
[2024-07-02T19:09:21.533+0000] {processor.py:830} INFO - Processing file /usr/local/python/3.10.13/lib/python3.10/site-packages/airflow/example_dags/tutorial_objectstorage.py for tasks to queue
[2024-07-02T19:09:21.534+0000] {logging_mixin.py:188} INFO - [2024-07-02T19:09:21.534+0000] {dagbag.py:545} INFO - Filling up the DagBag from /usr/local/python/3.10.13/lib/python3.10/site-packages/airflow/example_dags/tutorial_objectstorage.py
[2024-07-02T19:09:21.541+0000] {processor.py:840} INFO - DAG(s) 'tutorial_objectstorage' retrieved from /usr/local/python/3.10.13/lib/python3.10/site-packages/airflow/example_dags/tutorial_objectstorage.py
[2024-07-02T19:09:21.745+0000] {logging_mixin.py:188} INFO - [2024-07-02T19:09:21.744+0000] {override.py:1829} INFO - Created Permission View: can read on DAG:tutorial_objectstorage
[2024-07-02T19:09:21.776+0000] {logging_mixin.py:188} INFO - [2024-07-02T19:09:21.776+0000] {override.py:1829} INFO - Created Permission View: can delete on DAG:tutorial_objectstorage
[2024-07-02T19:09:21.805+0000] {logging_mixin.py:188} INFO - [2024-07-02T19:09:21.804+0000] {override.py:1829} INFO - Created Permission View: can edit on DAG:tutorial_objectstorage
[2024-07-02T19:09:21.805+0000] {logging_mixin.py:188} INFO - [2024-07-02T19:09:21.805+0000] {dag.py:3096} INFO - Sync 1 DAGs
[2024-07-02T19:09:21.813+0000] {logging_mixin.py:188} INFO - [2024-07-02T19:09:21.813+0000] {dag.py:3118} INFO - Creating ORM DAG for tutorial_objectstorage
[2024-07-02T19:09:21.814+0000] {logging_mixin.py:188} INFO - [2024-07-02T19:09:21.814+0000] {dag.py:3954} INFO - Setting next_dagrun for tutorial_objectstorage to None, run_after=None
[2024-07-02T19:09:21.858+0000] {processor.py:183} INFO - Processing /usr/local/python/3.10.13/lib/python3.10/site-packages/airflow/example_dags/tutorial_objectstorage.py took 0.330 seconds
[2024-07-02T19:10:15.238+0000] {processor.py:161} INFO - Started process (PID=5540) to work on /usr/local/python/3.10.13/lib/python3.10/site-packages/airflow/example_dags/tutorial_objectstorage.py
[2024-07-02T19:10:15.238+0000] {processor.py:830} INFO - Processing file /usr/local/python/3.10.13/lib/python3.10/site-packages/airflow/example_dags/tutorial_objectstorage.py for tasks to queue
[2024-07-02T19:10:15.240+0000] {logging_mixin.py:188} INFO - [2024-07-02T19:10:15.239+0000] {dagbag.py:545} INFO - Filling up the DagBag from /usr/local/python/3.10.13/lib/python3.10/site-packages/airflow/example_dags/tutorial_objectstorage.py
[2024-07-02T19:10:15.246+0000] {processor.py:840} INFO - DAG(s) 'tutorial_objectstorage' retrieved from /usr/local/python/3.10.13/lib/python3.10/site-packages/airflow/example_dags/tutorial_objectstorage.py
[2024-07-02T19:10:15.258+0000] {logging_mixin.py:188} INFO - [2024-07-02T19:10:15.258+0000] {dag.py:3096} INFO - Sync 1 DAGs
[2024-07-02T19:10:15.266+0000] {logging_mixin.py:188} INFO - [2024-07-02T19:10:15.266+0000] {dag.py:3954} INFO - Setting next_dagrun for tutorial_objectstorage to None, run_after=None
[2024-07-02T19:10:15.306+0000] {processor.py:183} INFO - Processing /usr/local/python/3.10.13/lib/python3.10/site-packages/airflow/example_dags/tutorial_objectstorage.py took 0.072 seconds
[2024-07-02T19:11:18.671+0000] {processor.py:161} INFO - Started process (PID=6000) to work on /usr/local/python/3.10.13/lib/python3.10/site-packages/airflow/example_dags/tutorial_objectstorage.py
[2024-07-02T19:11:18.672+0000] {processor.py:830} INFO - Processing file /usr/local/python/3.10.13/lib/python3.10/site-packages/airflow/example_dags/tutorial_objectstorage.py for tasks to queue
[2024-07-02T19:11:18.673+0000] {logging_mixin.py:188} INFO - [2024-07-02T19:11:18.673+0000] {dagbag.py:545} INFO - Filling up the DagBag from /usr/local/python/3.10.13/lib/python3.10/site-packages/airflow/example_dags/tutorial_objectstorage.py
[2024-07-02T19:11:18.678+0000] {processor.py:840} INFO - DAG(s) 'tutorial_objectstorage' retrieved from /usr/local/python/3.10.13/lib/python3.10/site-packages/airflow/example_dags/tutorial_objectstorage.py
[2024-07-02T19:11:18.690+0000] {logging_mixin.py:188} INFO - [2024-07-02T19:11:18.689+0000] {dag.py:3096} INFO - Sync 1 DAGs
[2024-07-02T19:11:18.699+0000] {logging_mixin.py:188} INFO - [2024-07-02T19:11:18.699+0000] {dag.py:3954} INFO - Setting next_dagrun for tutorial_objectstorage to None, run_after=None
[2024-07-02T19:11:18.739+0000] {processor.py:183} INFO - Processing /usr/local/python/3.10.13/lib/python3.10/site-packages/airflow/example_dags/tutorial_objectstorage.py took 0.072 seconds
[2024-07-02T19:12:08.972+0000] {processor.py:161} INFO - Started process (PID=6387) to work on /usr/local/python/3.10.13/lib/python3.10/site-packages/airflow/example_dags/tutorial_objectstorage.py
[2024-07-02T19:12:08.973+0000] {processor.py:830} INFO - Processing file /usr/local/python/3.10.13/lib/python3.10/site-packages/airflow/example_dags/tutorial_objectstorage.py for tasks to queue
[2024-07-02T19:12:08.974+0000] {logging_mixin.py:188} INFO - [2024-07-02T19:12:08.974+0000] {dagbag.py:545} INFO - Filling up the DagBag from /usr/local/python/3.10.13/lib/python3.10/site-packages/airflow/example_dags/tutorial_objectstorage.py
[2024-07-02T19:12:08.980+0000] {processor.py:840} INFO - DAG(s) 'tutorial_objectstorage' retrieved from /usr/local/python/3.10.13/lib/python3.10/site-packages/airflow/example_dags/tutorial_objectstorage.py
[2024-07-02T19:12:08.991+0000] {logging_mixin.py:188} INFO - [2024-07-02T19:12:08.990+0000] {dag.py:3096} INFO - Sync 1 DAGs
[2024-07-02T19:12:08.999+0000] {logging_mixin.py:188} INFO - [2024-07-02T19:12:08.999+0000] {dag.py:3954} INFO - Setting next_dagrun for tutorial_objectstorage to None, run_after=None
[2024-07-02T19:12:09.038+0000] {processor.py:183} INFO - Processing /usr/local/python/3.10.13/lib/python3.10/site-packages/airflow/example_dags/tutorial_objectstorage.py took 0.070 seconds
[2024-07-02T19:12:50.505+0000] {processor.py:161} INFO - Started process (PID=6699) to work on /usr/local/python/3.10.13/lib/python3.10/site-packages/airflow/example_dags/tutorial_objectstorage.py
[2024-07-02T19:12:50.506+0000] {processor.py:830} INFO - Processing file /usr/local/python/3.10.13/lib/python3.10/site-packages/airflow/example_dags/tutorial_objectstorage.py for tasks to queue
[2024-07-02T19:12:50.507+0000] {logging_mixin.py:188} INFO - [2024-07-02T19:12:50.507+0000] {dagbag.py:545} INFO - Filling up the DagBag from /usr/local/python/3.10.13/lib/python3.10/site-packages/airflow/example_dags/tutorial_objectstorage.py
[2024-07-02T19:12:50.514+0000] {processor.py:840} INFO - DAG(s) 'tutorial_objectstorage' retrieved from /usr/local/python/3.10.13/lib/python3.10/site-packages/airflow/example_dags/tutorial_objectstorage.py
[2024-07-02T19:12:50.525+0000] {logging_mixin.py:188} INFO - [2024-07-02T19:12:50.525+0000] {dag.py:3096} INFO - Sync 1 DAGs
[2024-07-02T19:12:50.534+0000] {logging_mixin.py:188} INFO - [2024-07-02T19:12:50.533+0000] {dag.py:3954} INFO - Setting next_dagrun for tutorial_objectstorage to None, run_after=None
[2024-07-02T19:12:50.573+0000] {processor.py:183} INFO - Processing /usr/local/python/3.10.13/lib/python3.10/site-packages/airflow/example_dags/tutorial_objectstorage.py took 0.072 seconds
[2024-07-02T19:13:32.091+0000] {processor.py:161} INFO - Started process (PID=7012) to work on /usr/local/python/3.10.13/lib/python3.10/site-packages/airflow/example_dags/tutorial_objectstorage.py
[2024-07-02T19:13:32.091+0000] {processor.py:830} INFO - Processing file /usr/local/python/3.10.13/lib/python3.10/site-packages/airflow/example_dags/tutorial_objectstorage.py for tasks to queue
[2024-07-02T19:13:32.093+0000] {logging_mixin.py:188} INFO - [2024-07-02T19:13:32.092+0000] {dagbag.py:545} INFO - Filling up the DagBag from /usr/local/python/3.10.13/lib/python3.10/site-packages/airflow/example_dags/tutorial_objectstorage.py
[2024-07-02T19:13:32.098+0000] {processor.py:840} INFO - DAG(s) 'tutorial_objectstorage' retrieved from /usr/local/python/3.10.13/lib/python3.10/site-packages/airflow/example_dags/tutorial_objectstorage.py
[2024-07-02T19:13:32.108+0000] {logging_mixin.py:188} INFO - [2024-07-02T19:13:32.108+0000] {dag.py:3096} INFO - Sync 1 DAGs
[2024-07-02T19:13:32.117+0000] {logging_mixin.py:188} INFO - [2024-07-02T19:13:32.117+0000] {dag.py:3954} INFO - Setting next_dagrun for tutorial_objectstorage to None, run_after=None
[2024-07-02T19:13:32.164+0000] {processor.py:183} INFO - Processing /usr/local/python/3.10.13/lib/python3.10/site-packages/airflow/example_dags/tutorial_objectstorage.py took 0.078 seconds
[2024-07-02T19:14:12.371+0000] {processor.py:161} INFO - Started process (PID=7327) to work on /usr/local/python/3.10.13/lib/python3.10/site-packages/airflow/example_dags/tutorial_objectstorage.py
[2024-07-02T19:14:12.372+0000] {processor.py:830} INFO - Processing file /usr/local/python/3.10.13/lib/python3.10/site-packages/airflow/example_dags/tutorial_objectstorage.py for tasks to queue
[2024-07-02T19:14:12.373+0000] {logging_mixin.py:188} INFO - [2024-07-02T19:14:12.373+0000] {dagbag.py:545} INFO - Filling up the DagBag from /usr/local/python/3.10.13/lib/python3.10/site-packages/airflow/example_dags/tutorial_objectstorage.py
[2024-07-02T19:14:12.379+0000] {processor.py:840} INFO - DAG(s) 'tutorial_objectstorage' retrieved from /usr/local/python/3.10.13/lib/python3.10/site-packages/airflow/example_dags/tutorial_objectstorage.py
[2024-07-02T19:14:12.389+0000] {logging_mixin.py:188} INFO - [2024-07-02T19:14:12.389+0000] {dag.py:3096} INFO - Sync 1 DAGs
[2024-07-02T19:14:12.398+0000] {logging_mixin.py:188} INFO - [2024-07-02T19:14:12.398+0000] {dag.py:3954} INFO - Setting next_dagrun for tutorial_objectstorage to None, run_after=None
[2024-07-02T19:14:12.437+0000] {processor.py:183} INFO - Processing /usr/local/python/3.10.13/lib/python3.10/site-packages/airflow/example_dags/tutorial_objectstorage.py took 0.070 seconds
[2024-07-02T19:14:53.852+0000] {processor.py:161} INFO - Started process (PID=7631) to work on /usr/local/python/3.10.13/lib/python3.10/site-packages/airflow/example_dags/tutorial_objectstorage.py
[2024-07-02T19:14:53.853+0000] {processor.py:830} INFO - Processing file /usr/local/python/3.10.13/lib/python3.10/site-packages/airflow/example_dags/tutorial_objectstorage.py for tasks to queue
[2024-07-02T19:14:53.854+0000] {logging_mixin.py:188} INFO - [2024-07-02T19:14:53.854+0000] {dagbag.py:545} INFO - Filling up the DagBag from /usr/local/python/3.10.13/lib/python3.10/site-packages/airflow/example_dags/tutorial_objectstorage.py
[2024-07-02T19:14:53.860+0000] {processor.py:840} INFO - DAG(s) 'tutorial_objectstorage' retrieved from /usr/local/python/3.10.13/lib/python3.10/site-packages/airflow/example_dags/tutorial_objectstorage.py
[2024-07-02T19:14:53.871+0000] {logging_mixin.py:188} INFO - [2024-07-02T19:14:53.871+0000] {dag.py:3096} INFO - Sync 1 DAGs
[2024-07-02T19:14:53.879+0000] {logging_mixin.py:188} INFO - [2024-07-02T19:14:53.879+0000] {dag.py:3954} INFO - Setting next_dagrun for tutorial_objectstorage to None, run_after=None
[2024-07-02T19:14:53.921+0000] {processor.py:183} INFO - Processing /usr/local/python/3.10.13/lib/python3.10/site-packages/airflow/example_dags/tutorial_objectstorage.py took 0.075 seconds
[2024-07-02T19:15:37.282+0000] {processor.py:161} INFO - Started process (PID=7975) to work on /usr/local/python/3.10.13/lib/python3.10/site-packages/airflow/example_dags/tutorial_objectstorage.py
[2024-07-02T19:15:37.283+0000] {processor.py:830} INFO - Processing file /usr/local/python/3.10.13/lib/python3.10/site-packages/airflow/example_dags/tutorial_objectstorage.py for tasks to queue
[2024-07-02T19:15:37.284+0000] {logging_mixin.py:188} INFO - [2024-07-02T19:15:37.284+0000] {dagbag.py:545} INFO - Filling up the DagBag from /usr/local/python/3.10.13/lib/python3.10/site-packages/airflow/example_dags/tutorial_objectstorage.py
[2024-07-02T19:15:37.293+0000] {processor.py:840} INFO - DAG(s) 'tutorial_objectstorage' retrieved from /usr/local/python/3.10.13/lib/python3.10/site-packages/airflow/example_dags/tutorial_objectstorage.py
[2024-07-02T19:15:37.309+0000] {logging_mixin.py:188} INFO - [2024-07-02T19:15:37.308+0000] {dag.py:3096} INFO - Sync 1 DAGs
[2024-07-02T19:15:37.322+0000] {logging_mixin.py:188} INFO - [2024-07-02T19:15:37.322+0000] {dag.py:3954} INFO - Setting next_dagrun for tutorial_objectstorage to None, run_after=None
[2024-07-02T19:15:37.366+0000] {processor.py:183} INFO - Processing /usr/local/python/3.10.13/lib/python3.10/site-packages/airflow/example_dags/tutorial_objectstorage.py took 0.091 seconds
[2024-07-02T19:16:18.948+0000] {processor.py:161} INFO - Started process (PID=8298) to work on /usr/local/python/3.10.13/lib/python3.10/site-packages/airflow/example_dags/tutorial_objectstorage.py
[2024-07-02T19:16:18.948+0000] {processor.py:830} INFO - Processing file /usr/local/python/3.10.13/lib/python3.10/site-packages/airflow/example_dags/tutorial_objectstorage.py for tasks to queue
[2024-07-02T19:16:18.949+0000] {logging_mixin.py:188} INFO - [2024-07-02T19:16:18.949+0000] {dagbag.py:545} INFO - Filling up the DagBag from /usr/local/python/3.10.13/lib/python3.10/site-packages/airflow/example_dags/tutorial_objectstorage.py
[2024-07-02T19:16:18.955+0000] {processor.py:840} INFO - DAG(s) 'tutorial_objectstorage' retrieved from /usr/local/python/3.10.13/lib/python3.10/site-packages/airflow/example_dags/tutorial_objectstorage.py
[2024-07-02T19:16:18.965+0000] {logging_mixin.py:188} INFO - [2024-07-02T19:16:18.965+0000] {dag.py:3096} INFO - Sync 1 DAGs
[2024-07-02T19:16:18.978+0000] {logging_mixin.py:188} INFO - [2024-07-02T19:16:18.977+0000] {dag.py:3954} INFO - Setting next_dagrun for tutorial_objectstorage to None, run_after=None
[2024-07-02T19:16:19.020+0000] {processor.py:183} INFO - Processing /usr/local/python/3.10.13/lib/python3.10/site-packages/airflow/example_dags/tutorial_objectstorage.py took 0.077 seconds
[2024-07-02T19:17:04.574+0000] {processor.py:161} INFO - Started process (PID=8635) to work on /usr/local/python/3.10.13/lib/python3.10/site-packages/airflow/example_dags/tutorial_objectstorage.py
[2024-07-02T19:17:04.574+0000] {processor.py:830} INFO - Processing file /usr/local/python/3.10.13/lib/python3.10/site-packages/airflow/example_dags/tutorial_objectstorage.py for tasks to queue
[2024-07-02T19:17:04.575+0000] {logging_mixin.py:188} INFO - [2024-07-02T19:17:04.575+0000] {dagbag.py:545} INFO - Filling up the DagBag from /usr/local/python/3.10.13/lib/python3.10/site-packages/airflow/example_dags/tutorial_objectstorage.py
[2024-07-02T19:17:04.581+0000] {processor.py:840} INFO - DAG(s) 'tutorial_objectstorage' retrieved from /usr/local/python/3.10.13/lib/python3.10/site-packages/airflow/example_dags/tutorial_objectstorage.py
[2024-07-02T19:17:04.596+0000] {logging_mixin.py:188} INFO - [2024-07-02T19:17:04.596+0000] {dag.py:3096} INFO - Sync 1 DAGs
[2024-07-02T19:17:04.609+0000] {logging_mixin.py:188} INFO - [2024-07-02T19:17:04.609+0000] {dag.py:3954} INFO - Setting next_dagrun for tutorial_objectstorage to None, run_after=None
[2024-07-02T19:17:04.650+0000] {processor.py:183} INFO - Processing /usr/local/python/3.10.13/lib/python3.10/site-packages/airflow/example_dags/tutorial_objectstorage.py took 0.081 seconds
[2024-07-02T19:17:51.051+0000] {processor.py:161} INFO - Started process (PID=8993) to work on /usr/local/python/3.10.13/lib/python3.10/site-packages/airflow/example_dags/tutorial_objectstorage.py
[2024-07-02T19:17:51.051+0000] {processor.py:830} INFO - Processing file /usr/local/python/3.10.13/lib/python3.10/site-packages/airflow/example_dags/tutorial_objectstorage.py for tasks to queue
[2024-07-02T19:17:51.052+0000] {logging_mixin.py:188} INFO - [2024-07-02T19:17:51.052+0000] {dagbag.py:545} INFO - Filling up the DagBag from /usr/local/python/3.10.13/lib/python3.10/site-packages/airflow/example_dags/tutorial_objectstorage.py
[2024-07-02T19:17:51.058+0000] {processor.py:840} INFO - DAG(s) 'tutorial_objectstorage' retrieved from /usr/local/python/3.10.13/lib/python3.10/site-packages/airflow/example_dags/tutorial_objectstorage.py
[2024-07-02T19:17:51.068+0000] {logging_mixin.py:188} INFO - [2024-07-02T19:17:51.068+0000] {dag.py:3096} INFO - Sync 1 DAGs
[2024-07-02T19:17:51.077+0000] {logging_mixin.py:188} INFO - [2024-07-02T19:17:51.077+0000] {dag.py:3954} INFO - Setting next_dagrun for tutorial_objectstorage to None, run_after=None
[2024-07-02T19:17:51.118+0000] {processor.py:183} INFO - Processing /usr/local/python/3.10.13/lib/python3.10/site-packages/airflow/example_dags/tutorial_objectstorage.py took 0.072 seconds
[2024-07-02T19:18:33.703+0000] {processor.py:161} INFO - Started process (PID=9312) to work on /usr/local/python/3.10.13/lib/python3.10/site-packages/airflow/example_dags/tutorial_objectstorage.py
[2024-07-02T19:18:33.704+0000] {processor.py:830} INFO - Processing file /usr/local/python/3.10.13/lib/python3.10/site-packages/airflow/example_dags/tutorial_objectstorage.py for tasks to queue
[2024-07-02T19:18:33.704+0000] {logging_mixin.py:188} INFO - [2024-07-02T19:18:33.704+0000] {dagbag.py:545} INFO - Filling up the DagBag from /usr/local/python/3.10.13/lib/python3.10/site-packages/airflow/example_dags/tutorial_objectstorage.py
[2024-07-02T19:18:33.710+0000] {processor.py:840} INFO - DAG(s) 'tutorial_objectstorage' retrieved from /usr/local/python/3.10.13/lib/python3.10/site-packages/airflow/example_dags/tutorial_objectstorage.py
[2024-07-02T19:18:33.720+0000] {logging_mixin.py:188} INFO - [2024-07-02T19:18:33.720+0000] {dag.py:3096} INFO - Sync 1 DAGs
[2024-07-02T19:18:33.729+0000] {logging_mixin.py:188} INFO - [2024-07-02T19:18:33.729+0000] {dag.py:3954} INFO - Setting next_dagrun for tutorial_objectstorage to None, run_after=None
[2024-07-02T19:18:33.770+0000] {processor.py:183} INFO - Processing /usr/local/python/3.10.13/lib/python3.10/site-packages/airflow/example_dags/tutorial_objectstorage.py took 0.074 seconds
[2024-07-02T19:19:16.414+0000] {processor.py:161} INFO - Started process (PID=9634) to work on /usr/local/python/3.10.13/lib/python3.10/site-packages/airflow/example_dags/tutorial_objectstorage.py
[2024-07-02T19:19:16.415+0000] {processor.py:830} INFO - Processing file /usr/local/python/3.10.13/lib/python3.10/site-packages/airflow/example_dags/tutorial_objectstorage.py for tasks to queue
[2024-07-02T19:19:16.416+0000] {logging_mixin.py:188} INFO - [2024-07-02T19:19:16.416+0000] {dagbag.py:545} INFO - Filling up the DagBag from /usr/local/python/3.10.13/lib/python3.10/site-packages/airflow/example_dags/tutorial_objectstorage.py
[2024-07-02T19:19:16.424+0000] {processor.py:840} INFO - DAG(s) 'tutorial_objectstorage' retrieved from /usr/local/python/3.10.13/lib/python3.10/site-packages/airflow/example_dags/tutorial_objectstorage.py
[2024-07-02T19:19:16.435+0000] {logging_mixin.py:188} INFO - [2024-07-02T19:19:16.435+0000] {dag.py:3096} INFO - Sync 1 DAGs
[2024-07-02T19:19:16.444+0000] {logging_mixin.py:188} INFO - [2024-07-02T19:19:16.444+0000] {dag.py:3954} INFO - Setting next_dagrun for tutorial_objectstorage to None, run_after=None
[2024-07-02T19:19:16.484+0000] {processor.py:183} INFO - Processing /usr/local/python/3.10.13/lib/python3.10/site-packages/airflow/example_dags/tutorial_objectstorage.py took 0.078 seconds
[2024-07-02T19:20:02.467+0000] {processor.py:161} INFO - Started process (PID=9993) to work on /usr/local/python/3.10.13/lib/python3.10/site-packages/airflow/example_dags/tutorial_objectstorage.py
[2024-07-02T19:20:02.468+0000] {processor.py:830} INFO - Processing file /usr/local/python/3.10.13/lib/python3.10/site-packages/airflow/example_dags/tutorial_objectstorage.py for tasks to queue
[2024-07-02T19:20:02.469+0000] {logging_mixin.py:188} INFO - [2024-07-02T19:20:02.469+0000] {dagbag.py:545} INFO - Filling up the DagBag from /usr/local/python/3.10.13/lib/python3.10/site-packages/airflow/example_dags/tutorial_objectstorage.py
[2024-07-02T19:20:02.480+0000] {processor.py:840} INFO - DAG(s) 'tutorial_objectstorage' retrieved from /usr/local/python/3.10.13/lib/python3.10/site-packages/airflow/example_dags/tutorial_objectstorage.py
[2024-07-02T19:20:02.494+0000] {logging_mixin.py:188} INFO - [2024-07-02T19:20:02.494+0000] {dag.py:3096} INFO - Sync 1 DAGs
[2024-07-02T19:20:02.503+0000] {logging_mixin.py:188} INFO - [2024-07-02T19:20:02.502+0000] {dag.py:3954} INFO - Setting next_dagrun for tutorial_objectstorage to None, run_after=None
[2024-07-02T19:20:02.543+0000] {processor.py:183} INFO - Processing /usr/local/python/3.10.13/lib/python3.10/site-packages/airflow/example_dags/tutorial_objectstorage.py took 0.081 seconds
[2024-07-02T19:20:50.586+0000] {processor.py:161} INFO - Started process (PID=10333) to work on /usr/local/python/3.10.13/lib/python3.10/site-packages/airflow/example_dags/tutorial_objectstorage.py
[2024-07-02T19:20:50.586+0000] {processor.py:830} INFO - Processing file /usr/local/python/3.10.13/lib/python3.10/site-packages/airflow/example_dags/tutorial_objectstorage.py for tasks to queue
[2024-07-02T19:20:50.587+0000] {logging_mixin.py:188} INFO - [2024-07-02T19:20:50.587+0000] {dagbag.py:545} INFO - Filling up the DagBag from /usr/local/python/3.10.13/lib/python3.10/site-packages/airflow/example_dags/tutorial_objectstorage.py
[2024-07-02T19:20:50.593+0000] {processor.py:840} INFO - DAG(s) 'tutorial_objectstorage' retrieved from /usr/local/python/3.10.13/lib/python3.10/site-packages/airflow/example_dags/tutorial_objectstorage.py
[2024-07-02T19:20:50.604+0000] {logging_mixin.py:188} INFO - [2024-07-02T19:20:50.604+0000] {dag.py:3096} INFO - Sync 1 DAGs
[2024-07-02T19:20:50.616+0000] {logging_mixin.py:188} INFO - [2024-07-02T19:20:50.616+0000] {dag.py:3954} INFO - Setting next_dagrun for tutorial_objectstorage to None, run_after=None
[2024-07-02T19:20:50.658+0000] {processor.py:183} INFO - Processing /usr/local/python/3.10.13/lib/python3.10/site-packages/airflow/example_dags/tutorial_objectstorage.py took 0.077 seconds
[2024-07-02T19:21:37.993+0000] {processor.py:161} INFO - Started process (PID=10698) to work on /usr/local/python/3.10.13/lib/python3.10/site-packages/airflow/example_dags/tutorial_objectstorage.py
[2024-07-02T19:21:37.994+0000] {processor.py:830} INFO - Processing file /usr/local/python/3.10.13/lib/python3.10/site-packages/airflow/example_dags/tutorial_objectstorage.py for tasks to queue
[2024-07-02T19:21:37.994+0000] {logging_mixin.py:188} INFO - [2024-07-02T19:21:37.994+0000] {dagbag.py:545} INFO - Filling up the DagBag from /usr/local/python/3.10.13/lib/python3.10/site-packages/airflow/example_dags/tutorial_objectstorage.py
[2024-07-02T19:21:38.000+0000] {processor.py:840} INFO - DAG(s) 'tutorial_objectstorage' retrieved from /usr/local/python/3.10.13/lib/python3.10/site-packages/airflow/example_dags/tutorial_objectstorage.py
[2024-07-02T19:21:38.011+0000] {logging_mixin.py:188} INFO - [2024-07-02T19:21:38.011+0000] {dag.py:3096} INFO - Sync 1 DAGs
[2024-07-02T19:21:38.020+0000] {logging_mixin.py:188} INFO - [2024-07-02T19:21:38.020+0000] {dag.py:3954} INFO - Setting next_dagrun for tutorial_objectstorage to None, run_after=None
[2024-07-02T19:21:38.061+0000] {processor.py:183} INFO - Processing /usr/local/python/3.10.13/lib/python3.10/site-packages/airflow/example_dags/tutorial_objectstorage.py took 0.073 seconds
[2024-07-02T19:22:24.482+0000] {processor.py:161} INFO - Started process (PID=11062) to work on /usr/local/python/3.10.13/lib/python3.10/site-packages/airflow/example_dags/tutorial_objectstorage.py
[2024-07-02T19:22:24.483+0000] {processor.py:830} INFO - Processing file /usr/local/python/3.10.13/lib/python3.10/site-packages/airflow/example_dags/tutorial_objectstorage.py for tasks to queue
[2024-07-02T19:22:24.484+0000] {logging_mixin.py:188} INFO - [2024-07-02T19:22:24.483+0000] {dagbag.py:545} INFO - Filling up the DagBag from /usr/local/python/3.10.13/lib/python3.10/site-packages/airflow/example_dags/tutorial_objectstorage.py
[2024-07-02T19:22:24.489+0000] {processor.py:840} INFO - DAG(s) 'tutorial_objectstorage' retrieved from /usr/local/python/3.10.13/lib/python3.10/site-packages/airflow/example_dags/tutorial_objectstorage.py
[2024-07-02T19:22:24.500+0000] {logging_mixin.py:188} INFO - [2024-07-02T19:22:24.500+0000] {dag.py:3096} INFO - Sync 1 DAGs
[2024-07-02T19:22:24.509+0000] {logging_mixin.py:188} INFO - [2024-07-02T19:22:24.508+0000] {dag.py:3954} INFO - Setting next_dagrun for tutorial_objectstorage to None, run_after=None
[2024-07-02T19:22:24.548+0000] {processor.py:183} INFO - Processing /usr/local/python/3.10.13/lib/python3.10/site-packages/airflow/example_dags/tutorial_objectstorage.py took 0.071 seconds
[2024-07-02T19:23:07.392+0000] {processor.py:161} INFO - Started process (PID=11385) to work on /usr/local/python/3.10.13/lib/python3.10/site-packages/airflow/example_dags/tutorial_objectstorage.py
[2024-07-02T19:23:07.393+0000] {processor.py:830} INFO - Processing file /usr/local/python/3.10.13/lib/python3.10/site-packages/airflow/example_dags/tutorial_objectstorage.py for tasks to queue
[2024-07-02T19:23:07.393+0000] {logging_mixin.py:188} INFO - [2024-07-02T19:23:07.393+0000] {dagbag.py:545} INFO - Filling up the DagBag from /usr/local/python/3.10.13/lib/python3.10/site-packages/airflow/example_dags/tutorial_objectstorage.py
[2024-07-02T19:23:07.399+0000] {processor.py:840} INFO - DAG(s) 'tutorial_objectstorage' retrieved from /usr/local/python/3.10.13/lib/python3.10/site-packages/airflow/example_dags/tutorial_objectstorage.py
[2024-07-02T19:23:07.409+0000] {logging_mixin.py:188} INFO - [2024-07-02T19:23:07.409+0000] {dag.py:3096} INFO - Sync 1 DAGs
[2024-07-02T19:23:07.418+0000] {logging_mixin.py:188} INFO - [2024-07-02T19:23:07.418+0000] {dag.py:3954} INFO - Setting next_dagrun for tutorial_objectstorage to None, run_after=None
[2024-07-02T19:23:07.463+0000] {processor.py:183} INFO - Processing /usr/local/python/3.10.13/lib/python3.10/site-packages/airflow/example_dags/tutorial_objectstorage.py took 0.075 seconds
[2024-07-02T19:23:48.341+0000] {processor.py:161} INFO - Started process (PID=11692) to work on /usr/local/python/3.10.13/lib/python3.10/site-packages/airflow/example_dags/tutorial_objectstorage.py
[2024-07-02T19:23:48.342+0000] {processor.py:830} INFO - Processing file /usr/local/python/3.10.13/lib/python3.10/site-packages/airflow/example_dags/tutorial_objectstorage.py for tasks to queue
[2024-07-02T19:23:48.342+0000] {logging_mixin.py:188} INFO - [2024-07-02T19:23:48.342+0000] {dagbag.py:545} INFO - Filling up the DagBag from /usr/local/python/3.10.13/lib/python3.10/site-packages/airflow/example_dags/tutorial_objectstorage.py
[2024-07-02T19:23:48.348+0000] {processor.py:840} INFO - DAG(s) 'tutorial_objectstorage' retrieved from /usr/local/python/3.10.13/lib/python3.10/site-packages/airflow/example_dags/tutorial_objectstorage.py
[2024-07-02T19:23:48.358+0000] {logging_mixin.py:188} INFO - [2024-07-02T19:23:48.358+0000] {dag.py:3096} INFO - Sync 1 DAGs
[2024-07-02T19:23:48.367+0000] {logging_mixin.py:188} INFO - [2024-07-02T19:23:48.366+0000] {dag.py:3954} INFO - Setting next_dagrun for tutorial_objectstorage to None, run_after=None
[2024-07-02T19:23:48.407+0000] {processor.py:183} INFO - Processing /usr/local/python/3.10.13/lib/python3.10/site-packages/airflow/example_dags/tutorial_objectstorage.py took 0.071 seconds
[2024-07-02T19:24:30.623+0000] {processor.py:161} INFO - Started process (PID=12010) to work on /usr/local/python/3.10.13/lib/python3.10/site-packages/airflow/example_dags/tutorial_objectstorage.py
[2024-07-02T19:24:30.624+0000] {processor.py:830} INFO - Processing file /usr/local/python/3.10.13/lib/python3.10/site-packages/airflow/example_dags/tutorial_objectstorage.py for tasks to queue
[2024-07-02T19:24:30.624+0000] {logging_mixin.py:188} INFO - [2024-07-02T19:24:30.624+0000] {dagbag.py:545} INFO - Filling up the DagBag from /usr/local/python/3.10.13/lib/python3.10/site-packages/airflow/example_dags/tutorial_objectstorage.py
[2024-07-02T19:24:30.630+0000] {processor.py:840} INFO - DAG(s) 'tutorial_objectstorage' retrieved from /usr/local/python/3.10.13/lib/python3.10/site-packages/airflow/example_dags/tutorial_objectstorage.py
[2024-07-02T19:24:30.641+0000] {logging_mixin.py:188} INFO - [2024-07-02T19:24:30.641+0000] {dag.py:3096} INFO - Sync 1 DAGs
[2024-07-02T19:24:30.650+0000] {logging_mixin.py:188} INFO - [2024-07-02T19:24:30.649+0000] {dag.py:3954} INFO - Setting next_dagrun for tutorial_objectstorage to None, run_after=None
[2024-07-02T19:24:30.691+0000] {processor.py:183} INFO - Processing /usr/local/python/3.10.13/lib/python3.10/site-packages/airflow/example_dags/tutorial_objectstorage.py took 0.073 seconds
[2024-07-02T19:25:13.477+0000] {processor.py:161} INFO - Started process (PID=12336) to work on /usr/local/python/3.10.13/lib/python3.10/site-packages/airflow/example_dags/tutorial_objectstorage.py
[2024-07-02T19:25:13.478+0000] {processor.py:830} INFO - Processing file /usr/local/python/3.10.13/lib/python3.10/site-packages/airflow/example_dags/tutorial_objectstorage.py for tasks to queue
[2024-07-02T19:25:13.479+0000] {logging_mixin.py:188} INFO - [2024-07-02T19:25:13.478+0000] {dagbag.py:545} INFO - Filling up the DagBag from /usr/local/python/3.10.13/lib/python3.10/site-packages/airflow/example_dags/tutorial_objectstorage.py
[2024-07-02T19:25:13.484+0000] {processor.py:840} INFO - DAG(s) 'tutorial_objectstorage' retrieved from /usr/local/python/3.10.13/lib/python3.10/site-packages/airflow/example_dags/tutorial_objectstorage.py
[2024-07-02T19:25:13.495+0000] {logging_mixin.py:188} INFO - [2024-07-02T19:25:13.495+0000] {dag.py:3096} INFO - Sync 1 DAGs
[2024-07-02T19:25:13.503+0000] {logging_mixin.py:188} INFO - [2024-07-02T19:25:13.503+0000] {dag.py:3954} INFO - Setting next_dagrun for tutorial_objectstorage to None, run_after=None
[2024-07-02T19:25:13.544+0000] {processor.py:183} INFO - Processing /usr/local/python/3.10.13/lib/python3.10/site-packages/airflow/example_dags/tutorial_objectstorage.py took 0.071 seconds
[2024-07-02T19:25:56.048+0000] {processor.py:161} INFO - Started process (PID=12659) to work on /usr/local/python/3.10.13/lib/python3.10/site-packages/airflow/example_dags/tutorial_objectstorage.py
[2024-07-02T19:25:56.049+0000] {processor.py:830} INFO - Processing file /usr/local/python/3.10.13/lib/python3.10/site-packages/airflow/example_dags/tutorial_objectstorage.py for tasks to queue
[2024-07-02T19:25:56.049+0000] {logging_mixin.py:188} INFO - [2024-07-02T19:25:56.049+0000] {dagbag.py:545} INFO - Filling up the DagBag from /usr/local/python/3.10.13/lib/python3.10/site-packages/airflow/example_dags/tutorial_objectstorage.py
[2024-07-02T19:25:56.055+0000] {processor.py:840} INFO - DAG(s) 'tutorial_objectstorage' retrieved from /usr/local/python/3.10.13/lib/python3.10/site-packages/airflow/example_dags/tutorial_objectstorage.py
[2024-07-02T19:25:56.065+0000] {logging_mixin.py:188} INFO - [2024-07-02T19:25:56.065+0000] {dag.py:3096} INFO - Sync 1 DAGs
[2024-07-02T19:25:56.074+0000] {logging_mixin.py:188} INFO - [2024-07-02T19:25:56.073+0000] {dag.py:3954} INFO - Setting next_dagrun for tutorial_objectstorage to None, run_after=None
[2024-07-02T19:25:56.117+0000] {processor.py:183} INFO - Processing /usr/local/python/3.10.13/lib/python3.10/site-packages/airflow/example_dags/tutorial_objectstorage.py took 0.074 seconds
[2024-07-02T19:26:40.100+0000] {processor.py:161} INFO - Started process (PID=13001) to work on /usr/local/python/3.10.13/lib/python3.10/site-packages/airflow/example_dags/tutorial_objectstorage.py
[2024-07-02T19:26:40.100+0000] {processor.py:830} INFO - Processing file /usr/local/python/3.10.13/lib/python3.10/site-packages/airflow/example_dags/tutorial_objectstorage.py for tasks to queue
[2024-07-02T19:26:40.101+0000] {logging_mixin.py:188} INFO - [2024-07-02T19:26:40.101+0000] {dagbag.py:545} INFO - Filling up the DagBag from /usr/local/python/3.10.13/lib/python3.10/site-packages/airflow/example_dags/tutorial_objectstorage.py
[2024-07-02T19:26:40.107+0000] {processor.py:840} INFO - DAG(s) 'tutorial_objectstorage' retrieved from /usr/local/python/3.10.13/lib/python3.10/site-packages/airflow/example_dags/tutorial_objectstorage.py
[2024-07-02T19:26:40.117+0000] {logging_mixin.py:188} INFO - [2024-07-02T19:26:40.117+0000] {dag.py:3096} INFO - Sync 1 DAGs
[2024-07-02T19:26:40.126+0000] {logging_mixin.py:188} INFO - [2024-07-02T19:26:40.126+0000] {dag.py:3954} INFO - Setting next_dagrun for tutorial_objectstorage to None, run_after=None
[2024-07-02T19:26:40.166+0000] {processor.py:183} INFO - Processing /usr/local/python/3.10.13/lib/python3.10/site-packages/airflow/example_dags/tutorial_objectstorage.py took 0.071 seconds
[2024-07-02T19:27:24.932+0000] {processor.py:161} INFO - Started process (PID=13388) to work on /usr/local/python/3.10.13/lib/python3.10/site-packages/airflow/example_dags/tutorial_objectstorage.py
[2024-07-02T19:27:24.933+0000] {processor.py:830} INFO - Processing file /usr/local/python/3.10.13/lib/python3.10/site-packages/airflow/example_dags/tutorial_objectstorage.py for tasks to queue
[2024-07-02T19:27:24.933+0000] {logging_mixin.py:188} INFO - [2024-07-02T19:27:24.933+0000] {dagbag.py:545} INFO - Filling up the DagBag from /usr/local/python/3.10.13/lib/python3.10/site-packages/airflow/example_dags/tutorial_objectstorage.py
[2024-07-02T19:27:24.939+0000] {processor.py:840} INFO - DAG(s) 'tutorial_objectstorage' retrieved from /usr/local/python/3.10.13/lib/python3.10/site-packages/airflow/example_dags/tutorial_objectstorage.py
[2024-07-02T19:27:24.949+0000] {logging_mixin.py:188} INFO - [2024-07-02T19:27:24.949+0000] {dag.py:3096} INFO - Sync 1 DAGs
[2024-07-02T19:27:24.957+0000] {logging_mixin.py:188} INFO - [2024-07-02T19:27:24.957+0000] {dag.py:3954} INFO - Setting next_dagrun for tutorial_objectstorage to None, run_after=None
[2024-07-02T19:27:24.999+0000] {processor.py:183} INFO - Processing /usr/local/python/3.10.13/lib/python3.10/site-packages/airflow/example_dags/tutorial_objectstorage.py took 0.071 seconds
[2024-07-02T19:28:06.192+0000] {processor.py:161} INFO - Started process (PID=13767) to work on /usr/local/python/3.10.13/lib/python3.10/site-packages/airflow/example_dags/tutorial_objectstorage.py
[2024-07-02T19:28:06.192+0000] {processor.py:830} INFO - Processing file /usr/local/python/3.10.13/lib/python3.10/site-packages/airflow/example_dags/tutorial_objectstorage.py for tasks to queue
[2024-07-02T19:28:06.193+0000] {logging_mixin.py:188} INFO - [2024-07-02T19:28:06.193+0000] {dagbag.py:545} INFO - Filling up the DagBag from /usr/local/python/3.10.13/lib/python3.10/site-packages/airflow/example_dags/tutorial_objectstorage.py
[2024-07-02T19:28:06.199+0000] {processor.py:840} INFO - DAG(s) 'tutorial_objectstorage' retrieved from /usr/local/python/3.10.13/lib/python3.10/site-packages/airflow/example_dags/tutorial_objectstorage.py
[2024-07-02T19:28:06.209+0000] {logging_mixin.py:188} INFO - [2024-07-02T19:28:06.209+0000] {dag.py:3096} INFO - Sync 1 DAGs
[2024-07-02T19:28:06.218+0000] {logging_mixin.py:188} INFO - [2024-07-02T19:28:06.218+0000] {dag.py:3954} INFO - Setting next_dagrun for tutorial_objectstorage to None, run_after=None
[2024-07-02T19:28:06.260+0000] {processor.py:183} INFO - Processing /usr/local/python/3.10.13/lib/python3.10/site-packages/airflow/example_dags/tutorial_objectstorage.py took 0.072 seconds
[2024-07-02T19:28:48.916+0000] {processor.py:161} INFO - Started process (PID=14140) to work on /usr/local/python/3.10.13/lib/python3.10/site-packages/airflow/example_dags/tutorial_objectstorage.py
[2024-07-02T19:28:48.917+0000] {processor.py:830} INFO - Processing file /usr/local/python/3.10.13/lib/python3.10/site-packages/airflow/example_dags/tutorial_objectstorage.py for tasks to queue
[2024-07-02T19:28:48.918+0000] {logging_mixin.py:188} INFO - [2024-07-02T19:28:48.917+0000] {dagbag.py:545} INFO - Filling up the DagBag from /usr/local/python/3.10.13/lib/python3.10/site-packages/airflow/example_dags/tutorial_objectstorage.py
[2024-07-02T19:28:48.923+0000] {processor.py:840} INFO - DAG(s) 'tutorial_objectstorage' retrieved from /usr/local/python/3.10.13/lib/python3.10/site-packages/airflow/example_dags/tutorial_objectstorage.py
[2024-07-02T19:28:48.934+0000] {logging_mixin.py:188} INFO - [2024-07-02T19:28:48.934+0000] {dag.py:3096} INFO - Sync 1 DAGs
[2024-07-02T19:28:48.943+0000] {logging_mixin.py:188} INFO - [2024-07-02T19:28:48.943+0000] {dag.py:3954} INFO - Setting next_dagrun for tutorial_objectstorage to None, run_after=None
[2024-07-02T19:28:48.984+0000] {processor.py:183} INFO - Processing /usr/local/python/3.10.13/lib/python3.10/site-packages/airflow/example_dags/tutorial_objectstorage.py took 0.073 seconds
[2024-07-02T19:29:35.678+0000] {processor.py:161} INFO - Started process (PID=14510) to work on /usr/local/python/3.10.13/lib/python3.10/site-packages/airflow/example_dags/tutorial_objectstorage.py
[2024-07-02T19:29:35.679+0000] {processor.py:830} INFO - Processing file /usr/local/python/3.10.13/lib/python3.10/site-packages/airflow/example_dags/tutorial_objectstorage.py for tasks to queue
[2024-07-02T19:29:35.680+0000] {logging_mixin.py:188} INFO - [2024-07-02T19:29:35.679+0000] {dagbag.py:545} INFO - Filling up the DagBag from /usr/local/python/3.10.13/lib/python3.10/site-packages/airflow/example_dags/tutorial_objectstorage.py
[2024-07-02T19:29:35.688+0000] {processor.py:840} INFO - DAG(s) 'tutorial_objectstorage' retrieved from /usr/local/python/3.10.13/lib/python3.10/site-packages/airflow/example_dags/tutorial_objectstorage.py
[2024-07-02T19:29:35.703+0000] {logging_mixin.py:188} INFO - [2024-07-02T19:29:35.703+0000] {dag.py:3096} INFO - Sync 1 DAGs
[2024-07-02T19:29:35.717+0000] {logging_mixin.py:188} INFO - [2024-07-02T19:29:35.717+0000] {dag.py:3954} INFO - Setting next_dagrun for tutorial_objectstorage to None, run_after=None
[2024-07-02T19:29:35.761+0000] {processor.py:183} INFO - Processing /usr/local/python/3.10.13/lib/python3.10/site-packages/airflow/example_dags/tutorial_objectstorage.py took 0.090 seconds
[2024-07-02T19:30:21.548+0000] {processor.py:161} INFO - Started process (PID=14913) to work on /usr/local/python/3.10.13/lib/python3.10/site-packages/airflow/example_dags/tutorial_objectstorage.py
[2024-07-02T19:30:21.548+0000] {processor.py:830} INFO - Processing file /usr/local/python/3.10.13/lib/python3.10/site-packages/airflow/example_dags/tutorial_objectstorage.py for tasks to queue
[2024-07-02T19:30:21.549+0000] {logging_mixin.py:188} INFO - [2024-07-02T19:30:21.549+0000] {dagbag.py:545} INFO - Filling up the DagBag from /usr/local/python/3.10.13/lib/python3.10/site-packages/airflow/example_dags/tutorial_objectstorage.py
[2024-07-02T19:30:21.555+0000] {processor.py:840} INFO - DAG(s) 'tutorial_objectstorage' retrieved from /usr/local/python/3.10.13/lib/python3.10/site-packages/airflow/example_dags/tutorial_objectstorage.py
[2024-07-02T19:30:21.565+0000] {logging_mixin.py:188} INFO - [2024-07-02T19:30:21.565+0000] {dag.py:3096} INFO - Sync 1 DAGs
[2024-07-02T19:30:21.574+0000] {logging_mixin.py:188} INFO - [2024-07-02T19:30:21.574+0000] {dag.py:3954} INFO - Setting next_dagrun for tutorial_objectstorage to None, run_after=None
[2024-07-02T19:30:21.616+0000] {processor.py:183} INFO - Processing /usr/local/python/3.10.13/lib/python3.10/site-packages/airflow/example_dags/tutorial_objectstorage.py took 0.072 seconds
[2024-07-02T19:31:07.997+0000] {processor.py:161} INFO - Started process (PID=15252) to work on /usr/local/python/3.10.13/lib/python3.10/site-packages/airflow/example_dags/tutorial_objectstorage.py
[2024-07-02T19:31:07.997+0000] {processor.py:830} INFO - Processing file /usr/local/python/3.10.13/lib/python3.10/site-packages/airflow/example_dags/tutorial_objectstorage.py for tasks to queue
[2024-07-02T19:31:07.998+0000] {logging_mixin.py:188} INFO - [2024-07-02T19:31:07.998+0000] {dagbag.py:545} INFO - Filling up the DagBag from /usr/local/python/3.10.13/lib/python3.10/site-packages/airflow/example_dags/tutorial_objectstorage.py
[2024-07-02T19:31:08.004+0000] {processor.py:840} INFO - DAG(s) 'tutorial_objectstorage' retrieved from /usr/local/python/3.10.13/lib/python3.10/site-packages/airflow/example_dags/tutorial_objectstorage.py
[2024-07-02T19:31:08.014+0000] {logging_mixin.py:188} INFO - [2024-07-02T19:31:08.014+0000] {dag.py:3096} INFO - Sync 1 DAGs
[2024-07-02T19:31:08.023+0000] {logging_mixin.py:188} INFO - [2024-07-02T19:31:08.023+0000] {dag.py:3954} INFO - Setting next_dagrun for tutorial_objectstorage to None, run_after=None
[2024-07-02T19:31:08.066+0000] {processor.py:183} INFO - Processing /usr/local/python/3.10.13/lib/python3.10/site-packages/airflow/example_dags/tutorial_objectstorage.py took 0.074 seconds
[2024-07-02T19:31:57.705+0000] {processor.py:161} INFO - Started process (PID=15629) to work on /usr/local/python/3.10.13/lib/python3.10/site-packages/airflow/example_dags/tutorial_objectstorage.py
[2024-07-02T19:31:57.706+0000] {processor.py:830} INFO - Processing file /usr/local/python/3.10.13/lib/python3.10/site-packages/airflow/example_dags/tutorial_objectstorage.py for tasks to queue
[2024-07-02T19:31:57.707+0000] {logging_mixin.py:188} INFO - [2024-07-02T19:31:57.706+0000] {dagbag.py:545} INFO - Filling up the DagBag from /usr/local/python/3.10.13/lib/python3.10/site-packages/airflow/example_dags/tutorial_objectstorage.py
[2024-07-02T19:31:57.713+0000] {processor.py:840} INFO - DAG(s) 'tutorial_objectstorage' retrieved from /usr/local/python/3.10.13/lib/python3.10/site-packages/airflow/example_dags/tutorial_objectstorage.py
[2024-07-02T19:31:57.723+0000] {logging_mixin.py:188} INFO - [2024-07-02T19:31:57.723+0000] {dag.py:3096} INFO - Sync 1 DAGs
[2024-07-02T19:31:57.732+0000] {logging_mixin.py:188} INFO - [2024-07-02T19:31:57.732+0000] {dag.py:3954} INFO - Setting next_dagrun for tutorial_objectstorage to None, run_after=None
[2024-07-02T19:31:57.777+0000] {processor.py:183} INFO - Processing /usr/local/python/3.10.13/lib/python3.10/site-packages/airflow/example_dags/tutorial_objectstorage.py took 0.076 seconds
[2024-07-02T19:32:41.195+0000] {processor.py:161} INFO - Started process (PID=15952) to work on /usr/local/python/3.10.13/lib/python3.10/site-packages/airflow/example_dags/tutorial_objectstorage.py
[2024-07-02T19:32:41.196+0000] {processor.py:830} INFO - Processing file /usr/local/python/3.10.13/lib/python3.10/site-packages/airflow/example_dags/tutorial_objectstorage.py for tasks to queue
[2024-07-02T19:32:41.196+0000] {logging_mixin.py:188} INFO - [2024-07-02T19:32:41.196+0000] {dagbag.py:545} INFO - Filling up the DagBag from /usr/local/python/3.10.13/lib/python3.10/site-packages/airflow/example_dags/tutorial_objectstorage.py
[2024-07-02T19:32:41.202+0000] {processor.py:840} INFO - DAG(s) 'tutorial_objectstorage' retrieved from /usr/local/python/3.10.13/lib/python3.10/site-packages/airflow/example_dags/tutorial_objectstorage.py
[2024-07-02T19:32:41.213+0000] {logging_mixin.py:188} INFO - [2024-07-02T19:32:41.213+0000] {dag.py:3096} INFO - Sync 1 DAGs
[2024-07-02T19:32:41.222+0000] {logging_mixin.py:188} INFO - [2024-07-02T19:32:41.222+0000] {dag.py:3954} INFO - Setting next_dagrun for tutorial_objectstorage to None, run_after=None
[2024-07-02T19:32:41.262+0000] {processor.py:183} INFO - Processing /usr/local/python/3.10.13/lib/python3.10/site-packages/airflow/example_dags/tutorial_objectstorage.py took 0.072 seconds
[2024-07-02T19:33:24.297+0000] {processor.py:161} INFO - Started process (PID=16364) to work on /usr/local/python/3.10.13/lib/python3.10/site-packages/airflow/example_dags/tutorial_objectstorage.py
[2024-07-02T19:33:24.298+0000] {processor.py:830} INFO - Processing file /usr/local/python/3.10.13/lib/python3.10/site-packages/airflow/example_dags/tutorial_objectstorage.py for tasks to queue
[2024-07-02T19:33:24.299+0000] {logging_mixin.py:188} INFO - [2024-07-02T19:33:24.298+0000] {dagbag.py:545} INFO - Filling up the DagBag from /usr/local/python/3.10.13/lib/python3.10/site-packages/airflow/example_dags/tutorial_objectstorage.py
[2024-07-02T19:33:24.305+0000] {processor.py:840} INFO - DAG(s) 'tutorial_objectstorage' retrieved from /usr/local/python/3.10.13/lib/python3.10/site-packages/airflow/example_dags/tutorial_objectstorage.py
[2024-07-02T19:33:24.315+0000] {logging_mixin.py:188} INFO - [2024-07-02T19:33:24.315+0000] {dag.py:3096} INFO - Sync 1 DAGs
[2024-07-02T19:33:24.324+0000] {logging_mixin.py:188} INFO - [2024-07-02T19:33:24.324+0000] {dag.py:3954} INFO - Setting next_dagrun for tutorial_objectstorage to None, run_after=None
[2024-07-02T19:33:24.366+0000] {processor.py:183} INFO - Processing /usr/local/python/3.10.13/lib/python3.10/site-packages/airflow/example_dags/tutorial_objectstorage.py took 0.074 seconds
[2024-07-02T19:34:09.513+0000] {processor.py:161} INFO - Started process (PID=16694) to work on /usr/local/python/3.10.13/lib/python3.10/site-packages/airflow/example_dags/tutorial_objectstorage.py
[2024-07-02T19:34:09.513+0000] {processor.py:830} INFO - Processing file /usr/local/python/3.10.13/lib/python3.10/site-packages/airflow/example_dags/tutorial_objectstorage.py for tasks to queue
[2024-07-02T19:34:09.514+0000] {logging_mixin.py:188} INFO - [2024-07-02T19:34:09.514+0000] {dagbag.py:545} INFO - Filling up the DagBag from /usr/local/python/3.10.13/lib/python3.10/site-packages/airflow/example_dags/tutorial_objectstorage.py
[2024-07-02T19:34:09.520+0000] {processor.py:840} INFO - DAG(s) 'tutorial_objectstorage' retrieved from /usr/local/python/3.10.13/lib/python3.10/site-packages/airflow/example_dags/tutorial_objectstorage.py
[2024-07-02T19:34:09.530+0000] {logging_mixin.py:188} INFO - [2024-07-02T19:34:09.530+0000] {dag.py:3096} INFO - Sync 1 DAGs
[2024-07-02T19:34:09.538+0000] {logging_mixin.py:188} INFO - [2024-07-02T19:34:09.538+0000] {dag.py:3954} INFO - Setting next_dagrun for tutorial_objectstorage to None, run_after=None
[2024-07-02T19:34:09.579+0000] {processor.py:183} INFO - Processing /usr/local/python/3.10.13/lib/python3.10/site-packages/airflow/example_dags/tutorial_objectstorage.py took 0.071 seconds
[2024-07-02T19:34:54.720+0000] {processor.py:161} INFO - Started process (PID=17068) to work on /usr/local/python/3.10.13/lib/python3.10/site-packages/airflow/example_dags/tutorial_objectstorage.py
[2024-07-02T19:34:54.721+0000] {processor.py:830} INFO - Processing file /usr/local/python/3.10.13/lib/python3.10/site-packages/airflow/example_dags/tutorial_objectstorage.py for tasks to queue
[2024-07-02T19:34:54.722+0000] {logging_mixin.py:188} INFO - [2024-07-02T19:34:54.721+0000] {dagbag.py:545} INFO - Filling up the DagBag from /usr/local/python/3.10.13/lib/python3.10/site-packages/airflow/example_dags/tutorial_objectstorage.py
[2024-07-02T19:34:54.727+0000] {processor.py:840} INFO - DAG(s) 'tutorial_objectstorage' retrieved from /usr/local/python/3.10.13/lib/python3.10/site-packages/airflow/example_dags/tutorial_objectstorage.py
[2024-07-02T19:34:54.738+0000] {logging_mixin.py:188} INFO - [2024-07-02T19:34:54.738+0000] {dag.py:3096} INFO - Sync 1 DAGs
[2024-07-02T19:34:54.747+0000] {logging_mixin.py:188} INFO - [2024-07-02T19:34:54.747+0000] {dag.py:3954} INFO - Setting next_dagrun for tutorial_objectstorage to None, run_after=None
[2024-07-02T19:34:54.801+0000] {processor.py:183} INFO - Processing /usr/local/python/3.10.13/lib/python3.10/site-packages/airflow/example_dags/tutorial_objectstorage.py took 0.085 seconds
[2024-07-02T19:35:41.747+0000] {processor.py:161} INFO - Started process (PID=17480) to work on /usr/local/python/3.10.13/lib/python3.10/site-packages/airflow/example_dags/tutorial_objectstorage.py
[2024-07-02T19:35:41.748+0000] {processor.py:830} INFO - Processing file /usr/local/python/3.10.13/lib/python3.10/site-packages/airflow/example_dags/tutorial_objectstorage.py for tasks to queue
[2024-07-02T19:35:41.749+0000] {logging_mixin.py:188} INFO - [2024-07-02T19:35:41.748+0000] {dagbag.py:545} INFO - Filling up the DagBag from /usr/local/python/3.10.13/lib/python3.10/site-packages/airflow/example_dags/tutorial_objectstorage.py
[2024-07-02T19:35:41.754+0000] {processor.py:840} INFO - DAG(s) 'tutorial_objectstorage' retrieved from /usr/local/python/3.10.13/lib/python3.10/site-packages/airflow/example_dags/tutorial_objectstorage.py
[2024-07-02T19:35:41.766+0000] {logging_mixin.py:188} INFO - [2024-07-02T19:35:41.765+0000] {dag.py:3096} INFO - Sync 1 DAGs
[2024-07-02T19:35:41.774+0000] {logging_mixin.py:188} INFO - [2024-07-02T19:35:41.774+0000] {dag.py:3954} INFO - Setting next_dagrun for tutorial_objectstorage to None, run_after=None
[2024-07-02T19:35:41.816+0000] {processor.py:183} INFO - Processing /usr/local/python/3.10.13/lib/python3.10/site-packages/airflow/example_dags/tutorial_objectstorage.py took 0.073 seconds
[2024-07-02T19:36:35.419+0000] {processor.py:161} INFO - Started process (PID=17921) to work on /usr/local/python/3.10.13/lib/python3.10/site-packages/airflow/example_dags/tutorial_objectstorage.py
[2024-07-02T19:36:35.419+0000] {processor.py:830} INFO - Processing file /usr/local/python/3.10.13/lib/python3.10/site-packages/airflow/example_dags/tutorial_objectstorage.py for tasks to queue
[2024-07-02T19:36:35.420+0000] {logging_mixin.py:188} INFO - [2024-07-02T19:36:35.420+0000] {dagbag.py:545} INFO - Filling up the DagBag from /usr/local/python/3.10.13/lib/python3.10/site-packages/airflow/example_dags/tutorial_objectstorage.py
[2024-07-02T19:36:35.426+0000] {processor.py:840} INFO - DAG(s) 'tutorial_objectstorage' retrieved from /usr/local/python/3.10.13/lib/python3.10/site-packages/airflow/example_dags/tutorial_objectstorage.py
[2024-07-02T19:36:35.437+0000] {logging_mixin.py:188} INFO - [2024-07-02T19:36:35.436+0000] {dag.py:3096} INFO - Sync 1 DAGs
[2024-07-02T19:36:35.445+0000] {logging_mixin.py:188} INFO - [2024-07-02T19:36:35.445+0000] {dag.py:3954} INFO - Setting next_dagrun for tutorial_objectstorage to None, run_after=None
[2024-07-02T19:36:35.504+0000] {processor.py:183} INFO - Processing /usr/local/python/3.10.13/lib/python3.10/site-packages/airflow/example_dags/tutorial_objectstorage.py took 0.090 seconds
[2024-07-02T19:37:27.558+0000] {processor.py:161} INFO - Started process (PID=18292) to work on /usr/local/python/3.10.13/lib/python3.10/site-packages/airflow/example_dags/tutorial_objectstorage.py
[2024-07-02T19:37:27.559+0000] {processor.py:830} INFO - Processing file /usr/local/python/3.10.13/lib/python3.10/site-packages/airflow/example_dags/tutorial_objectstorage.py for tasks to queue
[2024-07-02T19:37:27.560+0000] {logging_mixin.py:188} INFO - [2024-07-02T19:37:27.560+0000] {dagbag.py:545} INFO - Filling up the DagBag from /usr/local/python/3.10.13/lib/python3.10/site-packages/airflow/example_dags/tutorial_objectstorage.py
[2024-07-02T19:37:27.565+0000] {processor.py:840} INFO - DAG(s) 'tutorial_objectstorage' retrieved from /usr/local/python/3.10.13/lib/python3.10/site-packages/airflow/example_dags/tutorial_objectstorage.py
[2024-07-02T19:37:27.576+0000] {logging_mixin.py:188} INFO - [2024-07-02T19:37:27.576+0000] {dag.py:3096} INFO - Sync 1 DAGs
[2024-07-02T19:37:27.584+0000] {logging_mixin.py:188} INFO - [2024-07-02T19:37:27.584+0000] {dag.py:3954} INFO - Setting next_dagrun for tutorial_objectstorage to None, run_after=None
[2024-07-02T19:37:27.625+0000] {processor.py:183} INFO - Processing /usr/local/python/3.10.13/lib/python3.10/site-packages/airflow/example_dags/tutorial_objectstorage.py took 0.072 seconds
[2024-07-02T19:38:10.888+0000] {processor.py:161} INFO - Started process (PID=18630) to work on /usr/local/python/3.10.13/lib/python3.10/site-packages/airflow/example_dags/tutorial_objectstorage.py
[2024-07-02T19:38:10.888+0000] {processor.py:830} INFO - Processing file /usr/local/python/3.10.13/lib/python3.10/site-packages/airflow/example_dags/tutorial_objectstorage.py for tasks to queue
[2024-07-02T19:38:10.889+0000] {logging_mixin.py:188} INFO - [2024-07-02T19:38:10.889+0000] {dagbag.py:545} INFO - Filling up the DagBag from /usr/local/python/3.10.13/lib/python3.10/site-packages/airflow/example_dags/tutorial_objectstorage.py
[2024-07-02T19:38:10.895+0000] {processor.py:840} INFO - DAG(s) 'tutorial_objectstorage' retrieved from /usr/local/python/3.10.13/lib/python3.10/site-packages/airflow/example_dags/tutorial_objectstorage.py
[2024-07-02T19:38:10.906+0000] {logging_mixin.py:188} INFO - [2024-07-02T19:38:10.905+0000] {dag.py:3096} INFO - Sync 1 DAGs
[2024-07-02T19:38:10.915+0000] {logging_mixin.py:188} INFO - [2024-07-02T19:38:10.914+0000] {dag.py:3954} INFO - Setting next_dagrun for tutorial_objectstorage to None, run_after=None
[2024-07-02T19:38:10.956+0000] {processor.py:183} INFO - Processing /usr/local/python/3.10.13/lib/python3.10/site-packages/airflow/example_dags/tutorial_objectstorage.py took 0.073 seconds
[2024-07-02T19:38:53.041+0000] {processor.py:161} INFO - Started process (PID=18919) to work on /usr/local/python/3.10.13/lib/python3.10/site-packages/airflow/example_dags/tutorial_objectstorage.py
[2024-07-02T19:38:53.042+0000] {processor.py:830} INFO - Processing file /usr/local/python/3.10.13/lib/python3.10/site-packages/airflow/example_dags/tutorial_objectstorage.py for tasks to queue
[2024-07-02T19:38:53.043+0000] {logging_mixin.py:188} INFO - [2024-07-02T19:38:53.042+0000] {dagbag.py:545} INFO - Filling up the DagBag from /usr/local/python/3.10.13/lib/python3.10/site-packages/airflow/example_dags/tutorial_objectstorage.py
[2024-07-02T19:38:53.049+0000] {processor.py:840} INFO - DAG(s) 'tutorial_objectstorage' retrieved from /usr/local/python/3.10.13/lib/python3.10/site-packages/airflow/example_dags/tutorial_objectstorage.py
[2024-07-02T19:38:53.060+0000] {logging_mixin.py:188} INFO - [2024-07-02T19:38:53.060+0000] {dag.py:3096} INFO - Sync 1 DAGs
[2024-07-02T19:38:53.069+0000] {logging_mixin.py:188} INFO - [2024-07-02T19:38:53.068+0000] {dag.py:3954} INFO - Setting next_dagrun for tutorial_objectstorage to None, run_after=None
[2024-07-02T19:38:53.107+0000] {processor.py:183} INFO - Processing /usr/local/python/3.10.13/lib/python3.10/site-packages/airflow/example_dags/tutorial_objectstorage.py took 0.070 seconds
[2024-07-02T19:39:38.104+0000] {processor.py:161} INFO - Started process (PID=19249) to work on /usr/local/python/3.10.13/lib/python3.10/site-packages/airflow/example_dags/tutorial_objectstorage.py
[2024-07-02T19:39:38.105+0000] {processor.py:830} INFO - Processing file /usr/local/python/3.10.13/lib/python3.10/site-packages/airflow/example_dags/tutorial_objectstorage.py for tasks to queue
[2024-07-02T19:39:38.106+0000] {logging_mixin.py:188} INFO - [2024-07-02T19:39:38.105+0000] {dagbag.py:545} INFO - Filling up the DagBag from /usr/local/python/3.10.13/lib/python3.10/site-packages/airflow/example_dags/tutorial_objectstorage.py
[2024-07-02T19:39:38.111+0000] {processor.py:840} INFO - DAG(s) 'tutorial_objectstorage' retrieved from /usr/local/python/3.10.13/lib/python3.10/site-packages/airflow/example_dags/tutorial_objectstorage.py
[2024-07-02T19:39:38.122+0000] {logging_mixin.py:188} INFO - [2024-07-02T19:39:38.121+0000] {dag.py:3096} INFO - Sync 1 DAGs
[2024-07-02T19:39:38.130+0000] {logging_mixin.py:188} INFO - [2024-07-02T19:39:38.130+0000] {dag.py:3954} INFO - Setting next_dagrun for tutorial_objectstorage to None, run_after=None
[2024-07-02T19:39:38.174+0000] {processor.py:183} INFO - Processing /usr/local/python/3.10.13/lib/python3.10/site-packages/airflow/example_dags/tutorial_objectstorage.py took 0.074 seconds
[2024-07-02T19:40:34.697+0000] {processor.py:161} INFO - Started process (PID=19686) to work on /usr/local/python/3.10.13/lib/python3.10/site-packages/airflow/example_dags/tutorial_objectstorage.py
[2024-07-02T19:40:34.698+0000] {processor.py:830} INFO - Processing file /usr/local/python/3.10.13/lib/python3.10/site-packages/airflow/example_dags/tutorial_objectstorage.py for tasks to queue
[2024-07-02T19:40:34.699+0000] {logging_mixin.py:188} INFO - [2024-07-02T19:40:34.699+0000] {dagbag.py:545} INFO - Filling up the DagBag from /usr/local/python/3.10.13/lib/python3.10/site-packages/airflow/example_dags/tutorial_objectstorage.py
[2024-07-02T19:40:34.705+0000] {processor.py:840} INFO - DAG(s) 'tutorial_objectstorage' retrieved from /usr/local/python/3.10.13/lib/python3.10/site-packages/airflow/example_dags/tutorial_objectstorage.py
[2024-07-02T19:40:34.716+0000] {logging_mixin.py:188} INFO - [2024-07-02T19:40:34.716+0000] {dag.py:3096} INFO - Sync 1 DAGs
[2024-07-02T19:40:34.724+0000] {logging_mixin.py:188} INFO - [2024-07-02T19:40:34.724+0000] {dag.py:3954} INFO - Setting next_dagrun for tutorial_objectstorage to None, run_after=None
[2024-07-02T19:40:34.765+0000] {processor.py:183} INFO - Processing /usr/local/python/3.10.13/lib/python3.10/site-packages/airflow/example_dags/tutorial_objectstorage.py took 0.072 seconds
[2024-07-02T19:41:18.110+0000] {processor.py:161} INFO - Started process (PID=20011) to work on /usr/local/python/3.10.13/lib/python3.10/site-packages/airflow/example_dags/tutorial_objectstorage.py
[2024-07-02T19:41:18.111+0000] {processor.py:830} INFO - Processing file /usr/local/python/3.10.13/lib/python3.10/site-packages/airflow/example_dags/tutorial_objectstorage.py for tasks to queue
[2024-07-02T19:41:18.112+0000] {logging_mixin.py:188} INFO - [2024-07-02T19:41:18.112+0000] {dagbag.py:545} INFO - Filling up the DagBag from /usr/local/python/3.10.13/lib/python3.10/site-packages/airflow/example_dags/tutorial_objectstorage.py
[2024-07-02T19:41:18.118+0000] {processor.py:840} INFO - DAG(s) 'tutorial_objectstorage' retrieved from /usr/local/python/3.10.13/lib/python3.10/site-packages/airflow/example_dags/tutorial_objectstorage.py
[2024-07-02T19:41:18.128+0000] {logging_mixin.py:188} INFO - [2024-07-02T19:41:18.128+0000] {dag.py:3096} INFO - Sync 1 DAGs
[2024-07-02T19:41:18.137+0000] {logging_mixin.py:188} INFO - [2024-07-02T19:41:18.137+0000] {dag.py:3954} INFO - Setting next_dagrun for tutorial_objectstorage to None, run_after=None
[2024-07-02T19:41:18.177+0000] {processor.py:183} INFO - Processing /usr/local/python/3.10.13/lib/python3.10/site-packages/airflow/example_dags/tutorial_objectstorage.py took 0.071 seconds
[2024-07-02T19:42:01.781+0000] {processor.py:161} INFO - Started process (PID=20342) to work on /usr/local/python/3.10.13/lib/python3.10/site-packages/airflow/example_dags/tutorial_objectstorage.py
[2024-07-02T19:42:01.782+0000] {processor.py:830} INFO - Processing file /usr/local/python/3.10.13/lib/python3.10/site-packages/airflow/example_dags/tutorial_objectstorage.py for tasks to queue
[2024-07-02T19:42:01.783+0000] {logging_mixin.py:188} INFO - [2024-07-02T19:42:01.783+0000] {dagbag.py:545} INFO - Filling up the DagBag from /usr/local/python/3.10.13/lib/python3.10/site-packages/airflow/example_dags/tutorial_objectstorage.py
[2024-07-02T19:42:01.790+0000] {processor.py:840} INFO - DAG(s) 'tutorial_objectstorage' retrieved from /usr/local/python/3.10.13/lib/python3.10/site-packages/airflow/example_dags/tutorial_objectstorage.py
[2024-07-02T19:42:01.801+0000] {logging_mixin.py:188} INFO - [2024-07-02T19:42:01.800+0000] {dag.py:3096} INFO - Sync 1 DAGs
[2024-07-02T19:42:01.814+0000] {logging_mixin.py:188} INFO - [2024-07-02T19:42:01.813+0000] {dag.py:3954} INFO - Setting next_dagrun for tutorial_objectstorage to None, run_after=None
[2024-07-02T19:42:01.861+0000] {processor.py:183} INFO - Processing /usr/local/python/3.10.13/lib/python3.10/site-packages/airflow/example_dags/tutorial_objectstorage.py took 0.084 seconds
[2024-07-02T19:42:42.257+0000] {processor.py:161} INFO - Started process (PID=20656) to work on /usr/local/python/3.10.13/lib/python3.10/site-packages/airflow/example_dags/tutorial_objectstorage.py
[2024-07-02T19:42:42.257+0000] {processor.py:830} INFO - Processing file /usr/local/python/3.10.13/lib/python3.10/site-packages/airflow/example_dags/tutorial_objectstorage.py for tasks to queue
[2024-07-02T19:42:42.258+0000] {logging_mixin.py:188} INFO - [2024-07-02T19:42:42.258+0000] {dagbag.py:545} INFO - Filling up the DagBag from /usr/local/python/3.10.13/lib/python3.10/site-packages/airflow/example_dags/tutorial_objectstorage.py
[2024-07-02T19:42:42.263+0000] {processor.py:840} INFO - DAG(s) 'tutorial_objectstorage' retrieved from /usr/local/python/3.10.13/lib/python3.10/site-packages/airflow/example_dags/tutorial_objectstorage.py
[2024-07-02T19:42:42.274+0000] {logging_mixin.py:188} INFO - [2024-07-02T19:42:42.274+0000] {dag.py:3096} INFO - Sync 1 DAGs
[2024-07-02T19:42:42.283+0000] {logging_mixin.py:188} INFO - [2024-07-02T19:42:42.283+0000] {dag.py:3954} INFO - Setting next_dagrun for tutorial_objectstorage to None, run_after=None
[2024-07-02T19:42:42.328+0000] {processor.py:183} INFO - Processing /usr/local/python/3.10.13/lib/python3.10/site-packages/airflow/example_dags/tutorial_objectstorage.py took 0.076 seconds
[2024-07-02T19:43:32.438+0000] {processor.py:161} INFO - Started process (PID=21091) to work on /usr/local/python/3.10.13/lib/python3.10/site-packages/airflow/example_dags/tutorial_objectstorage.py
[2024-07-02T19:43:32.439+0000] {processor.py:830} INFO - Processing file /usr/local/python/3.10.13/lib/python3.10/site-packages/airflow/example_dags/tutorial_objectstorage.py for tasks to queue
[2024-07-02T19:43:32.440+0000] {logging_mixin.py:188} INFO - [2024-07-02T19:43:32.439+0000] {dagbag.py:545} INFO - Filling up the DagBag from /usr/local/python/3.10.13/lib/python3.10/site-packages/airflow/example_dags/tutorial_objectstorage.py
[2024-07-02T19:43:32.445+0000] {processor.py:840} INFO - DAG(s) 'tutorial_objectstorage' retrieved from /usr/local/python/3.10.13/lib/python3.10/site-packages/airflow/example_dags/tutorial_objectstorage.py
[2024-07-02T19:43:32.456+0000] {logging_mixin.py:188} INFO - [2024-07-02T19:43:32.456+0000] {dag.py:3096} INFO - Sync 1 DAGs
[2024-07-02T19:43:32.464+0000] {logging_mixin.py:188} INFO - [2024-07-02T19:43:32.464+0000] {dag.py:3954} INFO - Setting next_dagrun for tutorial_objectstorage to None, run_after=None
[2024-07-02T19:43:32.507+0000] {processor.py:183} INFO - Processing /usr/local/python/3.10.13/lib/python3.10/site-packages/airflow/example_dags/tutorial_objectstorage.py took 0.073 seconds
[2024-07-02T19:44:25.218+0000] {processor.py:161} INFO - Started process (PID=21505) to work on /usr/local/python/3.10.13/lib/python3.10/site-packages/airflow/example_dags/tutorial_objectstorage.py
[2024-07-02T19:44:25.219+0000] {processor.py:830} INFO - Processing file /usr/local/python/3.10.13/lib/python3.10/site-packages/airflow/example_dags/tutorial_objectstorage.py for tasks to queue
[2024-07-02T19:44:25.220+0000] {logging_mixin.py:188} INFO - [2024-07-02T19:44:25.219+0000] {dagbag.py:545} INFO - Filling up the DagBag from /usr/local/python/3.10.13/lib/python3.10/site-packages/airflow/example_dags/tutorial_objectstorage.py
[2024-07-02T19:44:25.226+0000] {processor.py:840} INFO - DAG(s) 'tutorial_objectstorage' retrieved from /usr/local/python/3.10.13/lib/python3.10/site-packages/airflow/example_dags/tutorial_objectstorage.py
[2024-07-02T19:44:25.236+0000] {logging_mixin.py:188} INFO - [2024-07-02T19:44:25.236+0000] {dag.py:3096} INFO - Sync 1 DAGs
[2024-07-02T19:44:25.245+0000] {logging_mixin.py:188} INFO - [2024-07-02T19:44:25.245+0000] {dag.py:3954} INFO - Setting next_dagrun for tutorial_objectstorage to None, run_after=None
[2024-07-02T19:44:25.286+0000] {processor.py:183} INFO - Processing /usr/local/python/3.10.13/lib/python3.10/site-packages/airflow/example_dags/tutorial_objectstorage.py took 0.072 seconds
[2024-07-02T19:45:07.431+0000] {processor.py:161} INFO - Started process (PID=21826) to work on /usr/local/python/3.10.13/lib/python3.10/site-packages/airflow/example_dags/tutorial_objectstorage.py
[2024-07-02T19:45:07.432+0000] {processor.py:830} INFO - Processing file /usr/local/python/3.10.13/lib/python3.10/site-packages/airflow/example_dags/tutorial_objectstorage.py for tasks to queue
[2024-07-02T19:45:07.432+0000] {logging_mixin.py:188} INFO - [2024-07-02T19:45:07.432+0000] {dagbag.py:545} INFO - Filling up the DagBag from /usr/local/python/3.10.13/lib/python3.10/site-packages/airflow/example_dags/tutorial_objectstorage.py
[2024-07-02T19:45:07.438+0000] {processor.py:840} INFO - DAG(s) 'tutorial_objectstorage' retrieved from /usr/local/python/3.10.13/lib/python3.10/site-packages/airflow/example_dags/tutorial_objectstorage.py
[2024-07-02T19:45:07.448+0000] {logging_mixin.py:188} INFO - [2024-07-02T19:45:07.448+0000] {dag.py:3096} INFO - Sync 1 DAGs
[2024-07-02T19:45:07.457+0000] {logging_mixin.py:188} INFO - [2024-07-02T19:45:07.456+0000] {dag.py:3954} INFO - Setting next_dagrun for tutorial_objectstorage to None, run_after=None
[2024-07-02T19:45:07.496+0000] {processor.py:183} INFO - Processing /usr/local/python/3.10.13/lib/python3.10/site-packages/airflow/example_dags/tutorial_objectstorage.py took 0.070 seconds
[2024-07-02T19:45:48.700+0000] {processor.py:161} INFO - Started process (PID=22111) to work on /usr/local/python/3.10.13/lib/python3.10/site-packages/airflow/example_dags/tutorial_objectstorage.py
[2024-07-02T19:45:48.700+0000] {processor.py:830} INFO - Processing file /usr/local/python/3.10.13/lib/python3.10/site-packages/airflow/example_dags/tutorial_objectstorage.py for tasks to queue
[2024-07-02T19:45:48.701+0000] {logging_mixin.py:188} INFO - [2024-07-02T19:45:48.701+0000] {dagbag.py:545} INFO - Filling up the DagBag from /usr/local/python/3.10.13/lib/python3.10/site-packages/airflow/example_dags/tutorial_objectstorage.py
[2024-07-02T19:45:48.707+0000] {processor.py:840} INFO - DAG(s) 'tutorial_objectstorage' retrieved from /usr/local/python/3.10.13/lib/python3.10/site-packages/airflow/example_dags/tutorial_objectstorage.py
[2024-07-02T19:45:48.717+0000] {logging_mixin.py:188} INFO - [2024-07-02T19:45:48.717+0000] {dag.py:3096} INFO - Sync 1 DAGs
[2024-07-02T19:45:48.726+0000] {logging_mixin.py:188} INFO - [2024-07-02T19:45:48.726+0000] {dag.py:3954} INFO - Setting next_dagrun for tutorial_objectstorage to None, run_after=None
[2024-07-02T19:45:48.767+0000] {processor.py:183} INFO - Processing /usr/local/python/3.10.13/lib/python3.10/site-packages/airflow/example_dags/tutorial_objectstorage.py took 0.072 seconds
[2024-07-02T19:46:31.078+0000] {processor.py:161} INFO - Started process (PID=22408) to work on /usr/local/python/3.10.13/lib/python3.10/site-packages/airflow/example_dags/tutorial_objectstorage.py
[2024-07-02T19:46:31.079+0000] {processor.py:830} INFO - Processing file /usr/local/python/3.10.13/lib/python3.10/site-packages/airflow/example_dags/tutorial_objectstorage.py for tasks to queue
[2024-07-02T19:46:31.079+0000] {logging_mixin.py:188} INFO - [2024-07-02T19:46:31.079+0000] {dagbag.py:545} INFO - Filling up the DagBag from /usr/local/python/3.10.13/lib/python3.10/site-packages/airflow/example_dags/tutorial_objectstorage.py
[2024-07-02T19:46:31.085+0000] {processor.py:840} INFO - DAG(s) 'tutorial_objectstorage' retrieved from /usr/local/python/3.10.13/lib/python3.10/site-packages/airflow/example_dags/tutorial_objectstorage.py
[2024-07-02T19:46:31.095+0000] {logging_mixin.py:188} INFO - [2024-07-02T19:46:31.095+0000] {dag.py:3096} INFO - Sync 1 DAGs
[2024-07-02T19:46:31.104+0000] {logging_mixin.py:188} INFO - [2024-07-02T19:46:31.104+0000] {dag.py:3954} INFO - Setting next_dagrun for tutorial_objectstorage to None, run_after=None
[2024-07-02T19:46:31.146+0000] {processor.py:183} INFO - Processing /usr/local/python/3.10.13/lib/python3.10/site-packages/airflow/example_dags/tutorial_objectstorage.py took 0.073 seconds
[2024-07-02T19:47:19.035+0000] {processor.py:161} INFO - Started process (PID=22745) to work on /usr/local/python/3.10.13/lib/python3.10/site-packages/airflow/example_dags/tutorial_objectstorage.py
[2024-07-02T19:47:19.036+0000] {processor.py:830} INFO - Processing file /usr/local/python/3.10.13/lib/python3.10/site-packages/airflow/example_dags/tutorial_objectstorage.py for tasks to queue
[2024-07-02T19:47:19.037+0000] {logging_mixin.py:188} INFO - [2024-07-02T19:47:19.036+0000] {dagbag.py:545} INFO - Filling up the DagBag from /usr/local/python/3.10.13/lib/python3.10/site-packages/airflow/example_dags/tutorial_objectstorage.py
[2024-07-02T19:47:19.042+0000] {processor.py:840} INFO - DAG(s) 'tutorial_objectstorage' retrieved from /usr/local/python/3.10.13/lib/python3.10/site-packages/airflow/example_dags/tutorial_objectstorage.py
[2024-07-02T19:47:19.053+0000] {logging_mixin.py:188} INFO - [2024-07-02T19:47:19.053+0000] {dag.py:3096} INFO - Sync 1 DAGs
[2024-07-02T19:47:19.061+0000] {logging_mixin.py:188} INFO - [2024-07-02T19:47:19.061+0000] {dag.py:3954} INFO - Setting next_dagrun for tutorial_objectstorage to None, run_after=None
[2024-07-02T19:47:19.109+0000] {processor.py:183} INFO - Processing /usr/local/python/3.10.13/lib/python3.10/site-packages/airflow/example_dags/tutorial_objectstorage.py took 0.079 seconds
[2024-07-02T19:48:03.438+0000] {processor.py:161} INFO - Started process (PID=23042) to work on /usr/local/python/3.10.13/lib/python3.10/site-packages/airflow/example_dags/tutorial_objectstorage.py
[2024-07-02T19:48:03.438+0000] {processor.py:830} INFO - Processing file /usr/local/python/3.10.13/lib/python3.10/site-packages/airflow/example_dags/tutorial_objectstorage.py for tasks to queue
[2024-07-02T19:48:03.439+0000] {logging_mixin.py:188} INFO - [2024-07-02T19:48:03.439+0000] {dagbag.py:545} INFO - Filling up the DagBag from /usr/local/python/3.10.13/lib/python3.10/site-packages/airflow/example_dags/tutorial_objectstorage.py
[2024-07-02T19:48:03.446+0000] {processor.py:840} INFO - DAG(s) 'tutorial_objectstorage' retrieved from /usr/local/python/3.10.13/lib/python3.10/site-packages/airflow/example_dags/tutorial_objectstorage.py
[2024-07-02T19:48:03.461+0000] {logging_mixin.py:188} INFO - [2024-07-02T19:48:03.461+0000] {dag.py:3096} INFO - Sync 1 DAGs
[2024-07-02T19:48:03.470+0000] {logging_mixin.py:188} INFO - [2024-07-02T19:48:03.470+0000] {dag.py:3954} INFO - Setting next_dagrun for tutorial_objectstorage to None, run_after=None
[2024-07-02T19:48:03.510+0000] {processor.py:183} INFO - Processing /usr/local/python/3.10.13/lib/python3.10/site-packages/airflow/example_dags/tutorial_objectstorage.py took 0.077 seconds
[2024-07-02T19:48:44.781+0000] {processor.py:161} INFO - Started process (PID=23348) to work on /usr/local/python/3.10.13/lib/python3.10/site-packages/airflow/example_dags/tutorial_objectstorage.py
[2024-07-02T19:48:44.782+0000] {processor.py:830} INFO - Processing file /usr/local/python/3.10.13/lib/python3.10/site-packages/airflow/example_dags/tutorial_objectstorage.py for tasks to queue
[2024-07-02T19:48:44.783+0000] {logging_mixin.py:188} INFO - [2024-07-02T19:48:44.782+0000] {dagbag.py:545} INFO - Filling up the DagBag from /usr/local/python/3.10.13/lib/python3.10/site-packages/airflow/example_dags/tutorial_objectstorage.py
[2024-07-02T19:48:44.788+0000] {processor.py:840} INFO - DAG(s) 'tutorial_objectstorage' retrieved from /usr/local/python/3.10.13/lib/python3.10/site-packages/airflow/example_dags/tutorial_objectstorage.py
[2024-07-02T19:48:44.799+0000] {logging_mixin.py:188} INFO - [2024-07-02T19:48:44.798+0000] {dag.py:3096} INFO - Sync 1 DAGs
[2024-07-02T19:48:44.807+0000] {logging_mixin.py:188} INFO - [2024-07-02T19:48:44.807+0000] {dag.py:3954} INFO - Setting next_dagrun for tutorial_objectstorage to None, run_after=None
[2024-07-02T19:48:44.849+0000] {processor.py:183} INFO - Processing /usr/local/python/3.10.13/lib/python3.10/site-packages/airflow/example_dags/tutorial_objectstorage.py took 0.073 seconds
[2024-07-02T19:49:28.897+0000] {processor.py:161} INFO - Started process (PID=23673) to work on /usr/local/python/3.10.13/lib/python3.10/site-packages/airflow/example_dags/tutorial_objectstorage.py
[2024-07-02T19:49:28.898+0000] {processor.py:830} INFO - Processing file /usr/local/python/3.10.13/lib/python3.10/site-packages/airflow/example_dags/tutorial_objectstorage.py for tasks to queue
[2024-07-02T19:49:28.899+0000] {logging_mixin.py:188} INFO - [2024-07-02T19:49:28.898+0000] {dagbag.py:545} INFO - Filling up the DagBag from /usr/local/python/3.10.13/lib/python3.10/site-packages/airflow/example_dags/tutorial_objectstorage.py
[2024-07-02T19:49:28.904+0000] {processor.py:840} INFO - DAG(s) 'tutorial_objectstorage' retrieved from /usr/local/python/3.10.13/lib/python3.10/site-packages/airflow/example_dags/tutorial_objectstorage.py
[2024-07-02T19:49:28.914+0000] {logging_mixin.py:188} INFO - [2024-07-02T19:49:28.914+0000] {dag.py:3096} INFO - Sync 1 DAGs
[2024-07-02T19:49:28.923+0000] {logging_mixin.py:188} INFO - [2024-07-02T19:49:28.923+0000] {dag.py:3954} INFO - Setting next_dagrun for tutorial_objectstorage to None, run_after=None
[2024-07-02T19:49:28.962+0000] {processor.py:183} INFO - Processing /usr/local/python/3.10.13/lib/python3.10/site-packages/airflow/example_dags/tutorial_objectstorage.py took 0.070 seconds
[2024-07-02T19:50:14.122+0000] {processor.py:161} INFO - Started process (PID=24033) to work on /usr/local/python/3.10.13/lib/python3.10/site-packages/airflow/example_dags/tutorial_objectstorage.py
[2024-07-02T19:50:14.122+0000] {processor.py:830} INFO - Processing file /usr/local/python/3.10.13/lib/python3.10/site-packages/airflow/example_dags/tutorial_objectstorage.py for tasks to queue
[2024-07-02T19:50:14.123+0000] {logging_mixin.py:188} INFO - [2024-07-02T19:50:14.123+0000] {dagbag.py:545} INFO - Filling up the DagBag from /usr/local/python/3.10.13/lib/python3.10/site-packages/airflow/example_dags/tutorial_objectstorage.py
[2024-07-02T19:50:14.130+0000] {processor.py:840} INFO - DAG(s) 'tutorial_objectstorage' retrieved from /usr/local/python/3.10.13/lib/python3.10/site-packages/airflow/example_dags/tutorial_objectstorage.py
[2024-07-02T19:50:14.147+0000] {logging_mixin.py:188} INFO - [2024-07-02T19:50:14.147+0000] {dag.py:3096} INFO - Sync 1 DAGs
[2024-07-02T19:50:14.162+0000] {logging_mixin.py:188} INFO - [2024-07-02T19:50:14.162+0000] {dag.py:3954} INFO - Setting next_dagrun for tutorial_objectstorage to None, run_after=None
[2024-07-02T19:50:14.209+0000] {processor.py:183} INFO - Processing /usr/local/python/3.10.13/lib/python3.10/site-packages/airflow/example_dags/tutorial_objectstorage.py took 0.091 seconds
[2024-07-02T19:50:57.511+0000] {processor.py:161} INFO - Started process (PID=24365) to work on /usr/local/python/3.10.13/lib/python3.10/site-packages/airflow/example_dags/tutorial_objectstorage.py
[2024-07-02T19:50:57.512+0000] {processor.py:830} INFO - Processing file /usr/local/python/3.10.13/lib/python3.10/site-packages/airflow/example_dags/tutorial_objectstorage.py for tasks to queue
[2024-07-02T19:50:57.513+0000] {logging_mixin.py:188} INFO - [2024-07-02T19:50:57.512+0000] {dagbag.py:545} INFO - Filling up the DagBag from /usr/local/python/3.10.13/lib/python3.10/site-packages/airflow/example_dags/tutorial_objectstorage.py
[2024-07-02T19:50:57.518+0000] {processor.py:840} INFO - DAG(s) 'tutorial_objectstorage' retrieved from /usr/local/python/3.10.13/lib/python3.10/site-packages/airflow/example_dags/tutorial_objectstorage.py
[2024-07-02T19:50:57.528+0000] {logging_mixin.py:188} INFO - [2024-07-02T19:50:57.528+0000] {dag.py:3096} INFO - Sync 1 DAGs
[2024-07-02T19:50:57.537+0000] {logging_mixin.py:188} INFO - [2024-07-02T19:50:57.537+0000] {dag.py:3954} INFO - Setting next_dagrun for tutorial_objectstorage to None, run_after=None
[2024-07-02T19:50:57.579+0000] {processor.py:183} INFO - Processing /usr/local/python/3.10.13/lib/python3.10/site-packages/airflow/example_dags/tutorial_objectstorage.py took 0.072 seconds
[2024-07-02T19:51:43.451+0000] {processor.py:161} INFO - Started process (PID=24711) to work on /usr/local/python/3.10.13/lib/python3.10/site-packages/airflow/example_dags/tutorial_objectstorage.py
[2024-07-02T19:51:43.452+0000] {processor.py:830} INFO - Processing file /usr/local/python/3.10.13/lib/python3.10/site-packages/airflow/example_dags/tutorial_objectstorage.py for tasks to queue
[2024-07-02T19:51:43.452+0000] {logging_mixin.py:188} INFO - [2024-07-02T19:51:43.452+0000] {dagbag.py:545} INFO - Filling up the DagBag from /usr/local/python/3.10.13/lib/python3.10/site-packages/airflow/example_dags/tutorial_objectstorage.py
[2024-07-02T19:51:43.458+0000] {processor.py:840} INFO - DAG(s) 'tutorial_objectstorage' retrieved from /usr/local/python/3.10.13/lib/python3.10/site-packages/airflow/example_dags/tutorial_objectstorage.py
[2024-07-02T19:51:43.468+0000] {logging_mixin.py:188} INFO - [2024-07-02T19:51:43.468+0000] {dag.py:3096} INFO - Sync 1 DAGs
[2024-07-02T19:51:43.476+0000] {logging_mixin.py:188} INFO - [2024-07-02T19:51:43.476+0000] {dag.py:3954} INFO - Setting next_dagrun for tutorial_objectstorage to None, run_after=None
[2024-07-02T19:51:43.516+0000] {processor.py:183} INFO - Processing /usr/local/python/3.10.13/lib/python3.10/site-packages/airflow/example_dags/tutorial_objectstorage.py took 0.070 seconds
[2024-07-02T19:52:27.442+0000] {processor.py:161} INFO - Started process (PID=25043) to work on /usr/local/python/3.10.13/lib/python3.10/site-packages/airflow/example_dags/tutorial_objectstorage.py
[2024-07-02T19:52:27.443+0000] {processor.py:830} INFO - Processing file /usr/local/python/3.10.13/lib/python3.10/site-packages/airflow/example_dags/tutorial_objectstorage.py for tasks to queue
[2024-07-02T19:52:27.443+0000] {logging_mixin.py:188} INFO - [2024-07-02T19:52:27.443+0000] {dagbag.py:545} INFO - Filling up the DagBag from /usr/local/python/3.10.13/lib/python3.10/site-packages/airflow/example_dags/tutorial_objectstorage.py
[2024-07-02T19:52:27.449+0000] {processor.py:840} INFO - DAG(s) 'tutorial_objectstorage' retrieved from /usr/local/python/3.10.13/lib/python3.10/site-packages/airflow/example_dags/tutorial_objectstorage.py
[2024-07-02T19:52:27.459+0000] {logging_mixin.py:188} INFO - [2024-07-02T19:52:27.459+0000] {dag.py:3096} INFO - Sync 1 DAGs
[2024-07-02T19:52:27.468+0000] {logging_mixin.py:188} INFO - [2024-07-02T19:52:27.467+0000] {dag.py:3954} INFO - Setting next_dagrun for tutorial_objectstorage to None, run_after=None
[2024-07-02T19:52:27.510+0000] {processor.py:183} INFO - Processing /usr/local/python/3.10.13/lib/python3.10/site-packages/airflow/example_dags/tutorial_objectstorage.py took 0.073 seconds
[2024-07-02T19:53:12.262+0000] {processor.py:161} INFO - Started process (PID=25379) to work on /usr/local/python/3.10.13/lib/python3.10/site-packages/airflow/example_dags/tutorial_objectstorage.py
[2024-07-02T19:53:12.263+0000] {processor.py:830} INFO - Processing file /usr/local/python/3.10.13/lib/python3.10/site-packages/airflow/example_dags/tutorial_objectstorage.py for tasks to queue
[2024-07-02T19:53:12.263+0000] {logging_mixin.py:188} INFO - [2024-07-02T19:53:12.263+0000] {dagbag.py:545} INFO - Filling up the DagBag from /usr/local/python/3.10.13/lib/python3.10/site-packages/airflow/example_dags/tutorial_objectstorage.py
[2024-07-02T19:53:12.269+0000] {processor.py:840} INFO - DAG(s) 'tutorial_objectstorage' retrieved from /usr/local/python/3.10.13/lib/python3.10/site-packages/airflow/example_dags/tutorial_objectstorage.py
[2024-07-02T19:53:12.279+0000] {logging_mixin.py:188} INFO - [2024-07-02T19:53:12.279+0000] {dag.py:3096} INFO - Sync 1 DAGs
[2024-07-02T19:53:12.288+0000] {logging_mixin.py:188} INFO - [2024-07-02T19:53:12.288+0000] {dag.py:3954} INFO - Setting next_dagrun for tutorial_objectstorage to None, run_after=None
[2024-07-02T19:53:12.327+0000] {processor.py:183} INFO - Processing /usr/local/python/3.10.13/lib/python3.10/site-packages/airflow/example_dags/tutorial_objectstorage.py took 0.070 seconds
[2024-07-02T19:53:56.621+0000] {processor.py:161} INFO - Started process (PID=25724) to work on /usr/local/python/3.10.13/lib/python3.10/site-packages/airflow/example_dags/tutorial_objectstorage.py
[2024-07-02T19:53:56.622+0000] {processor.py:830} INFO - Processing file /usr/local/python/3.10.13/lib/python3.10/site-packages/airflow/example_dags/tutorial_objectstorage.py for tasks to queue
[2024-07-02T19:53:56.623+0000] {logging_mixin.py:188} INFO - [2024-07-02T19:53:56.623+0000] {dagbag.py:545} INFO - Filling up the DagBag from /usr/local/python/3.10.13/lib/python3.10/site-packages/airflow/example_dags/tutorial_objectstorage.py
[2024-07-02T19:53:56.628+0000] {processor.py:840} INFO - DAG(s) 'tutorial_objectstorage' retrieved from /usr/local/python/3.10.13/lib/python3.10/site-packages/airflow/example_dags/tutorial_objectstorage.py
[2024-07-02T19:53:56.639+0000] {logging_mixin.py:188} INFO - [2024-07-02T19:53:56.639+0000] {dag.py:3096} INFO - Sync 1 DAGs
[2024-07-02T19:53:56.648+0000] {logging_mixin.py:188} INFO - [2024-07-02T19:53:56.647+0000] {dag.py:3954} INFO - Setting next_dagrun for tutorial_objectstorage to None, run_after=None
[2024-07-02T19:53:56.688+0000] {processor.py:183} INFO - Processing /usr/local/python/3.10.13/lib/python3.10/site-packages/airflow/example_dags/tutorial_objectstorage.py took 0.071 seconds
[2024-07-02T19:54:41.478+0000] {processor.py:161} INFO - Started process (PID=26053) to work on /usr/local/python/3.10.13/lib/python3.10/site-packages/airflow/example_dags/tutorial_objectstorage.py
[2024-07-02T19:54:41.479+0000] {processor.py:830} INFO - Processing file /usr/local/python/3.10.13/lib/python3.10/site-packages/airflow/example_dags/tutorial_objectstorage.py for tasks to queue
[2024-07-02T19:54:41.480+0000] {logging_mixin.py:188} INFO - [2024-07-02T19:54:41.480+0000] {dagbag.py:545} INFO - Filling up the DagBag from /usr/local/python/3.10.13/lib/python3.10/site-packages/airflow/example_dags/tutorial_objectstorage.py
[2024-07-02T19:54:41.485+0000] {processor.py:840} INFO - DAG(s) 'tutorial_objectstorage' retrieved from /usr/local/python/3.10.13/lib/python3.10/site-packages/airflow/example_dags/tutorial_objectstorage.py
[2024-07-02T19:54:41.496+0000] {logging_mixin.py:188} INFO - [2024-07-02T19:54:41.496+0000] {dag.py:3096} INFO - Sync 1 DAGs
[2024-07-02T19:54:41.505+0000] {logging_mixin.py:188} INFO - [2024-07-02T19:54:41.505+0000] {dag.py:3954} INFO - Setting next_dagrun for tutorial_objectstorage to None, run_after=None
[2024-07-02T19:54:41.546+0000] {processor.py:183} INFO - Processing /usr/local/python/3.10.13/lib/python3.10/site-packages/airflow/example_dags/tutorial_objectstorage.py took 0.072 seconds
[2024-07-02T19:55:23.247+0000] {processor.py:161} INFO - Started process (PID=26373) to work on /usr/local/python/3.10.13/lib/python3.10/site-packages/airflow/example_dags/tutorial_objectstorage.py
[2024-07-02T19:55:23.247+0000] {processor.py:830} INFO - Processing file /usr/local/python/3.10.13/lib/python3.10/site-packages/airflow/example_dags/tutorial_objectstorage.py for tasks to queue
[2024-07-02T19:55:23.248+0000] {logging_mixin.py:188} INFO - [2024-07-02T19:55:23.248+0000] {dagbag.py:545} INFO - Filling up the DagBag from /usr/local/python/3.10.13/lib/python3.10/site-packages/airflow/example_dags/tutorial_objectstorage.py
[2024-07-02T19:55:23.254+0000] {processor.py:840} INFO - DAG(s) 'tutorial_objectstorage' retrieved from /usr/local/python/3.10.13/lib/python3.10/site-packages/airflow/example_dags/tutorial_objectstorage.py
[2024-07-02T19:55:23.264+0000] {logging_mixin.py:188} INFO - [2024-07-02T19:55:23.264+0000] {dag.py:3096} INFO - Sync 1 DAGs
[2024-07-02T19:55:23.273+0000] {logging_mixin.py:188} INFO - [2024-07-02T19:55:23.273+0000] {dag.py:3954} INFO - Setting next_dagrun for tutorial_objectstorage to None, run_after=None
[2024-07-02T19:55:23.314+0000] {processor.py:183} INFO - Processing /usr/local/python/3.10.13/lib/python3.10/site-packages/airflow/example_dags/tutorial_objectstorage.py took 0.072 seconds
[2024-07-02T19:56:09.255+0000] {processor.py:161} INFO - Started process (PID=26797) to work on /usr/local/python/3.10.13/lib/python3.10/site-packages/airflow/example_dags/tutorial_objectstorage.py
[2024-07-02T19:56:09.255+0000] {processor.py:830} INFO - Processing file /usr/local/python/3.10.13/lib/python3.10/site-packages/airflow/example_dags/tutorial_objectstorage.py for tasks to queue
[2024-07-02T19:56:09.256+0000] {logging_mixin.py:188} INFO - [2024-07-02T19:56:09.256+0000] {dagbag.py:545} INFO - Filling up the DagBag from /usr/local/python/3.10.13/lib/python3.10/site-packages/airflow/example_dags/tutorial_objectstorage.py
[2024-07-02T19:56:09.262+0000] {processor.py:840} INFO - DAG(s) 'tutorial_objectstorage' retrieved from /usr/local/python/3.10.13/lib/python3.10/site-packages/airflow/example_dags/tutorial_objectstorage.py
[2024-07-02T19:56:09.272+0000] {logging_mixin.py:188} INFO - [2024-07-02T19:56:09.272+0000] {dag.py:3096} INFO - Sync 1 DAGs
[2024-07-02T19:56:09.281+0000] {logging_mixin.py:188} INFO - [2024-07-02T19:56:09.280+0000] {dag.py:3954} INFO - Setting next_dagrun for tutorial_objectstorage to None, run_after=None
[2024-07-02T19:56:09.320+0000] {processor.py:183} INFO - Processing /usr/local/python/3.10.13/lib/python3.10/site-packages/airflow/example_dags/tutorial_objectstorage.py took 0.070 seconds
[2024-07-02T19:57:02.085+0000] {processor.py:161} INFO - Started process (PID=27258) to work on /usr/local/python/3.10.13/lib/python3.10/site-packages/airflow/example_dags/tutorial_objectstorage.py
[2024-07-02T19:57:02.086+0000] {processor.py:830} INFO - Processing file /usr/local/python/3.10.13/lib/python3.10/site-packages/airflow/example_dags/tutorial_objectstorage.py for tasks to queue
[2024-07-02T19:57:02.086+0000] {logging_mixin.py:188} INFO - [2024-07-02T19:57:02.086+0000] {dagbag.py:545} INFO - Filling up the DagBag from /usr/local/python/3.10.13/lib/python3.10/site-packages/airflow/example_dags/tutorial_objectstorage.py
[2024-07-02T19:57:02.092+0000] {processor.py:840} INFO - DAG(s) 'tutorial_objectstorage' retrieved from /usr/local/python/3.10.13/lib/python3.10/site-packages/airflow/example_dags/tutorial_objectstorage.py
[2024-07-02T19:57:02.103+0000] {logging_mixin.py:188} INFO - [2024-07-02T19:57:02.102+0000] {dag.py:3096} INFO - Sync 1 DAGs
[2024-07-02T19:57:02.111+0000] {logging_mixin.py:188} INFO - [2024-07-02T19:57:02.111+0000] {dag.py:3954} INFO - Setting next_dagrun for tutorial_objectstorage to None, run_after=None
[2024-07-02T19:57:02.150+0000] {processor.py:183} INFO - Processing /usr/local/python/3.10.13/lib/python3.10/site-packages/airflow/example_dags/tutorial_objectstorage.py took 0.070 seconds
