[2024-07-02T19:09:22.266+0000] {processor.py:161} INFO - Started process (PID=4857) to work on /usr/local/python/3.10.13/lib/python3.10/site-packages/airflow/example_dags/tutorial_taskflow_api.py
[2024-07-02T19:09:22.266+0000] {processor.py:830} INFO - Processing file /usr/local/python/3.10.13/lib/python3.10/site-packages/airflow/example_dags/tutorial_taskflow_api.py for tasks to queue
[2024-07-02T19:09:22.267+0000] {logging_mixin.py:188} INFO - [2024-07-02T19:09:22.267+0000] {dagbag.py:545} INFO - Filling up the DagBag from /usr/local/python/3.10.13/lib/python3.10/site-packages/airflow/example_dags/tutorial_taskflow_api.py
[2024-07-02T19:09:22.273+0000] {processor.py:840} INFO - DAG(s) 'tutorial_taskflow_api' retrieved from /usr/local/python/3.10.13/lib/python3.10/site-packages/airflow/example_dags/tutorial_taskflow_api.py
[2024-07-02T19:09:22.493+0000] {logging_mixin.py:188} INFO - [2024-07-02T19:09:22.493+0000] {override.py:1829} INFO - Created Permission View: can read on DAG:tutorial_taskflow_api
[2024-07-02T19:09:22.526+0000] {logging_mixin.py:188} INFO - [2024-07-02T19:09:22.526+0000] {override.py:1829} INFO - Created Permission View: can delete on DAG:tutorial_taskflow_api
[2024-07-02T19:09:22.558+0000] {logging_mixin.py:188} INFO - [2024-07-02T19:09:22.558+0000] {override.py:1829} INFO - Created Permission View: can edit on DAG:tutorial_taskflow_api
[2024-07-02T19:09:22.558+0000] {logging_mixin.py:188} INFO - [2024-07-02T19:09:22.558+0000] {dag.py:3096} INFO - Sync 1 DAGs
[2024-07-02T19:09:22.566+0000] {logging_mixin.py:188} INFO - [2024-07-02T19:09:22.566+0000] {dag.py:3118} INFO - Creating ORM DAG for tutorial_taskflow_api
[2024-07-02T19:09:22.566+0000] {logging_mixin.py:188} INFO - [2024-07-02T19:09:22.566+0000] {dag.py:3954} INFO - Setting next_dagrun for tutorial_taskflow_api to None, run_after=None
[2024-07-02T19:09:22.611+0000] {processor.py:183} INFO - Processing /usr/local/python/3.10.13/lib/python3.10/site-packages/airflow/example_dags/tutorial_taskflow_api.py took 0.349 seconds
[2024-07-02T19:10:16.370+0000] {processor.py:161} INFO - Started process (PID=5547) to work on /usr/local/python/3.10.13/lib/python3.10/site-packages/airflow/example_dags/tutorial_taskflow_api.py
[2024-07-02T19:10:16.371+0000] {processor.py:830} INFO - Processing file /usr/local/python/3.10.13/lib/python3.10/site-packages/airflow/example_dags/tutorial_taskflow_api.py for tasks to queue
[2024-07-02T19:10:16.372+0000] {logging_mixin.py:188} INFO - [2024-07-02T19:10:16.372+0000] {dagbag.py:545} INFO - Filling up the DagBag from /usr/local/python/3.10.13/lib/python3.10/site-packages/airflow/example_dags/tutorial_taskflow_api.py
[2024-07-02T19:10:16.378+0000] {processor.py:840} INFO - DAG(s) 'tutorial_taskflow_api' retrieved from /usr/local/python/3.10.13/lib/python3.10/site-packages/airflow/example_dags/tutorial_taskflow_api.py
[2024-07-02T19:10:16.391+0000] {logging_mixin.py:188} INFO - [2024-07-02T19:10:16.391+0000] {dag.py:3096} INFO - Sync 1 DAGs
[2024-07-02T19:10:16.399+0000] {logging_mixin.py:188} INFO - [2024-07-02T19:10:16.399+0000] {dag.py:3954} INFO - Setting next_dagrun for tutorial_taskflow_api to None, run_after=None
[2024-07-02T19:10:16.439+0000] {processor.py:183} INFO - Processing /usr/local/python/3.10.13/lib/python3.10/site-packages/airflow/example_dags/tutorial_taskflow_api.py took 0.073 seconds
[2024-07-02T19:11:19.803+0000] {processor.py:161} INFO - Started process (PID=6007) to work on /usr/local/python/3.10.13/lib/python3.10/site-packages/airflow/example_dags/tutorial_taskflow_api.py
[2024-07-02T19:11:19.804+0000] {processor.py:830} INFO - Processing file /usr/local/python/3.10.13/lib/python3.10/site-packages/airflow/example_dags/tutorial_taskflow_api.py for tasks to queue
[2024-07-02T19:11:19.805+0000] {logging_mixin.py:188} INFO - [2024-07-02T19:11:19.805+0000] {dagbag.py:545} INFO - Filling up the DagBag from /usr/local/python/3.10.13/lib/python3.10/site-packages/airflow/example_dags/tutorial_taskflow_api.py
[2024-07-02T19:11:19.810+0000] {processor.py:840} INFO - DAG(s) 'tutorial_taskflow_api' retrieved from /usr/local/python/3.10.13/lib/python3.10/site-packages/airflow/example_dags/tutorial_taskflow_api.py
[2024-07-02T19:11:19.821+0000] {logging_mixin.py:188} INFO - [2024-07-02T19:11:19.821+0000] {dag.py:3096} INFO - Sync 1 DAGs
[2024-07-02T19:11:19.829+0000] {logging_mixin.py:188} INFO - [2024-07-02T19:11:19.829+0000] {dag.py:3954} INFO - Setting next_dagrun for tutorial_taskflow_api to None, run_after=None
[2024-07-02T19:11:19.870+0000] {processor.py:183} INFO - Processing /usr/local/python/3.10.13/lib/python3.10/site-packages/airflow/example_dags/tutorial_taskflow_api.py took 0.071 seconds
[2024-07-02T19:12:10.136+0000] {processor.py:161} INFO - Started process (PID=6388) to work on /usr/local/python/3.10.13/lib/python3.10/site-packages/airflow/example_dags/tutorial_taskflow_api.py
[2024-07-02T19:12:10.137+0000] {processor.py:830} INFO - Processing file /usr/local/python/3.10.13/lib/python3.10/site-packages/airflow/example_dags/tutorial_taskflow_api.py for tasks to queue
[2024-07-02T19:12:10.138+0000] {logging_mixin.py:188} INFO - [2024-07-02T19:12:10.137+0000] {dagbag.py:545} INFO - Filling up the DagBag from /usr/local/python/3.10.13/lib/python3.10/site-packages/airflow/example_dags/tutorial_taskflow_api.py
[2024-07-02T19:12:10.143+0000] {processor.py:840} INFO - DAG(s) 'tutorial_taskflow_api' retrieved from /usr/local/python/3.10.13/lib/python3.10/site-packages/airflow/example_dags/tutorial_taskflow_api.py
[2024-07-02T19:12:10.153+0000] {logging_mixin.py:188} INFO - [2024-07-02T19:12:10.153+0000] {dag.py:3096} INFO - Sync 1 DAGs
[2024-07-02T19:12:10.165+0000] {logging_mixin.py:188} INFO - [2024-07-02T19:12:10.165+0000] {dag.py:3954} INFO - Setting next_dagrun for tutorial_taskflow_api to None, run_after=None
[2024-07-02T19:12:10.210+0000] {processor.py:183} INFO - Processing /usr/local/python/3.10.13/lib/python3.10/site-packages/airflow/example_dags/tutorial_taskflow_api.py took 0.078 seconds
[2024-07-02T19:12:51.669+0000] {processor.py:161} INFO - Started process (PID=6706) to work on /usr/local/python/3.10.13/lib/python3.10/site-packages/airflow/example_dags/tutorial_taskflow_api.py
[2024-07-02T19:12:51.670+0000] {processor.py:830} INFO - Processing file /usr/local/python/3.10.13/lib/python3.10/site-packages/airflow/example_dags/tutorial_taskflow_api.py for tasks to queue
[2024-07-02T19:12:51.671+0000] {logging_mixin.py:188} INFO - [2024-07-02T19:12:51.671+0000] {dagbag.py:545} INFO - Filling up the DagBag from /usr/local/python/3.10.13/lib/python3.10/site-packages/airflow/example_dags/tutorial_taskflow_api.py
[2024-07-02T19:12:51.676+0000] {processor.py:840} INFO - DAG(s) 'tutorial_taskflow_api' retrieved from /usr/local/python/3.10.13/lib/python3.10/site-packages/airflow/example_dags/tutorial_taskflow_api.py
[2024-07-02T19:12:51.687+0000] {logging_mixin.py:188} INFO - [2024-07-02T19:12:51.687+0000] {dag.py:3096} INFO - Sync 1 DAGs
[2024-07-02T19:12:51.696+0000] {logging_mixin.py:188} INFO - [2024-07-02T19:12:51.696+0000] {dag.py:3954} INFO - Setting next_dagrun for tutorial_taskflow_api to None, run_after=None
[2024-07-02T19:12:51.735+0000] {processor.py:183} INFO - Processing /usr/local/python/3.10.13/lib/python3.10/site-packages/airflow/example_dags/tutorial_taskflow_api.py took 0.070 seconds
[2024-07-02T19:13:32.647+0000] {processor.py:161} INFO - Started process (PID=7013) to work on /usr/local/python/3.10.13/lib/python3.10/site-packages/airflow/example_dags/tutorial_taskflow_api.py
[2024-07-02T19:13:32.648+0000] {processor.py:830} INFO - Processing file /usr/local/python/3.10.13/lib/python3.10/site-packages/airflow/example_dags/tutorial_taskflow_api.py for tasks to queue
[2024-07-02T19:13:32.649+0000] {logging_mixin.py:188} INFO - [2024-07-02T19:13:32.648+0000] {dagbag.py:545} INFO - Filling up the DagBag from /usr/local/python/3.10.13/lib/python3.10/site-packages/airflow/example_dags/tutorial_taskflow_api.py
[2024-07-02T19:13:32.653+0000] {processor.py:840} INFO - DAG(s) 'tutorial_taskflow_api' retrieved from /usr/local/python/3.10.13/lib/python3.10/site-packages/airflow/example_dags/tutorial_taskflow_api.py
[2024-07-02T19:13:32.665+0000] {logging_mixin.py:188} INFO - [2024-07-02T19:13:32.664+0000] {dag.py:3096} INFO - Sync 1 DAGs
[2024-07-02T19:13:32.673+0000] {logging_mixin.py:188} INFO - [2024-07-02T19:13:32.673+0000] {dag.py:3954} INFO - Setting next_dagrun for tutorial_taskflow_api to None, run_after=None
[2024-07-02T19:13:32.712+0000] {processor.py:183} INFO - Processing /usr/local/python/3.10.13/lib/python3.10/site-packages/airflow/example_dags/tutorial_taskflow_api.py took 0.070 seconds
[2024-07-02T19:14:13.205+0000] {processor.py:161} INFO - Started process (PID=7331) to work on /usr/local/python/3.10.13/lib/python3.10/site-packages/airflow/example_dags/tutorial_taskflow_api.py
[2024-07-02T19:14:13.205+0000] {processor.py:830} INFO - Processing file /usr/local/python/3.10.13/lib/python3.10/site-packages/airflow/example_dags/tutorial_taskflow_api.py for tasks to queue
[2024-07-02T19:14:13.207+0000] {logging_mixin.py:188} INFO - [2024-07-02T19:14:13.207+0000] {dagbag.py:545} INFO - Filling up the DagBag from /usr/local/python/3.10.13/lib/python3.10/site-packages/airflow/example_dags/tutorial_taskflow_api.py
[2024-07-02T19:14:13.213+0000] {processor.py:840} INFO - DAG(s) 'tutorial_taskflow_api' retrieved from /usr/local/python/3.10.13/lib/python3.10/site-packages/airflow/example_dags/tutorial_taskflow_api.py
[2024-07-02T19:14:13.225+0000] {logging_mixin.py:188} INFO - [2024-07-02T19:14:13.225+0000] {dag.py:3096} INFO - Sync 1 DAGs
[2024-07-02T19:14:13.234+0000] {logging_mixin.py:188} INFO - [2024-07-02T19:14:13.233+0000] {dag.py:3954} INFO - Setting next_dagrun for tutorial_taskflow_api to None, run_after=None
[2024-07-02T19:14:13.274+0000] {processor.py:183} INFO - Processing /usr/local/python/3.10.13/lib/python3.10/site-packages/airflow/example_dags/tutorial_taskflow_api.py took 0.076 seconds
[2024-07-02T19:14:54.754+0000] {processor.py:161} INFO - Started process (PID=7638) to work on /usr/local/python/3.10.13/lib/python3.10/site-packages/airflow/example_dags/tutorial_taskflow_api.py
[2024-07-02T19:14:54.754+0000] {processor.py:830} INFO - Processing file /usr/local/python/3.10.13/lib/python3.10/site-packages/airflow/example_dags/tutorial_taskflow_api.py for tasks to queue
[2024-07-02T19:14:54.756+0000] {logging_mixin.py:188} INFO - [2024-07-02T19:14:54.755+0000] {dagbag.py:545} INFO - Filling up the DagBag from /usr/local/python/3.10.13/lib/python3.10/site-packages/airflow/example_dags/tutorial_taskflow_api.py
[2024-07-02T19:14:54.761+0000] {processor.py:840} INFO - DAG(s) 'tutorial_taskflow_api' retrieved from /usr/local/python/3.10.13/lib/python3.10/site-packages/airflow/example_dags/tutorial_taskflow_api.py
[2024-07-02T19:14:54.772+0000] {logging_mixin.py:188} INFO - [2024-07-02T19:14:54.771+0000] {dag.py:3096} INFO - Sync 1 DAGs
[2024-07-02T19:14:54.780+0000] {logging_mixin.py:188} INFO - [2024-07-02T19:14:54.780+0000] {dag.py:3954} INFO - Setting next_dagrun for tutorial_taskflow_api to None, run_after=None
[2024-07-02T19:14:54.820+0000] {processor.py:183} INFO - Processing /usr/local/python/3.10.13/lib/python3.10/site-packages/airflow/example_dags/tutorial_taskflow_api.py took 0.071 seconds
[2024-07-02T19:15:38.411+0000] {processor.py:161} INFO - Started process (PID=7989) to work on /usr/local/python/3.10.13/lib/python3.10/site-packages/airflow/example_dags/tutorial_taskflow_api.py
[2024-07-02T19:15:38.411+0000] {processor.py:830} INFO - Processing file /usr/local/python/3.10.13/lib/python3.10/site-packages/airflow/example_dags/tutorial_taskflow_api.py for tasks to queue
[2024-07-02T19:15:38.412+0000] {logging_mixin.py:188} INFO - [2024-07-02T19:15:38.412+0000] {dagbag.py:545} INFO - Filling up the DagBag from /usr/local/python/3.10.13/lib/python3.10/site-packages/airflow/example_dags/tutorial_taskflow_api.py
[2024-07-02T19:15:38.417+0000] {processor.py:840} INFO - DAG(s) 'tutorial_taskflow_api' retrieved from /usr/local/python/3.10.13/lib/python3.10/site-packages/airflow/example_dags/tutorial_taskflow_api.py
[2024-07-02T19:15:38.429+0000] {logging_mixin.py:188} INFO - [2024-07-02T19:15:38.429+0000] {dag.py:3096} INFO - Sync 1 DAGs
[2024-07-02T19:15:38.437+0000] {logging_mixin.py:188} INFO - [2024-07-02T19:15:38.437+0000] {dag.py:3954} INFO - Setting next_dagrun for tutorial_taskflow_api to None, run_after=None
[2024-07-02T19:15:38.480+0000] {processor.py:183} INFO - Processing /usr/local/python/3.10.13/lib/python3.10/site-packages/airflow/example_dags/tutorial_taskflow_api.py took 0.074 seconds
[2024-07-02T19:16:20.080+0000] {processor.py:161} INFO - Started process (PID=8299) to work on /usr/local/python/3.10.13/lib/python3.10/site-packages/airflow/example_dags/tutorial_taskflow_api.py
[2024-07-02T19:16:20.080+0000] {processor.py:830} INFO - Processing file /usr/local/python/3.10.13/lib/python3.10/site-packages/airflow/example_dags/tutorial_taskflow_api.py for tasks to queue
[2024-07-02T19:16:20.081+0000] {logging_mixin.py:188} INFO - [2024-07-02T19:16:20.081+0000] {dagbag.py:545} INFO - Filling up the DagBag from /usr/local/python/3.10.13/lib/python3.10/site-packages/airflow/example_dags/tutorial_taskflow_api.py
[2024-07-02T19:16:20.086+0000] {processor.py:840} INFO - DAG(s) 'tutorial_taskflow_api' retrieved from /usr/local/python/3.10.13/lib/python3.10/site-packages/airflow/example_dags/tutorial_taskflow_api.py
[2024-07-02T19:16:20.097+0000] {logging_mixin.py:188} INFO - [2024-07-02T19:16:20.097+0000] {dag.py:3096} INFO - Sync 1 DAGs
[2024-07-02T19:16:20.106+0000] {logging_mixin.py:188} INFO - [2024-07-02T19:16:20.106+0000] {dag.py:3954} INFO - Setting next_dagrun for tutorial_taskflow_api to None, run_after=None
[2024-07-02T19:16:20.152+0000] {processor.py:183} INFO - Processing /usr/local/python/3.10.13/lib/python3.10/site-packages/airflow/example_dags/tutorial_taskflow_api.py took 0.076 seconds
[2024-07-02T19:17:05.737+0000] {processor.py:161} INFO - Started process (PID=8642) to work on /usr/local/python/3.10.13/lib/python3.10/site-packages/airflow/example_dags/tutorial_taskflow_api.py
[2024-07-02T19:17:05.738+0000] {processor.py:830} INFO - Processing file /usr/local/python/3.10.13/lib/python3.10/site-packages/airflow/example_dags/tutorial_taskflow_api.py for tasks to queue
[2024-07-02T19:17:05.739+0000] {logging_mixin.py:188} INFO - [2024-07-02T19:17:05.738+0000] {dagbag.py:545} INFO - Filling up the DagBag from /usr/local/python/3.10.13/lib/python3.10/site-packages/airflow/example_dags/tutorial_taskflow_api.py
[2024-07-02T19:17:05.744+0000] {processor.py:840} INFO - DAG(s) 'tutorial_taskflow_api' retrieved from /usr/local/python/3.10.13/lib/python3.10/site-packages/airflow/example_dags/tutorial_taskflow_api.py
[2024-07-02T19:17:05.755+0000] {logging_mixin.py:188} INFO - [2024-07-02T19:17:05.755+0000] {dag.py:3096} INFO - Sync 1 DAGs
[2024-07-02T19:17:05.764+0000] {logging_mixin.py:188} INFO - [2024-07-02T19:17:05.763+0000] {dag.py:3954} INFO - Setting next_dagrun for tutorial_taskflow_api to None, run_after=None
[2024-07-02T19:17:05.803+0000] {processor.py:183} INFO - Processing /usr/local/python/3.10.13/lib/python3.10/site-packages/airflow/example_dags/tutorial_taskflow_api.py took 0.070 seconds
[2024-07-02T19:17:52.214+0000] {processor.py:161} INFO - Started process (PID=9000) to work on /usr/local/python/3.10.13/lib/python3.10/site-packages/airflow/example_dags/tutorial_taskflow_api.py
[2024-07-02T19:17:52.215+0000] {processor.py:830} INFO - Processing file /usr/local/python/3.10.13/lib/python3.10/site-packages/airflow/example_dags/tutorial_taskflow_api.py for tasks to queue
[2024-07-02T19:17:52.215+0000] {logging_mixin.py:188} INFO - [2024-07-02T19:17:52.215+0000] {dagbag.py:545} INFO - Filling up the DagBag from /usr/local/python/3.10.13/lib/python3.10/site-packages/airflow/example_dags/tutorial_taskflow_api.py
[2024-07-02T19:17:52.221+0000] {processor.py:840} INFO - DAG(s) 'tutorial_taskflow_api' retrieved from /usr/local/python/3.10.13/lib/python3.10/site-packages/airflow/example_dags/tutorial_taskflow_api.py
[2024-07-02T19:17:52.232+0000] {logging_mixin.py:188} INFO - [2024-07-02T19:17:52.232+0000] {dag.py:3096} INFO - Sync 1 DAGs
[2024-07-02T19:17:52.241+0000] {logging_mixin.py:188} INFO - [2024-07-02T19:17:52.241+0000] {dag.py:3954} INFO - Setting next_dagrun for tutorial_taskflow_api to None, run_after=None
[2024-07-02T19:17:52.280+0000] {processor.py:183} INFO - Processing /usr/local/python/3.10.13/lib/python3.10/site-packages/airflow/example_dags/tutorial_taskflow_api.py took 0.071 seconds
[2024-07-02T19:18:34.832+0000] {processor.py:161} INFO - Started process (PID=9316) to work on /usr/local/python/3.10.13/lib/python3.10/site-packages/airflow/example_dags/tutorial_taskflow_api.py
[2024-07-02T19:18:34.832+0000] {processor.py:830} INFO - Processing file /usr/local/python/3.10.13/lib/python3.10/site-packages/airflow/example_dags/tutorial_taskflow_api.py for tasks to queue
[2024-07-02T19:18:34.833+0000] {logging_mixin.py:188} INFO - [2024-07-02T19:18:34.833+0000] {dagbag.py:545} INFO - Filling up the DagBag from /usr/local/python/3.10.13/lib/python3.10/site-packages/airflow/example_dags/tutorial_taskflow_api.py
[2024-07-02T19:18:34.838+0000] {processor.py:840} INFO - DAG(s) 'tutorial_taskflow_api' retrieved from /usr/local/python/3.10.13/lib/python3.10/site-packages/airflow/example_dags/tutorial_taskflow_api.py
[2024-07-02T19:18:34.854+0000] {logging_mixin.py:188} INFO - [2024-07-02T19:18:34.853+0000] {dag.py:3096} INFO - Sync 1 DAGs
[2024-07-02T19:18:34.867+0000] {logging_mixin.py:188} INFO - [2024-07-02T19:18:34.867+0000] {dag.py:3954} INFO - Setting next_dagrun for tutorial_taskflow_api to None, run_after=None
[2024-07-02T19:18:34.911+0000] {processor.py:183} INFO - Processing /usr/local/python/3.10.13/lib/python3.10/site-packages/airflow/example_dags/tutorial_taskflow_api.py took 0.084 seconds
[2024-07-02T19:19:17.542+0000] {processor.py:161} INFO - Started process (PID=9635) to work on /usr/local/python/3.10.13/lib/python3.10/site-packages/airflow/example_dags/tutorial_taskflow_api.py
[2024-07-02T19:19:17.543+0000] {processor.py:830} INFO - Processing file /usr/local/python/3.10.13/lib/python3.10/site-packages/airflow/example_dags/tutorial_taskflow_api.py for tasks to queue
[2024-07-02T19:19:17.544+0000] {logging_mixin.py:188} INFO - [2024-07-02T19:19:17.543+0000] {dagbag.py:545} INFO - Filling up the DagBag from /usr/local/python/3.10.13/lib/python3.10/site-packages/airflow/example_dags/tutorial_taskflow_api.py
[2024-07-02T19:19:17.548+0000] {processor.py:840} INFO - DAG(s) 'tutorial_taskflow_api' retrieved from /usr/local/python/3.10.13/lib/python3.10/site-packages/airflow/example_dags/tutorial_taskflow_api.py
[2024-07-02T19:19:17.560+0000] {logging_mixin.py:188} INFO - [2024-07-02T19:19:17.559+0000] {dag.py:3096} INFO - Sync 1 DAGs
[2024-07-02T19:19:17.568+0000] {logging_mixin.py:188} INFO - [2024-07-02T19:19:17.568+0000] {dag.py:3954} INFO - Setting next_dagrun for tutorial_taskflow_api to None, run_after=None
[2024-07-02T19:19:17.614+0000] {processor.py:183} INFO - Processing /usr/local/python/3.10.13/lib/python3.10/site-packages/airflow/example_dags/tutorial_taskflow_api.py took 0.076 seconds
[2024-07-02T19:20:03.598+0000] {processor.py:161} INFO - Started process (PID=9994) to work on /usr/local/python/3.10.13/lib/python3.10/site-packages/airflow/example_dags/tutorial_taskflow_api.py
[2024-07-02T19:20:03.599+0000] {processor.py:830} INFO - Processing file /usr/local/python/3.10.13/lib/python3.10/site-packages/airflow/example_dags/tutorial_taskflow_api.py for tasks to queue
[2024-07-02T19:20:03.600+0000] {logging_mixin.py:188} INFO - [2024-07-02T19:20:03.599+0000] {dagbag.py:545} INFO - Filling up the DagBag from /usr/local/python/3.10.13/lib/python3.10/site-packages/airflow/example_dags/tutorial_taskflow_api.py
[2024-07-02T19:20:03.605+0000] {processor.py:840} INFO - DAG(s) 'tutorial_taskflow_api' retrieved from /usr/local/python/3.10.13/lib/python3.10/site-packages/airflow/example_dags/tutorial_taskflow_api.py
[2024-07-02T19:20:03.616+0000] {logging_mixin.py:188} INFO - [2024-07-02T19:20:03.616+0000] {dag.py:3096} INFO - Sync 1 DAGs
[2024-07-02T19:20:03.625+0000] {logging_mixin.py:188} INFO - [2024-07-02T19:20:03.625+0000] {dag.py:3954} INFO - Setting next_dagrun for tutorial_taskflow_api to None, run_after=None
[2024-07-02T19:20:03.665+0000] {processor.py:183} INFO - Processing /usr/local/python/3.10.13/lib/python3.10/site-packages/airflow/example_dags/tutorial_taskflow_api.py took 0.071 seconds
[2024-07-02T19:20:51.717+0000] {processor.py:161} INFO - Started process (PID=10366) to work on /usr/local/python/3.10.13/lib/python3.10/site-packages/airflow/example_dags/tutorial_taskflow_api.py
[2024-07-02T19:20:51.718+0000] {processor.py:830} INFO - Processing file /usr/local/python/3.10.13/lib/python3.10/site-packages/airflow/example_dags/tutorial_taskflow_api.py for tasks to queue
[2024-07-02T19:20:51.719+0000] {logging_mixin.py:188} INFO - [2024-07-02T19:20:51.719+0000] {dagbag.py:545} INFO - Filling up the DagBag from /usr/local/python/3.10.13/lib/python3.10/site-packages/airflow/example_dags/tutorial_taskflow_api.py
[2024-07-02T19:20:51.726+0000] {processor.py:840} INFO - DAG(s) 'tutorial_taskflow_api' retrieved from /usr/local/python/3.10.13/lib/python3.10/site-packages/airflow/example_dags/tutorial_taskflow_api.py
[2024-07-02T19:20:51.740+0000] {logging_mixin.py:188} INFO - [2024-07-02T19:20:51.740+0000] {dag.py:3096} INFO - Sync 1 DAGs
[2024-07-02T19:20:51.749+0000] {logging_mixin.py:188} INFO - [2024-07-02T19:20:51.749+0000] {dag.py:3954} INFO - Setting next_dagrun for tutorial_taskflow_api to None, run_after=None
[2024-07-02T19:20:51.791+0000] {processor.py:183} INFO - Processing /usr/local/python/3.10.13/lib/python3.10/site-packages/airflow/example_dags/tutorial_taskflow_api.py took 0.078 seconds
[2024-07-02T19:21:39.125+0000] {processor.py:161} INFO - Started process (PID=10705) to work on /usr/local/python/3.10.13/lib/python3.10/site-packages/airflow/example_dags/tutorial_taskflow_api.py
[2024-07-02T19:21:39.125+0000] {processor.py:830} INFO - Processing file /usr/local/python/3.10.13/lib/python3.10/site-packages/airflow/example_dags/tutorial_taskflow_api.py for tasks to queue
[2024-07-02T19:21:39.126+0000] {logging_mixin.py:188} INFO - [2024-07-02T19:21:39.126+0000] {dagbag.py:545} INFO - Filling up the DagBag from /usr/local/python/3.10.13/lib/python3.10/site-packages/airflow/example_dags/tutorial_taskflow_api.py
[2024-07-02T19:21:39.131+0000] {processor.py:840} INFO - DAG(s) 'tutorial_taskflow_api' retrieved from /usr/local/python/3.10.13/lib/python3.10/site-packages/airflow/example_dags/tutorial_taskflow_api.py
[2024-07-02T19:21:39.142+0000] {logging_mixin.py:188} INFO - [2024-07-02T19:21:39.142+0000] {dag.py:3096} INFO - Sync 1 DAGs
[2024-07-02T19:21:39.151+0000] {logging_mixin.py:188} INFO - [2024-07-02T19:21:39.151+0000] {dag.py:3954} INFO - Setting next_dagrun for tutorial_taskflow_api to None, run_after=None
[2024-07-02T19:21:39.190+0000] {processor.py:183} INFO - Processing /usr/local/python/3.10.13/lib/python3.10/site-packages/airflow/example_dags/tutorial_taskflow_api.py took 0.070 seconds
[2024-07-02T19:22:25.614+0000] {processor.py:161} INFO - Started process (PID=11069) to work on /usr/local/python/3.10.13/lib/python3.10/site-packages/airflow/example_dags/tutorial_taskflow_api.py
[2024-07-02T19:22:25.615+0000] {processor.py:830} INFO - Processing file /usr/local/python/3.10.13/lib/python3.10/site-packages/airflow/example_dags/tutorial_taskflow_api.py for tasks to queue
[2024-07-02T19:22:25.615+0000] {logging_mixin.py:188} INFO - [2024-07-02T19:22:25.615+0000] {dagbag.py:545} INFO - Filling up the DagBag from /usr/local/python/3.10.13/lib/python3.10/site-packages/airflow/example_dags/tutorial_taskflow_api.py
[2024-07-02T19:22:25.620+0000] {processor.py:840} INFO - DAG(s) 'tutorial_taskflow_api' retrieved from /usr/local/python/3.10.13/lib/python3.10/site-packages/airflow/example_dags/tutorial_taskflow_api.py
[2024-07-02T19:22:25.631+0000] {logging_mixin.py:188} INFO - [2024-07-02T19:22:25.631+0000] {dag.py:3096} INFO - Sync 1 DAGs
[2024-07-02T19:22:25.640+0000] {logging_mixin.py:188} INFO - [2024-07-02T19:22:25.640+0000] {dag.py:3954} INFO - Setting next_dagrun for tutorial_taskflow_api to None, run_after=None
[2024-07-02T19:22:25.683+0000] {processor.py:183} INFO - Processing /usr/local/python/3.10.13/lib/python3.10/site-packages/airflow/example_dags/tutorial_taskflow_api.py took 0.073 seconds
[2024-07-02T19:23:08.554+0000] {processor.py:161} INFO - Started process (PID=11392) to work on /usr/local/python/3.10.13/lib/python3.10/site-packages/airflow/example_dags/tutorial_taskflow_api.py
[2024-07-02T19:23:08.555+0000] {processor.py:830} INFO - Processing file /usr/local/python/3.10.13/lib/python3.10/site-packages/airflow/example_dags/tutorial_taskflow_api.py for tasks to queue
[2024-07-02T19:23:08.555+0000] {logging_mixin.py:188} INFO - [2024-07-02T19:23:08.555+0000] {dagbag.py:545} INFO - Filling up the DagBag from /usr/local/python/3.10.13/lib/python3.10/site-packages/airflow/example_dags/tutorial_taskflow_api.py
[2024-07-02T19:23:08.560+0000] {processor.py:840} INFO - DAG(s) 'tutorial_taskflow_api' retrieved from /usr/local/python/3.10.13/lib/python3.10/site-packages/airflow/example_dags/tutorial_taskflow_api.py
[2024-07-02T19:23:08.571+0000] {logging_mixin.py:188} INFO - [2024-07-02T19:23:08.571+0000] {dag.py:3096} INFO - Sync 1 DAGs
[2024-07-02T19:23:08.580+0000] {logging_mixin.py:188} INFO - [2024-07-02T19:23:08.580+0000] {dag.py:3954} INFO - Setting next_dagrun for tutorial_taskflow_api to None, run_after=None
[2024-07-02T19:23:08.621+0000] {processor.py:183} INFO - Processing /usr/local/python/3.10.13/lib/python3.10/site-packages/airflow/example_dags/tutorial_taskflow_api.py took 0.071 seconds
[2024-07-02T19:23:48.930+0000] {processor.py:161} INFO - Started process (PID=11699) to work on /usr/local/python/3.10.13/lib/python3.10/site-packages/airflow/example_dags/tutorial_taskflow_api.py
[2024-07-02T19:23:48.931+0000] {processor.py:830} INFO - Processing file /usr/local/python/3.10.13/lib/python3.10/site-packages/airflow/example_dags/tutorial_taskflow_api.py for tasks to queue
[2024-07-02T19:23:48.931+0000] {logging_mixin.py:188} INFO - [2024-07-02T19:23:48.931+0000] {dagbag.py:545} INFO - Filling up the DagBag from /usr/local/python/3.10.13/lib/python3.10/site-packages/airflow/example_dags/tutorial_taskflow_api.py
[2024-07-02T19:23:48.936+0000] {processor.py:840} INFO - DAG(s) 'tutorial_taskflow_api' retrieved from /usr/local/python/3.10.13/lib/python3.10/site-packages/airflow/example_dags/tutorial_taskflow_api.py
[2024-07-02T19:23:48.948+0000] {logging_mixin.py:188} INFO - [2024-07-02T19:23:48.948+0000] {dag.py:3096} INFO - Sync 1 DAGs
[2024-07-02T19:23:48.956+0000] {logging_mixin.py:188} INFO - [2024-07-02T19:23:48.956+0000] {dag.py:3954} INFO - Setting next_dagrun for tutorial_taskflow_api to None, run_after=None
[2024-07-02T19:23:48.996+0000] {processor.py:183} INFO - Processing /usr/local/python/3.10.13/lib/python3.10/site-packages/airflow/example_dags/tutorial_taskflow_api.py took 0.070 seconds
[2024-07-02T19:24:31.788+0000] {processor.py:161} INFO - Started process (PID=12020) to work on /usr/local/python/3.10.13/lib/python3.10/site-packages/airflow/example_dags/tutorial_taskflow_api.py
[2024-07-02T19:24:31.789+0000] {processor.py:830} INFO - Processing file /usr/local/python/3.10.13/lib/python3.10/site-packages/airflow/example_dags/tutorial_taskflow_api.py for tasks to queue
[2024-07-02T19:24:31.789+0000] {logging_mixin.py:188} INFO - [2024-07-02T19:24:31.789+0000] {dagbag.py:545} INFO - Filling up the DagBag from /usr/local/python/3.10.13/lib/python3.10/site-packages/airflow/example_dags/tutorial_taskflow_api.py
[2024-07-02T19:24:31.794+0000] {processor.py:840} INFO - DAG(s) 'tutorial_taskflow_api' retrieved from /usr/local/python/3.10.13/lib/python3.10/site-packages/airflow/example_dags/tutorial_taskflow_api.py
[2024-07-02T19:24:31.805+0000] {logging_mixin.py:188} INFO - [2024-07-02T19:24:31.805+0000] {dag.py:3096} INFO - Sync 1 DAGs
[2024-07-02T19:24:31.814+0000] {logging_mixin.py:188} INFO - [2024-07-02T19:24:31.814+0000] {dag.py:3954} INFO - Setting next_dagrun for tutorial_taskflow_api to None, run_after=None
[2024-07-02T19:24:31.854+0000] {processor.py:183} INFO - Processing /usr/local/python/3.10.13/lib/python3.10/site-packages/airflow/example_dags/tutorial_taskflow_api.py took 0.071 seconds
[2024-07-02T19:25:14.386+0000] {processor.py:161} INFO - Started process (PID=12343) to work on /usr/local/python/3.10.13/lib/python3.10/site-packages/airflow/example_dags/tutorial_taskflow_api.py
[2024-07-02T19:25:14.387+0000] {processor.py:830} INFO - Processing file /usr/local/python/3.10.13/lib/python3.10/site-packages/airflow/example_dags/tutorial_taskflow_api.py for tasks to queue
[2024-07-02T19:25:14.388+0000] {logging_mixin.py:188} INFO - [2024-07-02T19:25:14.387+0000] {dagbag.py:545} INFO - Filling up the DagBag from /usr/local/python/3.10.13/lib/python3.10/site-packages/airflow/example_dags/tutorial_taskflow_api.py
[2024-07-02T19:25:14.393+0000] {processor.py:840} INFO - DAG(s) 'tutorial_taskflow_api' retrieved from /usr/local/python/3.10.13/lib/python3.10/site-packages/airflow/example_dags/tutorial_taskflow_api.py
[2024-07-02T19:25:14.405+0000] {logging_mixin.py:188} INFO - [2024-07-02T19:25:14.404+0000] {dag.py:3096} INFO - Sync 1 DAGs
[2024-07-02T19:25:14.414+0000] {logging_mixin.py:188} INFO - [2024-07-02T19:25:14.414+0000] {dag.py:3954} INFO - Setting next_dagrun for tutorial_taskflow_api to None, run_after=None
[2024-07-02T19:25:14.454+0000] {processor.py:183} INFO - Processing /usr/local/python/3.10.13/lib/python3.10/site-packages/airflow/example_dags/tutorial_taskflow_api.py took 0.075 seconds
[2024-07-02T19:25:57.186+0000] {processor.py:161} INFO - Started process (PID=12684) to work on /usr/local/python/3.10.13/lib/python3.10/site-packages/airflow/example_dags/tutorial_taskflow_api.py
[2024-07-02T19:25:57.186+0000] {processor.py:830} INFO - Processing file /usr/local/python/3.10.13/lib/python3.10/site-packages/airflow/example_dags/tutorial_taskflow_api.py for tasks to queue
[2024-07-02T19:25:57.187+0000] {logging_mixin.py:188} INFO - [2024-07-02T19:25:57.187+0000] {dagbag.py:545} INFO - Filling up the DagBag from /usr/local/python/3.10.13/lib/python3.10/site-packages/airflow/example_dags/tutorial_taskflow_api.py
[2024-07-02T19:25:57.192+0000] {processor.py:840} INFO - DAG(s) 'tutorial_taskflow_api' retrieved from /usr/local/python/3.10.13/lib/python3.10/site-packages/airflow/example_dags/tutorial_taskflow_api.py
[2024-07-02T19:25:57.203+0000] {logging_mixin.py:188} INFO - [2024-07-02T19:25:57.203+0000] {dag.py:3096} INFO - Sync 1 DAGs
[2024-07-02T19:25:57.212+0000] {logging_mixin.py:188} INFO - [2024-07-02T19:25:57.211+0000] {dag.py:3954} INFO - Setting next_dagrun for tutorial_taskflow_api to None, run_after=None
[2024-07-02T19:25:57.260+0000] {processor.py:183} INFO - Processing /usr/local/python/3.10.13/lib/python3.10/site-packages/airflow/example_dags/tutorial_taskflow_api.py took 0.079 seconds
[2024-07-02T19:26:41.263+0000] {processor.py:161} INFO - Started process (PID=13005) to work on /usr/local/python/3.10.13/lib/python3.10/site-packages/airflow/example_dags/tutorial_taskflow_api.py
[2024-07-02T19:26:41.264+0000] {processor.py:830} INFO - Processing file /usr/local/python/3.10.13/lib/python3.10/site-packages/airflow/example_dags/tutorial_taskflow_api.py for tasks to queue
[2024-07-02T19:26:41.265+0000] {logging_mixin.py:188} INFO - [2024-07-02T19:26:41.264+0000] {dagbag.py:545} INFO - Filling up the DagBag from /usr/local/python/3.10.13/lib/python3.10/site-packages/airflow/example_dags/tutorial_taskflow_api.py
[2024-07-02T19:26:41.269+0000] {processor.py:840} INFO - DAG(s) 'tutorial_taskflow_api' retrieved from /usr/local/python/3.10.13/lib/python3.10/site-packages/airflow/example_dags/tutorial_taskflow_api.py
[2024-07-02T19:26:41.280+0000] {logging_mixin.py:188} INFO - [2024-07-02T19:26:41.280+0000] {dag.py:3096} INFO - Sync 1 DAGs
[2024-07-02T19:26:41.289+0000] {logging_mixin.py:188} INFO - [2024-07-02T19:26:41.289+0000] {dag.py:3954} INFO - Setting next_dagrun for tutorial_taskflow_api to None, run_after=None
[2024-07-02T19:26:41.330+0000] {processor.py:183} INFO - Processing /usr/local/python/3.10.13/lib/python3.10/site-packages/airflow/example_dags/tutorial_taskflow_api.py took 0.071 seconds
[2024-07-02T19:27:26.063+0000] {processor.py:161} INFO - Started process (PID=13395) to work on /usr/local/python/3.10.13/lib/python3.10/site-packages/airflow/example_dags/tutorial_taskflow_api.py
[2024-07-02T19:27:26.064+0000] {processor.py:830} INFO - Processing file /usr/local/python/3.10.13/lib/python3.10/site-packages/airflow/example_dags/tutorial_taskflow_api.py for tasks to queue
[2024-07-02T19:27:26.064+0000] {logging_mixin.py:188} INFO - [2024-07-02T19:27:26.064+0000] {dagbag.py:545} INFO - Filling up the DagBag from /usr/local/python/3.10.13/lib/python3.10/site-packages/airflow/example_dags/tutorial_taskflow_api.py
[2024-07-02T19:27:26.069+0000] {processor.py:840} INFO - DAG(s) 'tutorial_taskflow_api' retrieved from /usr/local/python/3.10.13/lib/python3.10/site-packages/airflow/example_dags/tutorial_taskflow_api.py
[2024-07-02T19:27:26.080+0000] {logging_mixin.py:188} INFO - [2024-07-02T19:27:26.080+0000] {dag.py:3096} INFO - Sync 1 DAGs
[2024-07-02T19:27:26.089+0000] {logging_mixin.py:188} INFO - [2024-07-02T19:27:26.089+0000] {dag.py:3954} INFO - Setting next_dagrun for tutorial_taskflow_api to None, run_after=None
[2024-07-02T19:27:26.131+0000] {processor.py:183} INFO - Processing /usr/local/python/3.10.13/lib/python3.10/site-packages/airflow/example_dags/tutorial_taskflow_api.py took 0.073 seconds
[2024-07-02T19:28:06.430+0000] {processor.py:161} INFO - Started process (PID=13771) to work on /usr/local/python/3.10.13/lib/python3.10/site-packages/airflow/example_dags/tutorial_taskflow_api.py
[2024-07-02T19:28:06.431+0000] {processor.py:830} INFO - Processing file /usr/local/python/3.10.13/lib/python3.10/site-packages/airflow/example_dags/tutorial_taskflow_api.py for tasks to queue
[2024-07-02T19:28:06.431+0000] {logging_mixin.py:188} INFO - [2024-07-02T19:28:06.431+0000] {dagbag.py:545} INFO - Filling up the DagBag from /usr/local/python/3.10.13/lib/python3.10/site-packages/airflow/example_dags/tutorial_taskflow_api.py
[2024-07-02T19:28:06.436+0000] {processor.py:840} INFO - DAG(s) 'tutorial_taskflow_api' retrieved from /usr/local/python/3.10.13/lib/python3.10/site-packages/airflow/example_dags/tutorial_taskflow_api.py
[2024-07-02T19:28:06.447+0000] {logging_mixin.py:188} INFO - [2024-07-02T19:28:06.447+0000] {dag.py:3096} INFO - Sync 1 DAGs
[2024-07-02T19:28:06.456+0000] {logging_mixin.py:188} INFO - [2024-07-02T19:28:06.456+0000] {dag.py:3954} INFO - Setting next_dagrun for tutorial_taskflow_api to None, run_after=None
[2024-07-02T19:28:06.495+0000] {processor.py:183} INFO - Processing /usr/local/python/3.10.13/lib/python3.10/site-packages/airflow/example_dags/tutorial_taskflow_api.py took 0.069 seconds
[2024-07-02T19:28:49.508+0000] {processor.py:161} INFO - Started process (PID=14159) to work on /usr/local/python/3.10.13/lib/python3.10/site-packages/airflow/example_dags/tutorial_taskflow_api.py
[2024-07-02T19:28:49.508+0000] {processor.py:830} INFO - Processing file /usr/local/python/3.10.13/lib/python3.10/site-packages/airflow/example_dags/tutorial_taskflow_api.py for tasks to queue
[2024-07-02T19:28:49.509+0000] {logging_mixin.py:188} INFO - [2024-07-02T19:28:49.509+0000] {dagbag.py:545} INFO - Filling up the DagBag from /usr/local/python/3.10.13/lib/python3.10/site-packages/airflow/example_dags/tutorial_taskflow_api.py
[2024-07-02T19:28:49.514+0000] {processor.py:840} INFO - DAG(s) 'tutorial_taskflow_api' retrieved from /usr/local/python/3.10.13/lib/python3.10/site-packages/airflow/example_dags/tutorial_taskflow_api.py
[2024-07-02T19:28:49.525+0000] {logging_mixin.py:188} INFO - [2024-07-02T19:28:49.525+0000] {dag.py:3096} INFO - Sync 1 DAGs
[2024-07-02T19:28:49.533+0000] {logging_mixin.py:188} INFO - [2024-07-02T19:28:49.533+0000] {dag.py:3954} INFO - Setting next_dagrun for tutorial_taskflow_api to None, run_after=None
[2024-07-02T19:28:49.580+0000] {processor.py:183} INFO - Processing /usr/local/python/3.10.13/lib/python3.10/site-packages/airflow/example_dags/tutorial_taskflow_api.py took 0.077 seconds
[2024-07-02T19:29:36.277+0000] {processor.py:161} INFO - Started process (PID=14511) to work on /usr/local/python/3.10.13/lib/python3.10/site-packages/airflow/example_dags/tutorial_taskflow_api.py
[2024-07-02T19:29:36.277+0000] {processor.py:830} INFO - Processing file /usr/local/python/3.10.13/lib/python3.10/site-packages/airflow/example_dags/tutorial_taskflow_api.py for tasks to queue
[2024-07-02T19:29:36.278+0000] {logging_mixin.py:188} INFO - [2024-07-02T19:29:36.278+0000] {dagbag.py:545} INFO - Filling up the DagBag from /usr/local/python/3.10.13/lib/python3.10/site-packages/airflow/example_dags/tutorial_taskflow_api.py
[2024-07-02T19:29:36.283+0000] {processor.py:840} INFO - DAG(s) 'tutorial_taskflow_api' retrieved from /usr/local/python/3.10.13/lib/python3.10/site-packages/airflow/example_dags/tutorial_taskflow_api.py
[2024-07-02T19:29:36.295+0000] {logging_mixin.py:188} INFO - [2024-07-02T19:29:36.295+0000] {dag.py:3096} INFO - Sync 1 DAGs
[2024-07-02T19:29:36.303+0000] {logging_mixin.py:188} INFO - [2024-07-02T19:29:36.303+0000] {dag.py:3954} INFO - Setting next_dagrun for tutorial_taskflow_api to None, run_after=None
[2024-07-02T19:29:36.347+0000] {processor.py:183} INFO - Processing /usr/local/python/3.10.13/lib/python3.10/site-packages/airflow/example_dags/tutorial_taskflow_api.py took 0.075 seconds
[2024-07-02T19:30:22.679+0000] {processor.py:161} INFO - Started process (PID=14917) to work on /usr/local/python/3.10.13/lib/python3.10/site-packages/airflow/example_dags/tutorial_taskflow_api.py
[2024-07-02T19:30:22.680+0000] {processor.py:830} INFO - Processing file /usr/local/python/3.10.13/lib/python3.10/site-packages/airflow/example_dags/tutorial_taskflow_api.py for tasks to queue
[2024-07-02T19:30:22.680+0000] {logging_mixin.py:188} INFO - [2024-07-02T19:30:22.680+0000] {dagbag.py:545} INFO - Filling up the DagBag from /usr/local/python/3.10.13/lib/python3.10/site-packages/airflow/example_dags/tutorial_taskflow_api.py
[2024-07-02T19:30:22.685+0000] {processor.py:840} INFO - DAG(s) 'tutorial_taskflow_api' retrieved from /usr/local/python/3.10.13/lib/python3.10/site-packages/airflow/example_dags/tutorial_taskflow_api.py
[2024-07-02T19:30:22.696+0000] {logging_mixin.py:188} INFO - [2024-07-02T19:30:22.696+0000] {dag.py:3096} INFO - Sync 1 DAGs
[2024-07-02T19:30:22.705+0000] {logging_mixin.py:188} INFO - [2024-07-02T19:30:22.705+0000] {dag.py:3954} INFO - Setting next_dagrun for tutorial_taskflow_api to None, run_after=None
[2024-07-02T19:30:22.744+0000] {processor.py:183} INFO - Processing /usr/local/python/3.10.13/lib/python3.10/site-packages/airflow/example_dags/tutorial_taskflow_api.py took 0.069 seconds
[2024-07-02T19:31:09.130+0000] {processor.py:161} INFO - Started process (PID=15259) to work on /usr/local/python/3.10.13/lib/python3.10/site-packages/airflow/example_dags/tutorial_taskflow_api.py
[2024-07-02T19:31:09.130+0000] {processor.py:830} INFO - Processing file /usr/local/python/3.10.13/lib/python3.10/site-packages/airflow/example_dags/tutorial_taskflow_api.py for tasks to queue
[2024-07-02T19:31:09.131+0000] {logging_mixin.py:188} INFO - [2024-07-02T19:31:09.131+0000] {dagbag.py:545} INFO - Filling up the DagBag from /usr/local/python/3.10.13/lib/python3.10/site-packages/airflow/example_dags/tutorial_taskflow_api.py
[2024-07-02T19:31:09.136+0000] {processor.py:840} INFO - DAG(s) 'tutorial_taskflow_api' retrieved from /usr/local/python/3.10.13/lib/python3.10/site-packages/airflow/example_dags/tutorial_taskflow_api.py
[2024-07-02T19:31:09.147+0000] {logging_mixin.py:188} INFO - [2024-07-02T19:31:09.147+0000] {dag.py:3096} INFO - Sync 1 DAGs
[2024-07-02T19:31:09.155+0000] {logging_mixin.py:188} INFO - [2024-07-02T19:31:09.155+0000] {dag.py:3954} INFO - Setting next_dagrun for tutorial_taskflow_api to None, run_after=None
[2024-07-02T19:31:09.196+0000] {processor.py:183} INFO - Processing /usr/local/python/3.10.13/lib/python3.10/site-packages/airflow/example_dags/tutorial_taskflow_api.py took 0.071 seconds
[2024-07-02T19:31:58.837+0000] {processor.py:161} INFO - Started process (PID=15630) to work on /usr/local/python/3.10.13/lib/python3.10/site-packages/airflow/example_dags/tutorial_taskflow_api.py
[2024-07-02T19:31:58.838+0000] {processor.py:830} INFO - Processing file /usr/local/python/3.10.13/lib/python3.10/site-packages/airflow/example_dags/tutorial_taskflow_api.py for tasks to queue
[2024-07-02T19:31:58.838+0000] {logging_mixin.py:188} INFO - [2024-07-02T19:31:58.838+0000] {dagbag.py:545} INFO - Filling up the DagBag from /usr/local/python/3.10.13/lib/python3.10/site-packages/airflow/example_dags/tutorial_taskflow_api.py
[2024-07-02T19:31:58.843+0000] {processor.py:840} INFO - DAG(s) 'tutorial_taskflow_api' retrieved from /usr/local/python/3.10.13/lib/python3.10/site-packages/airflow/example_dags/tutorial_taskflow_api.py
[2024-07-02T19:31:58.854+0000] {logging_mixin.py:188} INFO - [2024-07-02T19:31:58.854+0000] {dag.py:3096} INFO - Sync 1 DAGs
[2024-07-02T19:31:58.863+0000] {logging_mixin.py:188} INFO - [2024-07-02T19:31:58.862+0000] {dag.py:3954} INFO - Setting next_dagrun for tutorial_taskflow_api to None, run_after=None
[2024-07-02T19:31:58.904+0000] {processor.py:183} INFO - Processing /usr/local/python/3.10.13/lib/python3.10/site-packages/airflow/example_dags/tutorial_taskflow_api.py took 0.071 seconds
[2024-07-02T19:32:41.637+0000] {processor.py:161} INFO - Started process (PID=15953) to work on /usr/local/python/3.10.13/lib/python3.10/site-packages/airflow/example_dags/tutorial_taskflow_api.py
[2024-07-02T19:32:41.637+0000] {processor.py:830} INFO - Processing file /usr/local/python/3.10.13/lib/python3.10/site-packages/airflow/example_dags/tutorial_taskflow_api.py for tasks to queue
[2024-07-02T19:32:41.638+0000] {logging_mixin.py:188} INFO - [2024-07-02T19:32:41.638+0000] {dagbag.py:545} INFO - Filling up the DagBag from /usr/local/python/3.10.13/lib/python3.10/site-packages/airflow/example_dags/tutorial_taskflow_api.py
[2024-07-02T19:32:41.643+0000] {processor.py:840} INFO - DAG(s) 'tutorial_taskflow_api' retrieved from /usr/local/python/3.10.13/lib/python3.10/site-packages/airflow/example_dags/tutorial_taskflow_api.py
[2024-07-02T19:32:41.654+0000] {logging_mixin.py:188} INFO - [2024-07-02T19:32:41.654+0000] {dag.py:3096} INFO - Sync 1 DAGs
[2024-07-02T19:32:41.663+0000] {logging_mixin.py:188} INFO - [2024-07-02T19:32:41.663+0000] {dag.py:3954} INFO - Setting next_dagrun for tutorial_taskflow_api to None, run_after=None
[2024-07-02T19:32:41.702+0000] {processor.py:183} INFO - Processing /usr/local/python/3.10.13/lib/python3.10/site-packages/airflow/example_dags/tutorial_taskflow_api.py took 0.070 seconds
[2024-07-02T19:33:24.620+0000] {processor.py:161} INFO - Started process (PID=16365) to work on /usr/local/python/3.10.13/lib/python3.10/site-packages/airflow/example_dags/tutorial_taskflow_api.py
[2024-07-02T19:33:24.621+0000] {processor.py:830} INFO - Processing file /usr/local/python/3.10.13/lib/python3.10/site-packages/airflow/example_dags/tutorial_taskflow_api.py for tasks to queue
[2024-07-02T19:33:24.621+0000] {logging_mixin.py:188} INFO - [2024-07-02T19:33:24.621+0000] {dagbag.py:545} INFO - Filling up the DagBag from /usr/local/python/3.10.13/lib/python3.10/site-packages/airflow/example_dags/tutorial_taskflow_api.py
[2024-07-02T19:33:24.626+0000] {processor.py:840} INFO - DAG(s) 'tutorial_taskflow_api' retrieved from /usr/local/python/3.10.13/lib/python3.10/site-packages/airflow/example_dags/tutorial_taskflow_api.py
[2024-07-02T19:33:24.638+0000] {logging_mixin.py:188} INFO - [2024-07-02T19:33:24.637+0000] {dag.py:3096} INFO - Sync 1 DAGs
[2024-07-02T19:33:24.646+0000] {logging_mixin.py:188} INFO - [2024-07-02T19:33:24.646+0000] {dag.py:3954} INFO - Setting next_dagrun for tutorial_taskflow_api to None, run_after=None
[2024-07-02T19:33:24.687+0000] {processor.py:183} INFO - Processing /usr/local/python/3.10.13/lib/python3.10/site-packages/airflow/example_dags/tutorial_taskflow_api.py took 0.072 seconds
[2024-07-02T19:34:09.715+0000] {processor.py:161} INFO - Started process (PID=16695) to work on /usr/local/python/3.10.13/lib/python3.10/site-packages/airflow/example_dags/tutorial_taskflow_api.py
[2024-07-02T19:34:09.716+0000] {processor.py:830} INFO - Processing file /usr/local/python/3.10.13/lib/python3.10/site-packages/airflow/example_dags/tutorial_taskflow_api.py for tasks to queue
[2024-07-02T19:34:09.717+0000] {logging_mixin.py:188} INFO - [2024-07-02T19:34:09.716+0000] {dagbag.py:545} INFO - Filling up the DagBag from /usr/local/python/3.10.13/lib/python3.10/site-packages/airflow/example_dags/tutorial_taskflow_api.py
[2024-07-02T19:34:09.722+0000] {processor.py:840} INFO - DAG(s) 'tutorial_taskflow_api' retrieved from /usr/local/python/3.10.13/lib/python3.10/site-packages/airflow/example_dags/tutorial_taskflow_api.py
[2024-07-02T19:34:09.733+0000] {logging_mixin.py:188} INFO - [2024-07-02T19:34:09.733+0000] {dag.py:3096} INFO - Sync 1 DAGs
[2024-07-02T19:34:09.743+0000] {logging_mixin.py:188} INFO - [2024-07-02T19:34:09.743+0000] {dag.py:3954} INFO - Setting next_dagrun for tutorial_taskflow_api to None, run_after=None
[2024-07-02T19:34:09.785+0000] {processor.py:183} INFO - Processing /usr/local/python/3.10.13/lib/python3.10/site-packages/airflow/example_dags/tutorial_taskflow_api.py took 0.075 seconds
[2024-07-02T19:34:55.185+0000] {processor.py:161} INFO - Started process (PID=17075) to work on /usr/local/python/3.10.13/lib/python3.10/site-packages/airflow/example_dags/tutorial_taskflow_api.py
[2024-07-02T19:34:55.185+0000] {processor.py:830} INFO - Processing file /usr/local/python/3.10.13/lib/python3.10/site-packages/airflow/example_dags/tutorial_taskflow_api.py for tasks to queue
[2024-07-02T19:34:55.186+0000] {logging_mixin.py:188} INFO - [2024-07-02T19:34:55.186+0000] {dagbag.py:545} INFO - Filling up the DagBag from /usr/local/python/3.10.13/lib/python3.10/site-packages/airflow/example_dags/tutorial_taskflow_api.py
[2024-07-02T19:34:55.193+0000] {processor.py:840} INFO - DAG(s) 'tutorial_taskflow_api' retrieved from /usr/local/python/3.10.13/lib/python3.10/site-packages/airflow/example_dags/tutorial_taskflow_api.py
[2024-07-02T19:34:55.212+0000] {logging_mixin.py:188} INFO - [2024-07-02T19:34:55.211+0000] {dag.py:3096} INFO - Sync 1 DAGs
[2024-07-02T19:34:55.226+0000] {logging_mixin.py:188} INFO - [2024-07-02T19:34:55.226+0000] {dag.py:3954} INFO - Setting next_dagrun for tutorial_taskflow_api to None, run_after=None
[2024-07-02T19:34:55.271+0000] {processor.py:183} INFO - Processing /usr/local/python/3.10.13/lib/python3.10/site-packages/airflow/example_dags/tutorial_taskflow_api.py took 0.093 seconds
[2024-07-02T19:35:42.878+0000] {processor.py:161} INFO - Started process (PID=17481) to work on /usr/local/python/3.10.13/lib/python3.10/site-packages/airflow/example_dags/tutorial_taskflow_api.py
[2024-07-02T19:35:42.879+0000] {processor.py:830} INFO - Processing file /usr/local/python/3.10.13/lib/python3.10/site-packages/airflow/example_dags/tutorial_taskflow_api.py for tasks to queue
[2024-07-02T19:35:42.880+0000] {logging_mixin.py:188} INFO - [2024-07-02T19:35:42.880+0000] {dagbag.py:545} INFO - Filling up the DagBag from /usr/local/python/3.10.13/lib/python3.10/site-packages/airflow/example_dags/tutorial_taskflow_api.py
[2024-07-02T19:35:42.885+0000] {processor.py:840} INFO - DAG(s) 'tutorial_taskflow_api' retrieved from /usr/local/python/3.10.13/lib/python3.10/site-packages/airflow/example_dags/tutorial_taskflow_api.py
[2024-07-02T19:35:42.896+0000] {logging_mixin.py:188} INFO - [2024-07-02T19:35:42.896+0000] {dag.py:3096} INFO - Sync 1 DAGs
[2024-07-02T19:35:42.905+0000] {logging_mixin.py:188} INFO - [2024-07-02T19:35:42.905+0000] {dag.py:3954} INFO - Setting next_dagrun for tutorial_taskflow_api to None, run_after=None
[2024-07-02T19:35:42.944+0000] {processor.py:183} INFO - Processing /usr/local/python/3.10.13/lib/python3.10/site-packages/airflow/example_dags/tutorial_taskflow_api.py took 0.071 seconds
[2024-07-02T19:36:36.551+0000] {processor.py:161} INFO - Started process (PID=17922) to work on /usr/local/python/3.10.13/lib/python3.10/site-packages/airflow/example_dags/tutorial_taskflow_api.py
[2024-07-02T19:36:36.551+0000] {processor.py:830} INFO - Processing file /usr/local/python/3.10.13/lib/python3.10/site-packages/airflow/example_dags/tutorial_taskflow_api.py for tasks to queue
[2024-07-02T19:36:36.552+0000] {logging_mixin.py:188} INFO - [2024-07-02T19:36:36.552+0000] {dagbag.py:545} INFO - Filling up the DagBag from /usr/local/python/3.10.13/lib/python3.10/site-packages/airflow/example_dags/tutorial_taskflow_api.py
[2024-07-02T19:36:36.557+0000] {processor.py:840} INFO - DAG(s) 'tutorial_taskflow_api' retrieved from /usr/local/python/3.10.13/lib/python3.10/site-packages/airflow/example_dags/tutorial_taskflow_api.py
[2024-07-02T19:36:36.568+0000] {logging_mixin.py:188} INFO - [2024-07-02T19:36:36.568+0000] {dag.py:3096} INFO - Sync 1 DAGs
[2024-07-02T19:36:36.577+0000] {logging_mixin.py:188} INFO - [2024-07-02T19:36:36.577+0000] {dag.py:3954} INFO - Setting next_dagrun for tutorial_taskflow_api to None, run_after=None
[2024-07-02T19:36:36.617+0000] {processor.py:183} INFO - Processing /usr/local/python/3.10.13/lib/python3.10/site-packages/airflow/example_dags/tutorial_taskflow_api.py took 0.071 seconds
[2024-07-02T19:37:27.964+0000] {processor.py:161} INFO - Started process (PID=18318) to work on /usr/local/python/3.10.13/lib/python3.10/site-packages/airflow/example_dags/tutorial_taskflow_api.py
[2024-07-02T19:37:27.964+0000] {processor.py:830} INFO - Processing file /usr/local/python/3.10.13/lib/python3.10/site-packages/airflow/example_dags/tutorial_taskflow_api.py for tasks to queue
[2024-07-02T19:37:27.965+0000] {logging_mixin.py:188} INFO - [2024-07-02T19:37:27.965+0000] {dagbag.py:545} INFO - Filling up the DagBag from /usr/local/python/3.10.13/lib/python3.10/site-packages/airflow/example_dags/tutorial_taskflow_api.py
[2024-07-02T19:37:27.970+0000] {processor.py:840} INFO - DAG(s) 'tutorial_taskflow_api' retrieved from /usr/local/python/3.10.13/lib/python3.10/site-packages/airflow/example_dags/tutorial_taskflow_api.py
[2024-07-02T19:37:27.981+0000] {logging_mixin.py:188} INFO - [2024-07-02T19:37:27.981+0000] {dag.py:3096} INFO - Sync 1 DAGs
[2024-07-02T19:37:27.990+0000] {logging_mixin.py:188} INFO - [2024-07-02T19:37:27.990+0000] {dag.py:3954} INFO - Setting next_dagrun for tutorial_taskflow_api to None, run_after=None
[2024-07-02T19:37:28.031+0000] {processor.py:183} INFO - Processing /usr/local/python/3.10.13/lib/python3.10/site-packages/airflow/example_dags/tutorial_taskflow_api.py took 0.072 seconds
[2024-07-02T19:38:11.794+0000] {processor.py:161} INFO - Started process (PID=18632) to work on /usr/local/python/3.10.13/lib/python3.10/site-packages/airflow/example_dags/tutorial_taskflow_api.py
[2024-07-02T19:38:11.795+0000] {processor.py:830} INFO - Processing file /usr/local/python/3.10.13/lib/python3.10/site-packages/airflow/example_dags/tutorial_taskflow_api.py for tasks to queue
[2024-07-02T19:38:11.796+0000] {logging_mixin.py:188} INFO - [2024-07-02T19:38:11.796+0000] {dagbag.py:545} INFO - Filling up the DagBag from /usr/local/python/3.10.13/lib/python3.10/site-packages/airflow/example_dags/tutorial_taskflow_api.py
[2024-07-02T19:38:11.801+0000] {processor.py:840} INFO - DAG(s) 'tutorial_taskflow_api' retrieved from /usr/local/python/3.10.13/lib/python3.10/site-packages/airflow/example_dags/tutorial_taskflow_api.py
[2024-07-02T19:38:11.812+0000] {logging_mixin.py:188} INFO - [2024-07-02T19:38:11.812+0000] {dag.py:3096} INFO - Sync 1 DAGs
[2024-07-02T19:38:11.821+0000] {logging_mixin.py:188} INFO - [2024-07-02T19:38:11.821+0000] {dag.py:3954} INFO - Setting next_dagrun for tutorial_taskflow_api to None, run_after=None
[2024-07-02T19:38:11.863+0000] {processor.py:183} INFO - Processing /usr/local/python/3.10.13/lib/python3.10/site-packages/airflow/example_dags/tutorial_taskflow_api.py took 0.074 seconds
[2024-07-02T19:38:54.215+0000] {processor.py:161} INFO - Started process (PID=18926) to work on /usr/local/python/3.10.13/lib/python3.10/site-packages/airflow/example_dags/tutorial_taskflow_api.py
[2024-07-02T19:38:54.216+0000] {processor.py:830} INFO - Processing file /usr/local/python/3.10.13/lib/python3.10/site-packages/airflow/example_dags/tutorial_taskflow_api.py for tasks to queue
[2024-07-02T19:38:54.217+0000] {logging_mixin.py:188} INFO - [2024-07-02T19:38:54.217+0000] {dagbag.py:545} INFO - Filling up the DagBag from /usr/local/python/3.10.13/lib/python3.10/site-packages/airflow/example_dags/tutorial_taskflow_api.py
[2024-07-02T19:38:54.222+0000] {processor.py:840} INFO - DAG(s) 'tutorial_taskflow_api' retrieved from /usr/local/python/3.10.13/lib/python3.10/site-packages/airflow/example_dags/tutorial_taskflow_api.py
[2024-07-02T19:38:54.233+0000] {logging_mixin.py:188} INFO - [2024-07-02T19:38:54.233+0000] {dag.py:3096} INFO - Sync 1 DAGs
[2024-07-02T19:38:54.242+0000] {logging_mixin.py:188} INFO - [2024-07-02T19:38:54.242+0000] {dag.py:3954} INFO - Setting next_dagrun for tutorial_taskflow_api to None, run_after=None
[2024-07-02T19:38:54.281+0000] {processor.py:183} INFO - Processing /usr/local/python/3.10.13/lib/python3.10/site-packages/airflow/example_dags/tutorial_taskflow_api.py took 0.070 seconds
[2024-07-02T19:39:39.236+0000] {processor.py:161} INFO - Started process (PID=19256) to work on /usr/local/python/3.10.13/lib/python3.10/site-packages/airflow/example_dags/tutorial_taskflow_api.py
[2024-07-02T19:39:39.237+0000] {processor.py:830} INFO - Processing file /usr/local/python/3.10.13/lib/python3.10/site-packages/airflow/example_dags/tutorial_taskflow_api.py for tasks to queue
[2024-07-02T19:39:39.237+0000] {logging_mixin.py:188} INFO - [2024-07-02T19:39:39.237+0000] {dagbag.py:545} INFO - Filling up the DagBag from /usr/local/python/3.10.13/lib/python3.10/site-packages/airflow/example_dags/tutorial_taskflow_api.py
[2024-07-02T19:39:39.242+0000] {processor.py:840} INFO - DAG(s) 'tutorial_taskflow_api' retrieved from /usr/local/python/3.10.13/lib/python3.10/site-packages/airflow/example_dags/tutorial_taskflow_api.py
[2024-07-02T19:39:39.254+0000] {logging_mixin.py:188} INFO - [2024-07-02T19:39:39.253+0000] {dag.py:3096} INFO - Sync 1 DAGs
[2024-07-02T19:39:39.262+0000] {logging_mixin.py:188} INFO - [2024-07-02T19:39:39.262+0000] {dag.py:3954} INFO - Setting next_dagrun for tutorial_taskflow_api to None, run_after=None
[2024-07-02T19:39:39.303+0000] {processor.py:183} INFO - Processing /usr/local/python/3.10.13/lib/python3.10/site-packages/airflow/example_dags/tutorial_taskflow_api.py took 0.071 seconds
[2024-07-02T19:40:35.193+0000] {processor.py:161} INFO - Started process (PID=19687) to work on /usr/local/python/3.10.13/lib/python3.10/site-packages/airflow/example_dags/tutorial_taskflow_api.py
[2024-07-02T19:40:35.193+0000] {processor.py:830} INFO - Processing file /usr/local/python/3.10.13/lib/python3.10/site-packages/airflow/example_dags/tutorial_taskflow_api.py for tasks to queue
[2024-07-02T19:40:35.194+0000] {logging_mixin.py:188} INFO - [2024-07-02T19:40:35.194+0000] {dagbag.py:545} INFO - Filling up the DagBag from /usr/local/python/3.10.13/lib/python3.10/site-packages/airflow/example_dags/tutorial_taskflow_api.py
[2024-07-02T19:40:35.199+0000] {processor.py:840} INFO - DAG(s) 'tutorial_taskflow_api' retrieved from /usr/local/python/3.10.13/lib/python3.10/site-packages/airflow/example_dags/tutorial_taskflow_api.py
[2024-07-02T19:40:35.210+0000] {logging_mixin.py:188} INFO - [2024-07-02T19:40:35.210+0000] {dag.py:3096} INFO - Sync 1 DAGs
[2024-07-02T19:40:35.219+0000] {logging_mixin.py:188} INFO - [2024-07-02T19:40:35.218+0000] {dag.py:3954} INFO - Setting next_dagrun for tutorial_taskflow_api to None, run_after=None
[2024-07-02T19:40:35.258+0000] {processor.py:183} INFO - Processing /usr/local/python/3.10.13/lib/python3.10/site-packages/airflow/example_dags/tutorial_taskflow_api.py took 0.070 seconds
[2024-07-02T19:41:19.242+0000] {processor.py:161} INFO - Started process (PID=20027) to work on /usr/local/python/3.10.13/lib/python3.10/site-packages/airflow/example_dags/tutorial_taskflow_api.py
[2024-07-02T19:41:19.243+0000] {processor.py:830} INFO - Processing file /usr/local/python/3.10.13/lib/python3.10/site-packages/airflow/example_dags/tutorial_taskflow_api.py for tasks to queue
[2024-07-02T19:41:19.243+0000] {logging_mixin.py:188} INFO - [2024-07-02T19:41:19.243+0000] {dagbag.py:545} INFO - Filling up the DagBag from /usr/local/python/3.10.13/lib/python3.10/site-packages/airflow/example_dags/tutorial_taskflow_api.py
[2024-07-02T19:41:19.248+0000] {processor.py:840} INFO - DAG(s) 'tutorial_taskflow_api' retrieved from /usr/local/python/3.10.13/lib/python3.10/site-packages/airflow/example_dags/tutorial_taskflow_api.py
[2024-07-02T19:41:19.260+0000] {logging_mixin.py:188} INFO - [2024-07-02T19:41:19.259+0000] {dag.py:3096} INFO - Sync 1 DAGs
[2024-07-02T19:41:19.273+0000] {logging_mixin.py:188} INFO - [2024-07-02T19:41:19.273+0000] {dag.py:3954} INFO - Setting next_dagrun for tutorial_taskflow_api to None, run_after=None
[2024-07-02T19:41:19.314+0000] {processor.py:183} INFO - Processing /usr/local/python/3.10.13/lib/python3.10/site-packages/airflow/example_dags/tutorial_taskflow_api.py took 0.076 seconds
[2024-07-02T19:42:02.153+0000] {processor.py:161} INFO - Started process (PID=20350) to work on /usr/local/python/3.10.13/lib/python3.10/site-packages/airflow/example_dags/tutorial_taskflow_api.py
[2024-07-02T19:42:02.153+0000] {processor.py:830} INFO - Processing file /usr/local/python/3.10.13/lib/python3.10/site-packages/airflow/example_dags/tutorial_taskflow_api.py for tasks to queue
[2024-07-02T19:42:02.154+0000] {logging_mixin.py:188} INFO - [2024-07-02T19:42:02.154+0000] {dagbag.py:545} INFO - Filling up the DagBag from /usr/local/python/3.10.13/lib/python3.10/site-packages/airflow/example_dags/tutorial_taskflow_api.py
[2024-07-02T19:42:02.159+0000] {processor.py:840} INFO - DAG(s) 'tutorial_taskflow_api' retrieved from /usr/local/python/3.10.13/lib/python3.10/site-packages/airflow/example_dags/tutorial_taskflow_api.py
[2024-07-02T19:42:02.171+0000] {logging_mixin.py:188} INFO - [2024-07-02T19:42:02.171+0000] {dag.py:3096} INFO - Sync 1 DAGs
[2024-07-02T19:42:02.182+0000] {logging_mixin.py:188} INFO - [2024-07-02T19:42:02.181+0000] {dag.py:3954} INFO - Setting next_dagrun for tutorial_taskflow_api to None, run_after=None
[2024-07-02T19:42:02.239+0000] {processor.py:183} INFO - Processing /usr/local/python/3.10.13/lib/python3.10/site-packages/airflow/example_dags/tutorial_taskflow_api.py took 0.091 seconds
[2024-07-02T19:42:43.389+0000] {processor.py:161} INFO - Started process (PID=20676) to work on /usr/local/python/3.10.13/lib/python3.10/site-packages/airflow/example_dags/tutorial_taskflow_api.py
[2024-07-02T19:42:43.390+0000] {processor.py:830} INFO - Processing file /usr/local/python/3.10.13/lib/python3.10/site-packages/airflow/example_dags/tutorial_taskflow_api.py for tasks to queue
[2024-07-02T19:42:43.390+0000] {logging_mixin.py:188} INFO - [2024-07-02T19:42:43.390+0000] {dagbag.py:545} INFO - Filling up the DagBag from /usr/local/python/3.10.13/lib/python3.10/site-packages/airflow/example_dags/tutorial_taskflow_api.py
[2024-07-02T19:42:43.395+0000] {processor.py:840} INFO - DAG(s) 'tutorial_taskflow_api' retrieved from /usr/local/python/3.10.13/lib/python3.10/site-packages/airflow/example_dags/tutorial_taskflow_api.py
[2024-07-02T19:42:43.406+0000] {logging_mixin.py:188} INFO - [2024-07-02T19:42:43.406+0000] {dag.py:3096} INFO - Sync 1 DAGs
[2024-07-02T19:42:43.415+0000] {logging_mixin.py:188} INFO - [2024-07-02T19:42:43.415+0000] {dag.py:3954} INFO - Setting next_dagrun for tutorial_taskflow_api to None, run_after=None
[2024-07-02T19:42:43.454+0000] {processor.py:183} INFO - Processing /usr/local/python/3.10.13/lib/python3.10/site-packages/airflow/example_dags/tutorial_taskflow_api.py took 0.070 seconds
[2024-07-02T19:43:33.575+0000] {processor.py:161} INFO - Started process (PID=21098) to work on /usr/local/python/3.10.13/lib/python3.10/site-packages/airflow/example_dags/tutorial_taskflow_api.py
[2024-07-02T19:43:33.576+0000] {processor.py:830} INFO - Processing file /usr/local/python/3.10.13/lib/python3.10/site-packages/airflow/example_dags/tutorial_taskflow_api.py for tasks to queue
[2024-07-02T19:43:33.577+0000] {logging_mixin.py:188} INFO - [2024-07-02T19:43:33.576+0000] {dagbag.py:545} INFO - Filling up the DagBag from /usr/local/python/3.10.13/lib/python3.10/site-packages/airflow/example_dags/tutorial_taskflow_api.py
[2024-07-02T19:43:33.583+0000] {processor.py:840} INFO - DAG(s) 'tutorial_taskflow_api' retrieved from /usr/local/python/3.10.13/lib/python3.10/site-packages/airflow/example_dags/tutorial_taskflow_api.py
[2024-07-02T19:43:33.598+0000] {logging_mixin.py:188} INFO - [2024-07-02T19:43:33.597+0000] {dag.py:3096} INFO - Sync 1 DAGs
[2024-07-02T19:43:33.609+0000] {logging_mixin.py:188} INFO - [2024-07-02T19:43:33.609+0000] {dag.py:3954} INFO - Setting next_dagrun for tutorial_taskflow_api to None, run_after=None
[2024-07-02T19:43:33.651+0000] {processor.py:183} INFO - Processing /usr/local/python/3.10.13/lib/python3.10/site-packages/airflow/example_dags/tutorial_taskflow_api.py took 0.082 seconds
[2024-07-02T19:44:25.828+0000] {processor.py:161} INFO - Started process (PID=21509) to work on /usr/local/python/3.10.13/lib/python3.10/site-packages/airflow/example_dags/tutorial_taskflow_api.py
[2024-07-02T19:44:25.829+0000] {processor.py:830} INFO - Processing file /usr/local/python/3.10.13/lib/python3.10/site-packages/airflow/example_dags/tutorial_taskflow_api.py for tasks to queue
[2024-07-02T19:44:25.830+0000] {logging_mixin.py:188} INFO - [2024-07-02T19:44:25.829+0000] {dagbag.py:545} INFO - Filling up the DagBag from /usr/local/python/3.10.13/lib/python3.10/site-packages/airflow/example_dags/tutorial_taskflow_api.py
[2024-07-02T19:44:25.836+0000] {processor.py:840} INFO - DAG(s) 'tutorial_taskflow_api' retrieved from /usr/local/python/3.10.13/lib/python3.10/site-packages/airflow/example_dags/tutorial_taskflow_api.py
[2024-07-02T19:44:25.853+0000] {logging_mixin.py:188} INFO - [2024-07-02T19:44:25.853+0000] {dag.py:3096} INFO - Sync 1 DAGs
[2024-07-02T19:44:25.872+0000] {logging_mixin.py:188} INFO - [2024-07-02T19:44:25.871+0000] {dag.py:3954} INFO - Setting next_dagrun for tutorial_taskflow_api to None, run_after=None
[2024-07-02T19:44:25.917+0000] {processor.py:183} INFO - Processing /usr/local/python/3.10.13/lib/python3.10/site-packages/airflow/example_dags/tutorial_taskflow_api.py took 0.097 seconds
[2024-07-02T19:45:08.594+0000] {processor.py:161} INFO - Started process (PID=21827) to work on /usr/local/python/3.10.13/lib/python3.10/site-packages/airflow/example_dags/tutorial_taskflow_api.py
[2024-07-02T19:45:08.594+0000] {processor.py:830} INFO - Processing file /usr/local/python/3.10.13/lib/python3.10/site-packages/airflow/example_dags/tutorial_taskflow_api.py for tasks to queue
[2024-07-02T19:45:08.595+0000] {logging_mixin.py:188} INFO - [2024-07-02T19:45:08.595+0000] {dagbag.py:545} INFO - Filling up the DagBag from /usr/local/python/3.10.13/lib/python3.10/site-packages/airflow/example_dags/tutorial_taskflow_api.py
[2024-07-02T19:45:08.600+0000] {processor.py:840} INFO - DAG(s) 'tutorial_taskflow_api' retrieved from /usr/local/python/3.10.13/lib/python3.10/site-packages/airflow/example_dags/tutorial_taskflow_api.py
[2024-07-02T19:45:08.611+0000] {logging_mixin.py:188} INFO - [2024-07-02T19:45:08.611+0000] {dag.py:3096} INFO - Sync 1 DAGs
[2024-07-02T19:45:08.620+0000] {logging_mixin.py:188} INFO - [2024-07-02T19:45:08.620+0000] {dag.py:3954} INFO - Setting next_dagrun for tutorial_taskflow_api to None, run_after=None
[2024-07-02T19:45:08.664+0000] {processor.py:183} INFO - Processing /usr/local/python/3.10.13/lib/python3.10/site-packages/airflow/example_dags/tutorial_taskflow_api.py took 0.074 seconds
[2024-07-02T19:45:49.863+0000] {processor.py:161} INFO - Started process (PID=22124) to work on /usr/local/python/3.10.13/lib/python3.10/site-packages/airflow/example_dags/tutorial_taskflow_api.py
[2024-07-02T19:45:49.863+0000] {processor.py:830} INFO - Processing file /usr/local/python/3.10.13/lib/python3.10/site-packages/airflow/example_dags/tutorial_taskflow_api.py for tasks to queue
[2024-07-02T19:45:49.864+0000] {logging_mixin.py:188} INFO - [2024-07-02T19:45:49.864+0000] {dagbag.py:545} INFO - Filling up the DagBag from /usr/local/python/3.10.13/lib/python3.10/site-packages/airflow/example_dags/tutorial_taskflow_api.py
[2024-07-02T19:45:49.869+0000] {processor.py:840} INFO - DAG(s) 'tutorial_taskflow_api' retrieved from /usr/local/python/3.10.13/lib/python3.10/site-packages/airflow/example_dags/tutorial_taskflow_api.py
[2024-07-02T19:45:49.880+0000] {logging_mixin.py:188} INFO - [2024-07-02T19:45:49.880+0000] {dag.py:3096} INFO - Sync 1 DAGs
[2024-07-02T19:45:49.889+0000] {logging_mixin.py:188} INFO - [2024-07-02T19:45:49.889+0000] {dag.py:3954} INFO - Setting next_dagrun for tutorial_taskflow_api to None, run_after=None
[2024-07-02T19:45:49.930+0000] {processor.py:183} INFO - Processing /usr/local/python/3.10.13/lib/python3.10/site-packages/airflow/example_dags/tutorial_taskflow_api.py took 0.072 seconds
[2024-07-02T19:46:32.234+0000] {processor.py:161} INFO - Started process (PID=22421) to work on /usr/local/python/3.10.13/lib/python3.10/site-packages/airflow/example_dags/tutorial_taskflow_api.py
[2024-07-02T19:46:32.235+0000] {processor.py:830} INFO - Processing file /usr/local/python/3.10.13/lib/python3.10/site-packages/airflow/example_dags/tutorial_taskflow_api.py for tasks to queue
[2024-07-02T19:46:32.236+0000] {logging_mixin.py:188} INFO - [2024-07-02T19:46:32.236+0000] {dagbag.py:545} INFO - Filling up the DagBag from /usr/local/python/3.10.13/lib/python3.10/site-packages/airflow/example_dags/tutorial_taskflow_api.py
[2024-07-02T19:46:32.243+0000] {processor.py:840} INFO - DAG(s) 'tutorial_taskflow_api' retrieved from /usr/local/python/3.10.13/lib/python3.10/site-packages/airflow/example_dags/tutorial_taskflow_api.py
[2024-07-02T19:46:32.261+0000] {logging_mixin.py:188} INFO - [2024-07-02T19:46:32.261+0000] {dag.py:3096} INFO - Sync 1 DAGs
[2024-07-02T19:46:32.275+0000] {logging_mixin.py:188} INFO - [2024-07-02T19:46:32.274+0000] {dag.py:3954} INFO - Setting next_dagrun for tutorial_taskflow_api to None, run_after=None
[2024-07-02T19:46:32.324+0000] {processor.py:183} INFO - Processing /usr/local/python/3.10.13/lib/python3.10/site-packages/airflow/example_dags/tutorial_taskflow_api.py took 0.096 seconds
[2024-07-02T19:47:20.166+0000] {processor.py:161} INFO - Started process (PID=22746) to work on /usr/local/python/3.10.13/lib/python3.10/site-packages/airflow/example_dags/tutorial_taskflow_api.py
[2024-07-02T19:47:20.167+0000] {processor.py:830} INFO - Processing file /usr/local/python/3.10.13/lib/python3.10/site-packages/airflow/example_dags/tutorial_taskflow_api.py for tasks to queue
[2024-07-02T19:47:20.168+0000] {logging_mixin.py:188} INFO - [2024-07-02T19:47:20.167+0000] {dagbag.py:545} INFO - Filling up the DagBag from /usr/local/python/3.10.13/lib/python3.10/site-packages/airflow/example_dags/tutorial_taskflow_api.py
[2024-07-02T19:47:20.172+0000] {processor.py:840} INFO - DAG(s) 'tutorial_taskflow_api' retrieved from /usr/local/python/3.10.13/lib/python3.10/site-packages/airflow/example_dags/tutorial_taskflow_api.py
[2024-07-02T19:47:20.183+0000] {logging_mixin.py:188} INFO - [2024-07-02T19:47:20.183+0000] {dag.py:3096} INFO - Sync 1 DAGs
[2024-07-02T19:47:20.192+0000] {logging_mixin.py:188} INFO - [2024-07-02T19:47:20.192+0000] {dag.py:3954} INFO - Setting next_dagrun for tutorial_taskflow_api to None, run_after=None
[2024-07-02T19:47:20.231+0000] {processor.py:183} INFO - Processing /usr/local/python/3.10.13/lib/python3.10/site-packages/airflow/example_dags/tutorial_taskflow_api.py took 0.069 seconds
[2024-07-02T19:48:03.667+0000] {processor.py:161} INFO - Started process (PID=23043) to work on /usr/local/python/3.10.13/lib/python3.10/site-packages/airflow/example_dags/tutorial_taskflow_api.py
[2024-07-02T19:48:03.667+0000] {processor.py:830} INFO - Processing file /usr/local/python/3.10.13/lib/python3.10/site-packages/airflow/example_dags/tutorial_taskflow_api.py for tasks to queue
[2024-07-02T19:48:03.668+0000] {logging_mixin.py:188} INFO - [2024-07-02T19:48:03.668+0000] {dagbag.py:545} INFO - Filling up the DagBag from /usr/local/python/3.10.13/lib/python3.10/site-packages/airflow/example_dags/tutorial_taskflow_api.py
[2024-07-02T19:48:03.674+0000] {processor.py:840} INFO - DAG(s) 'tutorial_taskflow_api' retrieved from /usr/local/python/3.10.13/lib/python3.10/site-packages/airflow/example_dags/tutorial_taskflow_api.py
[2024-07-02T19:48:03.685+0000] {logging_mixin.py:188} INFO - [2024-07-02T19:48:03.685+0000] {dag.py:3096} INFO - Sync 1 DAGs
[2024-07-02T19:48:03.694+0000] {logging_mixin.py:188} INFO - [2024-07-02T19:48:03.694+0000] {dag.py:3954} INFO - Setting next_dagrun for tutorial_taskflow_api to None, run_after=None
[2024-07-02T19:48:03.733+0000] {processor.py:183} INFO - Processing /usr/local/python/3.10.13/lib/python3.10/site-packages/airflow/example_dags/tutorial_taskflow_api.py took 0.071 seconds
[2024-07-02T19:48:45.962+0000] {processor.py:161} INFO - Started process (PID=23352) to work on /usr/local/python/3.10.13/lib/python3.10/site-packages/airflow/example_dags/tutorial_taskflow_api.py
[2024-07-02T19:48:45.963+0000] {processor.py:830} INFO - Processing file /usr/local/python/3.10.13/lib/python3.10/site-packages/airflow/example_dags/tutorial_taskflow_api.py for tasks to queue
[2024-07-02T19:48:45.964+0000] {logging_mixin.py:188} INFO - [2024-07-02T19:48:45.964+0000] {dagbag.py:545} INFO - Filling up the DagBag from /usr/local/python/3.10.13/lib/python3.10/site-packages/airflow/example_dags/tutorial_taskflow_api.py
[2024-07-02T19:48:45.969+0000] {processor.py:840} INFO - DAG(s) 'tutorial_taskflow_api' retrieved from /usr/local/python/3.10.13/lib/python3.10/site-packages/airflow/example_dags/tutorial_taskflow_api.py
[2024-07-02T19:48:45.980+0000] {logging_mixin.py:188} INFO - [2024-07-02T19:48:45.980+0000] {dag.py:3096} INFO - Sync 1 DAGs
[2024-07-02T19:48:45.988+0000] {logging_mixin.py:188} INFO - [2024-07-02T19:48:45.988+0000] {dag.py:3954} INFO - Setting next_dagrun for tutorial_taskflow_api to None, run_after=None
[2024-07-02T19:48:46.028+0000] {processor.py:183} INFO - Processing /usr/local/python/3.10.13/lib/python3.10/site-packages/airflow/example_dags/tutorial_taskflow_api.py took 0.070 seconds
[2024-07-02T19:49:30.030+0000] {processor.py:161} INFO - Started process (PID=23698) to work on /usr/local/python/3.10.13/lib/python3.10/site-packages/airflow/example_dags/tutorial_taskflow_api.py
[2024-07-02T19:49:30.030+0000] {processor.py:830} INFO - Processing file /usr/local/python/3.10.13/lib/python3.10/site-packages/airflow/example_dags/tutorial_taskflow_api.py for tasks to queue
[2024-07-02T19:49:30.031+0000] {logging_mixin.py:188} INFO - [2024-07-02T19:49:30.031+0000] {dagbag.py:545} INFO - Filling up the DagBag from /usr/local/python/3.10.13/lib/python3.10/site-packages/airflow/example_dags/tutorial_taskflow_api.py
[2024-07-02T19:49:30.036+0000] {processor.py:840} INFO - DAG(s) 'tutorial_taskflow_api' retrieved from /usr/local/python/3.10.13/lib/python3.10/site-packages/airflow/example_dags/tutorial_taskflow_api.py
[2024-07-02T19:49:30.047+0000] {logging_mixin.py:188} INFO - [2024-07-02T19:49:30.047+0000] {dag.py:3096} INFO - Sync 1 DAGs
[2024-07-02T19:49:30.055+0000] {logging_mixin.py:188} INFO - [2024-07-02T19:49:30.055+0000] {dag.py:3954} INFO - Setting next_dagrun for tutorial_taskflow_api to None, run_after=None
[2024-07-02T19:49:30.094+0000] {processor.py:183} INFO - Processing /usr/local/python/3.10.13/lib/python3.10/site-packages/airflow/example_dags/tutorial_taskflow_api.py took 0.069 seconds
[2024-07-02T19:50:14.324+0000] {processor.py:161} INFO - Started process (PID=24040) to work on /usr/local/python/3.10.13/lib/python3.10/site-packages/airflow/example_dags/tutorial_taskflow_api.py
[2024-07-02T19:50:14.324+0000] {processor.py:830} INFO - Processing file /usr/local/python/3.10.13/lib/python3.10/site-packages/airflow/example_dags/tutorial_taskflow_api.py for tasks to queue
[2024-07-02T19:50:14.325+0000] {logging_mixin.py:188} INFO - [2024-07-02T19:50:14.325+0000] {dagbag.py:545} INFO - Filling up the DagBag from /usr/local/python/3.10.13/lib/python3.10/site-packages/airflow/example_dags/tutorial_taskflow_api.py
[2024-07-02T19:50:14.330+0000] {processor.py:840} INFO - DAG(s) 'tutorial_taskflow_api' retrieved from /usr/local/python/3.10.13/lib/python3.10/site-packages/airflow/example_dags/tutorial_taskflow_api.py
[2024-07-02T19:50:14.342+0000] {logging_mixin.py:188} INFO - [2024-07-02T19:50:14.341+0000] {dag.py:3096} INFO - Sync 1 DAGs
[2024-07-02T19:50:14.350+0000] {logging_mixin.py:188} INFO - [2024-07-02T19:50:14.350+0000] {dag.py:3954} INFO - Setting next_dagrun for tutorial_taskflow_api to None, run_after=None
[2024-07-02T19:50:14.397+0000] {processor.py:183} INFO - Processing /usr/local/python/3.10.13/lib/python3.10/site-packages/airflow/example_dags/tutorial_taskflow_api.py took 0.077 seconds
[2024-07-02T19:50:58.644+0000] {processor.py:161} INFO - Started process (PID=24366) to work on /usr/local/python/3.10.13/lib/python3.10/site-packages/airflow/example_dags/tutorial_taskflow_api.py
[2024-07-02T19:50:58.645+0000] {processor.py:830} INFO - Processing file /usr/local/python/3.10.13/lib/python3.10/site-packages/airflow/example_dags/tutorial_taskflow_api.py for tasks to queue
[2024-07-02T19:50:58.645+0000] {logging_mixin.py:188} INFO - [2024-07-02T19:50:58.645+0000] {dagbag.py:545} INFO - Filling up the DagBag from /usr/local/python/3.10.13/lib/python3.10/site-packages/airflow/example_dags/tutorial_taskflow_api.py
[2024-07-02T19:50:58.650+0000] {processor.py:840} INFO - DAG(s) 'tutorial_taskflow_api' retrieved from /usr/local/python/3.10.13/lib/python3.10/site-packages/airflow/example_dags/tutorial_taskflow_api.py
[2024-07-02T19:50:58.661+0000] {logging_mixin.py:188} INFO - [2024-07-02T19:50:58.661+0000] {dag.py:3096} INFO - Sync 1 DAGs
[2024-07-02T19:50:58.670+0000] {logging_mixin.py:188} INFO - [2024-07-02T19:50:58.670+0000] {dag.py:3954} INFO - Setting next_dagrun for tutorial_taskflow_api to None, run_after=None
[2024-07-02T19:50:58.710+0000] {processor.py:183} INFO - Processing /usr/local/python/3.10.13/lib/python3.10/site-packages/airflow/example_dags/tutorial_taskflow_api.py took 0.071 seconds
[2024-07-02T19:51:44.582+0000] {processor.py:161} INFO - Started process (PID=24718) to work on /usr/local/python/3.10.13/lib/python3.10/site-packages/airflow/example_dags/tutorial_taskflow_api.py
[2024-07-02T19:51:44.583+0000] {processor.py:830} INFO - Processing file /usr/local/python/3.10.13/lib/python3.10/site-packages/airflow/example_dags/tutorial_taskflow_api.py for tasks to queue
[2024-07-02T19:51:44.584+0000] {logging_mixin.py:188} INFO - [2024-07-02T19:51:44.583+0000] {dagbag.py:545} INFO - Filling up the DagBag from /usr/local/python/3.10.13/lib/python3.10/site-packages/airflow/example_dags/tutorial_taskflow_api.py
[2024-07-02T19:51:44.588+0000] {processor.py:840} INFO - DAG(s) 'tutorial_taskflow_api' retrieved from /usr/local/python/3.10.13/lib/python3.10/site-packages/airflow/example_dags/tutorial_taskflow_api.py
[2024-07-02T19:51:44.599+0000] {logging_mixin.py:188} INFO - [2024-07-02T19:51:44.599+0000] {dag.py:3096} INFO - Sync 1 DAGs
[2024-07-02T19:51:44.608+0000] {logging_mixin.py:188} INFO - [2024-07-02T19:51:44.608+0000] {dag.py:3954} INFO - Setting next_dagrun for tutorial_taskflow_api to None, run_after=None
[2024-07-02T19:51:44.648+0000] {processor.py:183} INFO - Processing /usr/local/python/3.10.13/lib/python3.10/site-packages/airflow/example_dags/tutorial_taskflow_api.py took 0.070 seconds
[2024-07-02T19:52:27.741+0000] {processor.py:161} INFO - Started process (PID=25044) to work on /usr/local/python/3.10.13/lib/python3.10/site-packages/airflow/example_dags/tutorial_taskflow_api.py
[2024-07-02T19:52:27.742+0000] {processor.py:830} INFO - Processing file /usr/local/python/3.10.13/lib/python3.10/site-packages/airflow/example_dags/tutorial_taskflow_api.py for tasks to queue
[2024-07-02T19:52:27.743+0000] {logging_mixin.py:188} INFO - [2024-07-02T19:52:27.742+0000] {dagbag.py:545} INFO - Filling up the DagBag from /usr/local/python/3.10.13/lib/python3.10/site-packages/airflow/example_dags/tutorial_taskflow_api.py
[2024-07-02T19:52:27.747+0000] {processor.py:840} INFO - DAG(s) 'tutorial_taskflow_api' retrieved from /usr/local/python/3.10.13/lib/python3.10/site-packages/airflow/example_dags/tutorial_taskflow_api.py
[2024-07-02T19:52:27.758+0000] {logging_mixin.py:188} INFO - [2024-07-02T19:52:27.758+0000] {dag.py:3096} INFO - Sync 1 DAGs
[2024-07-02T19:52:27.767+0000] {logging_mixin.py:188} INFO - [2024-07-02T19:52:27.767+0000] {dag.py:3954} INFO - Setting next_dagrun for tutorial_taskflow_api to None, run_after=None
[2024-07-02T19:52:27.807+0000] {processor.py:183} INFO - Processing /usr/local/python/3.10.13/lib/python3.10/site-packages/airflow/example_dags/tutorial_taskflow_api.py took 0.070 seconds
[2024-07-02T19:53:13.397+0000] {processor.py:161} INFO - Started process (PID=25398) to work on /usr/local/python/3.10.13/lib/python3.10/site-packages/airflow/example_dags/tutorial_taskflow_api.py
[2024-07-02T19:53:13.398+0000] {processor.py:830} INFO - Processing file /usr/local/python/3.10.13/lib/python3.10/site-packages/airflow/example_dags/tutorial_taskflow_api.py for tasks to queue
[2024-07-02T19:53:13.399+0000] {logging_mixin.py:188} INFO - [2024-07-02T19:53:13.398+0000] {dagbag.py:545} INFO - Filling up the DagBag from /usr/local/python/3.10.13/lib/python3.10/site-packages/airflow/example_dags/tutorial_taskflow_api.py
[2024-07-02T19:53:13.412+0000] {processor.py:840} INFO - DAG(s) 'tutorial_taskflow_api' retrieved from /usr/local/python/3.10.13/lib/python3.10/site-packages/airflow/example_dags/tutorial_taskflow_api.py
[2024-07-02T19:53:13.429+0000] {logging_mixin.py:188} INFO - [2024-07-02T19:53:13.429+0000] {dag.py:3096} INFO - Sync 1 DAGs
[2024-07-02T19:53:13.443+0000] {logging_mixin.py:188} INFO - [2024-07-02T19:53:13.442+0000] {dag.py:3954} INFO - Setting next_dagrun for tutorial_taskflow_api to None, run_after=None
[2024-07-02T19:53:13.485+0000] {processor.py:183} INFO - Processing /usr/local/python/3.10.13/lib/python3.10/site-packages/airflow/example_dags/tutorial_taskflow_api.py took 0.095 seconds
[2024-07-02T19:53:57.622+0000] {processor.py:161} INFO - Started process (PID=25725) to work on /usr/local/python/3.10.13/lib/python3.10/site-packages/airflow/example_dags/tutorial_taskflow_api.py
[2024-07-02T19:53:57.623+0000] {processor.py:830} INFO - Processing file /usr/local/python/3.10.13/lib/python3.10/site-packages/airflow/example_dags/tutorial_taskflow_api.py for tasks to queue
[2024-07-02T19:53:57.624+0000] {logging_mixin.py:188} INFO - [2024-07-02T19:53:57.623+0000] {dagbag.py:545} INFO - Filling up the DagBag from /usr/local/python/3.10.13/lib/python3.10/site-packages/airflow/example_dags/tutorial_taskflow_api.py
[2024-07-02T19:53:57.629+0000] {processor.py:840} INFO - DAG(s) 'tutorial_taskflow_api' retrieved from /usr/local/python/3.10.13/lib/python3.10/site-packages/airflow/example_dags/tutorial_taskflow_api.py
[2024-07-02T19:53:57.640+0000] {logging_mixin.py:188} INFO - [2024-07-02T19:53:57.639+0000] {dag.py:3096} INFO - Sync 1 DAGs
[2024-07-02T19:53:57.648+0000] {logging_mixin.py:188} INFO - [2024-07-02T19:53:57.648+0000] {dag.py:3954} INFO - Setting next_dagrun for tutorial_taskflow_api to None, run_after=None
[2024-07-02T19:53:57.688+0000] {processor.py:183} INFO - Processing /usr/local/python/3.10.13/lib/python3.10/site-packages/airflow/example_dags/tutorial_taskflow_api.py took 0.071 seconds
[2024-07-02T19:54:42.022+0000] {processor.py:161} INFO - Started process (PID=26057) to work on /usr/local/python/3.10.13/lib/python3.10/site-packages/airflow/example_dags/tutorial_taskflow_api.py
[2024-07-02T19:54:42.023+0000] {processor.py:830} INFO - Processing file /usr/local/python/3.10.13/lib/python3.10/site-packages/airflow/example_dags/tutorial_taskflow_api.py for tasks to queue
[2024-07-02T19:54:42.024+0000] {logging_mixin.py:188} INFO - [2024-07-02T19:54:42.024+0000] {dagbag.py:545} INFO - Filling up the DagBag from /usr/local/python/3.10.13/lib/python3.10/site-packages/airflow/example_dags/tutorial_taskflow_api.py
[2024-07-02T19:54:42.029+0000] {processor.py:840} INFO - DAG(s) 'tutorial_taskflow_api' retrieved from /usr/local/python/3.10.13/lib/python3.10/site-packages/airflow/example_dags/tutorial_taskflow_api.py
[2024-07-02T19:54:42.040+0000] {logging_mixin.py:188} INFO - [2024-07-02T19:54:42.040+0000] {dag.py:3096} INFO - Sync 1 DAGs
[2024-07-02T19:54:42.049+0000] {logging_mixin.py:188} INFO - [2024-07-02T19:54:42.049+0000] {dag.py:3954} INFO - Setting next_dagrun for tutorial_taskflow_api to None, run_after=None
[2024-07-02T19:54:42.088+0000] {processor.py:183} INFO - Processing /usr/local/python/3.10.13/lib/python3.10/site-packages/airflow/example_dags/tutorial_taskflow_api.py took 0.070 seconds
[2024-07-02T19:55:23.588+0000] {processor.py:161} INFO - Started process (PID=26374) to work on /usr/local/python/3.10.13/lib/python3.10/site-packages/airflow/example_dags/tutorial_taskflow_api.py
[2024-07-02T19:55:23.589+0000] {processor.py:830} INFO - Processing file /usr/local/python/3.10.13/lib/python3.10/site-packages/airflow/example_dags/tutorial_taskflow_api.py for tasks to queue
[2024-07-02T19:55:23.589+0000] {logging_mixin.py:188} INFO - [2024-07-02T19:55:23.589+0000] {dagbag.py:545} INFO - Filling up the DagBag from /usr/local/python/3.10.13/lib/python3.10/site-packages/airflow/example_dags/tutorial_taskflow_api.py
[2024-07-02T19:55:23.594+0000] {processor.py:840} INFO - DAG(s) 'tutorial_taskflow_api' retrieved from /usr/local/python/3.10.13/lib/python3.10/site-packages/airflow/example_dags/tutorial_taskflow_api.py
[2024-07-02T19:55:23.605+0000] {logging_mixin.py:188} INFO - [2024-07-02T19:55:23.605+0000] {dag.py:3096} INFO - Sync 1 DAGs
[2024-07-02T19:55:23.614+0000] {logging_mixin.py:188} INFO - [2024-07-02T19:55:23.614+0000] {dag.py:3954} INFO - Setting next_dagrun for tutorial_taskflow_api to None, run_after=None
[2024-07-02T19:55:23.654+0000] {processor.py:183} INFO - Processing /usr/local/python/3.10.13/lib/python3.10/site-packages/airflow/example_dags/tutorial_taskflow_api.py took 0.071 seconds
[2024-07-02T19:56:10.389+0000] {processor.py:161} INFO - Started process (PID=26806) to work on /usr/local/python/3.10.13/lib/python3.10/site-packages/airflow/example_dags/tutorial_taskflow_api.py
[2024-07-02T19:56:10.390+0000] {processor.py:830} INFO - Processing file /usr/local/python/3.10.13/lib/python3.10/site-packages/airflow/example_dags/tutorial_taskflow_api.py for tasks to queue
[2024-07-02T19:56:10.390+0000] {logging_mixin.py:188} INFO - [2024-07-02T19:56:10.390+0000] {dagbag.py:545} INFO - Filling up the DagBag from /usr/local/python/3.10.13/lib/python3.10/site-packages/airflow/example_dags/tutorial_taskflow_api.py
[2024-07-02T19:56:10.395+0000] {processor.py:840} INFO - DAG(s) 'tutorial_taskflow_api' retrieved from /usr/local/python/3.10.13/lib/python3.10/site-packages/airflow/example_dags/tutorial_taskflow_api.py
[2024-07-02T19:56:10.407+0000] {logging_mixin.py:188} INFO - [2024-07-02T19:56:10.407+0000] {dag.py:3096} INFO - Sync 1 DAGs
[2024-07-02T19:56:10.416+0000] {logging_mixin.py:188} INFO - [2024-07-02T19:56:10.416+0000] {dag.py:3954} INFO - Setting next_dagrun for tutorial_taskflow_api to None, run_after=None
[2024-07-02T19:56:10.456+0000] {processor.py:183} INFO - Processing /usr/local/python/3.10.13/lib/python3.10/site-packages/airflow/example_dags/tutorial_taskflow_api.py took 0.071 seconds
[2024-07-02T19:57:02.830+0000] {processor.py:161} INFO - Started process (PID=27259) to work on /usr/local/python/3.10.13/lib/python3.10/site-packages/airflow/example_dags/tutorial_taskflow_api.py
[2024-07-02T19:57:02.830+0000] {processor.py:830} INFO - Processing file /usr/local/python/3.10.13/lib/python3.10/site-packages/airflow/example_dags/tutorial_taskflow_api.py for tasks to queue
[2024-07-02T19:57:02.831+0000] {logging_mixin.py:188} INFO - [2024-07-02T19:57:02.831+0000] {dagbag.py:545} INFO - Filling up the DagBag from /usr/local/python/3.10.13/lib/python3.10/site-packages/airflow/example_dags/tutorial_taskflow_api.py
[2024-07-02T19:57:02.836+0000] {processor.py:840} INFO - DAG(s) 'tutorial_taskflow_api' retrieved from /usr/local/python/3.10.13/lib/python3.10/site-packages/airflow/example_dags/tutorial_taskflow_api.py
[2024-07-02T19:57:02.847+0000] {logging_mixin.py:188} INFO - [2024-07-02T19:57:02.847+0000] {dag.py:3096} INFO - Sync 1 DAGs
[2024-07-02T19:57:02.857+0000] {logging_mixin.py:188} INFO - [2024-07-02T19:57:02.857+0000] {dag.py:3954} INFO - Setting next_dagrun for tutorial_taskflow_api to None, run_after=None
[2024-07-02T19:57:02.898+0000] {processor.py:183} INFO - Processing /usr/local/python/3.10.13/lib/python3.10/site-packages/airflow/example_dags/tutorial_taskflow_api.py took 0.074 seconds
