[2024-07-02T19:56:51.479+0000] {local_task_job_runner.py:120} INFO - ::group::Pre task execution logs
[2024-07-02T19:56:51.518+0000] {taskinstance.py:2076} INFO - Dependencies all met for dep_context=non-requeueable deps ti=<TaskInstance: ETL_dag.Extract_task manual__2024-07-02T19:56:48.745964+00:00 [queued]>
[2024-07-02T19:56:51.523+0000] {taskinstance.py:2076} INFO - Dependencies all met for dep_context=requeueable deps ti=<TaskInstance: ETL_dag.Extract_task manual__2024-07-02T19:56:48.745964+00:00 [queued]>
[2024-07-02T19:56:51.524+0000] {taskinstance.py:2306} INFO - Starting attempt 1 of 1
[2024-07-02T19:56:51.567+0000] {taskinstance.py:2330} INFO - Executing <Task(BashOperator): Extract_task> on 2024-07-02 19:56:48.745964+00:00
[2024-07-02T19:56:51.571+0000] {standard_task_runner.py:63} INFO - Started process 27177 to run task
[2024-07-02T19:56:51.574+0000] {standard_task_runner.py:90} INFO - Running: ['airflow', 'tasks', 'run', 'ETL_dag', 'Extract_task', 'manual__2024-07-02T19:56:48.745964+00:00', '--job-id', '12', '--raw', '--subdir', 'DAGS_FOLDER/ETL_dag.py', '--cfg-path', '/tmp/tmp3id8vb9g']
[2024-07-02T19:56:51.574+0000] {standard_task_runner.py:91} INFO - Job 12: Subtask Extract_task
[2024-07-02T19:56:51.626+0000] {task_command.py:426} INFO - Running <TaskInstance: ETL_dag.Extract_task manual__2024-07-02T19:56:48.745964+00:00 [running]> on host codespaces-3512fc
[2024-07-02T19:56:51.719+0000] {taskinstance.py:2648} INFO - Exporting env vars: AIRFLOW_CTX_DAG_OWNER='Sabuja' AIRFLOW_CTX_DAG_ID='ETL_dag' AIRFLOW_CTX_TASK_ID='Extract_task' AIRFLOW_CTX_EXECUTION_DATE='2024-07-02T19:56:48.745964+00:00' AIRFLOW_CTX_TRY_NUMBER='1' AIRFLOW_CTX_DAG_RUN_ID='manual__2024-07-02T19:56:48.745964+00:00'
[2024-07-02T19:56:51.720+0000] {taskinstance.py:430} INFO - ::endgroup::
[2024-07-02T19:56:51.721+0000] {subprocess.py:63} INFO - Tmp dir root location: /tmp
[2024-07-02T19:56:51.721+0000] {subprocess.py:75} INFO - Running command: ['/usr/bin/bash', '-c', 'wget -c https://raw.githubusercontent.com/LinkedInLearning/hands-on-introduction-data-engineering-4395021/main/data/top-level-domain-names.csv -O /workspaces/Basic-ETL-aiflow/airflow/lab/extract-data.csv']
[2024-07-02T19:56:51.730+0000] {subprocess.py:86} INFO - Output:
[2024-07-02T19:56:51.734+0000] {subprocess.py:93} INFO - --2024-07-02 19:56:51--  https://raw.githubusercontent.com/LinkedInLearning/hands-on-introduction-data-engineering-4395021/main/data/top-level-domain-names.csv
[2024-07-02T19:56:51.737+0000] {subprocess.py:93} INFO - Resolving raw.githubusercontent.com (raw.githubusercontent.com)... 185.199.109.133, 185.199.110.133, 185.199.111.133, ...
[2024-07-02T19:56:51.788+0000] {subprocess.py:93} INFO - Connecting to raw.githubusercontent.com (raw.githubusercontent.com)|185.199.109.133|:443... connected.
[2024-07-02T19:56:52.244+0000] {subprocess.py:93} INFO - HTTP request sent, awaiting response... 200 OK
[2024-07-02T19:56:52.245+0000] {subprocess.py:93} INFO - Length: 42789 (42K) [text/plain]
[2024-07-02T19:56:52.245+0000] {subprocess.py:93} INFO - Saving to: ‘/workspaces/Basic-ETL-aiflow/airflow/lab/extract-data.csv’
[2024-07-02T19:56:52.245+0000] {subprocess.py:93} INFO - 
[2024-07-02T19:56:52.296+0000] {subprocess.py:93} INFO -      0K .......... .......... .......... .......... .         100%  811K=0.05s
[2024-07-02T19:56:52.296+0000] {subprocess.py:93} INFO - 
[2024-07-02T19:56:52.296+0000] {subprocess.py:93} INFO - 2024-07-02 19:56:52 (811 KB/s) - ‘/workspaces/Basic-ETL-aiflow/airflow/lab/extract-data.csv’ saved [42789/42789]
[2024-07-02T19:56:52.296+0000] {subprocess.py:93} INFO - 
[2024-07-02T19:56:52.297+0000] {subprocess.py:97} INFO - Command exited with return code 0
[2024-07-02T19:56:52.297+0000] {taskinstance.py:441} INFO - ::group::Post task execution logs
[2024-07-02T19:56:52.334+0000] {taskinstance.py:1206} INFO - Marking task as SUCCESS. dag_id=ETL_dag, task_id=Extract_task, run_id=manual__2024-07-02T19:56:48.745964+00:00, execution_date=20240702T195648, start_date=20240702T195651, end_date=20240702T195652
[2024-07-02T19:56:52.388+0000] {local_task_job_runner.py:240} INFO - Task exited with return code 0
[2024-07-02T19:56:52.405+0000] {taskinstance.py:3503} INFO - 1 downstream tasks scheduled from follow-on schedule check
[2024-07-02T19:56:52.431+0000] {local_task_job_runner.py:222} INFO - ::endgroup::
